[0.116s] Invoking command in '/home/mu/IVG/ws_moveit/build/moveit_kinematics': CMAKE_PREFIX_PATH=/home/mu/IVG/ws_moveit/install/moveit_ros_planning:/home/mu/IVG/ws_moveit/install/moveit_ros_occupancy_map_monitor:/home/mu/IVG/ws_moveit/install/moveit_core:/home/mu/IVG/ws_moveit/install/moveit_common:/home/mu/IVG/ws_moveit/install/moveit2_tutorials:/home/mu/IVG/ws_moveit/install/moveit_visual_tools:/home/mu/IVG/ws_moveit/install/rviz_visual_tools:/home/mu/IVG/ws_moveit/install/run_ompl_constrained_planning:/home/mu/IVG/ws_moveit/install/run_moveit_cpp:/home/mu/IVG/ws_moveit/install/run_move_group:/home/mu/IVG/ws_moveit/install/moveit_runtime:/home/mu/IVG/ws_moveit/install/moveit:/home/mu/IVG/ws_moveit/install/moveit_plugins:/home/mu/IVG/ws_moveit/install/moveit_simple_controller_manager:/home/mu/IVG/ws_moveit/install/moveit_servo:/home/mu/IVG/ws_moveit/install/moveit_ros:/home/mu/IVG/ws_moveit/install/moveit_ros_visualization:/home/mu/IVG/ws_moveit/install/moveit_ros_planning_interface:/home/mu/IVG/ws_moveit/install/moveit_ros_benchmarks:/home/mu/IVG/ws_moveit/install/moveit_ros_warehouse:/home/mu/IVG/ws_moveit/install/moveit_ros_robot_interaction:/home/mu/IVG/ws_moveit/install/moveit_ros_perception:/home/mu/IVG/ws_moveit/install/moveit_ros_move_group:/home/mu/IVG/ws_moveit/install/moveit_planners:/home/mu/IVG/ws_moveit/install/moveit_planners_ompl:/home/mu/IVG/ws_moveit/install/moveit_planners_chomp:/home/mu/IVG/ws_moveit/install/moveit_kinematics:/home/mu/IVG/ws_moveit/install/moveit_chomp_optimizer_adapter:/home/mu/IVG/ws_moveit/install/chomp_motion_planner:/opt/ros/foxy LD_LIBRARY_PATH=/home/mu/IVG/ws_moveit/install/moveit_ros_planning/lib:/home/mu/IVG/ws_moveit/install/moveit_ros_occupancy_map_monitor/lib:/home/mu/IVG/ws_moveit/install/moveit_core/lib:/home/mu/IVG/ws_moveit/install/moveit_visual_tools/lib:/home/mu/IVG/ws_moveit/install/rviz_visual_tools/lib:/home/mu/IVG/ws_moveit/install/moveit_simple_controller_manager/lib:/home/mu/IVG/ws_moveit/install/moveit_servo/lib:/home/mu/IVG/ws_moveit/install/moveit_ros_visualization/lib:/home/mu/IVG/ws_moveit/install/moveit_ros_planning_interface/lib:/home/mu/IVG/ws_moveit/install/moveit_ros_benchmarks/lib:/home/mu/IVG/ws_moveit/install/moveit_ros_warehouse/lib:/home/mu/IVG/ws_moveit/install/moveit_ros_robot_interaction/lib:/home/mu/IVG/ws_moveit/install/moveit_ros_perception/lib:/home/mu/IVG/ws_moveit/install/moveit_ros_move_group/lib:/home/mu/IVG/ws_moveit/install/moveit_planners_ompl/lib:/home/mu/IVG/ws_moveit/install/moveit_planners_chomp/lib:/home/mu/IVG/ws_moveit/install/moveit_kinematics/lib:/home/mu/IVG/ws_moveit/install/moveit_chomp_optimizer_adapter/lib:/home/mu/IVG/ws_moveit/install/chomp_motion_planner/lib:/opt/ros/foxy/opt/yaml_cpp_vendor/lib:/opt/ros/foxy/opt/rviz_ogre_vendor/lib:/opt/ros/foxy/lib/x86_64-linux-gnu:/opt/ros/foxy/lib PATH=/home/mu/IVG/ws_moveit/install/moveit_core/bin:/home/mu/IVG/ws_moveit/install/moveit_kinematics/bin:/opt/ros/foxy/bin:/usr/local/sbin:/usr/local/bin:/usr/sbin:/usr/bin:/sbin:/bin:/usr/games:/usr/local/games:/snap/bin /usr/bin/cmake /home/mu/IVG/ws_moveit/src/moveit2/moveit_kinematics -DCMAKE_BUILD_TYPE=Release -DCMAKE_INSTALL_PREFIX=/home/mu/IVG/ws_moveit/install/moveit_kinematics
[0.265s] -- The C compiler identification is GNU 9.4.0
[0.439s] -- The CXX compiler identification is GNU 9.4.0
[0.451s] -- Check for working C compiler: /usr/bin/cc
[0.603s] -- Check for working C compiler: /usr/bin/cc -- works
[0.604s] -- Detecting C compiler ABI info
[0.879s] -- Detecting C compiler ABI info - done
[0.900s] -- Detecting C compile features
[0.905s] -- Detecting C compile features - done
[0.906s] -- Check for working CXX compiler: /usr/bin/c++
[1.153s] -- Check for working CXX compiler: /usr/bin/c++ -- works
[1.155s] -- Detecting CXX compiler ABI info
[1.433s] -- Detecting CXX compiler ABI info - done
[1.456s] -- Detecting CXX compile features
[1.459s] -- Detecting CXX compile features - done
[1.468s] -- Found moveit_common: 2.2.3 (/home/mu/IVG/ws_moveit/install/moveit_common/share/moveit_common/cmake)
[1.472s] -- Found ament_cmake: 0.9.12 (/opt/ros/foxy/share/ament_cmake/cmake)
[1.527s] -- Found PythonInterp: /usr/bin/python3 (found suitable version "3.8.10", minimum required is "3") 
[1.527s] -- Using PYTHON_EXECUTABLE: /usr/bin/python3
[2.119s] -- Found eigen3_cmake_module: 0.1.1 (/opt/ros/foxy/share/eigen3_cmake_module/cmake)
[2.123s] -- Found Eigen3: TRUE (found version "3.3.7") 
[2.127s] -- Found tf2_kdl: 0.13.14 (/opt/ros/foxy/share/tf2_kdl/cmake)
[2.243s] -- Using all available rosidl_typesupport_c: rosidl_typesupport_fastrtps_c;rosidl_typesupport_introspection_c
[2.266s] -- Found rosidl_adapter: 1.3.1 (/opt/ros/foxy/share/rosidl_adapter/cmake)
[2.505s] -- Found OpenSSL: /usr/lib/x86_64-linux-gnu/libcrypto.so (found version "1.1.1f")  
[2.561s] -- Found FastRTPS: /opt/ros/foxy/include  
[2.807s] -- Using all available rosidl_typesupport_cpp: rosidl_typesupport_fastrtps_cpp;rosidl_typesupport_introspection_cpp
[3.143s] -- Found rmw_implementation_cmake: 1.0.4 (/opt/ros/foxy/share/rmw_implementation_cmake/cmake)
[3.143s] -- Using RMW implementation 'rmw_fastrtps_cpp' as default
[3.145s] -- Looking for pthread.h
[3.328s] -- Looking for pthread.h - found
[3.328s] -- Performing Test CMAKE_HAVE_LIBC_PTHREAD
[3.528s] -- Performing Test CMAKE_HAVE_LIBC_PTHREAD - Failed
[3.529s] -- Looking for pthread_create in pthreads
[3.686s] -- Looking for pthread_create in pthreads - not found
[3.686s] -- Looking for pthread_create in pthread
[3.923s] -- Looking for pthread_create in pthread - found
[3.923s] -- Found Threads: TRUE  
[4.859s] -- Found kdl_parser: 2.4.1 (/opt/ros/foxy/share/kdl_parser/cmake)
[4.872s] -- Found random_numbers: 2.0.1 (/opt/ros/foxy/share/random_numbers/cmake)
[4.893s] -- Found pluginlib: 2.5.4 (/opt/ros/foxy/share/pluginlib/cmake)
[4.930s] -- Found moveit_core: 2.2.3 (/home/mu/IVG/ws_moveit/install/moveit_core/share/moveit_core/cmake)
[4.995s] -- Found Boost: /usr/lib/x86_64-linux-gnu/cmake/Boost-1.71.0/BoostConfig.cmake (found version "1.71.0") found components: chrono date_time filesystem iostreams program_options regex serialization system thread 
[5.031s] -- Found Boost: /usr/lib/x86_64-linux-gnu/cmake/Boost-1.71.0/BoostConfig.cmake (found version "1.71.0") found components: filesystem 
[5.226s] -- library: /usr/lib/x86_64-linux-gnu/libcurl.so
[8.313s] -- Found moveit_ros_planning: 2.2.3 (/home/mu/IVG/ws_moveit/install/moveit_ros_planning/share/moveit_ros_planning/cmake)
[8.322s] -- Found Boost: /usr/lib/x86_64-linux-gnu/cmake/Boost-1.71.0/BoostConfig.cmake (found version "1.71.0") found components: system filesystem date_time program_options thread chrono 
[8.780s] -- Found Boost: /usr/lib/x86_64-linux-gnu/cmake/Boost-1.71.0/BoostConfig.cmake (found version "1.71.0") found components: thread 
[9.967s] -- Found Boost: /usr/lib/x86_64-linux-gnu/cmake/Boost-1.71.0/BoostConfig.cmake (found version "1.71.0") found components: program_options system 
[10.019s] -- Found Boost: /usr/lib/x86_64-linux-gnu/cmake/Boost-1.71.0/BoostConfig.cmake (found version "1.71.0") found components: filesystem program_options 
[10.191s] -- Found ament_cmake_gtest: 0.9.12 (/opt/ros/foxy/share/ament_cmake_gtest/cmake)
[10.199s] -- Found ros_testing: 0.2.1 (/opt/ros/foxy/share/ros_testing/cmake)
[10.199s] -- Found launch_testing_ament_cmake: 0.10.10 (/opt/ros/foxy/share/launch_testing_ament_cmake/cmake)
[10.202s] -- Found python_cmake_module: 0.8.1 (/opt/ros/foxy/share/python_cmake_module/cmake)
[10.238s] -- Found PythonInterp: /usr/bin/python3 (found suitable version "3.8.10", minimum required is "3.5") 
[10.251s] -- Found PythonLibs: /usr/lib/x86_64-linux-gnu/libpython3.8.so (found suitable version "3.8.10", minimum required is "3.5") 
[10.252s] -- Using PYTHON_EXECUTABLE: /usr/bin/python3
[10.260s] -- Using PYTHON_INCLUDE_DIRS: /usr/include/python3.8
[10.260s] -- Using PYTHON_LIBRARIES: /usr/lib/x86_64-linux-gnu/libpython3.8.so
[10.290s] -- Found PythonExtra: .so  
[10.294s] -- Found moveit_resources_fanuc_description: 2.0.3 (/opt/ros/foxy/share/moveit_resources_fanuc_description/cmake)
[10.298s] -- Found moveit_resources_fanuc_moveit_config: 2.0.3 (/opt/ros/foxy/share/moveit_resources_fanuc_moveit_config/cmake)
[10.301s] -- Found moveit_resources_panda_description: 2.0.3 (/opt/ros/foxy/share/moveit_resources_panda_description/cmake)
[10.307s] -- Found moveit_resources_panda_moveit_config: 2.0.3 (/opt/ros/foxy/share/moveit_resources_panda_moveit_config/cmake)
[10.309s] -- Found gtest sources under '/opt/ros/foxy/src/gtest_vendor': C++ tests using 'Google Test' will be built
[10.317s] -- Check if compiler accepts -pthread
[10.518s] -- Check if compiler accepts -pthread - yes
[10.568s] -- Found ament_lint_auto: 0.9.8 (/opt/ros/foxy/share/ament_lint_auto/cmake)
[10.583s] -- Found launch_testing_ament_cmake: 0.10.10 (/opt/ros/foxy/share/launch_testing_ament_cmake/cmake)
[10.584s] -- Found python_cmake_module: 0.8.1 (/opt/ros/foxy/share/python_cmake_module/cmake)
[10.632s] -- Using PYTHON_EXECUTABLE: /usr/bin/python3
[10.633s] -- Using PYTHON_INCLUDE_DIRS: /usr/include/python3.8
[10.633s] -- Using PYTHON_LIBRARIES: /usr/lib/x86_64-linux-gnu/libpython3.8.so
[10.645s] -- Added test 'lint_cmake' to check CMake code style
[10.659s] -- Configuring done
[11.132s] -- Generating done
[11.274s] -- Build files have been written to: /home/mu/IVG/ws_moveit/build/moveit_kinematics
[11.321s] Invoked command in '/home/mu/IVG/ws_moveit/build/moveit_kinematics' returned '0': CMAKE_PREFIX_PATH=/home/mu/IVG/ws_moveit/install/moveit_ros_planning:/home/mu/IVG/ws_moveit/install/moveit_ros_occupancy_map_monitor:/home/mu/IVG/ws_moveit/install/moveit_core:/home/mu/IVG/ws_moveit/install/moveit_common:/home/mu/IVG/ws_moveit/install/moveit2_tutorials:/home/mu/IVG/ws_moveit/install/moveit_visual_tools:/home/mu/IVG/ws_moveit/install/rviz_visual_tools:/home/mu/IVG/ws_moveit/install/run_ompl_constrained_planning:/home/mu/IVG/ws_moveit/install/run_moveit_cpp:/home/mu/IVG/ws_moveit/install/run_move_group:/home/mu/IVG/ws_moveit/install/moveit_runtime:/home/mu/IVG/ws_moveit/install/moveit:/home/mu/IVG/ws_moveit/install/moveit_plugins:/home/mu/IVG/ws_moveit/install/moveit_simple_controller_manager:/home/mu/IVG/ws_moveit/install/moveit_servo:/home/mu/IVG/ws_moveit/install/moveit_ros:/home/mu/IVG/ws_moveit/install/moveit_ros_visualization:/home/mu/IVG/ws_moveit/install/moveit_ros_planning_interface:/home/mu/IVG/ws_moveit/install/moveit_ros_benchmarks:/home/mu/IVG/ws_moveit/install/moveit_ros_warehouse:/home/mu/IVG/ws_moveit/install/moveit_ros_robot_interaction:/home/mu/IVG/ws_moveit/install/moveit_ros_perception:/home/mu/IVG/ws_moveit/install/moveit_ros_move_group:/home/mu/IVG/ws_moveit/install/moveit_planners:/home/mu/IVG/ws_moveit/install/moveit_planners_ompl:/home/mu/IVG/ws_moveit/install/moveit_planners_chomp:/home/mu/IVG/ws_moveit/install/moveit_kinematics:/home/mu/IVG/ws_moveit/install/moveit_chomp_optimizer_adapter:/home/mu/IVG/ws_moveit/install/chomp_motion_planner:/opt/ros/foxy LD_LIBRARY_PATH=/home/mu/IVG/ws_moveit/install/moveit_ros_planning/lib:/home/mu/IVG/ws_moveit/install/moveit_ros_occupancy_map_monitor/lib:/home/mu/IVG/ws_moveit/install/moveit_core/lib:/home/mu/IVG/ws_moveit/install/moveit_visual_tools/lib:/home/mu/IVG/ws_moveit/install/rviz_visual_tools/lib:/home/mu/IVG/ws_moveit/install/moveit_simple_controller_manager/lib:/home/mu/IVG/ws_moveit/install/moveit_servo/lib:/home/mu/IVG/ws_moveit/install/moveit_ros_visualization/lib:/home/mu/IVG/ws_moveit/install/moveit_ros_planning_interface/lib:/home/mu/IVG/ws_moveit/install/moveit_ros_benchmarks/lib:/home/mu/IVG/ws_moveit/install/moveit_ros_warehouse/lib:/home/mu/IVG/ws_moveit/install/moveit_ros_robot_interaction/lib:/home/mu/IVG/ws_moveit/install/moveit_ros_perception/lib:/home/mu/IVG/ws_moveit/install/moveit_ros_move_group/lib:/home/mu/IVG/ws_moveit/install/moveit_planners_ompl/lib:/home/mu/IVG/ws_moveit/install/moveit_planners_chomp/lib:/home/mu/IVG/ws_moveit/install/moveit_kinematics/lib:/home/mu/IVG/ws_moveit/install/moveit_chomp_optimizer_adapter/lib:/home/mu/IVG/ws_moveit/install/chomp_motion_planner/lib:/opt/ros/foxy/opt/yaml_cpp_vendor/lib:/opt/ros/foxy/opt/rviz_ogre_vendor/lib:/opt/ros/foxy/lib/x86_64-linux-gnu:/opt/ros/foxy/lib PATH=/home/mu/IVG/ws_moveit/install/moveit_core/bin:/home/mu/IVG/ws_moveit/install/moveit_kinematics/bin:/opt/ros/foxy/bin:/usr/local/sbin:/usr/local/bin:/usr/sbin:/usr/bin:/sbin:/bin:/usr/games:/usr/local/games:/snap/bin /usr/bin/cmake /home/mu/IVG/ws_moveit/src/moveit2/moveit_kinematics -DCMAKE_BUILD_TYPE=Release -DCMAKE_INSTALL_PREFIX=/home/mu/IVG/ws_moveit/install/moveit_kinematics
[11.327s] Invoking command in '/home/mu/IVG/ws_moveit/build/moveit_kinematics': CMAKE_PREFIX_PATH=/home/mu/IVG/ws_moveit/install/moveit_ros_planning:/home/mu/IVG/ws_moveit/install/moveit_ros_occupancy_map_monitor:/home/mu/IVG/ws_moveit/install/moveit_core:/home/mu/IVG/ws_moveit/install/moveit_common:/home/mu/IVG/ws_moveit/install/moveit2_tutorials:/home/mu/IVG/ws_moveit/install/moveit_visual_tools:/home/mu/IVG/ws_moveit/install/rviz_visual_tools:/home/mu/IVG/ws_moveit/install/run_ompl_constrained_planning:/home/mu/IVG/ws_moveit/install/run_moveit_cpp:/home/mu/IVG/ws_moveit/install/run_move_group:/home/mu/IVG/ws_moveit/install/moveit_runtime:/home/mu/IVG/ws_moveit/install/moveit:/home/mu/IVG/ws_moveit/install/moveit_plugins:/home/mu/IVG/ws_moveit/install/moveit_simple_controller_manager:/home/mu/IVG/ws_moveit/install/moveit_servo:/home/mu/IVG/ws_moveit/install/moveit_ros:/home/mu/IVG/ws_moveit/install/moveit_ros_visualization:/home/mu/IVG/ws_moveit/install/moveit_ros_planning_interface:/home/mu/IVG/ws_moveit/install/moveit_ros_benchmarks:/home/mu/IVG/ws_moveit/install/moveit_ros_warehouse:/home/mu/IVG/ws_moveit/install/moveit_ros_robot_interaction:/home/mu/IVG/ws_moveit/install/moveit_ros_perception:/home/mu/IVG/ws_moveit/install/moveit_ros_move_group:/home/mu/IVG/ws_moveit/install/moveit_planners:/home/mu/IVG/ws_moveit/install/moveit_planners_ompl:/home/mu/IVG/ws_moveit/install/moveit_planners_chomp:/home/mu/IVG/ws_moveit/install/moveit_kinematics:/home/mu/IVG/ws_moveit/install/moveit_chomp_optimizer_adapter:/home/mu/IVG/ws_moveit/install/chomp_motion_planner:/opt/ros/foxy LD_LIBRARY_PATH=/home/mu/IVG/ws_moveit/install/moveit_ros_planning/lib:/home/mu/IVG/ws_moveit/install/moveit_ros_occupancy_map_monitor/lib:/home/mu/IVG/ws_moveit/install/moveit_core/lib:/home/mu/IVG/ws_moveit/install/moveit_visual_tools/lib:/home/mu/IVG/ws_moveit/install/rviz_visual_tools/lib:/home/mu/IVG/ws_moveit/install/moveit_simple_controller_manager/lib:/home/mu/IVG/ws_moveit/install/moveit_servo/lib:/home/mu/IVG/ws_moveit/install/moveit_ros_visualization/lib:/home/mu/IVG/ws_moveit/install/moveit_ros_planning_interface/lib:/home/mu/IVG/ws_moveit/install/moveit_ros_benchmarks/lib:/home/mu/IVG/ws_moveit/install/moveit_ros_warehouse/lib:/home/mu/IVG/ws_moveit/install/moveit_ros_robot_interaction/lib:/home/mu/IVG/ws_moveit/install/moveit_ros_perception/lib:/home/mu/IVG/ws_moveit/install/moveit_ros_move_group/lib:/home/mu/IVG/ws_moveit/install/moveit_planners_ompl/lib:/home/mu/IVG/ws_moveit/install/moveit_planners_chomp/lib:/home/mu/IVG/ws_moveit/install/moveit_kinematics/lib:/home/mu/IVG/ws_moveit/install/moveit_chomp_optimizer_adapter/lib:/home/mu/IVG/ws_moveit/install/chomp_motion_planner/lib:/opt/ros/foxy/opt/yaml_cpp_vendor/lib:/opt/ros/foxy/opt/rviz_ogre_vendor/lib:/opt/ros/foxy/lib/x86_64-linux-gnu:/opt/ros/foxy/lib PATH=/home/mu/IVG/ws_moveit/install/moveit_core/bin:/home/mu/IVG/ws_moveit/install/moveit_kinematics/bin:/opt/ros/foxy/bin:/usr/local/sbin:/usr/local/bin:/usr/sbin:/usr/bin:/sbin:/bin:/usr/games:/usr/local/games:/snap/bin /usr/bin/cmake --build /home/mu/IVG/ws_moveit/build/moveit_kinematics -- -j32 -l32
[11.406s] [35m[1mScanning dependencies of target moveit_srv_kinematics_plugin[0m
[11.527s] [  5%] [32mBuilding CXX object srv_kinematics_plugin/CMakeFiles/moveit_srv_kinematics_plugin.dir/src/srv_kinematics_plugin.cpp.o[0m
[20.302s] [ 10%] [32m[1mLinking CXX shared library libmoveit_srv_kinematics_plugin.so[0m
[20.692s] [ 10%] Built target moveit_srv_kinematics_plugin
[20.712s] [35m[1mScanning dependencies of target gtest[0m
[20.712s] [35m[1mScanning dependencies of target gtest_main[0m
[20.740s] [ 15%] [32mBuilding CXX object gtest/CMakeFiles/gtest_main.dir/src/gtest_main.cc.o[0m
[20.746s] [ 21%] [32mBuilding CXX object gtest/CMakeFiles/gtest.dir/src/gtest-all.cc.o[0m
[21.859s] [ 26%] [32m[1mLinking CXX static library libgtest_main.a[0m
[21.923s] [ 26%] Built target gtest_main
[21.943s] [35m[1mScanning dependencies of target benchmark_ik[0m
[22.067s] [ 31%] [32mBuilding CXX object test/CMakeFiles/benchmark_ik.dir/benchmark_ik.cpp.o[0m
[30.883s] [ 36%] [32m[1mLinking CXX static library libgtest.a[0m
[30.956s] [ 36%] Built target gtest
[30.976s] [35m[1mScanning dependencies of target moveit_kdl_kinematics_plugin[0m
[30.976s] [35m[1mScanning dependencies of target moveit_cached_ik_kinematics_base[0m
[30.976s] [35m[1mScanning dependencies of target moveit_lma_kinematics_plugin[0m
[31.073s] [ 42%] [32mBuilding CXX object cached_ik_kinematics_plugin/CMakeFiles/moveit_cached_ik_kinematics_base.dir/src/ik_cache.cpp.o[0m
[31.116s] [ 47%] [32mBuilding CXX object lma_kinematics_plugin/CMakeFiles/moveit_lma_kinematics_plugin.dir/src/lma_kinematics_plugin.cpp.o[0m
[31.120s] [ 52%] [32mBuilding CXX object kdl_kinematics_plugin/CMakeFiles/moveit_kdl_kinematics_plugin.dir/src/kdl_kinematics_plugin.cpp.o[0m
[31.122s] [ 57%] [32mBuilding CXX object kdl_kinematics_plugin/CMakeFiles/moveit_kdl_kinematics_plugin.dir/src/chainiksolver_vel_mimic_svd.cpp.o[0m
[33.336s] [ 63%] [32m[1mLinking CXX executable benchmark_ik[0m
[33.800s] [ 63%] Built target benchmark_ik
[40.960s] [ 68%] [32m[1mLinking CXX shared library libmoveit_cached_ik_kinematics_base.so[0m
[41.273s] [ 68%] Built target moveit_cached_ik_kinematics_base
[42.971s] [ 73%] [32m[1mLinking CXX shared library libmoveit_lma_kinematics_plugin.so[0m
[43.424s] [ 73%] Built target moveit_lma_kinematics_plugin
[43.761s] [ 78%] [32m[1mLinking CXX shared library libmoveit_kdl_kinematics_plugin.so[0m
[44.132s] [ 78%] Built target moveit_kdl_kinematics_plugin
[44.151s] [35m[1mScanning dependencies of target test_kinematics_plugin[0m
[44.153s] [35m[1mScanning dependencies of target moveit_cached_ik_kinematics_plugin[0m
[44.296s] [ 84%] [32mBuilding CXX object test/CMakeFiles/test_kinematics_plugin.dir/test_kinematics_plugin.cpp.o[0m
[44.296s] [ 89%] [32mBuilding CXX object cached_ik_kinematics_plugin/CMakeFiles/moveit_cached_ik_kinematics_plugin.dir/src/cached_ik_kinematics_plugin.cpp.o[0m
[52.912s] [ 94%] [32m[1mLinking CXX shared library libmoveit_cached_ik_kinematics_plugin.so[0m
[53.107s] [ 94%] Built target moveit_cached_ik_kinematics_plugin
[59.196s] [100%] [32m[1mLinking CXX executable test_kinematics_plugin[0m
[59.433s] [100%] Built target test_kinematics_plugin
[59.441s] Invoked command in '/home/mu/IVG/ws_moveit/build/moveit_kinematics' returned '0': CMAKE_PREFIX_PATH=/home/mu/IVG/ws_moveit/install/moveit_ros_planning:/home/mu/IVG/ws_moveit/install/moveit_ros_occupancy_map_monitor:/home/mu/IVG/ws_moveit/install/moveit_core:/home/mu/IVG/ws_moveit/install/moveit_common:/home/mu/IVG/ws_moveit/install/moveit2_tutorials:/home/mu/IVG/ws_moveit/install/moveit_visual_tools:/home/mu/IVG/ws_moveit/install/rviz_visual_tools:/home/mu/IVG/ws_moveit/install/run_ompl_constrained_planning:/home/mu/IVG/ws_moveit/install/run_moveit_cpp:/home/mu/IVG/ws_moveit/install/run_move_group:/home/mu/IVG/ws_moveit/install/moveit_runtime:/home/mu/IVG/ws_moveit/install/moveit:/home/mu/IVG/ws_moveit/install/moveit_plugins:/home/mu/IVG/ws_moveit/install/moveit_simple_controller_manager:/home/mu/IVG/ws_moveit/install/moveit_servo:/home/mu/IVG/ws_moveit/install/moveit_ros:/home/mu/IVG/ws_moveit/install/moveit_ros_visualization:/home/mu/IVG/ws_moveit/install/moveit_ros_planning_interface:/home/mu/IVG/ws_moveit/install/moveit_ros_benchmarks:/home/mu/IVG/ws_moveit/install/moveit_ros_warehouse:/home/mu/IVG/ws_moveit/install/moveit_ros_robot_interaction:/home/mu/IVG/ws_moveit/install/moveit_ros_perception:/home/mu/IVG/ws_moveit/install/moveit_ros_move_group:/home/mu/IVG/ws_moveit/install/moveit_planners:/home/mu/IVG/ws_moveit/install/moveit_planners_ompl:/home/mu/IVG/ws_moveit/install/moveit_planners_chomp:/home/mu/IVG/ws_moveit/install/moveit_kinematics:/home/mu/IVG/ws_moveit/install/moveit_chomp_optimizer_adapter:/home/mu/IVG/ws_moveit/install/chomp_motion_planner:/opt/ros/foxy LD_LIBRARY_PATH=/home/mu/IVG/ws_moveit/install/moveit_ros_planning/lib:/home/mu/IVG/ws_moveit/install/moveit_ros_occupancy_map_monitor/lib:/home/mu/IVG/ws_moveit/install/moveit_core/lib:/home/mu/IVG/ws_moveit/install/moveit_visual_tools/lib:/home/mu/IVG/ws_moveit/install/rviz_visual_tools/lib:/home/mu/IVG/ws_moveit/install/moveit_simple_controller_manager/lib:/home/mu/IVG/ws_moveit/install/moveit_servo/lib:/home/mu/IVG/ws_moveit/install/moveit_ros_visualization/lib:/home/mu/IVG/ws_moveit/install/moveit_ros_planning_interface/lib:/home/mu/IVG/ws_moveit/install/moveit_ros_benchmarks/lib:/home/mu/IVG/ws_moveit/install/moveit_ros_warehouse/lib:/home/mu/IVG/ws_moveit/install/moveit_ros_robot_interaction/lib:/home/mu/IVG/ws_moveit/install/moveit_ros_perception/lib:/home/mu/IVG/ws_moveit/install/moveit_ros_move_group/lib:/home/mu/IVG/ws_moveit/install/moveit_planners_ompl/lib:/home/mu/IVG/ws_moveit/install/moveit_planners_chomp/lib:/home/mu/IVG/ws_moveit/install/moveit_kinematics/lib:/home/mu/IVG/ws_moveit/install/moveit_chomp_optimizer_adapter/lib:/home/mu/IVG/ws_moveit/install/chomp_motion_planner/lib:/opt/ros/foxy/opt/yaml_cpp_vendor/lib:/opt/ros/foxy/opt/rviz_ogre_vendor/lib:/opt/ros/foxy/lib/x86_64-linux-gnu:/opt/ros/foxy/lib PATH=/home/mu/IVG/ws_moveit/install/moveit_core/bin:/home/mu/IVG/ws_moveit/install/moveit_kinematics/bin:/opt/ros/foxy/bin:/usr/local/sbin:/usr/local/bin:/usr/sbin:/usr/bin:/sbin:/bin:/usr/games:/usr/local/games:/snap/bin /usr/bin/cmake --build /home/mu/IVG/ws_moveit/build/moveit_kinematics -- -j32 -l32
[59.443s] Invoking command in '/home/mu/IVG/ws_moveit/build/moveit_kinematics': CMAKE_PREFIX_PATH=/home/mu/IVG/ws_moveit/install/moveit_ros_planning:/home/mu/IVG/ws_moveit/install/moveit_ros_occupancy_map_monitor:/home/mu/IVG/ws_moveit/install/moveit_core:/home/mu/IVG/ws_moveit/install/moveit_common:/home/mu/IVG/ws_moveit/install/moveit2_tutorials:/home/mu/IVG/ws_moveit/install/moveit_visual_tools:/home/mu/IVG/ws_moveit/install/rviz_visual_tools:/home/mu/IVG/ws_moveit/install/run_ompl_constrained_planning:/home/mu/IVG/ws_moveit/install/run_moveit_cpp:/home/mu/IVG/ws_moveit/install/run_move_group:/home/mu/IVG/ws_moveit/install/moveit_runtime:/home/mu/IVG/ws_moveit/install/moveit:/home/mu/IVG/ws_moveit/install/moveit_plugins:/home/mu/IVG/ws_moveit/install/moveit_simple_controller_manager:/home/mu/IVG/ws_moveit/install/moveit_servo:/home/mu/IVG/ws_moveit/install/moveit_ros:/home/mu/IVG/ws_moveit/install/moveit_ros_visualization:/home/mu/IVG/ws_moveit/install/moveit_ros_planning_interface:/home/mu/IVG/ws_moveit/install/moveit_ros_benchmarks:/home/mu/IVG/ws_moveit/install/moveit_ros_warehouse:/home/mu/IVG/ws_moveit/install/moveit_ros_robot_interaction:/home/mu/IVG/ws_moveit/install/moveit_ros_perception:/home/mu/IVG/ws_moveit/install/moveit_ros_move_group:/home/mu/IVG/ws_moveit/install/moveit_planners:/home/mu/IVG/ws_moveit/install/moveit_planners_ompl:/home/mu/IVG/ws_moveit/install/moveit_planners_chomp:/home/mu/IVG/ws_moveit/install/moveit_kinematics:/home/mu/IVG/ws_moveit/install/moveit_chomp_optimizer_adapter:/home/mu/IVG/ws_moveit/install/chomp_motion_planner:/opt/ros/foxy LD_LIBRARY_PATH=/home/mu/IVG/ws_moveit/install/moveit_ros_planning/lib:/home/mu/IVG/ws_moveit/install/moveit_ros_occupancy_map_monitor/lib:/home/mu/IVG/ws_moveit/install/moveit_core/lib:/home/mu/IVG/ws_moveit/install/moveit_visual_tools/lib:/home/mu/IVG/ws_moveit/install/rviz_visual_tools/lib:/home/mu/IVG/ws_moveit/install/moveit_simple_controller_manager/lib:/home/mu/IVG/ws_moveit/install/moveit_servo/lib:/home/mu/IVG/ws_moveit/install/moveit_ros_visualization/lib:/home/mu/IVG/ws_moveit/install/moveit_ros_planning_interface/lib:/home/mu/IVG/ws_moveit/install/moveit_ros_benchmarks/lib:/home/mu/IVG/ws_moveit/install/moveit_ros_warehouse/lib:/home/mu/IVG/ws_moveit/install/moveit_ros_robot_interaction/lib:/home/mu/IVG/ws_moveit/install/moveit_ros_perception/lib:/home/mu/IVG/ws_moveit/install/moveit_ros_move_group/lib:/home/mu/IVG/ws_moveit/install/moveit_planners_ompl/lib:/home/mu/IVG/ws_moveit/install/moveit_planners_chomp/lib:/home/mu/IVG/ws_moveit/install/moveit_kinematics/lib:/home/mu/IVG/ws_moveit/install/moveit_chomp_optimizer_adapter/lib:/home/mu/IVG/ws_moveit/install/chomp_motion_planner/lib:/opt/ros/foxy/opt/yaml_cpp_vendor/lib:/opt/ros/foxy/opt/rviz_ogre_vendor/lib:/opt/ros/foxy/lib/x86_64-linux-gnu:/opt/ros/foxy/lib PATH=/home/mu/IVG/ws_moveit/install/moveit_core/bin:/home/mu/IVG/ws_moveit/install/moveit_kinematics/bin:/opt/ros/foxy/bin:/usr/local/sbin:/usr/local/bin:/usr/sbin:/usr/bin:/sbin:/bin:/usr/games:/usr/local/games:/snap/bin /usr/bin/cmake --install /home/mu/IVG/ws_moveit/build/moveit_kinematics
[59.449s] -- Install configuration: "Release"
[59.449s] -- Installing: /home/mu/IVG/ws_moveit/install/moveit_kinematics/share/moveit_kinematics/kdl_kinematics_plugin_description.xml
[59.450s] -- Installing: /home/mu/IVG/ws_moveit/install/moveit_kinematics/share/moveit_kinematics/lma_kinematics_plugin_description.xml
[59.450s] -- Installing: /home/mu/IVG/ws_moveit/install/moveit_kinematics/share/moveit_kinematics/srv_kinematics_plugin_description.xml
[59.450s] -- Installing: /home/mu/IVG/ws_moveit/install/moveit_kinematics/share/moveit_kinematics/cached_ik_kinematics_plugin_description.xml
[59.450s] -- Installing: /home/mu/IVG/ws_moveit/install/moveit_kinematics/lib/libmoveit_cached_ik_kinematics_base.so.2.2.3
[59.450s] -- Set runtime path of "/home/mu/IVG/ws_moveit/install/moveit_kinematics/lib/libmoveit_cached_ik_kinematics_base.so.2.2.3" to ""
[59.450s] -- Installing: /home/mu/IVG/ws_moveit/install/moveit_kinematics/lib/libmoveit_cached_ik_kinematics_base.so
[59.450s] -- Installing: /home/mu/IVG/ws_moveit/install/moveit_kinematics/lib/libmoveit_cached_ik_kinematics_plugin.so.2.2.3
[59.450s] -- Set runtime path of "/home/mu/IVG/ws_moveit/install/moveit_kinematics/lib/libmoveit_cached_ik_kinematics_plugin.so.2.2.3" to ""
[59.450s] -- Installing: /home/mu/IVG/ws_moveit/install/moveit_kinematics/lib/libmoveit_cached_ik_kinematics_plugin.so
[59.450s] -- Installing: /home/mu/IVG/ws_moveit/install/moveit_kinematics/lib/libmoveit_kdl_kinematics_plugin.so
[59.450s] -- Set runtime path of "/home/mu/IVG/ws_moveit/install/moveit_kinematics/lib/libmoveit_kdl_kinematics_plugin.so" to ""
[59.451s] -- Installing: /home/mu/IVG/ws_moveit/install/moveit_kinematics/lib/libmoveit_lma_kinematics_plugin.so.2.2.3
[59.451s] -- Set runtime path of "/home/mu/IVG/ws_moveit/install/moveit_kinematics/lib/libmoveit_lma_kinematics_plugin.so.2.2.3" to ""
[59.451s] -- Installing: /home/mu/IVG/ws_moveit/install/moveit_kinematics/lib/libmoveit_lma_kinematics_plugin.so
[59.451s] -- Installing: /home/mu/IVG/ws_moveit/install/moveit_kinematics/lib/libmoveit_srv_kinematics_plugin.so.2.2.3
[59.451s] -- Set runtime path of "/home/mu/IVG/ws_moveit/install/moveit_kinematics/lib/libmoveit_srv_kinematics_plugin.so.2.2.3" to ""
[59.451s] -- Installing: /home/mu/IVG/ws_moveit/install/moveit_kinematics/lib/libmoveit_srv_kinematics_plugin.so
[59.451s] -- Installing: /home/mu/IVG/ws_moveit/install/moveit_kinematics/share/moveit_kinematics/environment/library_path.sh
[59.452s] -- Installing: /home/mu/IVG/ws_moveit/install/moveit_kinematics/share/moveit_kinematics/environment/library_path.dsv
[59.452s] -- Installing: /home/mu/IVG/ws_moveit/install/moveit_kinematics/share/ament_index/resource_index/package_run_dependencies/moveit_kinematics
[59.452s] -- Installing: /home/mu/IVG/ws_moveit/install/moveit_kinematics/share/ament_index/resource_index/parent_prefix_path/moveit_kinematics
[59.452s] -- Installing: /home/mu/IVG/ws_moveit/install/moveit_kinematics/share/moveit_kinematics/environment/ament_prefix_path.sh
[59.452s] -- Installing: /home/mu/IVG/ws_moveit/install/moveit_kinematics/share/moveit_kinematics/environment/ament_prefix_path.dsv
[59.452s] -- Installing: /home/mu/IVG/ws_moveit/install/moveit_kinematics/share/moveit_kinematics/environment/path.sh
[59.452s] -- Installing: /home/mu/IVG/ws_moveit/install/moveit_kinematics/share/moveit_kinematics/environment/path.dsv
[59.452s] -- Installing: /home/mu/IVG/ws_moveit/install/moveit_kinematics/share/moveit_kinematics/local_setup.bash
[59.452s] -- Installing: /home/mu/IVG/ws_moveit/install/moveit_kinematics/share/moveit_kinematics/local_setup.sh
[59.452s] -- Installing: /home/mu/IVG/ws_moveit/install/moveit_kinematics/share/moveit_kinematics/local_setup.zsh
[59.452s] -- Installing: /home/mu/IVG/ws_moveit/install/moveit_kinematics/share/moveit_kinematics/local_setup.dsv
[59.453s] -- Installing: /home/mu/IVG/ws_moveit/install/moveit_kinematics/share/moveit_kinematics/package.dsv
[59.453s] -- Installing: /home/mu/IVG/ws_moveit/install/moveit_kinematics/share/ament_index/resource_index/packages/moveit_kinematics
[59.453s] -- Installing: /home/mu/IVG/ws_moveit/install/moveit_kinematics/share/ament_index/resource_index/moveit_core__pluginlib__plugin/moveit_kinematics
[59.453s] -- Installing: /home/mu/IVG/ws_moveit/install/moveit_kinematics/share/moveit_kinematics/cmake/export_moveit_kinematicsExport.cmake
[59.453s] -- Installing: /home/mu/IVG/ws_moveit/install/moveit_kinematics/share/moveit_kinematics/cmake/export_moveit_kinematicsExport-release.cmake
[59.453s] -- Installing: /home/mu/IVG/ws_moveit/install/moveit_kinematics/share/moveit_kinematics/cmake/ConfigExtras.cmake
[59.453s] -- Installing: /home/mu/IVG/ws_moveit/install/moveit_kinematics/share/moveit_kinematics/cmake/ament_cmake_export_targets-extras.cmake
[59.453s] -- Installing: /home/mu/IVG/ws_moveit/install/moveit_kinematics/share/moveit_kinematics/cmake/ament_cmake_export_dependencies-extras.cmake
[59.453s] -- Installing: /home/mu/IVG/ws_moveit/install/moveit_kinematics/share/moveit_kinematics/cmake/moveit_kinematicsConfig.cmake
[59.453s] -- Installing: /home/mu/IVG/ws_moveit/install/moveit_kinematics/share/moveit_kinematics/cmake/moveit_kinematicsConfig-version.cmake
[59.453s] -- Installing: /home/mu/IVG/ws_moveit/install/moveit_kinematics/share/moveit_kinematics/package.xml
[59.454s] -- Installing: /home/mu/IVG/ws_moveit/install/moveit_kinematics/include
[59.454s] -- Installing: /home/mu/IVG/ws_moveit/install/moveit_kinematics/include/moveit
[59.454s] -- Installing: /home/mu/IVG/ws_moveit/install/moveit_kinematics/include/moveit/cached_ik_kinematics_plugin
[59.454s] -- Installing: /home/mu/IVG/ws_moveit/install/moveit_kinematics/include/moveit/cached_ik_kinematics_plugin/cached_ik_kinematics_plugin.h
[59.454s] -- Installing: /home/mu/IVG/ws_moveit/install/moveit_kinematics/include/moveit/cached_ik_kinematics_plugin/cached_ik_kinematics_plugin-inl.h
[59.454s] -- Installing: /home/mu/IVG/ws_moveit/install/moveit_kinematics/include/moveit/cached_ik_kinematics_plugin/detail
[59.454s] -- Installing: /home/mu/IVG/ws_moveit/install/moveit_kinematics/include/moveit/cached_ik_kinematics_plugin/detail/GreedyKCenters.h
[59.454s] -- Installing: /home/mu/IVG/ws_moveit/install/moveit_kinematics/include/moveit/cached_ik_kinematics_plugin/detail/NearestNeighbors.h
[59.454s] -- Installing: /home/mu/IVG/ws_moveit/install/moveit_kinematics/include/moveit/cached_ik_kinematics_plugin/detail/NearestNeighborsGNAT.h
[59.454s] -- Installing: /home/mu/IVG/ws_moveit/install/moveit_kinematics/share/moveit_kinematics/launch
[59.454s] -- Installing: /home/mu/IVG/ws_moveit/install/moveit_kinematics/share/moveit_kinematics/launch/measure_ik_call_cost.launch
[59.455s] -- Installing: /home/mu/IVG/ws_moveit/install/moveit_kinematics/lib/moveit_kinematics/auto_create_ikfast_moveit_plugin.sh
[59.455s] -- Installing: /home/mu/IVG/ws_moveit/install/moveit_kinematics/lib/moveit_kinematics/create_ikfast_moveit_plugin.py
[59.455s] -- Installing: /home/mu/IVG/ws_moveit/install/moveit_kinematics/lib/moveit_kinematics/round_collada_numbers.py
[59.455s] -- Installing: /home/mu/IVG/ws_moveit/install/moveit_kinematics/share/moveit_kinematics/ikfast_kinematics_plugin/templates
[59.455s] -- Installing: /home/mu/IVG/ws_moveit/install/moveit_kinematics/share/moveit_kinematics/ikfast_kinematics_plugin/templates/CMakeLists.txt
[59.455s] -- Installing: /home/mu/IVG/ws_moveit/install/moveit_kinematics/share/moveit_kinematics/ikfast_kinematics_plugin/templates/ikfast.h
[59.455s] -- Installing: /home/mu/IVG/ws_moveit/install/moveit_kinematics/share/moveit_kinematics/ikfast_kinematics_plugin/templates/ikfast61_moveit_plugin_template.cpp
[59.455s] -- Up-to-date: /home/mu/IVG/ws_moveit/install/moveit_kinematics/include
[59.455s] -- Up-to-date: /home/mu/IVG/ws_moveit/install/moveit_kinematics/include/moveit
[59.455s] -- Installing: /home/mu/IVG/ws_moveit/install/moveit_kinematics/include/moveit/kdl_kinematics_plugin
[59.455s] -- Installing: /home/mu/IVG/ws_moveit/install/moveit_kinematics/include/moveit/kdl_kinematics_plugin/chainiksolver_vel_mimic_svd.hpp
[59.455s] -- Installing: /home/mu/IVG/ws_moveit/install/moveit_kinematics/include/moveit/kdl_kinematics_plugin/kdl_kinematics_plugin.h
[59.455s] -- Installing: /home/mu/IVG/ws_moveit/install/moveit_kinematics/include/moveit/kdl_kinematics_plugin/joint_mimic.hpp
[59.455s] -- Up-to-date: /home/mu/IVG/ws_moveit/install/moveit_kinematics/include
[59.455s] -- Up-to-date: /home/mu/IVG/ws_moveit/install/moveit_kinematics/include/moveit
[59.455s] -- Installing: /home/mu/IVG/ws_moveit/install/moveit_kinematics/include/moveit/lma_kinematics_plugin
[59.455s] -- Installing: /home/mu/IVG/ws_moveit/install/moveit_kinematics/include/moveit/lma_kinematics_plugin/lma_kinematics_plugin.h
[59.455s] -- Up-to-date: /home/mu/IVG/ws_moveit/install/moveit_kinematics/include
[59.455s] -- Up-to-date: /home/mu/IVG/ws_moveit/install/moveit_kinematics/include/moveit
[59.455s] -- Installing: /home/mu/IVG/ws_moveit/install/moveit_kinematics/include/moveit/srv_kinematics_plugin
[59.455s] -- Installing: /home/mu/IVG/ws_moveit/install/moveit_kinematics/include/moveit/srv_kinematics_plugin/srv_kinematics_plugin.h
[59.455s] -- Installing: /home/mu/IVG/ws_moveit/install/moveit_kinematics/share/moveit_kinematics/config
[59.455s] -- Installing: /home/mu/IVG/ws_moveit/install/moveit_kinematics/share/moveit_kinematics/config/panda-kdl-test.yaml
[59.455s] -- Installing: /home/mu/IVG/ws_moveit/install/moveit_kinematics/share/moveit_kinematics/config/panda-lma-test.yaml
[59.455s] -- Installing: /home/mu/IVG/ws_moveit/install/moveit_kinematics/share/moveit_kinematics/config/fanuc-kdl-test.yaml
[59.456s] -- Installing: /home/mu/IVG/ws_moveit/install/moveit_kinematics/share/moveit_kinematics/config/fanuc-lma-singular-test.yaml
[59.456s] -- Installing: /home/mu/IVG/ws_moveit/install/moveit_kinematics/share/moveit_kinematics/config/panda-lma-singular-test.yaml
[59.456s] -- Installing: /home/mu/IVG/ws_moveit/install/moveit_kinematics/share/moveit_kinematics/config/fanuc-lma-test.yaml
[59.456s] -- Installing: /home/mu/IVG/ws_moveit/install/moveit_kinematics/share/moveit_kinematics/config/panda-kdl-singular-test.yaml
[59.456s] -- Installing: /home/mu/IVG/ws_moveit/install/moveit_kinematics/share/moveit_kinematics/config/fanuc-kdl-singular-test.yaml
[59.456s] -- Up-to-date: /home/mu/IVG/ws_moveit/install/moveit_kinematics/share/moveit_kinematics/launch
[59.456s] -- Installing: /home/mu/IVG/ws_moveit/install/moveit_kinematics/share/moveit_kinematics/launch/panda-kdl-singular.test.py
[59.456s] -- Installing: /home/mu/IVG/ws_moveit/install/moveit_kinematics/share/moveit_kinematics/launch/fanuc-kdl.test.py
[59.456s] -- Installing: /home/mu/IVG/ws_moveit/install/moveit_kinematics/share/moveit_kinematics/launch/panda-kdl.test.py
[59.456s] -- Installing: /home/mu/IVG/ws_moveit/install/moveit_kinematics/share/moveit_kinematics/launch/fanuc-lma-singular.test.py
[59.456s] -- Installing: /home/mu/IVG/ws_moveit/install/moveit_kinematics/share/moveit_kinematics/launch/panda-lma.test.py
[59.456s] -- Installing: /home/mu/IVG/ws_moveit/install/moveit_kinematics/share/moveit_kinematics/launch/panda-lma-singular.test.py
[59.456s] -- Installing: /home/mu/IVG/ws_moveit/install/moveit_kinematics/share/moveit_kinematics/launch/fanuc-kdl-singular.test.py
[59.456s] -- Installing: /home/mu/IVG/ws_moveit/install/moveit_kinematics/share/moveit_kinematics/launch/fanuc-lma.test.py
[59.456s] -- Installing: /home/mu/IVG/ws_moveit/install/moveit_kinematics/bin/benchmark_ik
[59.456s] -- Set runtime path of "/home/mu/IVG/ws_moveit/install/moveit_kinematics/bin/benchmark_ik" to ""
[59.456s] -- Installing: /home/mu/IVG/ws_moveit/install/moveit_kinematics/lib/moveit_kinematics/test_kinematics_plugin
[59.456s] -- Set runtime path of "/home/mu/IVG/ws_moveit/install/moveit_kinematics/lib/moveit_kinematics/test_kinematics_plugin" to ""
[59.458s] Invoked command in '/home/mu/IVG/ws_moveit/build/moveit_kinematics' returned '0': CMAKE_PREFIX_PATH=/home/mu/IVG/ws_moveit/install/moveit_ros_planning:/home/mu/IVG/ws_moveit/install/moveit_ros_occupancy_map_monitor:/home/mu/IVG/ws_moveit/install/moveit_core:/home/mu/IVG/ws_moveit/install/moveit_common:/home/mu/IVG/ws_moveit/install/moveit2_tutorials:/home/mu/IVG/ws_moveit/install/moveit_visual_tools:/home/mu/IVG/ws_moveit/install/rviz_visual_tools:/home/mu/IVG/ws_moveit/install/run_ompl_constrained_planning:/home/mu/IVG/ws_moveit/install/run_moveit_cpp:/home/mu/IVG/ws_moveit/install/run_move_group:/home/mu/IVG/ws_moveit/install/moveit_runtime:/home/mu/IVG/ws_moveit/install/moveit:/home/mu/IVG/ws_moveit/install/moveit_plugins:/home/mu/IVG/ws_moveit/install/moveit_simple_controller_manager:/home/mu/IVG/ws_moveit/install/moveit_servo:/home/mu/IVG/ws_moveit/install/moveit_ros:/home/mu/IVG/ws_moveit/install/moveit_ros_visualization:/home/mu/IVG/ws_moveit/install/moveit_ros_planning_interface:/home/mu/IVG/ws_moveit/install/moveit_ros_benchmarks:/home/mu/IVG/ws_moveit/install/moveit_ros_warehouse:/home/mu/IVG/ws_moveit/install/moveit_ros_robot_interaction:/home/mu/IVG/ws_moveit/install/moveit_ros_perception:/home/mu/IVG/ws_moveit/install/moveit_ros_move_group:/home/mu/IVG/ws_moveit/install/moveit_planners:/home/mu/IVG/ws_moveit/install/moveit_planners_ompl:/home/mu/IVG/ws_moveit/install/moveit_planners_chomp:/home/mu/IVG/ws_moveit/install/moveit_kinematics:/home/mu/IVG/ws_moveit/install/moveit_chomp_optimizer_adapter:/home/mu/IVG/ws_moveit/install/chomp_motion_planner:/opt/ros/foxy LD_LIBRARY_PATH=/home/mu/IVG/ws_moveit/install/moveit_ros_planning/lib:/home/mu/IVG/ws_moveit/install/moveit_ros_occupancy_map_monitor/lib:/home/mu/IVG/ws_moveit/install/moveit_core/lib:/home/mu/IVG/ws_moveit/install/moveit_visual_tools/lib:/home/mu/IVG/ws_moveit/install/rviz_visual_tools/lib:/home/mu/IVG/ws_moveit/install/moveit_simple_controller_manager/lib:/home/mu/IVG/ws_moveit/install/moveit_servo/lib:/home/mu/IVG/ws_moveit/install/moveit_ros_visualization/lib:/home/mu/IVG/ws_moveit/install/moveit_ros_planning_interface/lib:/home/mu/IVG/ws_moveit/install/moveit_ros_benchmarks/lib:/home/mu/IVG/ws_moveit/install/moveit_ros_warehouse/lib:/home/mu/IVG/ws_moveit/install/moveit_ros_robot_interaction/lib:/home/mu/IVG/ws_moveit/install/moveit_ros_perception/lib:/home/mu/IVG/ws_moveit/install/moveit_ros_move_group/lib:/home/mu/IVG/ws_moveit/install/moveit_planners_ompl/lib:/home/mu/IVG/ws_moveit/install/moveit_planners_chomp/lib:/home/mu/IVG/ws_moveit/install/moveit_kinematics/lib:/home/mu/IVG/ws_moveit/install/moveit_chomp_optimizer_adapter/lib:/home/mu/IVG/ws_moveit/install/chomp_motion_planner/lib:/opt/ros/foxy/opt/yaml_cpp_vendor/lib:/opt/ros/foxy/opt/rviz_ogre_vendor/lib:/opt/ros/foxy/lib/x86_64-linux-gnu:/opt/ros/foxy/lib PATH=/home/mu/IVG/ws_moveit/install/moveit_core/bin:/home/mu/IVG/ws_moveit/install/moveit_kinematics/bin:/opt/ros/foxy/bin:/usr/local/sbin:/usr/local/bin:/usr/sbin:/usr/bin:/sbin:/bin:/usr/games:/usr/local/games:/snap/bin /usr/bin/cmake --install /home/mu/IVG/ws_moveit/build/moveit_kinematics
