[0.012s] Invoking command in '/home/mu/IVG/ws_moveit/build/moveit_ros_planning': CMAKE_PREFIX_PATH=/home/mu/IVG/ws_moveit/install/moveit_ros_occupancy_map_monitor:/home/mu/IVG/ws_moveit/install/moveit_core:/home/mu/IVG/ws_moveit/install/moveit_common:/home/mu/IVG/ws_moveit/install/moveit2_tutorials:/home/mu/IVG/ws_moveit/install/moveit_visual_tools:/home/mu/IVG/ws_moveit/install/rviz_visual_tools:/home/mu/IVG/ws_moveit/install/run_ompl_constrained_planning:/home/mu/IVG/ws_moveit/install/run_moveit_cpp:/home/mu/IVG/ws_moveit/install/run_move_group:/home/mu/IVG/ws_moveit/install/moveit_runtime:/home/mu/IVG/ws_moveit/install/moveit:/home/mu/IVG/ws_moveit/install/moveit_plugins:/home/mu/IVG/ws_moveit/install/moveit_simple_controller_manager:/home/mu/IVG/ws_moveit/install/moveit_servo:/home/mu/IVG/ws_moveit/install/moveit_ros:/home/mu/IVG/ws_moveit/install/moveit_ros_visualization:/home/mu/IVG/ws_moveit/install/moveit_ros_planning_interface:/home/mu/IVG/ws_moveit/install/moveit_ros_benchmarks:/home/mu/IVG/ws_moveit/install/moveit_ros_warehouse:/home/mu/IVG/ws_moveit/install/moveit_ros_robot_interaction:/home/mu/IVG/ws_moveit/install/moveit_ros_perception:/home/mu/IVG/ws_moveit/install/moveit_ros_move_group:/home/mu/IVG/ws_moveit/install/moveit_planners:/home/mu/IVG/ws_moveit/install/moveit_planners_ompl:/home/mu/IVG/ws_moveit/install/moveit_ros_planning:/home/mu/IVG/ws_moveit/install/moveit_planners_chomp:/home/mu/IVG/ws_moveit/install/moveit_kinematics:/home/mu/IVG/ws_moveit/install/moveit_chomp_optimizer_adapter:/home/mu/IVG/ws_moveit/install/chomp_motion_planner:/opt/ros/foxy LD_LIBRARY_PATH=/home/mu/IVG/ws_moveit/install/moveit_ros_occupancy_map_monitor/lib:/home/mu/IVG/ws_moveit/install/moveit_core/lib:/home/mu/IVG/ws_moveit/install/moveit_visual_tools/lib:/home/mu/IVG/ws_moveit/install/rviz_visual_tools/lib:/home/mu/IVG/ws_moveit/install/moveit_simple_controller_manager/lib:/home/mu/IVG/ws_moveit/install/moveit_servo/lib:/home/mu/IVG/ws_moveit/install/moveit_ros_visualization/lib:/home/mu/IVG/ws_moveit/install/moveit_ros_planning_interface/lib:/home/mu/IVG/ws_moveit/install/moveit_ros_benchmarks/lib:/home/mu/IVG/ws_moveit/install/moveit_ros_warehouse/lib:/home/mu/IVG/ws_moveit/install/moveit_ros_robot_interaction/lib:/home/mu/IVG/ws_moveit/install/moveit_ros_perception/lib:/home/mu/IVG/ws_moveit/install/moveit_ros_move_group/lib:/home/mu/IVG/ws_moveit/install/moveit_planners_ompl/lib:/home/mu/IVG/ws_moveit/install/moveit_ros_planning/lib:/home/mu/IVG/ws_moveit/install/moveit_planners_chomp/lib:/home/mu/IVG/ws_moveit/install/moveit_kinematics/lib:/home/mu/IVG/ws_moveit/install/moveit_chomp_optimizer_adapter/lib:/home/mu/IVG/ws_moveit/install/chomp_motion_planner/lib:/opt/ros/foxy/opt/yaml_cpp_vendor/lib:/opt/ros/foxy/opt/rviz_ogre_vendor/lib:/opt/ros/foxy/lib/x86_64-linux-gnu:/opt/ros/foxy/lib PATH=/home/mu/IVG/ws_moveit/install/moveit_core/bin:/home/mu/IVG/ws_moveit/install/moveit_kinematics/bin:/opt/ros/foxy/bin:/usr/local/sbin:/usr/local/bin:/usr/sbin:/usr/bin:/sbin:/bin:/usr/games:/usr/local/games:/snap/bin /usr/bin/cmake --build /home/mu/IVG/ws_moveit/build/moveit_ros_planning -- -j32 -l32
[0.042s] [  2%] Built target gtest_main
[0.042s] [  5%] Built target gtest
[0.047s] [  9%] Built target gmock
[0.047s] [ 12%] Built target gmock_main
[0.048s] [ 16%] Built target moveit_rdf_loader
[0.054s] [ 19%] Built target moveit_collision_plugin_loader
[0.054s] [ 25%] Built target moveit_list_request_adapter_plugins
[0.054s] [ 25%] Built target moveit_planning_pipeline
[0.067s] [ 30%] Built target boring_string_publisher
[0.067s] [ 30%] Built target test_rdf_integration
[0.072s] [ 33%] Built target moveit_kinematics_plugin_loader
[0.075s] [ 36%] Built target moveit_constraint_sampler_manager_loader
[0.084s] [ 50%] Built target moveit_default_planning_request_adapter_plugins
[0.093s] [ 53%] Built target moveit_robot_model_loader
[0.113s] [ 56%] Built target moveit_print_planning_model_info
[0.114s] [ 59%] Built target moveit_kinematics_speed_and_validity_evaluator
[0.114s] [ 61%] Built target moveit_evaluate_state_operations_speed
[0.124s] [ 69%] Built target moveit_planning_scene_monitor
[0.147s] [ 71%] Built target current_state_monitor_tests
[0.148s] [ 80%] Built target demo_scene
[0.148s] [ 80%] Built target moveit_print_planning_scene_info
[0.148s] [ 80%] Built target moveit_display_random_state
[0.148s] [ 83%] Built target moveit_trajectory_execution_manager
[0.148s] [ 85%] Built target moveit_publish_scene_from_text
[0.149s] [ 88%] Built target moveit_evaluate_collision_checking_speed
[0.150s] [ 91%] Built target moveit_visualize_robot_collision_volume
[0.174s] [ 95%] Built target moveit_plan_execution
[0.174s] [100%] Built target moveit_cpp
[0.181s] Invoked command in '/home/mu/IVG/ws_moveit/build/moveit_ros_planning' returned '0': CMAKE_PREFIX_PATH=/home/mu/IVG/ws_moveit/install/moveit_ros_occupancy_map_monitor:/home/mu/IVG/ws_moveit/install/moveit_core:/home/mu/IVG/ws_moveit/install/moveit_common:/home/mu/IVG/ws_moveit/install/moveit2_tutorials:/home/mu/IVG/ws_moveit/install/moveit_visual_tools:/home/mu/IVG/ws_moveit/install/rviz_visual_tools:/home/mu/IVG/ws_moveit/install/run_ompl_constrained_planning:/home/mu/IVG/ws_moveit/install/run_moveit_cpp:/home/mu/IVG/ws_moveit/install/run_move_group:/home/mu/IVG/ws_moveit/install/moveit_runtime:/home/mu/IVG/ws_moveit/install/moveit:/home/mu/IVG/ws_moveit/install/moveit_plugins:/home/mu/IVG/ws_moveit/install/moveit_simple_controller_manager:/home/mu/IVG/ws_moveit/install/moveit_servo:/home/mu/IVG/ws_moveit/install/moveit_ros:/home/mu/IVG/ws_moveit/install/moveit_ros_visualization:/home/mu/IVG/ws_moveit/install/moveit_ros_planning_interface:/home/mu/IVG/ws_moveit/install/moveit_ros_benchmarks:/home/mu/IVG/ws_moveit/install/moveit_ros_warehouse:/home/mu/IVG/ws_moveit/install/moveit_ros_robot_interaction:/home/mu/IVG/ws_moveit/install/moveit_ros_perception:/home/mu/IVG/ws_moveit/install/moveit_ros_move_group:/home/mu/IVG/ws_moveit/install/moveit_planners:/home/mu/IVG/ws_moveit/install/moveit_planners_ompl:/home/mu/IVG/ws_moveit/install/moveit_ros_planning:/home/mu/IVG/ws_moveit/install/moveit_planners_chomp:/home/mu/IVG/ws_moveit/install/moveit_kinematics:/home/mu/IVG/ws_moveit/install/moveit_chomp_optimizer_adapter:/home/mu/IVG/ws_moveit/install/chomp_motion_planner:/opt/ros/foxy LD_LIBRARY_PATH=/home/mu/IVG/ws_moveit/install/moveit_ros_occupancy_map_monitor/lib:/home/mu/IVG/ws_moveit/install/moveit_core/lib:/home/mu/IVG/ws_moveit/install/moveit_visual_tools/lib:/home/mu/IVG/ws_moveit/install/rviz_visual_tools/lib:/home/mu/IVG/ws_moveit/install/moveit_simple_controller_manager/lib:/home/mu/IVG/ws_moveit/install/moveit_servo/lib:/home/mu/IVG/ws_moveit/install/moveit_ros_visualization/lib:/home/mu/IVG/ws_moveit/install/moveit_ros_planning_interface/lib:/home/mu/IVG/ws_moveit/install/moveit_ros_benchmarks/lib:/home/mu/IVG/ws_moveit/install/moveit_ros_warehouse/lib:/home/mu/IVG/ws_moveit/install/moveit_ros_robot_interaction/lib:/home/mu/IVG/ws_moveit/install/moveit_ros_perception/lib:/home/mu/IVG/ws_moveit/install/moveit_ros_move_group/lib:/home/mu/IVG/ws_moveit/install/moveit_planners_ompl/lib:/home/mu/IVG/ws_moveit/install/moveit_ros_planning/lib:/home/mu/IVG/ws_moveit/install/moveit_planners_chomp/lib:/home/mu/IVG/ws_moveit/install/moveit_kinematics/lib:/home/mu/IVG/ws_moveit/install/moveit_chomp_optimizer_adapter/lib:/home/mu/IVG/ws_moveit/install/chomp_motion_planner/lib:/opt/ros/foxy/opt/yaml_cpp_vendor/lib:/opt/ros/foxy/opt/rviz_ogre_vendor/lib:/opt/ros/foxy/lib/x86_64-linux-gnu:/opt/ros/foxy/lib PATH=/home/mu/IVG/ws_moveit/install/moveit_core/bin:/home/mu/IVG/ws_moveit/install/moveit_kinematics/bin:/opt/ros/foxy/bin:/usr/local/sbin:/usr/local/bin:/usr/sbin:/usr/bin:/sbin:/bin:/usr/games:/usr/local/games:/snap/bin /usr/bin/cmake --build /home/mu/IVG/ws_moveit/build/moveit_ros_planning -- -j32 -l32
[0.182s] Invoking command in '/home/mu/IVG/ws_moveit/build/moveit_ros_planning': CMAKE_PREFIX_PATH=/home/mu/IVG/ws_moveit/install/moveit_ros_occupancy_map_monitor:/home/mu/IVG/ws_moveit/install/moveit_core:/home/mu/IVG/ws_moveit/install/moveit_common:/home/mu/IVG/ws_moveit/install/moveit2_tutorials:/home/mu/IVG/ws_moveit/install/moveit_visual_tools:/home/mu/IVG/ws_moveit/install/rviz_visual_tools:/home/mu/IVG/ws_moveit/install/run_ompl_constrained_planning:/home/mu/IVG/ws_moveit/install/run_moveit_cpp:/home/mu/IVG/ws_moveit/install/run_move_group:/home/mu/IVG/ws_moveit/install/moveit_runtime:/home/mu/IVG/ws_moveit/install/moveit:/home/mu/IVG/ws_moveit/install/moveit_plugins:/home/mu/IVG/ws_moveit/install/moveit_simple_controller_manager:/home/mu/IVG/ws_moveit/install/moveit_servo:/home/mu/IVG/ws_moveit/install/moveit_ros:/home/mu/IVG/ws_moveit/install/moveit_ros_visualization:/home/mu/IVG/ws_moveit/install/moveit_ros_planning_interface:/home/mu/IVG/ws_moveit/install/moveit_ros_benchmarks:/home/mu/IVG/ws_moveit/install/moveit_ros_warehouse:/home/mu/IVG/ws_moveit/install/moveit_ros_robot_interaction:/home/mu/IVG/ws_moveit/install/moveit_ros_perception:/home/mu/IVG/ws_moveit/install/moveit_ros_move_group:/home/mu/IVG/ws_moveit/install/moveit_planners:/home/mu/IVG/ws_moveit/install/moveit_planners_ompl:/home/mu/IVG/ws_moveit/install/moveit_ros_planning:/home/mu/IVG/ws_moveit/install/moveit_planners_chomp:/home/mu/IVG/ws_moveit/install/moveit_kinematics:/home/mu/IVG/ws_moveit/install/moveit_chomp_optimizer_adapter:/home/mu/IVG/ws_moveit/install/chomp_motion_planner:/opt/ros/foxy LD_LIBRARY_PATH=/home/mu/IVG/ws_moveit/install/moveit_ros_occupancy_map_monitor/lib:/home/mu/IVG/ws_moveit/install/moveit_core/lib:/home/mu/IVG/ws_moveit/install/moveit_visual_tools/lib:/home/mu/IVG/ws_moveit/install/rviz_visual_tools/lib:/home/mu/IVG/ws_moveit/install/moveit_simple_controller_manager/lib:/home/mu/IVG/ws_moveit/install/moveit_servo/lib:/home/mu/IVG/ws_moveit/install/moveit_ros_visualization/lib:/home/mu/IVG/ws_moveit/install/moveit_ros_planning_interface/lib:/home/mu/IVG/ws_moveit/install/moveit_ros_benchmarks/lib:/home/mu/IVG/ws_moveit/install/moveit_ros_warehouse/lib:/home/mu/IVG/ws_moveit/install/moveit_ros_robot_interaction/lib:/home/mu/IVG/ws_moveit/install/moveit_ros_perception/lib:/home/mu/IVG/ws_moveit/install/moveit_ros_move_group/lib:/home/mu/IVG/ws_moveit/install/moveit_planners_ompl/lib:/home/mu/IVG/ws_moveit/install/moveit_ros_planning/lib:/home/mu/IVG/ws_moveit/install/moveit_planners_chomp/lib:/home/mu/IVG/ws_moveit/install/moveit_kinematics/lib:/home/mu/IVG/ws_moveit/install/moveit_chomp_optimizer_adapter/lib:/home/mu/IVG/ws_moveit/install/chomp_motion_planner/lib:/opt/ros/foxy/opt/yaml_cpp_vendor/lib:/opt/ros/foxy/opt/rviz_ogre_vendor/lib:/opt/ros/foxy/lib/x86_64-linux-gnu:/opt/ros/foxy/lib PATH=/home/mu/IVG/ws_moveit/install/moveit_core/bin:/home/mu/IVG/ws_moveit/install/moveit_kinematics/bin:/opt/ros/foxy/bin:/usr/local/sbin:/usr/local/bin:/usr/sbin:/usr/bin:/sbin:/bin:/usr/games:/usr/local/games:/snap/bin /usr/bin/cmake --install /home/mu/IVG/ws_moveit/build/moveit_ros_planning
[0.187s] -- Install configuration: "Release"
[0.187s] -- Up-to-date: /home/mu/IVG/ws_moveit/install/moveit_ros_planning/lib/libmoveit_rdf_loader.so.2.2.3
[0.187s] -- Up-to-date: /home/mu/IVG/ws_moveit/install/moveit_ros_planning/lib/libmoveit_rdf_loader.so
[0.187s] -- Up-to-date: /home/mu/IVG/ws_moveit/install/moveit_ros_planning/lib/libmoveit_kinematics_plugin_loader.so.2.2.3
[0.187s] -- Up-to-date: /home/mu/IVG/ws_moveit/install/moveit_ros_planning/lib/libmoveit_kinematics_plugin_loader.so
[0.188s] -- Up-to-date: /home/mu/IVG/ws_moveit/install/moveit_ros_planning/lib/libmoveit_robot_model_loader.so.2.2.3
[0.188s] -- Up-to-date: /home/mu/IVG/ws_moveit/install/moveit_ros_planning/lib/libmoveit_robot_model_loader.so
[0.188s] -- Up-to-date: /home/mu/IVG/ws_moveit/install/moveit_ros_planning/lib/libmoveit_constraint_sampler_manager_loader.so.2.2.3
[0.188s] -- Up-to-date: /home/mu/IVG/ws_moveit/install/moveit_ros_planning/lib/libmoveit_constraint_sampler_manager_loader.so
[0.188s] -- Up-to-date: /home/mu/IVG/ws_moveit/install/moveit_ros_planning/lib/libmoveit_planning_pipeline.so.2.2.3
[0.188s] -- Up-to-date: /home/mu/IVG/ws_moveit/install/moveit_ros_planning/lib/libmoveit_planning_pipeline.so
[0.188s] -- Up-to-date: /home/mu/IVG/ws_moveit/install/moveit_ros_planning/lib/libmoveit_trajectory_execution_manager.so.2.2.3
[0.188s] -- Up-to-date: /home/mu/IVG/ws_moveit/install/moveit_ros_planning/lib/libmoveit_trajectory_execution_manager.so
[0.188s] -- Up-to-date: /home/mu/IVG/ws_moveit/install/moveit_ros_planning/lib/libmoveit_plan_execution.so.2.2.3
[0.188s] -- Up-to-date: /home/mu/IVG/ws_moveit/install/moveit_ros_planning/lib/libmoveit_plan_execution.so
[0.188s] -- Up-to-date: /home/mu/IVG/ws_moveit/install/moveit_ros_planning/lib/libmoveit_planning_scene_monitor.so.2.2.3
[0.188s] -- Up-to-date: /home/mu/IVG/ws_moveit/install/moveit_ros_planning/lib/libmoveit_planning_scene_monitor.so
[0.188s] -- Up-to-date: /home/mu/IVG/ws_moveit/install/moveit_ros_planning/lib/libmoveit_collision_plugin_loader.so.2.2.3
[0.188s] -- Up-to-date: /home/mu/IVG/ws_moveit/install/moveit_ros_planning/lib/libmoveit_collision_plugin_loader.so
[0.189s] -- Up-to-date: /home/mu/IVG/ws_moveit/install/moveit_ros_planning/lib/libmoveit_default_planning_request_adapter_plugins.so.2.2.3
[0.189s] -- Up-to-date: /home/mu/IVG/ws_moveit/install/moveit_ros_planning/lib/libmoveit_default_planning_request_adapter_plugins.so
[0.189s] -- Up-to-date: /home/mu/IVG/ws_moveit/install/moveit_ros_planning/lib/libmoveit_cpp.so.2.2.3
[0.189s] -- Up-to-date: /home/mu/IVG/ws_moveit/install/moveit_ros_planning/lib/libmoveit_cpp.so
[0.189s] -- Up-to-date: /home/mu/IVG/ws_moveit/install/moveit_ros_planning/share/moveit_ros_planning/environment/library_path.sh
[0.189s] -- Up-to-date: /home/mu/IVG/ws_moveit/install/moveit_ros_planning/share/moveit_ros_planning/environment/library_path.dsv
[0.189s] -- Up-to-date: /home/mu/IVG/ws_moveit/install/moveit_ros_planning/share/moveit_ros_planning/planning_request_adapters_plugin_description.xml
[0.189s] -- Up-to-date: /home/mu/IVG/ws_moveit/install/moveit_ros_planning/share/ament_index/resource_index/package_run_dependencies/moveit_ros_planning
[0.189s] -- Up-to-date: /home/mu/IVG/ws_moveit/install/moveit_ros_planning/share/ament_index/resource_index/parent_prefix_path/moveit_ros_planning
[0.189s] -- Up-to-date: /home/mu/IVG/ws_moveit/install/moveit_ros_planning/share/moveit_ros_planning/environment/ament_prefix_path.sh
[0.189s] -- Up-to-date: /home/mu/IVG/ws_moveit/install/moveit_ros_planning/share/moveit_ros_planning/environment/ament_prefix_path.dsv
[0.189s] -- Up-to-date: /home/mu/IVG/ws_moveit/install/moveit_ros_planning/share/moveit_ros_planning/environment/path.sh
[0.189s] -- Up-to-date: /home/mu/IVG/ws_moveit/install/moveit_ros_planning/share/moveit_ros_planning/environment/path.dsv
[0.189s] -- Up-to-date: /home/mu/IVG/ws_moveit/install/moveit_ros_planning/share/moveit_ros_planning/local_setup.bash
[0.189s] -- Up-to-date: /home/mu/IVG/ws_moveit/install/moveit_ros_planning/share/moveit_ros_planning/local_setup.sh
[0.189s] -- Up-to-date: /home/mu/IVG/ws_moveit/install/moveit_ros_planning/share/moveit_ros_planning/local_setup.zsh
[0.189s] -- Up-to-date: /home/mu/IVG/ws_moveit/install/moveit_ros_planning/share/moveit_ros_planning/local_setup.dsv
[0.189s] -- Installing: /home/mu/IVG/ws_moveit/install/moveit_ros_planning/share/moveit_ros_planning/package.dsv
[0.189s] -- Up-to-date: /home/mu/IVG/ws_moveit/install/moveit_ros_planning/share/ament_index/resource_index/packages/moveit_ros_planning
[0.189s] -- Up-to-date: /home/mu/IVG/ws_moveit/install/moveit_ros_planning/share/ament_index/resource_index/moveit_core__pluginlib__plugin/moveit_ros_planning
[0.189s] -- Up-to-date: /home/mu/IVG/ws_moveit/install/moveit_ros_planning/share/moveit_ros_planning/cmake/export_moveit_ros_planningExport.cmake
[0.189s] -- Up-to-date: /home/mu/IVG/ws_moveit/install/moveit_ros_planning/share/moveit_ros_planning/cmake/export_moveit_ros_planningExport-release.cmake
[0.189s] -- Up-to-date: /home/mu/IVG/ws_moveit/install/moveit_ros_planning/share/moveit_ros_planning/cmake/ConfigExtras.cmake
[0.189s] -- Up-to-date: /home/mu/IVG/ws_moveit/install/moveit_ros_planning/share/moveit_ros_planning/cmake/ament_cmake_export_targets-extras.cmake
[0.190s] -- Up-to-date: /home/mu/IVG/ws_moveit/install/moveit_ros_planning/share/moveit_ros_planning/cmake/ament_cmake_export_dependencies-extras.cmake
[0.190s] -- Up-to-date: /home/mu/IVG/ws_moveit/install/moveit_ros_planning/share/moveit_ros_planning/cmake/moveit_ros_planningConfig.cmake
[0.190s] -- Up-to-date: /home/mu/IVG/ws_moveit/install/moveit_ros_planning/share/moveit_ros_planning/cmake/moveit_ros_planningConfig-version.cmake
[0.190s] -- Up-to-date: /home/mu/IVG/ws_moveit/install/moveit_ros_planning/share/moveit_ros_planning/package.xml
[0.190s] -- Up-to-date: /home/mu/IVG/ws_moveit/install/moveit_ros_planning/include
[0.190s] -- Up-to-date: /home/mu/IVG/ws_moveit/install/moveit_ros_planning/include/moveit
[0.190s] -- Up-to-date: /home/mu/IVG/ws_moveit/install/moveit_ros_planning/include/moveit/rdf_loader
[0.190s] -- Up-to-date: /home/mu/IVG/ws_moveit/install/moveit_ros_planning/include/moveit/rdf_loader/rdf_loader.h
[0.190s] -- Up-to-date: /home/mu/IVG/ws_moveit/install/moveit_ros_planning/include/moveit/rdf_loader/synchronized_string_parameter.h
[0.190s] -- Up-to-date: /home/mu/IVG/ws_moveit/install/moveit_ros_planning/share/moveit_ros_planning/rdf_loader/test/data
[0.190s] -- Up-to-date: /home/mu/IVG/ws_moveit/install/moveit_ros_planning/share/moveit_ros_planning/rdf_loader/test/data/robin.srdf.xacro
[0.190s] -- Up-to-date: /home/mu/IVG/ws_moveit/install/moveit_ros_planning/share/moveit_ros_planning/rdf_loader/test/data/kermit.srdf
[0.190s] -- Up-to-date: /home/mu/IVG/ws_moveit/install/moveit_ros_planning/share/moveit_ros_planning/rdf_loader/test/data/kermit.urdf
[0.190s] -- Up-to-date: /home/mu/IVG/ws_moveit/install/moveit_ros_planning/share/moveit_ros_planning/rdf_loader/test/data/gonzo.srdf
[0.190s] -- Up-to-date: /home/mu/IVG/ws_moveit/install/moveit_ros_planning/share/moveit_ros_planning/rdf_loader/test/data/gonzo.urdf
[0.190s] -- Up-to-date: /home/mu/IVG/ws_moveit/install/moveit_ros_planning/share/moveit_ros_planning/rdf_loader/test/launch
[0.190s] -- Up-to-date: /home/mu/IVG/ws_moveit/install/moveit_ros_planning/share/moveit_ros_planning/rdf_loader/test/launch/test_rdf_integration.test.py
[0.190s] -- Up-to-date: /home/mu/IVG/ws_moveit/install/moveit_ros_planning/lib/moveit_ros_planning/test_rdf_integration
[0.190s] -- Up-to-date: /home/mu/IVG/ws_moveit/install/moveit_ros_planning/lib/moveit_ros_planning/boring_string_publisher
[0.190s] -- Up-to-date: /home/mu/IVG/ws_moveit/install/moveit_ros_planning/include
[0.190s] -- Up-to-date: /home/mu/IVG/ws_moveit/install/moveit_ros_planning/include/moveit
[0.190s] -- Up-to-date: /home/mu/IVG/ws_moveit/install/moveit_ros_planning/include/moveit/collision_plugin_loader
[0.190s] -- Up-to-date: /home/mu/IVG/ws_moveit/install/moveit_ros_planning/include/moveit/collision_plugin_loader/collision_plugin_loader.h
[0.190s] -- Up-to-date: /home/mu/IVG/ws_moveit/install/moveit_ros_planning/include
[0.190s] -- Up-to-date: /home/mu/IVG/ws_moveit/install/moveit_ros_planning/include/moveit
[0.190s] -- Up-to-date: /home/mu/IVG/ws_moveit/install/moveit_ros_planning/include/moveit/kinematics_plugin_loader
[0.190s] -- Up-to-date: /home/mu/IVG/ws_moveit/install/moveit_ros_planning/include/moveit/kinematics_plugin_loader/kinematics_plugin_loader.h
[0.190s] -- Up-to-date: /home/mu/IVG/ws_moveit/install/moveit_ros_planning/include
[0.190s] -- Up-to-date: /home/mu/IVG/ws_moveit/install/moveit_ros_planning/include/moveit
[0.190s] -- Up-to-date: /home/mu/IVG/ws_moveit/install/moveit_ros_planning/include/moveit/robot_model_loader
[0.190s] -- Up-to-date: /home/mu/IVG/ws_moveit/install/moveit_ros_planning/include/moveit/robot_model_loader/robot_model_loader.h
[0.190s] -- Up-to-date: /home/mu/IVG/ws_moveit/install/moveit_ros_planning/include
[0.190s] -- Up-to-date: /home/mu/IVG/ws_moveit/install/moveit_ros_planning/include/moveit
[0.190s] -- Up-to-date: /home/mu/IVG/ws_moveit/install/moveit_ros_planning/include/moveit/constraint_sampler_manager_loader
[0.191s] -- Up-to-date: /home/mu/IVG/ws_moveit/install/moveit_ros_planning/include/moveit/constraint_sampler_manager_loader/constraint_sampler_manager_loader.h
[0.191s] -- Up-to-date: /home/mu/IVG/ws_moveit/install/moveit_ros_planning/include
[0.191s] -- Up-to-date: /home/mu/IVG/ws_moveit/install/moveit_ros_planning/include/moveit
[0.191s] -- Up-to-date: /home/mu/IVG/ws_moveit/install/moveit_ros_planning/include/moveit/planning_pipeline
[0.191s] -- Up-to-date: /home/mu/IVG/ws_moveit/install/moveit_ros_planning/include/moveit/planning_pipeline/planning_pipeline.h
[0.191s] -- Up-to-date: /home/mu/IVG/ws_moveit/install/moveit_ros_planning/include/moveit_planning_pipeline_export.h
[0.191s] -- Up-to-date: /home/mu/IVG/ws_moveit/install/moveit_ros_planning/lib/moveit_ros_planning/moveit_list_request_adapter_plugins
[0.191s] -- Up-to-date: /home/mu/IVG/ws_moveit/install/moveit_ros_planning/lib/moveit_ros_planning/demo_scene
[0.191s] -- Up-to-date: /home/mu/IVG/ws_moveit/install/moveit_ros_planning/include
[0.191s] -- Up-to-date: /home/mu/IVG/ws_moveit/install/moveit_ros_planning/include/moveit
[0.191s] -- Up-to-date: /home/mu/IVG/ws_moveit/install/moveit_ros_planning/include/moveit/planning_scene_monitor
[0.191s] -- Up-to-date: /home/mu/IVG/ws_moveit/install/moveit_ros_planning/include/moveit/planning_scene_monitor/current_state_monitor.h
[0.191s] -- Up-to-date: /home/mu/IVG/ws_moveit/install/moveit_ros_planning/include/moveit/planning_scene_monitor/current_state_monitor_middleware_handle.hpp
[0.191s] -- Up-to-date: /home/mu/IVG/ws_moveit/install/moveit_ros_planning/include/moveit/planning_scene_monitor/trajectory_monitor.h
[0.191s] -- Up-to-date: /home/mu/IVG/ws_moveit/install/moveit_ros_planning/include/moveit/planning_scene_monitor/planning_scene_monitor.h
[0.191s] -- Up-to-date: /home/mu/IVG/ws_moveit/install/moveit_ros_planning/include/moveit_planning_scene_monitor_export.h
[0.191s] -- Up-to-date: /home/mu/IVG/ws_moveit/install/moveit_ros_planning/lib/moveit_ros_planning/moveit_print_planning_model_info
[0.191s] -- Up-to-date: /home/mu/IVG/ws_moveit/install/moveit_ros_planning/lib/moveit_ros_planning/moveit_print_planning_scene_info
[0.191s] -- Up-to-date: /home/mu/IVG/ws_moveit/install/moveit_ros_planning/lib/moveit_ros_planning/moveit_display_random_state
[0.192s] -- Up-to-date: /home/mu/IVG/ws_moveit/install/moveit_ros_planning/lib/moveit_ros_planning/moveit_visualize_robot_collision_volume
[0.192s] -- Up-to-date: /home/mu/IVG/ws_moveit/install/moveit_ros_planning/lib/moveit_ros_planning/moveit_evaluate_collision_checking_speed
[0.192s] -- Up-to-date: /home/mu/IVG/ws_moveit/install/moveit_ros_planning/lib/moveit_ros_planning/moveit_evaluate_state_operations_speed
[0.192s] -- Up-to-date: /home/mu/IVG/ws_moveit/install/moveit_ros_planning/lib/moveit_ros_planning/moveit_kinematics_speed_and_validity_evaluator
[0.192s] -- Up-to-date: /home/mu/IVG/ws_moveit/install/moveit_ros_planning/lib/moveit_ros_planning/moveit_publish_scene_from_text
[0.192s] -- Up-to-date: /home/mu/IVG/ws_moveit/install/moveit_ros_planning/include
[0.192s] -- Up-to-date: /home/mu/IVG/ws_moveit/install/moveit_ros_planning/include/moveit
[0.193s] -- Up-to-date: /home/mu/IVG/ws_moveit/install/moveit_ros_planning/include/moveit/trajectory_execution_manager
[0.193s] -- Up-to-date: /home/mu/IVG/ws_moveit/install/moveit_ros_planning/include/moveit/trajectory_execution_manager/trajectory_execution_manager.h
[0.193s] -- Up-to-date: /home/mu/IVG/ws_moveit/install/moveit_ros_planning/include/moveit_trajectory_execution_manager_export.h
[0.193s] -- Up-to-date: /home/mu/IVG/ws_moveit/install/moveit_ros_planning/include
[0.193s] -- Up-to-date: /home/mu/IVG/ws_moveit/install/moveit_ros_planning/include/moveit
[0.193s] -- Up-to-date: /home/mu/IVG/ws_moveit/install/moveit_ros_planning/include/moveit/plan_execution
[0.193s] -- Up-to-date: /home/mu/IVG/ws_moveit/install/moveit_ros_planning/include/moveit/plan_execution/plan_with_sensing.h
[0.193s] -- Up-to-date: /home/mu/IVG/ws_moveit/install/moveit_ros_planning/include/moveit/plan_execution/plan_execution.h
[0.193s] -- Up-to-date: /home/mu/IVG/ws_moveit/install/moveit_ros_planning/include/moveit/plan_execution/plan_representation.h
[0.193s] -- Up-to-date: /home/mu/IVG/ws_moveit/install/moveit_ros_planning/include
[0.193s] -- Up-to-date: /home/mu/IVG/ws_moveit/install/moveit_ros_planning/include/moveit
[0.193s] -- Up-to-date: /home/mu/IVG/ws_moveit/install/moveit_ros_planning/include/moveit/moveit_cpp
[0.193s] -- Up-to-date: /home/mu/IVG/ws_moveit/install/moveit_ros_planning/include/moveit/moveit_cpp/moveit_cpp.h
[0.193s] -- Up-to-date: /home/mu/IVG/ws_moveit/install/moveit_ros_planning/include/moveit/moveit_cpp/planning_component.h
[0.194s] Invoked command in '/home/mu/IVG/ws_moveit/build/moveit_ros_planning' returned '0': CMAKE_PREFIX_PATH=/home/mu/IVG/ws_moveit/install/moveit_ros_occupancy_map_monitor:/home/mu/IVG/ws_moveit/install/moveit_core:/home/mu/IVG/ws_moveit/install/moveit_common:/home/mu/IVG/ws_moveit/install/moveit2_tutorials:/home/mu/IVG/ws_moveit/install/moveit_visual_tools:/home/mu/IVG/ws_moveit/install/rviz_visual_tools:/home/mu/IVG/ws_moveit/install/run_ompl_constrained_planning:/home/mu/IVG/ws_moveit/install/run_moveit_cpp:/home/mu/IVG/ws_moveit/install/run_move_group:/home/mu/IVG/ws_moveit/install/moveit_runtime:/home/mu/IVG/ws_moveit/install/moveit:/home/mu/IVG/ws_moveit/install/moveit_plugins:/home/mu/IVG/ws_moveit/install/moveit_simple_controller_manager:/home/mu/IVG/ws_moveit/install/moveit_servo:/home/mu/IVG/ws_moveit/install/moveit_ros:/home/mu/IVG/ws_moveit/install/moveit_ros_visualization:/home/mu/IVG/ws_moveit/install/moveit_ros_planning_interface:/home/mu/IVG/ws_moveit/install/moveit_ros_benchmarks:/home/mu/IVG/ws_moveit/install/moveit_ros_warehouse:/home/mu/IVG/ws_moveit/install/moveit_ros_robot_interaction:/home/mu/IVG/ws_moveit/install/moveit_ros_perception:/home/mu/IVG/ws_moveit/install/moveit_ros_move_group:/home/mu/IVG/ws_moveit/install/moveit_planners:/home/mu/IVG/ws_moveit/install/moveit_planners_ompl:/home/mu/IVG/ws_moveit/install/moveit_ros_planning:/home/mu/IVG/ws_moveit/install/moveit_planners_chomp:/home/mu/IVG/ws_moveit/install/moveit_kinematics:/home/mu/IVG/ws_moveit/install/moveit_chomp_optimizer_adapter:/home/mu/IVG/ws_moveit/install/chomp_motion_planner:/opt/ros/foxy LD_LIBRARY_PATH=/home/mu/IVG/ws_moveit/install/moveit_ros_occupancy_map_monitor/lib:/home/mu/IVG/ws_moveit/install/moveit_core/lib:/home/mu/IVG/ws_moveit/install/moveit_visual_tools/lib:/home/mu/IVG/ws_moveit/install/rviz_visual_tools/lib:/home/mu/IVG/ws_moveit/install/moveit_simple_controller_manager/lib:/home/mu/IVG/ws_moveit/install/moveit_servo/lib:/home/mu/IVG/ws_moveit/install/moveit_ros_visualization/lib:/home/mu/IVG/ws_moveit/install/moveit_ros_planning_interface/lib:/home/mu/IVG/ws_moveit/install/moveit_ros_benchmarks/lib:/home/mu/IVG/ws_moveit/install/moveit_ros_warehouse/lib:/home/mu/IVG/ws_moveit/install/moveit_ros_robot_interaction/lib:/home/mu/IVG/ws_moveit/install/moveit_ros_perception/lib:/home/mu/IVG/ws_moveit/install/moveit_ros_move_group/lib:/home/mu/IVG/ws_moveit/install/moveit_planners_ompl/lib:/home/mu/IVG/ws_moveit/install/moveit_ros_planning/lib:/home/mu/IVG/ws_moveit/install/moveit_planners_chomp/lib:/home/mu/IVG/ws_moveit/install/moveit_kinematics/lib:/home/mu/IVG/ws_moveit/install/moveit_chomp_optimizer_adapter/lib:/home/mu/IVG/ws_moveit/install/chomp_motion_planner/lib:/opt/ros/foxy/opt/yaml_cpp_vendor/lib:/opt/ros/foxy/opt/rviz_ogre_vendor/lib:/opt/ros/foxy/lib/x86_64-linux-gnu:/opt/ros/foxy/lib PATH=/home/mu/IVG/ws_moveit/install/moveit_core/bin:/home/mu/IVG/ws_moveit/install/moveit_kinematics/bin:/opt/ros/foxy/bin:/usr/local/sbin:/usr/local/bin:/usr/sbin:/usr/bin:/sbin:/bin:/usr/games:/usr/local/games:/snap/bin /usr/bin/cmake --install /home/mu/IVG/ws_moveit/build/moveit_ros_planning
