[0.014s] Invoking command in '/home/mu/IVG/ws_moveit/build/moveit_ros_occupancy_map_monitor': AMENT_PREFIX_PATH=/home/mu/IVG/ws_moveit/install/moveit_core:/home/mu/IVG/ws_moveit/install/moveit_common:${AMENT_PREFIX_PATH} CMAKE_PREFIX_PATH=/home/mu/IVG/ws_moveit/install/moveit_core:/home/mu/IVG/ws_moveit/install/moveit_common:/home/mu/IVG/ws_moveit/install/moveit2_tutorials:/home/mu/IVG/ws_moveit/install/moveit_visual_tools:/home/mu/IVG/ws_moveit/install/rviz_visual_tools:/opt/ros/foxy LD_LIBRARY_PATH=/home/mu/IVG/ws_moveit/install/moveit_core/lib:${LD_LIBRARY_PATH} PATH=/home/mu/IVG/ws_moveit/install/moveit_core/bin:${PATH} /usr/bin/cmake /home/mu/IVG/ws_moveit/src/moveit2/moveit_ros/occupancy_map_monitor -DCMAKE_BUILD_TYPE=Release -DCMAKE_INSTALL_PREFIX=/home/mu/IVG/ws_moveit/install/moveit_ros_occupancy_map_monitor
[0.046s] -- The C compiler identification is GNU 9.4.0
[0.074s] -- The CXX compiler identification is GNU 9.4.0
[0.076s] -- Check for working C compiler: /usr/bin/cc
[0.110s] -- Check for working C compiler: /usr/bin/cc -- works
[0.110s] -- Detecting C compiler ABI info
[0.144s] -- Detecting C compiler ABI info - done
[0.150s] -- Detecting C compile features
[0.150s] -- Detecting C compile features - done
[0.151s] -- Check for working CXX compiler: /usr/bin/c++
[0.191s] -- Check for working CXX compiler: /usr/bin/c++ -- works
[0.191s] -- Detecting CXX compiler ABI info
[0.230s] -- Detecting CXX compiler ABI info - done
[0.236s] -- Detecting CXX compile features
[0.237s] -- Detecting CXX compile features - done
[0.237s] -- Found moveit_common: 2.2.3 (/home/mu/IVG/ws_moveit/install/moveit_common/share/moveit_common/cmake)
[0.238s] -- Found ament_cmake: 0.9.12 (/opt/ros/foxy/share/ament_cmake/cmake)
[0.251s] -- Found PythonInterp: /usr/bin/python3 (found suitable version "3.8.10", minimum required is "3") 
[0.251s] -- Using PYTHON_EXECUTABLE: /usr/bin/python3
[0.379s] -- Found moveit_core: 2.2.3 (/home/mu/IVG/ws_moveit/install/moveit_core/share/moveit_core/cmake)
[0.531s] -- Found Boost: /usr/lib/x86_64-linux-gnu/cmake/Boost-1.71.0/BoostConfig.cmake (found version "1.71.0") found components: chrono date_time filesystem iostreams program_options regex serialization system thread 
[0.542s] -- Found Boost: /usr/lib/x86_64-linux-gnu/cmake/Boost-1.71.0/BoostConfig.cmake (found version "1.71.0") found components: filesystem 
[0.571s] -- Using all available rosidl_typesupport_c: rosidl_typesupport_fastrtps_c;rosidl_typesupport_introspection_c
[0.575s] -- Found rosidl_adapter: 1.3.1 (/opt/ros/foxy/share/rosidl_adapter/cmake)
[0.618s] -- Found OpenSSL: /usr/lib/x86_64-linux-gnu/libcrypto.so (found version "1.1.1f")  
[0.633s] -- Found FastRTPS: /opt/ros/foxy/include  
[0.677s] -- Using all available rosidl_typesupport_cpp: rosidl_typesupport_fastrtps_cpp;rosidl_typesupport_introspection_cpp
[0.758s] -- Found rmw_implementation_cmake: 1.0.4 (/opt/ros/foxy/share/rmw_implementation_cmake/cmake)
[0.759s] -- Using RMW implementation 'rmw_fastrtps_cpp' as default
[0.760s] -- Found Threads: TRUE  
[0.881s] -- library: /usr/lib/x86_64-linux-gnu/libcurl.so
[0.983s] -- Found Eigen3: TRUE (found version "3.3.7") 
[2.022s] -- Found pluginlib: 2.5.4 (/opt/ros/foxy/share/pluginlib/cmake)
[2.037s] -- Found Boost: /usr/lib/x86_64-linux-gnu/cmake/Boost-1.71.0/BoostConfig.cmake (found version "1.71.0") found components: thread 
[2.043s] -- Found ament_lint_auto: 0.9.8 (/opt/ros/foxy/share/ament_lint_auto/cmake)
[2.052s] -- Added test 'lint_cmake' to check CMake code style
[2.052s] -- Added test 'xmllint' to check XML markup files
[2.054s] -- Configuring done
[2.087s] -- Generating done
[2.097s] -- Build files have been written to: /home/mu/IVG/ws_moveit/build/moveit_ros_occupancy_map_monitor
[2.103s] Invoked command in '/home/mu/IVG/ws_moveit/build/moveit_ros_occupancy_map_monitor' returned '0': AMENT_PREFIX_PATH=/home/mu/IVG/ws_moveit/install/moveit_core:/home/mu/IVG/ws_moveit/install/moveit_common:${AMENT_PREFIX_PATH} CMAKE_PREFIX_PATH=/home/mu/IVG/ws_moveit/install/moveit_core:/home/mu/IVG/ws_moveit/install/moveit_common:/home/mu/IVG/ws_moveit/install/moveit2_tutorials:/home/mu/IVG/ws_moveit/install/moveit_visual_tools:/home/mu/IVG/ws_moveit/install/rviz_visual_tools:/opt/ros/foxy LD_LIBRARY_PATH=/home/mu/IVG/ws_moveit/install/moveit_core/lib:${LD_LIBRARY_PATH} PATH=/home/mu/IVG/ws_moveit/install/moveit_core/bin:${PATH} /usr/bin/cmake /home/mu/IVG/ws_moveit/src/moveit2/moveit_ros/occupancy_map_monitor -DCMAKE_BUILD_TYPE=Release -DCMAKE_INSTALL_PREFIX=/home/mu/IVG/ws_moveit/install/moveit_ros_occupancy_map_monitor
[2.105s] Invoking command in '/home/mu/IVG/ws_moveit/build/moveit_ros_occupancy_map_monitor': AMENT_PREFIX_PATH=/home/mu/IVG/ws_moveit/install/moveit_core:/home/mu/IVG/ws_moveit/install/moveit_common:${AMENT_PREFIX_PATH} CMAKE_PREFIX_PATH=/home/mu/IVG/ws_moveit/install/moveit_core:/home/mu/IVG/ws_moveit/install/moveit_common:/home/mu/IVG/ws_moveit/install/moveit2_tutorials:/home/mu/IVG/ws_moveit/install/moveit_visual_tools:/home/mu/IVG/ws_moveit/install/rviz_visual_tools:/opt/ros/foxy LD_LIBRARY_PATH=/home/mu/IVG/ws_moveit/install/moveit_core/lib:${LD_LIBRARY_PATH} PATH=/home/mu/IVG/ws_moveit/install/moveit_core/bin:${PATH} /usr/bin/cmake --build /home/mu/IVG/ws_moveit/build/moveit_ros_occupancy_map_monitor -- -j32 -l32
[2.126s] [35m[1mScanning dependencies of target moveit_ros_occupancy_map_monitor[0m
[2.167s] [ 20%] [32mBuilding CXX object CMakeFiles/moveit_ros_occupancy_map_monitor.dir/src/occupancy_map_monitor.cpp.o[0m
[2.170s] [ 40%] [32mBuilding CXX object CMakeFiles/moveit_ros_occupancy_map_monitor.dir/src/occupancy_map_updater.cpp.o[0m
[9.961s] [ 60%] [32m[1mLinking CXX shared library libmoveit_ros_occupancy_map_monitor.so[0m
[10.090s] [ 60%] Built target moveit_ros_occupancy_map_monitor
[10.095s] [35m[1mScanning dependencies of target moveit_ros_occupancy_map_server[0m
[10.131s] [ 80%] [32mBuilding CXX object CMakeFiles/moveit_ros_occupancy_map_server.dir/src/occupancy_map_server.cpp.o[0m
[15.127s] [100%] [32m[1mLinking CXX executable moveit_ros_occupancy_map_server[0m
[15.273s] [100%] Built target moveit_ros_occupancy_map_server
[15.280s] Invoked command in '/home/mu/IVG/ws_moveit/build/moveit_ros_occupancy_map_monitor' returned '0': AMENT_PREFIX_PATH=/home/mu/IVG/ws_moveit/install/moveit_core:/home/mu/IVG/ws_moveit/install/moveit_common:${AMENT_PREFIX_PATH} CMAKE_PREFIX_PATH=/home/mu/IVG/ws_moveit/install/moveit_core:/home/mu/IVG/ws_moveit/install/moveit_common:/home/mu/IVG/ws_moveit/install/moveit2_tutorials:/home/mu/IVG/ws_moveit/install/moveit_visual_tools:/home/mu/IVG/ws_moveit/install/rviz_visual_tools:/opt/ros/foxy LD_LIBRARY_PATH=/home/mu/IVG/ws_moveit/install/moveit_core/lib:${LD_LIBRARY_PATH} PATH=/home/mu/IVG/ws_moveit/install/moveit_core/bin:${PATH} /usr/bin/cmake --build /home/mu/IVG/ws_moveit/build/moveit_ros_occupancy_map_monitor -- -j32 -l32
[15.282s] Invoking command in '/home/mu/IVG/ws_moveit/build/moveit_ros_occupancy_map_monitor': AMENT_PREFIX_PATH=/home/mu/IVG/ws_moveit/install/moveit_core:/home/mu/IVG/ws_moveit/install/moveit_common:${AMENT_PREFIX_PATH} CMAKE_PREFIX_PATH=/home/mu/IVG/ws_moveit/install/moveit_core:/home/mu/IVG/ws_moveit/install/moveit_common:/home/mu/IVG/ws_moveit/install/moveit2_tutorials:/home/mu/IVG/ws_moveit/install/moveit_visual_tools:/home/mu/IVG/ws_moveit/install/rviz_visual_tools:/opt/ros/foxy LD_LIBRARY_PATH=/home/mu/IVG/ws_moveit/install/moveit_core/lib:${LD_LIBRARY_PATH} PATH=/home/mu/IVG/ws_moveit/install/moveit_core/bin:${PATH} /usr/bin/cmake --install /home/mu/IVG/ws_moveit/build/moveit_ros_occupancy_map_monitor
[15.287s] -- Install configuration: "Release"
[15.287s] -- Installing: /home/mu/IVG/ws_moveit/install/moveit_ros_occupancy_map_monitor/lib/libmoveit_ros_occupancy_map_monitor.so.2.2.3
[15.288s] -- Set runtime path of "/home/mu/IVG/ws_moveit/install/moveit_ros_occupancy_map_monitor/lib/libmoveit_ros_occupancy_map_monitor.so.2.2.3" to ""
[15.288s] -- Installing: /home/mu/IVG/ws_moveit/install/moveit_ros_occupancy_map_monitor/lib/libmoveit_ros_occupancy_map_monitor.so
[15.288s] -- Installing: /home/mu/IVG/ws_moveit/install/moveit_ros_occupancy_map_monitor/lib/moveit_ros_occupancy_map_monitor/moveit_ros_occupancy_map_server
[15.288s] -- Set runtime path of "/home/mu/IVG/ws_moveit/install/moveit_ros_occupancy_map_monitor/lib/moveit_ros_occupancy_map_monitor/moveit_ros_occupancy_map_server" to ""
[15.288s] -- Installing: /home/mu/IVG/ws_moveit/install/moveit_ros_occupancy_map_monitor/include
[15.288s] -- Installing: /home/mu/IVG/ws_moveit/install/moveit_ros_occupancy_map_monitor/include/moveit
[15.288s] -- Installing: /home/mu/IVG/ws_moveit/install/moveit_ros_occupancy_map_monitor/include/moveit/occupancy_map_monitor
[15.288s] -- Installing: /home/mu/IVG/ws_moveit/install/moveit_ros_occupancy_map_monitor/include/moveit/occupancy_map_monitor/occupancy_map_monitor.h
[15.288s] -- Installing: /home/mu/IVG/ws_moveit/install/moveit_ros_occupancy_map_monitor/include/moveit/occupancy_map_monitor/occupancy_map.h
[15.288s] -- Installing: /home/mu/IVG/ws_moveit/install/moveit_ros_occupancy_map_monitor/include/moveit/occupancy_map_monitor/occupancy_map_updater.h
[15.288s] -- Installing: /home/mu/IVG/ws_moveit/install/moveit_ros_occupancy_map_monitor/share/moveit_ros_occupancy_map_monitor/environment/library_path.sh
[15.288s] -- Installing: /home/mu/IVG/ws_moveit/install/moveit_ros_occupancy_map_monitor/share/moveit_ros_occupancy_map_monitor/environment/library_path.dsv
[15.289s] -- Installing: /home/mu/IVG/ws_moveit/install/moveit_ros_occupancy_map_monitor/share/ament_index/resource_index/package_run_dependencies/moveit_ros_occupancy_map_monitor
[15.289s] -- Installing: /home/mu/IVG/ws_moveit/install/moveit_ros_occupancy_map_monitor/share/ament_index/resource_index/parent_prefix_path/moveit_ros_occupancy_map_monitor
[15.289s] -- Installing: /home/mu/IVG/ws_moveit/install/moveit_ros_occupancy_map_monitor/share/moveit_ros_occupancy_map_monitor/environment/ament_prefix_path.sh
[15.289s] -- Installing: /home/mu/IVG/ws_moveit/install/moveit_ros_occupancy_map_monitor/share/moveit_ros_occupancy_map_monitor/environment/ament_prefix_path.dsv
[15.289s] -- Installing: /home/mu/IVG/ws_moveit/install/moveit_ros_occupancy_map_monitor/share/moveit_ros_occupancy_map_monitor/environment/path.sh
[15.289s] -- Installing: /home/mu/IVG/ws_moveit/install/moveit_ros_occupancy_map_monitor/share/moveit_ros_occupancy_map_monitor/environment/path.dsv
[15.289s] -- Installing: /home/mu/IVG/ws_moveit/install/moveit_ros_occupancy_map_monitor/share/moveit_ros_occupancy_map_monitor/local_setup.bash
[15.289s] -- Installing: /home/mu/IVG/ws_moveit/install/moveit_ros_occupancy_map_monitor/share/moveit_ros_occupancy_map_monitor/local_setup.sh
[15.289s] -- Installing: /home/mu/IVG/ws_moveit/install/moveit_ros_occupancy_map_monitor/share/moveit_ros_occupancy_map_monitor/local_setup.zsh
[15.289s] -- Installing: /home/mu/IVG/ws_moveit/install/moveit_ros_occupancy_map_monitor/share/moveit_ros_occupancy_map_monitor/local_setup.dsv
[15.289s] -- Installing: /home/mu/IVG/ws_moveit/install/moveit_ros_occupancy_map_monitor/share/moveit_ros_occupancy_map_monitor/package.dsv
[15.289s] -- Installing: /home/mu/IVG/ws_moveit/install/moveit_ros_occupancy_map_monitor/share/ament_index/resource_index/packages/moveit_ros_occupancy_map_monitor
[15.289s] -- Installing: /home/mu/IVG/ws_moveit/install/moveit_ros_occupancy_map_monitor/share/moveit_ros_occupancy_map_monitor/cmake/export_moveit_ros_occupancy_map_monitorExport.cmake
[15.289s] -- Installing: /home/mu/IVG/ws_moveit/install/moveit_ros_occupancy_map_monitor/share/moveit_ros_occupancy_map_monitor/cmake/export_moveit_ros_occupancy_map_monitorExport-release.cmake
[15.289s] -- Installing: /home/mu/IVG/ws_moveit/install/moveit_ros_occupancy_map_monitor/share/moveit_ros_occupancy_map_monitor/cmake/ConfigExtras.cmake
[15.289s] -- Installing: /home/mu/IVG/ws_moveit/install/moveit_ros_occupancy_map_monitor/share/moveit_ros_occupancy_map_monitor/cmake/ament_cmake_export_targets-extras.cmake
[15.289s] -- Installing: /home/mu/IVG/ws_moveit/install/moveit_ros_occupancy_map_monitor/share/moveit_ros_occupancy_map_monitor/cmake/ament_cmake_export_dependencies-extras.cmake
[15.289s] -- Installing: /home/mu/IVG/ws_moveit/install/moveit_ros_occupancy_map_monitor/share/moveit_ros_occupancy_map_monitor/cmake/moveit_ros_occupancy_map_monitorConfig.cmake
[15.289s] -- Installing: /home/mu/IVG/ws_moveit/install/moveit_ros_occupancy_map_monitor/share/moveit_ros_occupancy_map_monitor/cmake/moveit_ros_occupancy_map_monitorConfig-version.cmake
[15.289s] -- Installing: /home/mu/IVG/ws_moveit/install/moveit_ros_occupancy_map_monitor/share/moveit_ros_occupancy_map_monitor/package.xml
[15.291s] Invoked command in '/home/mu/IVG/ws_moveit/build/moveit_ros_occupancy_map_monitor' returned '0': AMENT_PREFIX_PATH=/home/mu/IVG/ws_moveit/install/moveit_core:/home/mu/IVG/ws_moveit/install/moveit_common:${AMENT_PREFIX_PATH} CMAKE_PREFIX_PATH=/home/mu/IVG/ws_moveit/install/moveit_core:/home/mu/IVG/ws_moveit/install/moveit_common:/home/mu/IVG/ws_moveit/install/moveit2_tutorials:/home/mu/IVG/ws_moveit/install/moveit_visual_tools:/home/mu/IVG/ws_moveit/install/rviz_visual_tools:/opt/ros/foxy LD_LIBRARY_PATH=/home/mu/IVG/ws_moveit/install/moveit_core/lib:${LD_LIBRARY_PATH} PATH=/home/mu/IVG/ws_moveit/install/moveit_core/bin:${PATH} /usr/bin/cmake --install /home/mu/IVG/ws_moveit/build/moveit_ros_occupancy_map_monitor
