[0.008s] Invoking command in '/home/mu/IVG/aubo_ros2_ws/build/aubo_dashboard_msgs': /usr/bin/cmake /home/mu/IVG/aubo_ros2_ws/src/aubo_ros2_driver/aubo_dashboard_msgs -DCMAKE_BUILD_TYPE=Release -DCMAKE_INSTALL_PREFIX=/home/mu/IVG/aubo_ros2_ws/install/aubo_dashboard_msgs
[0.014s] -- Found ament_cmake: 0.9.12 (/opt/ros/foxy/share/ament_cmake/cmake)
[0.024s] -- Found PythonInterp: /usr/bin/python3 (found suitable version "3.8.10", minimum required is "3") 
[0.024s] -- Using PYTHON_EXECUTABLE: /usr/bin/python3
[0.092s] Traceback (most recent call last):
[0.092s]   File "/opt/ros/foxy/share/ament_cmake_core/cmake/package_templates/templates_2_cmake.py", line 21, in <module>
[0.092s]     from ament_package.templates import get_environment_hook_template_path
[0.092s] ModuleNotFoundError: No module named 'ament_package'
[0.102s] CMake Error at /opt/ros/foxy/share/ament_cmake_core/cmake/ament_cmake_package_templates-extras.cmake:41 (message):
[0.103s]   execute_process(/usr/bin/python3
[0.103s]   /opt/ros/foxy/share/ament_cmake_core/cmake/package_templates/templates_2_cmake.py
[0.103s]   /home/mu/IVG/aubo_ros2_ws/build/aubo_dashboard_msgs/ament_cmake_package_templates/templates.cmake)
[0.103s]   returned error code 1
[0.103s] Call Stack (most recent call first):
[0.103s]   /opt/ros/foxy/share/ament_cmake_core/cmake/ament_cmake_coreConfig.cmake:41 (include)
[0.103s]   /opt/ros/foxy/share/ament_cmake/cmake/ament_cmake_export_dependencies-extras.cmake:15 (find_package)
[0.103s]   /opt/ros/foxy/share/ament_cmake/cmake/ament_cmakeConfig.cmake:41 (include)
[0.104s]   CMakeLists.txt:4 (find_package)
[0.104s] 
[0.104s] 
[0.104s] -- Configuring incomplete, errors occurred!
[0.104s] See also "/home/mu/IVG/aubo_ros2_ws/build/aubo_dashboard_msgs/CMakeFiles/CMakeOutput.log".
