[0.007s] Invoking command in '/home/mu/IVG/ws_moveit/build/moveit_resources': AMENT_PREFIX_PATH=/home/mu/IVG/ws_moveit/install/moveit_resources_panda_moveit_config:/home/mu/IVG/ws_moveit/install/moveit_resources_fanuc_moveit_config:/home/mu/IVG/ws_moveit/install/moveit_resources_pr2_description:/home/mu/IVG/ws_moveit/install/moveit_resources_panda_description:/home/mu/IVG/ws_moveit/install/moveit_resources_fanuc_description:${AMENT_PREFIX_PATH} CMAKE_PREFIX_PATH=/home/mu/IVG/ws_moveit/install/moveit_resources_panda_moveit_config:/home/mu/IVG/ws_moveit/install/moveit_resources_fanuc_moveit_config:/home/mu/IVG/ws_moveit/install/moveit_resources_pr2_description:/home/mu/IVG/ws_moveit/install/moveit_resources_panda_description:/home/mu/IVG/ws_moveit/install/moveit_resources_fanuc_description:/home/mu/IVG/ws_moveit/install/moveit2_tutorials:/home/mu/IVG/ws_moveit/install/moveit_visual_tools:/home/mu/IVG/ws_moveit/install/rviz_visual_tools:/opt/ros/foxy /usr/bin/cmake /home/mu/IVG/ws_moveit/src/moveit_resources/moveit_resources -DCMAKE_BUILD_TYPE=Release -DCMAKE_INSTALL_PREFIX=/home/mu/IVG/ws_moveit/install/moveit_resources
[0.034s] -- The C compiler identification is GNU 9.4.0
[0.061s] -- The CXX compiler identification is GNU 9.4.0
[0.064s] -- Check for working C compiler: /usr/bin/cc
[0.097s] -- Check for working C compiler: /usr/bin/cc -- works
[0.098s] -- Detecting C compiler ABI info
[0.152s] -- Detecting C compiler ABI info - done
[0.164s] -- Detecting C compile features
[0.164s] -- Detecting C compile features - done
[0.167s] -- Check for working CXX compiler: /usr/bin/c++
[0.228s] -- Check for working CXX compiler: /usr/bin/c++ -- works
[0.229s] -- Detecting CXX compiler ABI info
[0.293s] -- Detecting CXX compiler ABI info - done
[0.301s] -- Detecting CXX compile features
[0.301s] -- Detecting CXX compile features - done
[0.304s] -- Found ament_cmake: 0.9.12 (/opt/ros/foxy/share/ament_cmake/cmake)
[0.318s] -- Found PythonInterp: /usr/bin/python3 (found suitable version "3.8.10", minimum required is "3") 
[0.318s] -- Using PYTHON_EXECUTABLE: /usr/bin/python3
[0.430s] -- Configuring done
[0.431s] -- Generating done
[0.431s] -- Build files have been written to: /home/mu/IVG/ws_moveit/build/moveit_resources
[0.434s] Invoked command in '/home/mu/IVG/ws_moveit/build/moveit_resources' returned '0': AMENT_PREFIX_PATH=/home/mu/IVG/ws_moveit/install/moveit_resources_panda_moveit_config:/home/mu/IVG/ws_moveit/install/moveit_resources_fanuc_moveit_config:/home/mu/IVG/ws_moveit/install/moveit_resources_pr2_description:/home/mu/IVG/ws_moveit/install/moveit_resources_panda_description:/home/mu/IVG/ws_moveit/install/moveit_resources_fanuc_description:${AMENT_PREFIX_PATH} CMAKE_PREFIX_PATH=/home/mu/IVG/ws_moveit/install/moveit_resources_panda_moveit_config:/home/mu/IVG/ws_moveit/install/moveit_resources_fanuc_moveit_config:/home/mu/IVG/ws_moveit/install/moveit_resources_pr2_description:/home/mu/IVG/ws_moveit/install/moveit_resources_panda_description:/home/mu/IVG/ws_moveit/install/moveit_resources_fanuc_description:/home/mu/IVG/ws_moveit/install/moveit2_tutorials:/home/mu/IVG/ws_moveit/install/moveit_visual_tools:/home/mu/IVG/ws_moveit/install/rviz_visual_tools:/opt/ros/foxy /usr/bin/cmake /home/mu/IVG/ws_moveit/src/moveit_resources/moveit_resources -DCMAKE_BUILD_TYPE=Release -DCMAKE_INSTALL_PREFIX=/home/mu/IVG/ws_moveit/install/moveit_resources
[0.435s] Invoking command in '/home/mu/IVG/ws_moveit/build/moveit_resources': AMENT_PREFIX_PATH=/home/mu/IVG/ws_moveit/install/moveit_resources_panda_moveit_config:/home/mu/IVG/ws_moveit/install/moveit_resources_fanuc_moveit_config:/home/mu/IVG/ws_moveit/install/moveit_resources_pr2_description:/home/mu/IVG/ws_moveit/install/moveit_resources_panda_description:/home/mu/IVG/ws_moveit/install/moveit_resources_fanuc_description:${AMENT_PREFIX_PATH} CMAKE_PREFIX_PATH=/home/mu/IVG/ws_moveit/install/moveit_resources_panda_moveit_config:/home/mu/IVG/ws_moveit/install/moveit_resources_fanuc_moveit_config:/home/mu/IVG/ws_moveit/install/moveit_resources_pr2_description:/home/mu/IVG/ws_moveit/install/moveit_resources_panda_description:/home/mu/IVG/ws_moveit/install/moveit_resources_fanuc_description:/home/mu/IVG/ws_moveit/install/moveit2_tutorials:/home/mu/IVG/ws_moveit/install/moveit_visual_tools:/home/mu/IVG/ws_moveit/install/rviz_visual_tools:/opt/ros/foxy /usr/bin/cmake --build /home/mu/IVG/ws_moveit/build/moveit_resources -- -j32 -l32
[0.455s] Invoked command in '/home/mu/IVG/ws_moveit/build/moveit_resources' returned '0': AMENT_PREFIX_PATH=/home/mu/IVG/ws_moveit/install/moveit_resources_panda_moveit_config:/home/mu/IVG/ws_moveit/install/moveit_resources_fanuc_moveit_config:/home/mu/IVG/ws_moveit/install/moveit_resources_pr2_description:/home/mu/IVG/ws_moveit/install/moveit_resources_panda_description:/home/mu/IVG/ws_moveit/install/moveit_resources_fanuc_description:${AMENT_PREFIX_PATH} CMAKE_PREFIX_PATH=/home/mu/IVG/ws_moveit/install/moveit_resources_panda_moveit_config:/home/mu/IVG/ws_moveit/install/moveit_resources_fanuc_moveit_config:/home/mu/IVG/ws_moveit/install/moveit_resources_pr2_description:/home/mu/IVG/ws_moveit/install/moveit_resources_panda_description:/home/mu/IVG/ws_moveit/install/moveit_resources_fanuc_description:/home/mu/IVG/ws_moveit/install/moveit2_tutorials:/home/mu/IVG/ws_moveit/install/moveit_visual_tools:/home/mu/IVG/ws_moveit/install/rviz_visual_tools:/opt/ros/foxy /usr/bin/cmake --build /home/mu/IVG/ws_moveit/build/moveit_resources -- -j32 -l32
[0.456s] Invoking command in '/home/mu/IVG/ws_moveit/build/moveit_resources': AMENT_PREFIX_PATH=/home/mu/IVG/ws_moveit/install/moveit_resources_panda_moveit_config:/home/mu/IVG/ws_moveit/install/moveit_resources_fanuc_moveit_config:/home/mu/IVG/ws_moveit/install/moveit_resources_pr2_description:/home/mu/IVG/ws_moveit/install/moveit_resources_panda_description:/home/mu/IVG/ws_moveit/install/moveit_resources_fanuc_description:${AMENT_PREFIX_PATH} CMAKE_PREFIX_PATH=/home/mu/IVG/ws_moveit/install/moveit_resources_panda_moveit_config:/home/mu/IVG/ws_moveit/install/moveit_resources_fanuc_moveit_config:/home/mu/IVG/ws_moveit/install/moveit_resources_pr2_description:/home/mu/IVG/ws_moveit/install/moveit_resources_panda_description:/home/mu/IVG/ws_moveit/install/moveit_resources_fanuc_description:/home/mu/IVG/ws_moveit/install/moveit2_tutorials:/home/mu/IVG/ws_moveit/install/moveit_visual_tools:/home/mu/IVG/ws_moveit/install/rviz_visual_tools:/opt/ros/foxy /usr/bin/cmake --install /home/mu/IVG/ws_moveit/build/moveit_resources
[0.461s] -- Install configuration: "Release"
[0.461s] -- Installing: /home/mu/IVG/ws_moveit/install/moveit_resources/share/ament_index/resource_index/package_run_dependencies/moveit_resources
[0.461s] -- Installing: /home/mu/IVG/ws_moveit/install/moveit_resources/share/ament_index/resource_index/parent_prefix_path/moveit_resources
[0.462s] -- Installing: /home/mu/IVG/ws_moveit/install/moveit_resources/share/moveit_resources/environment/ament_prefix_path.sh
[0.462s] -- Installing: /home/mu/IVG/ws_moveit/install/moveit_resources/share/moveit_resources/environment/ament_prefix_path.dsv
[0.462s] -- Installing: /home/mu/IVG/ws_moveit/install/moveit_resources/share/moveit_resources/environment/path.sh
[0.462s] -- Installing: /home/mu/IVG/ws_moveit/install/moveit_resources/share/moveit_resources/environment/path.dsv
[0.462s] -- Installing: /home/mu/IVG/ws_moveit/install/moveit_resources/share/moveit_resources/local_setup.bash
[0.462s] -- Installing: /home/mu/IVG/ws_moveit/install/moveit_resources/share/moveit_resources/local_setup.sh
[0.462s] -- Installing: /home/mu/IVG/ws_moveit/install/moveit_resources/share/moveit_resources/local_setup.zsh
[0.462s] -- Installing: /home/mu/IVG/ws_moveit/install/moveit_resources/share/moveit_resources/local_setup.dsv
[0.462s] -- Installing: /home/mu/IVG/ws_moveit/install/moveit_resources/share/moveit_resources/package.dsv
[0.462s] -- Installing: /home/mu/IVG/ws_moveit/install/moveit_resources/share/ament_index/resource_index/packages/moveit_resources
[0.462s] -- Installing: /home/mu/IVG/ws_moveit/install/moveit_resources/share/moveit_resources/cmake/moveit_resourcesConfig.cmake
[0.462s] -- Installing: /home/mu/IVG/ws_moveit/install/moveit_resources/share/moveit_resources/cmake/moveit_resourcesConfig-version.cmake
[0.462s] -- Installing: /home/mu/IVG/ws_moveit/install/moveit_resources/share/moveit_resources/package.xml
[0.465s] Invoked command in '/home/mu/IVG/ws_moveit/build/moveit_resources' returned '0': AMENT_PREFIX_PATH=/home/mu/IVG/ws_moveit/install/moveit_resources_panda_moveit_config:/home/mu/IVG/ws_moveit/install/moveit_resources_fanuc_moveit_config:/home/mu/IVG/ws_moveit/install/moveit_resources_pr2_description:/home/mu/IVG/ws_moveit/install/moveit_resources_panda_description:/home/mu/IVG/ws_moveit/install/moveit_resources_fanuc_description:${AMENT_PREFIX_PATH} CMAKE_PREFIX_PATH=/home/mu/IVG/ws_moveit/install/moveit_resources_panda_moveit_config:/home/mu/IVG/ws_moveit/install/moveit_resources_fanuc_moveit_config:/home/mu/IVG/ws_moveit/install/moveit_resources_pr2_description:/home/mu/IVG/ws_moveit/install/moveit_resources_panda_description:/home/mu/IVG/ws_moveit/install/moveit_resources_fanuc_description:/home/mu/IVG/ws_moveit/install/moveit2_tutorials:/home/mu/IVG/ws_moveit/install/moveit_visual_tools:/home/mu/IVG/ws_moveit/install/rviz_visual_tools:/opt/ros/foxy /usr/bin/cmake --install /home/mu/IVG/ws_moveit/build/moveit_resources
