[0.018s] Invoking command in '/home/mu/IVG/ws_moveit/build/moveit_visual_tools': AMENT_PREFIX_PATH=/home/mu/IVG/ws_moveit/install/moveit_ros_planning:/home/mu/IVG/ws_moveit/install/moveit_ros_occupancy_map_monitor:/home/mu/IVG/ws_moveit/install/moveit_core:/home/mu/IVG/ws_moveit/install/moveit_common:${AMENT_PREFIX_PATH} CMAKE_PREFIX_PATH=/home/mu/IVG/ws_moveit/install/moveit_ros_planning:/home/mu/IVG/ws_moveit/install/moveit_ros_occupancy_map_monitor:/home/mu/IVG/ws_moveit/install/moveit_core:/home/mu/IVG/ws_moveit/install/rviz_visual_tools:/home/mu/IVG/ws_moveit/install/moveit_common:/home/mu/IVG/ws_moveit/install/moveit2_tutorials:/home/mu/IVG/ws_moveit/install/moveit_visual_tools:/opt/ros/foxy LD_LIBRARY_PATH=/home/mu/IVG/ws_moveit/install/moveit_ros_planning/lib:/home/mu/IVG/ws_moveit/install/moveit_ros_occupancy_map_monitor/lib:/home/mu/IVG/ws_moveit/install/moveit_core/lib:/home/mu/IVG/ws_moveit/install/rviz_visual_tools/lib:/home/mu/IVG/ws_moveit/install/moveit_visual_tools/lib:/opt/ros/foxy/opt/yaml_cpp_vendor/lib:/opt/ros/foxy/opt/rviz_ogre_vendor/lib:/opt/ros/foxy/lib/x86_64-linux-gnu:/opt/ros/foxy/lib PATH=/home/mu/IVG/ws_moveit/install/moveit_core/bin:${PATH} /usr/bin/cmake --build /home/mu/IVG/ws_moveit/build/moveit_visual_tools -- -j32 -l32
[0.070s] [ 66%] Built target moveit_visual_tools
[0.099s] [100%] Built target moveit_visual_tools_demo
[0.105s] Invoked command in '/home/mu/IVG/ws_moveit/build/moveit_visual_tools' returned '0': AMENT_PREFIX_PATH=/home/mu/IVG/ws_moveit/install/moveit_ros_planning:/home/mu/IVG/ws_moveit/install/moveit_ros_occupancy_map_monitor:/home/mu/IVG/ws_moveit/install/moveit_core:/home/mu/IVG/ws_moveit/install/moveit_common:${AMENT_PREFIX_PATH} CMAKE_PREFIX_PATH=/home/mu/IVG/ws_moveit/install/moveit_ros_planning:/home/mu/IVG/ws_moveit/install/moveit_ros_occupancy_map_monitor:/home/mu/IVG/ws_moveit/install/moveit_core:/home/mu/IVG/ws_moveit/install/rviz_visual_tools:/home/mu/IVG/ws_moveit/install/moveit_common:/home/mu/IVG/ws_moveit/install/moveit2_tutorials:/home/mu/IVG/ws_moveit/install/moveit_visual_tools:/opt/ros/foxy LD_LIBRARY_PATH=/home/mu/IVG/ws_moveit/install/moveit_ros_planning/lib:/home/mu/IVG/ws_moveit/install/moveit_ros_occupancy_map_monitor/lib:/home/mu/IVG/ws_moveit/install/moveit_core/lib:/home/mu/IVG/ws_moveit/install/rviz_visual_tools/lib:/home/mu/IVG/ws_moveit/install/moveit_visual_tools/lib:/opt/ros/foxy/opt/yaml_cpp_vendor/lib:/opt/ros/foxy/opt/rviz_ogre_vendor/lib:/opt/ros/foxy/lib/x86_64-linux-gnu:/opt/ros/foxy/lib PATH=/home/mu/IVG/ws_moveit/install/moveit_core/bin:${PATH} /usr/bin/cmake --build /home/mu/IVG/ws_moveit/build/moveit_visual_tools -- -j32 -l32
[0.108s] Invoking command in '/home/mu/IVG/ws_moveit/build/moveit_visual_tools': AMENT_PREFIX_PATH=/home/mu/IVG/ws_moveit/install/moveit_ros_planning:/home/mu/IVG/ws_moveit/install/moveit_ros_occupancy_map_monitor:/home/mu/IVG/ws_moveit/install/moveit_core:/home/mu/IVG/ws_moveit/install/moveit_common:${AMENT_PREFIX_PATH} CMAKE_PREFIX_PATH=/home/mu/IVG/ws_moveit/install/moveit_ros_planning:/home/mu/IVG/ws_moveit/install/moveit_ros_occupancy_map_monitor:/home/mu/IVG/ws_moveit/install/moveit_core:/home/mu/IVG/ws_moveit/install/rviz_visual_tools:/home/mu/IVG/ws_moveit/install/moveit_common:/home/mu/IVG/ws_moveit/install/moveit2_tutorials:/home/mu/IVG/ws_moveit/install/moveit_visual_tools:/opt/ros/foxy LD_LIBRARY_PATH=/home/mu/IVG/ws_moveit/install/moveit_ros_planning/lib:/home/mu/IVG/ws_moveit/install/moveit_ros_occupancy_map_monitor/lib:/home/mu/IVG/ws_moveit/install/moveit_core/lib:/home/mu/IVG/ws_moveit/install/rviz_visual_tools/lib:/home/mu/IVG/ws_moveit/install/moveit_visual_tools/lib:/opt/ros/foxy/opt/yaml_cpp_vendor/lib:/opt/ros/foxy/opt/rviz_ogre_vendor/lib:/opt/ros/foxy/lib/x86_64-linux-gnu:/opt/ros/foxy/lib PATH=/home/mu/IVG/ws_moveit/install/moveit_core/bin:${PATH} /usr/bin/cmake --install /home/mu/IVG/ws_moveit/build/moveit_visual_tools
[0.112s] -- Install configuration: "Release"
[0.112s] -- Up-to-date: /home/mu/IVG/ws_moveit/install/moveit_visual_tools/share/moveit_visual_tools/environment/library_path.sh
[0.112s] -- Up-to-date: /home/mu/IVG/ws_moveit/install/moveit_visual_tools/share/moveit_visual_tools/environment/library_path.dsv
[0.112s] -- Up-to-date: /home/mu/IVG/ws_moveit/install/moveit_visual_tools/lib/libmoveit_visual_tools.so
[0.112s] -- Up-to-date: /home/mu/IVG/ws_moveit/install/moveit_visual_tools/lib/moveit_visual_tools/moveit_visual_tools_demo
[0.113s] -- Up-to-date: /home/mu/IVG/ws_moveit/install/moveit_visual_tools/include
[0.113s] -- Up-to-date: /home/mu/IVG/ws_moveit/install/moveit_visual_tools/include/moveit_visual_tools
[0.113s] -- Up-to-date: /home/mu/IVG/ws_moveit/install/moveit_visual_tools/include/moveit_visual_tools/imarker_end_effector.h
[0.113s] -- Up-to-date: /home/mu/IVG/ws_moveit/install/moveit_visual_tools/include/moveit_visual_tools/imarker_robot_state.h
[0.113s] -- Up-to-date: /home/mu/IVG/ws_moveit/install/moveit_visual_tools/include/moveit_visual_tools/moveit_visual_tools.h
[0.113s] -- Up-to-date: /home/mu/IVG/ws_moveit/install/moveit_visual_tools/share/moveit_visual_tools/launch
[0.113s] -- Up-to-date: /home/mu/IVG/ws_moveit/install/moveit_visual_tools/share/moveit_visual_tools/launch/demo.rviz
[0.113s] -- Up-to-date: /home/mu/IVG/ws_moveit/install/moveit_visual_tools/share/moveit_visual_tools/launch/demo_rviz.launch.py
[0.113s] -- Up-to-date: /home/mu/IVG/ws_moveit/install/moveit_visual_tools/share/moveit_visual_tools/resources
[0.113s] -- Up-to-date: /home/mu/IVG/ws_moveit/install/moveit_visual_tools/share/moveit_visual_tools/resources/screenshot.png
[0.114s] -- Up-to-date: /home/mu/IVG/ws_moveit/install/moveit_visual_tools/share/moveit_visual_tools/resources/rrbot.srdf
[0.114s] -- Up-to-date: /home/mu/IVG/ws_moveit/install/moveit_visual_tools/share/moveit_visual_tools/resources/rrbot.urdf
[0.115s] -- Up-to-date: /home/mu/IVG/ws_moveit/install/moveit_visual_tools/share/moveit_visual_tools/resources/demo.png
[0.115s] -- Up-to-date: /home/mu/IVG/ws_moveit/install/moveit_visual_tools/share/moveit_visual_tools/resources/demo_mesh.stl
[0.115s] -- Up-to-date: /home/mu/IVG/ws_moveit/install/moveit_visual_tools/share/ament_index/resource_index/package_run_dependencies/moveit_visual_tools
[0.115s] -- Up-to-date: /home/mu/IVG/ws_moveit/install/moveit_visual_tools/share/ament_index/resource_index/parent_prefix_path/moveit_visual_tools
[0.115s] -- Up-to-date: /home/mu/IVG/ws_moveit/install/moveit_visual_tools/share/moveit_visual_tools/environment/ament_prefix_path.sh
[0.115s] -- Up-to-date: /home/mu/IVG/ws_moveit/install/moveit_visual_tools/share/moveit_visual_tools/environment/ament_prefix_path.dsv
[0.115s] -- Up-to-date: /home/mu/IVG/ws_moveit/install/moveit_visual_tools/share/moveit_visual_tools/environment/path.sh
[0.115s] -- Up-to-date: /home/mu/IVG/ws_moveit/install/moveit_visual_tools/share/moveit_visual_tools/environment/path.dsv
[0.116s] -- Up-to-date: /home/mu/IVG/ws_moveit/install/moveit_visual_tools/share/moveit_visual_tools/local_setup.bash
[0.116s] -- Up-to-date: /home/mu/IVG/ws_moveit/install/moveit_visual_tools/share/moveit_visual_tools/local_setup.sh
[0.116s] -- Up-to-date: /home/mu/IVG/ws_moveit/install/moveit_visual_tools/share/moveit_visual_tools/local_setup.zsh
[0.116s] -- Up-to-date: /home/mu/IVG/ws_moveit/install/moveit_visual_tools/share/moveit_visual_tools/local_setup.dsv
[0.116s] -- Installing: /home/mu/IVG/ws_moveit/install/moveit_visual_tools/share/moveit_visual_tools/package.dsv
[0.116s] -- Up-to-date: /home/mu/IVG/ws_moveit/install/moveit_visual_tools/share/ament_index/resource_index/packages/moveit_visual_tools
[0.116s] -- Up-to-date: /home/mu/IVG/ws_moveit/install/moveit_visual_tools/share/moveit_visual_tools/cmake/export_moveit_visual_toolsExport.cmake
[0.117s] -- Up-to-date: /home/mu/IVG/ws_moveit/install/moveit_visual_tools/share/moveit_visual_tools/cmake/export_moveit_visual_toolsExport-release.cmake
[0.117s] -- Up-to-date: /home/mu/IVG/ws_moveit/install/moveit_visual_tools/share/moveit_visual_tools/cmake/ament_cmake_export_targets-extras.cmake
[0.117s] -- Up-to-date: /home/mu/IVG/ws_moveit/install/moveit_visual_tools/share/moveit_visual_tools/cmake/ament_cmake_export_dependencies-extras.cmake
[0.117s] -- Up-to-date: /home/mu/IVG/ws_moveit/install/moveit_visual_tools/share/moveit_visual_tools/cmake/moveit_visual_toolsConfig.cmake
[0.117s] -- Up-to-date: /home/mu/IVG/ws_moveit/install/moveit_visual_tools/share/moveit_visual_tools/cmake/moveit_visual_toolsConfig-version.cmake
[0.118s] -- Up-to-date: /home/mu/IVG/ws_moveit/install/moveit_visual_tools/share/moveit_visual_tools/package.xml
[0.118s] Invoked command in '/home/mu/IVG/ws_moveit/build/moveit_visual_tools' returned '0': AMENT_PREFIX_PATH=/home/mu/IVG/ws_moveit/install/moveit_ros_planning:/home/mu/IVG/ws_moveit/install/moveit_ros_occupancy_map_monitor:/home/mu/IVG/ws_moveit/install/moveit_core:/home/mu/IVG/ws_moveit/install/moveit_common:${AMENT_PREFIX_PATH} CMAKE_PREFIX_PATH=/home/mu/IVG/ws_moveit/install/moveit_ros_planning:/home/mu/IVG/ws_moveit/install/moveit_ros_occupancy_map_monitor:/home/mu/IVG/ws_moveit/install/moveit_core:/home/mu/IVG/ws_moveit/install/rviz_visual_tools:/home/mu/IVG/ws_moveit/install/moveit_common:/home/mu/IVG/ws_moveit/install/moveit2_tutorials:/home/mu/IVG/ws_moveit/install/moveit_visual_tools:/opt/ros/foxy LD_LIBRARY_PATH=/home/mu/IVG/ws_moveit/install/moveit_ros_planning/lib:/home/mu/IVG/ws_moveit/install/moveit_ros_occupancy_map_monitor/lib:/home/mu/IVG/ws_moveit/install/moveit_core/lib:/home/mu/IVG/ws_moveit/install/rviz_visual_tools/lib:/home/mu/IVG/ws_moveit/install/moveit_visual_tools/lib:/opt/ros/foxy/opt/yaml_cpp_vendor/lib:/opt/ros/foxy/opt/rviz_ogre_vendor/lib:/opt/ros/foxy/lib/x86_64-linux-gnu:/opt/ros/foxy/lib PATH=/home/mu/IVG/ws_moveit/install/moveit_core/bin:${PATH} /usr/bin/cmake --install /home/mu/IVG/ws_moveit/build/moveit_visual_tools
