[0.099s] DEBUG:colcon:Command line arguments: ['/usr/bin/colcon', 'build']
[0.099s] DEBUG:colcon:Parsed command line arguments: Namespace(allow_overriding=[], ament_cmake_args=None, base_paths=['.'], build_base='build', catkin_cmake_args=None, catkin_skip_building_tests=False, cmake_args=None, cmake_clean_cache=False, cmake_clean_first=False, cmake_force_configure=False, cmake_target=None, cmake_target_skip_unavailable=False, continue_on_error=False, event_handlers=None, executor='parallel', ignore_user_meta=False, install_base='install', log_base=None, log_level=None, main=<bound method BuildVerb.main of <colcon_core.verb.build.BuildVerb object at 0x7fc1acb5fb80>>, merge_install=False, metas=['./colcon.meta'], mixin=None, mixin_files=None, mixin_verb=('build',), packages_above=None, packages_above_and_dependencies=None, packages_above_depth=None, packages_end=None, packages_ignore=None, packages_ignore_regex=None, packages_select=None, packages_select_build_failed=False, packages_select_by_dep=None, packages_select_regex=None, packages_select_test_failures=False, packages_skip=None, packages_skip_build_finished=False, packages_skip_by_dep=None, packages_skip_regex=None, packages_skip_test_passed=False, packages_skip_up_to=None, packages_start=None, packages_up_to=None, packages_up_to_regex=None, parallel_workers=32, paths=None, symlink_install=False, test_result_base=None, verb_extension=<colcon_core.verb.build.BuildVerb object at 0x7fc1acb5fb80>, verb_name='build', verb_parser=<colcon_mixin.mixin.mixin_argument.MixinArgumentDecorator object at 0x7fc1acb6c190>)
[0.167s] Level 1:colcon.colcon_core.package_discovery:discover_packages(colcon_meta) check parameters
[0.167s] Level 1:colcon.colcon_core.package_discovery:discover_packages(recursive) check parameters
[0.167s] Level 1:colcon.colcon_core.package_discovery:discover_packages(ignore) check parameters
[0.167s] Level 1:colcon.colcon_core.package_discovery:discover_packages(path) check parameters
[0.167s] Level 1:colcon.colcon_core.package_discovery:discover_packages(colcon_meta) discover
[0.167s] Level 1:colcon.colcon_core.package_discovery:discover_packages(recursive) discover
[0.167s] INFO:colcon.colcon_core.package_discovery:Crawling recursively for packages in '/home/mu/IVG/aubo_ros2_ws'
[0.167s] Level 1:colcon.colcon_core.package_identification:_identify(.) by extensions ['ignore', 'ignore_ament_install']
[0.168s] Level 1:colcon.colcon_core.package_identification:_identify(.) by extension 'ignore'
[0.168s] Level 1:colcon.colcon_core.package_identification:_identify(.) by extension 'ignore_ament_install'
[0.168s] Level 1:colcon.colcon_core.package_identification:_identify(.) by extensions ['colcon_pkg']
[0.168s] Level 1:colcon.colcon_core.package_identification:_identify(.) by extension 'colcon_pkg'
[0.168s] Level 1:colcon.colcon_core.package_identification:_identify(.) by extensions ['colcon_meta']
[0.168s] Level 1:colcon.colcon_core.package_identification:_identify(.) by extension 'colcon_meta'
[0.168s] Level 1:colcon.colcon_core.package_identification:_identify(.) by extensions ['ros']
[0.168s] Level 1:colcon.colcon_core.package_identification:_identify(.) by extension 'ros'
[0.173s] Level 1:colcon.colcon_core.package_identification:_identify(.) by extensions ['cmake', 'python']
[0.173s] Level 1:colcon.colcon_core.package_identification:_identify(.) by extension 'cmake'
[0.173s] Level 1:colcon.colcon_core.package_identification:_identify(.) by extension 'python'
[0.173s] Level 1:colcon.colcon_core.package_identification:_identify(.) by extensions ['python_setup_py']
[0.173s] Level 1:colcon.colcon_core.package_identification:_identify(.) by extension 'python_setup_py'
[0.173s] Level 1:colcon.colcon_core.package_identification:_identify(build) by extensions ['ignore', 'ignore_ament_install']
[0.174s] Level 1:colcon.colcon_core.package_identification:_identify(build) by extension 'ignore'
[0.174s] Level 1:colcon.colcon_core.package_identification:_identify(build) ignored
[0.174s] Level 1:colcon.colcon_core.package_identification:_identify(install) by extensions ['ignore', 'ignore_ament_install']
[0.174s] Level 1:colcon.colcon_core.package_identification:_identify(install) by extension 'ignore'
[0.174s] Level 1:colcon.colcon_core.package_identification:_identify(install) ignored
[0.174s] Level 1:colcon.colcon_core.package_identification:_identify(log) by extensions ['ignore', 'ignore_ament_install']
[0.174s] Level 1:colcon.colcon_core.package_identification:_identify(log) by extension 'ignore'
[0.174s] Level 1:colcon.colcon_core.package_identification:_identify(log) ignored
[0.174s] Level 1:colcon.colcon_core.package_identification:_identify(src) by extensions ['ignore', 'ignore_ament_install']
[0.174s] Level 1:colcon.colcon_core.package_identification:_identify(src) by extension 'ignore'
[0.174s] Level 1:colcon.colcon_core.package_identification:_identify(src) by extension 'ignore_ament_install'
[0.174s] Level 1:colcon.colcon_core.package_identification:_identify(src) by extensions ['colcon_pkg']
[0.174s] Level 1:colcon.colcon_core.package_identification:_identify(src) by extension 'colcon_pkg'
[0.174s] Level 1:colcon.colcon_core.package_identification:_identify(src) by extensions ['colcon_meta']
[0.174s] Level 1:colcon.colcon_core.package_identification:_identify(src) by extension 'colcon_meta'
[0.174s] Level 1:colcon.colcon_core.package_identification:_identify(src) by extensions ['ros']
[0.174s] Level 1:colcon.colcon_core.package_identification:_identify(src) by extension 'ros'
[0.174s] Level 1:colcon.colcon_core.package_identification:_identify(src) by extensions ['cmake', 'python']
[0.174s] Level 1:colcon.colcon_core.package_identification:_identify(src) by extension 'cmake'
[0.174s] Level 1:colcon.colcon_core.package_identification:_identify(src) by extension 'python'
[0.174s] Level 1:colcon.colcon_core.package_identification:_identify(src) by extensions ['python_setup_py']
[0.174s] Level 1:colcon.colcon_core.package_identification:_identify(src) by extension 'python_setup_py'
[0.174s] Level 1:colcon.colcon_core.package_identification:_identify(src/aubo_ros2_driver) by extensions ['ignore', 'ignore_ament_install']
[0.174s] Level 1:colcon.colcon_core.package_identification:_identify(src/aubo_ros2_driver) by extension 'ignore'
[0.174s] Level 1:colcon.colcon_core.package_identification:_identify(src/aubo_ros2_driver) by extension 'ignore_ament_install'
[0.174s] Level 1:colcon.colcon_core.package_identification:_identify(src/aubo_ros2_driver) by extensions ['colcon_pkg']
[0.174s] Level 1:colcon.colcon_core.package_identification:_identify(src/aubo_ros2_driver) by extension 'colcon_pkg'
[0.174s] Level 1:colcon.colcon_core.package_identification:_identify(src/aubo_ros2_driver) by extensions ['colcon_meta']
[0.174s] Level 1:colcon.colcon_core.package_identification:_identify(src/aubo_ros2_driver) by extension 'colcon_meta'
[0.174s] Level 1:colcon.colcon_core.package_identification:_identify(src/aubo_ros2_driver) by extensions ['ros']
[0.174s] Level 1:colcon.colcon_core.package_identification:_identify(src/aubo_ros2_driver) by extension 'ros'
[0.174s] Level 1:colcon.colcon_core.package_identification:_identify(src/aubo_ros2_driver) by extensions ['cmake', 'python']
[0.174s] Level 1:colcon.colcon_core.package_identification:_identify(src/aubo_ros2_driver) by extension 'cmake'
[0.174s] Level 1:colcon.colcon_core.package_identification:_identify(src/aubo_ros2_driver) by extension 'python'
[0.174s] Level 1:colcon.colcon_core.package_identification:_identify(src/aubo_ros2_driver) by extensions ['python_setup_py']
[0.174s] Level 1:colcon.colcon_core.package_identification:_identify(src/aubo_ros2_driver) by extension 'python_setup_py'
[0.174s] Level 1:colcon.colcon_core.package_identification:_identify(src/aubo_ros2_driver/aubo_dashboard_msgs) by extensions ['ignore', 'ignore_ament_install']
[0.174s] Level 1:colcon.colcon_core.package_identification:_identify(src/aubo_ros2_driver/aubo_dashboard_msgs) by extension 'ignore'
[0.174s] Level 1:colcon.colcon_core.package_identification:_identify(src/aubo_ros2_driver/aubo_dashboard_msgs) by extension 'ignore_ament_install'
[0.174s] Level 1:colcon.colcon_core.package_identification:_identify(src/aubo_ros2_driver/aubo_dashboard_msgs) by extensions ['colcon_pkg']
[0.174s] Level 1:colcon.colcon_core.package_identification:_identify(src/aubo_ros2_driver/aubo_dashboard_msgs) by extension 'colcon_pkg'
[0.174s] Level 1:colcon.colcon_core.package_identification:_identify(src/aubo_ros2_driver/aubo_dashboard_msgs) by extensions ['colcon_meta']
[0.174s] Level 1:colcon.colcon_core.package_identification:_identify(src/aubo_ros2_driver/aubo_dashboard_msgs) by extension 'colcon_meta'
[0.174s] Level 1:colcon.colcon_core.package_identification:_identify(src/aubo_ros2_driver/aubo_dashboard_msgs) by extensions ['ros']
[0.174s] Level 1:colcon.colcon_core.package_identification:_identify(src/aubo_ros2_driver/aubo_dashboard_msgs) by extension 'ros'
[0.176s] DEBUG:colcon.colcon_core.package_identification:Package 'src/aubo_ros2_driver/aubo_dashboard_msgs' with type 'ros.ament_cmake' and name 'aubo_dashboard_msgs'
[0.176s] Level 1:colcon.colcon_core.package_identification:_identify(src/aubo_ros2_driver/aubo_description) by extensions ['ignore', 'ignore_ament_install']
[0.176s] Level 1:colcon.colcon_core.package_identification:_identify(src/aubo_ros2_driver/aubo_description) by extension 'ignore'
[0.176s] Level 1:colcon.colcon_core.package_identification:_identify(src/aubo_ros2_driver/aubo_description) by extension 'ignore_ament_install'
[0.176s] Level 1:colcon.colcon_core.package_identification:_identify(src/aubo_ros2_driver/aubo_description) by extensions ['colcon_pkg']
[0.176s] Level 1:colcon.colcon_core.package_identification:_identify(src/aubo_ros2_driver/aubo_description) by extension 'colcon_pkg'
[0.176s] Level 1:colcon.colcon_core.package_identification:_identify(src/aubo_ros2_driver/aubo_description) by extensions ['colcon_meta']
[0.176s] Level 1:colcon.colcon_core.package_identification:_identify(src/aubo_ros2_driver/aubo_description) by extension 'colcon_meta'
[0.176s] Level 1:colcon.colcon_core.package_identification:_identify(src/aubo_ros2_driver/aubo_description) by extensions ['ros']
[0.176s] Level 1:colcon.colcon_core.package_identification:_identify(src/aubo_ros2_driver/aubo_description) by extension 'ros'
[0.178s] DEBUG:colcon.colcon_core.package_identification:Package 'src/aubo_ros2_driver/aubo_description' with type 'ros.ament_cmake' and name 'aubo_description'
[0.178s] Level 1:colcon.colcon_core.package_identification:_identify(src/aubo_ros2_driver/aubo_moveit_config) by extensions ['ignore', 'ignore_ament_install']
[0.178s] Level 1:colcon.colcon_core.package_identification:_identify(src/aubo_ros2_driver/aubo_moveit_config) by extension 'ignore'
[0.178s] Level 1:colcon.colcon_core.package_identification:_identify(src/aubo_ros2_driver/aubo_moveit_config) by extension 'ignore_ament_install'
[0.178s] Level 1:colcon.colcon_core.package_identification:_identify(src/aubo_ros2_driver/aubo_moveit_config) by extensions ['colcon_pkg']
[0.178s] Level 1:colcon.colcon_core.package_identification:_identify(src/aubo_ros2_driver/aubo_moveit_config) by extension 'colcon_pkg'
[0.178s] Level 1:colcon.colcon_core.package_identification:_identify(src/aubo_ros2_driver/aubo_moveit_config) by extensions ['colcon_meta']
[0.178s] Level 1:colcon.colcon_core.package_identification:_identify(src/aubo_ros2_driver/aubo_moveit_config) by extension 'colcon_meta'
[0.178s] Level 1:colcon.colcon_core.package_identification:_identify(src/aubo_ros2_driver/aubo_moveit_config) by extensions ['ros']
[0.178s] Level 1:colcon.colcon_core.package_identification:_identify(src/aubo_ros2_driver/aubo_moveit_config) by extension 'ros'
[0.179s] DEBUG:colcon.colcon_core.package_identification:Package 'src/aubo_ros2_driver/aubo_moveit_config' with type 'ros.ament_cmake' and name 'aubo_moveit_config'
[0.179s] Level 1:colcon.colcon_core.package_identification:_identify(src/aubo_ros2_driver/aubo_msgs) by extensions ['ignore', 'ignore_ament_install']
[0.179s] Level 1:colcon.colcon_core.package_identification:_identify(src/aubo_ros2_driver/aubo_msgs) by extension 'ignore'
[0.179s] Level 1:colcon.colcon_core.package_identification:_identify(src/aubo_ros2_driver/aubo_msgs) by extension 'ignore_ament_install'
[0.179s] Level 1:colcon.colcon_core.package_identification:_identify(src/aubo_ros2_driver/aubo_msgs) by extensions ['colcon_pkg']
[0.179s] Level 1:colcon.colcon_core.package_identification:_identify(src/aubo_ros2_driver/aubo_msgs) by extension 'colcon_pkg'
[0.179s] Level 1:colcon.colcon_core.package_identification:_identify(src/aubo_ros2_driver/aubo_msgs) by extensions ['colcon_meta']
[0.179s] Level 1:colcon.colcon_core.package_identification:_identify(src/aubo_ros2_driver/aubo_msgs) by extension 'colcon_meta'
[0.179s] Level 1:colcon.colcon_core.package_identification:_identify(src/aubo_ros2_driver/aubo_msgs) by extensions ['ros']
[0.179s] Level 1:colcon.colcon_core.package_identification:_identify(src/aubo_ros2_driver/aubo_msgs) by extension 'ros'
[0.179s] DEBUG:colcon.colcon_core.package_identification:Package 'src/aubo_ros2_driver/aubo_msgs' with type 'ros.ament_cmake' and name 'aubo_msgs'
[0.179s] Level 1:colcon.colcon_core.package_discovery:discover_packages(recursive) using defaults
[0.179s] Level 1:colcon.colcon_core.package_discovery:discover_packages(ignore) discover
[0.179s] Level 1:colcon.colcon_core.package_discovery:discover_packages(ignore) using defaults
[0.179s] Level 1:colcon.colcon_core.package_discovery:discover_packages(path) discover
[0.179s] Level 1:colcon.colcon_core.package_discovery:discover_packages(path) using defaults
[0.192s] Level 1:colcon.colcon_core.package_discovery:discover_packages(prefix_path) check parameters
[0.192s] Level 1:colcon.colcon_core.package_discovery:discover_packages(prefix_path) discover
[0.193s] WARNING:colcon.colcon_ros.prefix_path.ament:The path '/home/mu/IVG/aubo_ros2_ws/install/aubo_msgs' in the environment variable AMENT_PREFIX_PATH doesn't exist
[0.193s] WARNING:colcon.colcon_ros.prefix_path.ament:The path '/home/mu/IVG/aubo_ros2_ws/install/aubo_moveit_config' in the environment variable AMENT_PREFIX_PATH doesn't exist
[0.193s] WARNING:colcon.colcon_ros.prefix_path.ament:The path '/home/mu/IVG/aubo_ros2_ws/install/aubo_description' in the environment variable AMENT_PREFIX_PATH doesn't exist
[0.193s] WARNING:colcon.colcon_ros.prefix_path.ament:The path '/home/mu/IVG/aubo_ros2_ws/install/aubo_dashboard_msgs' in the environment variable AMENT_PREFIX_PATH doesn't exist
[0.193s] WARNING:colcon.colcon_ros.prefix_path.catkin:The path '/home/mu/IVG/aubo_ros2_ws/install/aubo_msgs' in the environment variable CMAKE_PREFIX_PATH doesn't exist
[0.193s] WARNING:colcon.colcon_ros.prefix_path.catkin:The path '/home/mu/IVG/aubo_ros2_ws/install/aubo_moveit_config' in the environment variable CMAKE_PREFIX_PATH doesn't exist
[0.193s] WARNING:colcon.colcon_ros.prefix_path.catkin:The path '/home/mu/IVG/aubo_ros2_ws/install/aubo_description' in the environment variable CMAKE_PREFIX_PATH doesn't exist
[0.193s] WARNING:colcon.colcon_ros.prefix_path.catkin:The path '/home/mu/IVG/aubo_ros2_ws/install/aubo_dashboard_msgs' in the environment variable CMAKE_PREFIX_PATH doesn't exist
[0.193s] DEBUG:colcon.colcon_installed_package_information.package_discovery:Found 0 installed packages in /home/mu/IVG/aubo_ros2_ws/install
[0.194s] DEBUG:colcon.colcon_installed_package_information.package_discovery:Found 298 installed packages in /opt/ros/foxy
[0.194s] Level 1:colcon.colcon_core.package_discovery:discover_packages(prefix_path) using defaults
[0.222s] Level 5:colcon.colcon_core.verb:set package 'aubo_dashboard_msgs' build argument 'cmake_args' from command line to 'None'
[0.222s] Level 5:colcon.colcon_core.verb:set package 'aubo_dashboard_msgs' build argument 'cmake_target' from command line to 'None'
[0.222s] Level 5:colcon.colcon_core.verb:set package 'aubo_dashboard_msgs' build argument 'cmake_target_skip_unavailable' from command line to 'False'
[0.222s] Level 5:colcon.colcon_core.verb:set package 'aubo_dashboard_msgs' build argument 'cmake_clean_cache' from command line to 'False'
[0.222s] Level 5:colcon.colcon_core.verb:set package 'aubo_dashboard_msgs' build argument 'cmake_clean_first' from command line to 'False'
[0.222s] Level 5:colcon.colcon_core.verb:set package 'aubo_dashboard_msgs' build argument 'cmake_force_configure' from command line to 'False'
[0.222s] Level 5:colcon.colcon_core.verb:set package 'aubo_dashboard_msgs' build argument 'ament_cmake_args' from command line to 'None'
[0.222s] Level 5:colcon.colcon_core.verb:set package 'aubo_dashboard_msgs' build argument 'catkin_cmake_args' from command line to 'None'
[0.222s] Level 5:colcon.colcon_core.verb:set package 'aubo_dashboard_msgs' build argument 'catkin_skip_building_tests' from command line to 'False'
[0.222s] DEBUG:colcon.colcon_core.verb:Building package 'aubo_dashboard_msgs' with the following arguments: {'ament_cmake_args': None, 'build_base': '/home/mu/IVG/aubo_ros2_ws/build/aubo_dashboard_msgs', 'catkin_cmake_args': None, 'catkin_skip_building_tests': False, 'cmake_args': None, 'cmake_clean_cache': False, 'cmake_clean_first': False, 'cmake_force_configure': False, 'cmake_target': None, 'cmake_target_skip_unavailable': False, 'install_base': '/home/mu/IVG/aubo_ros2_ws/install/aubo_dashboard_msgs', 'merge_install': False, 'path': '/home/mu/IVG/aubo_ros2_ws/src/aubo_ros2_driver/aubo_dashboard_msgs', 'symlink_install': False, 'test_result_base': None}
[0.223s] Level 5:colcon.colcon_core.verb:set package 'aubo_description' build argument 'cmake_args' from command line to 'None'
[0.223s] Level 5:colcon.colcon_core.verb:set package 'aubo_description' build argument 'cmake_target' from command line to 'None'
[0.223s] Level 5:colcon.colcon_core.verb:set package 'aubo_description' build argument 'cmake_target_skip_unavailable' from command line to 'False'
[0.223s] Level 5:colcon.colcon_core.verb:set package 'aubo_description' build argument 'cmake_clean_cache' from command line to 'False'
[0.223s] Level 5:colcon.colcon_core.verb:set package 'aubo_description' build argument 'cmake_clean_first' from command line to 'False'
[0.223s] Level 5:colcon.colcon_core.verb:set package 'aubo_description' build argument 'cmake_force_configure' from command line to 'False'
[0.223s] Level 5:colcon.colcon_core.verb:set package 'aubo_description' build argument 'ament_cmake_args' from command line to 'None'
[0.223s] Level 5:colcon.colcon_core.verb:set package 'aubo_description' build argument 'catkin_cmake_args' from command line to 'None'
[0.223s] Level 5:colcon.colcon_core.verb:set package 'aubo_description' build argument 'catkin_skip_building_tests' from command line to 'False'
[0.223s] DEBUG:colcon.colcon_core.verb:Building package 'aubo_description' with the following arguments: {'ament_cmake_args': None, 'build_base': '/home/mu/IVG/aubo_ros2_ws/build/aubo_description', 'catkin_cmake_args': None, 'catkin_skip_building_tests': False, 'cmake_args': None, 'cmake_clean_cache': False, 'cmake_clean_first': False, 'cmake_force_configure': False, 'cmake_target': None, 'cmake_target_skip_unavailable': False, 'install_base': '/home/mu/IVG/aubo_ros2_ws/install/aubo_description', 'merge_install': False, 'path': '/home/mu/IVG/aubo_ros2_ws/src/aubo_ros2_driver/aubo_description', 'symlink_install': False, 'test_result_base': None}
[0.223s] Level 5:colcon.colcon_core.verb:set package 'aubo_msgs' build argument 'cmake_args' from command line to 'None'
[0.223s] Level 5:colcon.colcon_core.verb:set package 'aubo_msgs' build argument 'cmake_target' from command line to 'None'
[0.223s] Level 5:colcon.colcon_core.verb:set package 'aubo_msgs' build argument 'cmake_target_skip_unavailable' from command line to 'False'
[0.223s] Level 5:colcon.colcon_core.verb:set package 'aubo_msgs' build argument 'cmake_clean_cache' from command line to 'False'
[0.223s] Level 5:colcon.colcon_core.verb:set package 'aubo_msgs' build argument 'cmake_clean_first' from command line to 'False'
[0.223s] Level 5:colcon.colcon_core.verb:set package 'aubo_msgs' build argument 'cmake_force_configure' from command line to 'False'
[0.223s] Level 5:colcon.colcon_core.verb:set package 'aubo_msgs' build argument 'ament_cmake_args' from command line to 'None'
[0.223s] Level 5:colcon.colcon_core.verb:set package 'aubo_msgs' build argument 'catkin_cmake_args' from command line to 'None'
[0.223s] Level 5:colcon.colcon_core.verb:set package 'aubo_msgs' build argument 'catkin_skip_building_tests' from command line to 'False'
[0.223s] DEBUG:colcon.colcon_core.verb:Building package 'aubo_msgs' with the following arguments: {'ament_cmake_args': None, 'build_base': '/home/mu/IVG/aubo_ros2_ws/build/aubo_msgs', 'catkin_cmake_args': None, 'catkin_skip_building_tests': False, 'cmake_args': None, 'cmake_clean_cache': False, 'cmake_clean_first': False, 'cmake_force_configure': False, 'cmake_target': None, 'cmake_target_skip_unavailable': False, 'install_base': '/home/mu/IVG/aubo_ros2_ws/install/aubo_msgs', 'merge_install': False, 'path': '/home/mu/IVG/aubo_ros2_ws/src/aubo_ros2_driver/aubo_msgs', 'symlink_install': False, 'test_result_base': None}
[0.223s] Level 5:colcon.colcon_core.verb:set package 'aubo_moveit_config' build argument 'cmake_args' from command line to 'None'
[0.223s] Level 5:colcon.colcon_core.verb:set package 'aubo_moveit_config' build argument 'cmake_target' from command line to 'None'
[0.223s] Level 5:colcon.colcon_core.verb:set package 'aubo_moveit_config' build argument 'cmake_target_skip_unavailable' from command line to 'False'
[0.223s] Level 5:colcon.colcon_core.verb:set package 'aubo_moveit_config' build argument 'cmake_clean_cache' from command line to 'False'
[0.223s] Level 5:colcon.colcon_core.verb:set package 'aubo_moveit_config' build argument 'cmake_clean_first' from command line to 'False'
[0.223s] Level 5:colcon.colcon_core.verb:set package 'aubo_moveit_config' build argument 'cmake_force_configure' from command line to 'False'
[0.223s] Level 5:colcon.colcon_core.verb:set package 'aubo_moveit_config' build argument 'ament_cmake_args' from command line to 'None'
[0.223s] Level 5:colcon.colcon_core.verb:set package 'aubo_moveit_config' build argument 'catkin_cmake_args' from command line to 'None'
[0.223s] Level 5:colcon.colcon_core.verb:set package 'aubo_moveit_config' build argument 'catkin_skip_building_tests' from command line to 'False'
[0.223s] DEBUG:colcon.colcon_core.verb:Building package 'aubo_moveit_config' with the following arguments: {'ament_cmake_args': None, 'build_base': '/home/mu/IVG/aubo_ros2_ws/build/aubo_moveit_config', 'catkin_cmake_args': None, 'catkin_skip_building_tests': False, 'cmake_args': None, 'cmake_clean_cache': False, 'cmake_clean_first': False, 'cmake_force_configure': False, 'cmake_target': None, 'cmake_target_skip_unavailable': False, 'install_base': '/home/mu/IVG/aubo_ros2_ws/install/aubo_moveit_config', 'merge_install': False, 'path': '/home/mu/IVG/aubo_ros2_ws/src/aubo_ros2_driver/aubo_moveit_config', 'symlink_install': False, 'test_result_base': None}
[0.223s] INFO:colcon.colcon_core.executor:Executing jobs using 'parallel' executor
[0.224s] DEBUG:colcon.colcon_parallel_executor.executor.parallel:run_until_complete
[0.224s] INFO:colcon.colcon_ros.task.ament_cmake.build:Building ROS package in '/home/mu/IVG/aubo_ros2_ws/src/aubo_ros2_driver/aubo_description' with build type 'ament_cmake'
[0.224s] INFO:colcon.colcon_cmake.task.cmake.build:Building CMake package in '/home/mu/IVG/aubo_ros2_ws/src/aubo_ros2_driver/aubo_description'
[0.225s] INFO:colcon.colcon_core.plugin_system:Skipping extension 'colcon_core.shell.bat': Not used on non-Windows systems
[0.225s] INFO:colcon.colcon_core.shell:Skip shell extension 'powershell' for command environment: Not usable outside of PowerShell
[0.225s] DEBUG:colcon.colcon_core.shell:Skip shell extension 'dsv' for command environment
[0.228s] INFO:colcon.colcon_ros.task.ament_cmake.build:Building ROS package in '/home/mu/IVG/aubo_ros2_ws/src/aubo_ros2_driver/aubo_dashboard_msgs' with build type 'ament_cmake'
[0.228s] INFO:colcon.colcon_cmake.task.cmake.build:Building CMake package in '/home/mu/IVG/aubo_ros2_ws/src/aubo_ros2_driver/aubo_dashboard_msgs'
[0.228s] INFO:colcon.colcon_core.shell:Skip shell extension 'powershell' for command environment: Not usable outside of PowerShell
[0.228s] DEBUG:colcon.colcon_core.shell:Skip shell extension 'dsv' for command environment
[0.232s] INFO:colcon.colcon_ros.task.ament_cmake.build:Building ROS package in '/home/mu/IVG/aubo_ros2_ws/src/aubo_ros2_driver/aubo_msgs' with build type 'ament_cmake'
[0.232s] INFO:colcon.colcon_cmake.task.cmake.build:Building CMake package in '/home/mu/IVG/aubo_ros2_ws/src/aubo_ros2_driver/aubo_msgs'
[0.233s] INFO:colcon.colcon_core.shell:Skip shell extension 'powershell' for command environment: Not usable outside of PowerShell
[0.233s] DEBUG:colcon.colcon_core.shell:Skip shell extension 'dsv' for command environment
[0.238s] DEBUG:colcon.colcon_core.event_handler.log_command:Invoking command in '/home/mu/IVG/aubo_ros2_ws/build/aubo_description': CMAKE_PREFIX_PATH=${CMAKE_PREFIX_PATH}:/opt/ros/foxy /usr/bin/cmake /home/mu/IVG/aubo_ros2_ws/src/aubo_ros2_driver/aubo_description -DCMAKE_INSTALL_PREFIX=/home/mu/IVG/aubo_ros2_ws/install/aubo_description
[0.239s] DEBUG:colcon.colcon_core.event_handler.log_command:Invoking command in '/home/mu/IVG/aubo_ros2_ws/build/aubo_dashboard_msgs': CMAKE_PREFIX_PATH=${CMAKE_PREFIX_PATH}:/opt/ros/foxy /usr/bin/cmake /home/mu/IVG/aubo_ros2_ws/src/aubo_ros2_driver/aubo_dashboard_msgs -DCMAKE_INSTALL_PREFIX=/home/mu/IVG/aubo_ros2_ws/install/aubo_dashboard_msgs
[0.243s] DEBUG:colcon.colcon_core.event_handler.log_command:Invoking command in '/home/mu/IVG/aubo_ros2_ws/build/aubo_msgs': CMAKE_PREFIX_PATH=${CMAKE_PREFIX_PATH}:/opt/ros/foxy /usr/bin/cmake /home/mu/IVG/aubo_ros2_ws/src/aubo_ros2_driver/aubo_msgs -DCMAKE_INSTALL_PREFIX=/home/mu/IVG/aubo_ros2_ws/install/aubo_msgs
[0.867s] DEBUG:colcon.colcon_core.event_handler.log_command:Invoked command in '/home/mu/IVG/aubo_ros2_ws/build/aubo_description' returned '0': CMAKE_PREFIX_PATH=${CMAKE_PREFIX_PATH}:/opt/ros/foxy /usr/bin/cmake /home/mu/IVG/aubo_ros2_ws/src/aubo_ros2_driver/aubo_description -DCMAKE_INSTALL_PREFIX=/home/mu/IVG/aubo_ros2_ws/install/aubo_description
[0.868s] DEBUG:colcon.colcon_core.event_handler.log_command:Invoking command in '/home/mu/IVG/aubo_ros2_ws/build/aubo_description': CMAKE_PREFIX_PATH=${CMAKE_PREFIX_PATH}:/opt/ros/foxy /usr/bin/cmake --build /home/mu/IVG/aubo_ros2_ws/build/aubo_description -- -j32 -l32
[0.888s] DEBUG:colcon.colcon_core.event_handler.log_command:Invoked command in '/home/mu/IVG/aubo_ros2_ws/build/aubo_description' returned '0': CMAKE_PREFIX_PATH=${CMAKE_PREFIX_PATH}:/opt/ros/foxy /usr/bin/cmake --build /home/mu/IVG/aubo_ros2_ws/build/aubo_description -- -j32 -l32
[0.896s] DEBUG:colcon.colcon_core.event_handler.log_command:Invoking command in '/home/mu/IVG/aubo_ros2_ws/build/aubo_description': CMAKE_PREFIX_PATH=${CMAKE_PREFIX_PATH}:/opt/ros/foxy /usr/bin/cmake --install /home/mu/IVG/aubo_ros2_ws/build/aubo_description
[1.122s] DEBUG:colcon.colcon_core.event_handler.log_command:Invoked command in '/home/mu/IVG/aubo_ros2_ws/build/aubo_dashboard_msgs' returned '0': CMAKE_PREFIX_PATH=${CMAKE_PREFIX_PATH}:/opt/ros/foxy /usr/bin/cmake /home/mu/IVG/aubo_ros2_ws/src/aubo_ros2_driver/aubo_dashboard_msgs -DCMAKE_INSTALL_PREFIX=/home/mu/IVG/aubo_ros2_ws/install/aubo_dashboard_msgs
[1.124s] DEBUG:colcon.colcon_core.event_handler.log_command:Invoking command in '/home/mu/IVG/aubo_ros2_ws/build/aubo_dashboard_msgs': CMAKE_PREFIX_PATH=${CMAKE_PREFIX_PATH}:/opt/ros/foxy /usr/bin/cmake --build /home/mu/IVG/aubo_ros2_ws/build/aubo_dashboard_msgs -- -j32 -l32
[1.170s] Level 1:colcon.colcon_core.environment:create_environment_scripts_only(aubo_description)
[1.172s] DEBUG:colcon.colcon_core.event_handler.log_command:Invoked command in '/home/mu/IVG/aubo_ros2_ws/build/aubo_description' returned '0': CMAKE_PREFIX_PATH=${CMAKE_PREFIX_PATH}:/opt/ros/foxy /usr/bin/cmake --install /home/mu/IVG/aubo_ros2_ws/build/aubo_description
[1.173s] Level 1:colcon.colcon_core.environment:checking '/home/mu/IVG/aubo_ros2_ws/install/aubo_description' for CMake module files
[1.173s] Level 1:colcon.colcon_core.environment:checking '/home/mu/IVG/aubo_ros2_ws/install/aubo_description' for CMake config files
[1.174s] Level 1:colcon.colcon_core.shell:create_environment_hook('aubo_description', 'cmake_prefix_path')
[1.175s] INFO:colcon.colcon_core.shell:Creating environment hook '/home/mu/IVG/aubo_ros2_ws/install/aubo_description/share/aubo_description/hook/cmake_prefix_path.ps1'
[1.175s] INFO:colcon.colcon_core.shell:Creating environment descriptor '/home/mu/IVG/aubo_ros2_ws/install/aubo_description/share/aubo_description/hook/cmake_prefix_path.dsv'
[1.175s] INFO:colcon.colcon_core.shell:Creating environment hook '/home/mu/IVG/aubo_ros2_ws/install/aubo_description/share/aubo_description/hook/cmake_prefix_path.sh'
[1.176s] Level 1:colcon.colcon_core.environment:checking '/home/mu/IVG/aubo_ros2_ws/install/aubo_description/bin'
[1.176s] Level 1:colcon.colcon_core.environment:checking '/home/mu/IVG/aubo_ros2_ws/install/aubo_description/lib/pkgconfig/aubo_description.pc'
[1.176s] Level 1:colcon.colcon_core.environment:checking '/home/mu/IVG/aubo_ros2_ws/install/aubo_description/lib/python3.8/site-packages'
[1.176s] Level 1:colcon.colcon_core.environment:checking '/home/mu/IVG/aubo_ros2_ws/install/aubo_description/bin'
[1.176s] INFO:colcon.colcon_core.shell:Creating package script '/home/mu/IVG/aubo_ros2_ws/install/aubo_description/share/aubo_description/package.ps1'
[1.176s] INFO:colcon.colcon_core.shell:Creating package descriptor '/home/mu/IVG/aubo_ros2_ws/install/aubo_description/share/aubo_description/package.dsv'
[1.177s] INFO:colcon.colcon_core.shell:Creating package script '/home/mu/IVG/aubo_ros2_ws/install/aubo_description/share/aubo_description/package.sh'
[1.177s] INFO:colcon.colcon_core.shell:Creating package script '/home/mu/IVG/aubo_ros2_ws/install/aubo_description/share/aubo_description/package.bash'
[1.177s] INFO:colcon.colcon_core.shell:Creating package script '/home/mu/IVG/aubo_ros2_ws/install/aubo_description/share/aubo_description/package.zsh'
[1.177s] Level 1:colcon.colcon_core.environment:create_file_with_runtime_dependencies(/home/mu/IVG/aubo_ros2_ws/install/aubo_description/share/colcon-core/packages/aubo_description)
[1.178s] Level 1:colcon.colcon_core.environment:create_environment_scripts_only(aubo_description)
[1.178s] Level 1:colcon.colcon_core.environment:checking '/home/mu/IVG/aubo_ros2_ws/install/aubo_description' for CMake module files
[1.178s] Level 1:colcon.colcon_core.environment:checking '/home/mu/IVG/aubo_ros2_ws/install/aubo_description' for CMake config files
[1.179s] Level 1:colcon.colcon_core.shell:create_environment_hook('aubo_description', 'cmake_prefix_path')
[1.180s] INFO:colcon.colcon_core.shell:Creating environment hook '/home/mu/IVG/aubo_ros2_ws/install/aubo_description/share/aubo_description/hook/cmake_prefix_path.ps1'
[1.180s] INFO:colcon.colcon_core.shell:Creating environment descriptor '/home/mu/IVG/aubo_ros2_ws/install/aubo_description/share/aubo_description/hook/cmake_prefix_path.dsv'
[1.180s] INFO:colcon.colcon_core.shell:Creating environment hook '/home/mu/IVG/aubo_ros2_ws/install/aubo_description/share/aubo_description/hook/cmake_prefix_path.sh'
[1.180s] Level 1:colcon.colcon_core.environment:checking '/home/mu/IVG/aubo_ros2_ws/install/aubo_description/bin'
[1.180s] Level 1:colcon.colcon_core.environment:checking '/home/mu/IVG/aubo_ros2_ws/install/aubo_description/lib/pkgconfig/aubo_description.pc'
[1.180s] Level 1:colcon.colcon_core.environment:checking '/home/mu/IVG/aubo_ros2_ws/install/aubo_description/lib/python3.8/site-packages'
[1.180s] Level 1:colcon.colcon_core.environment:checking '/home/mu/IVG/aubo_ros2_ws/install/aubo_description/bin'
[1.181s] INFO:colcon.colcon_core.shell:Creating package script '/home/mu/IVG/aubo_ros2_ws/install/aubo_description/share/aubo_description/package.ps1'
[1.181s] INFO:colcon.colcon_core.shell:Creating package descriptor '/home/mu/IVG/aubo_ros2_ws/install/aubo_description/share/aubo_description/package.dsv'
[1.181s] INFO:colcon.colcon_core.shell:Creating package script '/home/mu/IVG/aubo_ros2_ws/install/aubo_description/share/aubo_description/package.sh'
[1.181s] INFO:colcon.colcon_core.shell:Creating package script '/home/mu/IVG/aubo_ros2_ws/install/aubo_description/share/aubo_description/package.bash'
[1.181s] INFO:colcon.colcon_core.shell:Creating package script '/home/mu/IVG/aubo_ros2_ws/install/aubo_description/share/aubo_description/package.zsh'
[1.181s] Level 1:colcon.colcon_core.environment:create_file_with_runtime_dependencies(/home/mu/IVG/aubo_ros2_ws/install/aubo_description/share/colcon-core/packages/aubo_description)
[1.182s] INFO:colcon.colcon_ros.task.ament_cmake.build:Building ROS package in '/home/mu/IVG/aubo_ros2_ws/src/aubo_ros2_driver/aubo_moveit_config' with build type 'ament_cmake'
[1.182s] INFO:colcon.colcon_cmake.task.cmake.build:Building CMake package in '/home/mu/IVG/aubo_ros2_ws/src/aubo_ros2_driver/aubo_moveit_config'
[1.182s] INFO:colcon.colcon_core.shell:Skip shell extension 'powershell' for command environment: Not usable outside of PowerShell
[1.182s] DEBUG:colcon.colcon_core.shell:Skip shell extension 'dsv' for command environment
[1.188s] DEBUG:colcon.colcon_core.event_handler.log_command:Invoking command in '/home/mu/IVG/aubo_ros2_ws/build/aubo_moveit_config': CMAKE_PREFIX_PATH=/home/mu/IVG/aubo_ros2_ws/install/aubo_description:/home/mu/IVG/aubo_ros2_ws/install/aubo_msgs:/home/mu/IVG/aubo_ros2_ws/install/aubo_moveit_config:/home/mu/IVG/aubo_ros2_ws/install/aubo_dashboard_msgs:/opt/ros/foxy /usr/bin/cmake /home/mu/IVG/aubo_ros2_ws/src/aubo_ros2_driver/aubo_moveit_config -DCMAKE_INSTALL_PREFIX=/home/mu/IVG/aubo_ros2_ws/install/aubo_moveit_config
[1.286s] DEBUG:colcon.colcon_core.event_handler.log_command:Invoked command in '/home/mu/IVG/aubo_ros2_ws/build/aubo_msgs' returned '0': CMAKE_PREFIX_PATH=${CMAKE_PREFIX_PATH}:/opt/ros/foxy /usr/bin/cmake /home/mu/IVG/aubo_ros2_ws/src/aubo_ros2_driver/aubo_msgs -DCMAKE_INSTALL_PREFIX=/home/mu/IVG/aubo_ros2_ws/install/aubo_msgs
[1.287s] DEBUG:colcon.colcon_core.event_handler.log_command:Invoking command in '/home/mu/IVG/aubo_ros2_ws/build/aubo_msgs': CMAKE_PREFIX_PATH=${CMAKE_PREFIX_PATH}:/opt/ros/foxy /usr/bin/cmake --build /home/mu/IVG/aubo_ros2_ws/build/aubo_msgs -- -j32 -l32
[1.624s] DEBUG:colcon.colcon_core.event_handler.log_command:Invoked command in '/home/mu/IVG/aubo_ros2_ws/build/aubo_moveit_config' returned '0': CMAKE_PREFIX_PATH=/home/mu/IVG/aubo_ros2_ws/install/aubo_description:/home/mu/IVG/aubo_ros2_ws/install/aubo_msgs:/home/mu/IVG/aubo_ros2_ws/install/aubo_moveit_config:/home/mu/IVG/aubo_ros2_ws/install/aubo_dashboard_msgs:/opt/ros/foxy /usr/bin/cmake /home/mu/IVG/aubo_ros2_ws/src/aubo_ros2_driver/aubo_moveit_config -DCMAKE_INSTALL_PREFIX=/home/mu/IVG/aubo_ros2_ws/install/aubo_moveit_config
[1.625s] DEBUG:colcon.colcon_core.event_handler.log_command:Invoking command in '/home/mu/IVG/aubo_ros2_ws/build/aubo_moveit_config': CMAKE_PREFIX_PATH=/home/mu/IVG/aubo_ros2_ws/install/aubo_description:/home/mu/IVG/aubo_ros2_ws/install/aubo_msgs:/home/mu/IVG/aubo_ros2_ws/install/aubo_moveit_config:/home/mu/IVG/aubo_ros2_ws/install/aubo_dashboard_msgs:/opt/ros/foxy /usr/bin/cmake --build /home/mu/IVG/aubo_ros2_ws/build/aubo_moveit_config -- -j32 -l32
[1.647s] DEBUG:colcon.colcon_core.event_handler.log_command:Invoked command in '/home/mu/IVG/aubo_ros2_ws/build/aubo_moveit_config' returned '0': CMAKE_PREFIX_PATH=/home/mu/IVG/aubo_ros2_ws/install/aubo_description:/home/mu/IVG/aubo_ros2_ws/install/aubo_msgs:/home/mu/IVG/aubo_ros2_ws/install/aubo_moveit_config:/home/mu/IVG/aubo_ros2_ws/install/aubo_dashboard_msgs:/opt/ros/foxy /usr/bin/cmake --build /home/mu/IVG/aubo_ros2_ws/build/aubo_moveit_config -- -j32 -l32
[1.650s] DEBUG:colcon.colcon_core.event_handler.log_command:Invoking command in '/home/mu/IVG/aubo_ros2_ws/build/aubo_moveit_config': CMAKE_PREFIX_PATH=/home/mu/IVG/aubo_ros2_ws/install/aubo_description:/home/mu/IVG/aubo_ros2_ws/install/aubo_msgs:/home/mu/IVG/aubo_ros2_ws/install/aubo_moveit_config:/home/mu/IVG/aubo_ros2_ws/install/aubo_dashboard_msgs:/opt/ros/foxy /usr/bin/cmake --install /home/mu/IVG/aubo_ros2_ws/build/aubo_moveit_config
[1.657s] Level 1:colcon.colcon_core.environment:create_environment_scripts_only(aubo_moveit_config)
[1.658s] Level 1:colcon.colcon_core.environment:checking '/home/mu/IVG/aubo_ros2_ws/install/aubo_moveit_config' for CMake module files
[1.658s] DEBUG:colcon.colcon_core.event_handler.log_command:Invoked command in '/home/mu/IVG/aubo_ros2_ws/build/aubo_moveit_config' returned '0': CMAKE_PREFIX_PATH=/home/mu/IVG/aubo_ros2_ws/install/aubo_description:/home/mu/IVG/aubo_ros2_ws/install/aubo_msgs:/home/mu/IVG/aubo_ros2_ws/install/aubo_moveit_config:/home/mu/IVG/aubo_ros2_ws/install/aubo_dashboard_msgs:/opt/ros/foxy /usr/bin/cmake --install /home/mu/IVG/aubo_ros2_ws/build/aubo_moveit_config
[1.659s] Level 1:colcon.colcon_core.environment:checking '/home/mu/IVG/aubo_ros2_ws/install/aubo_moveit_config' for CMake config files
[1.659s] Level 1:colcon.colcon_core.shell:create_environment_hook('aubo_moveit_config', 'cmake_prefix_path')
[1.659s] INFO:colcon.colcon_core.shell:Creating environment hook '/home/mu/IVG/aubo_ros2_ws/install/aubo_moveit_config/share/aubo_moveit_config/hook/cmake_prefix_path.ps1'
[1.659s] INFO:colcon.colcon_core.shell:Creating environment descriptor '/home/mu/IVG/aubo_ros2_ws/install/aubo_moveit_config/share/aubo_moveit_config/hook/cmake_prefix_path.dsv'
[1.660s] INFO:colcon.colcon_core.shell:Creating environment hook '/home/mu/IVG/aubo_ros2_ws/install/aubo_moveit_config/share/aubo_moveit_config/hook/cmake_prefix_path.sh'
[1.660s] Level 1:colcon.colcon_core.environment:checking '/home/mu/IVG/aubo_ros2_ws/install/aubo_moveit_config/bin'
[1.660s] Level 1:colcon.colcon_core.environment:checking '/home/mu/IVG/aubo_ros2_ws/install/aubo_moveit_config/lib/pkgconfig/aubo_moveit_config.pc'
[1.660s] Level 1:colcon.colcon_core.environment:checking '/home/mu/IVG/aubo_ros2_ws/install/aubo_moveit_config/lib/python3.8/site-packages'
[1.661s] Level 1:colcon.colcon_core.environment:checking '/home/mu/IVG/aubo_ros2_ws/install/aubo_moveit_config/bin'
[1.661s] INFO:colcon.colcon_core.shell:Creating package script '/home/mu/IVG/aubo_ros2_ws/install/aubo_moveit_config/share/aubo_moveit_config/package.ps1'
[1.661s] INFO:colcon.colcon_core.shell:Creating package descriptor '/home/mu/IVG/aubo_ros2_ws/install/aubo_moveit_config/share/aubo_moveit_config/package.dsv'
[1.662s] INFO:colcon.colcon_core.shell:Creating package script '/home/mu/IVG/aubo_ros2_ws/install/aubo_moveit_config/share/aubo_moveit_config/package.sh'
[1.662s] INFO:colcon.colcon_core.shell:Creating package script '/home/mu/IVG/aubo_ros2_ws/install/aubo_moveit_config/share/aubo_moveit_config/package.bash'
[1.662s] INFO:colcon.colcon_core.shell:Creating package script '/home/mu/IVG/aubo_ros2_ws/install/aubo_moveit_config/share/aubo_moveit_config/package.zsh'
[1.662s] Level 1:colcon.colcon_core.environment:create_file_with_runtime_dependencies(/home/mu/IVG/aubo_ros2_ws/install/aubo_moveit_config/share/colcon-core/packages/aubo_moveit_config)
[1.663s] Level 1:colcon.colcon_core.environment:create_environment_scripts_only(aubo_moveit_config)
[1.663s] Level 1:colcon.colcon_core.environment:checking '/home/mu/IVG/aubo_ros2_ws/install/aubo_moveit_config' for CMake module files
[1.663s] Level 1:colcon.colcon_core.environment:checking '/home/mu/IVG/aubo_ros2_ws/install/aubo_moveit_config' for CMake config files
[1.663s] Level 1:colcon.colcon_core.shell:create_environment_hook('aubo_moveit_config', 'cmake_prefix_path')
[1.663s] INFO:colcon.colcon_core.shell:Creating environment hook '/home/mu/IVG/aubo_ros2_ws/install/aubo_moveit_config/share/aubo_moveit_config/hook/cmake_prefix_path.ps1'
[1.664s] INFO:colcon.colcon_core.shell:Creating environment descriptor '/home/mu/IVG/aubo_ros2_ws/install/aubo_moveit_config/share/aubo_moveit_config/hook/cmake_prefix_path.dsv'
[1.664s] INFO:colcon.colcon_core.shell:Creating environment hook '/home/mu/IVG/aubo_ros2_ws/install/aubo_moveit_config/share/aubo_moveit_config/hook/cmake_prefix_path.sh'
[1.664s] Level 1:colcon.colcon_core.environment:checking '/home/mu/IVG/aubo_ros2_ws/install/aubo_moveit_config/bin'
[1.664s] Level 1:colcon.colcon_core.environment:checking '/home/mu/IVG/aubo_ros2_ws/install/aubo_moveit_config/lib/pkgconfig/aubo_moveit_config.pc'
[1.664s] Level 1:colcon.colcon_core.environment:checking '/home/mu/IVG/aubo_ros2_ws/install/aubo_moveit_config/lib/python3.8/site-packages'
[1.664s] Level 1:colcon.colcon_core.environment:checking '/home/mu/IVG/aubo_ros2_ws/install/aubo_moveit_config/bin'
[1.664s] INFO:colcon.colcon_core.shell:Creating package script '/home/mu/IVG/aubo_ros2_ws/install/aubo_moveit_config/share/aubo_moveit_config/package.ps1'
[1.665s] INFO:colcon.colcon_core.shell:Creating package descriptor '/home/mu/IVG/aubo_ros2_ws/install/aubo_moveit_config/share/aubo_moveit_config/package.dsv'
[1.665s] INFO:colcon.colcon_core.shell:Creating package script '/home/mu/IVG/aubo_ros2_ws/install/aubo_moveit_config/share/aubo_moveit_config/package.sh'
[1.665s] INFO:colcon.colcon_core.shell:Creating package script '/home/mu/IVG/aubo_ros2_ws/install/aubo_moveit_config/share/aubo_moveit_config/package.bash'
[1.665s] INFO:colcon.colcon_core.shell:Creating package script '/home/mu/IVG/aubo_ros2_ws/install/aubo_moveit_config/share/aubo_moveit_config/package.zsh'
[1.665s] Level 1:colcon.colcon_core.environment:create_file_with_runtime_dependencies(/home/mu/IVG/aubo_ros2_ws/install/aubo_moveit_config/share/colcon-core/packages/aubo_moveit_config)
[5.667s] DEBUG:colcon.colcon_core.event_handler.log_command:Invoked command in '/home/mu/IVG/aubo_ros2_ws/build/aubo_msgs' returned '0': CMAKE_PREFIX_PATH=${CMAKE_PREFIX_PATH}:/opt/ros/foxy /usr/bin/cmake --build /home/mu/IVG/aubo_ros2_ws/build/aubo_msgs -- -j32 -l32
[5.670s] DEBUG:colcon.colcon_core.event_handler.log_command:Invoking command in '/home/mu/IVG/aubo_ros2_ws/build/aubo_msgs': CMAKE_PREFIX_PATH=${CMAKE_PREFIX_PATH}:/opt/ros/foxy /usr/bin/cmake --install /home/mu/IVG/aubo_ros2_ws/build/aubo_msgs
[5.712s] Level 1:colcon.colcon_core.environment:create_environment_scripts_only(aubo_msgs)
[5.712s] DEBUG:colcon.colcon_core.event_handler.log_command:Invoked command in '/home/mu/IVG/aubo_ros2_ws/build/aubo_msgs' returned '0': CMAKE_PREFIX_PATH=${CMAKE_PREFIX_PATH}:/opt/ros/foxy /usr/bin/cmake --install /home/mu/IVG/aubo_ros2_ws/build/aubo_msgs
[5.713s] Level 1:colcon.colcon_core.environment:checking '/home/mu/IVG/aubo_ros2_ws/install/aubo_msgs' for CMake module files
[5.713s] Level 1:colcon.colcon_core.environment:checking '/home/mu/IVG/aubo_ros2_ws/install/aubo_msgs' for CMake config files
[5.714s] Level 1:colcon.colcon_core.shell:create_environment_hook('aubo_msgs', 'cmake_prefix_path')
[5.714s] INFO:colcon.colcon_core.shell:Creating environment hook '/home/mu/IVG/aubo_ros2_ws/install/aubo_msgs/share/aubo_msgs/hook/cmake_prefix_path.ps1'
[5.715s] INFO:colcon.colcon_core.shell:Creating environment descriptor '/home/mu/IVG/aubo_ros2_ws/install/aubo_msgs/share/aubo_msgs/hook/cmake_prefix_path.dsv'
[5.715s] INFO:colcon.colcon_core.shell:Creating environment hook '/home/mu/IVG/aubo_ros2_ws/install/aubo_msgs/share/aubo_msgs/hook/cmake_prefix_path.sh'
[5.715s] Level 1:colcon.colcon_core.environment:checking '/home/mu/IVG/aubo_ros2_ws/install/aubo_msgs/lib'
[5.716s] Level 1:colcon.colcon_core.shell:create_environment_hook('aubo_msgs', 'ld_library_path_lib')
[5.716s] INFO:colcon.colcon_core.shell:Creating environment hook '/home/mu/IVG/aubo_ros2_ws/install/aubo_msgs/share/aubo_msgs/hook/ld_library_path_lib.ps1'
[5.717s] INFO:colcon.colcon_core.shell:Creating environment descriptor '/home/mu/IVG/aubo_ros2_ws/install/aubo_msgs/share/aubo_msgs/hook/ld_library_path_lib.dsv'
[5.717s] INFO:colcon.colcon_core.shell:Creating environment hook '/home/mu/IVG/aubo_ros2_ws/install/aubo_msgs/share/aubo_msgs/hook/ld_library_path_lib.sh'
[5.717s] Level 1:colcon.colcon_core.environment:checking '/home/mu/IVG/aubo_ros2_ws/install/aubo_msgs/bin'
[5.717s] Level 1:colcon.colcon_core.environment:checking '/home/mu/IVG/aubo_ros2_ws/install/aubo_msgs/lib/pkgconfig/aubo_msgs.pc'
[5.718s] Level 1:colcon.colcon_core.environment:checking '/home/mu/IVG/aubo_ros2_ws/install/aubo_msgs/lib/python3.8/site-packages'
[5.718s] Level 1:colcon.colcon_core.shell:create_environment_hook('aubo_msgs', 'pythonpath')
[5.718s] INFO:colcon.colcon_core.shell:Creating environment hook '/home/mu/IVG/aubo_ros2_ws/install/aubo_msgs/share/aubo_msgs/hook/pythonpath.ps1'
[5.718s] INFO:colcon.colcon_core.shell:Creating environment descriptor '/home/mu/IVG/aubo_ros2_ws/install/aubo_msgs/share/aubo_msgs/hook/pythonpath.dsv'
[5.719s] INFO:colcon.colcon_core.shell:Creating environment hook '/home/mu/IVG/aubo_ros2_ws/install/aubo_msgs/share/aubo_msgs/hook/pythonpath.sh'
[5.719s] Level 1:colcon.colcon_core.environment:checking '/home/mu/IVG/aubo_ros2_ws/install/aubo_msgs/bin'
[5.719s] INFO:colcon.colcon_core.shell:Creating package script '/home/mu/IVG/aubo_ros2_ws/install/aubo_msgs/share/aubo_msgs/package.ps1'
[5.720s] INFO:colcon.colcon_core.shell:Creating package descriptor '/home/mu/IVG/aubo_ros2_ws/install/aubo_msgs/share/aubo_msgs/package.dsv'
[5.720s] INFO:colcon.colcon_core.shell:Creating package script '/home/mu/IVG/aubo_ros2_ws/install/aubo_msgs/share/aubo_msgs/package.sh'
[5.720s] INFO:colcon.colcon_core.shell:Creating package script '/home/mu/IVG/aubo_ros2_ws/install/aubo_msgs/share/aubo_msgs/package.bash'
[5.720s] INFO:colcon.colcon_core.shell:Creating package script '/home/mu/IVG/aubo_ros2_ws/install/aubo_msgs/share/aubo_msgs/package.zsh'
[5.720s] Level 1:colcon.colcon_core.environment:create_file_with_runtime_dependencies(/home/mu/IVG/aubo_ros2_ws/install/aubo_msgs/share/colcon-core/packages/aubo_msgs)
[5.721s] Level 1:colcon.colcon_core.environment:create_environment_scripts_only(aubo_msgs)
[5.721s] Level 1:colcon.colcon_core.environment:checking '/home/mu/IVG/aubo_ros2_ws/install/aubo_msgs' for CMake module files
[5.721s] Level 1:colcon.colcon_core.environment:checking '/home/mu/IVG/aubo_ros2_ws/install/aubo_msgs' for CMake config files
[5.721s] Level 1:colcon.colcon_core.shell:create_environment_hook('aubo_msgs', 'cmake_prefix_path')
[5.721s] INFO:colcon.colcon_core.shell:Creating environment hook '/home/mu/IVG/aubo_ros2_ws/install/aubo_msgs/share/aubo_msgs/hook/cmake_prefix_path.ps1'
[5.721s] INFO:colcon.colcon_core.shell:Creating environment descriptor '/home/mu/IVG/aubo_ros2_ws/install/aubo_msgs/share/aubo_msgs/hook/cmake_prefix_path.dsv'
[5.722s] INFO:colcon.colcon_core.shell:Creating environment hook '/home/mu/IVG/aubo_ros2_ws/install/aubo_msgs/share/aubo_msgs/hook/cmake_prefix_path.sh'
[5.722s] Level 1:colcon.colcon_core.environment:checking '/home/mu/IVG/aubo_ros2_ws/install/aubo_msgs/lib'
[5.722s] Level 1:colcon.colcon_core.shell:create_environment_hook('aubo_msgs', 'ld_library_path_lib')
[5.722s] INFO:colcon.colcon_core.shell:Creating environment hook '/home/mu/IVG/aubo_ros2_ws/install/aubo_msgs/share/aubo_msgs/hook/ld_library_path_lib.ps1'
[5.722s] INFO:colcon.colcon_core.shell:Creating environment descriptor '/home/mu/IVG/aubo_ros2_ws/install/aubo_msgs/share/aubo_msgs/hook/ld_library_path_lib.dsv'
[5.722s] INFO:colcon.colcon_core.shell:Creating environment hook '/home/mu/IVG/aubo_ros2_ws/install/aubo_msgs/share/aubo_msgs/hook/ld_library_path_lib.sh'
[5.723s] Level 1:colcon.colcon_core.environment:checking '/home/mu/IVG/aubo_ros2_ws/install/aubo_msgs/bin'
[5.723s] Level 1:colcon.colcon_core.environment:checking '/home/mu/IVG/aubo_ros2_ws/install/aubo_msgs/lib/pkgconfig/aubo_msgs.pc'
[5.723s] Level 1:colcon.colcon_core.environment:checking '/home/mu/IVG/aubo_ros2_ws/install/aubo_msgs/lib/python3.8/site-packages'
[5.723s] Level 1:colcon.colcon_core.shell:create_environment_hook('aubo_msgs', 'pythonpath')
[5.723s] INFO:colcon.colcon_core.shell:Creating environment hook '/home/mu/IVG/aubo_ros2_ws/install/aubo_msgs/share/aubo_msgs/hook/pythonpath.ps1'
[5.723s] INFO:colcon.colcon_core.shell:Creating environment descriptor '/home/mu/IVG/aubo_ros2_ws/install/aubo_msgs/share/aubo_msgs/hook/pythonpath.dsv'
[5.723s] INFO:colcon.colcon_core.shell:Creating environment hook '/home/mu/IVG/aubo_ros2_ws/install/aubo_msgs/share/aubo_msgs/hook/pythonpath.sh'
[5.724s] Level 1:colcon.colcon_core.environment:checking '/home/mu/IVG/aubo_ros2_ws/install/aubo_msgs/bin'
[5.724s] INFO:colcon.colcon_core.shell:Creating package script '/home/mu/IVG/aubo_ros2_ws/install/aubo_msgs/share/aubo_msgs/package.ps1'
[5.724s] INFO:colcon.colcon_core.shell:Creating package descriptor '/home/mu/IVG/aubo_ros2_ws/install/aubo_msgs/share/aubo_msgs/package.dsv'
[5.724s] INFO:colcon.colcon_core.shell:Creating package script '/home/mu/IVG/aubo_ros2_ws/install/aubo_msgs/share/aubo_msgs/package.sh'
[5.724s] INFO:colcon.colcon_core.shell:Creating package script '/home/mu/IVG/aubo_ros2_ws/install/aubo_msgs/share/aubo_msgs/package.bash'
[5.725s] INFO:colcon.colcon_core.shell:Creating package script '/home/mu/IVG/aubo_ros2_ws/install/aubo_msgs/share/aubo_msgs/package.zsh'
[5.725s] Level 1:colcon.colcon_core.environment:create_file_with_runtime_dependencies(/home/mu/IVG/aubo_ros2_ws/install/aubo_msgs/share/colcon-core/packages/aubo_msgs)
[6.686s] DEBUG:colcon.colcon_core.event_handler.log_command:Invoked command in '/home/mu/IVG/aubo_ros2_ws/build/aubo_dashboard_msgs' returned '0': CMAKE_PREFIX_PATH=${CMAKE_PREFIX_PATH}:/opt/ros/foxy /usr/bin/cmake --build /home/mu/IVG/aubo_ros2_ws/build/aubo_dashboard_msgs -- -j32 -l32
[6.688s] DEBUG:colcon.colcon_core.event_handler.log_command:Invoking command in '/home/mu/IVG/aubo_ros2_ws/build/aubo_dashboard_msgs': CMAKE_PREFIX_PATH=${CMAKE_PREFIX_PATH}:/opt/ros/foxy /usr/bin/cmake --install /home/mu/IVG/aubo_ros2_ws/build/aubo_dashboard_msgs
[6.738s] Level 1:colcon.colcon_core.environment:create_environment_scripts_only(aubo_dashboard_msgs)
[6.738s] DEBUG:colcon.colcon_core.event_handler.log_command:Invoked command in '/home/mu/IVG/aubo_ros2_ws/build/aubo_dashboard_msgs' returned '0': CMAKE_PREFIX_PATH=${CMAKE_PREFIX_PATH}:/opt/ros/foxy /usr/bin/cmake --install /home/mu/IVG/aubo_ros2_ws/build/aubo_dashboard_msgs
[6.738s] Level 1:colcon.colcon_core.environment:checking '/home/mu/IVG/aubo_ros2_ws/install/aubo_dashboard_msgs' for CMake module files
[6.739s] Level 1:colcon.colcon_core.environment:checking '/home/mu/IVG/aubo_ros2_ws/install/aubo_dashboard_msgs' for CMake config files
[6.740s] Level 1:colcon.colcon_core.shell:create_environment_hook('aubo_dashboard_msgs', 'cmake_prefix_path')
[6.740s] INFO:colcon.colcon_core.shell:Creating environment hook '/home/mu/IVG/aubo_ros2_ws/install/aubo_dashboard_msgs/share/aubo_dashboard_msgs/hook/cmake_prefix_path.ps1'
[6.740s] INFO:colcon.colcon_core.shell:Creating environment descriptor '/home/mu/IVG/aubo_ros2_ws/install/aubo_dashboard_msgs/share/aubo_dashboard_msgs/hook/cmake_prefix_path.dsv'
[6.741s] INFO:colcon.colcon_core.shell:Creating environment hook '/home/mu/IVG/aubo_ros2_ws/install/aubo_dashboard_msgs/share/aubo_dashboard_msgs/hook/cmake_prefix_path.sh'
[6.741s] Level 1:colcon.colcon_core.environment:checking '/home/mu/IVG/aubo_ros2_ws/install/aubo_dashboard_msgs/lib'
[6.741s] Level 1:colcon.colcon_core.shell:create_environment_hook('aubo_dashboard_msgs', 'ld_library_path_lib')
[6.741s] INFO:colcon.colcon_core.shell:Creating environment hook '/home/mu/IVG/aubo_ros2_ws/install/aubo_dashboard_msgs/share/aubo_dashboard_msgs/hook/ld_library_path_lib.ps1'
[6.742s] INFO:colcon.colcon_core.shell:Creating environment descriptor '/home/mu/IVG/aubo_ros2_ws/install/aubo_dashboard_msgs/share/aubo_dashboard_msgs/hook/ld_library_path_lib.dsv'
[6.742s] INFO:colcon.colcon_core.shell:Creating environment hook '/home/mu/IVG/aubo_ros2_ws/install/aubo_dashboard_msgs/share/aubo_dashboard_msgs/hook/ld_library_path_lib.sh'
[6.742s] Level 1:colcon.colcon_core.environment:checking '/home/mu/IVG/aubo_ros2_ws/install/aubo_dashboard_msgs/bin'
[6.743s] Level 1:colcon.colcon_core.environment:checking '/home/mu/IVG/aubo_ros2_ws/install/aubo_dashboard_msgs/lib/pkgconfig/aubo_dashboard_msgs.pc'
[6.743s] Level 1:colcon.colcon_core.environment:checking '/home/mu/IVG/aubo_ros2_ws/install/aubo_dashboard_msgs/lib/python3.8/site-packages'
[6.743s] Level 1:colcon.colcon_core.shell:create_environment_hook('aubo_dashboard_msgs', 'pythonpath')
[6.743s] INFO:colcon.colcon_core.shell:Creating environment hook '/home/mu/IVG/aubo_ros2_ws/install/aubo_dashboard_msgs/share/aubo_dashboard_msgs/hook/pythonpath.ps1'
[6.743s] INFO:colcon.colcon_core.shell:Creating environment descriptor '/home/mu/IVG/aubo_ros2_ws/install/aubo_dashboard_msgs/share/aubo_dashboard_msgs/hook/pythonpath.dsv'
[6.744s] INFO:colcon.colcon_core.shell:Creating environment hook '/home/mu/IVG/aubo_ros2_ws/install/aubo_dashboard_msgs/share/aubo_dashboard_msgs/hook/pythonpath.sh'
[6.744s] Level 1:colcon.colcon_core.environment:checking '/home/mu/IVG/aubo_ros2_ws/install/aubo_dashboard_msgs/bin'
[6.745s] INFO:colcon.colcon_core.shell:Creating package script '/home/mu/IVG/aubo_ros2_ws/install/aubo_dashboard_msgs/share/aubo_dashboard_msgs/package.ps1'
[6.745s] INFO:colcon.colcon_core.shell:Creating package descriptor '/home/mu/IVG/aubo_ros2_ws/install/aubo_dashboard_msgs/share/aubo_dashboard_msgs/package.dsv'
[6.746s] INFO:colcon.colcon_core.shell:Creating package script '/home/mu/IVG/aubo_ros2_ws/install/aubo_dashboard_msgs/share/aubo_dashboard_msgs/package.sh'
[6.746s] INFO:colcon.colcon_core.shell:Creating package script '/home/mu/IVG/aubo_ros2_ws/install/aubo_dashboard_msgs/share/aubo_dashboard_msgs/package.bash'
[6.746s] INFO:colcon.colcon_core.shell:Creating package script '/home/mu/IVG/aubo_ros2_ws/install/aubo_dashboard_msgs/share/aubo_dashboard_msgs/package.zsh'
[6.747s] Level 1:colcon.colcon_core.environment:create_file_with_runtime_dependencies(/home/mu/IVG/aubo_ros2_ws/install/aubo_dashboard_msgs/share/colcon-core/packages/aubo_dashboard_msgs)
[6.747s] Level 1:colcon.colcon_core.environment:create_environment_scripts_only(aubo_dashboard_msgs)
[6.747s] Level 1:colcon.colcon_core.environment:checking '/home/mu/IVG/aubo_ros2_ws/install/aubo_dashboard_msgs' for CMake module files
[6.748s] Level 1:colcon.colcon_core.environment:checking '/home/mu/IVG/aubo_ros2_ws/install/aubo_dashboard_msgs' for CMake config files
[6.749s] Level 1:colcon.colcon_core.shell:create_environment_hook('aubo_dashboard_msgs', 'cmake_prefix_path')
[6.749s] INFO:colcon.colcon_core.shell:Creating environment hook '/home/mu/IVG/aubo_ros2_ws/install/aubo_dashboard_msgs/share/aubo_dashboard_msgs/hook/cmake_prefix_path.ps1'
[6.749s] INFO:colcon.colcon_core.shell:Creating environment descriptor '/home/mu/IVG/aubo_ros2_ws/install/aubo_dashboard_msgs/share/aubo_dashboard_msgs/hook/cmake_prefix_path.dsv'
[6.749s] INFO:colcon.colcon_core.shell:Creating environment hook '/home/mu/IVG/aubo_ros2_ws/install/aubo_dashboard_msgs/share/aubo_dashboard_msgs/hook/cmake_prefix_path.sh'
[6.750s] Level 1:colcon.colcon_core.environment:checking '/home/mu/IVG/aubo_ros2_ws/install/aubo_dashboard_msgs/lib'
[6.750s] Level 1:colcon.colcon_core.shell:create_environment_hook('aubo_dashboard_msgs', 'ld_library_path_lib')
[6.750s] INFO:colcon.colcon_core.shell:Creating environment hook '/home/mu/IVG/aubo_ros2_ws/install/aubo_dashboard_msgs/share/aubo_dashboard_msgs/hook/ld_library_path_lib.ps1'
[6.750s] INFO:colcon.colcon_core.shell:Creating environment descriptor '/home/mu/IVG/aubo_ros2_ws/install/aubo_dashboard_msgs/share/aubo_dashboard_msgs/hook/ld_library_path_lib.dsv'
[6.751s] INFO:colcon.colcon_core.shell:Creating environment hook '/home/mu/IVG/aubo_ros2_ws/install/aubo_dashboard_msgs/share/aubo_dashboard_msgs/hook/ld_library_path_lib.sh'
[6.751s] Level 1:colcon.colcon_core.environment:checking '/home/mu/IVG/aubo_ros2_ws/install/aubo_dashboard_msgs/bin'
[6.751s] Level 1:colcon.colcon_core.environment:checking '/home/mu/IVG/aubo_ros2_ws/install/aubo_dashboard_msgs/lib/pkgconfig/aubo_dashboard_msgs.pc'
[6.751s] Level 1:colcon.colcon_core.environment:checking '/home/mu/IVG/aubo_ros2_ws/install/aubo_dashboard_msgs/lib/python3.8/site-packages'
[6.751s] Level 1:colcon.colcon_core.shell:create_environment_hook('aubo_dashboard_msgs', 'pythonpath')
[6.751s] INFO:colcon.colcon_core.shell:Creating environment hook '/home/mu/IVG/aubo_ros2_ws/install/aubo_dashboard_msgs/share/aubo_dashboard_msgs/hook/pythonpath.ps1'
[6.751s] INFO:colcon.colcon_core.shell:Creating environment descriptor '/home/mu/IVG/aubo_ros2_ws/install/aubo_dashboard_msgs/share/aubo_dashboard_msgs/hook/pythonpath.dsv'
[6.752s] INFO:colcon.colcon_core.shell:Creating environment hook '/home/mu/IVG/aubo_ros2_ws/install/aubo_dashboard_msgs/share/aubo_dashboard_msgs/hook/pythonpath.sh'
[6.752s] Level 1:colcon.colcon_core.environment:checking '/home/mu/IVG/aubo_ros2_ws/install/aubo_dashboard_msgs/bin'
[6.752s] INFO:colcon.colcon_core.shell:Creating package script '/home/mu/IVG/aubo_ros2_ws/install/aubo_dashboard_msgs/share/aubo_dashboard_msgs/package.ps1'
[6.752s] INFO:colcon.colcon_core.shell:Creating package descriptor '/home/mu/IVG/aubo_ros2_ws/install/aubo_dashboard_msgs/share/aubo_dashboard_msgs/package.dsv'
[6.753s] INFO:colcon.colcon_core.shell:Creating package script '/home/mu/IVG/aubo_ros2_ws/install/aubo_dashboard_msgs/share/aubo_dashboard_msgs/package.sh'
[6.753s] INFO:colcon.colcon_core.shell:Creating package script '/home/mu/IVG/aubo_ros2_ws/install/aubo_dashboard_msgs/share/aubo_dashboard_msgs/package.bash'
[6.753s] INFO:colcon.colcon_core.shell:Creating package script '/home/mu/IVG/aubo_ros2_ws/install/aubo_dashboard_msgs/share/aubo_dashboard_msgs/package.zsh'
[6.753s] Level 1:colcon.colcon_core.environment:create_file_with_runtime_dependencies(/home/mu/IVG/aubo_ros2_ws/install/aubo_dashboard_msgs/share/colcon-core/packages/aubo_dashboard_msgs)
[6.753s] DEBUG:colcon.colcon_parallel_executor.executor.parallel:closing loop
[6.753s] DEBUG:colcon.colcon_parallel_executor.executor.parallel:loop closed
[6.753s] DEBUG:colcon.colcon_parallel_executor.executor.parallel:run_until_complete finished with '0'
[6.754s] DEBUG:colcon.colcon_core.event_reactor:joining thread
[6.757s] INFO:colcon.colcon_core.plugin_system:Skipping extension 'colcon_notification.desktop_notification.terminal_notifier': Not used on non-Darwin systems
[6.757s] INFO:colcon.colcon_core.plugin_system:Skipping extension 'colcon_notification.desktop_notification.win32': Not used on non-Windows systems
[6.757s] INFO:colcon.colcon_notification.desktop_notification:Sending desktop notification using 'notify2'
[6.770s] DEBUG:colcon.colcon_core.event_reactor:joined thread
[6.771s] INFO:colcon.colcon_core.shell:Creating prefix script '/home/mu/IVG/aubo_ros2_ws/install/local_setup.ps1'
[6.772s] INFO:colcon.colcon_core.shell:Creating prefix util module '/home/mu/IVG/aubo_ros2_ws/install/_local_setup_util_ps1.py'
[6.773s] INFO:colcon.colcon_core.shell:Creating prefix chain script '/home/mu/IVG/aubo_ros2_ws/install/setup.ps1'
[6.774s] INFO:colcon.colcon_core.shell:Creating prefix script '/home/mu/IVG/aubo_ros2_ws/install/local_setup.sh'
[6.774s] INFO:colcon.colcon_core.shell:Creating prefix util module '/home/mu/IVG/aubo_ros2_ws/install/_local_setup_util_sh.py'
[6.775s] INFO:colcon.colcon_core.shell:Creating prefix chain script '/home/mu/IVG/aubo_ros2_ws/install/setup.sh'
[6.776s] INFO:colcon.colcon_core.shell:Creating prefix script '/home/mu/IVG/aubo_ros2_ws/install/local_setup.bash'
[6.776s] INFO:colcon.colcon_core.shell:Creating prefix chain script '/home/mu/IVG/aubo_ros2_ws/install/setup.bash'
[6.777s] INFO:colcon.colcon_core.shell:Creating prefix script '/home/mu/IVG/aubo_ros2_ws/install/local_setup.zsh'
[6.777s] INFO:colcon.colcon_core.shell:Creating prefix chain script '/home/mu/IVG/aubo_ros2_ws/install/setup.zsh'
