[0.017s] Invoking command in '/home/mu/IVG/ws_moveit/build/moveit_ros_move_group': CMAKE_PREFIX_PATH=/home/mu/IVG/ws_moveit/install/moveit_kinematics:/home/mu/IVG/ws_moveit/install/moveit_ros_planning:/home/mu/IVG/ws_moveit/install/moveit_ros_occupancy_map_monitor:/home/mu/IVG/ws_moveit/install/moveit_core:/home/mu/IVG/ws_moveit/install/moveit_common:/home/mu/IVG/ws_moveit/install/moveit2_tutorials:/home/mu/IVG/ws_moveit/install/moveit_visual_tools:/home/mu/IVG/ws_moveit/install/rviz_visual_tools:/home/mu/IVG/ws_moveit/install/run_ompl_constrained_planning:/home/mu/IVG/ws_moveit/install/run_moveit_cpp:/home/mu/IVG/ws_moveit/install/run_move_group:/home/mu/IVG/ws_moveit/install/moveit_runtime:/home/mu/IVG/ws_moveit/install/moveit:/home/mu/IVG/ws_moveit/install/moveit_plugins:/home/mu/IVG/ws_moveit/install/moveit_simple_controller_manager:/home/mu/IVG/ws_moveit/install/moveit_servo:/home/mu/IVG/ws_moveit/install/moveit_ros:/home/mu/IVG/ws_moveit/install/moveit_ros_visualization:/home/mu/IVG/ws_moveit/install/moveit_ros_planning_interface:/home/mu/IVG/ws_moveit/install/moveit_ros_benchmarks:/home/mu/IVG/ws_moveit/install/moveit_ros_warehouse:/home/mu/IVG/ws_moveit/install/moveit_ros_robot_interaction:/home/mu/IVG/ws_moveit/install/moveit_ros_perception:/home/mu/IVG/ws_moveit/install/moveit_ros_move_group:/home/mu/IVG/ws_moveit/install/moveit_planners:/home/mu/IVG/ws_moveit/install/moveit_planners_ompl:/home/mu/IVG/ws_moveit/install/moveit_planners_chomp:/home/mu/IVG/ws_moveit/install/moveit_chomp_optimizer_adapter:/home/mu/IVG/ws_moveit/install/chomp_motion_planner:/opt/ros/foxy LD_LIBRARY_PATH=/home/mu/IVG/ws_moveit/install/moveit_kinematics/lib:/home/mu/IVG/ws_moveit/install/moveit_ros_planning/lib:/home/mu/IVG/ws_moveit/install/moveit_ros_occupancy_map_monitor/lib:/home/mu/IVG/ws_moveit/install/moveit_core/lib:/home/mu/IVG/ws_moveit/install/moveit_visual_tools/lib:/home/mu/IVG/ws_moveit/install/rviz_visual_tools/lib:/home/mu/IVG/ws_moveit/install/moveit_simple_controller_manager/lib:/home/mu/IVG/ws_moveit/install/moveit_servo/lib:/home/mu/IVG/ws_moveit/install/moveit_ros_visualization/lib:/home/mu/IVG/ws_moveit/install/moveit_ros_planning_interface/lib:/home/mu/IVG/ws_moveit/install/moveit_ros_benchmarks/lib:/home/mu/IVG/ws_moveit/install/moveit_ros_warehouse/lib:/home/mu/IVG/ws_moveit/install/moveit_ros_robot_interaction/lib:/home/mu/IVG/ws_moveit/install/moveit_ros_perception/lib:/home/mu/IVG/ws_moveit/install/moveit_ros_move_group/lib:/home/mu/IVG/ws_moveit/install/moveit_planners_ompl/lib:/home/mu/IVG/ws_moveit/install/moveit_planners_chomp/lib:/home/mu/IVG/ws_moveit/install/moveit_chomp_optimizer_adapter/lib:/home/mu/IVG/ws_moveit/install/chomp_motion_planner/lib:/opt/ros/foxy/opt/yaml_cpp_vendor/lib:/opt/ros/foxy/opt/rviz_ogre_vendor/lib:/opt/ros/foxy/lib/x86_64-linux-gnu:/opt/ros/foxy/lib /usr/bin/cmake /home/mu/IVG/ws_moveit/src/moveit2/moveit_ros/move_group -DCMAKE_BUILD_TYPE=Release -DCMAKE_INSTALL_PREFIX=/home/mu/IVG/ws_moveit/install/moveit_ros_move_group
[0.054s] -- The C compiler identification is GNU 9.4.0
[0.090s] -- The CXX compiler identification is GNU 9.4.0
[0.094s] -- Check for working C compiler: /usr/bin/cc
[0.140s] -- Check for working C compiler: /usr/bin/cc -- works
[0.141s] -- Detecting C compiler ABI info
[0.187s] -- Detecting C compiler ABI info - done
[0.194s] -- Detecting C compile features
[0.195s] -- Detecting C compile features - done
[0.196s] -- Check for working CXX compiler: /usr/bin/c++
[0.251s] -- Check for working CXX compiler: /usr/bin/c++ -- works
[0.252s] -- Detecting CXX compiler ABI info
[0.306s] -- Detecting CXX compiler ABI info - done
[0.317s] -- Detecting CXX compile features
[0.317s] -- Detecting CXX compile features - done
[0.319s] -- Found moveit_common: 2.2.3 (/home/mu/IVG/ws_moveit/install/moveit_common/share/moveit_common/cmake)
[0.321s] -- Found ament_cmake: 0.9.12 (/opt/ros/foxy/share/ament_cmake/cmake)
[0.338s] -- Found PythonInterp: /usr/bin/python3 (found suitable version "3.8.10", minimum required is "3") 
[0.339s] -- Using PYTHON_EXECUTABLE: /usr/bin/python3
[0.500s] -- Found moveit_core: 2.2.3 (/home/mu/IVG/ws_moveit/install/moveit_core/share/moveit_core/cmake)
[0.755s] -- Found Boost: /usr/lib/x86_64-linux-gnu/cmake/Boost-1.71.0/BoostConfig.cmake (found version "1.71.0") found components: chrono date_time filesystem iostreams program_options regex serialization system thread 
[0.773s] -- Found Boost: /usr/lib/x86_64-linux-gnu/cmake/Boost-1.71.0/BoostConfig.cmake (found version "1.71.0") found components: filesystem 
[0.823s] -- Using all available rosidl_typesupport_c: rosidl_typesupport_fastrtps_c;rosidl_typesupport_introspection_c
[0.830s] -- Found rosidl_adapter: 1.3.1 (/opt/ros/foxy/share/rosidl_adapter/cmake)
[0.905s] -- Found OpenSSL: /usr/lib/x86_64-linux-gnu/libcrypto.so (found version "1.1.1f")  
[0.943s] -- Found FastRTPS: /opt/ros/foxy/include  
[1.024s] -- Using all available rosidl_typesupport_cpp: rosidl_typesupport_fastrtps_cpp;rosidl_typesupport_introspection_cpp
[1.149s] -- Found rmw_implementation_cmake: 1.0.4 (/opt/ros/foxy/share/rmw_implementation_cmake/cmake)
[1.151s] -- Using RMW implementation 'rmw_fastrtps_cpp' as default
[1.153s] -- Found Threads: TRUE  
[1.378s] -- library: /usr/lib/x86_64-linux-gnu/libcurl.so
[1.609s] -- Found Eigen3: TRUE (found version "3.3.7") 
[3.162s] -- Found moveit_ros_planning: 2.2.3 (/home/mu/IVG/ws_moveit/install/moveit_ros_planning/share/moveit_ros_planning/cmake)
[3.167s] -- Found Boost: /usr/lib/x86_64-linux-gnu/cmake/Boost-1.71.0/BoostConfig.cmake (found version "1.71.0") found components: system filesystem date_time program_options thread chrono 
[3.410s] -- Found Boost: /usr/lib/x86_64-linux-gnu/cmake/Boost-1.71.0/BoostConfig.cmake (found version "1.71.0") found components: thread 
[3.919s] -- Found std_srvs: 2.0.5 (/opt/ros/foxy/share/std_srvs/cmake)
[3.931s] -- Found Boost: /usr/lib/x86_64-linux-gnu/cmake/Boost-1.71.0/BoostConfig.cmake (found version "1.71.0") found components: system filesystem date_time program_options thread 
[3.963s] -- Found ament_lint_auto: 0.9.8 (/opt/ros/foxy/share/ament_lint_auto/cmake)
[3.975s] -- Added test 'lint_cmake' to check CMake code style
[3.976s] -- Added test 'pep257' to check Python code against some of the style conventions in PEP 257
[3.977s] -- Added test 'xmllint' to check XML markup files
[3.980s] -- Configuring done
[4.077s] -- Generating done
[4.109s] -- Build files have been written to: /home/mu/IVG/ws_moveit/build/moveit_ros_move_group
[4.117s] Invoked command in '/home/mu/IVG/ws_moveit/build/moveit_ros_move_group' returned '0': CMAKE_PREFIX_PATH=/home/mu/IVG/ws_moveit/install/moveit_kinematics:/home/mu/IVG/ws_moveit/install/moveit_ros_planning:/home/mu/IVG/ws_moveit/install/moveit_ros_occupancy_map_monitor:/home/mu/IVG/ws_moveit/install/moveit_core:/home/mu/IVG/ws_moveit/install/moveit_common:/home/mu/IVG/ws_moveit/install/moveit2_tutorials:/home/mu/IVG/ws_moveit/install/moveit_visual_tools:/home/mu/IVG/ws_moveit/install/rviz_visual_tools:/home/mu/IVG/ws_moveit/install/run_ompl_constrained_planning:/home/mu/IVG/ws_moveit/install/run_moveit_cpp:/home/mu/IVG/ws_moveit/install/run_move_group:/home/mu/IVG/ws_moveit/install/moveit_runtime:/home/mu/IVG/ws_moveit/install/moveit:/home/mu/IVG/ws_moveit/install/moveit_plugins:/home/mu/IVG/ws_moveit/install/moveit_simple_controller_manager:/home/mu/IVG/ws_moveit/install/moveit_servo:/home/mu/IVG/ws_moveit/install/moveit_ros:/home/mu/IVG/ws_moveit/install/moveit_ros_visualization:/home/mu/IVG/ws_moveit/install/moveit_ros_planning_interface:/home/mu/IVG/ws_moveit/install/moveit_ros_benchmarks:/home/mu/IVG/ws_moveit/install/moveit_ros_warehouse:/home/mu/IVG/ws_moveit/install/moveit_ros_robot_interaction:/home/mu/IVG/ws_moveit/install/moveit_ros_perception:/home/mu/IVG/ws_moveit/install/moveit_ros_move_group:/home/mu/IVG/ws_moveit/install/moveit_planners:/home/mu/IVG/ws_moveit/install/moveit_planners_ompl:/home/mu/IVG/ws_moveit/install/moveit_planners_chomp:/home/mu/IVG/ws_moveit/install/moveit_chomp_optimizer_adapter:/home/mu/IVG/ws_moveit/install/chomp_motion_planner:/opt/ros/foxy LD_LIBRARY_PATH=/home/mu/IVG/ws_moveit/install/moveit_kinematics/lib:/home/mu/IVG/ws_moveit/install/moveit_ros_planning/lib:/home/mu/IVG/ws_moveit/install/moveit_ros_occupancy_map_monitor/lib:/home/mu/IVG/ws_moveit/install/moveit_core/lib:/home/mu/IVG/ws_moveit/install/moveit_visual_tools/lib:/home/mu/IVG/ws_moveit/install/rviz_visual_tools/lib:/home/mu/IVG/ws_moveit/install/moveit_simple_controller_manager/lib:/home/mu/IVG/ws_moveit/install/moveit_servo/lib:/home/mu/IVG/ws_moveit/install/moveit_ros_visualization/lib:/home/mu/IVG/ws_moveit/install/moveit_ros_planning_interface/lib:/home/mu/IVG/ws_moveit/install/moveit_ros_benchmarks/lib:/home/mu/IVG/ws_moveit/install/moveit_ros_warehouse/lib:/home/mu/IVG/ws_moveit/install/moveit_ros_robot_interaction/lib:/home/mu/IVG/ws_moveit/install/moveit_ros_perception/lib:/home/mu/IVG/ws_moveit/install/moveit_ros_move_group/lib:/home/mu/IVG/ws_moveit/install/moveit_planners_ompl/lib:/home/mu/IVG/ws_moveit/install/moveit_planners_chomp/lib:/home/mu/IVG/ws_moveit/install/moveit_chomp_optimizer_adapter/lib:/home/mu/IVG/ws_moveit/install/chomp_motion_planner/lib:/opt/ros/foxy/opt/yaml_cpp_vendor/lib:/opt/ros/foxy/opt/rviz_ogre_vendor/lib:/opt/ros/foxy/lib/x86_64-linux-gnu:/opt/ros/foxy/lib /usr/bin/cmake /home/mu/IVG/ws_moveit/src/moveit2/moveit_ros/move_group -DCMAKE_BUILD_TYPE=Release -DCMAKE_INSTALL_PREFIX=/home/mu/IVG/ws_moveit/install/moveit_ros_move_group
[4.121s] Invoking command in '/home/mu/IVG/ws_moveit/build/moveit_ros_move_group': CMAKE_PREFIX_PATH=/home/mu/IVG/ws_moveit/install/moveit_kinematics:/home/mu/IVG/ws_moveit/install/moveit_ros_planning:/home/mu/IVG/ws_moveit/install/moveit_ros_occupancy_map_monitor:/home/mu/IVG/ws_moveit/install/moveit_core:/home/mu/IVG/ws_moveit/install/moveit_common:/home/mu/IVG/ws_moveit/install/moveit2_tutorials:/home/mu/IVG/ws_moveit/install/moveit_visual_tools:/home/mu/IVG/ws_moveit/install/rviz_visual_tools:/home/mu/IVG/ws_moveit/install/run_ompl_constrained_planning:/home/mu/IVG/ws_moveit/install/run_moveit_cpp:/home/mu/IVG/ws_moveit/install/run_move_group:/home/mu/IVG/ws_moveit/install/moveit_runtime:/home/mu/IVG/ws_moveit/install/moveit:/home/mu/IVG/ws_moveit/install/moveit_plugins:/home/mu/IVG/ws_moveit/install/moveit_simple_controller_manager:/home/mu/IVG/ws_moveit/install/moveit_servo:/home/mu/IVG/ws_moveit/install/moveit_ros:/home/mu/IVG/ws_moveit/install/moveit_ros_visualization:/home/mu/IVG/ws_moveit/install/moveit_ros_planning_interface:/home/mu/IVG/ws_moveit/install/moveit_ros_benchmarks:/home/mu/IVG/ws_moveit/install/moveit_ros_warehouse:/home/mu/IVG/ws_moveit/install/moveit_ros_robot_interaction:/home/mu/IVG/ws_moveit/install/moveit_ros_perception:/home/mu/IVG/ws_moveit/install/moveit_ros_move_group:/home/mu/IVG/ws_moveit/install/moveit_planners:/home/mu/IVG/ws_moveit/install/moveit_planners_ompl:/home/mu/IVG/ws_moveit/install/moveit_planners_chomp:/home/mu/IVG/ws_moveit/install/moveit_chomp_optimizer_adapter:/home/mu/IVG/ws_moveit/install/chomp_motion_planner:/opt/ros/foxy LD_LIBRARY_PATH=/home/mu/IVG/ws_moveit/install/moveit_kinematics/lib:/home/mu/IVG/ws_moveit/install/moveit_ros_planning/lib:/home/mu/IVG/ws_moveit/install/moveit_ros_occupancy_map_monitor/lib:/home/mu/IVG/ws_moveit/install/moveit_core/lib:/home/mu/IVG/ws_moveit/install/moveit_visual_tools/lib:/home/mu/IVG/ws_moveit/install/rviz_visual_tools/lib:/home/mu/IVG/ws_moveit/install/moveit_simple_controller_manager/lib:/home/mu/IVG/ws_moveit/install/moveit_servo/lib:/home/mu/IVG/ws_moveit/install/moveit_ros_visualization/lib:/home/mu/IVG/ws_moveit/install/moveit_ros_planning_interface/lib:/home/mu/IVG/ws_moveit/install/moveit_ros_benchmarks/lib:/home/mu/IVG/ws_moveit/install/moveit_ros_warehouse/lib:/home/mu/IVG/ws_moveit/install/moveit_ros_robot_interaction/lib:/home/mu/IVG/ws_moveit/install/moveit_ros_perception/lib:/home/mu/IVG/ws_moveit/install/moveit_ros_move_group/lib:/home/mu/IVG/ws_moveit/install/moveit_planners_ompl/lib:/home/mu/IVG/ws_moveit/install/moveit_planners_chomp/lib:/home/mu/IVG/ws_moveit/install/moveit_chomp_optimizer_adapter/lib:/home/mu/IVG/ws_moveit/install/chomp_motion_planner/lib:/opt/ros/foxy/opt/yaml_cpp_vendor/lib:/opt/ros/foxy/opt/rviz_ogre_vendor/lib:/opt/ros/foxy/lib/x86_64-linux-gnu:/opt/ros/foxy/lib /usr/bin/cmake --build /home/mu/IVG/ws_moveit/build/moveit_ros_move_group -- -j32 -l32
[4.155s] [35m[1mScanning dependencies of target list_move_group_capabilities[0m
[4.159s] [35m[1mScanning dependencies of target moveit_move_group_capabilities_base[0m
[4.227s] [  5%] [32mBuilding CXX object CMakeFiles/list_move_group_capabilities.dir/src/list_capabilities.cpp.o[0m
[4.254s] [ 10%] [32mBuilding CXX object CMakeFiles/moveit_move_group_capabilities_base.dir/src/move_group_context.cpp.o[0m
[4.259s] [ 15%] [32mBuilding CXX object CMakeFiles/moveit_move_group_capabilities_base.dir/src/move_group_capability.cpp.o[0m
[13.735s] [ 21%] [32m[1mLinking CXX shared library libmoveit_move_group_capabilities_base.so[0m
[13.917s] [ 21%] Built target moveit_move_group_capabilities_base
[13.925s] [35m[1mScanning dependencies of target move_group[0m
[13.925s] [35m[1mScanning dependencies of target moveit_move_group_default_capabilities[0m
[13.994s] [ 26%] [32mBuilding CXX object CMakeFiles/move_group.dir/src/move_group.cpp.o[0m
[14.089s] [ 31%] [32mBuilding CXX object CMakeFiles/moveit_move_group_default_capabilities.dir/src/default_capabilities/move_action_capability.cpp.o[0m
[14.094s] [ 42%] [32mBuilding CXX object CMakeFiles/moveit_move_group_default_capabilities.dir/src/default_capabilities/plan_service_capability.cpp.o[0m
[14.094s] [ 42%] [32mBuilding CXX object CMakeFiles/moveit_move_group_default_capabilities.dir/src/default_capabilities/execute_trajectory_action_capability.cpp.o[0m
[14.095s] [ 47%] [32mBuilding CXX object CMakeFiles/moveit_move_group_default_capabilities.dir/src/default_capabilities/query_planners_service_capability.cpp.o[0m
[14.096s] [ 52%] [32mBuilding CXX object CMakeFiles/moveit_move_group_default_capabilities.dir/src/default_capabilities/kinematics_service_capability.cpp.o[0m
[14.096s] [ 57%] [32mBuilding CXX object CMakeFiles/moveit_move_group_default_capabilities.dir/src/default_capabilities/apply_planning_scene_service_capability.cpp.o[0m
[14.097s] [ 63%] [32mBuilding CXX object CMakeFiles/moveit_move_group_default_capabilities.dir/src/default_capabilities/state_validation_service_capability.cpp.o[0m
[14.098s] [ 68%] [32mBuilding CXX object CMakeFiles/moveit_move_group_default_capabilities.dir/src/default_capabilities/cartesian_path_service_capability.cpp.o[0m
[14.099s] [ 73%] [32mBuilding CXX object CMakeFiles/moveit_move_group_default_capabilities.dir/src/default_capabilities/get_planning_scene_service_capability.cpp.o[0m
[14.102s] [ 78%] [32mBuilding CXX object CMakeFiles/moveit_move_group_default_capabilities.dir/src/default_capabilities/clear_octomap_service_capability.cpp.o[0m
[14.102s] [ 84%] [32mBuilding CXX object CMakeFiles/moveit_move_group_default_capabilities.dir/src/default_capabilities/tf_publisher_capability.cpp.o[0m
[14.759s] [ 89%] [32m[1mLinking CXX executable list_move_group_capabilities[0m
[15.013s] [ 89%] Built target list_move_group_capabilities
[26.327s] [ 94%] [32m[1mLinking CXX executable move_group[0m
[26.578s] [ 94%] Built target move_group
[28.034s] [100%] [32m[1mLinking CXX shared library libmoveit_move_group_default_capabilities.so[0m
[28.250s] [100%] Built target moveit_move_group_default_capabilities
[28.257s] Invoked command in '/home/mu/IVG/ws_moveit/build/moveit_ros_move_group' returned '0': CMAKE_PREFIX_PATH=/home/mu/IVG/ws_moveit/install/moveit_kinematics:/home/mu/IVG/ws_moveit/install/moveit_ros_planning:/home/mu/IVG/ws_moveit/install/moveit_ros_occupancy_map_monitor:/home/mu/IVG/ws_moveit/install/moveit_core:/home/mu/IVG/ws_moveit/install/moveit_common:/home/mu/IVG/ws_moveit/install/moveit2_tutorials:/home/mu/IVG/ws_moveit/install/moveit_visual_tools:/home/mu/IVG/ws_moveit/install/rviz_visual_tools:/home/mu/IVG/ws_moveit/install/run_ompl_constrained_planning:/home/mu/IVG/ws_moveit/install/run_moveit_cpp:/home/mu/IVG/ws_moveit/install/run_move_group:/home/mu/IVG/ws_moveit/install/moveit_runtime:/home/mu/IVG/ws_moveit/install/moveit:/home/mu/IVG/ws_moveit/install/moveit_plugins:/home/mu/IVG/ws_moveit/install/moveit_simple_controller_manager:/home/mu/IVG/ws_moveit/install/moveit_servo:/home/mu/IVG/ws_moveit/install/moveit_ros:/home/mu/IVG/ws_moveit/install/moveit_ros_visualization:/home/mu/IVG/ws_moveit/install/moveit_ros_planning_interface:/home/mu/IVG/ws_moveit/install/moveit_ros_benchmarks:/home/mu/IVG/ws_moveit/install/moveit_ros_warehouse:/home/mu/IVG/ws_moveit/install/moveit_ros_robot_interaction:/home/mu/IVG/ws_moveit/install/moveit_ros_perception:/home/mu/IVG/ws_moveit/install/moveit_ros_move_group:/home/mu/IVG/ws_moveit/install/moveit_planners:/home/mu/IVG/ws_moveit/install/moveit_planners_ompl:/home/mu/IVG/ws_moveit/install/moveit_planners_chomp:/home/mu/IVG/ws_moveit/install/moveit_chomp_optimizer_adapter:/home/mu/IVG/ws_moveit/install/chomp_motion_planner:/opt/ros/foxy LD_LIBRARY_PATH=/home/mu/IVG/ws_moveit/install/moveit_kinematics/lib:/home/mu/IVG/ws_moveit/install/moveit_ros_planning/lib:/home/mu/IVG/ws_moveit/install/moveit_ros_occupancy_map_monitor/lib:/home/mu/IVG/ws_moveit/install/moveit_core/lib:/home/mu/IVG/ws_moveit/install/moveit_visual_tools/lib:/home/mu/IVG/ws_moveit/install/rviz_visual_tools/lib:/home/mu/IVG/ws_moveit/install/moveit_simple_controller_manager/lib:/home/mu/IVG/ws_moveit/install/moveit_servo/lib:/home/mu/IVG/ws_moveit/install/moveit_ros_visualization/lib:/home/mu/IVG/ws_moveit/install/moveit_ros_planning_interface/lib:/home/mu/IVG/ws_moveit/install/moveit_ros_benchmarks/lib:/home/mu/IVG/ws_moveit/install/moveit_ros_warehouse/lib:/home/mu/IVG/ws_moveit/install/moveit_ros_robot_interaction/lib:/home/mu/IVG/ws_moveit/install/moveit_ros_perception/lib:/home/mu/IVG/ws_moveit/install/moveit_ros_move_group/lib:/home/mu/IVG/ws_moveit/install/moveit_planners_ompl/lib:/home/mu/IVG/ws_moveit/install/moveit_planners_chomp/lib:/home/mu/IVG/ws_moveit/install/moveit_chomp_optimizer_adapter/lib:/home/mu/IVG/ws_moveit/install/chomp_motion_planner/lib:/opt/ros/foxy/opt/yaml_cpp_vendor/lib:/opt/ros/foxy/opt/rviz_ogre_vendor/lib:/opt/ros/foxy/lib/x86_64-linux-gnu:/opt/ros/foxy/lib /usr/bin/cmake --build /home/mu/IVG/ws_moveit/build/moveit_ros_move_group -- -j32 -l32
[28.259s] Invoking command in '/home/mu/IVG/ws_moveit/build/moveit_ros_move_group': CMAKE_PREFIX_PATH=/home/mu/IVG/ws_moveit/install/moveit_kinematics:/home/mu/IVG/ws_moveit/install/moveit_ros_planning:/home/mu/IVG/ws_moveit/install/moveit_ros_occupancy_map_monitor:/home/mu/IVG/ws_moveit/install/moveit_core:/home/mu/IVG/ws_moveit/install/moveit_common:/home/mu/IVG/ws_moveit/install/moveit2_tutorials:/home/mu/IVG/ws_moveit/install/moveit_visual_tools:/home/mu/IVG/ws_moveit/install/rviz_visual_tools:/home/mu/IVG/ws_moveit/install/run_ompl_constrained_planning:/home/mu/IVG/ws_moveit/install/run_moveit_cpp:/home/mu/IVG/ws_moveit/install/run_move_group:/home/mu/IVG/ws_moveit/install/moveit_runtime:/home/mu/IVG/ws_moveit/install/moveit:/home/mu/IVG/ws_moveit/install/moveit_plugins:/home/mu/IVG/ws_moveit/install/moveit_simple_controller_manager:/home/mu/IVG/ws_moveit/install/moveit_servo:/home/mu/IVG/ws_moveit/install/moveit_ros:/home/mu/IVG/ws_moveit/install/moveit_ros_visualization:/home/mu/IVG/ws_moveit/install/moveit_ros_planning_interface:/home/mu/IVG/ws_moveit/install/moveit_ros_benchmarks:/home/mu/IVG/ws_moveit/install/moveit_ros_warehouse:/home/mu/IVG/ws_moveit/install/moveit_ros_robot_interaction:/home/mu/IVG/ws_moveit/install/moveit_ros_perception:/home/mu/IVG/ws_moveit/install/moveit_ros_move_group:/home/mu/IVG/ws_moveit/install/moveit_planners:/home/mu/IVG/ws_moveit/install/moveit_planners_ompl:/home/mu/IVG/ws_moveit/install/moveit_planners_chomp:/home/mu/IVG/ws_moveit/install/moveit_chomp_optimizer_adapter:/home/mu/IVG/ws_moveit/install/chomp_motion_planner:/opt/ros/foxy LD_LIBRARY_PATH=/home/mu/IVG/ws_moveit/install/moveit_kinematics/lib:/home/mu/IVG/ws_moveit/install/moveit_ros_planning/lib:/home/mu/IVG/ws_moveit/install/moveit_ros_occupancy_map_monitor/lib:/home/mu/IVG/ws_moveit/install/moveit_core/lib:/home/mu/IVG/ws_moveit/install/moveit_visual_tools/lib:/home/mu/IVG/ws_moveit/install/rviz_visual_tools/lib:/home/mu/IVG/ws_moveit/install/moveit_simple_controller_manager/lib:/home/mu/IVG/ws_moveit/install/moveit_servo/lib:/home/mu/IVG/ws_moveit/install/moveit_ros_visualization/lib:/home/mu/IVG/ws_moveit/install/moveit_ros_planning_interface/lib:/home/mu/IVG/ws_moveit/install/moveit_ros_benchmarks/lib:/home/mu/IVG/ws_moveit/install/moveit_ros_warehouse/lib:/home/mu/IVG/ws_moveit/install/moveit_ros_robot_interaction/lib:/home/mu/IVG/ws_moveit/install/moveit_ros_perception/lib:/home/mu/IVG/ws_moveit/install/moveit_ros_move_group/lib:/home/mu/IVG/ws_moveit/install/moveit_planners_ompl/lib:/home/mu/IVG/ws_moveit/install/moveit_planners_chomp/lib:/home/mu/IVG/ws_moveit/install/moveit_chomp_optimizer_adapter/lib:/home/mu/IVG/ws_moveit/install/chomp_motion_planner/lib:/opt/ros/foxy/opt/yaml_cpp_vendor/lib:/opt/ros/foxy/opt/rviz_ogre_vendor/lib:/opt/ros/foxy/lib/x86_64-linux-gnu:/opt/ros/foxy/lib /usr/bin/cmake --install /home/mu/IVG/ws_moveit/build/moveit_ros_move_group
[28.263s] -- Install configuration: "Release"
[28.263s] -- Installing: /home/mu/IVG/ws_moveit/install/moveit_ros_move_group/lib/moveit_ros_move_group/move_group
[28.264s] -- Set runtime path of "/home/mu/IVG/ws_moveit/install/moveit_ros_move_group/lib/moveit_ros_move_group/move_group" to ""
[28.264s] -- Installing: /home/mu/IVG/ws_moveit/install/moveit_ros_move_group/lib/moveit_ros_move_group/list_move_group_capabilities
[28.264s] -- Set runtime path of "/home/mu/IVG/ws_moveit/install/moveit_ros_move_group/lib/moveit_ros_move_group/list_move_group_capabilities" to ""
[28.264s] -- Installing: /home/mu/IVG/ws_moveit/install/moveit_ros_move_group/lib/libmoveit_move_group_default_capabilities.so.2.2.3
[28.265s] -- Set runtime path of "/home/mu/IVG/ws_moveit/install/moveit_ros_move_group/lib/libmoveit_move_group_default_capabilities.so.2.2.3" to ""
[28.265s] -- Installing: /home/mu/IVG/ws_moveit/install/moveit_ros_move_group/lib/libmoveit_move_group_default_capabilities.so
[28.265s] -- Installing: /home/mu/IVG/ws_moveit/install/moveit_ros_move_group/lib/libmoveit_move_group_capabilities_base.so.2.2.3
[28.265s] -- Set runtime path of "/home/mu/IVG/ws_moveit/install/moveit_ros_move_group/lib/libmoveit_move_group_capabilities_base.so.2.2.3" to ""
[28.266s] -- Installing: /home/mu/IVG/ws_moveit/install/moveit_ros_move_group/lib/libmoveit_move_group_capabilities_base.so
[28.266s] -- Installing: /home/mu/IVG/ws_moveit/install/moveit_ros_move_group/include
[28.266s] -- Installing: /home/mu/IVG/ws_moveit/install/moveit_ros_move_group/include/moveit
[28.266s] -- Installing: /home/mu/IVG/ws_moveit/install/moveit_ros_move_group/include/moveit/move_group
[28.266s] -- Installing: /home/mu/IVG/ws_moveit/install/moveit_ros_move_group/include/moveit/move_group/node_name.h
[28.266s] -- Installing: /home/mu/IVG/ws_moveit/install/moveit_ros_move_group/include/moveit/move_group/capability_names.h
[28.266s] -- Installing: /home/mu/IVG/ws_moveit/install/moveit_ros_move_group/include/moveit/move_group/move_group_context.h
[28.266s] -- Installing: /home/mu/IVG/ws_moveit/install/moveit_ros_move_group/include/moveit/move_group/move_group_capability.h
[28.266s] -- Installing: /home/mu/IVG/ws_moveit/install/moveit_ros_move_group/share/moveit_ros_move_group/environment/library_path.sh
[28.266s] -- Installing: /home/mu/IVG/ws_moveit/install/moveit_ros_move_group/share/moveit_ros_move_group/environment/library_path.dsv
[28.266s] -- Installing: /home/mu/IVG/ws_moveit/install/moveit_ros_move_group/lib/moveit_ros_move_group/load_map
[28.266s] -- Installing: /home/mu/IVG/ws_moveit/install/moveit_ros_move_group/lib/moveit_ros_move_group/save_map
[28.266s] -- Installing: /home/mu/IVG/ws_moveit/install/moveit_ros_move_group/share/moveit_ros_move_group/default_capabilities_plugin_description.xml
[28.266s] -- Installing: /home/mu/IVG/ws_moveit/install/moveit_ros_move_group/share/ament_index/resource_index/package_run_dependencies/moveit_ros_move_group
[28.266s] -- Installing: /home/mu/IVG/ws_moveit/install/moveit_ros_move_group/share/ament_index/resource_index/parent_prefix_path/moveit_ros_move_group
[28.266s] -- Installing: /home/mu/IVG/ws_moveit/install/moveit_ros_move_group/share/moveit_ros_move_group/environment/ament_prefix_path.sh
[28.266s] -- Installing: /home/mu/IVG/ws_moveit/install/moveit_ros_move_group/share/moveit_ros_move_group/environment/ament_prefix_path.dsv
[28.266s] -- Installing: /home/mu/IVG/ws_moveit/install/moveit_ros_move_group/share/moveit_ros_move_group/environment/path.sh
[28.266s] -- Installing: /home/mu/IVG/ws_moveit/install/moveit_ros_move_group/share/moveit_ros_move_group/environment/path.dsv
[28.266s] -- Installing: /home/mu/IVG/ws_moveit/install/moveit_ros_move_group/share/moveit_ros_move_group/local_setup.bash
[28.266s] -- Installing: /home/mu/IVG/ws_moveit/install/moveit_ros_move_group/share/moveit_ros_move_group/local_setup.sh
[28.266s] -- Installing: /home/mu/IVG/ws_moveit/install/moveit_ros_move_group/share/moveit_ros_move_group/local_setup.zsh
[28.266s] -- Installing: /home/mu/IVG/ws_moveit/install/moveit_ros_move_group/share/moveit_ros_move_group/local_setup.dsv
[28.266s] -- Installing: /home/mu/IVG/ws_moveit/install/moveit_ros_move_group/share/moveit_ros_move_group/package.dsv
[28.266s] -- Installing: /home/mu/IVG/ws_moveit/install/moveit_ros_move_group/share/ament_index/resource_index/packages/moveit_ros_move_group
[28.267s] -- Installing: /home/mu/IVG/ws_moveit/install/moveit_ros_move_group/share/ament_index/resource_index/moveit_ros_move_group__pluginlib__plugin/moveit_ros_move_group
[28.267s] -- Installing: /home/mu/IVG/ws_moveit/install/moveit_ros_move_group/share/moveit_ros_move_group/cmake/export_moveit_ros_move_groupExport.cmake
[28.267s] -- Installing: /home/mu/IVG/ws_moveit/install/moveit_ros_move_group/share/moveit_ros_move_group/cmake/export_moveit_ros_move_groupExport-release.cmake
[28.267s] -- Installing: /home/mu/IVG/ws_moveit/install/moveit_ros_move_group/share/moveit_ros_move_group/cmake/ConfigExtras.cmake
[28.267s] -- Installing: /home/mu/IVG/ws_moveit/install/moveit_ros_move_group/share/moveit_ros_move_group/cmake/ament_cmake_export_targets-extras.cmake
[28.267s] -- Installing: /home/mu/IVG/ws_moveit/install/moveit_ros_move_group/share/moveit_ros_move_group/cmake/ament_cmake_export_dependencies-extras.cmake
[28.267s] -- Installing: /home/mu/IVG/ws_moveit/install/moveit_ros_move_group/share/moveit_ros_move_group/cmake/moveit_ros_move_groupConfig.cmake
[28.267s] -- Installing: /home/mu/IVG/ws_moveit/install/moveit_ros_move_group/share/moveit_ros_move_group/cmake/moveit_ros_move_groupConfig-version.cmake
[28.267s] -- Installing: /home/mu/IVG/ws_moveit/install/moveit_ros_move_group/share/moveit_ros_move_group/package.xml
[28.268s] Invoked command in '/home/mu/IVG/ws_moveit/build/moveit_ros_move_group' returned '0': CMAKE_PREFIX_PATH=/home/mu/IVG/ws_moveit/install/moveit_kinematics:/home/mu/IVG/ws_moveit/install/moveit_ros_planning:/home/mu/IVG/ws_moveit/install/moveit_ros_occupancy_map_monitor:/home/mu/IVG/ws_moveit/install/moveit_core:/home/mu/IVG/ws_moveit/install/moveit_common:/home/mu/IVG/ws_moveit/install/moveit2_tutorials:/home/mu/IVG/ws_moveit/install/moveit_visual_tools:/home/mu/IVG/ws_moveit/install/rviz_visual_tools:/home/mu/IVG/ws_moveit/install/run_ompl_constrained_planning:/home/mu/IVG/ws_moveit/install/run_moveit_cpp:/home/mu/IVG/ws_moveit/install/run_move_group:/home/mu/IVG/ws_moveit/install/moveit_runtime:/home/mu/IVG/ws_moveit/install/moveit:/home/mu/IVG/ws_moveit/install/moveit_plugins:/home/mu/IVG/ws_moveit/install/moveit_simple_controller_manager:/home/mu/IVG/ws_moveit/install/moveit_servo:/home/mu/IVG/ws_moveit/install/moveit_ros:/home/mu/IVG/ws_moveit/install/moveit_ros_visualization:/home/mu/IVG/ws_moveit/install/moveit_ros_planning_interface:/home/mu/IVG/ws_moveit/install/moveit_ros_benchmarks:/home/mu/IVG/ws_moveit/install/moveit_ros_warehouse:/home/mu/IVG/ws_moveit/install/moveit_ros_robot_interaction:/home/mu/IVG/ws_moveit/install/moveit_ros_perception:/home/mu/IVG/ws_moveit/install/moveit_ros_move_group:/home/mu/IVG/ws_moveit/install/moveit_planners:/home/mu/IVG/ws_moveit/install/moveit_planners_ompl:/home/mu/IVG/ws_moveit/install/moveit_planners_chomp:/home/mu/IVG/ws_moveit/install/moveit_chomp_optimizer_adapter:/home/mu/IVG/ws_moveit/install/chomp_motion_planner:/opt/ros/foxy LD_LIBRARY_PATH=/home/mu/IVG/ws_moveit/install/moveit_kinematics/lib:/home/mu/IVG/ws_moveit/install/moveit_ros_planning/lib:/home/mu/IVG/ws_moveit/install/moveit_ros_occupancy_map_monitor/lib:/home/mu/IVG/ws_moveit/install/moveit_core/lib:/home/mu/IVG/ws_moveit/install/moveit_visual_tools/lib:/home/mu/IVG/ws_moveit/install/rviz_visual_tools/lib:/home/mu/IVG/ws_moveit/install/moveit_simple_controller_manager/lib:/home/mu/IVG/ws_moveit/install/moveit_servo/lib:/home/mu/IVG/ws_moveit/install/moveit_ros_visualization/lib:/home/mu/IVG/ws_moveit/install/moveit_ros_planning_interface/lib:/home/mu/IVG/ws_moveit/install/moveit_ros_benchmarks/lib:/home/mu/IVG/ws_moveit/install/moveit_ros_warehouse/lib:/home/mu/IVG/ws_moveit/install/moveit_ros_robot_interaction/lib:/home/mu/IVG/ws_moveit/install/moveit_ros_perception/lib:/home/mu/IVG/ws_moveit/install/moveit_ros_move_group/lib:/home/mu/IVG/ws_moveit/install/moveit_planners_ompl/lib:/home/mu/IVG/ws_moveit/install/moveit_planners_chomp/lib:/home/mu/IVG/ws_moveit/install/moveit_chomp_optimizer_adapter/lib:/home/mu/IVG/ws_moveit/install/chomp_motion_planner/lib:/opt/ros/foxy/opt/yaml_cpp_vendor/lib:/opt/ros/foxy/opt/rviz_ogre_vendor/lib:/opt/ros/foxy/lib/x86_64-linux-gnu:/opt/ros/foxy/lib /usr/bin/cmake --install /home/mu/IVG/ws_moveit/build/moveit_ros_move_group
