-- The C compiler identification is GNU 9.4.0
-- The CXX compiler identification is GNU 9.4.0
-- Detecting C compiler ABI info
-- Detecting C compiler ABI info - done
-- Check for working C compiler: /usr/bin/cc - skipped
-- Detecting C compile features
-- Detecting C compile features - done
-- Detecting CXX compiler ABI info
-- Detecting CXX compiler ABI info - done
-- Check for working CXX compiler: /usr/bin/c++ - skipped
-- Detecting CXX compile features
-- Detecting CXX compile features - done
-- Found ament_cmake: 0.9.12 (/opt/ros/foxy/share/ament_cmake/cmake)
-- Found PythonInterp: /usr/bin/python3 (found suitable version "3.8.10", minimum required is "3")
-- Using PYTHON_EXECUTABLE: /usr/bin/python3
-- Found builtin_interfaces: 1.0.0 (/opt/ros/foxy/share/builtin_interfaces/cmake)
-- Using all available rosidl_typesupport_c: rosidl_typesupport_fastrtps_c;rosidl_typesupport_introspection_c
-- Found rosidl_adapter: 1.3.1 (/opt/ros/foxy/share/rosidl_adapter/cmake)
-- Found OpenSSL: /usr/lib/x86_64-linux-gnu/libcrypto.so (found version "1.1.1f")
-- Using all available rosidl_typesupport_cpp: rosidl_typesupport_fastrtps_cpp;rosidl_typesupport_introspection_cpp
-- Found rosidl_default_generators: 1.0.1 (/opt/ros/foxy/share/rosidl_default_generators/cmake)
-- Found geometry_msgs: 2.0.5 (/opt/ros/foxy/share/geometry_msgs/cmake)
-- Found ament_lint_auto: 0.9.8 (/opt/ros/foxy/share/ament_lint_auto/cmake)
-- Found PythonInterp: /usr/bin/python3 (found version "3.8.10")
-- Found ament_cmake_ros: 0.9.2 (/opt/ros/foxy/share/ament_cmake_ros/cmake)
-- Using all available rosidl_typesupport_c: rosidl_typesupport_fastrtps_c;rosidl_typesupport_introspection_c
-- Using all available rosidl_typesupport_cpp: rosidl_typesupport_fastrtps_cpp;rosidl_typesupport_introspection_cpp
-- Found PythonInterp: /usr/bin/python3 (found suitable version "3.8.10", minimum required is "3.5")
-- Found python_cmake_module: 0.8.1 (/opt/ros/foxy/share/python_cmake_module/cmake)
-- Using PYTHON_EXECUTABLE: /usr/bin/python3
-- Using PYTHON_INCLUDE_DIRS: /usr/include/python3.8
-- Using PYTHON_LIBRARIES: /usr/lib/x86_64-linux-gnu/libpython3.8.so
-- Added test 'copyright' to check source files copyright and LICENSE
-- Added test 'lint_cmake' to check CMake code style
-- Added test 'xmllint' to check XML markup files
-- Configuring done (0.8s)
-- Generating done (0.1s)
-- Build files have been written to: /home/mu/IVG/aubo_ros2_ws/build/aubo_msgs
[  0%] Built target aubo_msgs__cpp
[  1%] [32mBuilding C object CMakeFiles/aubo_msgs__rosidl_generator_c.dir/rosidl_generator_c/aubo_msgs/msg/detail/analog__functions.c.o[0m
[  2%] [32mBuilding CXX object CMakeFiles/aubo_msgs__rosidl_typesupport_cpp.dir/rosidl_typesupport_cpp/aubo_msgs/msg/analog__type_support.cpp.o[0m
[  3%] [32mBuilding C object CMakeFiles/aubo_msgs__rosidl_generator_c.dir/rosidl_generator_c/aubo_msgs/msg/detail/digital__functions.c.o[0m
[  4%] [32mBuilding CXX object CMakeFiles/aubo_msgs__rosidl_typesupport_cpp.dir/rosidl_typesupport_cpp/aubo_msgs/msg/digital__type_support.cpp.o[0m
[  5%] [32mBuilding CXX object CMakeFiles/aubo_msgs__rosidl_typesupport_cpp.dir/rosidl_typesupport_cpp/aubo_msgs/msg/io_states__type_support.cpp.o[0m
[  6%] [32mBuilding C object CMakeFiles/aubo_msgs__rosidl_generator_c.dir/rosidl_generator_c/aubo_msgs/msg/detail/io_states__functions.c.o[0m
[  7%] [32mBuilding CXX object CMakeFiles/aubo_msgs__rosidl_typesupport_cpp.dir/rosidl_typesupport_cpp/aubo_msgs/msg/robot_state_rt_msg__type_support.cpp.o[0m
[  8%] [32mBuilding CXX object CMakeFiles/aubo_msgs__rosidl_typesupport_fastrtps_cpp.dir/rosidl_typesupport_fastrtps_cpp/aubo_msgs/msg/detail/dds_fastrtps/digital__type_support.cpp.o[0m
[  9%] [32mBuilding CXX object CMakeFiles/aubo_msgs__rosidl_typesupport_fastrtps_cpp.dir/rosidl_typesupport_fastrtps_cpp/aubo_msgs/msg/detail/dds_fastrtps/analog__type_support.cpp.o[0m
[ 10%] [32mBuilding C object CMakeFiles/aubo_msgs__rosidl_generator_c.dir/rosidl_generator_c/aubo_msgs/msg/detail/robot_state_rt_msg__functions.c.o[0m
[ 10%] [32mBuilding CXX object CMakeFiles/aubo_msgs__rosidl_typesupport_fastrtps_cpp.dir/rosidl_typesupport_fastrtps_cpp/aubo_msgs/msg/detail/dds_fastrtps/io_states__type_support.cpp.o[0m
[ 11%] [32mBuilding CXX object CMakeFiles/aubo_msgs__rosidl_typesupport_introspection_cpp.dir/rosidl_typesupport_introspection_cpp/aubo_msgs/msg/detail/digital__type_support.cpp.o[0m
[ 12%] [32mBuilding CXX object CMakeFiles/aubo_msgs__rosidl_typesupport_introspection_cpp.dir/rosidl_typesupport_introspection_cpp/aubo_msgs/msg/detail/analog__type_support.cpp.o[0m
[ 13%] [32mBuilding CXX object CMakeFiles/aubo_msgs__rosidl_typesupport_fastrtps_cpp.dir/rosidl_typesupport_fastrtps_cpp/aubo_msgs/msg/detail/dds_fastrtps/robot_state_rt_msg__type_support.cpp.o[0m
[ 14%] [32mBuilding C object CMakeFiles/aubo_msgs__rosidl_generator_c.dir/rosidl_generator_c/aubo_msgs/msg/detail/masterboard_data_msg__functions.c.o[0m
[ 15%] [32mBuilding CXX object CMakeFiles/aubo_msgs__rosidl_typesupport_introspection_cpp.dir/rosidl_typesupport_introspection_cpp/aubo_msgs/msg/detail/io_states__type_support.cpp.o[0m
[ 16%] [32mBuilding CXX object CMakeFiles/aubo_msgs__rosidl_typesupport_cpp.dir/rosidl_typesupport_cpp/aubo_msgs/msg/robot_mode_data_msg__type_support.cpp.o[0m
[ 17%] [32mBuilding C object CMakeFiles/aubo_msgs__rosidl_generator_c.dir/rosidl_generator_c/aubo_msgs/msg/detail/robot_mode_data_msg__functions.c.o[0m
[ 18%] [32mBuilding CXX object CMakeFiles/aubo_msgs__rosidl_typesupport_cpp.dir/rosidl_typesupport_cpp/aubo_msgs/msg/masterboard_data_msg__type_support.cpp.o[0m
[ 19%] [32mBuilding C object CMakeFiles/aubo_msgs__rosidl_generator_c.dir/rosidl_generator_c/aubo_msgs/msg/detail/tool_data_msg__functions.c.o[0m
[ 20%] [32mBuilding CXX object CMakeFiles/aubo_msgs__rosidl_typesupport_introspection_cpp.dir/rosidl_typesupport_introspection_cpp/aubo_msgs/msg/detail/robot_state_rt_msg__type_support.cpp.o[0m
[ 21%] [32mBuilding CXX object CMakeFiles/aubo_msgs__rosidl_typesupport_fastrtps_cpp.dir/rosidl_typesupport_fastrtps_cpp/aubo_msgs/msg/detail/dds_fastrtps/masterboard_data_msg__type_support.cpp.o[0m
[ 22%] [32mBuilding CXX object CMakeFiles/aubo_msgs__rosidl_typesupport_cpp.dir/rosidl_typesupport_cpp/aubo_msgs/msg/tool_data_msg__type_support.cpp.o[0m
[ 23%] [32mBuilding CXX object CMakeFiles/aubo_msgs__rosidl_typesupport_introspection_cpp.dir/rosidl_typesupport_introspection_cpp/aubo_msgs/msg/detail/masterboard_data_msg__type_support.cpp.o[0m
[ 24%] [32mBuilding CXX object CMakeFiles/aubo_msgs__rosidl_typesupport_introspection_cpp.dir/rosidl_typesupport_introspection_cpp/aubo_msgs/msg/detail/robot_mode_data_msg__type_support.cpp.o[0m
[ 25%] [32mBuilding C object CMakeFiles/aubo_msgs__rosidl_generator_c.dir/rosidl_generator_c/aubo_msgs/srv/detail/set_payload__functions.c.o[0m
[ 26%] [32mBuilding CXX object CMakeFiles/aubo_msgs__rosidl_typesupport_fastrtps_cpp.dir/rosidl_typesupport_fastrtps_cpp/aubo_msgs/msg/detail/dds_fastrtps/robot_mode_data_msg__type_support.cpp.o[0m
[ 27%] [32mBuilding C object CMakeFiles/aubo_msgs__rosidl_generator_c.dir/rosidl_generator_c/aubo_msgs/srv/detail/set_speed_slider_fraction__functions.c.o[0m
[ 28%] [32mBuilding CXX object CMakeFiles/aubo_msgs__rosidl_typesupport_fastrtps_cpp.dir/rosidl_typesupport_fastrtps_cpp/aubo_msgs/msg/detail/dds_fastrtps/tool_data_msg__type_support.cpp.o[0m
[ 29%] [32mBuilding CXX object CMakeFiles/aubo_msgs__rosidl_typesupport_cpp.dir/rosidl_typesupport_cpp/aubo_msgs/srv/set_payload__type_support.cpp.o[0m
[ 30%] [32mBuilding CXX object CMakeFiles/aubo_msgs__rosidl_typesupport_introspection_cpp.dir/rosidl_typesupport_introspection_cpp/aubo_msgs/msg/detail/tool_data_msg__type_support.cpp.o[0m
[ 31%] [32mBuilding CXX object CMakeFiles/aubo_msgs__rosidl_typesupport_fastrtps_cpp.dir/rosidl_typesupport_fastrtps_cpp/aubo_msgs/srv/detail/dds_fastrtps/set_payload__type_support.cpp.o[0m
[ 32%] [32mBuilding CXX object CMakeFiles/aubo_msgs__rosidl_typesupport_cpp.dir/rosidl_typesupport_cpp/aubo_msgs/srv/set_speed_slider_fraction__type_support.cpp.o[0m
[ 33%] [32mBuilding C object CMakeFiles/aubo_msgs__rosidl_generator_c.dir/rosidl_generator_c/aubo_msgs/srv/detail/set_io__functions.c.o[0m
[ 34%] [32mBuilding CXX object CMakeFiles/aubo_msgs__rosidl_typesupport_introspection_cpp.dir/rosidl_typesupport_introspection_cpp/aubo_msgs/srv/detail/set_payload__type_support.cpp.o[0m
[ 35%] [32mBuilding CXX object CMakeFiles/aubo_msgs__rosidl_typesupport_cpp.dir/rosidl_typesupport_cpp/aubo_msgs/srv/set_io__type_support.cpp.o[0m
[ 36%] [32mBuilding CXX object CMakeFiles/aubo_msgs__rosidl_typesupport_fastrtps_cpp.dir/rosidl_typesupport_fastrtps_cpp/aubo_msgs/srv/detail/dds_fastrtps/set_speed_slider_fraction__type_support.cpp.o[0m
[ 37%] [32mBuilding CXX object CMakeFiles/aubo_msgs__rosidl_typesupport_fastrtps_cpp.dir/rosidl_typesupport_fastrtps_cpp/aubo_msgs/srv/detail/dds_fastrtps/set_io__type_support.cpp.o[0m
[ 38%] [32mBuilding CXX object CMakeFiles/aubo_msgs__rosidl_typesupport_introspection_cpp.dir/rosidl_typesupport_introspection_cpp/aubo_msgs/srv/detail/set_speed_slider_fraction__type_support.cpp.o[0m
[ 39%] [32mBuilding CXX object CMakeFiles/aubo_msgs__rosidl_typesupport_introspection_cpp.dir/rosidl_typesupport_introspection_cpp/aubo_msgs/srv/detail/set_io__type_support.cpp.o[0m
[ 40%] [1m[32mLinking C shared library libaubo_msgs__rosidl_generator_c.so[0m
[ 41%] Built target aubo_msgs__rosidl_generator_c
[ 42%] [32mBuilding C object CMakeFiles/aubo_msgs__rosidl_typesupport_introspection_c.dir/rosidl_typesupport_introspection_c/aubo_msgs/msg/detail/digital__type_support.c.o[0m
[ 43%] [32mBuilding C object CMakeFiles/aubo_msgs__rosidl_typesupport_introspection_c.dir/rosidl_typesupport_introspection_c/aubo_msgs/msg/detail/io_states__type_support.c.o[0m
[ 44%] [32mBuilding C object CMakeFiles/aubo_msgs__rosidl_typesupport_introspection_c.dir/rosidl_typesupport_introspection_c/aubo_msgs/msg/detail/robot_state_rt_msg__type_support.c.o[0m
[ 45%] [32mBuilding C object CMakeFiles/aubo_msgs__rosidl_typesupport_introspection_c.dir/rosidl_typesupport_introspection_c/aubo_msgs/msg/detail/analog__type_support.c.o[0m
[ 46%] [32mBuilding C object CMakeFiles/aubo_msgs__rosidl_typesupport_introspection_c.dir/rosidl_typesupport_introspection_c/aubo_msgs/msg/detail/masterboard_data_msg__type_support.c.o[0m
[ 47%] [32mBuilding C object CMakeFiles/aubo_msgs__rosidl_typesupport_introspection_c.dir/rosidl_typesupport_introspection_c/aubo_msgs/msg/detail/robot_mode_data_msg__type_support.c.o[0m
[ 48%] [32mBuilding CXX object CMakeFiles/aubo_msgs__rosidl_typesupport_c.dir/rosidl_typesupport_c/aubo_msgs/msg/analog__type_support.cpp.o[0m
[ 49%] [32mBuilding CXX object CMakeFiles/aubo_msgs__rosidl_typesupport_c.dir/rosidl_typesupport_c/aubo_msgs/msg/digital__type_support.cpp.o[0m
[ 50%] [32mBuilding CXX object CMakeFiles/aubo_msgs__rosidl_typesupport_c.dir/rosidl_typesupport_c/aubo_msgs/msg/io_states__type_support.cpp.o[0m
[ 51%] [32mBuilding C object CMakeFiles/aubo_msgs__rosidl_typesupport_introspection_c.dir/rosidl_typesupport_introspection_c/aubo_msgs/msg/detail/tool_data_msg__type_support.c.o[0m
[ 52%] [32mBuilding CXX object CMakeFiles/aubo_msgs__rosidl_typesupport_c.dir/rosidl_typesupport_c/aubo_msgs/msg/robot_state_rt_msg__type_support.cpp.o[0m
[ 54%] [32mBuilding CXX object CMakeFiles/aubo_msgs__rosidl_typesupport_c.dir/rosidl_typesupport_c/aubo_msgs/msg/masterboard_data_msg__type_support.cpp.o[0m
[ 54%] [32mBuilding C object CMakeFiles/aubo_msgs__rosidl_typesupport_introspection_c.dir/rosidl_typesupport_introspection_c/aubo_msgs/srv/detail/set_payload__type_support.c.o[0m
[ 55%] [32mBuilding CXX object CMakeFiles/aubo_msgs__rosidl_typesupport_c.dir/rosidl_typesupport_c/aubo_msgs/msg/robot_mode_data_msg__type_support.cpp.o[0m
[ 56%] [32mBuilding C object CMakeFiles/aubo_msgs__rosidl_typesupport_introspection_c.dir/rosidl_typesupport_introspection_c/aubo_msgs/srv/detail/set_speed_slider_fraction__type_support.c.o[0m
[ 57%] [32mBuilding CXX object CMakeFiles/aubo_msgs__rosidl_typesupport_c.dir/rosidl_typesupport_c/aubo_msgs/msg/tool_data_msg__type_support.cpp.o[0m
[ 58%] [32mBuilding CXX object CMakeFiles/aubo_msgs__rosidl_typesupport_c.dir/rosidl_typesupport_c/aubo_msgs/srv/set_payload__type_support.cpp.o[0m
[ 58%] [32mBuilding CXX object CMakeFiles/aubo_msgs__rosidl_typesupport_c.dir/rosidl_typesupport_c/aubo_msgs/srv/set_speed_slider_fraction__type_support.cpp.o[0m
[ 59%] [32mBuilding CXX object CMakeFiles/aubo_msgs__rosidl_typesupport_c.dir/rosidl_typesupport_c/aubo_msgs/srv/set_io__type_support.cpp.o[0m
[ 60%] [32mBuilding C object CMakeFiles/aubo_msgs__rosidl_typesupport_introspection_c.dir/rosidl_typesupport_introspection_c/aubo_msgs/srv/detail/set_io__type_support.c.o[0m
[ 61%] [1m[32mLinking C shared library libaubo_msgs__rosidl_typesupport_introspection_c.so[0m
[ 62%] [1m[32mLinking CXX shared library libaubo_msgs__rosidl_typesupport_c.so[0m
[ 63%] Built target aubo_msgs__rosidl_typesupport_introspection_c
[ 64%] Built target aubo_msgs__rosidl_typesupport_c
[ 65%] [1m[32mLinking CXX shared library libaubo_msgs__rosidl_typesupport_cpp.so[0m
[ 66%] Built target aubo_msgs__rosidl_typesupport_cpp
[ 67%] [1m[32mLinking CXX shared library libaubo_msgs__rosidl_typesupport_introspection_cpp.so[0m
[ 68%] [1m[32mLinking CXX shared library libaubo_msgs__rosidl_typesupport_fastrtps_cpp.so[0m
[ 69%] Built target aubo_msgs__rosidl_typesupport_introspection_cpp
[ 70%] Built target aubo_msgs__rosidl_typesupport_fastrtps_cpp
[ 72%] [32mBuilding CXX object CMakeFiles/aubo_msgs__rosidl_typesupport_fastrtps_c.dir/rosidl_typesupport_fastrtps_c/aubo_msgs/msg/detail/digital__type_support_c.cpp.o[0m
[ 72%] [32mBuilding CXX object CMakeFiles/aubo_msgs__rosidl_typesupport_fastrtps_c.dir/rosidl_typesupport_fastrtps_c/aubo_msgs/msg/detail/analog__type_support_c.cpp.o[0m
[ 73%] [32mBuilding CXX object CMakeFiles/aubo_msgs__rosidl_typesupport_fastrtps_c.dir/rosidl_typesupport_fastrtps_c/aubo_msgs/msg/detail/io_states__type_support_c.cpp.o[0m
[ 74%] [32mBuilding CXX object CMakeFiles/aubo_msgs__rosidl_typesupport_fastrtps_c.dir/rosidl_typesupport_fastrtps_c/aubo_msgs/msg/detail/robot_state_rt_msg__type_support_c.cpp.o[0m
[ 75%] [32mBuilding CXX object CMakeFiles/aubo_msgs__rosidl_typesupport_fastrtps_c.dir/rosidl_typesupport_fastrtps_c/aubo_msgs/msg/detail/masterboard_data_msg__type_support_c.cpp.o[0m
[ 76%] [32mBuilding CXX object CMakeFiles/aubo_msgs__rosidl_typesupport_fastrtps_c.dir/rosidl_typesupport_fastrtps_c/aubo_msgs/msg/detail/robot_mode_data_msg__type_support_c.cpp.o[0m
[ 77%] [32mBuilding CXX object CMakeFiles/aubo_msgs__rosidl_typesupport_fastrtps_c.dir/rosidl_typesupport_fastrtps_c/aubo_msgs/msg/detail/tool_data_msg__type_support_c.cpp.o[0m
[ 78%] [32mBuilding CXX object CMakeFiles/aubo_msgs__rosidl_typesupport_fastrtps_c.dir/rosidl_typesupport_fastrtps_c/aubo_msgs/srv/detail/set_payload__type_support_c.cpp.o[0m
[ 79%] [32mBuilding CXX object CMakeFiles/aubo_msgs__rosidl_typesupport_fastrtps_c.dir/rosidl_typesupport_fastrtps_c/aubo_msgs/srv/detail/set_speed_slider_fraction__type_support_c.cpp.o[0m
[ 80%] [32mBuilding CXX object CMakeFiles/aubo_msgs__rosidl_typesupport_fastrtps_c.dir/rosidl_typesupport_fastrtps_c/aubo_msgs/srv/detail/set_io__type_support_c.cpp.o[0m
[ 81%] [1m[32mLinking CXX shared library libaubo_msgs__rosidl_typesupport_fastrtps_c.so[0m
[ 82%] Built target aubo_msgs__rosidl_typesupport_fastrtps_c
[ 82%] Built target aubo_msgs
[ 83%] Built target aubo_msgs__py
[ 86%] [32mBuilding C object CMakeFiles/aubo_msgs__python.dir/rosidl_generator_py/aubo_msgs/msg/_io_states_s.c.o[0m
[ 86%] [32mBuilding C object CMakeFiles/aubo_msgs__python.dir/rosidl_generator_py/aubo_msgs/msg/_digital_s.c.o[0m
[ 86%] [32mBuilding C object CMakeFiles/aubo_msgs__python.dir/rosidl_generator_py/aubo_msgs/msg/_masterboard_data_msg_s.c.o[0m
[ 88%] [32mBuilding C object CMakeFiles/aubo_msgs__python.dir/rosidl_generator_py/aubo_msgs/msg/_robot_mode_data_msg_s.c.o[0m
[ 88%] [32mBuilding C object CMakeFiles/aubo_msgs__python.dir/rosidl_generator_py/aubo_msgs/msg/_robot_state_rt_msg_s.c.o[0m
[ 89%] [32mBuilding C object CMakeFiles/aubo_msgs__python.dir/rosidl_generator_py/aubo_msgs/msg/_tool_data_msg_s.c.o[0m
[ 90%] [32mBuilding C object CMakeFiles/aubo_msgs__python.dir/rosidl_generator_py/aubo_msgs/srv/_set_payload_s.c.o[0m
[ 92%] [32mBuilding C object CMakeFiles/aubo_msgs__python.dir/rosidl_generator_py/aubo_msgs/srv/_set_speed_slider_fraction_s.c.o[0m
[ 92%] [32mBuilding C object CMakeFiles/aubo_msgs__python.dir/rosidl_generator_py/aubo_msgs/srv/_set_io_s.c.o[0m
[ 93%] [32mBuilding C object CMakeFiles/aubo_msgs__python.dir/rosidl_generator_py/aubo_msgs/msg/_analog_s.c.o[0m
[ 94%] [1m[32mLinking C shared library rosidl_generator_py/aubo_msgs/libaubo_msgs__python.so[0m
[ 94%] Built target aubo_msgs__python
[ 97%] [32mBuilding C object CMakeFiles/aubo_msgs__rosidl_typesupport_fastrtps_c__pyext.dir/rosidl_generator_py/aubo_msgs/_aubo_msgs_s.ep.rosidl_typesupport_fastrtps_c.c.o[0m
[ 97%] [32mBuilding C object CMakeFiles/aubo_msgs__rosidl_typesupport_c__pyext.dir/rosidl_generator_py/aubo_msgs/_aubo_msgs_s.ep.rosidl_typesupport_c.c.o[0m
[ 97%] [32mBuilding C object CMakeFiles/aubo_msgs__rosidl_typesupport_introspection_c__pyext.dir/rosidl_generator_py/aubo_msgs/_aubo_msgs_s.ep.rosidl_typesupport_introspection_c.c.o[0m
[ 98%] [1m[32mLinking C shared library rosidl_generator_py/aubo_msgs/aubo_msgs_s__rosidl_typesupport_introspection_c.cpython-38-x86_64-linux-gnu.so[0m
[ 98%] Built target aubo_msgs__rosidl_typesupport_introspection_c__pyext
[ 99%] [1m[32mLinking C shared library rosidl_generator_py/aubo_msgs/aubo_msgs_s__rosidl_typesupport_c.cpython-38-x86_64-linux-gnu.so[0m
[100%] [1m[32mLinking CXX shared library rosidl_generator_py/aubo_msgs/aubo_msgs_s__rosidl_typesupport_fastrtps_c.cpython-38-x86_64-linux-gnu.so[0m
[100%] Built target aubo_msgs__rosidl_typesupport_c__pyext
[100%] Built target aubo_msgs__rosidl_typesupport_fastrtps_c__pyext
