[0.015s] Invoking command in '/home/mu/IVG/aubo_ros2_ws/build/aubo_msgs': CMAKE_PREFIX_PATH=/home/mu/IVG/aubo_ros2_ws/install/percipio_camera:/home/mu/IVG/aubo_ros2_ws/install/aubo_msgs:/home/mu/IVG/aubo_ros2_ws/install/aubo_moveit_config:/opt/ros/foxy:/home/mu/IVG/aubo_ros2_ws/install/aubo_description:/home/mu/IVG/aubo_ros2_ws/install/aubo_dashboard_msgs /usr/bin/cmake --build /home/mu/IVG/aubo_ros2_ws/build/aubo_msgs -- -j32 -l32
[0.024s] [0mCMake Deprecation Warning at CMakeLists.txt:1 (cmake_minimum_required):
[0.024s]   Compatibility with CMake < 3.10 will be removed from a future version of
[0.024s]   CMake.
[0.024s] 
[0.025s]   Update the VERSION argument <min> value.  Or, use the <min>...<max> syntax
[0.025s]   to tell CMake that the project requires at least <min> but has been updated
[0.025s]   to work with policies introduced by <max> or earlier.
[0.025s] 
[0.025s] [0m
[0.054s] -- The C compiler identification is GNU 9.4.0
[0.088s] -- The CXX compiler identification is GNU 9.4.0
[0.094s] -- Detecting C compiler ABI info
[0.130s] -- Detecting C compiler ABI info - done
[0.145s] -- Check for working C compiler: /usr/bin/cc - skipped
[0.146s] -- Detecting C compile features
[0.146s] -- Detecting C compile features - done
[0.153s] -- Detecting CXX compiler ABI info
[0.191s] -- Detecting CXX compiler ABI info - done
[0.206s] -- Check for working CXX compiler: /usr/bin/c++ - skipped
[0.207s] -- Detecting CXX compile features
[0.207s] -- Detecting CXX compile features - done
[0.211s] -- Found ament_cmake: 0.9.12 (/opt/ros/foxy/share/ament_cmake/cmake)
[0.212s] [33mCMake Warning (dev) at /opt/ros/foxy/share/ament_cmake_core/cmake/core/python.cmake:22 (find_package):
[0.212s]   Policy CMP0148 is not set: The FindPythonInterp and FindPythonLibs modules
[0.212s]   are removed.  Run "cmake --help-policy CMP0148" for policy details.  Use
[0.212s]   the cmake_policy command to set the policy and suppress this warning.
[0.212s] 
[0.212s] Call Stack (most recent call first):
[0.213s]   /opt/ros/foxy/share/ament_cmake_core/cmake/core/all.cmake:53 (include)
[0.213s]   /opt/ros/foxy/share/ament_cmake_core/cmake/ament_cmake_core-extras.cmake:17 (include)
[0.213s]   /opt/ros/foxy/share/ament_cmake_core/cmake/ament_cmake_coreConfig.cmake:41 (include)
[0.213s]   /opt/ros/foxy/share/ament_cmake/cmake/ament_cmake_export_dependencies-extras.cmake:15 (find_package)
[0.213s]   /opt/ros/foxy/share/ament_cmake/cmake/ament_cmakeConfig.cmake:41 (include)
[0.213s]   CMakeLists.txt:4 (find_package)
[0.213s] This warning is for project developers.  Use -Wno-dev to suppress it.
[0.213s] [0m
[0.228s] -- Found PythonInterp: /usr/bin/python3 (found suitable version "3.8.10", minimum required is "3")
[0.228s] -- Using PYTHON_EXECUTABLE: /usr/bin/python3
[0.323s] -- Found builtin_interfaces: 1.0.0 (/opt/ros/foxy/share/builtin_interfaces/cmake)
[0.334s] -- Using all available rosidl_typesupport_c: rosidl_typesupport_fastrtps_c;rosidl_typesupport_introspection_c
[0.335s] -- Found rosidl_adapter: 1.3.1 (/opt/ros/foxy/share/rosidl_adapter/cmake)
[0.348s] -- Found OpenSSL: /usr/lib/x86_64-linux-gnu/libcrypto.so (found version "1.1.1f")
[0.406s] -- Using all available rosidl_typesupport_cpp: rosidl_typesupport_fastrtps_cpp;rosidl_typesupport_introspection_cpp
[0.418s] -- Found rosidl_default_generators: 1.0.1 (/opt/ros/foxy/share/rosidl_default_generators/cmake)
[0.423s] -- Found geometry_msgs: 2.0.5 (/opt/ros/foxy/share/geometry_msgs/cmake)
[0.455s] -- Found ament_lint_auto: 0.9.8 (/opt/ros/foxy/share/ament_lint_auto/cmake)
[0.497s] [33mCMake Warning (dev) at /opt/ros/foxy/share/rosidl_adapter/cmake/rosidl_adapt_interfaces.cmake:40 (find_package):
[0.497s]   Policy CMP0148 is not set: The FindPythonInterp and FindPythonLibs modules
[0.497s]   are removed.  Run "cmake --help-policy CMP0148" for policy details.  Use
[0.497s]   the cmake_policy command to set the policy and suppress this warning.
[0.497s] 
[0.498s] Call Stack (most recent call first):
[0.498s]   /opt/ros/foxy/share/rosidl_cmake/cmake/rosidl_generate_interfaces.cmake:130 (rosidl_adapt_interfaces)
[0.498s]   CMakeLists.txt:30 (rosidl_generate_interfaces)
[0.498s] This warning is for project developers.  Use -Wno-dev to suppress it.
[0.498s] [0m
[0.510s] -- Found PythonInterp: /usr/bin/python3 (found version "3.8.10")
[0.596s] -- Found ament_cmake_ros: 0.9.2 (/opt/ros/foxy/share/ament_cmake_ros/cmake)
[0.718s] -- Using all available rosidl_typesupport_c: rosidl_typesupport_fastrtps_c;rosidl_typesupport_introspection_c
[0.770s] -- Using all available rosidl_typesupport_cpp: rosidl_typesupport_fastrtps_cpp;rosidl_typesupport_introspection_cpp
[0.773s] [33mCMake Warning (dev) at /opt/ros/foxy/share/rosidl_generator_py/cmake/rosidl_generator_py_generate_interfaces.cmake:20 (find_package):
[0.773s]   Policy CMP0148 is not set: The FindPythonInterp and FindPythonLibs modules
[0.773s]   are removed.  Run "cmake --help-policy CMP0148" for policy details.  Use
[0.773s]   the cmake_policy command to set the policy and suppress this warning.
[0.773s] 
[0.773s] Call Stack (most recent call first):
[0.773s]   /opt/ros/foxy/share/ament_cmake_core/cmake/core/ament_execute_extensions.cmake:48 (include)
[0.773s]   /opt/ros/foxy/share/rosidl_cmake/cmake/rosidl_generate_interfaces.cmake:286 (ament_execute_extensions)
[0.773s]   CMakeLists.txt:30 (rosidl_generate_interfaces)
[0.774s] This warning is for project developers.  Use -Wno-dev to suppress it.
[0.774s] [0m
[0.791s] -- Found PythonInterp: /usr/bin/python3 (found suitable version "3.8.10", minimum required is "3.5")
[0.791s] -- Found python_cmake_module: 0.8.1 (/opt/ros/foxy/share/python_cmake_module/cmake)
[0.791s] [33mCMake Warning (dev) at /opt/ros/foxy/share/python_cmake_module/cmake/Modules/FindPythonExtra.cmake:45 (find_package):
[0.792s]   Policy CMP0148 is not set: The FindPythonInterp and FindPythonLibs modules
[0.792s]   are removed.  Run "cmake --help-policy CMP0148" for policy details.  Use
[0.792s]   the cmake_policy command to set the policy and suppress this warning.
[0.792s] 
[0.792s] Call Stack (most recent call first):
[0.792s]   /opt/ros/foxy/share/rosidl_generator_py/cmake/rosidl_generator_py_generate_interfaces.cmake:23 (find_package)
[0.792s]   /opt/ros/foxy/share/ament_cmake_core/cmake/core/ament_execute_extensions.cmake:48 (include)
[0.792s]   /opt/ros/foxy/share/rosidl_cmake/cmake/rosidl_generate_interfaces.cmake:286 (ament_execute_extensions)
[0.792s]   CMakeLists.txt:30 (rosidl_generate_interfaces)
[0.792s] This warning is for project developers.  Use -Wno-dev to suppress it.
[0.792s] [0m
[0.804s] [33mCMake Warning (dev) at /opt/ros/foxy/share/python_cmake_module/cmake/Modules/FindPythonExtra.cmake:133 (find_package):
[0.804s]   Policy CMP0148 is not set: The FindPythonInterp and FindPythonLibs modules
[0.804s]   are removed.  Run "cmake --help-policy CMP0148" for policy details.  Use
[0.804s]   the cmake_policy command to set the policy and suppress this warning.
[0.805s] 
[0.805s] Call Stack (most recent call first):
[0.805s]   /opt/ros/foxy/share/rosidl_generator_py/cmake/rosidl_generator_py_generate_interfaces.cmake:23 (find_package)
[0.805s]   /opt/ros/foxy/share/ament_cmake_core/cmake/core/ament_execute_extensions.cmake:48 (include)
[0.805s]   /opt/ros/foxy/share/rosidl_cmake/cmake/rosidl_generate_interfaces.cmake:286 (ament_execute_extensions)
[0.805s]   CMakeLists.txt:30 (rosidl_generate_interfaces)
[0.805s] This warning is for project developers.  Use -Wno-dev to suppress it.
[0.805s] [0m
[0.806s] -- Using PYTHON_EXECUTABLE: /usr/bin/python3
[0.806s] -- Using PYTHON_INCLUDE_DIRS: /usr/include/python3.8
[0.806s] -- Using PYTHON_LIBRARIES: /usr/lib/x86_64-linux-gnu/libpython3.8.so
[0.838s] -- Added test 'copyright' to check source files copyright and LICENSE
[0.839s] -- Added test 'lint_cmake' to check CMake code style
[0.840s] -- Added test 'xmllint' to check XML markup files
[0.842s] -- Configuring done (0.8s)
[0.917s] -- Generating done (0.1s)
[0.946s] -- Build files have been written to: /home/mu/IVG/aubo_ros2_ws/build/aubo_msgs
[0.984s] [  0%] Built target aubo_msgs__cpp
[1.024s] [  1%] [32mBuilding C object CMakeFiles/aubo_msgs__rosidl_generator_c.dir/rosidl_generator_c/aubo_msgs/msg/detail/analog__functions.c.o[0m
[1.038s] [  2%] [32mBuilding CXX object CMakeFiles/aubo_msgs__rosidl_typesupport_cpp.dir/rosidl_typesupport_cpp/aubo_msgs/msg/analog__type_support.cpp.o[0m
[1.048s] [  3%] [32mBuilding C object CMakeFiles/aubo_msgs__rosidl_generator_c.dir/rosidl_generator_c/aubo_msgs/msg/detail/digital__functions.c.o[0m
[1.064s] [  4%] [32mBuilding CXX object CMakeFiles/aubo_msgs__rosidl_typesupport_cpp.dir/rosidl_typesupport_cpp/aubo_msgs/msg/digital__type_support.cpp.o[0m
[1.076s] [  5%] [32mBuilding CXX object CMakeFiles/aubo_msgs__rosidl_typesupport_cpp.dir/rosidl_typesupport_cpp/aubo_msgs/msg/io_states__type_support.cpp.o[0m
[1.083s] [  6%] [32mBuilding C object CMakeFiles/aubo_msgs__rosidl_generator_c.dir/rosidl_generator_c/aubo_msgs/msg/detail/io_states__functions.c.o[0m
[1.092s] [  7%] [32mBuilding CXX object CMakeFiles/aubo_msgs__rosidl_typesupport_cpp.dir/rosidl_typesupport_cpp/aubo_msgs/msg/robot_state_rt_msg__type_support.cpp.o[0m
[1.124s] [  8%] [32mBuilding CXX object CMakeFiles/aubo_msgs__rosidl_typesupport_fastrtps_cpp.dir/rosidl_typesupport_fastrtps_cpp/aubo_msgs/msg/detail/dds_fastrtps/digital__type_support.cpp.o[0m
[1.128s] [  9%] [32mBuilding CXX object CMakeFiles/aubo_msgs__rosidl_typesupport_fastrtps_cpp.dir/rosidl_typesupport_fastrtps_cpp/aubo_msgs/msg/detail/dds_fastrtps/analog__type_support.cpp.o[0m
[1.128s] [ 10%] [32mBuilding C object CMakeFiles/aubo_msgs__rosidl_generator_c.dir/rosidl_generator_c/aubo_msgs/msg/detail/robot_state_rt_msg__functions.c.o[0m
[1.131s] [ 10%] [32mBuilding CXX object CMakeFiles/aubo_msgs__rosidl_typesupport_fastrtps_cpp.dir/rosidl_typesupport_fastrtps_cpp/aubo_msgs/msg/detail/dds_fastrtps/io_states__type_support.cpp.o[0m
[1.140s] [ 11%] [32mBuilding CXX object CMakeFiles/aubo_msgs__rosidl_typesupport_introspection_cpp.dir/rosidl_typesupport_introspection_cpp/aubo_msgs/msg/detail/digital__type_support.cpp.o[0m
[1.144s] [ 12%] [32mBuilding CXX object CMakeFiles/aubo_msgs__rosidl_typesupport_introspection_cpp.dir/rosidl_typesupport_introspection_cpp/aubo_msgs/msg/detail/analog__type_support.cpp.o[0m
[1.148s] [ 13%] [32mBuilding CXX object CMakeFiles/aubo_msgs__rosidl_typesupport_fastrtps_cpp.dir/rosidl_typesupport_fastrtps_cpp/aubo_msgs/msg/detail/dds_fastrtps/robot_state_rt_msg__type_support.cpp.o[0m
[1.152s] [ 14%] [32mBuilding C object CMakeFiles/aubo_msgs__rosidl_generator_c.dir/rosidl_generator_c/aubo_msgs/msg/detail/masterboard_data_msg__functions.c.o[0m
[1.156s] [ 15%] [32mBuilding CXX object CMakeFiles/aubo_msgs__rosidl_typesupport_introspection_cpp.dir/rosidl_typesupport_introspection_cpp/aubo_msgs/msg/detail/io_states__type_support.cpp.o[0m
[1.181s] [ 16%] [32mBuilding CXX object CMakeFiles/aubo_msgs__rosidl_typesupport_cpp.dir/rosidl_typesupport_cpp/aubo_msgs/msg/robot_mode_data_msg__type_support.cpp.o[0m
[1.183s] [ 17%] [32mBuilding C object CMakeFiles/aubo_msgs__rosidl_generator_c.dir/rosidl_generator_c/aubo_msgs/msg/detail/robot_mode_data_msg__functions.c.o[0m
[1.184s] [ 18%] [32mBuilding CXX object CMakeFiles/aubo_msgs__rosidl_typesupport_cpp.dir/rosidl_typesupport_cpp/aubo_msgs/msg/masterboard_data_msg__type_support.cpp.o[0m
[1.216s] [ 19%] [32mBuilding C object CMakeFiles/aubo_msgs__rosidl_generator_c.dir/rosidl_generator_c/aubo_msgs/msg/detail/tool_data_msg__functions.c.o[0m
[1.221s] [ 20%] [32mBuilding CXX object CMakeFiles/aubo_msgs__rosidl_typesupport_introspection_cpp.dir/rosidl_typesupport_introspection_cpp/aubo_msgs/msg/detail/robot_state_rt_msg__type_support.cpp.o[0m
[1.237s] [ 21%] [32mBuilding CXX object CMakeFiles/aubo_msgs__rosidl_typesupport_fastrtps_cpp.dir/rosidl_typesupport_fastrtps_cpp/aubo_msgs/msg/detail/dds_fastrtps/masterboard_data_msg__type_support.cpp.o[0m
[1.238s] [ 22%] [32mBuilding CXX object CMakeFiles/aubo_msgs__rosidl_typesupport_cpp.dir/rosidl_typesupport_cpp/aubo_msgs/msg/tool_data_msg__type_support.cpp.o[0m
[1.250s] [ 23%] [32mBuilding CXX object CMakeFiles/aubo_msgs__rosidl_typesupport_introspection_cpp.dir/rosidl_typesupport_introspection_cpp/aubo_msgs/msg/detail/masterboard_data_msg__type_support.cpp.o[0m
[1.265s] [ 24%] [32mBuilding CXX object CMakeFiles/aubo_msgs__rosidl_typesupport_introspection_cpp.dir/rosidl_typesupport_introspection_cpp/aubo_msgs/msg/detail/robot_mode_data_msg__type_support.cpp.o[0m
[1.275s] [ 25%] [32mBuilding C object CMakeFiles/aubo_msgs__rosidl_generator_c.dir/rosidl_generator_c/aubo_msgs/srv/detail/set_payload__functions.c.o[0m
[1.275s] [ 26%] [32mBuilding CXX object CMakeFiles/aubo_msgs__rosidl_typesupport_fastrtps_cpp.dir/rosidl_typesupport_fastrtps_cpp/aubo_msgs/msg/detail/dds_fastrtps/robot_mode_data_msg__type_support.cpp.o[0m
[1.292s] [ 27%] [32mBuilding C object CMakeFiles/aubo_msgs__rosidl_generator_c.dir/rosidl_generator_c/aubo_msgs/srv/detail/set_speed_slider_fraction__functions.c.o[0m
[1.296s] [ 28%] [32mBuilding CXX object CMakeFiles/aubo_msgs__rosidl_typesupport_fastrtps_cpp.dir/rosidl_typesupport_fastrtps_cpp/aubo_msgs/msg/detail/dds_fastrtps/tool_data_msg__type_support.cpp.o[0m
[1.304s] [ 29%] [32mBuilding CXX object CMakeFiles/aubo_msgs__rosidl_typesupport_cpp.dir/rosidl_typesupport_cpp/aubo_msgs/srv/set_payload__type_support.cpp.o[0m
[1.308s] [ 30%] [32mBuilding CXX object CMakeFiles/aubo_msgs__rosidl_typesupport_introspection_cpp.dir/rosidl_typesupport_introspection_cpp/aubo_msgs/msg/detail/tool_data_msg__type_support.cpp.o[0m
[1.309s] [ 31%] [32mBuilding CXX object CMakeFiles/aubo_msgs__rosidl_typesupport_fastrtps_cpp.dir/rosidl_typesupport_fastrtps_cpp/aubo_msgs/srv/detail/dds_fastrtps/set_payload__type_support.cpp.o[0m
[1.316s] [ 32%] [32mBuilding CXX object CMakeFiles/aubo_msgs__rosidl_typesupport_cpp.dir/rosidl_typesupport_cpp/aubo_msgs/srv/set_speed_slider_fraction__type_support.cpp.o[0m
[1.325s] [ 33%] [32mBuilding C object CMakeFiles/aubo_msgs__rosidl_generator_c.dir/rosidl_generator_c/aubo_msgs/srv/detail/set_io__functions.c.o[0m
[1.354s] [ 34%] [32mBuilding CXX object CMakeFiles/aubo_msgs__rosidl_typesupport_introspection_cpp.dir/rosidl_typesupport_introspection_cpp/aubo_msgs/srv/detail/set_payload__type_support.cpp.o[0m
[1.363s] [ 35%] [32mBuilding CXX object CMakeFiles/aubo_msgs__rosidl_typesupport_cpp.dir/rosidl_typesupport_cpp/aubo_msgs/srv/set_io__type_support.cpp.o[0m
[1.436s] [ 36%] [32mBuilding CXX object CMakeFiles/aubo_msgs__rosidl_typesupport_fastrtps_cpp.dir/rosidl_typesupport_fastrtps_cpp/aubo_msgs/srv/detail/dds_fastrtps/set_speed_slider_fraction__type_support.cpp.o[0m
[1.454s] [ 37%] [32mBuilding CXX object CMakeFiles/aubo_msgs__rosidl_typesupport_fastrtps_cpp.dir/rosidl_typesupport_fastrtps_cpp/aubo_msgs/srv/detail/dds_fastrtps/set_io__type_support.cpp.o[0m
[1.592s] [ 38%] [32mBuilding CXX object CMakeFiles/aubo_msgs__rosidl_typesupport_introspection_cpp.dir/rosidl_typesupport_introspection_cpp/aubo_msgs/srv/detail/set_speed_slider_fraction__type_support.cpp.o[0m
[1.608s] [ 39%] [32mBuilding CXX object CMakeFiles/aubo_msgs__rosidl_typesupport_introspection_cpp.dir/rosidl_typesupport_introspection_cpp/aubo_msgs/srv/detail/set_io__type_support.cpp.o[0m
[1.771s] [ 40%] [1m[32mLinking C shared library libaubo_msgs__rosidl_generator_c.so[0m
[1.885s] [ 41%] Built target aubo_msgs__rosidl_generator_c
[1.910s] [ 42%] [32mBuilding C object CMakeFiles/aubo_msgs__rosidl_typesupport_introspection_c.dir/rosidl_typesupport_introspection_c/aubo_msgs/msg/detail/digital__type_support.c.o[0m
[1.912s] [ 43%] [32mBuilding C object CMakeFiles/aubo_msgs__rosidl_typesupport_introspection_c.dir/rosidl_typesupport_introspection_c/aubo_msgs/msg/detail/io_states__type_support.c.o[0m
[1.913s] [ 44%] [32mBuilding C object CMakeFiles/aubo_msgs__rosidl_typesupport_introspection_c.dir/rosidl_typesupport_introspection_c/aubo_msgs/msg/detail/robot_state_rt_msg__type_support.c.o[0m
[1.913s] [ 45%] [32mBuilding C object CMakeFiles/aubo_msgs__rosidl_typesupport_introspection_c.dir/rosidl_typesupport_introspection_c/aubo_msgs/msg/detail/analog__type_support.c.o[0m
[1.914s] [ 46%] [32mBuilding C object CMakeFiles/aubo_msgs__rosidl_typesupport_introspection_c.dir/rosidl_typesupport_introspection_c/aubo_msgs/msg/detail/masterboard_data_msg__type_support.c.o[0m
[1.919s] [ 47%] [32mBuilding C object CMakeFiles/aubo_msgs__rosidl_typesupport_introspection_c.dir/rosidl_typesupport_introspection_c/aubo_msgs/msg/detail/robot_mode_data_msg__type_support.c.o[0m
[1.924s] [ 48%] [32mBuilding CXX object CMakeFiles/aubo_msgs__rosidl_typesupport_c.dir/rosidl_typesupport_c/aubo_msgs/msg/analog__type_support.cpp.o[0m
[1.928s] [ 49%] [32mBuilding CXX object CMakeFiles/aubo_msgs__rosidl_typesupport_c.dir/rosidl_typesupport_c/aubo_msgs/msg/digital__type_support.cpp.o[0m
[1.930s] [ 50%] [32mBuilding CXX object CMakeFiles/aubo_msgs__rosidl_typesupport_c.dir/rosidl_typesupport_c/aubo_msgs/msg/io_states__type_support.cpp.o[0m
[1.931s] [ 51%] [32mBuilding C object CMakeFiles/aubo_msgs__rosidl_typesupport_introspection_c.dir/rosidl_typesupport_introspection_c/aubo_msgs/msg/detail/tool_data_msg__type_support.c.o[0m
[1.944s] [ 52%] [32mBuilding CXX object CMakeFiles/aubo_msgs__rosidl_typesupport_c.dir/rosidl_typesupport_c/aubo_msgs/msg/robot_state_rt_msg__type_support.cpp.o[0m
[1.947s] [ 54%] [32mBuilding CXX object CMakeFiles/aubo_msgs__rosidl_typesupport_c.dir/rosidl_typesupport_c/aubo_msgs/msg/masterboard_data_msg__type_support.cpp.o[0m
[1.948s] [ 54%] [32mBuilding C object CMakeFiles/aubo_msgs__rosidl_typesupport_introspection_c.dir/rosidl_typesupport_introspection_c/aubo_msgs/srv/detail/set_payload__type_support.c.o[0m
[1.948s] [ 55%] [32mBuilding CXX object CMakeFiles/aubo_msgs__rosidl_typesupport_c.dir/rosidl_typesupport_c/aubo_msgs/msg/robot_mode_data_msg__type_support.cpp.o[0m
[1.954s] [ 56%] [32mBuilding C object CMakeFiles/aubo_msgs__rosidl_typesupport_introspection_c.dir/rosidl_typesupport_introspection_c/aubo_msgs/srv/detail/set_speed_slider_fraction__type_support.c.o[0m
[1.956s] [ 57%] [32mBuilding CXX object CMakeFiles/aubo_msgs__rosidl_typesupport_c.dir/rosidl_typesupport_c/aubo_msgs/msg/tool_data_msg__type_support.cpp.o[0m
[1.959s] [ 58%] [32mBuilding CXX object CMakeFiles/aubo_msgs__rosidl_typesupport_c.dir/rosidl_typesupport_c/aubo_msgs/srv/set_payload__type_support.cpp.o[0m
[1.963s] [ 58%] [32mBuilding CXX object CMakeFiles/aubo_msgs__rosidl_typesupport_c.dir/rosidl_typesupport_c/aubo_msgs/srv/set_speed_slider_fraction__type_support.cpp.o[0m
[1.976s] [ 59%] [32mBuilding CXX object CMakeFiles/aubo_msgs__rosidl_typesupport_c.dir/rosidl_typesupport_c/aubo_msgs/srv/set_io__type_support.cpp.o[0m
[1.982s] [ 60%] [32mBuilding C object CMakeFiles/aubo_msgs__rosidl_typesupport_introspection_c.dir/rosidl_typesupport_introspection_c/aubo_msgs/srv/detail/set_io__type_support.c.o[0m
[2.025s] [ 61%] [1m[32mLinking C shared library libaubo_msgs__rosidl_typesupport_introspection_c.so[0m
[2.026s] [ 62%] [1m[32mLinking CXX shared library libaubo_msgs__rosidl_typesupport_c.so[0m
[2.048s] [ 63%] Built target aubo_msgs__rosidl_typesupport_introspection_c
[2.052s] [ 64%] Built target aubo_msgs__rosidl_typesupport_c
[2.072s] [ 65%] [1m[32mLinking CXX shared library libaubo_msgs__rosidl_typesupport_cpp.so[0m
[2.096s] [ 66%] Built target aubo_msgs__rosidl_typesupport_cpp
[2.097s] [ 67%] [1m[32mLinking CXX shared library libaubo_msgs__rosidl_typesupport_introspection_cpp.so[0m
[2.120s] [ 68%] [1m[32mLinking CXX shared library libaubo_msgs__rosidl_typesupport_fastrtps_cpp.so[0m
[2.137s] [ 69%] Built target aubo_msgs__rosidl_typesupport_introspection_cpp
[2.166s] [ 70%] Built target aubo_msgs__rosidl_typesupport_fastrtps_cpp
[2.176s] [ 72%] [32mBuilding CXX object CMakeFiles/aubo_msgs__rosidl_typesupport_fastrtps_c.dir/rosidl_typesupport_fastrtps_c/aubo_msgs/msg/detail/digital__type_support_c.cpp.o[0m
[2.176s] [ 72%] [32mBuilding CXX object CMakeFiles/aubo_msgs__rosidl_typesupport_fastrtps_c.dir/rosidl_typesupport_fastrtps_c/aubo_msgs/msg/detail/analog__type_support_c.cpp.o[0m
[2.176s] [ 73%] [32mBuilding CXX object CMakeFiles/aubo_msgs__rosidl_typesupport_fastrtps_c.dir/rosidl_typesupport_fastrtps_c/aubo_msgs/msg/detail/io_states__type_support_c.cpp.o[0m
[2.176s] [ 74%] [32mBuilding CXX object CMakeFiles/aubo_msgs__rosidl_typesupport_fastrtps_c.dir/rosidl_typesupport_fastrtps_c/aubo_msgs/msg/detail/robot_state_rt_msg__type_support_c.cpp.o[0m
[2.176s] [ 75%] [32mBuilding CXX object CMakeFiles/aubo_msgs__rosidl_typesupport_fastrtps_c.dir/rosidl_typesupport_fastrtps_c/aubo_msgs/msg/detail/masterboard_data_msg__type_support_c.cpp.o[0m
[2.177s] [ 76%] [32mBuilding CXX object CMakeFiles/aubo_msgs__rosidl_typesupport_fastrtps_c.dir/rosidl_typesupport_fastrtps_c/aubo_msgs/msg/detail/robot_mode_data_msg__type_support_c.cpp.o[0m
[2.177s] [ 77%] [32mBuilding CXX object CMakeFiles/aubo_msgs__rosidl_typesupport_fastrtps_c.dir/rosidl_typesupport_fastrtps_c/aubo_msgs/msg/detail/tool_data_msg__type_support_c.cpp.o[0m
[2.177s] [ 78%] [32mBuilding CXX object CMakeFiles/aubo_msgs__rosidl_typesupport_fastrtps_c.dir/rosidl_typesupport_fastrtps_c/aubo_msgs/srv/detail/set_payload__type_support_c.cpp.o[0m
[2.179s] [ 79%] [32mBuilding CXX object CMakeFiles/aubo_msgs__rosidl_typesupport_fastrtps_c.dir/rosidl_typesupport_fastrtps_c/aubo_msgs/srv/detail/set_speed_slider_fraction__type_support_c.cpp.o[0m
[2.181s] [ 80%] [32mBuilding CXX object CMakeFiles/aubo_msgs__rosidl_typesupport_fastrtps_c.dir/rosidl_typesupport_fastrtps_c/aubo_msgs/srv/detail/set_io__type_support_c.cpp.o[0m
[2.577s] [ 81%] [1m[32mLinking CXX shared library libaubo_msgs__rosidl_typesupport_fastrtps_c.so[0m
[2.696s] [ 82%] Built target aubo_msgs__rosidl_typesupport_fastrtps_c
[2.710s] [ 82%] Built target aubo_msgs
[2.722s] [ 83%] Built target aubo_msgs__py
[2.733s] [ 86%] [32mBuilding C object CMakeFiles/aubo_msgs__python.dir/rosidl_generator_py/aubo_msgs/msg/_io_states_s.c.o[0m
[2.734s] [ 86%] [32mBuilding C object CMakeFiles/aubo_msgs__python.dir/rosidl_generator_py/aubo_msgs/msg/_digital_s.c.o[0m
[2.734s] [ 86%] [32mBuilding C object CMakeFiles/aubo_msgs__python.dir/rosidl_generator_py/aubo_msgs/msg/_masterboard_data_msg_s.c.o[0m
[2.734s] [ 88%] [32mBuilding C object CMakeFiles/aubo_msgs__python.dir/rosidl_generator_py/aubo_msgs/msg/_robot_mode_data_msg_s.c.o[0m
[2.734s] [ 88%] [32mBuilding C object CMakeFiles/aubo_msgs__python.dir/rosidl_generator_py/aubo_msgs/msg/_robot_state_rt_msg_s.c.o[0m
[2.734s] [ 89%] [32mBuilding C object CMakeFiles/aubo_msgs__python.dir/rosidl_generator_py/aubo_msgs/msg/_tool_data_msg_s.c.o[0m
[2.734s] [ 90%] [32mBuilding C object CMakeFiles/aubo_msgs__python.dir/rosidl_generator_py/aubo_msgs/srv/_set_payload_s.c.o[0m
[2.735s] [ 92%] [32mBuilding C object CMakeFiles/aubo_msgs__python.dir/rosidl_generator_py/aubo_msgs/srv/_set_speed_slider_fraction_s.c.o[0m
[2.735s] [ 92%] [32mBuilding C object CMakeFiles/aubo_msgs__python.dir/rosidl_generator_py/aubo_msgs/srv/_set_io_s.c.o[0m
[2.735s] [ 93%] [32mBuilding C object CMakeFiles/aubo_msgs__python.dir/rosidl_generator_py/aubo_msgs/msg/_analog_s.c.o[0m
[3.218s] [ 94%] [1m[32mLinking C shared library rosidl_generator_py/aubo_msgs/libaubo_msgs__python.so[0m
[3.255s] [ 94%] Built target aubo_msgs__python
[3.266s] [ 97%] [32mBuilding C object CMakeFiles/aubo_msgs__rosidl_typesupport_fastrtps_c__pyext.dir/rosidl_generator_py/aubo_msgs/_aubo_msgs_s.ep.rosidl_typesupport_fastrtps_c.c.o[0m
[3.266s] [ 97%] [32mBuilding C object CMakeFiles/aubo_msgs__rosidl_typesupport_c__pyext.dir/rosidl_generator_py/aubo_msgs/_aubo_msgs_s.ep.rosidl_typesupport_c.c.o[0m
[3.266s] [ 97%] [32mBuilding C object CMakeFiles/aubo_msgs__rosidl_typesupport_introspection_c__pyext.dir/rosidl_generator_py/aubo_msgs/_aubo_msgs_s.ep.rosidl_typesupport_introspection_c.c.o[0m
[3.446s] [ 98%] [1m[32mLinking C shared library rosidl_generator_py/aubo_msgs/aubo_msgs_s__rosidl_typesupport_introspection_c.cpython-38-x86_64-linux-gnu.so[0m
[3.464s] [ 98%] Built target aubo_msgs__rosidl_typesupport_introspection_c__pyext
[3.500s] [ 99%] [1m[32mLinking C shared library rosidl_generator_py/aubo_msgs/aubo_msgs_s__rosidl_typesupport_c.cpython-38-x86_64-linux-gnu.so[0m
[3.502s] [100%] [1m[32mLinking CXX shared library rosidl_generator_py/aubo_msgs/aubo_msgs_s__rosidl_typesupport_fastrtps_c.cpython-38-x86_64-linux-gnu.so[0m
[3.524s] [100%] Built target aubo_msgs__rosidl_typesupport_c__pyext
[3.545s] [100%] Built target aubo_msgs__rosidl_typesupport_fastrtps_c__pyext
