[0.095s] DEBUG:colcon:Command line arguments: ['/usr/bin/colcon', 'build']
[0.096s] DEBUG:colcon:Parsed command line arguments: Namespace(allow_overriding=[], ament_cmake_args=None, base_paths=['.'], build_base='build', catkin_cmake_args=None, catkin_skip_building_tests=False, cmake_args=None, cmake_clean_cache=False, cmake_clean_first=False, cmake_force_configure=False, cmake_target=None, cmake_target_skip_unavailable=False, continue_on_error=False, event_handlers=None, executor='parallel', ignore_user_meta=False, install_base='install', log_base=None, log_level=None, main=<bound method BuildVerb.main of <colcon_core.verb.build.BuildVerb object at 0x7f2333c72c40>>, merge_install=False, metas=['./colcon.meta'], mixin=None, mixin_files=None, mixin_verb=('build',), packages_above=None, packages_above_and_dependencies=None, packages_above_depth=None, packages_end=None, packages_ignore=None, packages_ignore_regex=None, packages_select=None, packages_select_build_failed=False, packages_select_by_dep=None, packages_select_regex=None, packages_select_test_failures=False, packages_skip=None, packages_skip_build_finished=False, packages_skip_by_dep=None, packages_skip_regex=None, packages_skip_test_passed=False, packages_skip_up_to=None, packages_start=None, packages_up_to=None, packages_up_to_regex=None, parallel_workers=32, paths=None, symlink_install=False, test_result_base=None, verb_extension=<colcon_core.verb.build.BuildVerb object at 0x7f2333c72c40>, verb_name='build', verb_parser=<colcon_mixin.mixin.mixin_argument.MixinArgumentDecorator object at 0x7f2333c80250>)
[0.165s] Level 1:colcon.colcon_core.package_discovery:discover_packages(colcon_meta) check parameters
[0.165s] Level 1:colcon.colcon_core.package_discovery:discover_packages(recursive) check parameters
[0.165s] Level 1:colcon.colcon_core.package_discovery:discover_packages(ignore) check parameters
[0.165s] Level 1:colcon.colcon_core.package_discovery:discover_packages(path) check parameters
[0.165s] Level 1:colcon.colcon_core.package_discovery:discover_packages(colcon_meta) discover
[0.165s] Level 1:colcon.colcon_core.package_discovery:discover_packages(recursive) discover
[0.165s] INFO:colcon.colcon_core.package_discovery:Crawling recursively for packages in '/home/mu/IVG/aubo_ros2_ws'
[0.165s] Level 1:colcon.colcon_core.package_identification:_identify(.) by extensions ['ignore', 'ignore_ament_install']
[0.165s] Level 1:colcon.colcon_core.package_identification:_identify(.) by extension 'ignore'
[0.165s] Level 1:colcon.colcon_core.package_identification:_identify(.) by extension 'ignore_ament_install'
[0.165s] Level 1:colcon.colcon_core.package_identification:_identify(.) by extensions ['colcon_pkg']
[0.165s] Level 1:colcon.colcon_core.package_identification:_identify(.) by extension 'colcon_pkg'
[0.165s] Level 1:colcon.colcon_core.package_identification:_identify(.) by extensions ['colcon_meta']
[0.165s] Level 1:colcon.colcon_core.package_identification:_identify(.) by extension 'colcon_meta'
[0.165s] Level 1:colcon.colcon_core.package_identification:_identify(.) by extensions ['ros']
[0.165s] Level 1:colcon.colcon_core.package_identification:_identify(.) by extension 'ros'
[0.171s] Level 1:colcon.colcon_core.package_identification:_identify(.) by extensions ['cmake', 'python']
[0.171s] Level 1:colcon.colcon_core.package_identification:_identify(.) by extension 'cmake'
[0.171s] Level 1:colcon.colcon_core.package_identification:_identify(.) by extension 'python'
[0.171s] Level 1:colcon.colcon_core.package_identification:_identify(.) by extensions ['python_setup_py']
[0.171s] Level 1:colcon.colcon_core.package_identification:_identify(.) by extension 'python_setup_py'
[0.171s] Level 1:colcon.colcon_core.package_identification:_identify(build) by extensions ['ignore', 'ignore_ament_install']
[0.171s] Level 1:colcon.colcon_core.package_identification:_identify(build) by extension 'ignore'
[0.171s] Level 1:colcon.colcon_core.package_identification:_identify(build) ignored
[0.171s] Level 1:colcon.colcon_core.package_identification:_identify(install) by extensions ['ignore', 'ignore_ament_install']
[0.171s] Level 1:colcon.colcon_core.package_identification:_identify(install) by extension 'ignore'
[0.171s] Level 1:colcon.colcon_core.package_identification:_identify(install) ignored
[0.171s] Level 1:colcon.colcon_core.package_identification:_identify(log) by extensions ['ignore', 'ignore_ament_install']
[0.171s] Level 1:colcon.colcon_core.package_identification:_identify(log) by extension 'ignore'
[0.171s] Level 1:colcon.colcon_core.package_identification:_identify(log) ignored
[0.171s] Level 1:colcon.colcon_core.package_identification:_identify(src) by extensions ['ignore', 'ignore_ament_install']
[0.171s] Level 1:colcon.colcon_core.package_identification:_identify(src) by extension 'ignore'
[0.171s] Level 1:colcon.colcon_core.package_identification:_identify(src) by extension 'ignore_ament_install'
[0.171s] Level 1:colcon.colcon_core.package_identification:_identify(src) by extensions ['colcon_pkg']
[0.171s] Level 1:colcon.colcon_core.package_identification:_identify(src) by extension 'colcon_pkg'
[0.171s] Level 1:colcon.colcon_core.package_identification:_identify(src) by extensions ['colcon_meta']
[0.171s] Level 1:colcon.colcon_core.package_identification:_identify(src) by extension 'colcon_meta'
[0.171s] Level 1:colcon.colcon_core.package_identification:_identify(src) by extensions ['ros']
[0.171s] Level 1:colcon.colcon_core.package_identification:_identify(src) by extension 'ros'
[0.171s] Level 1:colcon.colcon_core.package_identification:_identify(src) by extensions ['cmake', 'python']
[0.171s] Level 1:colcon.colcon_core.package_identification:_identify(src) by extension 'cmake'
[0.171s] Level 1:colcon.colcon_core.package_identification:_identify(src) by extension 'python'
[0.171s] Level 1:colcon.colcon_core.package_identification:_identify(src) by extensions ['python_setup_py']
[0.171s] Level 1:colcon.colcon_core.package_identification:_identify(src) by extension 'python_setup_py'
[0.172s] Level 1:colcon.colcon_core.package_identification:_identify(src/aubo_ros2_driver) by extensions ['ignore', 'ignore_ament_install']
[0.172s] Level 1:colcon.colcon_core.package_identification:_identify(src/aubo_ros2_driver) by extension 'ignore'
[0.172s] Level 1:colcon.colcon_core.package_identification:_identify(src/aubo_ros2_driver) by extension 'ignore_ament_install'
[0.172s] Level 1:colcon.colcon_core.package_identification:_identify(src/aubo_ros2_driver) by extensions ['colcon_pkg']
[0.172s] Level 1:colcon.colcon_core.package_identification:_identify(src/aubo_ros2_driver) by extension 'colcon_pkg'
[0.172s] Level 1:colcon.colcon_core.package_identification:_identify(src/aubo_ros2_driver) by extensions ['colcon_meta']
[0.172s] Level 1:colcon.colcon_core.package_identification:_identify(src/aubo_ros2_driver) by extension 'colcon_meta'
[0.172s] Level 1:colcon.colcon_core.package_identification:_identify(src/aubo_ros2_driver) by extensions ['ros']
[0.172s] Level 1:colcon.colcon_core.package_identification:_identify(src/aubo_ros2_driver) by extension 'ros'
[0.172s] Level 1:colcon.colcon_core.package_identification:_identify(src/aubo_ros2_driver) by extensions ['cmake', 'python']
[0.172s] Level 1:colcon.colcon_core.package_identification:_identify(src/aubo_ros2_driver) by extension 'cmake'
[0.172s] Level 1:colcon.colcon_core.package_identification:_identify(src/aubo_ros2_driver) by extension 'python'
[0.172s] Level 1:colcon.colcon_core.package_identification:_identify(src/aubo_ros2_driver) by extensions ['python_setup_py']
[0.172s] Level 1:colcon.colcon_core.package_identification:_identify(src/aubo_ros2_driver) by extension 'python_setup_py'
[0.172s] Level 1:colcon.colcon_core.package_identification:_identify(src/aubo_ros2_driver/aubo_dashboard_msgs) by extensions ['ignore', 'ignore_ament_install']
[0.172s] Level 1:colcon.colcon_core.package_identification:_identify(src/aubo_ros2_driver/aubo_dashboard_msgs) by extension 'ignore'
[0.172s] Level 1:colcon.colcon_core.package_identification:_identify(src/aubo_ros2_driver/aubo_dashboard_msgs) by extension 'ignore_ament_install'
[0.172s] Level 1:colcon.colcon_core.package_identification:_identify(src/aubo_ros2_driver/aubo_dashboard_msgs) by extensions ['colcon_pkg']
[0.172s] Level 1:colcon.colcon_core.package_identification:_identify(src/aubo_ros2_driver/aubo_dashboard_msgs) by extension 'colcon_pkg'
[0.172s] Level 1:colcon.colcon_core.package_identification:_identify(src/aubo_ros2_driver/aubo_dashboard_msgs) by extensions ['colcon_meta']
[0.172s] Level 1:colcon.colcon_core.package_identification:_identify(src/aubo_ros2_driver/aubo_dashboard_msgs) by extension 'colcon_meta'
[0.172s] Level 1:colcon.colcon_core.package_identification:_identify(src/aubo_ros2_driver/aubo_dashboard_msgs) by extensions ['ros']
[0.172s] Level 1:colcon.colcon_core.package_identification:_identify(src/aubo_ros2_driver/aubo_dashboard_msgs) by extension 'ros'
[0.173s] DEBUG:colcon.colcon_core.package_identification:Package 'src/aubo_ros2_driver/aubo_dashboard_msgs' with type 'ros.ament_cmake' and name 'aubo_dashboard_msgs'
[0.174s] Level 1:colcon.colcon_core.package_identification:_identify(src/aubo_ros2_driver/aubo_description) by extensions ['ignore', 'ignore_ament_install']
[0.174s] Level 1:colcon.colcon_core.package_identification:_identify(src/aubo_ros2_driver/aubo_description) by extension 'ignore'
[0.174s] Level 1:colcon.colcon_core.package_identification:_identify(src/aubo_ros2_driver/aubo_description) by extension 'ignore_ament_install'
[0.174s] Level 1:colcon.colcon_core.package_identification:_identify(src/aubo_ros2_driver/aubo_description) by extensions ['colcon_pkg']
[0.174s] Level 1:colcon.colcon_core.package_identification:_identify(src/aubo_ros2_driver/aubo_description) by extension 'colcon_pkg'
[0.174s] Level 1:colcon.colcon_core.package_identification:_identify(src/aubo_ros2_driver/aubo_description) by extensions ['colcon_meta']
[0.174s] Level 1:colcon.colcon_core.package_identification:_identify(src/aubo_ros2_driver/aubo_description) by extension 'colcon_meta'
[0.174s] Level 1:colcon.colcon_core.package_identification:_identify(src/aubo_ros2_driver/aubo_description) by extensions ['ros']
[0.174s] Level 1:colcon.colcon_core.package_identification:_identify(src/aubo_ros2_driver/aubo_description) by extension 'ros'
[0.176s] DEBUG:colcon.colcon_core.package_identification:Package 'src/aubo_ros2_driver/aubo_description' with type 'ros.ament_cmake' and name 'aubo_description'
[0.176s] Level 1:colcon.colcon_core.package_identification:_identify(src/aubo_ros2_driver/aubo_moveit_config) by extensions ['ignore', 'ignore_ament_install']
[0.176s] Level 1:colcon.colcon_core.package_identification:_identify(src/aubo_ros2_driver/aubo_moveit_config) by extension 'ignore'
[0.176s] Level 1:colcon.colcon_core.package_identification:_identify(src/aubo_ros2_driver/aubo_moveit_config) by extension 'ignore_ament_install'
[0.176s] Level 1:colcon.colcon_core.package_identification:_identify(src/aubo_ros2_driver/aubo_moveit_config) by extensions ['colcon_pkg']
[0.176s] Level 1:colcon.colcon_core.package_identification:_identify(src/aubo_ros2_driver/aubo_moveit_config) by extension 'colcon_pkg'
[0.176s] Level 1:colcon.colcon_core.package_identification:_identify(src/aubo_ros2_driver/aubo_moveit_config) by extensions ['colcon_meta']
[0.176s] Level 1:colcon.colcon_core.package_identification:_identify(src/aubo_ros2_driver/aubo_moveit_config) by extension 'colcon_meta'
[0.176s] Level 1:colcon.colcon_core.package_identification:_identify(src/aubo_ros2_driver/aubo_moveit_config) by extensions ['ros']
[0.176s] Level 1:colcon.colcon_core.package_identification:_identify(src/aubo_ros2_driver/aubo_moveit_config) by extension 'ros'
[0.176s] DEBUG:colcon.colcon_core.package_identification:Package 'src/aubo_ros2_driver/aubo_moveit_config' with type 'ros.ament_cmake' and name 'aubo_moveit_config'
[0.176s] Level 1:colcon.colcon_core.package_identification:_identify(src/aubo_ros2_driver/aubo_msgs) by extensions ['ignore', 'ignore_ament_install']
[0.177s] Level 1:colcon.colcon_core.package_identification:_identify(src/aubo_ros2_driver/aubo_msgs) by extension 'ignore'
[0.177s] Level 1:colcon.colcon_core.package_identification:_identify(src/aubo_ros2_driver/aubo_msgs) by extension 'ignore_ament_install'
[0.177s] Level 1:colcon.colcon_core.package_identification:_identify(src/aubo_ros2_driver/aubo_msgs) by extensions ['colcon_pkg']
[0.177s] Level 1:colcon.colcon_core.package_identification:_identify(src/aubo_ros2_driver/aubo_msgs) by extension 'colcon_pkg'
[0.177s] Level 1:colcon.colcon_core.package_identification:_identify(src/aubo_ros2_driver/aubo_msgs) by extensions ['colcon_meta']
[0.177s] Level 1:colcon.colcon_core.package_identification:_identify(src/aubo_ros2_driver/aubo_msgs) by extension 'colcon_meta'
[0.177s] Level 1:colcon.colcon_core.package_identification:_identify(src/aubo_ros2_driver/aubo_msgs) by extensions ['ros']
[0.177s] Level 1:colcon.colcon_core.package_identification:_identify(src/aubo_ros2_driver/aubo_msgs) by extension 'ros'
[0.177s] DEBUG:colcon.colcon_core.package_identification:Package 'src/aubo_ros2_driver/aubo_msgs' with type 'ros.ament_cmake' and name 'aubo_msgs'
[0.177s] Level 1:colcon.colcon_core.package_discovery:discover_packages(recursive) using defaults
[0.177s] Level 1:colcon.colcon_core.package_discovery:discover_packages(ignore) discover
[0.177s] Level 1:colcon.colcon_core.package_discovery:discover_packages(ignore) using defaults
[0.177s] Level 1:colcon.colcon_core.package_discovery:discover_packages(path) discover
[0.177s] Level 1:colcon.colcon_core.package_discovery:discover_packages(path) using defaults
[0.190s] Level 1:colcon.colcon_core.package_discovery:discover_packages(prefix_path) check parameters
[0.190s] Level 1:colcon.colcon_core.package_discovery:discover_packages(prefix_path) discover
[0.191s] DEBUG:colcon.colcon_installed_package_information.package_discovery:Found 4 installed packages in /home/mu/IVG/aubo_ros2_ws/install
[0.192s] DEBUG:colcon.colcon_installed_package_information.package_discovery:Found 298 installed packages in /opt/ros/foxy
[0.193s] Level 1:colcon.colcon_core.package_discovery:discover_packages(prefix_path) using defaults
[0.220s] Level 5:colcon.colcon_core.verb:set package 'aubo_dashboard_msgs' build argument 'cmake_args' from command line to 'None'
[0.220s] Level 5:colcon.colcon_core.verb:set package 'aubo_dashboard_msgs' build argument 'cmake_target' from command line to 'None'
[0.220s] Level 5:colcon.colcon_core.verb:set package 'aubo_dashboard_msgs' build argument 'cmake_target_skip_unavailable' from command line to 'False'
[0.220s] Level 5:colcon.colcon_core.verb:set package 'aubo_dashboard_msgs' build argument 'cmake_clean_cache' from command line to 'False'
[0.220s] Level 5:colcon.colcon_core.verb:set package 'aubo_dashboard_msgs' build argument 'cmake_clean_first' from command line to 'False'
[0.220s] Level 5:colcon.colcon_core.verb:set package 'aubo_dashboard_msgs' build argument 'cmake_force_configure' from command line to 'False'
[0.220s] Level 5:colcon.colcon_core.verb:set package 'aubo_dashboard_msgs' build argument 'ament_cmake_args' from command line to 'None'
[0.220s] Level 5:colcon.colcon_core.verb:set package 'aubo_dashboard_msgs' build argument 'catkin_cmake_args' from command line to 'None'
[0.220s] Level 5:colcon.colcon_core.verb:set package 'aubo_dashboard_msgs' build argument 'catkin_skip_building_tests' from command line to 'False'
[0.220s] DEBUG:colcon.colcon_core.verb:Building package 'aubo_dashboard_msgs' with the following arguments: {'ament_cmake_args': None, 'build_base': '/home/mu/IVG/aubo_ros2_ws/build/aubo_dashboard_msgs', 'catkin_cmake_args': None, 'catkin_skip_building_tests': False, 'cmake_args': None, 'cmake_clean_cache': False, 'cmake_clean_first': False, 'cmake_force_configure': False, 'cmake_target': None, 'cmake_target_skip_unavailable': False, 'install_base': '/home/mu/IVG/aubo_ros2_ws/install/aubo_dashboard_msgs', 'merge_install': False, 'path': '/home/mu/IVG/aubo_ros2_ws/src/aubo_ros2_driver/aubo_dashboard_msgs', 'symlink_install': False, 'test_result_base': None}
[0.220s] Level 5:colcon.colcon_core.verb:set package 'aubo_description' build argument 'cmake_args' from command line to 'None'
[0.220s] Level 5:colcon.colcon_core.verb:set package 'aubo_description' build argument 'cmake_target' from command line to 'None'
[0.220s] Level 5:colcon.colcon_core.verb:set package 'aubo_description' build argument 'cmake_target_skip_unavailable' from command line to 'False'
[0.220s] Level 5:colcon.colcon_core.verb:set package 'aubo_description' build argument 'cmake_clean_cache' from command line to 'False'
[0.220s] Level 5:colcon.colcon_core.verb:set package 'aubo_description' build argument 'cmake_clean_first' from command line to 'False'
[0.220s] Level 5:colcon.colcon_core.verb:set package 'aubo_description' build argument 'cmake_force_configure' from command line to 'False'
[0.220s] Level 5:colcon.colcon_core.verb:set package 'aubo_description' build argument 'ament_cmake_args' from command line to 'None'
[0.220s] Level 5:colcon.colcon_core.verb:set package 'aubo_description' build argument 'catkin_cmake_args' from command line to 'None'
[0.220s] Level 5:colcon.colcon_core.verb:set package 'aubo_description' build argument 'catkin_skip_building_tests' from command line to 'False'
[0.220s] DEBUG:colcon.colcon_core.verb:Building package 'aubo_description' with the following arguments: {'ament_cmake_args': None, 'build_base': '/home/mu/IVG/aubo_ros2_ws/build/aubo_description', 'catkin_cmake_args': None, 'catkin_skip_building_tests': False, 'cmake_args': None, 'cmake_clean_cache': False, 'cmake_clean_first': False, 'cmake_force_configure': False, 'cmake_target': None, 'cmake_target_skip_unavailable': False, 'install_base': '/home/mu/IVG/aubo_ros2_ws/install/aubo_description', 'merge_install': False, 'path': '/home/mu/IVG/aubo_ros2_ws/src/aubo_ros2_driver/aubo_description', 'symlink_install': False, 'test_result_base': None}
[0.220s] Level 5:colcon.colcon_core.verb:set package 'aubo_msgs' build argument 'cmake_args' from command line to 'None'
[0.220s] Level 5:colcon.colcon_core.verb:set package 'aubo_msgs' build argument 'cmake_target' from command line to 'None'
[0.220s] Level 5:colcon.colcon_core.verb:set package 'aubo_msgs' build argument 'cmake_target_skip_unavailable' from command line to 'False'
[0.220s] Level 5:colcon.colcon_core.verb:set package 'aubo_msgs' build argument 'cmake_clean_cache' from command line to 'False'
[0.220s] Level 5:colcon.colcon_core.verb:set package 'aubo_msgs' build argument 'cmake_clean_first' from command line to 'False'
[0.220s] Level 5:colcon.colcon_core.verb:set package 'aubo_msgs' build argument 'cmake_force_configure' from command line to 'False'
[0.220s] Level 5:colcon.colcon_core.verb:set package 'aubo_msgs' build argument 'ament_cmake_args' from command line to 'None'
[0.220s] Level 5:colcon.colcon_core.verb:set package 'aubo_msgs' build argument 'catkin_cmake_args' from command line to 'None'
[0.221s] Level 5:colcon.colcon_core.verb:set package 'aubo_msgs' build argument 'catkin_skip_building_tests' from command line to 'False'
[0.221s] DEBUG:colcon.colcon_core.verb:Building package 'aubo_msgs' with the following arguments: {'ament_cmake_args': None, 'build_base': '/home/mu/IVG/aubo_ros2_ws/build/aubo_msgs', 'catkin_cmake_args': None, 'catkin_skip_building_tests': False, 'cmake_args': None, 'cmake_clean_cache': False, 'cmake_clean_first': False, 'cmake_force_configure': False, 'cmake_target': None, 'cmake_target_skip_unavailable': False, 'install_base': '/home/mu/IVG/aubo_ros2_ws/install/aubo_msgs', 'merge_install': False, 'path': '/home/mu/IVG/aubo_ros2_ws/src/aubo_ros2_driver/aubo_msgs', 'symlink_install': False, 'test_result_base': None}
[0.221s] Level 5:colcon.colcon_core.verb:set package 'aubo_moveit_config' build argument 'cmake_args' from command line to 'None'
[0.221s] Level 5:colcon.colcon_core.verb:set package 'aubo_moveit_config' build argument 'cmake_target' from command line to 'None'
[0.221s] Level 5:colcon.colcon_core.verb:set package 'aubo_moveit_config' build argument 'cmake_target_skip_unavailable' from command line to 'False'
[0.221s] Level 5:colcon.colcon_core.verb:set package 'aubo_moveit_config' build argument 'cmake_clean_cache' from command line to 'False'
[0.221s] Level 5:colcon.colcon_core.verb:set package 'aubo_moveit_config' build argument 'cmake_clean_first' from command line to 'False'
[0.221s] Level 5:colcon.colcon_core.verb:set package 'aubo_moveit_config' build argument 'cmake_force_configure' from command line to 'False'
[0.221s] Level 5:colcon.colcon_core.verb:set package 'aubo_moveit_config' build argument 'ament_cmake_args' from command line to 'None'
[0.221s] Level 5:colcon.colcon_core.verb:set package 'aubo_moveit_config' build argument 'catkin_cmake_args' from command line to 'None'
[0.221s] Level 5:colcon.colcon_core.verb:set package 'aubo_moveit_config' build argument 'catkin_skip_building_tests' from command line to 'False'
[0.221s] DEBUG:colcon.colcon_core.verb:Building package 'aubo_moveit_config' with the following arguments: {'ament_cmake_args': None, 'build_base': '/home/mu/IVG/aubo_ros2_ws/build/aubo_moveit_config', 'catkin_cmake_args': None, 'catkin_skip_building_tests': False, 'cmake_args': None, 'cmake_clean_cache': False, 'cmake_clean_first': False, 'cmake_force_configure': False, 'cmake_target': None, 'cmake_target_skip_unavailable': False, 'install_base': '/home/mu/IVG/aubo_ros2_ws/install/aubo_moveit_config', 'merge_install': False, 'path': '/home/mu/IVG/aubo_ros2_ws/src/aubo_ros2_driver/aubo_moveit_config', 'symlink_install': False, 'test_result_base': None}
[0.221s] INFO:colcon.colcon_core.executor:Executing jobs using 'parallel' executor
[0.222s] DEBUG:colcon.colcon_parallel_executor.executor.parallel:run_until_complete
[0.222s] INFO:colcon.colcon_ros.task.ament_cmake.build:Building ROS package in '/home/mu/IVG/aubo_ros2_ws/src/aubo_ros2_driver/aubo_description' with build type 'ament_cmake'
[0.222s] INFO:colcon.colcon_cmake.task.cmake.build:Building CMake package in '/home/mu/IVG/aubo_ros2_ws/src/aubo_ros2_driver/aubo_description'
[0.223s] INFO:colcon.colcon_core.plugin_system:Skipping extension 'colcon_core.shell.bat': Not used on non-Windows systems
[0.223s] INFO:colcon.colcon_core.shell:Skip shell extension 'powershell' for command environment: Not usable outside of PowerShell
[0.223s] DEBUG:colcon.colcon_core.shell:Skip shell extension 'dsv' for command environment
[0.226s] INFO:colcon.colcon_ros.task.ament_cmake.build:Building ROS package in '/home/mu/IVG/aubo_ros2_ws/src/aubo_ros2_driver/aubo_dashboard_msgs' with build type 'ament_cmake'
[0.226s] INFO:colcon.colcon_cmake.task.cmake.build:Building CMake package in '/home/mu/IVG/aubo_ros2_ws/src/aubo_ros2_driver/aubo_dashboard_msgs'
[0.226s] INFO:colcon.colcon_core.shell:Skip shell extension 'powershell' for command environment: Not usable outside of PowerShell
[0.226s] DEBUG:colcon.colcon_core.shell:Skip shell extension 'dsv' for command environment
[0.229s] INFO:colcon.colcon_ros.task.ament_cmake.build:Building ROS package in '/home/mu/IVG/aubo_ros2_ws/src/aubo_ros2_driver/aubo_msgs' with build type 'ament_cmake'
[0.229s] INFO:colcon.colcon_cmake.task.cmake.build:Building CMake package in '/home/mu/IVG/aubo_ros2_ws/src/aubo_ros2_driver/aubo_msgs'
[0.229s] INFO:colcon.colcon_core.shell:Skip shell extension 'powershell' for command environment: Not usable outside of PowerShell
[0.230s] DEBUG:colcon.colcon_core.shell:Skip shell extension 'dsv' for command environment
[0.239s] DEBUG:colcon.colcon_core.event_handler.log_command:Invoking command in '/home/mu/IVG/aubo_ros2_ws/build/aubo_description': CMAKE_PREFIX_PATH=${CMAKE_PREFIX_PATH}:/opt/ros/foxy /usr/bin/cmake --build /home/mu/IVG/aubo_ros2_ws/build/aubo_description -- -j32 -l32
[0.240s] DEBUG:colcon.colcon_core.event_handler.log_command:Invoking command in '/home/mu/IVG/aubo_ros2_ws/build/aubo_dashboard_msgs': CMAKE_PREFIX_PATH=${CMAKE_PREFIX_PATH}:/opt/ros/foxy /usr/bin/cmake --build /home/mu/IVG/aubo_ros2_ws/build/aubo_dashboard_msgs -- -j32 -l32
[0.241s] DEBUG:colcon.colcon_core.event_handler.log_command:Invoking command in '/home/mu/IVG/aubo_ros2_ws/build/aubo_msgs': CMAKE_PREFIX_PATH=${CMAKE_PREFIX_PATH}:/opt/ros/foxy /usr/bin/cmake --build /home/mu/IVG/aubo_ros2_ws/build/aubo_msgs -- -j32 -l32
[0.258s] DEBUG:colcon.colcon_core.event_handler.log_command:Invoked command in '/home/mu/IVG/aubo_ros2_ws/build/aubo_description' returned '0': CMAKE_PREFIX_PATH=${CMAKE_PREFIX_PATH}:/opt/ros/foxy /usr/bin/cmake --build /home/mu/IVG/aubo_ros2_ws/build/aubo_description -- -j32 -l32
[0.265s] DEBUG:colcon.colcon_core.event_handler.log_command:Invoking command in '/home/mu/IVG/aubo_ros2_ws/build/aubo_description': CMAKE_PREFIX_PATH=${CMAKE_PREFIX_PATH}:/opt/ros/foxy /usr/bin/cmake --install /home/mu/IVG/aubo_ros2_ws/build/aubo_description
[0.291s] Level 1:colcon.colcon_core.environment:create_environment_scripts_only(aubo_description)
[0.296s] Level 1:colcon.colcon_core.environment:checking '/home/mu/IVG/aubo_ros2_ws/install/aubo_description' for CMake module files
[0.297s] Level 1:colcon.colcon_core.environment:checking '/home/mu/IVG/aubo_ros2_ws/install/aubo_description' for CMake config files
[0.364s] Level 1:colcon.colcon_core.shell:create_environment_hook('aubo_description', 'cmake_prefix_path')
[0.364s] INFO:colcon.colcon_core.shell:Creating environment hook '/home/mu/IVG/aubo_ros2_ws/install/aubo_description/share/aubo_description/hook/cmake_prefix_path.ps1'
[0.365s] INFO:colcon.colcon_core.shell:Creating environment descriptor '/home/mu/IVG/aubo_ros2_ws/install/aubo_description/share/aubo_description/hook/cmake_prefix_path.dsv'
[0.366s] INFO:colcon.colcon_core.shell:Creating environment hook '/home/mu/IVG/aubo_ros2_ws/install/aubo_description/share/aubo_description/hook/cmake_prefix_path.sh'
[0.367s] Level 1:colcon.colcon_core.environment:checking '/home/mu/IVG/aubo_ros2_ws/install/aubo_description/bin'
[0.367s] Level 1:colcon.colcon_core.environment:checking '/home/mu/IVG/aubo_ros2_ws/install/aubo_description/lib/pkgconfig/aubo_description.pc'
[0.368s] Level 1:colcon.colcon_core.environment:checking '/home/mu/IVG/aubo_ros2_ws/install/aubo_description/lib/python3.8/site-packages'
[0.368s] Level 1:colcon.colcon_core.environment:checking '/home/mu/IVG/aubo_ros2_ws/install/aubo_description/bin'
[0.368s] INFO:colcon.colcon_core.shell:Creating package script '/home/mu/IVG/aubo_ros2_ws/install/aubo_description/share/aubo_description/package.ps1'
[0.369s] INFO:colcon.colcon_core.shell:Creating package descriptor '/home/mu/IVG/aubo_ros2_ws/install/aubo_description/share/aubo_description/package.dsv'
[0.370s] INFO:colcon.colcon_core.shell:Creating package script '/home/mu/IVG/aubo_ros2_ws/install/aubo_description/share/aubo_description/package.sh'
[0.371s] INFO:colcon.colcon_core.shell:Creating package script '/home/mu/IVG/aubo_ros2_ws/install/aubo_description/share/aubo_description/package.bash'
[0.372s] INFO:colcon.colcon_core.shell:Creating package script '/home/mu/IVG/aubo_ros2_ws/install/aubo_description/share/aubo_description/package.zsh'
[0.372s] Level 1:colcon.colcon_core.environment:create_file_with_runtime_dependencies(/home/mu/IVG/aubo_ros2_ws/install/aubo_description/share/colcon-core/packages/aubo_description)
[0.374s] Level 1:colcon.colcon_core.environment:create_environment_scripts_only(aubo_description)
[0.375s] Level 1:colcon.colcon_core.environment:checking '/home/mu/IVG/aubo_ros2_ws/install/aubo_description' for CMake module files
[0.375s] Level 1:colcon.colcon_core.environment:checking '/home/mu/IVG/aubo_ros2_ws/install/aubo_description' for CMake config files
[0.389s] Level 1:colcon.colcon_core.shell:create_environment_hook('aubo_description', 'cmake_prefix_path')
[0.390s] INFO:colcon.colcon_core.shell:Creating environment hook '/home/mu/IVG/aubo_ros2_ws/install/aubo_description/share/aubo_description/hook/cmake_prefix_path.ps1'
[0.390s] INFO:colcon.colcon_core.shell:Creating environment descriptor '/home/mu/IVG/aubo_ros2_ws/install/aubo_description/share/aubo_description/hook/cmake_prefix_path.dsv'
[0.390s] INFO:colcon.colcon_core.shell:Creating environment hook '/home/mu/IVG/aubo_ros2_ws/install/aubo_description/share/aubo_description/hook/cmake_prefix_path.sh'
[0.391s] Level 1:colcon.colcon_core.environment:checking '/home/mu/IVG/aubo_ros2_ws/install/aubo_description/bin'
[0.391s] Level 1:colcon.colcon_core.environment:checking '/home/mu/IVG/aubo_ros2_ws/install/aubo_description/lib/pkgconfig/aubo_description.pc'
[0.391s] Level 1:colcon.colcon_core.environment:checking '/home/mu/IVG/aubo_ros2_ws/install/aubo_description/lib/python3.8/site-packages'
[0.391s] Level 1:colcon.colcon_core.environment:checking '/home/mu/IVG/aubo_ros2_ws/install/aubo_description/bin'
[0.391s] INFO:colcon.colcon_core.shell:Creating package script '/home/mu/IVG/aubo_ros2_ws/install/aubo_description/share/aubo_description/package.ps1'
[0.392s] INFO:colcon.colcon_core.shell:Creating package descriptor '/home/mu/IVG/aubo_ros2_ws/install/aubo_description/share/aubo_description/package.dsv'
[0.392s] INFO:colcon.colcon_core.shell:Creating package script '/home/mu/IVG/aubo_ros2_ws/install/aubo_description/share/aubo_description/package.sh'
[0.393s] INFO:colcon.colcon_core.shell:Creating package script '/home/mu/IVG/aubo_ros2_ws/install/aubo_description/share/aubo_description/package.bash'
[0.393s] INFO:colcon.colcon_core.shell:Creating package script '/home/mu/IVG/aubo_ros2_ws/install/aubo_description/share/aubo_description/package.zsh'
[0.393s] Level 1:colcon.colcon_core.environment:create_file_with_runtime_dependencies(/home/mu/IVG/aubo_ros2_ws/install/aubo_description/share/colcon-core/packages/aubo_description)
[0.394s] INFO:colcon.colcon_ros.task.ament_cmake.build:Building ROS package in '/home/mu/IVG/aubo_ros2_ws/src/aubo_ros2_driver/aubo_moveit_config' with build type 'ament_cmake'
[0.394s] INFO:colcon.colcon_cmake.task.cmake.build:Building CMake package in '/home/mu/IVG/aubo_ros2_ws/src/aubo_ros2_driver/aubo_moveit_config'
[0.394s] INFO:colcon.colcon_core.shell:Skip shell extension 'powershell' for command environment: Not usable outside of PowerShell
[0.394s] DEBUG:colcon.colcon_core.shell:Skip shell extension 'dsv' for command environment
[0.415s] DEBUG:colcon.colcon_core.event_handler.log_command:Invoked command in '/home/mu/IVG/aubo_ros2_ws/build/aubo_description' returned '0': CMAKE_PREFIX_PATH=${CMAKE_PREFIX_PATH}:/opt/ros/foxy /usr/bin/cmake --install /home/mu/IVG/aubo_ros2_ws/build/aubo_description
[0.418s] DEBUG:colcon.colcon_core.event_handler.log_command:Invoked command in '/home/mu/IVG/aubo_ros2_ws/build/aubo_dashboard_msgs' returned '0': CMAKE_PREFIX_PATH=${CMAKE_PREFIX_PATH}:/opt/ros/foxy /usr/bin/cmake --build /home/mu/IVG/aubo_ros2_ws/build/aubo_dashboard_msgs -- -j32 -l32
[0.418s] DEBUG:colcon.colcon_core.event_handler.log_command:Invoking command in '/home/mu/IVG/aubo_ros2_ws/build/aubo_dashboard_msgs': CMAKE_PREFIX_PATH=${CMAKE_PREFIX_PATH}:/opt/ros/foxy /usr/bin/cmake --install /home/mu/IVG/aubo_ros2_ws/build/aubo_dashboard_msgs
[0.418s] DEBUG:colcon.colcon_core.event_handler.log_command:Invoked command in '/home/mu/IVG/aubo_ros2_ws/build/aubo_msgs' returned '0': CMAKE_PREFIX_PATH=${CMAKE_PREFIX_PATH}:/opt/ros/foxy /usr/bin/cmake --build /home/mu/IVG/aubo_ros2_ws/build/aubo_msgs -- -j32 -l32
[0.419s] DEBUG:colcon.colcon_core.event_handler.log_command:Invoking command in '/home/mu/IVG/aubo_ros2_ws/build/aubo_msgs': CMAKE_PREFIX_PATH=${CMAKE_PREFIX_PATH}:/opt/ros/foxy /usr/bin/cmake --install /home/mu/IVG/aubo_ros2_ws/build/aubo_msgs
[0.441s] DEBUG:colcon.colcon_core.event_handler.log_command:Invoking command in '/home/mu/IVG/aubo_ros2_ws/build/aubo_moveit_config': CMAKE_PREFIX_PATH=/home/mu/IVG/aubo_ros2_ws/install/aubo_description:/home/mu/IVG/aubo_ros2_ws/install/aubo_msgs:/home/mu/IVG/aubo_ros2_ws/install/aubo_moveit_config:/home/mu/IVG/aubo_ros2_ws/install/aubo_dashboard_msgs:/opt/ros/foxy /usr/bin/cmake --build /home/mu/IVG/aubo_ros2_ws/build/aubo_moveit_config -- -j32 -l32
[0.452s] Level 1:colcon.colcon_core.environment:create_environment_scripts_only(aubo_dashboard_msgs)
[0.453s] Level 1:colcon.colcon_core.environment:checking '/home/mu/IVG/aubo_ros2_ws/install/aubo_dashboard_msgs' for CMake module files
[0.453s] DEBUG:colcon.colcon_core.event_handler.log_command:Invoked command in '/home/mu/IVG/aubo_ros2_ws/build/aubo_moveit_config' returned '0': CMAKE_PREFIX_PATH=/home/mu/IVG/aubo_ros2_ws/install/aubo_description:/home/mu/IVG/aubo_ros2_ws/install/aubo_msgs:/home/mu/IVG/aubo_ros2_ws/install/aubo_moveit_config:/home/mu/IVG/aubo_ros2_ws/install/aubo_dashboard_msgs:/opt/ros/foxy /usr/bin/cmake --build /home/mu/IVG/aubo_ros2_ws/build/aubo_moveit_config -- -j32 -l32
[0.453s] DEBUG:colcon.colcon_core.event_handler.log_command:Invoking command in '/home/mu/IVG/aubo_ros2_ws/build/aubo_moveit_config': CMAKE_PREFIX_PATH=/home/mu/IVG/aubo_ros2_ws/install/aubo_description:/home/mu/IVG/aubo_ros2_ws/install/aubo_msgs:/home/mu/IVG/aubo_ros2_ws/install/aubo_moveit_config:/home/mu/IVG/aubo_ros2_ws/install/aubo_dashboard_msgs:/opt/ros/foxy /usr/bin/cmake --install /home/mu/IVG/aubo_ros2_ws/build/aubo_moveit_config
[0.453s] DEBUG:colcon.colcon_core.event_handler.log_command:Invoked command in '/home/mu/IVG/aubo_ros2_ws/build/aubo_dashboard_msgs' returned '0': CMAKE_PREFIX_PATH=${CMAKE_PREFIX_PATH}:/opt/ros/foxy /usr/bin/cmake --install /home/mu/IVG/aubo_ros2_ws/build/aubo_dashboard_msgs
[0.454s] Level 1:colcon.colcon_core.environment:checking '/home/mu/IVG/aubo_ros2_ws/install/aubo_dashboard_msgs' for CMake config files
[0.454s] Level 1:colcon.colcon_core.shell:create_environment_hook('aubo_dashboard_msgs', 'cmake_prefix_path')
[0.454s] INFO:colcon.colcon_core.shell:Creating environment hook '/home/mu/IVG/aubo_ros2_ws/install/aubo_dashboard_msgs/share/aubo_dashboard_msgs/hook/cmake_prefix_path.ps1'
[0.454s] INFO:colcon.colcon_core.shell:Creating environment descriptor '/home/mu/IVG/aubo_ros2_ws/install/aubo_dashboard_msgs/share/aubo_dashboard_msgs/hook/cmake_prefix_path.dsv'
[0.455s] INFO:colcon.colcon_core.shell:Creating environment hook '/home/mu/IVG/aubo_ros2_ws/install/aubo_dashboard_msgs/share/aubo_dashboard_msgs/hook/cmake_prefix_path.sh'
[0.455s] Level 1:colcon.colcon_core.environment:checking '/home/mu/IVG/aubo_ros2_ws/install/aubo_dashboard_msgs/lib'
[0.455s] Level 1:colcon.colcon_core.shell:create_environment_hook('aubo_dashboard_msgs', 'ld_library_path_lib')
[0.455s] INFO:colcon.colcon_core.shell:Creating environment hook '/home/mu/IVG/aubo_ros2_ws/install/aubo_dashboard_msgs/share/aubo_dashboard_msgs/hook/ld_library_path_lib.ps1'
[0.455s] INFO:colcon.colcon_core.shell:Creating environment descriptor '/home/mu/IVG/aubo_ros2_ws/install/aubo_dashboard_msgs/share/aubo_dashboard_msgs/hook/ld_library_path_lib.dsv'
[0.456s] INFO:colcon.colcon_core.shell:Creating environment hook '/home/mu/IVG/aubo_ros2_ws/install/aubo_dashboard_msgs/share/aubo_dashboard_msgs/hook/ld_library_path_lib.sh'
[0.456s] Level 1:colcon.colcon_core.environment:checking '/home/mu/IVG/aubo_ros2_ws/install/aubo_dashboard_msgs/bin'
[0.456s] Level 1:colcon.colcon_core.environment:checking '/home/mu/IVG/aubo_ros2_ws/install/aubo_dashboard_msgs/lib/pkgconfig/aubo_dashboard_msgs.pc'
[0.456s] Level 1:colcon.colcon_core.environment:checking '/home/mu/IVG/aubo_ros2_ws/install/aubo_dashboard_msgs/lib/python3.8/site-packages'
[0.456s] Level 1:colcon.colcon_core.shell:create_environment_hook('aubo_dashboard_msgs', 'pythonpath')
[0.456s] INFO:colcon.colcon_core.shell:Creating environment hook '/home/mu/IVG/aubo_ros2_ws/install/aubo_dashboard_msgs/share/aubo_dashboard_msgs/hook/pythonpath.ps1'
[0.456s] INFO:colcon.colcon_core.shell:Creating environment descriptor '/home/mu/IVG/aubo_ros2_ws/install/aubo_dashboard_msgs/share/aubo_dashboard_msgs/hook/pythonpath.dsv'
[0.457s] INFO:colcon.colcon_core.shell:Creating environment hook '/home/mu/IVG/aubo_ros2_ws/install/aubo_dashboard_msgs/share/aubo_dashboard_msgs/hook/pythonpath.sh'
[0.457s] Level 1:colcon.colcon_core.environment:checking '/home/mu/IVG/aubo_ros2_ws/install/aubo_dashboard_msgs/bin'
[0.457s] INFO:colcon.colcon_core.shell:Creating package script '/home/mu/IVG/aubo_ros2_ws/install/aubo_dashboard_msgs/share/aubo_dashboard_msgs/package.ps1'
[0.458s] INFO:colcon.colcon_core.shell:Creating package descriptor '/home/mu/IVG/aubo_ros2_ws/install/aubo_dashboard_msgs/share/aubo_dashboard_msgs/package.dsv'
[0.458s] INFO:colcon.colcon_core.shell:Creating package script '/home/mu/IVG/aubo_ros2_ws/install/aubo_dashboard_msgs/share/aubo_dashboard_msgs/package.sh'
[0.458s] INFO:colcon.colcon_core.shell:Creating package script '/home/mu/IVG/aubo_ros2_ws/install/aubo_dashboard_msgs/share/aubo_dashboard_msgs/package.bash'
[0.458s] INFO:colcon.colcon_core.shell:Creating package script '/home/mu/IVG/aubo_ros2_ws/install/aubo_dashboard_msgs/share/aubo_dashboard_msgs/package.zsh'
[0.458s] Level 1:colcon.colcon_core.environment:create_file_with_runtime_dependencies(/home/mu/IVG/aubo_ros2_ws/install/aubo_dashboard_msgs/share/colcon-core/packages/aubo_dashboard_msgs)
[0.459s] Level 1:colcon.colcon_core.environment:create_environment_scripts_only(aubo_dashboard_msgs)
[0.459s] Level 1:colcon.colcon_core.environment:checking '/home/mu/IVG/aubo_ros2_ws/install/aubo_dashboard_msgs' for CMake module files
[0.459s] Level 1:colcon.colcon_core.environment:checking '/home/mu/IVG/aubo_ros2_ws/install/aubo_dashboard_msgs' for CMake config files
[0.459s] Level 1:colcon.colcon_core.shell:create_environment_hook('aubo_dashboard_msgs', 'cmake_prefix_path')
[0.460s] INFO:colcon.colcon_core.shell:Creating environment hook '/home/mu/IVG/aubo_ros2_ws/install/aubo_dashboard_msgs/share/aubo_dashboard_msgs/hook/cmake_prefix_path.ps1'
[0.460s] INFO:colcon.colcon_core.shell:Creating environment descriptor '/home/mu/IVG/aubo_ros2_ws/install/aubo_dashboard_msgs/share/aubo_dashboard_msgs/hook/cmake_prefix_path.dsv'
[0.461s] INFO:colcon.colcon_core.shell:Creating environment hook '/home/mu/IVG/aubo_ros2_ws/install/aubo_dashboard_msgs/share/aubo_dashboard_msgs/hook/cmake_prefix_path.sh'
[0.461s] Level 1:colcon.colcon_core.environment:checking '/home/mu/IVG/aubo_ros2_ws/install/aubo_dashboard_msgs/lib'
[0.461s] Level 1:colcon.colcon_core.shell:create_environment_hook('aubo_dashboard_msgs', 'ld_library_path_lib')
[0.461s] INFO:colcon.colcon_core.shell:Creating environment hook '/home/mu/IVG/aubo_ros2_ws/install/aubo_dashboard_msgs/share/aubo_dashboard_msgs/hook/ld_library_path_lib.ps1'
[0.461s] INFO:colcon.colcon_core.shell:Creating environment descriptor '/home/mu/IVG/aubo_ros2_ws/install/aubo_dashboard_msgs/share/aubo_dashboard_msgs/hook/ld_library_path_lib.dsv'
[0.461s] INFO:colcon.colcon_core.shell:Creating environment hook '/home/mu/IVG/aubo_ros2_ws/install/aubo_dashboard_msgs/share/aubo_dashboard_msgs/hook/ld_library_path_lib.sh'
[0.462s] Level 1:colcon.colcon_core.environment:checking '/home/mu/IVG/aubo_ros2_ws/install/aubo_dashboard_msgs/bin'
[0.462s] Level 1:colcon.colcon_core.environment:checking '/home/mu/IVG/aubo_ros2_ws/install/aubo_dashboard_msgs/lib/pkgconfig/aubo_dashboard_msgs.pc'
[0.462s] Level 1:colcon.colcon_core.environment:checking '/home/mu/IVG/aubo_ros2_ws/install/aubo_dashboard_msgs/lib/python3.8/site-packages'
[0.462s] Level 1:colcon.colcon_core.shell:create_environment_hook('aubo_dashboard_msgs', 'pythonpath')
[0.462s] INFO:colcon.colcon_core.shell:Creating environment hook '/home/mu/IVG/aubo_ros2_ws/install/aubo_dashboard_msgs/share/aubo_dashboard_msgs/hook/pythonpath.ps1'
[0.462s] INFO:colcon.colcon_core.shell:Creating environment descriptor '/home/mu/IVG/aubo_ros2_ws/install/aubo_dashboard_msgs/share/aubo_dashboard_msgs/hook/pythonpath.dsv'
[0.462s] INFO:colcon.colcon_core.shell:Creating environment hook '/home/mu/IVG/aubo_ros2_ws/install/aubo_dashboard_msgs/share/aubo_dashboard_msgs/hook/pythonpath.sh'
[0.463s] Level 1:colcon.colcon_core.environment:checking '/home/mu/IVG/aubo_ros2_ws/install/aubo_dashboard_msgs/bin'
[0.463s] INFO:colcon.colcon_core.shell:Creating package script '/home/mu/IVG/aubo_ros2_ws/install/aubo_dashboard_msgs/share/aubo_dashboard_msgs/package.ps1'
[0.463s] INFO:colcon.colcon_core.shell:Creating package descriptor '/home/mu/IVG/aubo_ros2_ws/install/aubo_dashboard_msgs/share/aubo_dashboard_msgs/package.dsv'
[0.463s] INFO:colcon.colcon_core.shell:Creating package script '/home/mu/IVG/aubo_ros2_ws/install/aubo_dashboard_msgs/share/aubo_dashboard_msgs/package.sh'
[0.464s] INFO:colcon.colcon_core.shell:Creating package script '/home/mu/IVG/aubo_ros2_ws/install/aubo_dashboard_msgs/share/aubo_dashboard_msgs/package.bash'
[0.464s] INFO:colcon.colcon_core.shell:Creating package script '/home/mu/IVG/aubo_ros2_ws/install/aubo_dashboard_msgs/share/aubo_dashboard_msgs/package.zsh'
[0.464s] Level 1:colcon.colcon_core.environment:create_file_with_runtime_dependencies(/home/mu/IVG/aubo_ros2_ws/install/aubo_dashboard_msgs/share/colcon-core/packages/aubo_dashboard_msgs)
[0.466s] Level 1:colcon.colcon_core.environment:create_environment_scripts_only(aubo_moveit_config)
[0.466s] Level 1:colcon.colcon_core.environment:checking '/home/mu/IVG/aubo_ros2_ws/install/aubo_moveit_config' for CMake module files
[0.467s] Level 1:colcon.colcon_core.environment:checking '/home/mu/IVG/aubo_ros2_ws/install/aubo_moveit_config' for CMake config files
[0.467s] DEBUG:colcon.colcon_core.event_handler.log_command:Invoked command in '/home/mu/IVG/aubo_ros2_ws/build/aubo_moveit_config' returned '0': CMAKE_PREFIX_PATH=/home/mu/IVG/aubo_ros2_ws/install/aubo_description:/home/mu/IVG/aubo_ros2_ws/install/aubo_msgs:/home/mu/IVG/aubo_ros2_ws/install/aubo_moveit_config:/home/mu/IVG/aubo_ros2_ws/install/aubo_dashboard_msgs:/opt/ros/foxy /usr/bin/cmake --install /home/mu/IVG/aubo_ros2_ws/build/aubo_moveit_config
[0.468s] Level 1:colcon.colcon_core.shell:create_environment_hook('aubo_moveit_config', 'cmake_prefix_path')
[0.468s] INFO:colcon.colcon_core.shell:Creating environment hook '/home/mu/IVG/aubo_ros2_ws/install/aubo_moveit_config/share/aubo_moveit_config/hook/cmake_prefix_path.ps1'
[0.468s] INFO:colcon.colcon_core.shell:Creating environment descriptor '/home/mu/IVG/aubo_ros2_ws/install/aubo_moveit_config/share/aubo_moveit_config/hook/cmake_prefix_path.dsv'
[0.468s] INFO:colcon.colcon_core.shell:Creating environment hook '/home/mu/IVG/aubo_ros2_ws/install/aubo_moveit_config/share/aubo_moveit_config/hook/cmake_prefix_path.sh'
[0.468s] Level 1:colcon.colcon_core.environment:checking '/home/mu/IVG/aubo_ros2_ws/install/aubo_moveit_config/bin'
[0.468s] Level 1:colcon.colcon_core.environment:checking '/home/mu/IVG/aubo_ros2_ws/install/aubo_moveit_config/lib/pkgconfig/aubo_moveit_config.pc'
[0.468s] Level 1:colcon.colcon_core.environment:checking '/home/mu/IVG/aubo_ros2_ws/install/aubo_moveit_config/lib/python3.8/site-packages'
[0.469s] Level 1:colcon.colcon_core.environment:checking '/home/mu/IVG/aubo_ros2_ws/install/aubo_moveit_config/bin'
[0.469s] INFO:colcon.colcon_core.shell:Creating package script '/home/mu/IVG/aubo_ros2_ws/install/aubo_moveit_config/share/aubo_moveit_config/package.ps1'
[0.469s] INFO:colcon.colcon_core.shell:Creating package descriptor '/home/mu/IVG/aubo_ros2_ws/install/aubo_moveit_config/share/aubo_moveit_config/package.dsv'
[0.469s] INFO:colcon.colcon_core.shell:Creating package script '/home/mu/IVG/aubo_ros2_ws/install/aubo_moveit_config/share/aubo_moveit_config/package.sh'
[0.469s] INFO:colcon.colcon_core.shell:Creating package script '/home/mu/IVG/aubo_ros2_ws/install/aubo_moveit_config/share/aubo_moveit_config/package.bash'
[0.470s] INFO:colcon.colcon_core.shell:Creating package script '/home/mu/IVG/aubo_ros2_ws/install/aubo_moveit_config/share/aubo_moveit_config/package.zsh'
[0.470s] Level 1:colcon.colcon_core.environment:create_file_with_runtime_dependencies(/home/mu/IVG/aubo_ros2_ws/install/aubo_moveit_config/share/colcon-core/packages/aubo_moveit_config)
[0.470s] Level 1:colcon.colcon_core.environment:create_environment_scripts_only(aubo_moveit_config)
[0.470s] Level 1:colcon.colcon_core.environment:checking '/home/mu/IVG/aubo_ros2_ws/install/aubo_moveit_config' for CMake module files
[0.470s] Level 1:colcon.colcon_core.environment:checking '/home/mu/IVG/aubo_ros2_ws/install/aubo_moveit_config' for CMake config files
[0.470s] Level 1:colcon.colcon_core.shell:create_environment_hook('aubo_moveit_config', 'cmake_prefix_path')
[0.471s] INFO:colcon.colcon_core.shell:Creating environment hook '/home/mu/IVG/aubo_ros2_ws/install/aubo_moveit_config/share/aubo_moveit_config/hook/cmake_prefix_path.ps1'
[0.471s] INFO:colcon.colcon_core.shell:Creating environment descriptor '/home/mu/IVG/aubo_ros2_ws/install/aubo_moveit_config/share/aubo_moveit_config/hook/cmake_prefix_path.dsv'
[0.471s] INFO:colcon.colcon_core.shell:Creating environment hook '/home/mu/IVG/aubo_ros2_ws/install/aubo_moveit_config/share/aubo_moveit_config/hook/cmake_prefix_path.sh'
[0.471s] Level 1:colcon.colcon_core.environment:checking '/home/mu/IVG/aubo_ros2_ws/install/aubo_moveit_config/bin'
[0.471s] Level 1:colcon.colcon_core.environment:checking '/home/mu/IVG/aubo_ros2_ws/install/aubo_moveit_config/lib/pkgconfig/aubo_moveit_config.pc'
[0.471s] Level 1:colcon.colcon_core.environment:checking '/home/mu/IVG/aubo_ros2_ws/install/aubo_moveit_config/lib/python3.8/site-packages'
[0.471s] Level 1:colcon.colcon_core.environment:checking '/home/mu/IVG/aubo_ros2_ws/install/aubo_moveit_config/bin'
[0.472s] INFO:colcon.colcon_core.shell:Creating package script '/home/mu/IVG/aubo_ros2_ws/install/aubo_moveit_config/share/aubo_moveit_config/package.ps1'
[0.472s] INFO:colcon.colcon_core.shell:Creating package descriptor '/home/mu/IVG/aubo_ros2_ws/install/aubo_moveit_config/share/aubo_moveit_config/package.dsv'
[0.472s] INFO:colcon.colcon_core.shell:Creating package script '/home/mu/IVG/aubo_ros2_ws/install/aubo_moveit_config/share/aubo_moveit_config/package.sh'
[0.472s] INFO:colcon.colcon_core.shell:Creating package script '/home/mu/IVG/aubo_ros2_ws/install/aubo_moveit_config/share/aubo_moveit_config/package.bash'
[0.473s] INFO:colcon.colcon_core.shell:Creating package script '/home/mu/IVG/aubo_ros2_ws/install/aubo_moveit_config/share/aubo_moveit_config/package.zsh'
[0.473s] Level 1:colcon.colcon_core.environment:create_file_with_runtime_dependencies(/home/mu/IVG/aubo_ros2_ws/install/aubo_moveit_config/share/colcon-core/packages/aubo_moveit_config)
[0.473s] Level 1:colcon.colcon_core.environment:create_environment_scripts_only(aubo_msgs)
[0.473s] Level 1:colcon.colcon_core.environment:checking '/home/mu/IVG/aubo_ros2_ws/install/aubo_msgs' for CMake module files
[0.474s] DEBUG:colcon.colcon_core.event_handler.log_command:Invoked command in '/home/mu/IVG/aubo_ros2_ws/build/aubo_msgs' returned '0': CMAKE_PREFIX_PATH=${CMAKE_PREFIX_PATH}:/opt/ros/foxy /usr/bin/cmake --install /home/mu/IVG/aubo_ros2_ws/build/aubo_msgs
[0.474s] Level 1:colcon.colcon_core.environment:checking '/home/mu/IVG/aubo_ros2_ws/install/aubo_msgs' for CMake config files
[0.474s] Level 1:colcon.colcon_core.shell:create_environment_hook('aubo_msgs', 'cmake_prefix_path')
[0.475s] INFO:colcon.colcon_core.shell:Creating environment hook '/home/mu/IVG/aubo_ros2_ws/install/aubo_msgs/share/aubo_msgs/hook/cmake_prefix_path.ps1'
[0.475s] INFO:colcon.colcon_core.shell:Creating environment descriptor '/home/mu/IVG/aubo_ros2_ws/install/aubo_msgs/share/aubo_msgs/hook/cmake_prefix_path.dsv'
[0.475s] INFO:colcon.colcon_core.shell:Creating environment hook '/home/mu/IVG/aubo_ros2_ws/install/aubo_msgs/share/aubo_msgs/hook/cmake_prefix_path.sh'
[0.476s] Level 1:colcon.colcon_core.environment:checking '/home/mu/IVG/aubo_ros2_ws/install/aubo_msgs/lib'
[0.476s] Level 1:colcon.colcon_core.shell:create_environment_hook('aubo_msgs', 'ld_library_path_lib')
[0.476s] INFO:colcon.colcon_core.shell:Creating environment hook '/home/mu/IVG/aubo_ros2_ws/install/aubo_msgs/share/aubo_msgs/hook/ld_library_path_lib.ps1'
[0.476s] INFO:colcon.colcon_core.shell:Creating environment descriptor '/home/mu/IVG/aubo_ros2_ws/install/aubo_msgs/share/aubo_msgs/hook/ld_library_path_lib.dsv'
[0.477s] INFO:colcon.colcon_core.shell:Creating environment hook '/home/mu/IVG/aubo_ros2_ws/install/aubo_msgs/share/aubo_msgs/hook/ld_library_path_lib.sh'
[0.477s] Level 1:colcon.colcon_core.environment:checking '/home/mu/IVG/aubo_ros2_ws/install/aubo_msgs/bin'
[0.477s] Level 1:colcon.colcon_core.environment:checking '/home/mu/IVG/aubo_ros2_ws/install/aubo_msgs/lib/pkgconfig/aubo_msgs.pc'
[0.477s] Level 1:colcon.colcon_core.environment:checking '/home/mu/IVG/aubo_ros2_ws/install/aubo_msgs/lib/python3.8/site-packages'
[0.477s] Level 1:colcon.colcon_core.shell:create_environment_hook('aubo_msgs', 'pythonpath')
[0.477s] INFO:colcon.colcon_core.shell:Creating environment hook '/home/mu/IVG/aubo_ros2_ws/install/aubo_msgs/share/aubo_msgs/hook/pythonpath.ps1'
[0.477s] INFO:colcon.colcon_core.shell:Creating environment descriptor '/home/mu/IVG/aubo_ros2_ws/install/aubo_msgs/share/aubo_msgs/hook/pythonpath.dsv'
[0.477s] INFO:colcon.colcon_core.shell:Creating environment hook '/home/mu/IVG/aubo_ros2_ws/install/aubo_msgs/share/aubo_msgs/hook/pythonpath.sh'
[0.478s] Level 1:colcon.colcon_core.environment:checking '/home/mu/IVG/aubo_ros2_ws/install/aubo_msgs/bin'
[0.478s] INFO:colcon.colcon_core.shell:Creating package script '/home/mu/IVG/aubo_ros2_ws/install/aubo_msgs/share/aubo_msgs/package.ps1'
[0.478s] INFO:colcon.colcon_core.shell:Creating package descriptor '/home/mu/IVG/aubo_ros2_ws/install/aubo_msgs/share/aubo_msgs/package.dsv'
[0.478s] INFO:colcon.colcon_core.shell:Creating package script '/home/mu/IVG/aubo_ros2_ws/install/aubo_msgs/share/aubo_msgs/package.sh'
[0.479s] INFO:colcon.colcon_core.shell:Creating package script '/home/mu/IVG/aubo_ros2_ws/install/aubo_msgs/share/aubo_msgs/package.bash'
[0.479s] INFO:colcon.colcon_core.shell:Creating package script '/home/mu/IVG/aubo_ros2_ws/install/aubo_msgs/share/aubo_msgs/package.zsh'
[0.479s] Level 1:colcon.colcon_core.environment:create_file_with_runtime_dependencies(/home/mu/IVG/aubo_ros2_ws/install/aubo_msgs/share/colcon-core/packages/aubo_msgs)
[0.479s] Level 1:colcon.colcon_core.environment:create_environment_scripts_only(aubo_msgs)
[0.479s] Level 1:colcon.colcon_core.environment:checking '/home/mu/IVG/aubo_ros2_ws/install/aubo_msgs' for CMake module files
[0.480s] Level 1:colcon.colcon_core.environment:checking '/home/mu/IVG/aubo_ros2_ws/install/aubo_msgs' for CMake config files
[0.480s] Level 1:colcon.colcon_core.shell:create_environment_hook('aubo_msgs', 'cmake_prefix_path')
[0.480s] INFO:colcon.colcon_core.shell:Creating environment hook '/home/mu/IVG/aubo_ros2_ws/install/aubo_msgs/share/aubo_msgs/hook/cmake_prefix_path.ps1'
[0.480s] INFO:colcon.colcon_core.shell:Creating environment descriptor '/home/mu/IVG/aubo_ros2_ws/install/aubo_msgs/share/aubo_msgs/hook/cmake_prefix_path.dsv'
[0.480s] INFO:colcon.colcon_core.shell:Creating environment hook '/home/mu/IVG/aubo_ros2_ws/install/aubo_msgs/share/aubo_msgs/hook/cmake_prefix_path.sh'
[0.481s] Level 1:colcon.colcon_core.environment:checking '/home/mu/IVG/aubo_ros2_ws/install/aubo_msgs/lib'
[0.481s] Level 1:colcon.colcon_core.shell:create_environment_hook('aubo_msgs', 'ld_library_path_lib')
[0.481s] INFO:colcon.colcon_core.shell:Creating environment hook '/home/mu/IVG/aubo_ros2_ws/install/aubo_msgs/share/aubo_msgs/hook/ld_library_path_lib.ps1'
[0.481s] INFO:colcon.colcon_core.shell:Creating environment descriptor '/home/mu/IVG/aubo_ros2_ws/install/aubo_msgs/share/aubo_msgs/hook/ld_library_path_lib.dsv'
[0.481s] INFO:colcon.colcon_core.shell:Creating environment hook '/home/mu/IVG/aubo_ros2_ws/install/aubo_msgs/share/aubo_msgs/hook/ld_library_path_lib.sh'
[0.481s] Level 1:colcon.colcon_core.environment:checking '/home/mu/IVG/aubo_ros2_ws/install/aubo_msgs/bin'
[0.481s] Level 1:colcon.colcon_core.environment:checking '/home/mu/IVG/aubo_ros2_ws/install/aubo_msgs/lib/pkgconfig/aubo_msgs.pc'
[0.481s] Level 1:colcon.colcon_core.environment:checking '/home/mu/IVG/aubo_ros2_ws/install/aubo_msgs/lib/python3.8/site-packages'
[0.482s] Level 1:colcon.colcon_core.shell:create_environment_hook('aubo_msgs', 'pythonpath')
[0.482s] INFO:colcon.colcon_core.shell:Creating environment hook '/home/mu/IVG/aubo_ros2_ws/install/aubo_msgs/share/aubo_msgs/hook/pythonpath.ps1'
[0.482s] INFO:colcon.colcon_core.shell:Creating environment descriptor '/home/mu/IVG/aubo_ros2_ws/install/aubo_msgs/share/aubo_msgs/hook/pythonpath.dsv'
[0.482s] INFO:colcon.colcon_core.shell:Creating environment hook '/home/mu/IVG/aubo_ros2_ws/install/aubo_msgs/share/aubo_msgs/hook/pythonpath.sh'
[0.482s] Level 1:colcon.colcon_core.environment:checking '/home/mu/IVG/aubo_ros2_ws/install/aubo_msgs/bin'
[0.482s] INFO:colcon.colcon_core.shell:Creating package script '/home/mu/IVG/aubo_ros2_ws/install/aubo_msgs/share/aubo_msgs/package.ps1'
[0.483s] INFO:colcon.colcon_core.shell:Creating package descriptor '/home/mu/IVG/aubo_ros2_ws/install/aubo_msgs/share/aubo_msgs/package.dsv'
[0.483s] INFO:colcon.colcon_core.shell:Creating package script '/home/mu/IVG/aubo_ros2_ws/install/aubo_msgs/share/aubo_msgs/package.sh'
[0.483s] INFO:colcon.colcon_core.shell:Creating package script '/home/mu/IVG/aubo_ros2_ws/install/aubo_msgs/share/aubo_msgs/package.bash'
[0.483s] INFO:colcon.colcon_core.shell:Creating package script '/home/mu/IVG/aubo_ros2_ws/install/aubo_msgs/share/aubo_msgs/package.zsh'
[0.484s] Level 1:colcon.colcon_core.environment:create_file_with_runtime_dependencies(/home/mu/IVG/aubo_ros2_ws/install/aubo_msgs/share/colcon-core/packages/aubo_msgs)
[0.484s] DEBUG:colcon.colcon_parallel_executor.executor.parallel:closing loop
[0.484s] DEBUG:colcon.colcon_parallel_executor.executor.parallel:loop closed
[0.484s] DEBUG:colcon.colcon_parallel_executor.executor.parallel:run_until_complete finished with '0'
[0.484s] DEBUG:colcon.colcon_core.event_reactor:joining thread
[0.488s] INFO:colcon.colcon_core.plugin_system:Skipping extension 'colcon_notification.desktop_notification.terminal_notifier': Not used on non-Darwin systems
[0.488s] INFO:colcon.colcon_core.plugin_system:Skipping extension 'colcon_notification.desktop_notification.win32': Not used on non-Windows systems
[0.488s] INFO:colcon.colcon_notification.desktop_notification:Sending desktop notification using 'notify2'
[0.495s] DEBUG:colcon.colcon_core.event_reactor:joined thread
[0.495s] INFO:colcon.colcon_core.shell:Creating prefix script '/home/mu/IVG/aubo_ros2_ws/install/local_setup.ps1'
[0.496s] INFO:colcon.colcon_core.shell:Creating prefix util module '/home/mu/IVG/aubo_ros2_ws/install/_local_setup_util_ps1.py'
[0.496s] INFO:colcon.colcon_core.shell:Creating prefix chain script '/home/mu/IVG/aubo_ros2_ws/install/setup.ps1'
[0.497s] INFO:colcon.colcon_core.shell:Creating prefix script '/home/mu/IVG/aubo_ros2_ws/install/local_setup.sh'
[0.497s] INFO:colcon.colcon_core.shell:Creating prefix util module '/home/mu/IVG/aubo_ros2_ws/install/_local_setup_util_sh.py'
[0.498s] INFO:colcon.colcon_core.shell:Creating prefix chain script '/home/mu/IVG/aubo_ros2_ws/install/setup.sh'
[0.498s] INFO:colcon.colcon_core.shell:Creating prefix script '/home/mu/IVG/aubo_ros2_ws/install/local_setup.bash'
[0.498s] INFO:colcon.colcon_core.shell:Creating prefix chain script '/home/mu/IVG/aubo_ros2_ws/install/setup.bash'
[0.499s] INFO:colcon.colcon_core.shell:Creating prefix script '/home/mu/IVG/aubo_ros2_ws/install/local_setup.zsh'
[0.499s] INFO:colcon.colcon_core.shell:Creating prefix chain script '/home/mu/IVG/aubo_ros2_ws/install/setup.zsh'
