[0.021s] Invoking command in '/home/mu/IVG/ws_moveit/build/moveit_ros_warehouse': AMENT_PREFIX_PATH=/home/mu/IVG/ws_moveit/install/moveit_ros_planning:/home/mu/IVG/ws_moveit/install/moveit_ros_occupancy_map_monitor:/home/mu/IVG/ws_moveit/install/moveit_core:/home/mu/IVG/ws_moveit/install/moveit_common:${AMENT_PREFIX_PATH} CMAKE_PREFIX_PATH=/home/mu/IVG/ws_moveit/install/moveit_ros_planning:/home/mu/IVG/ws_moveit/install/moveit_ros_occupancy_map_monitor:/home/mu/IVG/ws_moveit/install/moveit_core:/home/mu/IVG/ws_moveit/install/moveit_common:/home/mu/IVG/ws_moveit/install/moveit2_tutorials:/home/mu/IVG/ws_moveit/install/moveit_visual_tools:/home/mu/IVG/ws_moveit/install/rviz_visual_tools:/opt/ros/foxy LD_LIBRARY_PATH=/home/mu/IVG/ws_moveit/install/moveit_ros_planning/lib:/home/mu/IVG/ws_moveit/install/moveit_ros_occupancy_map_monitor/lib:/home/mu/IVG/ws_moveit/install/moveit_core/lib:${LD_LIBRARY_PATH} PATH=/home/mu/IVG/ws_moveit/install/moveit_core/bin:${PATH} /usr/bin/cmake --build /home/mu/IVG/ws_moveit/build/moveit_ros_warehouse -- -j32 -l32
[0.064s] [ 40%] Built target moveit_warehouse
[0.091s] [ 50%] Built target moveit_warehouse_broadcast
[0.093s] [ 60%] Built target moveit_warehouse_save_as_text
[0.095s] [ 70%] Built target moveit_init_demo_warehouse
[0.095s] [ 80%] Built target moveit_warehouse_services
[0.095s] [ 90%] Built target moveit_save_to_warehouse
[0.106s] [100%] Built target moveit_warehouse_import_from_text
[0.114s] Invoked command in '/home/mu/IVG/ws_moveit/build/moveit_ros_warehouse' returned '0': AMENT_PREFIX_PATH=/home/mu/IVG/ws_moveit/install/moveit_ros_planning:/home/mu/IVG/ws_moveit/install/moveit_ros_occupancy_map_monitor:/home/mu/IVG/ws_moveit/install/moveit_core:/home/mu/IVG/ws_moveit/install/moveit_common:${AMENT_PREFIX_PATH} CMAKE_PREFIX_PATH=/home/mu/IVG/ws_moveit/install/moveit_ros_planning:/home/mu/IVG/ws_moveit/install/moveit_ros_occupancy_map_monitor:/home/mu/IVG/ws_moveit/install/moveit_core:/home/mu/IVG/ws_moveit/install/moveit_common:/home/mu/IVG/ws_moveit/install/moveit2_tutorials:/home/mu/IVG/ws_moveit/install/moveit_visual_tools:/home/mu/IVG/ws_moveit/install/rviz_visual_tools:/opt/ros/foxy LD_LIBRARY_PATH=/home/mu/IVG/ws_moveit/install/moveit_ros_planning/lib:/home/mu/IVG/ws_moveit/install/moveit_ros_occupancy_map_monitor/lib:/home/mu/IVG/ws_moveit/install/moveit_core/lib:${LD_LIBRARY_PATH} PATH=/home/mu/IVG/ws_moveit/install/moveit_core/bin:${PATH} /usr/bin/cmake --build /home/mu/IVG/ws_moveit/build/moveit_ros_warehouse -- -j32 -l32
[0.117s] Invoking command in '/home/mu/IVG/ws_moveit/build/moveit_ros_warehouse': AMENT_PREFIX_PATH=/home/mu/IVG/ws_moveit/install/moveit_ros_planning:/home/mu/IVG/ws_moveit/install/moveit_ros_occupancy_map_monitor:/home/mu/IVG/ws_moveit/install/moveit_core:/home/mu/IVG/ws_moveit/install/moveit_common:${AMENT_PREFIX_PATH} CMAKE_PREFIX_PATH=/home/mu/IVG/ws_moveit/install/moveit_ros_planning:/home/mu/IVG/ws_moveit/install/moveit_ros_occupancy_map_monitor:/home/mu/IVG/ws_moveit/install/moveit_core:/home/mu/IVG/ws_moveit/install/moveit_common:/home/mu/IVG/ws_moveit/install/moveit2_tutorials:/home/mu/IVG/ws_moveit/install/moveit_visual_tools:/home/mu/IVG/ws_moveit/install/rviz_visual_tools:/opt/ros/foxy LD_LIBRARY_PATH=/home/mu/IVG/ws_moveit/install/moveit_ros_planning/lib:/home/mu/IVG/ws_moveit/install/moveit_ros_occupancy_map_monitor/lib:/home/mu/IVG/ws_moveit/install/moveit_core/lib:${LD_LIBRARY_PATH} PATH=/home/mu/IVG/ws_moveit/install/moveit_core/bin:${PATH} /usr/bin/cmake --install /home/mu/IVG/ws_moveit/build/moveit_ros_warehouse
[0.123s] -- Install configuration: "Release"
[0.123s] -- Installing: /home/mu/IVG/ws_moveit/install/moveit_ros_warehouse/lib/libmoveit_warehouse.so.2.2.3
[0.123s] -- Set runtime path of "/home/mu/IVG/ws_moveit/install/moveit_ros_warehouse/lib/libmoveit_warehouse.so.2.2.3" to ""
[0.124s] -- Installing: /home/mu/IVG/ws_moveit/install/moveit_ros_warehouse/lib/libmoveit_warehouse.so
[0.124s] -- Installing: /home/mu/IVG/ws_moveit/install/moveit_ros_warehouse/share/moveit_ros_warehouse/environment/library_path.sh
[0.124s] -- Installing: /home/mu/IVG/ws_moveit/install/moveit_ros_warehouse/share/moveit_ros_warehouse/environment/library_path.dsv
[0.124s] -- Installing: /home/mu/IVG/ws_moveit/install/moveit_ros_warehouse/share/ament_index/resource_index/package_run_dependencies/moveit_ros_warehouse
[0.125s] -- Installing: /home/mu/IVG/ws_moveit/install/moveit_ros_warehouse/share/ament_index/resource_index/parent_prefix_path/moveit_ros_warehouse
[0.125s] -- Installing: /home/mu/IVG/ws_moveit/install/moveit_ros_warehouse/share/moveit_ros_warehouse/environment/ament_prefix_path.sh
[0.125s] -- Installing: /home/mu/IVG/ws_moveit/install/moveit_ros_warehouse/share/moveit_ros_warehouse/environment/ament_prefix_path.dsv
[0.126s] -- Installing: /home/mu/IVG/ws_moveit/install/moveit_ros_warehouse/share/moveit_ros_warehouse/environment/path.sh
[0.127s] -- Installing: /home/mu/IVG/ws_moveit/install/moveit_ros_warehouse/share/moveit_ros_warehouse/environment/path.dsv
[0.128s] -- Installing: /home/mu/IVG/ws_moveit/install/moveit_ros_warehouse/share/moveit_ros_warehouse/local_setup.bash
[0.129s] -- Installing: /home/mu/IVG/ws_moveit/install/moveit_ros_warehouse/share/moveit_ros_warehouse/local_setup.sh
[0.129s] -- Installing: /home/mu/IVG/ws_moveit/install/moveit_ros_warehouse/share/moveit_ros_warehouse/local_setup.zsh
[0.130s] -- Installing: /home/mu/IVG/ws_moveit/install/moveit_ros_warehouse/share/moveit_ros_warehouse/local_setup.dsv
[0.130s] -- Installing: /home/mu/IVG/ws_moveit/install/moveit_ros_warehouse/share/moveit_ros_warehouse/package.dsv
[0.131s] -- Installing: /home/mu/IVG/ws_moveit/install/moveit_ros_warehouse/share/ament_index/resource_index/packages/moveit_ros_warehouse
[0.131s] -- Installing: /home/mu/IVG/ws_moveit/install/moveit_ros_warehouse/share/moveit_ros_warehouse/cmake/export_moveit_ros_warehouseExport.cmake
[0.131s] -- Installing: /home/mu/IVG/ws_moveit/install/moveit_ros_warehouse/share/moveit_ros_warehouse/cmake/export_moveit_ros_warehouseExport-release.cmake
[0.131s] -- Installing: /home/mu/IVG/ws_moveit/install/moveit_ros_warehouse/share/moveit_ros_warehouse/cmake/ConfigExtras.cmake
[0.131s] -- Installing: /home/mu/IVG/ws_moveit/install/moveit_ros_warehouse/share/moveit_ros_warehouse/cmake/ament_cmake_export_targets-extras.cmake
[0.131s] -- Installing: /home/mu/IVG/ws_moveit/install/moveit_ros_warehouse/share/moveit_ros_warehouse/cmake/ament_cmake_export_dependencies-extras.cmake
[0.131s] -- Installing: /home/mu/IVG/ws_moveit/install/moveit_ros_warehouse/share/moveit_ros_warehouse/cmake/moveit_ros_warehouseConfig.cmake
[0.132s] -- Installing: /home/mu/IVG/ws_moveit/install/moveit_ros_warehouse/share/moveit_ros_warehouse/cmake/moveit_ros_warehouseConfig-version.cmake
[0.132s] -- Installing: /home/mu/IVG/ws_moveit/install/moveit_ros_warehouse/share/moveit_ros_warehouse/package.xml
[0.132s] -- Installing: /home/mu/IVG/ws_moveit/install/moveit_ros_warehouse/lib/moveit_ros_warehouse/moveit_save_to_warehouse
[0.132s] -- Set runtime path of "/home/mu/IVG/ws_moveit/install/moveit_ros_warehouse/lib/moveit_ros_warehouse/moveit_save_to_warehouse" to ""
[0.133s] -- Installing: /home/mu/IVG/ws_moveit/install/moveit_ros_warehouse/lib/moveit_ros_warehouse/moveit_warehouse_broadcast
[0.133s] -- Set runtime path of "/home/mu/IVG/ws_moveit/install/moveit_ros_warehouse/lib/moveit_ros_warehouse/moveit_warehouse_broadcast" to ""
[0.134s] -- Installing: /home/mu/IVG/ws_moveit/install/moveit_ros_warehouse/lib/moveit_ros_warehouse/moveit_warehouse_import_from_text
[0.134s] -- Set runtime path of "/home/mu/IVG/ws_moveit/install/moveit_ros_warehouse/lib/moveit_ros_warehouse/moveit_warehouse_import_from_text" to ""
[0.135s] -- Installing: /home/mu/IVG/ws_moveit/install/moveit_ros_warehouse/lib/moveit_ros_warehouse/moveit_warehouse_save_as_text
[0.135s] -- Set runtime path of "/home/mu/IVG/ws_moveit/install/moveit_ros_warehouse/lib/moveit_ros_warehouse/moveit_warehouse_save_as_text" to ""
[0.135s] -- Installing: /home/mu/IVG/ws_moveit/install/moveit_ros_warehouse/lib/moveit_ros_warehouse/moveit_init_demo_warehouse
[0.136s] -- Set runtime path of "/home/mu/IVG/ws_moveit/install/moveit_ros_warehouse/lib/moveit_ros_warehouse/moveit_init_demo_warehouse" to ""
[0.136s] -- Installing: /home/mu/IVG/ws_moveit/install/moveit_ros_warehouse/lib/moveit_ros_warehouse/moveit_warehouse_services
[0.136s] -- Set runtime path of "/home/mu/IVG/ws_moveit/install/moveit_ros_warehouse/lib/moveit_ros_warehouse/moveit_warehouse_services" to ""
[0.136s] -- Installing: /home/mu/IVG/ws_moveit/install/moveit_ros_warehouse/include
[0.137s] -- Installing: /home/mu/IVG/ws_moveit/install/moveit_ros_warehouse/include/moveit
[0.137s] -- Installing: /home/mu/IVG/ws_moveit/install/moveit_ros_warehouse/include/moveit/warehouse
[0.137s] -- Installing: /home/mu/IVG/ws_moveit/install/moveit_ros_warehouse/include/moveit/warehouse/planning_scene_world_storage.h
[0.138s] -- Installing: /home/mu/IVG/ws_moveit/install/moveit_ros_warehouse/include/moveit/warehouse/state_storage.h
[0.138s] -- Installing: /home/mu/IVG/ws_moveit/install/moveit_ros_warehouse/include/moveit/warehouse/planning_scene_storage.h
[0.138s] -- Installing: /home/mu/IVG/ws_moveit/install/moveit_ros_warehouse/include/moveit/warehouse/warehouse_connector.h
[0.139s] -- Installing: /home/mu/IVG/ws_moveit/install/moveit_ros_warehouse/include/moveit/warehouse/trajectory_constraints_storage.h
[0.139s] -- Installing: /home/mu/IVG/ws_moveit/install/moveit_ros_warehouse/include/moveit/warehouse/moveit_message_storage.h
[0.140s] -- Installing: /home/mu/IVG/ws_moveit/install/moveit_ros_warehouse/include/moveit/warehouse/constraints_storage.h
[0.140s] -- Installing: /home/mu/IVG/ws_moveit/install/moveit_ros_warehouse/include/moveit_warehouse_export.h
[0.148s] Invoked command in '/home/mu/IVG/ws_moveit/build/moveit_ros_warehouse' returned '0': AMENT_PREFIX_PATH=/home/mu/IVG/ws_moveit/install/moveit_ros_planning:/home/mu/IVG/ws_moveit/install/moveit_ros_occupancy_map_monitor:/home/mu/IVG/ws_moveit/install/moveit_core:/home/mu/IVG/ws_moveit/install/moveit_common:${AMENT_PREFIX_PATH} CMAKE_PREFIX_PATH=/home/mu/IVG/ws_moveit/install/moveit_ros_planning:/home/mu/IVG/ws_moveit/install/moveit_ros_occupancy_map_monitor:/home/mu/IVG/ws_moveit/install/moveit_core:/home/mu/IVG/ws_moveit/install/moveit_common:/home/mu/IVG/ws_moveit/install/moveit2_tutorials:/home/mu/IVG/ws_moveit/install/moveit_visual_tools:/home/mu/IVG/ws_moveit/install/rviz_visual_tools:/opt/ros/foxy LD_LIBRARY_PATH=/home/mu/IVG/ws_moveit/install/moveit_ros_planning/lib:/home/mu/IVG/ws_moveit/install/moveit_ros_occupancy_map_monitor/lib:/home/mu/IVG/ws_moveit/install/moveit_core/lib:${LD_LIBRARY_PATH} PATH=/home/mu/IVG/ws_moveit/install/moveit_core/bin:${PATH} /usr/bin/cmake --install /home/mu/IVG/ws_moveit/build/moveit_ros_warehouse
