[0.009s] Invoking command in '/home/mu/IVG/aubo_ros2_ws/build/percipio_camera': /usr/bin/cmake /home/mu/IVG/aubo_ros2_ws/src/camport_ros2/src/percipio_camera -DCMAKE_BUILD_TYPE=Release -DCMAKE_INSTALL_PREFIX=/home/mu/IVG/aubo_ros2_ws/install/percipio_camera
[0.033s] -- The C compiler identification is GNU 9.4.0
[0.058s] -- The CXX compiler identification is GNU 9.4.0
[0.061s] -- Check for working C compiler: /usr/bin/cc
[0.093s] -- Check for working C compiler: /usr/bin/cc -- works
[0.093s] -- Detecting C compiler ABI info
[0.125s] -- Detecting C compiler ABI info - done
[0.131s] -- Detecting C compile features
[0.131s] -- Detecting C compile features - done
[0.133s] -- Check for working CXX compiler: /usr/bin/c++
[0.196s] -- Check for working CXX compiler: /usr/bin/c++ -- works
[0.197s] -- Detecting CXX compiler ABI info
[0.265s] -- Detecting CXX compiler ABI info - done
[0.274s] -- Detecting CXX compile features
[0.274s] -- Detecting CXX compile features - done
[0.282s] CMake Error at CMakeLists.txt:41 (find_package):
[0.282s]   By not providing "Findament_cmake.cmake" in CMAKE_MODULE_PATH this project
[0.283s]   has asked CMake to find a package configuration file provided by
[0.283s]   "ament_cmake", but CMake did not find one.
[0.283s] 
[0.283s]   Could not find a package configuration file provided by "ament_cmake" with
[0.283s]   any of the following names:
[0.283s] 
[0.283s]     ament_cmakeConfig.cmake
[0.283s]     ament_cmake-config.cmake
[0.283s] 
[0.283s]   Add the installation prefix of "ament_cmake" to CMAKE_PREFIX_PATH or set
[0.283s]   "ament_cmake_DIR" to a directory containing one of the above files.  If
[0.283s]   "ament_cmake" provides a separate development package or SDK, be sure it
[0.283s]   has been installed.
[0.283s] 
[0.283s] 
[0.283s] -- Configuring incomplete, errors occurred!
[0.283s] See also "/home/mu/IVG/aubo_ros2_ws/build/percipio_camera/CMakeFiles/CMakeOutput.log".
