[0.021s] Invoking command in '/home/mu/IVG/ws_moveit/build/moveit_ros_warehouse': AMENT_PREFIX_PATH=/home/mu/IVG/ws_moveit/install/moveit_ros_planning:/home/mu/IVG/ws_moveit/install/moveit_ros_occupancy_map_monitor:/home/mu/IVG/ws_moveit/install/moveit_core:/home/mu/IVG/ws_moveit/install/moveit_common:${AMENT_PREFIX_PATH} CMAKE_PREFIX_PATH=/home/mu/IVG/ws_moveit/install/moveit_ros_planning:/home/mu/IVG/ws_moveit/install/moveit_ros_occupancy_map_monitor:/home/mu/IVG/ws_moveit/install/moveit_core:/home/mu/IVG/ws_moveit/install/moveit_common:/home/mu/IVG/ws_moveit/install/moveit2_tutorials:/home/mu/IVG/ws_moveit/install/moveit_visual_tools:/home/mu/IVG/ws_moveit/install/rviz_visual_tools:/opt/ros/foxy LD_LIBRARY_PATH=/home/mu/IVG/ws_moveit/install/moveit_ros_planning/lib:/home/mu/IVG/ws_moveit/install/moveit_ros_occupancy_map_monitor/lib:/home/mu/IVG/ws_moveit/install/moveit_core/lib:${LD_LIBRARY_PATH} PATH=/home/mu/IVG/ws_moveit/install/moveit_core/bin:${PATH} /usr/bin/cmake --build /home/mu/IVG/ws_moveit/build/moveit_ros_warehouse -- -j32 -l32
[0.041s] [35m[1mScanning dependencies of target moveit_warehouse[0m
[0.113s] [  5%] [32mBuilding CXX object warehouse/CMakeFiles/moveit_warehouse.dir/src/moveit_message_storage.cpp.o[0m
[0.115s] [ 10%] [32mBuilding CXX object warehouse/CMakeFiles/moveit_warehouse.dir/src/planning_scene_storage.cpp.o[0m
[0.115s] [ 15%] [32mBuilding CXX object warehouse/CMakeFiles/moveit_warehouse.dir/src/planning_scene_world_storage.cpp.o[0m
[0.115s] [ 20%] [32mBuilding CXX object warehouse/CMakeFiles/moveit_warehouse.dir/src/constraints_storage.cpp.o[0m
[0.116s] [ 25%] [32mBuilding CXX object warehouse/CMakeFiles/moveit_warehouse.dir/src/warehouse_connector.cpp.o[0m
[0.117s] [ 30%] [32mBuilding CXX object warehouse/CMakeFiles/moveit_warehouse.dir/src/trajectory_constraints_storage.cpp.o[0m
[0.117s] [ 35%] [32mBuilding CXX object warehouse/CMakeFiles/moveit_warehouse.dir/src/state_storage.cpp.o[0m
[11.221s] [ 40%] [32m[1mLinking CXX shared library libmoveit_warehouse.so[0m
[11.589s] [ 40%] Built target moveit_warehouse
[11.600s] [35m[1mScanning dependencies of target moveit_warehouse_import_from_text[0m
[11.600s] [35m[1mScanning dependencies of target moveit_warehouse_services[0m
[11.600s] [35m[1mScanning dependencies of target moveit_init_demo_warehouse[0m
[11.600s] [35m[1mScanning dependencies of target moveit_save_to_warehouse[0m
[11.600s] [35m[1mScanning dependencies of target moveit_warehouse_save_as_text[0m
[11.600s] [35m[1mScanning dependencies of target moveit_warehouse_broadcast[0m
[11.651s] [ 45%] [32mBuilding CXX object warehouse/CMakeFiles/moveit_warehouse_services.dir/src/warehouse_services.cpp.o[0m
[11.652s] [ 50%] [32mBuilding CXX object warehouse/CMakeFiles/moveit_warehouse_broadcast.dir/src/broadcast.cpp.o[0m
[11.678s] [ 55%] [32mBuilding CXX object warehouse/CMakeFiles/moveit_warehouse_save_as_text.dir/src/save_as_text.cpp.o[0m
[11.686s] [ 60%] [32mBuilding CXX object warehouse/CMakeFiles/moveit_init_demo_warehouse.dir/src/initialize_demo_db.cpp.o[0m
[11.700s] [ 70%] [32mBuilding CXX object warehouse/CMakeFiles/moveit_save_to_warehouse.dir/src/save_to_warehouse.cpp.o[0m
[11.700s] [ 70%] [32mBuilding CXX object warehouse/CMakeFiles/moveit_warehouse_import_from_text.dir/src/import_from_text.cpp.o[0m
[15.858s] [ 75%] [32m[1mLinking CXX executable moveit_warehouse_services[0m
[16.034s] [ 75%] Built target moveit_warehouse_services
[18.432s] [ 80%] [32m[1mLinking CXX executable moveit_warehouse_broadcast[0m
[18.623s] [ 80%] Built target moveit_warehouse_broadcast
[19.040s] [ 85%] [32m[1mLinking CXX executable moveit_init_demo_warehouse[0m
[19.402s] [ 85%] Built target moveit_init_demo_warehouse
[19.637s] [ 90%] [32m[1mLinking CXX executable moveit_warehouse_import_from_text[0m
[19.900s] [ 90%] Built target moveit_warehouse_import_from_text
[20.313s] [ 95%] [32m[1mLinking CXX executable moveit_warehouse_save_as_text[0m
[20.570s] [ 95%] Built target moveit_warehouse_save_as_text
[27.335s] [100%] [32m[1mLinking CXX executable moveit_save_to_warehouse[0m
[27.790s] [100%] Built target moveit_save_to_warehouse
