[0.021s] Invoking command in '/home/mu/IVG/ws_moveit/build/moveit_planners_ompl': AMENT_PREFIX_PATH=/home/mu/IVG/ws_moveit/install/moveit_ros_planning:/home/mu/IVG/ws_moveit/install/moveit_ros_occupancy_map_monitor:/home/mu/IVG/ws_moveit/install/moveit_core:/home/mu/IVG/ws_moveit/install/moveit_common:${AMENT_PREFIX_PATH} CMAKE_PREFIX_PATH=/home/mu/IVG/ws_moveit/install/moveit_ros_planning:/home/mu/IVG/ws_moveit/install/moveit_ros_occupancy_map_monitor:/home/mu/IVG/ws_moveit/install/moveit_core:/home/mu/IVG/ws_moveit/install/moveit_common:/home/mu/IVG/ws_moveit/install/moveit2_tutorials:/home/mu/IVG/ws_moveit/install/moveit_visual_tools:/home/mu/IVG/ws_moveit/install/rviz_visual_tools:/opt/ros/foxy LD_LIBRARY_PATH=/home/mu/IVG/ws_moveit/install/moveit_ros_planning/lib:/home/mu/IVG/ws_moveit/install/moveit_ros_occupancy_map_monitor/lib:/home/mu/IVG/ws_moveit/install/moveit_core/lib:${LD_LIBRARY_PATH} PATH=/home/mu/IVG/ws_moveit/install/moveit_core/bin:${PATH} /usr/bin/cmake --build /home/mu/IVG/ws_moveit/build/moveit_planners_ompl -- -j32 -l32
[0.042s] [35m[1mScanning dependencies of target gtest[0m
[0.042s] [35m[1mScanning dependencies of target gtest_main[0m
[0.043s] [35m[1mScanning dependencies of target moveit_ompl_interface[0m
[0.050s] [  2%] [32mBuilding CXX object gtest/CMakeFiles/gtest_main.dir/src/gtest_main.cc.o[0m
[0.051s] [  4%] [32mBuilding CXX object gtest/CMakeFiles/gtest.dir/src/gtest-all.cc.o[0m
[0.319s] [  7%] [32mBuilding CXX object ompl_interface/CMakeFiles/moveit_ompl_interface.dir/src/ompl_interface.cpp.o[0m
[0.320s] [  9%] [32mBuilding CXX object ompl_interface/CMakeFiles/moveit_ompl_interface.dir/src/planning_context_manager.cpp.o[0m
[0.322s] [ 12%] [32mBuilding CXX object ompl_interface/CMakeFiles/moveit_ompl_interface.dir/src/model_based_planning_context.cpp.o[0m
[0.323s] [ 14%] [32mBuilding CXX object ompl_interface/CMakeFiles/moveit_ompl_interface.dir/src/parameterization/model_based_state_space.cpp.o[0m
[0.329s] [ 17%] [32mBuilding CXX object ompl_interface/CMakeFiles/moveit_ompl_interface.dir/src/parameterization/model_based_state_space_factory.cpp.o[0m
[0.338s] [ 19%] [32mBuilding CXX object ompl_interface/CMakeFiles/moveit_ompl_interface.dir/src/parameterization/joint_space/constrained_planning_state_space.cpp.o[0m
[0.339s] [ 21%] [32mBuilding CXX object ompl_interface/CMakeFiles/moveit_ompl_interface.dir/src/parameterization/joint_space/constrained_planning_state_space_factory.cpp.o[0m
[0.351s] [ 24%] [32mBuilding CXX object ompl_interface/CMakeFiles/moveit_ompl_interface.dir/src/parameterization/joint_space/joint_model_state_space.cpp.o[0m
[0.373s] [ 26%] [32mBuilding CXX object ompl_interface/CMakeFiles/moveit_ompl_interface.dir/src/parameterization/joint_space/joint_model_state_space_factory.cpp.o[0m
[0.466s] [ 29%] [32mBuilding CXX object ompl_interface/CMakeFiles/moveit_ompl_interface.dir/src/parameterization/work_space/pose_model_state_space_factory.cpp.o[0m
[0.466s] [ 31%] [32mBuilding CXX object ompl_interface/CMakeFiles/moveit_ompl_interface.dir/src/parameterization/work_space/pose_model_state_space.cpp.o[0m
[0.468s] [ 34%] [32mBuilding CXX object ompl_interface/CMakeFiles/moveit_ompl_interface.dir/src/detail/ompl_constraints.cpp.o[0m
[0.486s] [ 36%] [32mBuilding CXX object ompl_interface/CMakeFiles/moveit_ompl_interface.dir/src/detail/threadsafe_state_storage.cpp.o[0m
[0.499s] [ 39%] [32mBuilding CXX object ompl_interface/CMakeFiles/moveit_ompl_interface.dir/src/detail/state_validity_checker.cpp.o[0m
[0.575s] [ 41%] [32mBuilding CXX object ompl_interface/CMakeFiles/moveit_ompl_interface.dir/src/detail/projection_evaluators.cpp.o[0m
[0.582s] [ 43%] [32mBuilding CXX object ompl_interface/CMakeFiles/moveit_ompl_interface.dir/src/detail/goal_union.cpp.o[0m
[0.618s] [ 46%] [32mBuilding CXX object ompl_interface/CMakeFiles/moveit_ompl_interface.dir/src/detail/constrained_sampler.cpp.o[0m
[0.618s] [ 48%] [32mBuilding CXX object ompl_interface/CMakeFiles/moveit_ompl_interface.dir/src/detail/constraints_library.cpp.o[0m
[0.659s] [ 51%] [32mBuilding CXX object ompl_interface/CMakeFiles/moveit_ompl_interface.dir/src/detail/constrained_valid_state_sampler.cpp.o[0m
[0.708s] [ 53%] [32mBuilding CXX object ompl_interface/CMakeFiles/moveit_ompl_interface.dir/src/detail/constrained_goal_sampler.cpp.o[0m
[0.806s] [ 56%] [32m[1mLinking CXX static library libgtest_main.a[0m
[0.960s] [ 56%] Built target gtest_main
[10.464s] [ 58%] [32m[1mLinking CXX static library libgtest.a[0m
[10.502s] [ 58%] Built target gtest
[20.839s] [ 60%] [32m[1mLinking CXX shared library libmoveit_ompl_interface.so[0m
[21.246s] [ 60%] Built target moveit_ompl_interface
[21.252s] [35m[1mScanning dependencies of target test_constrained_planning_state_space[0m
[21.252s] [35m[1mScanning dependencies of target test_threadsafe_state_storage[0m
[21.252s] [35m[1mScanning dependencies of target moveit_ompl_planner_plugin[0m
[21.254s] [35m[1mScanning dependencies of target test_constrained_state_validity_checker[0m
[21.255s] [35m[1mScanning dependencies of target test_state_space[0m
[21.256s] [35m[1mScanning dependencies of target moveit_generate_state_database[0m
[21.256s] [35m[1mScanning dependencies of target test_state_validity_checker[0m
[21.256s] [35m[1mScanning dependencies of target test_planning_context_manager[0m
[21.303s] [ 63%] [32mBuilding CXX object ompl_interface/CMakeFiles/test_threadsafe_state_storage.dir/test/test_threadsafe_state_storage.cpp.o[0m
[21.306s] [ 65%] [32mBuilding CXX object ompl_interface/CMakeFiles/test_constrained_planning_state_space.dir/test/test_constrained_planning_state_space.cpp.o[0m
[21.308s] [ 68%] [32mBuilding CXX object ompl_interface/CMakeFiles/test_constrained_state_validity_checker.dir/test/test_constrained_state_validity_checker.cpp.o[0m
[21.312s] [ 70%] [32mBuilding CXX object ompl_interface/CMakeFiles/moveit_ompl_planner_plugin.dir/src/ompl_planner_manager.cpp.o[0m
[21.327s] [ 73%] [32mBuilding CXX object ompl_interface/CMakeFiles/moveit_generate_state_database.dir/scripts/generate_state_database.cpp.o[0m
[21.335s] [ 75%] [32mBuilding CXX object ompl_interface/CMakeFiles/test_planning_context_manager.dir/test/test_planning_context_manager.cpp.o[0m
[21.336s] [ 78%] [32mBuilding CXX object ompl_interface/CMakeFiles/test_state_space.dir/test/test_state_space.cpp.o[0m
[21.345s] [ 80%] [32mBuilding CXX object ompl_interface/CMakeFiles/test_state_validity_checker.dir/test/test_state_validity_checker.cpp.o[0m
[24.629s] [ 82%] [32m[1mLinking CXX executable test_threadsafe_state_storage[0m
[24.936s] [ 82%] Built target test_threadsafe_state_storage
[26.817s] [ 85%] [32m[1mLinking CXX shared library libmoveit_ompl_planner_plugin.so[0m
[27.213s] [ 85%] Built target moveit_ompl_planner_plugin
[27.257s] [ 87%] [32m[1mLinking CXX executable test_constrained_planning_state_space[0m
[27.541s] [ 90%] [32m[1mLinking CXX executable test_state_validity_checker[0m
[27.814s] [ 90%] Built target test_constrained_planning_state_space
[28.044s] [ 92%] [32m[1mLinking CXX executable test_constrained_state_validity_checker[0m
[28.135s] [ 92%] Built target test_state_validity_checker
[28.433s] [ 95%] [32m[1mLinking CXX executable test_state_space[0m
[28.514s] [ 95%] Built target test_constrained_state_validity_checker
[28.894s] [ 95%] Built target test_state_space
[29.351s] [ 97%] [32m[1mLinking CXX executable test_planning_context_manager[0m
[29.621s] [ 97%] Built target test_planning_context_manager
[30.751s] [100%] [32m[1mLinking CXX executable generate_state_database[0m
[30.981s] [100%] Built target moveit_generate_state_database
