[0.011s] Invoking command in '/home/mu/IVG/aubo_ros2_ws/build/aubo_dashboard_msgs': CMAKE_PREFIX_PATH=/opt/ros/foxy /usr/bin/cmake --build /home/mu/IVG/aubo_ros2_ws/build/aubo_dashboard_msgs -- -j32 -l32
[0.025s] -- Found ament_cmake: 0.9.12 (/opt/ros/foxy/share/ament_cmake/cmake)
[0.036s] -- Using PYTHON_EXECUTABLE: /usr/bin/python3
[0.118s] -- Found rosidl_default_generators: 1.0.1 (/opt/ros/foxy/share/rosidl_default_generators/cmake)
[0.118s] -- Using all available rosidl_typesupport_c: rosidl_typesupport_fastrtps_c;rosidl_typesupport_introspection_c
[0.120s] -- Found rosidl_adapter: 1.3.1 (/opt/ros/foxy/share/rosidl_adapter/cmake)
[0.186s] -- Using all available rosidl_typesupport_cpp: rosidl_typesupport_fastrtps_cpp;rosidl_typesupport_introspection_cpp
[0.197s] -- Found action_msgs: 1.0.0 (/opt/ros/foxy/share/action_msgs/cmake)
[0.233s] -- Found PythonInterp: /usr/bin/python3 (found version "3.8.10") 
[0.339s] -- Found ament_cmake_ros: 0.9.2 (/opt/ros/foxy/share/ament_cmake_ros/cmake)
[0.405s] -- Using all available rosidl_typesupport_c: rosidl_typesupport_fastrtps_c;rosidl_typesupport_introspection_c
[0.438s] -- Using all available rosidl_typesupport_cpp: rosidl_typesupport_fastrtps_cpp;rosidl_typesupport_introspection_cpp
[0.456s] -- Found PythonInterp: /usr/bin/python3 (found suitable version "3.8.10", minimum required is "3.5") 
[0.456s] -- Found python_cmake_module: 0.8.1 (/opt/ros/foxy/share/python_cmake_module/cmake)
[0.456s] -- Using PYTHON_EXECUTABLE: /usr/bin/python3
[0.456s] -- Using PYTHON_INCLUDE_DIRS: /usr/include/python3.8
[0.456s] -- Using PYTHON_LIBRARIES: /usr/lib/x86_64-linux-gnu/libpython3.8.so
[0.461s] -- Configuring done
[0.502s] -- Generating done
[0.512s] -- Build files have been written to: /home/mu/IVG/aubo_ros2_ws/build/aubo_dashboard_msgs
[0.531s] [  0%] Built target aubo_dashboard_msgs__cpp
[0.532s] [  0%] [32mBuilding C object CMakeFiles/aubo_dashboard_msgs__rosidl_generator_c.dir/rosidl_generator_c/aubo_dashboard_msgs/msg/detail/program_state__functions.c.o[0m
[0.533s] [  1%] [32mBuilding C object CMakeFiles/aubo_dashboard_msgs__rosidl_generator_c.dir/rosidl_generator_c/aubo_dashboard_msgs/msg/detail/robot_mode__functions.c.o[0m
[0.533s] [  2%] [32mBuilding C object CMakeFiles/aubo_dashboard_msgs__rosidl_generator_c.dir/rosidl_generator_c/aubo_dashboard_msgs/msg/detail/safety_mode__functions.c.o[0m
[0.536s] [  3%] [32mBuilding C object CMakeFiles/aubo_dashboard_msgs__rosidl_generator_c.dir/rosidl_generator_c/aubo_dashboard_msgs/srv/detail/raw_request__functions.c.o[0m
[0.536s] [  4%] [32mBuilding C object CMakeFiles/aubo_dashboard_msgs__rosidl_generator_c.dir/rosidl_generator_c/aubo_dashboard_msgs/srv/detail/add_to_log__functions.c.o[0m
[0.537s] [  4%] [32mBuilding C object CMakeFiles/aubo_dashboard_msgs__rosidl_generator_c.dir/rosidl_generator_c/aubo_dashboard_msgs/srv/detail/get_loaded_program__functions.c.o[0m
[0.537s] [  5%] [32mBuilding C object CMakeFiles/aubo_dashboard_msgs__rosidl_generator_c.dir/rosidl_generator_c/aubo_dashboard_msgs/srv/detail/get_program_state__functions.c.o[0m
[0.537s] [  6%] [32mBuilding C object CMakeFiles/aubo_dashboard_msgs__rosidl_generator_c.dir/rosidl_generator_c/aubo_dashboard_msgs/srv/detail/get_robot_mode__functions.c.o[0m
[0.537s] [  6%] [32mBuilding C object CMakeFiles/aubo_dashboard_msgs__rosidl_generator_c.dir/rosidl_generator_c/aubo_dashboard_msgs/srv/detail/get_safety_mode__functions.c.o[0m
[0.537s] [  6%] [32mBuilding C object CMakeFiles/aubo_dashboard_msgs__rosidl_generator_c.dir/rosidl_generator_c/aubo_dashboard_msgs/action/detail/set_mode__functions.c.o[0m
[0.538s] [  7%] [32mBuilding C object CMakeFiles/aubo_dashboard_msgs__rosidl_generator_c.dir/rosidl_generator_c/aubo_dashboard_msgs/srv/detail/is_program_running__functions.c.o[0m
[0.538s] [  8%] [32mBuilding C object CMakeFiles/aubo_dashboard_msgs__rosidl_generator_c.dir/rosidl_generator_c/aubo_dashboard_msgs/srv/detail/is_in_remote_control__functions.c.o[0m
[0.538s] [  9%] [32mBuilding C object CMakeFiles/aubo_dashboard_msgs__rosidl_generator_c.dir/rosidl_generator_c/aubo_dashboard_msgs/srv/detail/load__functions.c.o[0m
[0.538s] [ 10%] [32mBuilding C object CMakeFiles/aubo_dashboard_msgs__rosidl_generator_c.dir/rosidl_generator_c/aubo_dashboard_msgs/srv/detail/is_program_saved__functions.c.o[0m
[0.538s] [ 10%] [32mBuilding C object CMakeFiles/aubo_dashboard_msgs__rosidl_generator_c.dir/rosidl_generator_c/aubo_dashboard_msgs/srv/detail/popup__functions.c.o[0m
[0.548s] [ 13%] [32mBuilding CXX object CMakeFiles/aubo_dashboard_msgs__rosidl_typesupport_introspection_cpp.dir/rosidl_typesupport_introspection_cpp/aubo_dashboard_msgs/srv/detail/get_loaded_program__type_support.cpp.o[0m
[0.548s] [ 13%] [32mBuilding CXX object CMakeFiles/aubo_dashboard_msgs__rosidl_typesupport_introspection_cpp.dir/rosidl_typesupport_introspection_cpp/aubo_dashboard_msgs/srv/detail/add_to_log__type_support.cpp.o[0m
[0.548s] [ 13%] [32mBuilding CXX object CMakeFiles/aubo_dashboard_msgs__rosidl_typesupport_introspection_cpp.dir/rosidl_typesupport_introspection_cpp/aubo_dashboard_msgs/msg/detail/safety_mode__type_support.cpp.o[0m
[0.548s] [ 13%] [32mBuilding CXX object CMakeFiles/aubo_dashboard_msgs__rosidl_typesupport_introspection_cpp.dir/rosidl_typesupport_introspection_cpp/aubo_dashboard_msgs/msg/detail/robot_mode__type_support.cpp.o[0m
[0.549s] [ 13%] [32mBuilding CXX object CMakeFiles/aubo_dashboard_msgs__rosidl_typesupport_introspection_cpp.dir/rosidl_typesupport_introspection_cpp/aubo_dashboard_msgs/srv/detail/get_robot_mode__type_support.cpp.o[0m
[0.549s] [ 14%] [32mBuilding CXX object CMakeFiles/aubo_dashboard_msgs__rosidl_typesupport_introspection_cpp.dir/rosidl_typesupport_introspection_cpp/aubo_dashboard_msgs/msg/detail/program_state__type_support.cpp.o[0m
[0.549s] [ 14%] [32mBuilding CXX object CMakeFiles/aubo_dashboard_msgs__rosidl_typesupport_introspection_cpp.dir/rosidl_typesupport_introspection_cpp/aubo_dashboard_msgs/srv/detail/is_in_remote_control__type_support.cpp.o[0m
[0.549s] [ 16%] [32mBuilding CXX object CMakeFiles/aubo_dashboard_msgs__rosidl_typesupport_introspection_cpp.dir/rosidl_typesupport_introspection_cpp/aubo_dashboard_msgs/srv/detail/is_program_running__type_support.cpp.o[0m
[0.549s] [ 16%] [32mBuilding CXX object CMakeFiles/aubo_dashboard_msgs__rosidl_typesupport_introspection_cpp.dir/rosidl_typesupport_introspection_cpp/aubo_dashboard_msgs/srv/detail/get_program_state__type_support.cpp.o[0m
[0.549s] [ 17%] [32mBuilding CXX object CMakeFiles/aubo_dashboard_msgs__rosidl_typesupport_introspection_cpp.dir/rosidl_typesupport_introspection_cpp/aubo_dashboard_msgs/srv/detail/get_safety_mode__type_support.cpp.o[0m
[0.550s] [ 18%] [32mBuilding CXX object CMakeFiles/aubo_dashboard_msgs__rosidl_typesupport_cpp.dir/rosidl_typesupport_cpp/aubo_dashboard_msgs/msg/program_state__type_support.cpp.o[0m
[0.553s] [ 18%] [32mBuilding CXX object CMakeFiles/aubo_dashboard_msgs__rosidl_typesupport_cpp.dir/rosidl_typesupport_cpp/aubo_dashboard_msgs/msg/robot_mode__type_support.cpp.o[0m
[0.557s] [ 19%] [32mBuilding CXX object CMakeFiles/aubo_dashboard_msgs__rosidl_typesupport_cpp.dir/rosidl_typesupport_cpp/aubo_dashboard_msgs/msg/safety_mode__type_support.cpp.o[0m
[0.558s] [ 20%] [32mBuilding CXX object CMakeFiles/aubo_dashboard_msgs__rosidl_typesupport_fastrtps_cpp.dir/rosidl_typesupport_fastrtps_cpp/aubo_dashboard_msgs/msg/detail/dds_fastrtps/program_state__type_support.cpp.o[0m
[0.558s] [ 21%] [32mBuilding CXX object CMakeFiles/aubo_dashboard_msgs__rosidl_typesupport_fastrtps_cpp.dir/rosidl_typesupport_fastrtps_cpp/aubo_dashboard_msgs/msg/detail/dds_fastrtps/robot_mode__type_support.cpp.o[0m
[0.558s] [ 21%] [32mBuilding CXX object CMakeFiles/aubo_dashboard_msgs__rosidl_typesupport_fastrtps_cpp.dir/rosidl_typesupport_fastrtps_cpp/aubo_dashboard_msgs/msg/detail/dds_fastrtps/safety_mode__type_support.cpp.o[0m
[0.568s] [ 22%] [32mBuilding CXX object CMakeFiles/aubo_dashboard_msgs__rosidl_typesupport_introspection_cpp.dir/rosidl_typesupport_introspection_cpp/aubo_dashboard_msgs/srv/detail/is_program_saved__type_support.cpp.o[0m
[0.615s] [ 23%] [32mBuilding CXX object CMakeFiles/aubo_dashboard_msgs__rosidl_typesupport_cpp.dir/rosidl_typesupport_cpp/aubo_dashboard_msgs/srv/add_to_log__type_support.cpp.o[0m
[0.634s] [ 24%] [32mBuilding CXX object CMakeFiles/aubo_dashboard_msgs__rosidl_typesupport_introspection_cpp.dir/rosidl_typesupport_introspection_cpp/aubo_dashboard_msgs/srv/detail/load__type_support.cpp.o[0m
[0.670s] [ 24%] [32mBuilding CXX object CMakeFiles/aubo_dashboard_msgs__rosidl_typesupport_introspection_cpp.dir/rosidl_typesupport_introspection_cpp/aubo_dashboard_msgs/srv/detail/popup__type_support.cpp.o[0m
[0.673s] [ 24%] [32mBuilding CXX object CMakeFiles/aubo_dashboard_msgs__rosidl_typesupport_cpp.dir/rosidl_typesupport_cpp/aubo_dashboard_msgs/srv/get_loaded_program__type_support.cpp.o[0m
[0.676s] [ 25%] [32mBuilding CXX object CMakeFiles/aubo_dashboard_msgs__rosidl_typesupport_introspection_cpp.dir/rosidl_typesupport_introspection_cpp/aubo_dashboard_msgs/action/detail/set_mode__type_support.cpp.o[0m
[0.679s] [ 26%] [32mBuilding CXX object CMakeFiles/aubo_dashboard_msgs__rosidl_typesupport_cpp.dir/rosidl_typesupport_cpp/aubo_dashboard_msgs/srv/get_program_state__type_support.cpp.o[0m
[0.683s] [ 27%] [32mBuilding CXX object CMakeFiles/aubo_dashboard_msgs__rosidl_typesupport_fastrtps_cpp.dir/rosidl_typesupport_fastrtps_cpp/aubo_dashboard_msgs/srv/detail/dds_fastrtps/get_loaded_program__type_support.cpp.o[0m
[0.684s] [ 28%] [32mBuilding CXX object CMakeFiles/aubo_dashboard_msgs__rosidl_typesupport_fastrtps_cpp.dir/rosidl_typesupport_fastrtps_cpp/aubo_dashboard_msgs/srv/detail/dds_fastrtps/add_to_log__type_support.cpp.o[0m
[0.687s] [ 28%] [32mBuilding CXX object CMakeFiles/aubo_dashboard_msgs__rosidl_typesupport_fastrtps_cpp.dir/rosidl_typesupport_fastrtps_cpp/aubo_dashboard_msgs/srv/detail/dds_fastrtps/get_program_state__type_support.cpp.o[0m
[0.687s] [ 29%] [32mBuilding CXX object CMakeFiles/aubo_dashboard_msgs__rosidl_typesupport_fastrtps_cpp.dir/rosidl_typesupport_fastrtps_cpp/aubo_dashboard_msgs/srv/detail/dds_fastrtps/get_robot_mode__type_support.cpp.o[0m
[0.688s] [ 30%] [32mBuilding CXX object CMakeFiles/aubo_dashboard_msgs__rosidl_typesupport_cpp.dir/rosidl_typesupport_cpp/aubo_dashboard_msgs/srv/get_robot_mode__type_support.cpp.o[0m
[0.689s] [ 31%] [32mBuilding CXX object CMakeFiles/aubo_dashboard_msgs__rosidl_typesupport_introspection_cpp.dir/rosidl_typesupport_introspection_cpp/aubo_dashboard_msgs/srv/detail/raw_request__type_support.cpp.o[0m
[0.717s] [ 32%] [32mBuilding CXX object CMakeFiles/aubo_dashboard_msgs__rosidl_typesupport_fastrtps_cpp.dir/rosidl_typesupport_fastrtps_cpp/aubo_dashboard_msgs/srv/detail/dds_fastrtps/get_safety_mode__type_support.cpp.o[0m
[0.728s] [ 33%] [32mBuilding CXX object CMakeFiles/aubo_dashboard_msgs__rosidl_typesupport_cpp.dir/rosidl_typesupport_cpp/aubo_dashboard_msgs/srv/get_safety_mode__type_support.cpp.o[0m
[0.856s] [ 33%] [32mBuilding CXX object CMakeFiles/aubo_dashboard_msgs__rosidl_typesupport_fastrtps_cpp.dir/rosidl_typesupport_fastrtps_cpp/aubo_dashboard_msgs/srv/detail/dds_fastrtps/is_program_running__type_support.cpp.o[0m
[0.856s] [ 33%] [32mBuilding CXX object CMakeFiles/aubo_dashboard_msgs__rosidl_typesupport_cpp.dir/rosidl_typesupport_cpp/aubo_dashboard_msgs/srv/is_program_running__type_support.cpp.o[0m
[0.869s] [ 34%] [32mBuilding CXX object CMakeFiles/aubo_dashboard_msgs__rosidl_typesupport_cpp.dir/rosidl_typesupport_cpp/aubo_dashboard_msgs/srv/is_in_remote_control__type_support.cpp.o[0m
[0.879s] [ 35%] [32mBuilding CXX object CMakeFiles/aubo_dashboard_msgs__rosidl_typesupport_fastrtps_cpp.dir/rosidl_typesupport_fastrtps_cpp/aubo_dashboard_msgs/srv/detail/dds_fastrtps/is_in_remote_control__type_support.cpp.o[0m
[0.889s] [ 36%] [32mBuilding CXX object CMakeFiles/aubo_dashboard_msgs__rosidl_typesupport_cpp.dir/rosidl_typesupport_cpp/aubo_dashboard_msgs/srv/is_program_saved__type_support.cpp.o[0m
[0.892s] [ 37%] [32mBuilding CXX object CMakeFiles/aubo_dashboard_msgs__rosidl_typesupport_fastrtps_cpp.dir/rosidl_typesupport_fastrtps_cpp/aubo_dashboard_msgs/srv/detail/dds_fastrtps/is_program_saved__type_support.cpp.o[0m
[0.921s] [ 38%] [32mBuilding CXX object CMakeFiles/aubo_dashboard_msgs__rosidl_typesupport_fastrtps_cpp.dir/rosidl_typesupport_fastrtps_cpp/aubo_dashboard_msgs/srv/detail/dds_fastrtps/load__type_support.cpp.o[0m
[0.922s] [ 38%] [32mBuilding CXX object CMakeFiles/aubo_dashboard_msgs__rosidl_typesupport_cpp.dir/rosidl_typesupport_cpp/aubo_dashboard_msgs/srv/load__type_support.cpp.o[0m
[0.928s] [ 38%] [32mBuilding CXX object CMakeFiles/aubo_dashboard_msgs__rosidl_typesupport_fastrtps_cpp.dir/rosidl_typesupport_fastrtps_cpp/aubo_dashboard_msgs/srv/detail/dds_fastrtps/popup__type_support.cpp.o[0m
[0.929s] [ 39%] [32mBuilding CXX object CMakeFiles/aubo_dashboard_msgs__rosidl_typesupport_cpp.dir/rosidl_typesupport_cpp/aubo_dashboard_msgs/srv/popup__type_support.cpp.o[0m
[0.937s] [ 40%] [32mBuilding CXX object CMakeFiles/aubo_dashboard_msgs__rosidl_typesupport_fastrtps_cpp.dir/rosidl_typesupport_fastrtps_cpp/aubo_dashboard_msgs/action/detail/dds_fastrtps/set_mode__type_support.cpp.o[0m
[0.948s] [ 41%] [32mBuilding CXX object CMakeFiles/aubo_dashboard_msgs__rosidl_typesupport_cpp.dir/rosidl_typesupport_cpp/aubo_dashboard_msgs/srv/raw_request__type_support.cpp.o[0m
[0.952s] [ 42%] [32mBuilding CXX object CMakeFiles/aubo_dashboard_msgs__rosidl_typesupport_fastrtps_cpp.dir/rosidl_typesupport_fastrtps_cpp/aubo_dashboard_msgs/srv/detail/dds_fastrtps/raw_request__type_support.cpp.o[0m
[1.008s] [ 42%] [32mBuilding CXX object CMakeFiles/aubo_dashboard_msgs__rosidl_typesupport_cpp.dir/rosidl_typesupport_cpp/aubo_dashboard_msgs/action/set_mode__type_support.cpp.o[0m
[1.183s] [ 43%] [32m[1mLinking C shared library libaubo_dashboard_msgs__rosidl_generator_c.so[0m
[1.284s] [ 44%] Built target aubo_dashboard_msgs__rosidl_generator_c
[1.350s] [ 45%] [32mBuilding C object CMakeFiles/aubo_dashboard_msgs__rosidl_typesupport_introspection_c.dir/rosidl_typesupport_introspection_c/aubo_dashboard_msgs/msg/detail/program_state__type_support.c.o[0m
[1.357s] [ 45%] [32mBuilding CXX object CMakeFiles/aubo_dashboard_msgs__rosidl_typesupport_c.dir/rosidl_typesupport_c/aubo_dashboard_msgs/msg/program_state__type_support.cpp.o[0m
[1.370s] [ 45%] [32mBuilding C object CMakeFiles/aubo_dashboard_msgs__rosidl_typesupport_introspection_c.dir/rosidl_typesupport_introspection_c/aubo_dashboard_msgs/msg/detail/robot_mode__type_support.c.o[0m
[1.372s] [ 46%] [32mBuilding CXX object CMakeFiles/aubo_dashboard_msgs__rosidl_typesupport_c.dir/rosidl_typesupport_c/aubo_dashboard_msgs/msg/robot_mode__type_support.cpp.o[0m
[1.390s] [ 48%] [32m[1mLinking CXX shared library libaubo_dashboard_msgs__rosidl_typesupport_introspection_cpp.so[0m
[1.392s] [ 49%] [32mBuilding CXX object CMakeFiles/aubo_dashboard_msgs__rosidl_typesupport_c.dir/rosidl_typesupport_c/aubo_dashboard_msgs/msg/safety_mode__type_support.cpp.o[0m
[1.393s] [ 49%] [32mBuilding C object CMakeFiles/aubo_dashboard_msgs__rosidl_typesupport_introspection_c.dir/rosidl_typesupport_introspection_c/aubo_dashboard_msgs/msg/detail/safety_mode__type_support.c.o[0m
[1.416s] [ 50%] [32mBuilding C object CMakeFiles/aubo_dashboard_msgs__rosidl_typesupport_introspection_c.dir/rosidl_typesupport_introspection_c/aubo_dashboard_msgs/srv/detail/add_to_log__type_support.c.o[0m
[1.417s] [ 50%] [32mBuilding CXX object CMakeFiles/aubo_dashboard_msgs__rosidl_typesupport_c.dir/rosidl_typesupport_c/aubo_dashboard_msgs/srv/add_to_log__type_support.cpp.o[0m
[1.426s] [ 51%] [32mBuilding C object CMakeFiles/aubo_dashboard_msgs__rosidl_typesupport_introspection_c.dir/rosidl_typesupport_introspection_c/aubo_dashboard_msgs/srv/detail/get_loaded_program__type_support.c.o[0m
[1.426s] [ 52%] [32mBuilding C object CMakeFiles/aubo_dashboard_msgs__rosidl_typesupport_introspection_c.dir/rosidl_typesupport_introspection_c/aubo_dashboard_msgs/srv/detail/get_robot_mode__type_support.c.o[0m
[1.434s] [ 53%] [32mBuilding C object CMakeFiles/aubo_dashboard_msgs__rosidl_typesupport_introspection_c.dir/rosidl_typesupport_introspection_c/aubo_dashboard_msgs/srv/detail/get_program_state__type_support.c.o[0m
[1.435s] [ 53%] [32mBuilding CXX object CMakeFiles/aubo_dashboard_msgs__rosidl_typesupport_c.dir/rosidl_typesupport_c/aubo_dashboard_msgs/srv/get_loaded_program__type_support.cpp.o[0m
[1.436s] [ 54%] [32mBuilding C object CMakeFiles/aubo_dashboard_msgs__rosidl_typesupport_introspection_c.dir/rosidl_typesupport_introspection_c/aubo_dashboard_msgs/srv/detail/get_safety_mode__type_support.c.o[0m
[1.443s] [ 54%] [32mBuilding C object CMakeFiles/aubo_dashboard_msgs__rosidl_typesupport_introspection_c.dir/rosidl_typesupport_introspection_c/aubo_dashboard_msgs/srv/detail/is_program_running__type_support.c.o[0m
[1.453s] [ 55%] [32mBuilding CXX object CMakeFiles/aubo_dashboard_msgs__rosidl_typesupport_c.dir/rosidl_typesupport_c/aubo_dashboard_msgs/srv/get_program_state__type_support.cpp.o[0m
[1.473s] [ 55%] [32mBuilding CXX object CMakeFiles/aubo_dashboard_msgs__rosidl_typesupport_c.dir/rosidl_typesupport_c/aubo_dashboard_msgs/srv/get_safety_mode__type_support.cpp.o[0m
[1.473s] [ 56%] [32mBuilding CXX object CMakeFiles/aubo_dashboard_msgs__rosidl_typesupport_c.dir/rosidl_typesupport_c/aubo_dashboard_msgs/srv/get_robot_mode__type_support.cpp.o[0m
[1.482s] [ 57%] [32mBuilding CXX object CMakeFiles/aubo_dashboard_msgs__rosidl_typesupport_c.dir/rosidl_typesupport_c/aubo_dashboard_msgs/srv/is_program_running__type_support.cpp.o[0m
[1.489s] [ 58%] [32mBuilding CXX object CMakeFiles/aubo_dashboard_msgs__rosidl_typesupport_c.dir/rosidl_typesupport_c/aubo_dashboard_msgs/srv/is_in_remote_control__type_support.cpp.o[0m
[1.490s] [ 59%] [32mBuilding C object CMakeFiles/aubo_dashboard_msgs__rosidl_typesupport_introspection_c.dir/rosidl_typesupport_introspection_c/aubo_dashboard_msgs/srv/detail/is_in_remote_control__type_support.c.o[0m
[1.506s] [ 60%] [32mBuilding C object CMakeFiles/aubo_dashboard_msgs__rosidl_typesupport_introspection_c.dir/rosidl_typesupport_introspection_c/aubo_dashboard_msgs/srv/detail/is_program_saved__type_support.c.o[0m
[1.530s] [ 60%] [32mBuilding CXX object CMakeFiles/aubo_dashboard_msgs__rosidl_typesupport_c.dir/rosidl_typesupport_c/aubo_dashboard_msgs/srv/is_program_saved__type_support.cpp.o[0m
[1.538s] [ 62%] [32mBuilding C object CMakeFiles/aubo_dashboard_msgs__rosidl_typesupport_introspection_c.dir/rosidl_typesupport_introspection_c/aubo_dashboard_msgs/srv/detail/popup__type_support.c.o[0m
[1.538s] [ 62%] [32mBuilding C object CMakeFiles/aubo_dashboard_msgs__rosidl_typesupport_introspection_c.dir/rosidl_typesupport_introspection_c/aubo_dashboard_msgs/srv/detail/load__type_support.c.o[0m
[1.553s] [ 65%] [32mBuilding C object CMakeFiles/aubo_dashboard_msgs__rosidl_typesupport_introspection_c.dir/rosidl_typesupport_introspection_c/aubo_dashboard_msgs/action/detail/set_mode__type_support.c.o[0m
[1.554s] [ 65%] [32mBuilding CXX object CMakeFiles/aubo_dashboard_msgs__rosidl_typesupport_c.dir/rosidl_typesupport_c/aubo_dashboard_msgs/srv/popup__type_support.cpp.o[0m
[1.554s] [ 65%] [32mBuilding C object CMakeFiles/aubo_dashboard_msgs__rosidl_typesupport_introspection_c.dir/rosidl_typesupport_introspection_c/aubo_dashboard_msgs/srv/detail/raw_request__type_support.c.o[0m
[1.562s] [ 62%] [32mBuilding CXX object CMakeFiles/aubo_dashboard_msgs__rosidl_typesupport_c.dir/rosidl_typesupport_c/aubo_dashboard_msgs/srv/load__type_support.cpp.o[0m
[1.562s] [ 65%] Built target aubo_dashboard_msgs__rosidl_typesupport_introspection_cpp
[1.579s] [ 65%] [32mBuilding CXX object CMakeFiles/aubo_dashboard_msgs__rosidl_typesupport_c.dir/rosidl_typesupport_c/aubo_dashboard_msgs/srv/raw_request__type_support.cpp.o[0m
[1.583s] [ 66%] [32mBuilding CXX object CMakeFiles/aubo_dashboard_msgs__rosidl_typesupport_c.dir/rosidl_typesupport_c/aubo_dashboard_msgs/action/set_mode__type_support.cpp.o[0m
[1.653s] [ 66%] [32m[1mLinking C shared library libaubo_dashboard_msgs__rosidl_typesupport_introspection_c.so[0m
[1.657s] [ 67%] [32m[1mLinking CXX shared library libaubo_dashboard_msgs__rosidl_typesupport_c.so[0m
[1.680s] [ 68%] Built target aubo_dashboard_msgs__rosidl_typesupport_introspection_c
[1.686s] [ 69%] Built target aubo_dashboard_msgs__rosidl_typesupport_c
[1.724s] [ 70%] [32m[1mLinking CXX shared library libaubo_dashboard_msgs__rosidl_typesupport_cpp.so[0m
[1.749s] [ 71%] Built target aubo_dashboard_msgs__rosidl_typesupport_cpp
[1.755s] [ 71%] [32m[1mLinking CXX shared library libaubo_dashboard_msgs__rosidl_typesupport_fastrtps_cpp.so[0m
[1.800s] [ 72%] Built target aubo_dashboard_msgs__rosidl_typesupport_fastrtps_cpp
[1.814s] [ 73%] [32mBuilding CXX object CMakeFiles/aubo_dashboard_msgs__rosidl_typesupport_fastrtps_c.dir/rosidl_typesupport_fastrtps_c/aubo_dashboard_msgs/msg/detail/program_state__type_support_c.cpp.o[0m
[1.815s] [ 74%] [32mBuilding CXX object CMakeFiles/aubo_dashboard_msgs__rosidl_typesupport_fastrtps_c.dir/rosidl_typesupport_fastrtps_c/aubo_dashboard_msgs/msg/detail/safety_mode__type_support_c.cpp.o[0m
[1.815s] [ 74%] [32mBuilding CXX object CMakeFiles/aubo_dashboard_msgs__rosidl_typesupport_fastrtps_c.dir/rosidl_typesupport_fastrtps_c/aubo_dashboard_msgs/msg/detail/robot_mode__type_support_c.cpp.o[0m
[1.815s] [ 75%] [32mBuilding CXX object CMakeFiles/aubo_dashboard_msgs__rosidl_typesupport_fastrtps_c.dir/rosidl_typesupport_fastrtps_c/aubo_dashboard_msgs/srv/detail/add_to_log__type_support_c.cpp.o[0m
[1.815s] [ 75%] [32mBuilding CXX object CMakeFiles/aubo_dashboard_msgs__rosidl_typesupport_fastrtps_c.dir/rosidl_typesupport_fastrtps_c/aubo_dashboard_msgs/srv/detail/get_loaded_program__type_support_c.cpp.o[0m
[1.816s] [ 76%] [32mBuilding CXX object CMakeFiles/aubo_dashboard_msgs__rosidl_typesupport_fastrtps_c.dir/rosidl_typesupport_fastrtps_c/aubo_dashboard_msgs/srv/detail/get_program_state__type_support_c.cpp.o[0m
[1.816s] [ 77%] [32mBuilding CXX object CMakeFiles/aubo_dashboard_msgs__rosidl_typesupport_fastrtps_c.dir/rosidl_typesupport_fastrtps_c/aubo_dashboard_msgs/srv/detail/get_robot_mode__type_support_c.cpp.o[0m
[1.818s] [ 77%] [32mBuilding CXX object CMakeFiles/aubo_dashboard_msgs__rosidl_typesupport_fastrtps_c.dir/rosidl_typesupport_fastrtps_c/aubo_dashboard_msgs/srv/detail/load__type_support_c.cpp.o[0m
[1.819s] [ 78%] [32mBuilding CXX object CMakeFiles/aubo_dashboard_msgs__rosidl_typesupport_fastrtps_c.dir/rosidl_typesupport_fastrtps_c/aubo_dashboard_msgs/srv/detail/is_program_saved__type_support_c.cpp.o[0m
[1.819s] [ 78%] [32mBuilding CXX object CMakeFiles/aubo_dashboard_msgs__rosidl_typesupport_fastrtps_c.dir/rosidl_typesupport_fastrtps_c/aubo_dashboard_msgs/srv/detail/get_safety_mode__type_support_c.cpp.o[0m
[1.819s] [ 79%] [32mBuilding CXX object CMakeFiles/aubo_dashboard_msgs__rosidl_typesupport_fastrtps_c.dir/rosidl_typesupport_fastrtps_c/aubo_dashboard_msgs/srv/detail/popup__type_support_c.cpp.o[0m
[1.819s] [ 80%] [32mBuilding CXX object CMakeFiles/aubo_dashboard_msgs__rosidl_typesupport_fastrtps_c.dir/rosidl_typesupport_fastrtps_c/aubo_dashboard_msgs/srv/detail/is_program_running__type_support_c.cpp.o[0m
[1.820s] [ 81%] [32mBuilding CXX object CMakeFiles/aubo_dashboard_msgs__rosidl_typesupport_fastrtps_c.dir/rosidl_typesupport_fastrtps_c/aubo_dashboard_msgs/srv/detail/is_in_remote_control__type_support_c.cpp.o[0m
[1.828s] [ 82%] [32mBuilding CXX object CMakeFiles/aubo_dashboard_msgs__rosidl_typesupport_fastrtps_c.dir/rosidl_typesupport_fastrtps_c/aubo_dashboard_msgs/action/detail/set_mode__type_support_c.cpp.o[0m
[1.828s] [ 82%] [32mBuilding CXX object CMakeFiles/aubo_dashboard_msgs__rosidl_typesupport_fastrtps_c.dir/rosidl_typesupport_fastrtps_c/aubo_dashboard_msgs/srv/detail/raw_request__type_support_c.cpp.o[0m
[2.228s] [ 83%] [32m[1mLinking CXX shared library libaubo_dashboard_msgs__rosidl_typesupport_fastrtps_c.so[0m
[2.269s] [ 84%] Built target aubo_dashboard_msgs__rosidl_typesupport_fastrtps_c
[2.279s] [ 84%] Built target aubo_dashboard_msgs
[2.288s] [ 85%] Built target aubo_dashboard_msgs__py
[2.303s] [ 86%] [32mBuilding C object CMakeFiles/aubo_dashboard_msgs__python.dir/rosidl_generator_py/aubo_dashboard_msgs/msg/_program_state_s.c.o[0m
[2.303s] [ 86%] [32mBuilding C object CMakeFiles/aubo_dashboard_msgs__python.dir/rosidl_generator_py/aubo_dashboard_msgs/msg/_robot_mode_s.c.o[0m
[2.304s] [ 87%] [32mBuilding C object CMakeFiles/aubo_dashboard_msgs__python.dir/rosidl_generator_py/aubo_dashboard_msgs/msg/_safety_mode_s.c.o[0m
[2.304s] [ 88%] [32mBuilding C object CMakeFiles/aubo_dashboard_msgs__python.dir/rosidl_generator_py/aubo_dashboard_msgs/srv/_add_to_log_s.c.o[0m
[2.304s] [ 88%] [32mBuilding C object CMakeFiles/aubo_dashboard_msgs__python.dir/rosidl_generator_py/aubo_dashboard_msgs/srv/_get_loaded_program_s.c.o[0m
[2.304s] [ 89%] [32mBuilding C object CMakeFiles/aubo_dashboard_msgs__python.dir/rosidl_generator_py/aubo_dashboard_msgs/srv/_get_program_state_s.c.o[0m
[2.304s] [ 90%] [32mBuilding C object CMakeFiles/aubo_dashboard_msgs__python.dir/rosidl_generator_py/aubo_dashboard_msgs/srv/_get_robot_mode_s.c.o[0m
[2.309s] [ 91%] [32mBuilding C object CMakeFiles/aubo_dashboard_msgs__python.dir/rosidl_generator_py/aubo_dashboard_msgs/srv/_raw_request_s.c.o[0m
[2.309s] [ 91%] [32mBuilding C object CMakeFiles/aubo_dashboard_msgs__python.dir/rosidl_generator_py/aubo_dashboard_msgs/srv/_get_safety_mode_s.c.o[0m
[2.309s] [ 92%] [32mBuilding C object CMakeFiles/aubo_dashboard_msgs__python.dir/rosidl_generator_py/aubo_dashboard_msgs/srv/_is_program_running_s.c.o[0m
[2.310s] [ 92%] [32mBuilding C object CMakeFiles/aubo_dashboard_msgs__python.dir/rosidl_generator_py/aubo_dashboard_msgs/action/_set_mode_s.c.o[0m
[2.310s] [ 93%] [32mBuilding C object CMakeFiles/aubo_dashboard_msgs__python.dir/rosidl_generator_py/aubo_dashboard_msgs/srv/_is_in_remote_control_s.c.o[0m
[2.310s] [ 94%] [32mBuilding C object CMakeFiles/aubo_dashboard_msgs__python.dir/rosidl_generator_py/aubo_dashboard_msgs/srv/_is_program_saved_s.c.o[0m
[2.311s] [ 95%] [32mBuilding C object CMakeFiles/aubo_dashboard_msgs__python.dir/rosidl_generator_py/aubo_dashboard_msgs/srv/_popup_s.c.o[0m
[2.311s] [ 95%] [32mBuilding C object CMakeFiles/aubo_dashboard_msgs__python.dir/rosidl_generator_py/aubo_dashboard_msgs/srv/_load_s.c.o[0m
[2.487s] [ 96%] [32m[1mLinking C shared library rosidl_generator_py/aubo_dashboard_msgs/libaubo_dashboard_msgs__python.so[0m
[2.509s] [ 96%] Built target aubo_dashboard_msgs__python
[2.520s] [ 98%] [32mBuilding C object CMakeFiles/aubo_dashboard_msgs__rosidl_typesupport_fastrtps_c__pyext.dir/rosidl_generator_py/aubo_dashboard_msgs/_aubo_dashboard_msgs_s.ep.rosidl_typesupport_fastrtps_c.c.o[0m
[2.520s] [ 98%] [32mBuilding C object CMakeFiles/aubo_dashboard_msgs__rosidl_typesupport_c__pyext.dir/rosidl_generator_py/aubo_dashboard_msgs/_aubo_dashboard_msgs_s.ep.rosidl_typesupport_c.c.o[0m
[2.520s] [ 99%] [32mBuilding C object CMakeFiles/aubo_dashboard_msgs__rosidl_typesupport_introspection_c__pyext.dir/rosidl_generator_py/aubo_dashboard_msgs/_aubo_dashboard_msgs_s.ep.rosidl_typesupport_introspection_c.c.o[0m
[2.772s] [100%] [32m[1mLinking C shared library rosidl_generator_py/aubo_dashboard_msgs/aubo_dashboard_msgs_s__rosidl_typesupport_introspection_c.cpython-38-x86_64-linux-gnu.so[0m
[2.772s] [100%] [32m[1mLinking C shared library rosidl_generator_py/aubo_dashboard_msgs/aubo_dashboard_msgs_s__rosidl_typesupport_c.cpython-38-x86_64-linux-gnu.so[0m
[2.773s] [100%] [32m[1mLinking CXX shared library rosidl_generator_py/aubo_dashboard_msgs/aubo_dashboard_msgs_s__rosidl_typesupport_fastrtps_c.cpython-38-x86_64-linux-gnu.so[0m
[2.792s] [100%] Built target aubo_dashboard_msgs__rosidl_typesupport_c__pyext
[2.792s] [100%] Built target aubo_dashboard_msgs__rosidl_typesupport_introspection_c__pyext
[2.806s] [100%] Built target aubo_dashboard_msgs__rosidl_typesupport_fastrtps_c__pyext
