[0.007s] Invoking command in '/home/mu/IVG/ws_moveit/build/moveit_core': AMENT_PREFIX_PATH=/home/mu/IVG/ws_moveit/install/moveit_common:${AMENT_PREFIX_PATH} CMAKE_PREFIX_PATH=/home/mu/IVG/ws_moveit/install/moveit_common:/home/mu/IVG/ws_moveit/install/moveit2_tutorials:/home/mu/IVG/ws_moveit/install/moveit_visual_tools:/home/mu/IVG/ws_moveit/install/rviz_visual_tools:/opt/ros/foxy /usr/bin/cmake /home/mu/IVG/ws_moveit/src/moveit2/moveit_core -DCMAKE_BUILD_TYPE=Release -DCMAKE_INSTALL_PREFIX=/home/mu/IVG/ws_moveit/install/moveit_core
[0.042s] -- The CXX compiler identification is GNU 9.4.0
[0.046s] -- Check for working CXX compiler: /usr/bin/c++
[0.113s] -- Check for working CXX compiler: /usr/bin/c++ -- works
[0.114s] -- Detecting CXX compiler ABI info
[0.171s] -- Detecting CXX compiler ABI info - done
[0.179s] -- Detecting CXX compile features
[0.179s] -- Detecting CXX compile features - done
[0.180s] -- Found moveit_common: 2.2.3 (/home/mu/IVG/ws_moveit/install/moveit_common/share/moveit_common/cmake)
[0.182s] -- Found ament_cmake: 0.9.12 (/opt/ros/foxy/share/ament_cmake/cmake)
[0.201s] -- Found PythonInterp: /usr/bin/python3 (found suitable version "3.8.10", minimum required is "3") 
[0.201s] -- Using PYTHON_EXECUTABLE: /usr/bin/python3
[0.318s] -- Found rclcpp: 2.4.3 (/opt/ros/foxy/share/rclcpp/cmake)
[0.340s] -- Using all available rosidl_typesupport_c: rosidl_typesupport_fastrtps_c;rosidl_typesupport_introspection_c
[0.343s] -- Found rosidl_adapter: 1.3.1 (/opt/ros/foxy/share/rosidl_adapter/cmake)
[0.380s] -- Found OpenSSL: /usr/lib/x86_64-linux-gnu/libcrypto.so (found version "1.1.1f")  
[0.395s] -- Found FastRTPS: /opt/ros/foxy/include  
[0.431s] -- Using all available rosidl_typesupport_cpp: rosidl_typesupport_fastrtps_cpp;rosidl_typesupport_introspection_cpp
[0.459s] -- Found rmw_implementation_cmake: 1.0.4 (/opt/ros/foxy/share/rmw_implementation_cmake/cmake)
[0.459s] -- Using RMW implementation 'rmw_fastrtps_cpp' as default
[0.461s] -- Looking for C++ include pthread.h
[0.518s] -- Looking for C++ include pthread.h - found
[0.518s] -- Performing Test CMAKE_HAVE_LIBC_PTHREAD
[0.601s] -- Performing Test CMAKE_HAVE_LIBC_PTHREAD - Failed
[0.601s] -- Looking for pthread_create in pthreads
[0.645s] -- Looking for pthread_create in pthreads - not found
[0.645s] -- Looking for pthread_create in pthread
[0.706s] -- Looking for pthread_create in pthread - found
[0.706s] -- Found Threads: TRUE  
[0.781s] -- Found eigen3_cmake_module: 0.1.1 (/opt/ros/foxy/share/eigen3_cmake_module/cmake)
[0.782s] -- Found Eigen3: TRUE (found version "3.3.7") 
[0.784s] -- Found PkgConfig: /usr/bin/pkg-config (found version "0.29.1") 
[0.785s] -- Checking for module 'fcl>=0.5.0'
[0.793s] --   Found fcl, version 0.5.0
[0.818s] -- Found Bullet: /usr/lib/x86_64-linux-gnu/libBulletDynamics.so (Required is at least version "2.87") 
[0.818s] -- Found angles: 1.12.6 (/opt/ros/foxy/share/angles/cmake)
[0.823s] -- Found urdf: 2.4.0 (/opt/ros/foxy/share/urdf/cmake)
[0.832s] -- Found tf2_eigen: 0.13.14 (/opt/ros/foxy/share/tf2_eigen/cmake)
[1.025s] -- Found tf2_kdl: 0.13.14 (/opt/ros/foxy/share/tf2_kdl/cmake)
[1.034s] -- Found tf2_geometry_msgs: 0.13.14 (/opt/ros/foxy/share/tf2_geometry_msgs/cmake)
[1.050s] -- Found eigen_stl_containers: 1.0.0 (/opt/ros/foxy/share/eigen_stl_containers/cmake)
[1.051s] -- Found geometric_shapes: 2.1.2 (/opt/ros/foxy/share/geometric_shapes/cmake)
[1.056s] -- Found Boost: /usr/lib/x86_64-linux-gnu/cmake/Boost-1.71.0/BoostConfig.cmake (found version "1.71.0") found components: filesystem 
[1.100s] -- library: /usr/lib/x86_64-linux-gnu/libcurl.so
[1.179s] -- Found kdl_parser: 2.4.1 (/opt/ros/foxy/share/kdl_parser/cmake)
[1.181s] -- Found moveit_msgs: 2.1.0 (/opt/ros/foxy/share/moveit_msgs/cmake)
[1.765s] -- Found srdfdom: 2.0.2 (/opt/ros/foxy/share/srdfdom/cmake)
[1.769s] -- Found common_interfaces: 2.0.5 (/opt/ros/foxy/share/common_interfaces/cmake)
[1.769s] -- Found pluginlib: 2.5.4 (/opt/ros/foxy/share/pluginlib/cmake)
[1.791s] -- Found Boost: /usr/lib/x86_64-linux-gnu/cmake/Boost-1.71.0/BoostConfig.cmake (found version "1.71.0") found components: chrono date_time filesystem iostreams program_options regex serialization system thread 
[1.792s] --  *** Building MoveIt 2.2.3-Alpha ***
[1.805s] -- Found ament_cmake_gtest: 0.9.12 (/opt/ros/foxy/share/ament_cmake_gtest/cmake)
[1.807s] -- Found gtest sources under '/opt/ros/foxy/src/gtest_vendor': C++ tests using 'Google Test' will be built
[1.827s] -- The C compiler identification is GNU 9.4.0
[1.829s] -- Check for working C compiler: /usr/bin/cc
[1.881s] -- Check for working C compiler: /usr/bin/cc -- works
[1.882s] -- Detecting C compiler ABI info
[1.945s] -- Detecting C compiler ABI info - done
[1.953s] -- Detecting C compile features
[1.954s] -- Detecting C compile features - done
[1.955s] -- Check if compiler accepts -pthread
[2.026s] -- Check if compiler accepts -pthread - yes
[2.031s] -- Performing Test COMPILER_HAS_HIDDEN_VISIBILITY
[2.112s] -- Performing Test COMPILER_HAS_HIDDEN_VISIBILITY - Success
[2.113s] -- Performing Test COMPILER_HAS_HIDDEN_INLINE_VISIBILITY
[2.173s] -- Performing Test COMPILER_HAS_HIDDEN_INLINE_VISIBILITY - Success
[2.173s] -- Performing Test COMPILER_HAS_DEPRECATED_ATTR
[2.239s] -- Performing Test COMPILER_HAS_DEPRECATED_ATTR - Success
[2.251s] -- Found gtest sources under '/opt/ros/foxy/src/gtest_vendor': C++ tests using 'Google Test' will be built
[2.264s] -- Found ament_cmake_gtest: 0.9.12 (/opt/ros/foxy/share/ament_cmake_gtest/cmake)
[2.265s] -- Found gtest sources under '/opt/ros/foxy/src/gtest_vendor': C++ tests using 'Google Test' will be built
[2.268s] -- Found ament_cmake_gtest: 0.9.12 (/opt/ros/foxy/share/ament_cmake_gtest/cmake)
[2.268s] -- Found gtest sources under '/opt/ros/foxy/src/gtest_vendor': C++ tests using 'Google Test' will be built
[2.276s] -- Found gtest sources under '/opt/ros/foxy/src/gtest_vendor': C++ tests using 'Google Test' will be built
[2.281s] -- Found gtest sources under '/opt/ros/foxy/src/gtest_vendor': C++ tests using 'Google Test' will be built
[2.287s] -- Found ament_cmake_gtest: 0.9.12 (/opt/ros/foxy/share/ament_cmake_gtest/cmake)
[2.287s] -- Found gtest sources under '/opt/ros/foxy/src/gtest_vendor': C++ tests using 'Google Test' will be built
[2.291s] -- Found gtest sources under '/opt/ros/foxy/src/gtest_vendor': C++ tests using 'Google Test' will be built
[2.296s] -- Found ament_cmake_gtest: 0.9.12 (/opt/ros/foxy/share/ament_cmake_gtest/cmake)
[2.296s] -- Found gtest sources under '/opt/ros/foxy/src/gtest_vendor': C++ tests using 'Google Test' will be built
[2.303s] -- Found gtest sources under '/opt/ros/foxy/src/gtest_vendor': C++ tests using 'Google Test' will be built
[2.312s] -- Found ament_cmake_gtest: 0.9.12 (/opt/ros/foxy/share/ament_cmake_gtest/cmake)
[2.313s] -- Found gtest sources under '/opt/ros/foxy/src/gtest_vendor': C++ tests using 'Google Test' will be built
[2.320s] -- Found ament_cmake_gtest: 0.9.12 (/opt/ros/foxy/share/ament_cmake_gtest/cmake)
[2.321s] -- Found gtest sources under '/opt/ros/foxy/src/gtest_vendor': C++ tests using 'Google Test' will be built
[2.330s] -- Found gtest sources under '/opt/ros/foxy/src/gtest_vendor': C++ tests using 'Google Test' will be built
[2.335s] -- Found ament_lint_auto: 0.9.8 (/opt/ros/foxy/share/ament_lint_auto/cmake)
[2.351s] -- Added test 'pep257' to check Python code against some of the style conventions in PEP 257
[2.352s] -- Added test 'xmllint' to check XML markup files
[2.358s] -- Configuring done
[2.847s] -- Generating done
[3.007s] -- Build files have been written to: /home/mu/IVG/ws_moveit/build/moveit_core
[3.023s] Invoked command in '/home/mu/IVG/ws_moveit/build/moveit_core' returned '0': AMENT_PREFIX_PATH=/home/mu/IVG/ws_moveit/install/moveit_common:${AMENT_PREFIX_PATH} CMAKE_PREFIX_PATH=/home/mu/IVG/ws_moveit/install/moveit_common:/home/mu/IVG/ws_moveit/install/moveit2_tutorials:/home/mu/IVG/ws_moveit/install/moveit_visual_tools:/home/mu/IVG/ws_moveit/install/rviz_visual_tools:/opt/ros/foxy /usr/bin/cmake /home/mu/IVG/ws_moveit/src/moveit2/moveit_core -DCMAKE_BUILD_TYPE=Release -DCMAKE_INSTALL_PREFIX=/home/mu/IVG/ws_moveit/install/moveit_core
[3.025s] Invoking command in '/home/mu/IVG/ws_moveit/build/moveit_core': AMENT_PREFIX_PATH=/home/mu/IVG/ws_moveit/install/moveit_common:${AMENT_PREFIX_PATH} CMAKE_PREFIX_PATH=/home/mu/IVG/ws_moveit/install/moveit_common:/home/mu/IVG/ws_moveit/install/moveit2_tutorials:/home/mu/IVG/ws_moveit/install/moveit_visual_tools:/home/mu/IVG/ws_moveit/install/rviz_visual_tools:/opt/ros/foxy /usr/bin/cmake --build /home/mu/IVG/ws_moveit/build/moveit_core -- -j32 -l32
[3.047s] [35m[1mScanning dependencies of target moveit_version[0m
[3.047s] [35m[1mScanning dependencies of target moveit_exceptions[0m
[3.047s] [35m[1mScanning dependencies of target moveit_profiler[0m
[3.047s] [35m[1mScanning dependencies of target moveit_kinematics_base[0m
[3.047s] [35m[1mScanning dependencies of target moveit_utils[0m
[3.047s] [35m[1mScanning dependencies of target moveit_background_processing[0m
[3.047s] [35m[1mScanning dependencies of target gtest_main[0m
[3.047s] [35m[1mScanning dependencies of target gtest[0m
[3.050s] [35m[1mScanning dependencies of target moveit_transforms[0m
[3.050s] [35m[1mScanning dependencies of target moveit_distance_field[0m
[3.051s] [  0%] [32mBuilding CXX object version/CMakeFiles/moveit_version.dir/version.cpp.o[0m
[3.056s] [  1%] [32mBuilding CXX object gtest/CMakeFiles/gtest_main.dir/src/gtest_main.cc.o[0m
[3.059s] [  2%] [32mBuilding CXX object gtest/CMakeFiles/gtest.dir/src/gtest-all.cc.o[0m
[3.061s] [  3%] [32mBuilding CXX object utils/CMakeFiles/moveit_utils.dir/src/lexical_casts.cpp.o[0m
[3.062s] [  4%] [32mBuilding CXX object utils/CMakeFiles/moveit_utils.dir/src/message_checks.cpp.o[0m
[3.062s] [  4%] [32mBuilding CXX object utils/CMakeFiles/moveit_utils.dir/src/rclcpp_utils.cpp.o[0m
[3.073s] [  5%] [32m[1mLinking CXX executable moveit_version[0m
[3.076s] [  6%] [32mBuilding CXX object profiler/CMakeFiles/moveit_profiler.dir/src/profiler.cpp.o[0m
[3.079s] [  7%] [32mBuilding CXX object exceptions/CMakeFiles/moveit_exceptions.dir/src/exceptions.cpp.o[0m
[3.079s] [  7%] [32mBuilding CXX object background_processing/CMakeFiles/moveit_background_processing.dir/src/background_processing.cpp.o[0m
[3.095s] [  8%] [32mBuilding CXX object kinematics_base/CMakeFiles/moveit_kinematics_base.dir/src/kinematics_base.cpp.o[0m
[3.103s] [  8%] Built target moveit_version
[3.122s] [  9%] [32mBuilding CXX object transforms/CMakeFiles/moveit_transforms.dir/src/transforms.cpp.o[0m
[3.147s] [ 11%] [32mBuilding CXX object distance_field/CMakeFiles/moveit_distance_field.dir/src/propagation_distance_field.cpp.o[0m
[3.147s] [ 11%] [32mBuilding CXX object distance_field/CMakeFiles/moveit_distance_field.dir/src/distance_field.cpp.o[0m
[3.147s] [ 11%] [32mBuilding CXX object distance_field/CMakeFiles/moveit_distance_field.dir/src/find_internal_points.cpp.o[0m
[3.423s] [ 12%] [32m[1mLinking CXX static library libgtest_main.a[0m
[3.440s] [ 12%] Built target gtest_main
[3.606s] [ 13%] [32m[1mLinking CXX shared library libmoveit_utils.so[0m
[3.742s] [ 13%] Built target moveit_utils
[3.971s] [ 13%] [32m[1mLinking CXX shared library libmoveit_exceptions.so[0m
[4.037s] [ 13%] Built target moveit_exceptions
[5.499s] [ 14%] [32m[1mLinking CXX shared library libmoveit_kinematics_base.so[0m
[5.564s] [ 14%] Built target moveit_kinematics_base
[5.938s] [ 15%] [32m[1mLinking CXX shared library libmoveit_background_processing.so[0m
[5.993s] [ 15%] [32m[1mLinking CXX shared library libmoveit_transforms.so[0m
[6.006s] [ 15%] Built target moveit_background_processing
[6.070s] [ 15%] Built target moveit_transforms
[6.428s] [ 16%] [32m[1mLinking CXX shared library libmoveit_distance_field.so[0m
[6.514s] [ 16%] Built target moveit_distance_field
[6.588s] [ 17%] [32m[1mLinking CXX shared library libmoveit_profiler.so[0m
[6.654s] [ 17%] Built target moveit_profiler
[6.659s] [35m[1mScanning dependencies of target moveit_robot_model[0m
[6.726s] [ 17%] [32mBuilding CXX object robot_model/CMakeFiles/moveit_robot_model.dir/src/aabb.cpp.o[0m
[6.727s] [ 18%] [32mBuilding CXX object robot_model/CMakeFiles/moveit_robot_model.dir/src/fixed_joint_model.cpp.o[0m
[6.729s] [ 19%] [32mBuilding CXX object robot_model/CMakeFiles/moveit_robot_model.dir/src/floating_joint_model.cpp.o[0m
[6.729s] [ 19%] [32mBuilding CXX object robot_model/CMakeFiles/moveit_robot_model.dir/src/joint_model.cpp.o[0m
[6.730s] [ 20%] [32mBuilding CXX object robot_model/CMakeFiles/moveit_robot_model.dir/src/joint_model_group.cpp.o[0m
[6.730s] [ 21%] [32mBuilding CXX object robot_model/CMakeFiles/moveit_robot_model.dir/src/link_model.cpp.o[0m
[6.731s] [ 21%] [32mBuilding CXX object robot_model/CMakeFiles/moveit_robot_model.dir/src/planar_joint_model.cpp.o[0m
[6.732s] [ 21%] [32mBuilding CXX object robot_model/CMakeFiles/moveit_robot_model.dir/src/robot_model.cpp.o[0m
[6.733s] [ 22%] [32mBuilding CXX object robot_model/CMakeFiles/moveit_robot_model.dir/src/revolute_joint_model.cpp.o[0m
[6.734s] [ 23%] [32mBuilding CXX object robot_model/CMakeFiles/moveit_robot_model.dir/src/prismatic_joint_model.cpp.o[0m
[7.124s] [ 23%] [32m[1mLinking CXX static library libgtest.a[0m
[7.145s] [ 23%] Built target gtest
[7.151s] [35m[1mScanning dependencies of target test_transforms[0m
[7.155s] [35m[1mScanning dependencies of target test_distance_field[0m
[7.155s] [35m[1mScanning dependencies of target test_voxel_grid[0m
[7.199s] [ 24%] [32mBuilding CXX object transforms/CMakeFiles/test_transforms.dir/test/test_transforms.cpp.o[0m
[7.227s] [ 24%] [32mBuilding CXX object distance_field/CMakeFiles/test_voxel_grid.dir/test/test_voxel_grid.cpp.o[0m
[7.256s] [ 25%] [32mBuilding CXX object distance_field/CMakeFiles/test_distance_field.dir/test/test_distance_field.cpp.o[0m
[8.633s] [ 26%] [32m[1mLinking CXX executable test_transforms[0m
[8.664s] [ 27%] [32m[1mLinking CXX executable test_voxel_grid[0m
[8.703s] [ 27%] Built target test_transforms
[8.731s] [ 27%] Built target test_voxel_grid
[11.767s] [ 27%] [32m[1mLinking CXX executable test_distance_field[0m
[11.872s] [ 27%] Built target test_distance_field
[12.760s] [ 28%] [32m[1mLinking CXX shared library libmoveit_robot_model.so[0m
[12.837s] [ 28%] Built target moveit_robot_model
[12.842s] [35m[1mScanning dependencies of target moveit_test_utils[0m
[12.842s] [35m[1mScanning dependencies of target moveit_robot_state[0m
[12.882s] [ 29%] [32mBuilding CXX object utils/CMakeFiles/moveit_test_utils.dir/src/robot_model_test_utils.cpp.o[0m
[12.901s] [ 30%] [32mBuilding CXX object robot_state/CMakeFiles/moveit_robot_state.dir/src/attached_body.cpp.o[0m
[12.905s] [ 30%] [32mBuilding CXX object robot_state/CMakeFiles/moveit_robot_state.dir/src/conversions.cpp.o[0m
[12.905s] [ 31%] [32mBuilding CXX object robot_state/CMakeFiles/moveit_robot_state.dir/src/robot_state.cpp.o[0m
[12.905s] [ 31%] [32mBuilding CXX object robot_state/CMakeFiles/moveit_robot_state.dir/src/cartesian_interpolator.cpp.o[0m
[17.259s] [ 32%] [32m[1mLinking CXX shared library libmoveit_test_utils.so[0m
[17.333s] [ 32%] Built target moveit_test_utils
[17.338s] [35m[1mScanning dependencies of target test_robot_model[0m
[17.383s] [ 33%] [32mBuilding CXX object robot_model/CMakeFiles/test_robot_model.dir/test/test.cpp.o[0m
[21.127s] [ 34%] [32m[1mLinking CXX executable test_robot_model[0m
[21.240s] [ 34%] Built target test_robot_model
[22.777s] [ 35%] [32m[1mLinking CXX shared library libmoveit_robot_state.so[0m
[22.872s] [ 35%] Built target moveit_robot_state
[22.878s] [35m[1mScanning dependencies of target test_cartesian_interpolator[0m
[22.878s] [35m[1mScanning dependencies of target moveit_collision_detection[0m
[22.878s] [35m[1mScanning dependencies of target test_aabb[0m
[22.878s] [35m[1mScanning dependencies of target test_robot_state[0m
[22.878s] [35m[1mScanning dependencies of target test_robot_state_complex[0m
[22.878s] [35m[1mScanning dependencies of target test_robot_state_benchmark[0m
[22.879s] [35m[1mScanning dependencies of target moveit_robot_trajectory[0m
[22.879s] [35m[1mScanning dependencies of target moveit_kinematics_metrics[0m
[22.882s] [35m[1mScanning dependencies of target moveit_dynamics_solver[0m
[22.932s] [ 35%] [32mBuilding CXX object robot_state/CMakeFiles/test_cartesian_interpolator.dir/test/test_cartesian_interpolator.cpp.o[0m
[22.935s] [ 35%] [32mBuilding CXX object robot_state/CMakeFiles/test_robot_state_benchmark.dir/test/robot_state_benchmark.cpp.o[0m
[22.935s] [ 35%] [32mBuilding CXX object robot_state/CMakeFiles/test_robot_state.dir/test/robot_state_test.cpp.o[0m
[22.936s] [ 36%] [32mBuilding CXX object robot_state/CMakeFiles/test_robot_state_complex.dir/test/test_kinematic_complex.cpp.o[0m
[22.937s] [ 37%] [32mBuilding CXX object robot_trajectory/CMakeFiles/moveit_robot_trajectory.dir/src/robot_trajectory.cpp.o[0m
[22.937s] [ 37%] [32mBuilding CXX object kinematics_metrics/CMakeFiles/moveit_kinematics_metrics.dir/src/kinematics_metrics.cpp.o[0m
[22.937s] [ 38%] [32mBuilding CXX object robot_state/CMakeFiles/test_aabb.dir/test/test_aabb.cpp.o[0m
[22.963s] [ 38%] [32mBuilding CXX object dynamics_solver/CMakeFiles/moveit_dynamics_solver.dir/src/dynamics_solver.cpp.o[0m
[22.991s] [ 39%] [32mBuilding CXX object collision_detection/CMakeFiles/moveit_collision_detection.dir/src/allvalid/collision_env_allvalid.cpp.o[0m
[22.991s] [ 40%] [32mBuilding CXX object collision_detection/CMakeFiles/moveit_collision_detection.dir/src/collision_matrix.cpp.o[0m
[22.991s] [ 40%] [32mBuilding CXX object collision_detection/CMakeFiles/moveit_collision_detection.dir/src/collision_common.cpp.o[0m
[22.991s] [ 41%] [32mBuilding CXX object collision_detection/CMakeFiles/moveit_collision_detection.dir/src/collision_octomap_filter.cpp.o[0m
[22.992s] [ 41%] [32mBuilding CXX object collision_detection/CMakeFiles/moveit_collision_detection.dir/src/collision_tools.cpp.o[0m
[22.993s] [ 42%] [32mBuilding CXX object collision_detection/CMakeFiles/moveit_collision_detection.dir/src/world.cpp.o[0m
[22.993s] [ 43%] [32mBuilding CXX object collision_detection/CMakeFiles/moveit_collision_detection.dir/src/world_diff.cpp.o[0m
[22.994s] [ 43%] [32mBuilding CXX object collision_detection/CMakeFiles/moveit_collision_detection.dir/src/collision_env.cpp.o[0m
[26.411s] [ 44%] [32m[1mLinking CXX executable test_cartesian_interpolator[0m
[26.558s] [ 44%] Built target test_cartesian_interpolator
[27.434s] [ 45%] [32m[1mLinking CXX shared library libmoveit_dynamics_solver.so[0m
[27.596s] [ 45%] Built target moveit_dynamics_solver
[27.854s] [ 46%] [32m[1mLinking CXX executable test_robot_state_benchmark[0m
[27.891s] [ 47%] [32m[1mLinking CXX executable test_robot_state[0m
[27.915s] [ 48%] [32m[1mLinking CXX shared library libmoveit_collision_detection.so[0m
[27.998s] [ 48%] Built target test_robot_state_benchmark
[28.034s] [ 48%] Built target moveit_collision_detection
[28.040s] [35m[1mScanning dependencies of target test_all_valid[0m
[28.040s] [35m[1mScanning dependencies of target test_world_diff[0m
[28.040s] [35m[1mScanning dependencies of target test_world[0m
[28.041s] [35m[1mScanning dependencies of target moveit_collision_detection_bullet[0m
[28.043s] [ 48%] Built target test_robot_state
[28.043s] [35m[1mScanning dependencies of target moveit_collision_detection_fcl[0m
[28.066s] [ 50%] [32mBuilding CXX object collision_detection/CMakeFiles/test_world_diff.dir/test/test_world_diff.cpp.o[0m
[28.066s] [ 50%] [32mBuilding CXX object collision_detection/CMakeFiles/test_world.dir/test/test_world.cpp.o[0m
[28.099s] [ 51%] [32mBuilding CXX object collision_detection/CMakeFiles/test_all_valid.dir/test/test_all_valid.cpp.o[0m
[28.149s] [ 52%] [32mBuilding CXX object collision_detection_fcl/CMakeFiles/moveit_collision_detection_fcl.dir/src/collision_common.cpp.o[0m
[28.150s] [ 52%] [32mBuilding CXX object collision_detection_fcl/CMakeFiles/moveit_collision_detection_fcl.dir/src/collision_env_fcl.cpp.o[0m
[28.167s] [ 52%] [32mBuilding CXX object collision_detection_bullet/CMakeFiles/moveit_collision_detection_bullet.dir/src/bullet_integration/bullet_utils.cpp.o[0m
[28.170s] [ 53%] [32mBuilding CXX object collision_detection_bullet/CMakeFiles/moveit_collision_detection_bullet.dir/src/bullet_integration/bullet_discrete_bvh_manager.cpp.o[0m
[28.170s] [ 54%] [32mBuilding CXX object collision_detection_bullet/CMakeFiles/moveit_collision_detection_bullet.dir/src/bullet_integration/bullet_cast_bvh_manager.cpp.o[0m
[28.174s] [ 54%] [32mBuilding CXX object collision_detection_bullet/CMakeFiles/moveit_collision_detection_bullet.dir/src/collision_env_bullet.cpp.o[0m
[28.174s] [ 55%] [32mBuilding CXX object collision_detection_bullet/CMakeFiles/moveit_collision_detection_bullet.dir/src/bullet_integration/bullet_bvh_manager.cpp.o[0m
[28.174s] [ 56%] [32mBuilding CXX object collision_detection_bullet/CMakeFiles/moveit_collision_detection_bullet.dir/src/bullet_integration/contact_checker_common.cpp.o[0m
[28.175s] [ 56%] [32mBuilding CXX object collision_detection_bullet/CMakeFiles/moveit_collision_detection_bullet.dir/src/bullet_integration/ros_bullet_utils.cpp.o[0m
[28.372s] [ 56%] [32m[1mLinking CXX executable test_aabb[0m
[28.645s] [ 56%] Built target test_aabb
[28.998s] [ 56%] [32m[1mLinking CXX executable test_robot_state_complex[0m
[29.200s] [ 56%] Built target test_robot_state_complex
[29.210s] [ 56%] [32m[1mLinking CXX shared library libmoveit_robot_trajectory.so[0m
[29.329s] [ 56%] Built target moveit_robot_trajectory
[29.341s] [35m[1mScanning dependencies of target test_robot_trajectory[0m
[29.341s] [35m[1mScanning dependencies of target moveit_trajectory_processing[0m
[29.341s] [35m[1mScanning dependencies of target moveit_planning_interface[0m
[29.451s] [ 57%] [32mBuilding CXX object robot_trajectory/CMakeFiles/test_robot_trajectory.dir/test/test_robot_trajectory.cpp.o[0m
[29.465s] [ 57%] [32mBuilding CXX object planning_interface/CMakeFiles/moveit_planning_interface.dir/src/planning_response.cpp.o[0m
[29.465s] [ 58%] [32mBuilding CXX object planning_interface/CMakeFiles/moveit_planning_interface.dir/src/planning_interface.cpp.o[0m
[29.475s] [ 58%] [32mBuilding CXX object trajectory_processing/CMakeFiles/moveit_trajectory_processing.dir/src/iterative_time_parameterization.cpp.o[0m
[29.475s] [ 59%] [32mBuilding CXX object trajectory_processing/CMakeFiles/moveit_trajectory_processing.dir/src/iterative_spline_parameterization.cpp.o[0m
[29.476s] [ 59%] [32mBuilding CXX object trajectory_processing/CMakeFiles/moveit_trajectory_processing.dir/src/time_optimal_trajectory_generation.cpp.o[0m
[29.481s] [ 60%] [32mBuilding CXX object trajectory_processing/CMakeFiles/moveit_trajectory_processing.dir/src/trajectory_tools.cpp.o[0m
[31.045s] [ 60%] [32m[1mLinking CXX executable test_world[0m
[31.232s] [ 60%] Built target test_world
[31.935s] [ 61%] [32m[1mLinking CXX executable test_world_diff[0m
[32.106s] [ 61%] Built target test_world_diff
[33.585s] [ 62%] [32m[1mLinking CXX executable test_all_valid[0m
[33.722s] [ 62%] Built target test_all_valid
[34.181s] [ 63%] [32m[1mLinking CXX shared library libmoveit_collision_detection_bullet.so[0m
[34.313s] [ 63%] Built target moveit_collision_detection_bullet
[34.319s] [35m[1mScanning dependencies of target test_bullet_continuous_collision_checking[0m
[34.319s] [35m[1mScanning dependencies of target test_bullet_collision_detection_panda[0m
[34.322s] [35m[1mScanning dependencies of target test_bullet_collision_detection[0m
[34.347s] [ 64%] [32m[1mLinking CXX executable test_robot_trajectory[0m
[34.389s] [ 65%] [32mBuilding CXX object collision_detection_bullet/CMakeFiles/test_bullet_continuous_collision_checking.dir/test/test_bullet_continuous_collision_checking.cpp.o[0m
[34.389s] [ 66%] [32mBuilding CXX object collision_detection_bullet/CMakeFiles/test_bullet_collision_detection_panda.dir/test/test_bullet_collision_detection_panda.cpp.o[0m
[34.430s] [ 66%] [32mBuilding CXX object collision_detection_bullet/CMakeFiles/test_bullet_collision_detection.dir/test/test_bullet_collision_detection_pr2.cpp.o[0m
[34.509s] [ 66%] Built target test_robot_trajectory
[34.598s] [ 67%] [32m[1mLinking CXX shared library libmoveit_kinematics_metrics.so[0m
[34.695s] [ 67%] Built target moveit_kinematics_metrics
[34.756s] [ 68%] [32m[1mLinking CXX shared library libmoveit_trajectory_processing.so[0m
[34.833s] [ 69%] [32m[1mLinking CXX shared library libmoveit_planning_interface.so[0m
[34.862s] [ 69%] Built target moveit_trajectory_processing
[34.868s] [35m[1mScanning dependencies of target test_time_optimal_trajectory_generation[0m
[34.869s] [35m[1mScanning dependencies of target test_time_parameterization[0m
[34.926s] [ 69%] [32mBuilding CXX object trajectory_processing/CMakeFiles/test_time_optimal_trajectory_generation.dir/test/test_time_optimal_trajectory_generation.cpp.o[0m
[34.928s] [ 70%] [32mBuilding CXX object trajectory_processing/CMakeFiles/test_time_parameterization.dir/test/test_time_parameterization.cpp.o[0m
[34.934s] [ 70%] Built target moveit_planning_interface
[35.235s] [ 71%] [32m[1mLinking CXX shared library libmoveit_collision_detection_fcl.so[0m
[35.478s] [ 71%] Built target moveit_collision_detection_fcl
[35.484s] [35m[1mScanning dependencies of target test_fcl_collision_detection_panda[0m
[35.484s] [35m[1mScanning dependencies of target test_fcl_collision_env[0m
[35.485s] [35m[1mScanning dependencies of target moveit_kinematic_constraints[0m
[35.488s] [35m[1mScanning dependencies of target test_fcl_collision_detection[0m
[35.549s] [ 72%] [32mBuilding CXX object collision_detection_fcl/CMakeFiles/test_fcl_collision_env.dir/test/test_fcl_env.cpp.o[0m
[35.549s] [ 72%] [32mBuilding CXX object collision_detection_fcl/CMakeFiles/test_fcl_collision_detection_panda.dir/test/test_fcl_collision_detection_panda.cpp.o[0m
[35.561s] [ 73%] [32mBuilding CXX object kinematic_constraints/CMakeFiles/moveit_kinematic_constraints.dir/src/utils.cpp.o[0m
[35.561s] [ 74%] [32mBuilding CXX object kinematic_constraints/CMakeFiles/moveit_kinematic_constraints.dir/src/kinematic_constraint.cpp.o[0m
[35.591s] [ 75%] [32mBuilding CXX object collision_detection_fcl/CMakeFiles/test_fcl_collision_detection.dir/test/test_fcl_collision_detection_pr2.cpp.o[0m
[38.544s] [ 76%] [32m[1mLinking CXX executable test_time_optimal_trajectory_generation[0m
[38.674s] [ 76%] Built target test_time_optimal_trajectory_generation
[38.772s] [ 76%] [32m[1mLinking CXX executable test_bullet_collision_detection_panda[0m
[38.905s] [ 77%] [32m[1mLinking CXX executable test_bullet_continuous_collision_checking[0m
[38.940s] [ 77%] Built target test_bullet_collision_detection_panda
[39.097s] [ 77%] Built target test_bullet_continuous_collision_checking
[39.352s] [ 77%] [32m[1mLinking CXX executable test_time_parameterization[0m
[39.523s] [ 77%] Built target test_time_parameterization
[39.677s] [ 78%] [32m[1mLinking CXX executable test_bullet_collision_detection[0m
[39.850s] [ 78%] Built target test_bullet_collision_detection
[39.951s] [ 78%] [32m[1mLinking CXX executable test_fcl_collision_env[0m
[40.148s] [ 78%] Built target test_fcl_collision_env
[40.399s] [ 79%] [32m[1mLinking CXX executable test_fcl_collision_detection_panda[0m
[40.568s] [ 79%] Built target test_fcl_collision_detection_panda
[40.666s] [ 80%] [32m[1mLinking CXX executable test_fcl_collision_detection[0m
[40.828s] [ 80%] Built target test_fcl_collision_detection
[41.806s] [ 80%] [32m[1mLinking CXX shared library libmoveit_kinematic_constraints.so[0m
[41.918s] [ 80%] Built target moveit_kinematic_constraints
[41.923s] [35m[1mScanning dependencies of target moveit_planning_scene[0m
[41.923s] [35m[1mScanning dependencies of target test_orientation_constraints[0m
[41.923s] [35m[1mScanning dependencies of target test_constraints[0m
[41.980s] [ 80%] [32mBuilding CXX object kinematic_constraints/CMakeFiles/test_orientation_constraints.dir/test/test_orientation_constraints.cpp.o[0m
[41.984s] [ 81%] [32mBuilding CXX object planning_scene/CMakeFiles/moveit_planning_scene.dir/src/planning_scene.cpp.o[0m
[41.985s] [ 81%] [32mBuilding CXX object kinematic_constraints/CMakeFiles/test_constraints.dir/test/test_constraints.cpp.o[0m
[45.560s] [ 82%] [32m[1mLinking CXX executable test_orientation_constraints[0m
[45.727s] [ 82%] Built target test_orientation_constraints
[46.895s] [ 83%] [32m[1mLinking CXX executable test_constraints[0m
[47.048s] [ 83%] Built target test_constraints
[50.114s] [ 83%] [32m[1mLinking CXX shared library libmoveit_planning_scene.so[0m
[50.229s] [ 83%] Built target moveit_planning_scene
[50.234s] [35m[1mScanning dependencies of target collision_detector_fcl_plugin[0m
[50.234s] [35m[1mScanning dependencies of target test_multi_threaded[0m
[50.234s] [35m[1mScanning dependencies of target test_planning_scene[0m
[50.234s] [35m[1mScanning dependencies of target moveit_constraint_samplers[0m
[50.235s] [35m[1mScanning dependencies of target moveit_planning_request_adapter[0m
[50.235s] [35m[1mScanning dependencies of target moveit_collision_distance_field[0m
[50.235s] [35m[1mScanning dependencies of target collision_detector_bullet_plugin[0m
[50.295s] [ 83%] [32mBuilding CXX object collision_detection_fcl/CMakeFiles/collision_detector_fcl_plugin.dir/src/collision_detector_fcl_plugin_loader.cpp.o[0m
[50.297s] [ 84%] [32mBuilding CXX object planning_scene/CMakeFiles/test_planning_scene.dir/test/test_planning_scene.cpp.o[0m
[50.297s] [ 84%] [32mBuilding CXX object planning_request_adapter/CMakeFiles/moveit_planning_request_adapter.dir/src/planning_request_adapter.cpp.o[0m
[50.298s] [ 85%] [32mBuilding CXX object planning_scene/CMakeFiles/test_multi_threaded.dir/test/test_multi_threaded.cpp.o[0m
[50.299s] [ 85%] [32mBuilding CXX object collision_detection_bullet/CMakeFiles/collision_detector_bullet_plugin.dir/src/collision_detector_bullet_plugin_loader.cpp.o[0m
[50.322s] [ 86%] [32mBuilding CXX object collision_distance_field/CMakeFiles/moveit_collision_distance_field.dir/src/collision_distance_field_types.cpp.o[0m
[50.325s] [ 86%] [32mBuilding CXX object constraint_samplers/CMakeFiles/moveit_constraint_samplers.dir/src/constraint_sampler_tools.cpp.o[0m
[50.325s] [ 88%] [32mBuilding CXX object constraint_samplers/CMakeFiles/moveit_constraint_samplers.dir/src/constraint_sampler.cpp.o[0m
[50.326s] [ 88%] [32mBuilding CXX object constraint_samplers/CMakeFiles/moveit_constraint_samplers.dir/src/constraint_sampler_manager.cpp.o[0m
[50.326s] [ 89%] [32mBuilding CXX object constraint_samplers/CMakeFiles/moveit_constraint_samplers.dir/src/default_constraint_samplers.cpp.o[0m
[50.326s] [ 89%] [32mBuilding CXX object constraint_samplers/CMakeFiles/moveit_constraint_samplers.dir/src/union_constraint_sampler.cpp.o[0m
[50.327s] [ 89%] [32mBuilding CXX object collision_distance_field/CMakeFiles/moveit_collision_distance_field.dir/src/collision_common_distance_field.cpp.o[0m
[50.327s] [ 90%] [32mBuilding CXX object collision_distance_field/CMakeFiles/moveit_collision_distance_field.dir/src/collision_env_distance_field.cpp.o[0m
[50.327s] [ 91%] [32mBuilding CXX object collision_distance_field/CMakeFiles/moveit_collision_distance_field.dir/src/collision_env_hybrid.cpp.o[0m
[55.046s] [ 92%] [32m[1mLinking CXX shared library libcollision_detector_fcl_plugin.so[0m
[55.167s] [ 92%] Built target collision_detector_fcl_plugin
[55.199s] [ 93%] [32m[1mLinking CXX shared library libcollision_detector_bullet_plugin.so[0m
[55.219s] [ 94%] [32m[1mLinking CXX executable test_multi_threaded[0m
[55.324s] [ 94%] Built target collision_detector_bullet_plugin
[55.466s] [ 94%] Built target test_multi_threaded
[56.570s] [ 95%] [32m[1mLinking CXX shared library libmoveit_planning_request_adapter.so[0m
[56.690s] [ 95%] Built target moveit_planning_request_adapter
[57.779s] [ 95%] [32m[1mLinking CXX executable test_planning_scene[0m
[57.988s] [ 95%] Built target test_planning_scene
[58.265s] [ 96%] [32m[1mLinking CXX shared library libmoveit_constraint_samplers.so[0m
[58.366s] [ 96%] Built target moveit_constraint_samplers
[58.371s] [35m[1mScanning dependencies of target test_constraint_samplers[0m
[58.446s] [ 97%] [32mBuilding CXX object constraint_samplers/CMakeFiles/test_constraint_samplers.dir/test/test_constraint_samplers.cpp.o[0m
[58.446s] [ 98%] [32mBuilding CXX object constraint_samplers/CMakeFiles/test_constraint_samplers.dir/test/pr2_arm_kinematics_plugin.cpp.o[0m
[58.447s] [ 98%] [32mBuilding CXX object constraint_samplers/CMakeFiles/test_constraint_samplers.dir/test/pr2_arm_ik.cpp.o[0m
[60.465s] [ 98%] [32m[1mLinking CXX shared library libmoveit_collision_distance_field.so[0m
[60.632s] [ 98%] Built target moveit_collision_distance_field
[60.639s] [35m[1mScanning dependencies of target test_collision_distance_field[0m
[60.710s] [ 99%] [32mBuilding CXX object collision_distance_field/CMakeFiles/test_collision_distance_field.dir/test/test_collision_distance_field.cpp.o[0m
[63.942s] [100%] [32m[1mLinking CXX executable test_constraint_samplers[0m
[64.117s] [100%] Built target test_constraint_samplers
[65.383s] [100%] [32m[1mLinking CXX executable test_collision_distance_field[0m
[65.535s] [100%] Built target test_collision_distance_field
[65.541s] Invoked command in '/home/mu/IVG/ws_moveit/build/moveit_core' returned '0': AMENT_PREFIX_PATH=/home/mu/IVG/ws_moveit/install/moveit_common:${AMENT_PREFIX_PATH} CMAKE_PREFIX_PATH=/home/mu/IVG/ws_moveit/install/moveit_common:/home/mu/IVG/ws_moveit/install/moveit2_tutorials:/home/mu/IVG/ws_moveit/install/moveit_visual_tools:/home/mu/IVG/ws_moveit/install/rviz_visual_tools:/opt/ros/foxy /usr/bin/cmake --build /home/mu/IVG/ws_moveit/build/moveit_core -- -j32 -l32
[65.543s] Invoking command in '/home/mu/IVG/ws_moveit/build/moveit_core': AMENT_PREFIX_PATH=/home/mu/IVG/ws_moveit/install/moveit_common:${AMENT_PREFIX_PATH} CMAKE_PREFIX_PATH=/home/mu/IVG/ws_moveit/install/moveit_common:/home/mu/IVG/ws_moveit/install/moveit2_tutorials:/home/mu/IVG/ws_moveit/install/moveit_visual_tools:/home/mu/IVG/ws_moveit/install/rviz_visual_tools:/opt/ros/foxy /usr/bin/cmake --install /home/mu/IVG/ws_moveit/build/moveit_core
[65.548s] -- Install configuration: "Release"
[65.548s] -- Installing: /home/mu/IVG/ws_moveit/install/moveit_core/share/moveit_core/collision_detector_fcl_description.xml
[65.548s] -- Installing: /home/mu/IVG/ws_moveit/install/moveit_core/share/moveit_core/collision_detector_bullet_description.xml
[65.549s] -- Installing: /home/mu/IVG/ws_moveit/install/moveit_core/include/moveit/version.h
[65.549s] -- Up-to-date: /home/mu/IVG/ws_moveit/install/moveit_core/share/moveit_core/collision_detector_bullet_description.xml
[65.549s] -- Installing: /home/mu/IVG/ws_moveit/install/moveit_core/lib/libmoveit_exceptions.so.2.2.3
[65.549s] -- Set runtime path of "/home/mu/IVG/ws_moveit/install/moveit_core/lib/libmoveit_exceptions.so.2.2.3" to ""
[65.549s] -- Installing: /home/mu/IVG/ws_moveit/install/moveit_core/lib/libmoveit_exceptions.so
[65.549s] -- Installing: /home/mu/IVG/ws_moveit/install/moveit_core/lib/libmoveit_background_processing.so.2.2.3
[65.549s] -- Set runtime path of "/home/mu/IVG/ws_moveit/install/moveit_core/lib/libmoveit_background_processing.so.2.2.3" to ""
[65.549s] -- Installing: /home/mu/IVG/ws_moveit/install/moveit_core/lib/libmoveit_background_processing.so
[65.549s] -- Installing: /home/mu/IVG/ws_moveit/install/moveit_core/lib/libmoveit_kinematics_base.so
[65.549s] -- Set runtime path of "/home/mu/IVG/ws_moveit/install/moveit_core/lib/libmoveit_kinematics_base.so" to ""
[65.549s] -- Installing: /home/mu/IVG/ws_moveit/install/moveit_core/lib/libmoveit_robot_model.so.2.2.3
[65.550s] -- Set runtime path of "/home/mu/IVG/ws_moveit/install/moveit_core/lib/libmoveit_robot_model.so.2.2.3" to ""
[65.550s] -- Installing: /home/mu/IVG/ws_moveit/install/moveit_core/lib/libmoveit_robot_model.so
[65.550s] -- Installing: /home/mu/IVG/ws_moveit/install/moveit_core/lib/libmoveit_transforms.so.2.2.3
[65.550s] -- Set runtime path of "/home/mu/IVG/ws_moveit/install/moveit_core/lib/libmoveit_transforms.so.2.2.3" to ""
[65.550s] -- Installing: /home/mu/IVG/ws_moveit/install/moveit_core/lib/libmoveit_transforms.so
[65.550s] -- Installing: /home/mu/IVG/ws_moveit/install/moveit_core/lib/libmoveit_robot_state.so.2.2.3
[65.550s] -- Set runtime path of "/home/mu/IVG/ws_moveit/install/moveit_core/lib/libmoveit_robot_state.so.2.2.3" to ""
[65.550s] -- Installing: /home/mu/IVG/ws_moveit/install/moveit_core/lib/libmoveit_robot_state.so
[65.550s] -- Installing: /home/mu/IVG/ws_moveit/install/moveit_core/lib/libmoveit_robot_trajectory.so.2.2.3
[65.550s] -- Set runtime path of "/home/mu/IVG/ws_moveit/install/moveit_core/lib/libmoveit_robot_trajectory.so.2.2.3" to ""
[65.551s] -- Installing: /home/mu/IVG/ws_moveit/install/moveit_core/lib/libmoveit_robot_trajectory.so
[65.551s] -- Installing: /home/mu/IVG/ws_moveit/install/moveit_core/lib/libmoveit_planning_interface.so.2.2.3
[65.551s] -- Set runtime path of "/home/mu/IVG/ws_moveit/install/moveit_core/lib/libmoveit_planning_interface.so.2.2.3" to ""
[65.551s] -- Installing: /home/mu/IVG/ws_moveit/install/moveit_core/lib/libmoveit_planning_interface.so
[65.551s] -- Installing: /home/mu/IVG/ws_moveit/install/moveit_core/lib/libmoveit_collision_detection.so.2.2.3
[65.551s] -- Set runtime path of "/home/mu/IVG/ws_moveit/install/moveit_core/lib/libmoveit_collision_detection.so.2.2.3" to ""
[65.551s] -- Installing: /home/mu/IVG/ws_moveit/install/moveit_core/lib/libmoveit_collision_detection.so
[65.551s] -- Installing: /home/mu/IVG/ws_moveit/install/moveit_core/lib/libmoveit_collision_detection_fcl.so.2.2.3
[65.552s] -- Set runtime path of "/home/mu/IVG/ws_moveit/install/moveit_core/lib/libmoveit_collision_detection_fcl.so.2.2.3" to ""
[65.552s] -- Installing: /home/mu/IVG/ws_moveit/install/moveit_core/lib/libmoveit_collision_detection_fcl.so
[65.552s] -- Installing: /home/mu/IVG/ws_moveit/install/moveit_core/lib/libmoveit_collision_detection_bullet.so.2.2.3
[65.552s] -- Set runtime path of "/home/mu/IVG/ws_moveit/install/moveit_core/lib/libmoveit_collision_detection_bullet.so.2.2.3" to ""
[65.552s] -- Installing: /home/mu/IVG/ws_moveit/install/moveit_core/lib/libmoveit_collision_detection_bullet.so
[65.552s] -- Installing: /home/mu/IVG/ws_moveit/install/moveit_core/lib/libmoveit_kinematic_constraints.so.2.2.3
[65.552s] -- Set runtime path of "/home/mu/IVG/ws_moveit/install/moveit_core/lib/libmoveit_kinematic_constraints.so.2.2.3" to ""
[65.552s] -- Installing: /home/mu/IVG/ws_moveit/install/moveit_core/lib/libmoveit_kinematic_constraints.so
[65.553s] -- Installing: /home/mu/IVG/ws_moveit/install/moveit_core/lib/libmoveit_planning_scene.so.2.2.3
[65.553s] -- Set runtime path of "/home/mu/IVG/ws_moveit/install/moveit_core/lib/libmoveit_planning_scene.so.2.2.3" to ""
[65.553s] -- Installing: /home/mu/IVG/ws_moveit/install/moveit_core/lib/libmoveit_planning_scene.so
[65.553s] -- Installing: /home/mu/IVG/ws_moveit/install/moveit_core/lib/libmoveit_constraint_samplers.so.2.2.3
[65.553s] -- Set runtime path of "/home/mu/IVG/ws_moveit/install/moveit_core/lib/libmoveit_constraint_samplers.so.2.2.3" to ""
[65.553s] -- Installing: /home/mu/IVG/ws_moveit/install/moveit_core/lib/libmoveit_constraint_samplers.so
[65.553s] -- Installing: /home/mu/IVG/ws_moveit/install/moveit_core/lib/libmoveit_planning_request_adapter.so.2.2.3
[65.554s] -- Set runtime path of "/home/mu/IVG/ws_moveit/install/moveit_core/lib/libmoveit_planning_request_adapter.so.2.2.3" to ""
[65.554s] -- Installing: /home/mu/IVG/ws_moveit/install/moveit_core/lib/libmoveit_planning_request_adapter.so
[65.554s] -- Installing: /home/mu/IVG/ws_moveit/install/moveit_core/lib/libmoveit_profiler.so.2.2.3
[65.554s] -- Set runtime path of "/home/mu/IVG/ws_moveit/install/moveit_core/lib/libmoveit_profiler.so.2.2.3" to ""
[65.554s] -- Installing: /home/mu/IVG/ws_moveit/install/moveit_core/lib/libmoveit_profiler.so
[65.554s] -- Installing: /home/mu/IVG/ws_moveit/install/moveit_core/lib/libmoveit_trajectory_processing.so.2.2.3
[65.554s] -- Set runtime path of "/home/mu/IVG/ws_moveit/install/moveit_core/lib/libmoveit_trajectory_processing.so.2.2.3" to ""
[65.554s] -- Installing: /home/mu/IVG/ws_moveit/install/moveit_core/lib/libmoveit_trajectory_processing.so
[65.554s] -- Installing: /home/mu/IVG/ws_moveit/install/moveit_core/lib/libmoveit_distance_field.so.2.2.3
[65.554s] -- Set runtime path of "/home/mu/IVG/ws_moveit/install/moveit_core/lib/libmoveit_distance_field.so.2.2.3" to ""
[65.554s] -- Installing: /home/mu/IVG/ws_moveit/install/moveit_core/lib/libmoveit_distance_field.so
[65.555s] -- Installing: /home/mu/IVG/ws_moveit/install/moveit_core/lib/libmoveit_collision_distance_field.so.2.2.3
[65.555s] -- Set runtime path of "/home/mu/IVG/ws_moveit/install/moveit_core/lib/libmoveit_collision_distance_field.so.2.2.3" to ""
[65.555s] -- Installing: /home/mu/IVG/ws_moveit/install/moveit_core/lib/libmoveit_collision_distance_field.so
[65.555s] -- Installing: /home/mu/IVG/ws_moveit/install/moveit_core/lib/libmoveit_kinematics_metrics.so.2.2.3
[65.555s] -- Set runtime path of "/home/mu/IVG/ws_moveit/install/moveit_core/lib/libmoveit_kinematics_metrics.so.2.2.3" to ""
[65.555s] -- Installing: /home/mu/IVG/ws_moveit/install/moveit_core/lib/libmoveit_kinematics_metrics.so
[65.555s] -- Installing: /home/mu/IVG/ws_moveit/install/moveit_core/lib/libmoveit_dynamics_solver.so.2.2.3
[65.556s] -- Set runtime path of "/home/mu/IVG/ws_moveit/install/moveit_core/lib/libmoveit_dynamics_solver.so.2.2.3" to ""
[65.556s] -- Installing: /home/mu/IVG/ws_moveit/install/moveit_core/lib/libmoveit_dynamics_solver.so
[65.556s] -- Installing: /home/mu/IVG/ws_moveit/install/moveit_core/lib/libmoveit_utils.so.2.2.3
[65.556s] -- Set runtime path of "/home/mu/IVG/ws_moveit/install/moveit_core/lib/libmoveit_utils.so.2.2.3" to ""
[65.556s] -- Installing: /home/mu/IVG/ws_moveit/install/moveit_core/lib/libmoveit_utils.so
[65.556s] -- Installing: /home/mu/IVG/ws_moveit/install/moveit_core/lib/libmoveit_test_utils.so.2.2.3
[65.556s] -- Set runtime path of "/home/mu/IVG/ws_moveit/install/moveit_core/lib/libmoveit_test_utils.so.2.2.3" to ""
[65.556s] -- Installing: /home/mu/IVG/ws_moveit/install/moveit_core/lib/libmoveit_test_utils.so
[65.556s] -- Installing: /home/mu/IVG/ws_moveit/install/moveit_core/share/moveit_core/environment/library_path.sh
[65.556s] -- Installing: /home/mu/IVG/ws_moveit/install/moveit_core/share/moveit_core/environment/library_path.dsv
[65.556s] -- Installing: /home/mu/IVG/ws_moveit/install/moveit_core/share/ament_index/resource_index/package_run_dependencies/moveit_core
[65.556s] -- Installing: /home/mu/IVG/ws_moveit/install/moveit_core/share/ament_index/resource_index/parent_prefix_path/moveit_core
[65.556s] -- Installing: /home/mu/IVG/ws_moveit/install/moveit_core/share/moveit_core/environment/ament_prefix_path.sh
[65.557s] -- Installing: /home/mu/IVG/ws_moveit/install/moveit_core/share/moveit_core/environment/ament_prefix_path.dsv
[65.557s] -- Installing: /home/mu/IVG/ws_moveit/install/moveit_core/share/moveit_core/environment/path.sh
[65.557s] -- Installing: /home/mu/IVG/ws_moveit/install/moveit_core/share/moveit_core/environment/path.dsv
[65.557s] -- Installing: /home/mu/IVG/ws_moveit/install/moveit_core/share/moveit_core/local_setup.bash
[65.557s] -- Installing: /home/mu/IVG/ws_moveit/install/moveit_core/share/moveit_core/local_setup.sh
[65.557s] -- Installing: /home/mu/IVG/ws_moveit/install/moveit_core/share/moveit_core/local_setup.zsh
[65.557s] -- Installing: /home/mu/IVG/ws_moveit/install/moveit_core/share/moveit_core/local_setup.dsv
[65.557s] -- Installing: /home/mu/IVG/ws_moveit/install/moveit_core/share/moveit_core/package.dsv
[65.557s] -- Installing: /home/mu/IVG/ws_moveit/install/moveit_core/share/ament_index/resource_index/packages/moveit_core
[65.557s] -- Installing: /home/mu/IVG/ws_moveit/install/moveit_core/share/ament_index/resource_index/moveit_core__pluginlib__plugin/moveit_core
[65.557s] -- Installing: /home/mu/IVG/ws_moveit/install/moveit_core/share/moveit_core/cmake/export_moveit_coreExport.cmake
[65.557s] -- Installing: /home/mu/IVG/ws_moveit/install/moveit_core/share/moveit_core/cmake/export_moveit_coreExport-release.cmake
[65.557s] -- Installing: /home/mu/IVG/ws_moveit/install/moveit_core/share/moveit_core/cmake/ConfigExtras.cmake
[65.557s] -- Installing: /home/mu/IVG/ws_moveit/install/moveit_core/share/moveit_core/cmake/ament_cmake_export_targets-extras.cmake
[65.557s] -- Installing: /home/mu/IVG/ws_moveit/install/moveit_core/share/moveit_core/cmake/ament_cmake_export_dependencies-extras.cmake
[65.558s] -- Installing: /home/mu/IVG/ws_moveit/install/moveit_core/share/moveit_core/cmake/moveit_coreConfig.cmake
[65.558s] -- Installing: /home/mu/IVG/ws_moveit/install/moveit_core/share/moveit_core/cmake/moveit_coreConfig-version.cmake
[65.558s] -- Installing: /home/mu/IVG/ws_moveit/install/moveit_core/share/moveit_core/package.xml
[65.558s] -- Installing: /home/mu/IVG/ws_moveit/install/moveit_core/bin/moveit_version
[65.558s] -- Up-to-date: /home/mu/IVG/ws_moveit/install/moveit_core/include
[65.558s] -- Up-to-date: /home/mu/IVG/ws_moveit/install/moveit_core/include/moveit
[65.558s] -- Installing: /home/mu/IVG/ws_moveit/install/moveit_core/include/moveit/macros
[65.558s] -- Installing: /home/mu/IVG/ws_moveit/install/moveit_core/include/moveit/macros/console_colors.h
[65.558s] -- Installing: /home/mu/IVG/ws_moveit/install/moveit_core/include/moveit/macros/declare_ptr.h
[65.558s] -- Installing: /home/mu/IVG/ws_moveit/install/moveit_core/include/moveit/macros/class_forward.h
[65.558s] -- Installing: /home/mu/IVG/ws_moveit/install/moveit_core/include/moveit/macros/deprecation.h
[65.558s] -- Up-to-date: /home/mu/IVG/ws_moveit/install/moveit_core/include
[65.558s] -- Up-to-date: /home/mu/IVG/ws_moveit/install/moveit_core/include/moveit
[65.559s] -- Installing: /home/mu/IVG/ws_moveit/install/moveit_core/include/moveit/backtrace
[65.559s] -- Installing: /home/mu/IVG/ws_moveit/install/moveit_core/include/moveit/backtrace/backtrace.h
[65.559s] -- Up-to-date: /home/mu/IVG/ws_moveit/install/moveit_core/include
[65.559s] -- Up-to-date: /home/mu/IVG/ws_moveit/install/moveit_core/include/moveit
[65.559s] -- Installing: /home/mu/IVG/ws_moveit/install/moveit_core/include/moveit/exceptions
[65.559s] -- Installing: /home/mu/IVG/ws_moveit/install/moveit_core/include/moveit/exceptions/exceptions.h
[65.559s] -- Up-to-date: /home/mu/IVG/ws_moveit/install/moveit_core/include
[65.559s] -- Up-to-date: /home/mu/IVG/ws_moveit/install/moveit_core/include/moveit
[65.559s] -- Installing: /home/mu/IVG/ws_moveit/install/moveit_core/include/moveit/profiler
[65.559s] -- Installing: /home/mu/IVG/ws_moveit/install/moveit_core/include/moveit/profiler/profiler.h
[65.559s] -- Up-to-date: /home/mu/IVG/ws_moveit/install/moveit_core/include
[65.559s] -- Up-to-date: /home/mu/IVG/ws_moveit/install/moveit_core/include/moveit
[65.559s] -- Installing: /home/mu/IVG/ws_moveit/install/moveit_core/include/moveit/utils
[65.559s] -- Installing: /home/mu/IVG/ws_moveit/install/moveit_core/include/moveit/utils/rclcpp_utils.h
[65.560s] -- Installing: /home/mu/IVG/ws_moveit/install/moveit_core/include/moveit/utils/lexical_casts.h
[65.560s] -- Installing: /home/mu/IVG/ws_moveit/install/moveit_core/include/moveit/utils/robot_model_test_utils.h
[65.560s] -- Installing: /home/mu/IVG/ws_moveit/install/moveit_core/include/moveit/utils/message_checks.h
[65.560s] -- Up-to-date: /home/mu/IVG/ws_moveit/install/moveit_core/include
[65.560s] -- Up-to-date: /home/mu/IVG/ws_moveit/install/moveit_core/include/moveit
[65.560s] -- Installing: /home/mu/IVG/ws_moveit/install/moveit_core/include/moveit/background_processing
[65.560s] -- Installing: /home/mu/IVG/ws_moveit/install/moveit_core/include/moveit/background_processing/background_processing.h
[65.560s] -- Up-to-date: /home/mu/IVG/ws_moveit/install/moveit_core/include
[65.560s] -- Up-to-date: /home/mu/IVG/ws_moveit/install/moveit_core/include/moveit
[65.560s] -- Installing: /home/mu/IVG/ws_moveit/install/moveit_core/include/moveit/robot_model
[65.560s] -- Installing: /home/mu/IVG/ws_moveit/install/moveit_core/include/moveit/robot_model/fixed_joint_model.h
[65.560s] -- Installing: /home/mu/IVG/ws_moveit/install/moveit_core/include/moveit/robot_model/joint_model.h
[65.560s] -- Installing: /home/mu/IVG/ws_moveit/install/moveit_core/include/moveit/robot_model/floating_joint_model.h
[65.561s] -- Installing: /home/mu/IVG/ws_moveit/install/moveit_core/include/moveit/robot_model/planar_joint_model.h
[65.561s] -- Installing: /home/mu/IVG/ws_moveit/install/moveit_core/include/moveit/robot_model/link_model.h
[65.561s] -- Installing: /home/mu/IVG/ws_moveit/install/moveit_core/include/moveit/robot_model/aabb.h
[65.561s] -- Installing: /home/mu/IVG/ws_moveit/install/moveit_core/include/moveit/robot_model/robot_model.h
[65.561s] -- Installing: /home/mu/IVG/ws_moveit/install/moveit_core/include/moveit/robot_model/joint_model_group.h
[65.561s] -- Installing: /home/mu/IVG/ws_moveit/install/moveit_core/include/moveit/robot_model/revolute_joint_model.h
[65.561s] -- Installing: /home/mu/IVG/ws_moveit/install/moveit_core/include/moveit/robot_model/prismatic_joint_model.h
[65.561s] -- Up-to-date: /home/mu/IVG/ws_moveit/install/moveit_core/include
[65.561s] -- Up-to-date: /home/mu/IVG/ws_moveit/install/moveit_core/include/moveit
[65.561s] -- Installing: /home/mu/IVG/ws_moveit/install/moveit_core/include/moveit/collision_detection
[65.562s] -- Installing: /home/mu/IVG/ws_moveit/install/moveit_core/include/moveit/collision_detection/allvalid
[65.562s] -- Installing: /home/mu/IVG/ws_moveit/install/moveit_core/include/moveit/collision_detection/allvalid/collision_env_allvalid.h
[65.562s] -- Installing: /home/mu/IVG/ws_moveit/install/moveit_core/include/moveit/collision_detection/allvalid/collision_detector_allocator_allvalid.h
[65.562s] -- Installing: /home/mu/IVG/ws_moveit/install/moveit_core/include/moveit/collision_detection/collision_env.h
[65.562s] -- Installing: /home/mu/IVG/ws_moveit/install/moveit_core/include/moveit/collision_detection/collision_matrix.h
[65.562s] -- Installing: /home/mu/IVG/ws_moveit/install/moveit_core/include/moveit/collision_detection/collision_detector_allocator.h
[65.562s] -- Installing: /home/mu/IVG/ws_moveit/install/moveit_core/include/moveit/collision_detection/collision_octomap_filter.h
[65.562s] -- Installing: /home/mu/IVG/ws_moveit/install/moveit_core/include/moveit/collision_detection/test_collision_common_pr2.h
[65.562s] -- Installing: /home/mu/IVG/ws_moveit/install/moveit_core/include/moveit/collision_detection/world.h
[65.562s] -- Installing: /home/mu/IVG/ws_moveit/install/moveit_core/include/moveit/collision_detection/collision_plugin.h
[65.562s] -- Installing: /home/mu/IVG/ws_moveit/install/moveit_core/include/moveit/collision_detection/collision_tools.h
[65.562s] -- Installing: /home/mu/IVG/ws_moveit/install/moveit_core/include/moveit/collision_detection/test_collision_common_panda.h
[65.562s] -- Installing: /home/mu/IVG/ws_moveit/install/moveit_core/include/moveit/collision_detection/world_diff.h
[65.563s] -- Installing: /home/mu/IVG/ws_moveit/install/moveit_core/include/moveit/collision_detection/collision_common.h
[65.563s] -- Installing: /home/mu/IVG/ws_moveit/install/moveit_core/include/moveit_collision_detection_export.h
[65.563s] -- Up-to-date: /home/mu/IVG/ws_moveit/install/moveit_core/include
[65.563s] -- Up-to-date: /home/mu/IVG/ws_moveit/install/moveit_core/include/moveit
[65.563s] -- Installing: /home/mu/IVG/ws_moveit/install/moveit_core/include/moveit/kinematics_base
[65.563s] -- Installing: /home/mu/IVG/ws_moveit/install/moveit_core/include/moveit/kinematics_base/kinematics_base.h
[65.563s] -- Installing: /home/mu/IVG/ws_moveit/install/moveit_core/include/moveit_kinematics_base_export.h
[65.563s] -- Up-to-date: /home/mu/IVG/ws_moveit/install/moveit_core/include
[65.563s] -- Up-to-date: /home/mu/IVG/ws_moveit/install/moveit_core/include/moveit
[65.563s] -- Installing: /home/mu/IVG/ws_moveit/install/moveit_core/include/moveit/transforms
[65.563s] -- Installing: /home/mu/IVG/ws_moveit/install/moveit_core/include/moveit/transforms/transforms.h
[65.563s] -- Up-to-date: /home/mu/IVG/ws_moveit/install/moveit_core/include
[65.563s] -- Up-to-date: /home/mu/IVG/ws_moveit/install/moveit_core/include/moveit
[65.563s] -- Installing: /home/mu/IVG/ws_moveit/install/moveit_core/include/moveit/robot_state
[65.563s] -- Installing: /home/mu/IVG/ws_moveit/install/moveit_core/include/moveit/robot_state/cartesian_interpolator.h
[65.564s] -- Installing: /home/mu/IVG/ws_moveit/install/moveit_core/include/moveit/robot_state/attached_body.h
[65.564s] -- Installing: /home/mu/IVG/ws_moveit/install/moveit_core/include/moveit/robot_state/conversions.h
[65.564s] -- Installing: /home/mu/IVG/ws_moveit/install/moveit_core/include/moveit/robot_state/robot_state.h
[65.564s] -- Up-to-date: /home/mu/IVG/ws_moveit/install/moveit_core/include
[65.564s] -- Up-to-date: /home/mu/IVG/ws_moveit/install/moveit_core/include/moveit
[65.564s] -- Installing: /home/mu/IVG/ws_moveit/install/moveit_core/include/moveit/collision_detection_fcl
[65.564s] -- Installing: /home/mu/IVG/ws_moveit/install/moveit_core/include/moveit/collision_detection_fcl/collision_detector_fcl_plugin_loader.h
[65.564s] -- Installing: /home/mu/IVG/ws_moveit/install/moveit_core/include/moveit/collision_detection_fcl/collision_env_fcl.h
[65.564s] -- Installing: /home/mu/IVG/ws_moveit/install/moveit_core/include/moveit/collision_detection_fcl/fcl_compat.h
[65.564s] -- Installing: /home/mu/IVG/ws_moveit/install/moveit_core/include/moveit/collision_detection_fcl/collision_detector_allocator_fcl.h
[65.564s] -- Installing: /home/mu/IVG/ws_moveit/install/moveit_core/include/moveit/collision_detection_fcl/collision_common.h
[65.564s] -- Installing: /home/mu/IVG/ws_moveit/install/moveit_core/include/moveit_collision_detection_fcl_export.h
[65.564s] -- Up-to-date: /home/mu/IVG/ws_moveit/install/moveit_core/include
[65.564s] -- Up-to-date: /home/mu/IVG/ws_moveit/install/moveit_core/include/moveit
[65.564s] -- Installing: /home/mu/IVG/ws_moveit/install/moveit_core/include/moveit/robot_trajectory
[65.564s] -- Installing: /home/mu/IVG/ws_moveit/install/moveit_core/include/moveit/robot_trajectory/robot_trajectory.h
[65.564s] -- Up-to-date: /home/mu/IVG/ws_moveit/install/moveit_core/include
[65.564s] -- Up-to-date: /home/mu/IVG/ws_moveit/install/moveit_core/include/moveit
[65.564s] -- Installing: /home/mu/IVG/ws_moveit/install/moveit_core/include/moveit/kinematic_constraints
[65.564s] -- Installing: /home/mu/IVG/ws_moveit/install/moveit_core/include/moveit/kinematic_constraints/kinematic_constraint.h
[65.564s] -- Installing: /home/mu/IVG/ws_moveit/install/moveit_core/include/moveit/kinematic_constraints/utils.h
[65.564s] -- Up-to-date: /home/mu/IVG/ws_moveit/install/moveit_core/include
[65.564s] -- Up-to-date: /home/mu/IVG/ws_moveit/install/moveit_core/include/moveit
[65.564s] -- Installing: /home/mu/IVG/ws_moveit/install/moveit_core/include/moveit/trajectory_processing
[65.564s] -- Installing: /home/mu/IVG/ws_moveit/install/moveit_core/include/moveit/trajectory_processing/time_optimal_trajectory_generation.h
[65.564s] -- Installing: /home/mu/IVG/ws_moveit/install/moveit_core/include/moveit/trajectory_processing/iterative_time_parameterization.h
[65.564s] -- Installing: /home/mu/IVG/ws_moveit/install/moveit_core/include/moveit/trajectory_processing/iterative_spline_parameterization.h
[65.564s] -- Installing: /home/mu/IVG/ws_moveit/install/moveit_core/include/moveit/trajectory_processing/trajectory_tools.h
[65.565s] -- Up-to-date: /home/mu/IVG/ws_moveit/install/moveit_core/include
[65.565s] -- Up-to-date: /home/mu/IVG/ws_moveit/install/moveit_core/include/moveit
[65.565s] -- Installing: /home/mu/IVG/ws_moveit/install/moveit_core/include/moveit/planning_scene
[65.565s] -- Installing: /home/mu/IVG/ws_moveit/install/moveit_core/include/moveit/planning_scene/planning_scene.h
[65.565s] -- Installing: /home/mu/IVG/ws_moveit/install/moveit_core/include/moveit_planning_scene_export.h
[65.565s] -- Up-to-date: /home/mu/IVG/ws_moveit/install/moveit_core/include
[65.565s] -- Up-to-date: /home/mu/IVG/ws_moveit/install/moveit_core/include/moveit
[65.565s] -- Installing: /home/mu/IVG/ws_moveit/install/moveit_core/include/moveit/controller_manager
[65.565s] -- Installing: /home/mu/IVG/ws_moveit/install/moveit_core/include/moveit/controller_manager/controller_manager.h
[65.565s] -- Up-to-date: /home/mu/IVG/ws_moveit/install/moveit_core/include
[65.565s] -- Up-to-date: /home/mu/IVG/ws_moveit/install/moveit_core/include/moveit
[65.565s] -- Installing: /home/mu/IVG/ws_moveit/install/moveit_core/include/moveit/sensor_manager
[65.565s] -- Installing: /home/mu/IVG/ws_moveit/install/moveit_core/include/moveit/sensor_manager/sensor_manager.h
[65.565s] -- Up-to-date: /home/mu/IVG/ws_moveit/install/moveit_core/include
[65.565s] -- Up-to-date: /home/mu/IVG/ws_moveit/install/moveit_core/include/moveit
[65.565s] -- Installing: /home/mu/IVG/ws_moveit/install/moveit_core/include/moveit/constraint_samplers
[65.565s] -- Installing: /home/mu/IVG/ws_moveit/install/moveit_core/include/moveit/constraint_samplers/constraint_sampler_tools.h
[65.565s] -- Installing: /home/mu/IVG/ws_moveit/install/moveit_core/include/moveit/constraint_samplers/default_constraint_samplers.h
[65.565s] -- Installing: /home/mu/IVG/ws_moveit/install/moveit_core/include/moveit/constraint_samplers/union_constraint_sampler.h
[65.565s] -- Installing: /home/mu/IVG/ws_moveit/install/moveit_core/include/moveit/constraint_samplers/constraint_sampler_allocator.h
[65.565s] -- Installing: /home/mu/IVG/ws_moveit/install/moveit_core/include/moveit/constraint_samplers/constraint_sampler.h
[65.565s] -- Installing: /home/mu/IVG/ws_moveit/install/moveit_core/include/moveit/constraint_samplers/constraint_sampler_manager.h
[65.565s] -- Up-to-date: /home/mu/IVG/ws_moveit/install/moveit_core/include
[65.565s] -- Up-to-date: /home/mu/IVG/ws_moveit/install/moveit_core/include/moveit
[65.565s] -- Installing: /home/mu/IVG/ws_moveit/install/moveit_core/include/moveit/planning_interface
[65.565s] -- Installing: /home/mu/IVG/ws_moveit/install/moveit_core/include/moveit/planning_interface/planning_request.h
[65.565s] -- Installing: /home/mu/IVG/ws_moveit/install/moveit_core/include/moveit/planning_interface/planning_response.h
[65.565s] -- Installing: /home/mu/IVG/ws_moveit/install/moveit_core/include/moveit/planning_interface/planning_interface.h
[65.565s] -- Up-to-date: /home/mu/IVG/ws_moveit/install/moveit_core/include
[65.565s] -- Up-to-date: /home/mu/IVG/ws_moveit/install/moveit_core/include/moveit
[65.565s] -- Installing: /home/mu/IVG/ws_moveit/install/moveit_core/include/moveit/planning_request_adapter
[65.565s] -- Installing: /home/mu/IVG/ws_moveit/install/moveit_core/include/moveit/planning_request_adapter/planning_request_adapter.h
[65.565s] -- Up-to-date: /home/mu/IVG/ws_moveit/install/moveit_core/include
[65.565s] -- Up-to-date: /home/mu/IVG/ws_moveit/install/moveit_core/include/moveit
[65.566s] -- Installing: /home/mu/IVG/ws_moveit/install/moveit_core/include/moveit/distance_field
[65.566s] -- Installing: /home/mu/IVG/ws_moveit/install/moveit_core/include/moveit/distance_field/voxel_grid.h
[65.566s] -- Installing: /home/mu/IVG/ws_moveit/install/moveit_core/include/moveit/distance_field/find_internal_points.h
[65.566s] -- Installing: /home/mu/IVG/ws_moveit/install/moveit_core/include/moveit/distance_field/distance_field.h
[65.566s] -- Installing: /home/mu/IVG/ws_moveit/install/moveit_core/include/moveit/distance_field/propagation_distance_field.h
[65.566s] -- Up-to-date: /home/mu/IVG/ws_moveit/install/moveit_core/include
[65.566s] -- Up-to-date: /home/mu/IVG/ws_moveit/install/moveit_core/include/moveit
[65.566s] -- Installing: /home/mu/IVG/ws_moveit/install/moveit_core/include/moveit/collision_distance_field
[65.566s] -- Installing: /home/mu/IVG/ws_moveit/install/moveit_core/include/moveit/collision_distance_field/collision_detector_allocator_hybrid.h
[65.566s] -- Installing: /home/mu/IVG/ws_moveit/install/moveit_core/include/moveit/collision_distance_field/collision_env_hybrid.h
[65.566s] -- Installing: /home/mu/IVG/ws_moveit/install/moveit_core/include/moveit/collision_distance_field/collision_common_distance_field.h
[65.566s] -- Installing: /home/mu/IVG/ws_moveit/install/moveit_core/include/moveit/collision_distance_field/collision_detector_allocator_distance_field.h
[65.566s] -- Installing: /home/mu/IVG/ws_moveit/install/moveit_core/include/moveit/collision_distance_field/collision_distance_field_types.h
[65.566s] -- Installing: /home/mu/IVG/ws_moveit/install/moveit_core/include/moveit/collision_distance_field/collision_env_distance_field.h
[65.566s] -- Installing: /home/mu/IVG/ws_moveit/install/moveit_core/include/moveit_collision_distance_field_export.h
[65.566s] -- Up-to-date: /home/mu/IVG/ws_moveit/install/moveit_core/include
[65.566s] -- Up-to-date: /home/mu/IVG/ws_moveit/install/moveit_core/include/moveit
[65.566s] -- Installing: /home/mu/IVG/ws_moveit/install/moveit_core/include/moveit/kinematics_metrics
[65.566s] -- Installing: /home/mu/IVG/ws_moveit/install/moveit_core/include/moveit/kinematics_metrics/kinematics_metrics.h
[65.566s] -- Up-to-date: /home/mu/IVG/ws_moveit/install/moveit_core/include
[65.566s] -- Up-to-date: /home/mu/IVG/ws_moveit/install/moveit_core/include/moveit
[65.566s] -- Installing: /home/mu/IVG/ws_moveit/install/moveit_core/include/moveit/dynamics_solver
[65.566s] -- Installing: /home/mu/IVG/ws_moveit/install/moveit_core/include/moveit/dynamics_solver/dynamics_solver.h
[65.566s] -- Up-to-date: /home/mu/IVG/ws_moveit/install/moveit_core/include
[65.566s] -- Up-to-date: /home/mu/IVG/ws_moveit/install/moveit_core/include/moveit
[65.566s] -- Installing: /home/mu/IVG/ws_moveit/install/moveit_core/include/moveit/collision_detection_bullet
[65.566s] -- Installing: /home/mu/IVG/ws_moveit/install/moveit_core/include/moveit/collision_detection_bullet/collision_env_bullet.h
[65.566s] -- Installing: /home/mu/IVG/ws_moveit/install/moveit_core/include/moveit/collision_detection_bullet/bullet_integration
[65.566s] -- Installing: /home/mu/IVG/ws_moveit/install/moveit_core/include/moveit/collision_detection_bullet/bullet_integration/basic_types.h
[65.566s] -- Installing: /home/mu/IVG/ws_moveit/install/moveit_core/include/moveit/collision_detection_bullet/bullet_integration/contact_checker_common.h
[65.566s] -- Installing: /home/mu/IVG/ws_moveit/install/moveit_core/include/moveit/collision_detection_bullet/bullet_integration/bullet_utils.h
[65.566s] -- Installing: /home/mu/IVG/ws_moveit/install/moveit_core/include/moveit/collision_detection_bullet/bullet_integration/bullet_cast_bvh_manager.h
[65.566s] -- Installing: /home/mu/IVG/ws_moveit/install/moveit_core/include/moveit/collision_detection_bullet/bullet_integration/bullet_bvh_manager.h
[65.567s] -- Installing: /home/mu/IVG/ws_moveit/install/moveit_core/include/moveit/collision_detection_bullet/bullet_integration/bullet_discrete_bvh_manager.h
[65.567s] -- Installing: /home/mu/IVG/ws_moveit/install/moveit_core/include/moveit/collision_detection_bullet/bullet_integration/ros_bullet_utils.h
[65.567s] -- Installing: /home/mu/IVG/ws_moveit/install/moveit_core/include/moveit/collision_detection_bullet/collision_detector_allocator_bullet.h
[65.567s] -- Installing: /home/mu/IVG/ws_moveit/install/moveit_core/include/moveit/collision_detection_bullet/collision_detector_bullet_plugin_loader.h
[65.567s] -- Installing: /home/mu/IVG/ws_moveit/install/moveit_core/include/moveit_collision_detection_bullet_export.h
[65.568s] -- Up-to-date: /home/mu/IVG/ws_moveit/install/moveit_core/lib/libmoveit_collision_detection_bullet.so.2.2.3
[65.568s] -- Up-to-date: /home/mu/IVG/ws_moveit/install/moveit_core/lib/libmoveit_collision_detection_bullet.so
[65.568s] -- Installing: /home/mu/IVG/ws_moveit/install/moveit_core/lib/libcollision_detector_bullet_plugin.so.2.2.3
[65.568s] -- Set runtime path of "/home/mu/IVG/ws_moveit/install/moveit_core/lib/libcollision_detector_bullet_plugin.so.2.2.3" to ""
[65.568s] -- Installing: /home/mu/IVG/ws_moveit/install/moveit_core/lib/libcollision_detector_bullet_plugin.so
[65.568s] -- Up-to-date: /home/mu/IVG/ws_moveit/install/moveit_core/share/moveit_core/environment/library_path.sh
[65.568s] -- Up-to-date: /home/mu/IVG/ws_moveit/install/moveit_core/share/moveit_core/environment/library_path.dsv
[65.568s] Invoked command in '/home/mu/IVG/ws_moveit/build/moveit_core' returned '0': AMENT_PREFIX_PATH=/home/mu/IVG/ws_moveit/install/moveit_common:${AMENT_PREFIX_PATH} CMAKE_PREFIX_PATH=/home/mu/IVG/ws_moveit/install/moveit_common:/home/mu/IVG/ws_moveit/install/moveit2_tutorials:/home/mu/IVG/ws_moveit/install/moveit_visual_tools:/home/mu/IVG/ws_moveit/install/rviz_visual_tools:/opt/ros/foxy /usr/bin/cmake --install /home/mu/IVG/ws_moveit/build/moveit_core
