-- The C compiler identification is GNU 9.4.0
-- The CXX compiler identification is GNU 9.4.0
-- Detecting C compiler ABI info
-- Detecting C compiler ABI info - done
-- Check for working C compiler: /usr/bin/cc - skipped
-- Detecting C compile features
-- Detecting C compile features - done
-- Detecting CXX compiler ABI info
-- Detecting CXX compiler ABI info - done
-- Check for working CXX compiler: /usr/bin/c++ - skipped
-- Detecting CXX compile features
-- Detecting CXX compile features - done
-- Found ament_cmake: 0.9.12 (/opt/ros/foxy/share/ament_cmake/cmake)
-- Found PythonInterp: /usr/bin/python3 (found suitable version "3.8.10", minimum required is "3")
-- Using PYTHON_EXECUTABLE: /usr/bin/python3
-- Found rosidl_default_generators: 1.0.1 (/opt/ros/foxy/share/rosidl_default_generators/cmake)
-- Using all available rosidl_typesupport_c: rosidl_typesupport_fastrtps_c;rosidl_typesupport_introspection_c
-- Found rosidl_adapter: 1.3.1 (/opt/ros/foxy/share/rosidl_adapter/cmake)
-- Found OpenSSL: /usr/lib/x86_64-linux-gnu/libcrypto.so (found version "1.1.1f")
-- Using all available rosidl_typesupport_cpp: rosidl_typesupport_fastrtps_cpp;rosidl_typesupport_introspection_cpp
-- Found action_msgs: 1.0.0 (/opt/ros/foxy/share/action_msgs/cmake)
-- Found PythonInterp: /usr/bin/python3 (found version "3.8.10")
-- Found ament_cmake_ros: 0.9.2 (/opt/ros/foxy/share/ament_cmake_ros/cmake)
-- Using all available rosidl_typesupport_c: rosidl_typesupport_fastrtps_c;rosidl_typesupport_introspection_c
-- Using all available rosidl_typesupport_cpp: rosidl_typesupport_fastrtps_cpp;rosidl_typesupport_introspection_cpp
-- Found PythonInterp: /usr/bin/python3 (found suitable version "3.8.10", minimum required is "3.5")
-- Found python_cmake_module: 0.8.1 (/opt/ros/foxy/share/python_cmake_module/cmake)
-- Using PYTHON_EXECUTABLE: /usr/bin/python3
-- Using PYTHON_INCLUDE_DIRS: /usr/include/python3.8
-- Using PYTHON_LIBRARIES: /usr/lib/x86_64-linux-gnu/libpython3.8.so
-- Configuring done (0.7s)
-- Generating done (0.0s)
-- Build files have been written to: /home/mu/IVG/aubo_ros2_ws/build/aubo_dashboard_msgs
[  0%] Built target aubo_dashboard_msgs__cpp
[  0%] [32mBuilding C object CMakeFiles/aubo_dashboard_msgs__rosidl_generator_c.dir/rosidl_generator_c/aubo_dashboard_msgs/msg/detail/program_state__functions.c.o[0m
[  1%] [32mBuilding C object CMakeFiles/aubo_dashboard_msgs__rosidl_generator_c.dir/rosidl_generator_c/aubo_dashboard_msgs/msg/detail/robot_mode__functions.c.o[0m
[  3%] [32mBuilding C object CMakeFiles/aubo_dashboard_msgs__rosidl_generator_c.dir/rosidl_generator_c/aubo_dashboard_msgs/srv/detail/add_to_log__functions.c.o[0m
[  3%] [32mBuilding C object CMakeFiles/aubo_dashboard_msgs__rosidl_generator_c.dir/rosidl_generator_c/aubo_dashboard_msgs/msg/detail/safety_mode__functions.c.o[0m
[  3%] [32mBuilding C object CMakeFiles/aubo_dashboard_msgs__rosidl_generator_c.dir/rosidl_generator_c/aubo_dashboard_msgs/srv/detail/get_loaded_program__functions.c.o[0m
[  3%] [32mBuilding C object CMakeFiles/aubo_dashboard_msgs__rosidl_generator_c.dir/rosidl_generator_c/aubo_dashboard_msgs/srv/detail/get_safety_mode__functions.c.o[0m
[  5%] [32mBuilding C object CMakeFiles/aubo_dashboard_msgs__rosidl_generator_c.dir/rosidl_generator_c/aubo_dashboard_msgs/srv/detail/is_program_running__functions.c.o[0m
[  5%] [32mBuilding C object CMakeFiles/aubo_dashboard_msgs__rosidl_generator_c.dir/rosidl_generator_c/aubo_dashboard_msgs/srv/detail/get_program_state__functions.c.o[0m
[  7%] [32mBuilding C object CMakeFiles/aubo_dashboard_msgs__rosidl_generator_c.dir/rosidl_generator_c/aubo_dashboard_msgs/srv/detail/get_robot_mode__functions.c.o[0m
[  7%] [32mBuilding C object CMakeFiles/aubo_dashboard_msgs__rosidl_generator_c.dir/rosidl_generator_c/aubo_dashboard_msgs/srv/detail/is_in_remote_control__functions.c.o[0m
[  8%] [32mBuilding C object CMakeFiles/aubo_dashboard_msgs__rosidl_generator_c.dir/rosidl_generator_c/aubo_dashboard_msgs/srv/detail/load__functions.c.o[0m
[  8%] [32mBuilding C object CMakeFiles/aubo_dashboard_msgs__rosidl_generator_c.dir/rosidl_generator_c/aubo_dashboard_msgs/srv/detail/is_program_saved__functions.c.o[0m
[  9%] [32mBuilding C object CMakeFiles/aubo_dashboard_msgs__rosidl_generator_c.dir/rosidl_generator_c/aubo_dashboard_msgs/srv/detail/popup__functions.c.o[0m
[ 10%] [32mBuilding C object CMakeFiles/aubo_dashboard_msgs__rosidl_generator_c.dir/rosidl_generator_c/aubo_dashboard_msgs/srv/detail/raw_request__functions.c.o[0m
[ 10%] [32mBuilding C object CMakeFiles/aubo_dashboard_msgs__rosidl_generator_c.dir/rosidl_generator_c/aubo_dashboard_msgs/action/detail/set_mode__functions.c.o[0m
[ 13%] [32mBuilding CXX object CMakeFiles/aubo_dashboard_msgs__rosidl_typesupport_fastrtps_cpp.dir/rosidl_typesupport_fastrtps_cpp/aubo_dashboard_msgs/srv/detail/dds_fastrtps/add_to_log__type_support.cpp.o[0m
[ 13%] [32mBuilding CXX object CMakeFiles/aubo_dashboard_msgs__rosidl_typesupport_cpp.dir/rosidl_typesupport_cpp/aubo_dashboard_msgs/msg/program_state__type_support.cpp.o[0m
[ 13%] [32mBuilding CXX object CMakeFiles/aubo_dashboard_msgs__rosidl_typesupport_fastrtps_cpp.dir/rosidl_typesupport_fastrtps_cpp/aubo_dashboard_msgs/msg/detail/dds_fastrtps/program_state__type_support.cpp.o[0m
[ 13%] [32mBuilding CXX object CMakeFiles/aubo_dashboard_msgs__rosidl_typesupport_fastrtps_cpp.dir/rosidl_typesupport_fastrtps_cpp/aubo_dashboard_msgs/srv/detail/dds_fastrtps/get_program_state__type_support.cpp.o[0m
[ 14%] [32mBuilding CXX object CMakeFiles/aubo_dashboard_msgs__rosidl_typesupport_fastrtps_cpp.dir/rosidl_typesupport_fastrtps_cpp/aubo_dashboard_msgs/msg/detail/dds_fastrtps/safety_mode__type_support.cpp.o[0m
[ 14%] [32mBuilding CXX object CMakeFiles/aubo_dashboard_msgs__rosidl_typesupport_fastrtps_cpp.dir/rosidl_typesupport_fastrtps_cpp/aubo_dashboard_msgs/msg/detail/dds_fastrtps/robot_mode__type_support.cpp.o[0m
[ 15%] [32mBuilding CXX object CMakeFiles/aubo_dashboard_msgs__rosidl_typesupport_introspection_cpp.dir/rosidl_typesupport_introspection_cpp/aubo_dashboard_msgs/msg/detail/robot_mode__type_support.cpp.o[0m
[ 16%] [32mBuilding CXX object CMakeFiles/aubo_dashboard_msgs__rosidl_typesupport_fastrtps_cpp.dir/rosidl_typesupport_fastrtps_cpp/aubo_dashboard_msgs/srv/detail/dds_fastrtps/get_robot_mode__type_support.cpp.o[0m
[ 17%] [32mBuilding CXX object CMakeFiles/aubo_dashboard_msgs__rosidl_typesupport_fastrtps_cpp.dir/rosidl_typesupport_fastrtps_cpp/aubo_dashboard_msgs/srv/detail/dds_fastrtps/get_loaded_program__type_support.cpp.o[0m
[ 17%] [32mBuilding CXX object CMakeFiles/aubo_dashboard_msgs__rosidl_typesupport_introspection_cpp.dir/rosidl_typesupport_introspection_cpp/aubo_dashboard_msgs/msg/detail/safety_mode__type_support.cpp.o[0m
[ 18%] [32mBuilding CXX object CMakeFiles/aubo_dashboard_msgs__rosidl_typesupport_introspection_cpp.dir/rosidl_typesupport_introspection_cpp/aubo_dashboard_msgs/srv/detail/add_to_log__type_support.cpp.o[0m
[ 19%] [32mBuilding CXX object CMakeFiles/aubo_dashboard_msgs__rosidl_typesupport_fastrtps_cpp.dir/rosidl_typesupport_fastrtps_cpp/aubo_dashboard_msgs/srv/detail/dds_fastrtps/is_in_remote_control__type_support.cpp.o[0m
[ 20%] [32mBuilding CXX object CMakeFiles/aubo_dashboard_msgs__rosidl_typesupport_introspection_cpp.dir/rosidl_typesupport_introspection_cpp/aubo_dashboard_msgs/msg/detail/program_state__type_support.cpp.o[0m
[ 20%] [32mBuilding CXX object CMakeFiles/aubo_dashboard_msgs__rosidl_typesupport_cpp.dir/rosidl_typesupport_cpp/aubo_dashboard_msgs/msg/robot_mode__type_support.cpp.o[0m
[ 21%] [32mBuilding CXX object CMakeFiles/aubo_dashboard_msgs__rosidl_typesupport_fastrtps_cpp.dir/rosidl_typesupport_fastrtps_cpp/aubo_dashboard_msgs/srv/detail/dds_fastrtps/is_program_running__type_support.cpp.o[0m
[ 21%] [32mBuilding CXX object CMakeFiles/aubo_dashboard_msgs__rosidl_typesupport_fastrtps_cpp.dir/rosidl_typesupport_fastrtps_cpp/aubo_dashboard_msgs/srv/detail/dds_fastrtps/get_safety_mode__type_support.cpp.o[0m
[ 22%] [32mBuilding CXX object CMakeFiles/aubo_dashboard_msgs__rosidl_typesupport_introspection_cpp.dir/rosidl_typesupport_introspection_cpp/aubo_dashboard_msgs/srv/detail/get_loaded_program__type_support.cpp.o[0m
[ 23%] [32mBuilding CXX object CMakeFiles/aubo_dashboard_msgs__rosidl_typesupport_fastrtps_cpp.dir/rosidl_typesupport_fastrtps_cpp/aubo_dashboard_msgs/srv/detail/dds_fastrtps/is_program_saved__type_support.cpp.o[0m
[ 24%] [32mBuilding CXX object CMakeFiles/aubo_dashboard_msgs__rosidl_typesupport_fastrtps_cpp.dir/rosidl_typesupport_fastrtps_cpp/aubo_dashboard_msgs/srv/detail/dds_fastrtps/load__type_support.cpp.o[0m
[ 25%] [32mBuilding CXX object CMakeFiles/aubo_dashboard_msgs__rosidl_typesupport_introspection_cpp.dir/rosidl_typesupport_introspection_cpp/aubo_dashboard_msgs/srv/detail/get_program_state__type_support.cpp.o[0m
[ 26%] [32mBuilding CXX object CMakeFiles/aubo_dashboard_msgs__rosidl_typesupport_cpp.dir/rosidl_typesupport_cpp/aubo_dashboard_msgs/msg/safety_mode__type_support.cpp.o[0m
[ 27%] [32mBuilding CXX object CMakeFiles/aubo_dashboard_msgs__rosidl_typesupport_cpp.dir/rosidl_typesupport_cpp/aubo_dashboard_msgs/srv/add_to_log__type_support.cpp.o[0m
[ 27%] [32mBuilding CXX object CMakeFiles/aubo_dashboard_msgs__rosidl_typesupport_fastrtps_cpp.dir/rosidl_typesupport_fastrtps_cpp/aubo_dashboard_msgs/srv/detail/dds_fastrtps/popup__type_support.cpp.o[0m
[ 27%] [32mBuilding CXX object CMakeFiles/aubo_dashboard_msgs__rosidl_typesupport_cpp.dir/rosidl_typesupport_cpp/aubo_dashboard_msgs/srv/get_loaded_program__type_support.cpp.o[0m
[ 28%] [32mBuilding CXX object CMakeFiles/aubo_dashboard_msgs__rosidl_typesupport_cpp.dir/rosidl_typesupport_cpp/aubo_dashboard_msgs/srv/get_program_state__type_support.cpp.o[0m
[ 29%] [32mBuilding CXX object CMakeFiles/aubo_dashboard_msgs__rosidl_typesupport_introspection_cpp.dir/rosidl_typesupport_introspection_cpp/aubo_dashboard_msgs/srv/detail/get_safety_mode__type_support.cpp.o[0m
[ 29%] [32mBuilding CXX object CMakeFiles/aubo_dashboard_msgs__rosidl_typesupport_introspection_cpp.dir/rosidl_typesupport_introspection_cpp/aubo_dashboard_msgs/srv/detail/get_robot_mode__type_support.cpp.o[0m
[ 30%] [32mBuilding CXX object CMakeFiles/aubo_dashboard_msgs__rosidl_typesupport_cpp.dir/rosidl_typesupport_cpp/aubo_dashboard_msgs/srv/get_robot_mode__type_support.cpp.o[0m
[ 31%] [32mBuilding CXX object CMakeFiles/aubo_dashboard_msgs__rosidl_typesupport_introspection_cpp.dir/rosidl_typesupport_introspection_cpp/aubo_dashboard_msgs/srv/detail/is_program_running__type_support.cpp.o[0m
[ 32%] [32mBuilding CXX object CMakeFiles/aubo_dashboard_msgs__rosidl_typesupport_fastrtps_cpp.dir/rosidl_typesupport_fastrtps_cpp/aubo_dashboard_msgs/srv/detail/dds_fastrtps/raw_request__type_support.cpp.o[0m
[ 33%] [32mBuilding CXX object CMakeFiles/aubo_dashboard_msgs__rosidl_typesupport_cpp.dir/rosidl_typesupport_cpp/aubo_dashboard_msgs/srv/get_safety_mode__type_support.cpp.o[0m
[ 33%] [32mBuilding CXX object CMakeFiles/aubo_dashboard_msgs__rosidl_typesupport_introspection_cpp.dir/rosidl_typesupport_introspection_cpp/aubo_dashboard_msgs/srv/detail/is_in_remote_control__type_support.cpp.o[0m
[ 34%] [32mBuilding CXX object CMakeFiles/aubo_dashboard_msgs__rosidl_typesupport_introspection_cpp.dir/rosidl_typesupport_introspection_cpp/aubo_dashboard_msgs/srv/detail/is_program_saved__type_support.cpp.o[0m
[ 34%] [32mBuilding CXX object CMakeFiles/aubo_dashboard_msgs__rosidl_typesupport_cpp.dir/rosidl_typesupport_cpp/aubo_dashboard_msgs/srv/is_program_running__type_support.cpp.o[0m
[ 35%] [32mBuilding CXX object CMakeFiles/aubo_dashboard_msgs__rosidl_typesupport_cpp.dir/rosidl_typesupport_cpp/aubo_dashboard_msgs/srv/is_in_remote_control__type_support.cpp.o[0m
[ 35%] [32mBuilding CXX object CMakeFiles/aubo_dashboard_msgs__rosidl_typesupport_introspection_cpp.dir/rosidl_typesupport_introspection_cpp/aubo_dashboard_msgs/srv/detail/popup__type_support.cpp.o[0m
[ 36%] [32mBuilding CXX object CMakeFiles/aubo_dashboard_msgs__rosidl_typesupport_introspection_cpp.dir/rosidl_typesupport_introspection_cpp/aubo_dashboard_msgs/srv/detail/load__type_support.cpp.o[0m
[ 37%] [32mBuilding CXX object CMakeFiles/aubo_dashboard_msgs__rosidl_typesupport_cpp.dir/rosidl_typesupport_cpp/aubo_dashboard_msgs/srv/is_program_saved__type_support.cpp.o[0m
[ 38%] [32mBuilding CXX object CMakeFiles/aubo_dashboard_msgs__rosidl_typesupport_fastrtps_cpp.dir/rosidl_typesupport_fastrtps_cpp/aubo_dashboard_msgs/action/detail/dds_fastrtps/set_mode__type_support.cpp.o[0m
[ 38%] [32mBuilding CXX object CMakeFiles/aubo_dashboard_msgs__rosidl_typesupport_cpp.dir/rosidl_typesupport_cpp/aubo_dashboard_msgs/srv/load__type_support.cpp.o[0m
[ 39%] [32mBuilding CXX object CMakeFiles/aubo_dashboard_msgs__rosidl_typesupport_introspection_cpp.dir/rosidl_typesupport_introspection_cpp/aubo_dashboard_msgs/action/detail/set_mode__type_support.cpp.o[0m
[ 40%] [32mBuilding CXX object CMakeFiles/aubo_dashboard_msgs__rosidl_typesupport_cpp.dir/rosidl_typesupport_cpp/aubo_dashboard_msgs/srv/popup__type_support.cpp.o[0m
[ 41%] [32mBuilding CXX object CMakeFiles/aubo_dashboard_msgs__rosidl_typesupport_introspection_cpp.dir/rosidl_typesupport_introspection_cpp/aubo_dashboard_msgs/srv/detail/raw_request__type_support.cpp.o[0m
[ 42%] [32mBuilding CXX object CMakeFiles/aubo_dashboard_msgs__rosidl_typesupport_cpp.dir/rosidl_typesupport_cpp/aubo_dashboard_msgs/srv/raw_request__type_support.cpp.o[0m
[ 42%] [32mBuilding CXX object CMakeFiles/aubo_dashboard_msgs__rosidl_typesupport_cpp.dir/rosidl_typesupport_cpp/aubo_dashboard_msgs/action/set_mode__type_support.cpp.o[0m
[ 43%] [1m[32mLinking C shared library libaubo_dashboard_msgs__rosidl_generator_c.so[0m
[ 44%] Built target aubo_dashboard_msgs__rosidl_generator_c
[ 44%] [32mBuilding CXX object CMakeFiles/aubo_dashboard_msgs__rosidl_typesupport_c.dir/rosidl_typesupport_c/aubo_dashboard_msgs/msg/program_state__type_support.cpp.o[0m
[ 45%] [32mBuilding C object CMakeFiles/aubo_dashboard_msgs__rosidl_typesupport_introspection_c.dir/rosidl_typesupport_introspection_c/aubo_dashboard_msgs/msg/detail/program_state__type_support.c.o[0m
[ 46%] [32mBuilding CXX object CMakeFiles/aubo_dashboard_msgs__rosidl_typesupport_c.dir/rosidl_typesupport_c/aubo_dashboard_msgs/msg/robot_mode__type_support.cpp.o[0m
[ 47%] [32mBuilding C object CMakeFiles/aubo_dashboard_msgs__rosidl_typesupport_introspection_c.dir/rosidl_typesupport_introspection_c/aubo_dashboard_msgs/msg/detail/safety_mode__type_support.c.o[0m
[ 47%] [32mBuilding C object CMakeFiles/aubo_dashboard_msgs__rosidl_typesupport_introspection_c.dir/rosidl_typesupport_introspection_c/aubo_dashboard_msgs/msg/detail/robot_mode__type_support.c.o[0m
[ 48%] [32mBuilding CXX object CMakeFiles/aubo_dashboard_msgs__rosidl_typesupport_c.dir/rosidl_typesupport_c/aubo_dashboard_msgs/msg/safety_mode__type_support.cpp.o[0m
[ 49%] [32mBuilding C object CMakeFiles/aubo_dashboard_msgs__rosidl_typesupport_introspection_c.dir/rosidl_typesupport_introspection_c/aubo_dashboard_msgs/srv/detail/add_to_log__type_support.c.o[0m
[ 49%] [32mBuilding CXX object CMakeFiles/aubo_dashboard_msgs__rosidl_typesupport_c.dir/rosidl_typesupport_c/aubo_dashboard_msgs/srv/add_to_log__type_support.cpp.o[0m
[ 50%] [32mBuilding C object CMakeFiles/aubo_dashboard_msgs__rosidl_typesupport_introspection_c.dir/rosidl_typesupport_introspection_c/aubo_dashboard_msgs/srv/detail/get_loaded_program__type_support.c.o[0m
[ 50%] [32mBuilding C object CMakeFiles/aubo_dashboard_msgs__rosidl_typesupport_introspection_c.dir/rosidl_typesupport_introspection_c/aubo_dashboard_msgs/srv/detail/get_program_state__type_support.c.o[0m
[ 51%] [32mBuilding CXX object CMakeFiles/aubo_dashboard_msgs__rosidl_typesupport_c.dir/rosidl_typesupport_c/aubo_dashboard_msgs/srv/get_loaded_program__type_support.cpp.o[0m
[ 52%] [32mBuilding CXX object CMakeFiles/aubo_dashboard_msgs__rosidl_typesupport_c.dir/rosidl_typesupport_c/aubo_dashboard_msgs/srv/get_program_state__type_support.cpp.o[0m
[ 53%] [32mBuilding CXX object CMakeFiles/aubo_dashboard_msgs__rosidl_typesupport_c.dir/rosidl_typesupport_c/aubo_dashboard_msgs/srv/get_robot_mode__type_support.cpp.o[0m
[ 54%] [32mBuilding C object CMakeFiles/aubo_dashboard_msgs__rosidl_typesupport_introspection_c.dir/rosidl_typesupport_introspection_c/aubo_dashboard_msgs/srv/detail/get_safety_mode__type_support.c.o[0m
[ 54%] [32mBuilding CXX object CMakeFiles/aubo_dashboard_msgs__rosidl_typesupport_c.dir/rosidl_typesupport_c/aubo_dashboard_msgs/srv/get_safety_mode__type_support.cpp.o[0m
[ 55%] [32mBuilding CXX object CMakeFiles/aubo_dashboard_msgs__rosidl_typesupport_c.dir/rosidl_typesupport_c/aubo_dashboard_msgs/srv/is_program_running__type_support.cpp.o[0m
[ 55%] [32mBuilding C object CMakeFiles/aubo_dashboard_msgs__rosidl_typesupport_introspection_c.dir/rosidl_typesupport_introspection_c/aubo_dashboard_msgs/srv/detail/is_program_running__type_support.c.o[0m
[ 56%] [32mBuilding C object CMakeFiles/aubo_dashboard_msgs__rosidl_typesupport_introspection_c.dir/rosidl_typesupport_introspection_c/aubo_dashboard_msgs/srv/detail/get_robot_mode__type_support.c.o[0m
[ 57%] [32mBuilding C object CMakeFiles/aubo_dashboard_msgs__rosidl_typesupport_introspection_c.dir/rosidl_typesupport_introspection_c/aubo_dashboard_msgs/srv/detail/is_in_remote_control__type_support.c.o[0m
[ 57%] [32mBuilding CXX object CMakeFiles/aubo_dashboard_msgs__rosidl_typesupport_c.dir/rosidl_typesupport_c/aubo_dashboard_msgs/srv/is_program_saved__type_support.cpp.o[0m
[ 58%] [32mBuilding CXX object CMakeFiles/aubo_dashboard_msgs__rosidl_typesupport_c.dir/rosidl_typesupport_c/aubo_dashboard_msgs/srv/is_in_remote_control__type_support.cpp.o[0m
[ 59%] [32mBuilding CXX object CMakeFiles/aubo_dashboard_msgs__rosidl_typesupport_c.dir/rosidl_typesupport_c/aubo_dashboard_msgs/srv/popup__type_support.cpp.o[0m
[ 60%] [32mBuilding C object CMakeFiles/aubo_dashboard_msgs__rosidl_typesupport_introspection_c.dir/rosidl_typesupport_introspection_c/aubo_dashboard_msgs/srv/detail/is_program_saved__type_support.c.o[0m
[ 61%] [32mBuilding CXX object CMakeFiles/aubo_dashboard_msgs__rosidl_typesupport_c.dir/rosidl_typesupport_c/aubo_dashboard_msgs/srv/load__type_support.cpp.o[0m
[ 61%] [32mBuilding C object CMakeFiles/aubo_dashboard_msgs__rosidl_typesupport_introspection_c.dir/rosidl_typesupport_introspection_c/aubo_dashboard_msgs/srv/detail/load__type_support.c.o[0m
[ 61%] [32mBuilding CXX object CMakeFiles/aubo_dashboard_msgs__rosidl_typesupport_c.dir/rosidl_typesupport_c/aubo_dashboard_msgs/srv/raw_request__type_support.cpp.o[0m
[ 62%] [32mBuilding CXX object CMakeFiles/aubo_dashboard_msgs__rosidl_typesupport_c.dir/rosidl_typesupport_c/aubo_dashboard_msgs/action/set_mode__type_support.cpp.o[0m
[ 63%] [32mBuilding C object CMakeFiles/aubo_dashboard_msgs__rosidl_typesupport_introspection_c.dir/rosidl_typesupport_introspection_c/aubo_dashboard_msgs/srv/detail/raw_request__type_support.c.o[0m
[ 64%] [32mBuilding C object CMakeFiles/aubo_dashboard_msgs__rosidl_typesupport_introspection_c.dir/rosidl_typesupport_introspection_c/aubo_dashboard_msgs/srv/detail/popup__type_support.c.o[0m
[ 65%] [32mBuilding C object CMakeFiles/aubo_dashboard_msgs__rosidl_typesupport_introspection_c.dir/rosidl_typesupport_introspection_c/aubo_dashboard_msgs/action/detail/set_mode__type_support.c.o[0m
[ 66%] [1m[32mLinking CXX shared library libaubo_dashboard_msgs__rosidl_typesupport_c.so[0m
[ 66%] [1m[32mLinking C shared library libaubo_dashboard_msgs__rosidl_typesupport_introspection_c.so[0m
[ 67%] Built target aubo_dashboard_msgs__rosidl_typesupport_c
[ 68%] [1m[32mLinking CXX shared library libaubo_dashboard_msgs__rosidl_typesupport_cpp.so[0m
[ 69%] Built target aubo_dashboard_msgs__rosidl_typesupport_introspection_c
[ 70%] Built target aubo_dashboard_msgs__rosidl_typesupport_cpp
[ 71%] [1m[32mLinking CXX shared library libaubo_dashboard_msgs__rosidl_typesupport_introspection_cpp.so[0m
[ 71%] Built target aubo_dashboard_msgs__rosidl_typesupport_introspection_cpp
[ 71%] [1m[32mLinking CXX shared library libaubo_dashboard_msgs__rosidl_typesupport_fastrtps_cpp.so[0m
[ 72%] Built target aubo_dashboard_msgs__rosidl_typesupport_fastrtps_cpp
[ 73%] [32mBuilding CXX object CMakeFiles/aubo_dashboard_msgs__rosidl_typesupport_fastrtps_c.dir/rosidl_typesupport_fastrtps_c/aubo_dashboard_msgs/msg/detail/program_state__type_support_c.cpp.o[0m
[ 73%] [32mBuilding CXX object CMakeFiles/aubo_dashboard_msgs__rosidl_typesupport_fastrtps_c.dir/rosidl_typesupport_fastrtps_c/aubo_dashboard_msgs/msg/detail/robot_mode__type_support_c.cpp.o[0m
[ 75%] [32mBuilding CXX object CMakeFiles/aubo_dashboard_msgs__rosidl_typesupport_fastrtps_c.dir/rosidl_typesupport_fastrtps_c/aubo_dashboard_msgs/srv/detail/add_to_log__type_support_c.cpp.o[0m
[ 76%] [32mBuilding CXX object CMakeFiles/aubo_dashboard_msgs__rosidl_typesupport_fastrtps_c.dir/rosidl_typesupport_fastrtps_c/aubo_dashboard_msgs/srv/detail/get_program_state__type_support_c.cpp.o[0m
[ 77%] [32mBuilding CXX object CMakeFiles/aubo_dashboard_msgs__rosidl_typesupport_fastrtps_c.dir/rosidl_typesupport_fastrtps_c/aubo_dashboard_msgs/srv/detail/get_loaded_program__type_support_c.cpp.o[0m
[ 74%] [32mBuilding CXX object CMakeFiles/aubo_dashboard_msgs__rosidl_typesupport_fastrtps_c.dir/rosidl_typesupport_fastrtps_c/aubo_dashboard_msgs/msg/detail/safety_mode__type_support_c.cpp.o[0m
[ 77%] [32mBuilding CXX object CMakeFiles/aubo_dashboard_msgs__rosidl_typesupport_fastrtps_c.dir/rosidl_typesupport_fastrtps_c/aubo_dashboard_msgs/srv/detail/get_robot_mode__type_support_c.cpp.o[0m
[ 79%] [32mBuilding CXX object CMakeFiles/aubo_dashboard_msgs__rosidl_typesupport_fastrtps_c.dir/rosidl_typesupport_fastrtps_c/aubo_dashboard_msgs/srv/detail/is_in_remote_control__type_support_c.cpp.o[0m
[ 80%] [32mBuilding CXX object CMakeFiles/aubo_dashboard_msgs__rosidl_typesupport_fastrtps_c.dir/rosidl_typesupport_fastrtps_c/aubo_dashboard_msgs/srv/detail/is_program_saved__type_support_c.cpp.o[0m
[ 80%] [32mBuilding CXX object CMakeFiles/aubo_dashboard_msgs__rosidl_typesupport_fastrtps_c.dir/rosidl_typesupport_fastrtps_c/aubo_dashboard_msgs/srv/detail/is_program_running__type_support_c.cpp.o[0m
[ 80%] [32mBuilding CXX object CMakeFiles/aubo_dashboard_msgs__rosidl_typesupport_fastrtps_c.dir/rosidl_typesupport_fastrtps_c/aubo_dashboard_msgs/srv/detail/load__type_support_c.cpp.o[0m
[ 77%] [32mBuilding CXX object CMakeFiles/aubo_dashboard_msgs__rosidl_typesupport_fastrtps_c.dir/rosidl_typesupport_fastrtps_c/aubo_dashboard_msgs/srv/detail/get_safety_mode__type_support_c.cpp.o[0m
[ 81%] [32mBuilding CXX object CMakeFiles/aubo_dashboard_msgs__rosidl_typesupport_fastrtps_c.dir/rosidl_typesupport_fastrtps_c/aubo_dashboard_msgs/srv/detail/raw_request__type_support_c.cpp.o[0m
[ 81%] [32mBuilding CXX object CMakeFiles/aubo_dashboard_msgs__rosidl_typesupport_fastrtps_c.dir/rosidl_typesupport_fastrtps_c/aubo_dashboard_msgs/action/detail/set_mode__type_support_c.cpp.o[0m
[ 82%] [32mBuilding CXX object CMakeFiles/aubo_dashboard_msgs__rosidl_typesupport_fastrtps_c.dir/rosidl_typesupport_fastrtps_c/aubo_dashboard_msgs/srv/detail/popup__type_support_c.cpp.o[0m
[ 83%] [1m[32mLinking CXX shared library libaubo_dashboard_msgs__rosidl_typesupport_fastrtps_c.so[0m
[ 84%] Built target aubo_dashboard_msgs__rosidl_typesupport_fastrtps_c
[ 84%] Built target aubo_dashboard_msgs
[ 85%] Built target aubo_dashboard_msgs__py
[ 87%] [32mBuilding C object CMakeFiles/aubo_dashboard_msgs__python.dir/rosidl_generator_py/aubo_dashboard_msgs/msg/_safety_mode_s.c.o[0m
[ 87%] [32mBuilding C object CMakeFiles/aubo_dashboard_msgs__python.dir/rosidl_generator_py/aubo_dashboard_msgs/srv/_add_to_log_s.c.o[0m
[ 87%] [32mBuilding C object CMakeFiles/aubo_dashboard_msgs__python.dir/rosidl_generator_py/aubo_dashboard_msgs/msg/_robot_mode_s.c.o[0m
[ 88%] [32mBuilding C object CMakeFiles/aubo_dashboard_msgs__python.dir/rosidl_generator_py/aubo_dashboard_msgs/msg/_program_state_s.c.o[0m
[ 89%] [32mBuilding C object CMakeFiles/aubo_dashboard_msgs__python.dir/rosidl_generator_py/aubo_dashboard_msgs/srv/_get_robot_mode_s.c.o[0m
[ 90%] [32mBuilding C object CMakeFiles/aubo_dashboard_msgs__python.dir/rosidl_generator_py/aubo_dashboard_msgs/srv/_is_program_running_s.c.o[0m
[ 91%] [32mBuilding C object CMakeFiles/aubo_dashboard_msgs__python.dir/rosidl_generator_py/aubo_dashboard_msgs/srv/_get_safety_mode_s.c.o[0m
[ 91%] [32mBuilding C object CMakeFiles/aubo_dashboard_msgs__python.dir/rosidl_generator_py/aubo_dashboard_msgs/srv/_is_in_remote_control_s.c.o[0m
[ 92%] [32mBuilding C object CMakeFiles/aubo_dashboard_msgs__python.dir/rosidl_generator_py/aubo_dashboard_msgs/srv/_is_program_saved_s.c.o[0m
[ 92%] [32mBuilding C object CMakeFiles/aubo_dashboard_msgs__python.dir/rosidl_generator_py/aubo_dashboard_msgs/srv/_load_s.c.o[0m
[ 92%] [32mBuilding C object CMakeFiles/aubo_dashboard_msgs__python.dir/rosidl_generator_py/aubo_dashboard_msgs/srv/_get_loaded_program_s.c.o[0m
[ 93%] [32mBuilding C object CMakeFiles/aubo_dashboard_msgs__python.dir/rosidl_generator_py/aubo_dashboard_msgs/srv/_get_program_state_s.c.o[0m
[ 94%] [32mBuilding C object CMakeFiles/aubo_dashboard_msgs__python.dir/rosidl_generator_py/aubo_dashboard_msgs/srv/_popup_s.c.o[0m
[ 95%] [32mBuilding C object CMakeFiles/aubo_dashboard_msgs__python.dir/rosidl_generator_py/aubo_dashboard_msgs/srv/_raw_request_s.c.o[0m
[ 95%] [32mBuilding C object CMakeFiles/aubo_dashboard_msgs__python.dir/rosidl_generator_py/aubo_dashboard_msgs/action/_set_mode_s.c.o[0m
[ 96%] [1m[32mLinking C shared library rosidl_generator_py/aubo_dashboard_msgs/libaubo_dashboard_msgs__python.so[0m
[ 96%] Built target aubo_dashboard_msgs__python
[ 97%] [32mBuilding C object CMakeFiles/aubo_dashboard_msgs__rosidl_typesupport_fastrtps_c__pyext.dir/rosidl_generator_py/aubo_dashboard_msgs/_aubo_dashboard_msgs_s.ep.rosidl_typesupport_fastrtps_c.c.o[0m
[ 99%] [32mBuilding C object CMakeFiles/aubo_dashboard_msgs__rosidl_typesupport_c__pyext.dir/rosidl_generator_py/aubo_dashboard_msgs/_aubo_dashboard_msgs_s.ep.rosidl_typesupport_c.c.o[0m
[ 99%] [32mBuilding C object CMakeFiles/aubo_dashboard_msgs__rosidl_typesupport_introspection_c__pyext.dir/rosidl_generator_py/aubo_dashboard_msgs/_aubo_dashboard_msgs_s.ep.rosidl_typesupport_introspection_c.c.o[0m
[ 99%] [1m[32mLinking CXX shared library rosidl_generator_py/aubo_dashboard_msgs/aubo_dashboard_msgs_s__rosidl_typesupport_fastrtps_c.cpython-38-x86_64-linux-gnu.so[0m
[ 99%] Built target aubo_dashboard_msgs__rosidl_typesupport_fastrtps_c__pyext
[100%] [1m[32mLinking C shared library rosidl_generator_py/aubo_dashboard_msgs/aubo_dashboard_msgs_s__rosidl_typesupport_introspection_c.cpython-38-x86_64-linux-gnu.so[0m
[100%] Built target aubo_dashboard_msgs__rosidl_typesupport_introspection_c__pyext
[100%] [1m[32mLinking C shared library rosidl_generator_py/aubo_dashboard_msgs/aubo_dashboard_msgs_s__rosidl_typesupport_c.cpython-38-x86_64-linux-gnu.so[0m
[100%] Built target aubo_dashboard_msgs__rosidl_typesupport_c__pyext
