[0.015s] Invoking command in '/home/mu/IVG/aubo_ros2_ws/build/aubo_dashboard_msgs': CMAKE_PREFIX_PATH=/home/mu/IVG/aubo_ros2_ws/install/percipio_camera:/home/mu/IVG/aubo_ros2_ws/install/aubo_msgs:/home/mu/IVG/aubo_ros2_ws/install/aubo_moveit_config:/opt/ros/foxy:/home/mu/IVG/aubo_ros2_ws/install/aubo_description:/home/mu/IVG/aubo_ros2_ws/install/aubo_dashboard_msgs /usr/bin/cmake --build /home/mu/IVG/aubo_ros2_ws/build/aubo_dashboard_msgs -- -j32 -l32
[0.043s] [0mCMake Deprecation Warning at CMakeLists.txt:1 (cmake_minimum_required):
[0.043s]   Compatibility with CMake < 3.10 will be removed from a future version of
[0.043s]   CMake.
[0.043s] 
[0.043s]   Update the VERSION argument <min> value.  Or, use the <min>...<max> syntax
[0.043s]   to tell CMake that the project requires at least <min> but has been updated
[0.043s]   to work with policies introduced by <max> or earlier.
[0.043s] 
[0.043s] [0m
[0.072s] -- The C compiler identification is GNU 9.4.0
[0.112s] -- The CXX compiler identification is GNU 9.4.0
[0.118s] -- Detecting C compiler ABI info
[0.156s] -- Detecting C compiler ABI info - done
[0.165s] -- Check for working C compiler: /usr/bin/cc - skipped
[0.165s] -- Detecting C compile features
[0.165s] -- Detecting C compile features - done
[0.172s] -- Detecting CXX compiler ABI info
[0.211s] -- Detecting CXX compiler ABI info - done
[0.227s] -- Check for working CXX compiler: /usr/bin/c++ - skipped
[0.228s] -- Detecting CXX compile features
[0.228s] -- Detecting CXX compile features - done
[0.232s] -- Found ament_cmake: 0.9.12 (/opt/ros/foxy/share/ament_cmake/cmake)
[0.233s] [33mCMake Warning (dev) at /opt/ros/foxy/share/ament_cmake_core/cmake/core/python.cmake:22 (find_package):
[0.233s]   Policy CMP0148 is not set: The FindPythonInterp and FindPythonLibs modules
[0.233s]   are removed.  Run "cmake --help-policy CMP0148" for policy details.  Use
[0.233s]   the cmake_policy command to set the policy and suppress this warning.
[0.233s] 
[0.233s] Call Stack (most recent call first):
[0.233s]   /opt/ros/foxy/share/ament_cmake_core/cmake/core/all.cmake:53 (include)
[0.233s]   /opt/ros/foxy/share/ament_cmake_core/cmake/ament_cmake_core-extras.cmake:17 (include)
[0.233s]   /opt/ros/foxy/share/ament_cmake_core/cmake/ament_cmake_coreConfig.cmake:41 (include)
[0.233s]   /opt/ros/foxy/share/ament_cmake/cmake/ament_cmake_export_dependencies-extras.cmake:15 (find_package)
[0.233s]   /opt/ros/foxy/share/ament_cmake/cmake/ament_cmakeConfig.cmake:41 (include)
[0.233s]   CMakeLists.txt:4 (find_package)
[0.234s] This warning is for project developers.  Use -Wno-dev to suppress it.
[0.234s] [0m
[0.245s] -- Found PythonInterp: /usr/bin/python3 (found suitable version "3.8.10", minimum required is "3")
[0.245s] -- Using PYTHON_EXECUTABLE: /usr/bin/python3
[0.342s] -- Found rosidl_default_generators: 1.0.1 (/opt/ros/foxy/share/rosidl_default_generators/cmake)
[0.344s] -- Using all available rosidl_typesupport_c: rosidl_typesupport_fastrtps_c;rosidl_typesupport_introspection_c
[0.347s] -- Found rosidl_adapter: 1.3.1 (/opt/ros/foxy/share/rosidl_adapter/cmake)
[0.380s] -- Found OpenSSL: /usr/lib/x86_64-linux-gnu/libcrypto.so (found version "1.1.1f")
[0.440s] -- Using all available rosidl_typesupport_cpp: rosidl_typesupport_fastrtps_cpp;rosidl_typesupport_introspection_cpp
[0.453s] -- Found action_msgs: 1.0.0 (/opt/ros/foxy/share/action_msgs/cmake)
[0.488s] [33mCMake Warning (dev) at /opt/ros/foxy/share/rosidl_adapter/cmake/rosidl_adapt_interfaces.cmake:40 (find_package):
[0.488s]   Policy CMP0148 is not set: The FindPythonInterp and FindPythonLibs modules
[0.488s]   are removed.  Run "cmake --help-policy CMP0148" for policy details.  Use
[0.488s]   the cmake_policy command to set the policy and suppress this warning.
[0.488s] 
[0.488s] Call Stack (most recent call first):
[0.488s]   /opt/ros/foxy/share/rosidl_cmake/cmake/rosidl_generate_interfaces.cmake:130 (rosidl_adapt_interfaces)
[0.488s]   CMakeLists.txt:33 (rosidl_generate_interfaces)
[0.488s] This warning is for project developers.  Use -Wno-dev to suppress it.
[0.488s] [0m
[0.503s] -- Found PythonInterp: /usr/bin/python3 (found version "3.8.10")
[0.623s] -- Found ament_cmake_ros: 0.9.2 (/opt/ros/foxy/share/ament_cmake_ros/cmake)
[0.698s] -- Using all available rosidl_typesupport_c: rosidl_typesupport_fastrtps_c;rosidl_typesupport_introspection_c
[0.710s] -- Using all available rosidl_typesupport_cpp: rosidl_typesupport_fastrtps_cpp;rosidl_typesupport_introspection_cpp
[0.713s] [33mCMake Warning (dev) at /opt/ros/foxy/share/rosidl_generator_py/cmake/rosidl_generator_py_generate_interfaces.cmake:20 (find_package):
[0.713s]   Policy CMP0148 is not set: The FindPythonInterp and FindPythonLibs modules
[0.713s]   are removed.  Run "cmake --help-policy CMP0148" for policy details.  Use
[0.713s]   the cmake_policy command to set the policy and suppress this warning.
[0.713s] 
[0.713s] Call Stack (most recent call first):
[0.713s]   /opt/ros/foxy/share/ament_cmake_core/cmake/core/ament_execute_extensions.cmake:48 (include)
[0.713s]   /opt/ros/foxy/share/rosidl_cmake/cmake/rosidl_generate_interfaces.cmake:286 (ament_execute_extensions)
[0.713s]   CMakeLists.txt:33 (rosidl_generate_interfaces)
[0.713s] This warning is for project developers.  Use -Wno-dev to suppress it.
[0.713s] [0m
[0.725s] -- Found PythonInterp: /usr/bin/python3 (found suitable version "3.8.10", minimum required is "3.5")
[0.725s] -- Found python_cmake_module: 0.8.1 (/opt/ros/foxy/share/python_cmake_module/cmake)
[0.726s] [33mCMake Warning (dev) at /opt/ros/foxy/share/python_cmake_module/cmake/Modules/FindPythonExtra.cmake:45 (find_package):
[0.726s]   Policy CMP0148 is not set: The FindPythonInterp and FindPythonLibs modules
[0.726s]   are removed.  Run "cmake --help-policy CMP0148" for policy details.  Use
[0.726s]   the cmake_policy command to set the policy and suppress this warning.
[0.726s] 
[0.726s] Call Stack (most recent call first):
[0.726s]   /opt/ros/foxy/share/rosidl_generator_py/cmake/rosidl_generator_py_generate_interfaces.cmake:23 (find_package)
[0.726s]   /opt/ros/foxy/share/ament_cmake_core/cmake/core/ament_execute_extensions.cmake:48 (include)
[0.726s]   /opt/ros/foxy/share/rosidl_cmake/cmake/rosidl_generate_interfaces.cmake:286 (ament_execute_extensions)
[0.726s]   CMakeLists.txt:33 (rosidl_generate_interfaces)
[0.726s] This warning is for project developers.  Use -Wno-dev to suppress it.
[0.726s] [0m
[0.738s] [33mCMake Warning (dev) at /opt/ros/foxy/share/python_cmake_module/cmake/Modules/FindPythonExtra.cmake:133 (find_package):
[0.738s]   Policy CMP0148 is not set: The FindPythonInterp and FindPythonLibs modules
[0.738s]   are removed.  Run "cmake --help-policy CMP0148" for policy details.  Use
[0.738s]   the cmake_policy command to set the policy and suppress this warning.
[0.738s] 
[0.738s] Call Stack (most recent call first):
[0.738s]   /opt/ros/foxy/share/rosidl_generator_py/cmake/rosidl_generator_py_generate_interfaces.cmake:23 (find_package)
[0.738s]   /opt/ros/foxy/share/ament_cmake_core/cmake/core/ament_execute_extensions.cmake:48 (include)
[0.738s]   /opt/ros/foxy/share/rosidl_cmake/cmake/rosidl_generate_interfaces.cmake:286 (ament_execute_extensions)
[0.738s]   CMakeLists.txt:33 (rosidl_generate_interfaces)
[0.738s] This warning is for project developers.  Use -Wno-dev to suppress it.
[0.738s] [0m
[0.739s] -- Using PYTHON_EXECUTABLE: /usr/bin/python3
[0.739s] -- Using PYTHON_INCLUDE_DIRS: /usr/include/python3.8
[0.739s] -- Using PYTHON_LIBRARIES: /usr/lib/x86_64-linux-gnu/libpython3.8.so
[0.755s] -- Configuring done (0.7s)
[0.800s] -- Generating done (0.0s)
[0.812s] -- Build files have been written to: /home/mu/IVG/aubo_ros2_ws/build/aubo_dashboard_msgs
[0.828s] [  0%] Built target aubo_dashboard_msgs__cpp
[0.828s] [  0%] [32mBuilding C object CMakeFiles/aubo_dashboard_msgs__rosidl_generator_c.dir/rosidl_generator_c/aubo_dashboard_msgs/msg/detail/program_state__functions.c.o[0m
[0.829s] [  1%] [32mBuilding C object CMakeFiles/aubo_dashboard_msgs__rosidl_generator_c.dir/rosidl_generator_c/aubo_dashboard_msgs/msg/detail/robot_mode__functions.c.o[0m
[0.829s] [  3%] [32mBuilding C object CMakeFiles/aubo_dashboard_msgs__rosidl_generator_c.dir/rosidl_generator_c/aubo_dashboard_msgs/srv/detail/add_to_log__functions.c.o[0m
[0.829s] [  3%] [32mBuilding C object CMakeFiles/aubo_dashboard_msgs__rosidl_generator_c.dir/rosidl_generator_c/aubo_dashboard_msgs/msg/detail/safety_mode__functions.c.o[0m
[0.829s] [  3%] [32mBuilding C object CMakeFiles/aubo_dashboard_msgs__rosidl_generator_c.dir/rosidl_generator_c/aubo_dashboard_msgs/srv/detail/get_loaded_program__functions.c.o[0m
[0.830s] [  3%] [32mBuilding C object CMakeFiles/aubo_dashboard_msgs__rosidl_generator_c.dir/rosidl_generator_c/aubo_dashboard_msgs/srv/detail/get_safety_mode__functions.c.o[0m
[0.838s] [  5%] [32mBuilding C object CMakeFiles/aubo_dashboard_msgs__rosidl_generator_c.dir/rosidl_generator_c/aubo_dashboard_msgs/srv/detail/is_program_running__functions.c.o[0m
[0.838s] [  5%] [32mBuilding C object CMakeFiles/aubo_dashboard_msgs__rosidl_generator_c.dir/rosidl_generator_c/aubo_dashboard_msgs/srv/detail/get_program_state__functions.c.o[0m
[0.838s] [  7%] [32mBuilding C object CMakeFiles/aubo_dashboard_msgs__rosidl_generator_c.dir/rosidl_generator_c/aubo_dashboard_msgs/srv/detail/get_robot_mode__functions.c.o[0m
[0.838s] [  7%] [32mBuilding C object CMakeFiles/aubo_dashboard_msgs__rosidl_generator_c.dir/rosidl_generator_c/aubo_dashboard_msgs/srv/detail/is_in_remote_control__functions.c.o[0m
[0.838s] [  8%] [32mBuilding C object CMakeFiles/aubo_dashboard_msgs__rosidl_generator_c.dir/rosidl_generator_c/aubo_dashboard_msgs/srv/detail/load__functions.c.o[0m
[0.838s] [  8%] [32mBuilding C object CMakeFiles/aubo_dashboard_msgs__rosidl_generator_c.dir/rosidl_generator_c/aubo_dashboard_msgs/srv/detail/is_program_saved__functions.c.o[0m
[0.838s] [  9%] [32mBuilding C object CMakeFiles/aubo_dashboard_msgs__rosidl_generator_c.dir/rosidl_generator_c/aubo_dashboard_msgs/srv/detail/popup__functions.c.o[0m
[0.838s] [ 10%] [32mBuilding C object CMakeFiles/aubo_dashboard_msgs__rosidl_generator_c.dir/rosidl_generator_c/aubo_dashboard_msgs/srv/detail/raw_request__functions.c.o[0m
[0.839s] [ 10%] [32mBuilding C object CMakeFiles/aubo_dashboard_msgs__rosidl_generator_c.dir/rosidl_generator_c/aubo_dashboard_msgs/action/detail/set_mode__functions.c.o[0m
[0.839s] [ 13%] [32mBuilding CXX object CMakeFiles/aubo_dashboard_msgs__rosidl_typesupport_fastrtps_cpp.dir/rosidl_typesupport_fastrtps_cpp/aubo_dashboard_msgs/srv/detail/dds_fastrtps/add_to_log__type_support.cpp.o[0m
[0.839s] [ 13%] [32mBuilding CXX object CMakeFiles/aubo_dashboard_msgs__rosidl_typesupport_cpp.dir/rosidl_typesupport_cpp/aubo_dashboard_msgs/msg/program_state__type_support.cpp.o[0m
[0.839s] [ 13%] [32mBuilding CXX object CMakeFiles/aubo_dashboard_msgs__rosidl_typesupport_fastrtps_cpp.dir/rosidl_typesupport_fastrtps_cpp/aubo_dashboard_msgs/msg/detail/dds_fastrtps/program_state__type_support.cpp.o[0m
[0.839s] [ 13%] [32mBuilding CXX object CMakeFiles/aubo_dashboard_msgs__rosidl_typesupport_fastrtps_cpp.dir/rosidl_typesupport_fastrtps_cpp/aubo_dashboard_msgs/srv/detail/dds_fastrtps/get_program_state__type_support.cpp.o[0m
[0.845s] [ 14%] [32mBuilding CXX object CMakeFiles/aubo_dashboard_msgs__rosidl_typesupport_fastrtps_cpp.dir/rosidl_typesupport_fastrtps_cpp/aubo_dashboard_msgs/msg/detail/dds_fastrtps/safety_mode__type_support.cpp.o[0m
[0.846s] [ 14%] [32mBuilding CXX object CMakeFiles/aubo_dashboard_msgs__rosidl_typesupport_fastrtps_cpp.dir/rosidl_typesupport_fastrtps_cpp/aubo_dashboard_msgs/msg/detail/dds_fastrtps/robot_mode__type_support.cpp.o[0m
[0.846s] [ 15%] [32mBuilding CXX object CMakeFiles/aubo_dashboard_msgs__rosidl_typesupport_introspection_cpp.dir/rosidl_typesupport_introspection_cpp/aubo_dashboard_msgs/msg/detail/robot_mode__type_support.cpp.o[0m
[0.846s] [ 16%] [32mBuilding CXX object CMakeFiles/aubo_dashboard_msgs__rosidl_typesupport_fastrtps_cpp.dir/rosidl_typesupport_fastrtps_cpp/aubo_dashboard_msgs/srv/detail/dds_fastrtps/get_robot_mode__type_support.cpp.o[0m
[0.846s] [ 17%] [32mBuilding CXX object CMakeFiles/aubo_dashboard_msgs__rosidl_typesupport_fastrtps_cpp.dir/rosidl_typesupport_fastrtps_cpp/aubo_dashboard_msgs/srv/detail/dds_fastrtps/get_loaded_program__type_support.cpp.o[0m
[0.846s] [ 17%] [32mBuilding CXX object CMakeFiles/aubo_dashboard_msgs__rosidl_typesupport_introspection_cpp.dir/rosidl_typesupport_introspection_cpp/aubo_dashboard_msgs/msg/detail/safety_mode__type_support.cpp.o[0m
[0.846s] [ 18%] [32mBuilding CXX object CMakeFiles/aubo_dashboard_msgs__rosidl_typesupport_introspection_cpp.dir/rosidl_typesupport_introspection_cpp/aubo_dashboard_msgs/srv/detail/add_to_log__type_support.cpp.o[0m
[0.847s] [ 19%] [32mBuilding CXX object CMakeFiles/aubo_dashboard_msgs__rosidl_typesupport_fastrtps_cpp.dir/rosidl_typesupport_fastrtps_cpp/aubo_dashboard_msgs/srv/detail/dds_fastrtps/is_in_remote_control__type_support.cpp.o[0m
[0.849s] [ 20%] [32mBuilding CXX object CMakeFiles/aubo_dashboard_msgs__rosidl_typesupport_introspection_cpp.dir/rosidl_typesupport_introspection_cpp/aubo_dashboard_msgs/msg/detail/program_state__type_support.cpp.o[0m
[0.853s] [ 20%] [32mBuilding CXX object CMakeFiles/aubo_dashboard_msgs__rosidl_typesupport_cpp.dir/rosidl_typesupport_cpp/aubo_dashboard_msgs/msg/robot_mode__type_support.cpp.o[0m
[0.862s] [ 21%] [32mBuilding CXX object CMakeFiles/aubo_dashboard_msgs__rosidl_typesupport_fastrtps_cpp.dir/rosidl_typesupport_fastrtps_cpp/aubo_dashboard_msgs/srv/detail/dds_fastrtps/is_program_running__type_support.cpp.o[0m
[0.862s] [ 21%] [32mBuilding CXX object CMakeFiles/aubo_dashboard_msgs__rosidl_typesupport_fastrtps_cpp.dir/rosidl_typesupport_fastrtps_cpp/aubo_dashboard_msgs/srv/detail/dds_fastrtps/get_safety_mode__type_support.cpp.o[0m
[0.882s] [ 22%] [32mBuilding CXX object CMakeFiles/aubo_dashboard_msgs__rosidl_typesupport_introspection_cpp.dir/rosidl_typesupport_introspection_cpp/aubo_dashboard_msgs/srv/detail/get_loaded_program__type_support.cpp.o[0m
[0.926s] [ 23%] [32mBuilding CXX object CMakeFiles/aubo_dashboard_msgs__rosidl_typesupport_fastrtps_cpp.dir/rosidl_typesupport_fastrtps_cpp/aubo_dashboard_msgs/srv/detail/dds_fastrtps/is_program_saved__type_support.cpp.o[0m
[0.962s] [ 24%] [32mBuilding CXX object CMakeFiles/aubo_dashboard_msgs__rosidl_typesupport_fastrtps_cpp.dir/rosidl_typesupport_fastrtps_cpp/aubo_dashboard_msgs/srv/detail/dds_fastrtps/load__type_support.cpp.o[0m
[0.962s] [ 25%] [32mBuilding CXX object CMakeFiles/aubo_dashboard_msgs__rosidl_typesupport_introspection_cpp.dir/rosidl_typesupport_introspection_cpp/aubo_dashboard_msgs/srv/detail/get_program_state__type_support.cpp.o[0m
[0.965s] [ 26%] [32mBuilding CXX object CMakeFiles/aubo_dashboard_msgs__rosidl_typesupport_cpp.dir/rosidl_typesupport_cpp/aubo_dashboard_msgs/msg/safety_mode__type_support.cpp.o[0m
[0.967s] [ 27%] [32mBuilding CXX object CMakeFiles/aubo_dashboard_msgs__rosidl_typesupport_cpp.dir/rosidl_typesupport_cpp/aubo_dashboard_msgs/srv/add_to_log__type_support.cpp.o[0m
[0.973s] [ 27%] [32mBuilding CXX object CMakeFiles/aubo_dashboard_msgs__rosidl_typesupport_fastrtps_cpp.dir/rosidl_typesupport_fastrtps_cpp/aubo_dashboard_msgs/srv/detail/dds_fastrtps/popup__type_support.cpp.o[0m
[0.973s] [ 27%] [32mBuilding CXX object CMakeFiles/aubo_dashboard_msgs__rosidl_typesupport_cpp.dir/rosidl_typesupport_cpp/aubo_dashboard_msgs/srv/get_loaded_program__type_support.cpp.o[0m
[0.975s] [ 28%] [32mBuilding CXX object CMakeFiles/aubo_dashboard_msgs__rosidl_typesupport_cpp.dir/rosidl_typesupport_cpp/aubo_dashboard_msgs/srv/get_program_state__type_support.cpp.o[0m
[0.981s] [ 29%] [32mBuilding CXX object CMakeFiles/aubo_dashboard_msgs__rosidl_typesupport_introspection_cpp.dir/rosidl_typesupport_introspection_cpp/aubo_dashboard_msgs/srv/detail/get_safety_mode__type_support.cpp.o[0m
[0.994s] [ 29%] [32mBuilding CXX object CMakeFiles/aubo_dashboard_msgs__rosidl_typesupport_introspection_cpp.dir/rosidl_typesupport_introspection_cpp/aubo_dashboard_msgs/srv/detail/get_robot_mode__type_support.cpp.o[0m
[0.994s] [ 30%] [32mBuilding CXX object CMakeFiles/aubo_dashboard_msgs__rosidl_typesupport_cpp.dir/rosidl_typesupport_cpp/aubo_dashboard_msgs/srv/get_robot_mode__type_support.cpp.o[0m
[0.994s] [ 31%] [32mBuilding CXX object CMakeFiles/aubo_dashboard_msgs__rosidl_typesupport_introspection_cpp.dir/rosidl_typesupport_introspection_cpp/aubo_dashboard_msgs/srv/detail/is_program_running__type_support.cpp.o[0m
[1.010s] [ 32%] [32mBuilding CXX object CMakeFiles/aubo_dashboard_msgs__rosidl_typesupport_fastrtps_cpp.dir/rosidl_typesupport_fastrtps_cpp/aubo_dashboard_msgs/srv/detail/dds_fastrtps/raw_request__type_support.cpp.o[0m
[1.072s] [ 33%] [32mBuilding CXX object CMakeFiles/aubo_dashboard_msgs__rosidl_typesupport_cpp.dir/rosidl_typesupport_cpp/aubo_dashboard_msgs/srv/get_safety_mode__type_support.cpp.o[0m
[1.192s] [ 33%] [32mBuilding CXX object CMakeFiles/aubo_dashboard_msgs__rosidl_typesupport_introspection_cpp.dir/rosidl_typesupport_introspection_cpp/aubo_dashboard_msgs/srv/detail/is_in_remote_control__type_support.cpp.o[0m
[1.239s] [ 34%] [32mBuilding CXX object CMakeFiles/aubo_dashboard_msgs__rosidl_typesupport_introspection_cpp.dir/rosidl_typesupport_introspection_cpp/aubo_dashboard_msgs/srv/detail/is_program_saved__type_support.cpp.o[0m
[1.294s] [ 34%] [32mBuilding CXX object CMakeFiles/aubo_dashboard_msgs__rosidl_typesupport_cpp.dir/rosidl_typesupport_cpp/aubo_dashboard_msgs/srv/is_program_running__type_support.cpp.o[0m
[1.354s] [ 35%] [32mBuilding CXX object CMakeFiles/aubo_dashboard_msgs__rosidl_typesupport_cpp.dir/rosidl_typesupport_cpp/aubo_dashboard_msgs/srv/is_in_remote_control__type_support.cpp.o[0m
[1.357s] [ 35%] [32mBuilding CXX object CMakeFiles/aubo_dashboard_msgs__rosidl_typesupport_introspection_cpp.dir/rosidl_typesupport_introspection_cpp/aubo_dashboard_msgs/srv/detail/popup__type_support.cpp.o[0m
[1.362s] [ 36%] [32mBuilding CXX object CMakeFiles/aubo_dashboard_msgs__rosidl_typesupport_introspection_cpp.dir/rosidl_typesupport_introspection_cpp/aubo_dashboard_msgs/srv/detail/load__type_support.cpp.o[0m
[1.369s] [ 37%] [32mBuilding CXX object CMakeFiles/aubo_dashboard_msgs__rosidl_typesupport_cpp.dir/rosidl_typesupport_cpp/aubo_dashboard_msgs/srv/is_program_saved__type_support.cpp.o[0m
[1.414s] [ 38%] [32mBuilding CXX object CMakeFiles/aubo_dashboard_msgs__rosidl_typesupport_fastrtps_cpp.dir/rosidl_typesupport_fastrtps_cpp/aubo_dashboard_msgs/action/detail/dds_fastrtps/set_mode__type_support.cpp.o[0m
[1.446s] [ 38%] [32mBuilding CXX object CMakeFiles/aubo_dashboard_msgs__rosidl_typesupport_cpp.dir/rosidl_typesupport_cpp/aubo_dashboard_msgs/srv/load__type_support.cpp.o[0m
[1.455s] [ 39%] [32mBuilding CXX object CMakeFiles/aubo_dashboard_msgs__rosidl_typesupport_introspection_cpp.dir/rosidl_typesupport_introspection_cpp/aubo_dashboard_msgs/action/detail/set_mode__type_support.cpp.o[0m
[1.457s] [ 40%] [32mBuilding CXX object CMakeFiles/aubo_dashboard_msgs__rosidl_typesupport_cpp.dir/rosidl_typesupport_cpp/aubo_dashboard_msgs/srv/popup__type_support.cpp.o[0m
[1.462s] [ 41%] [32mBuilding CXX object CMakeFiles/aubo_dashboard_msgs__rosidl_typesupport_introspection_cpp.dir/rosidl_typesupport_introspection_cpp/aubo_dashboard_msgs/srv/detail/raw_request__type_support.cpp.o[0m
[1.520s] [ 42%] [32mBuilding CXX object CMakeFiles/aubo_dashboard_msgs__rosidl_typesupport_cpp.dir/rosidl_typesupport_cpp/aubo_dashboard_msgs/srv/raw_request__type_support.cpp.o[0m
[1.538s] [ 42%] [32mBuilding CXX object CMakeFiles/aubo_dashboard_msgs__rosidl_typesupport_cpp.dir/rosidl_typesupport_cpp/aubo_dashboard_msgs/action/set_mode__type_support.cpp.o[0m
[1.578s] [ 43%] [1m[32mLinking C shared library libaubo_dashboard_msgs__rosidl_generator_c.so[0m
[1.617s] [ 44%] Built target aubo_dashboard_msgs__rosidl_generator_c
[1.672s] [ 44%] [32mBuilding CXX object CMakeFiles/aubo_dashboard_msgs__rosidl_typesupport_c.dir/rosidl_typesupport_c/aubo_dashboard_msgs/msg/program_state__type_support.cpp.o[0m
[1.702s] [ 45%] [32mBuilding C object CMakeFiles/aubo_dashboard_msgs__rosidl_typesupport_introspection_c.dir/rosidl_typesupport_introspection_c/aubo_dashboard_msgs/msg/detail/program_state__type_support.c.o[0m
[1.711s] [ 46%] [32mBuilding CXX object CMakeFiles/aubo_dashboard_msgs__rosidl_typesupport_c.dir/rosidl_typesupport_c/aubo_dashboard_msgs/msg/robot_mode__type_support.cpp.o[0m
[1.719s] [ 47%] [32mBuilding C object CMakeFiles/aubo_dashboard_msgs__rosidl_typesupport_introspection_c.dir/rosidl_typesupport_introspection_c/aubo_dashboard_msgs/msg/detail/safety_mode__type_support.c.o[0m
[1.720s] [ 47%] [32mBuilding C object CMakeFiles/aubo_dashboard_msgs__rosidl_typesupport_introspection_c.dir/rosidl_typesupport_introspection_c/aubo_dashboard_msgs/msg/detail/robot_mode__type_support.c.o[0m
[1.728s] [ 48%] [32mBuilding CXX object CMakeFiles/aubo_dashboard_msgs__rosidl_typesupport_c.dir/rosidl_typesupport_c/aubo_dashboard_msgs/msg/safety_mode__type_support.cpp.o[0m
[1.748s] [ 49%] [32mBuilding C object CMakeFiles/aubo_dashboard_msgs__rosidl_typesupport_introspection_c.dir/rosidl_typesupport_introspection_c/aubo_dashboard_msgs/srv/detail/add_to_log__type_support.c.o[0m
[1.758s] [ 49%] [32mBuilding CXX object CMakeFiles/aubo_dashboard_msgs__rosidl_typesupport_c.dir/rosidl_typesupport_c/aubo_dashboard_msgs/srv/add_to_log__type_support.cpp.o[0m
[1.775s] [ 50%] [32mBuilding C object CMakeFiles/aubo_dashboard_msgs__rosidl_typesupport_introspection_c.dir/rosidl_typesupport_introspection_c/aubo_dashboard_msgs/srv/detail/get_loaded_program__type_support.c.o[0m
[1.778s] [ 50%] [32mBuilding C object CMakeFiles/aubo_dashboard_msgs__rosidl_typesupport_introspection_c.dir/rosidl_typesupport_introspection_c/aubo_dashboard_msgs/srv/detail/get_program_state__type_support.c.o[0m
[1.786s] [ 51%] [32mBuilding CXX object CMakeFiles/aubo_dashboard_msgs__rosidl_typesupport_c.dir/rosidl_typesupport_c/aubo_dashboard_msgs/srv/get_loaded_program__type_support.cpp.o[0m
[1.805s] [ 52%] [32mBuilding CXX object CMakeFiles/aubo_dashboard_msgs__rosidl_typesupport_c.dir/rosidl_typesupport_c/aubo_dashboard_msgs/srv/get_program_state__type_support.cpp.o[0m
[1.826s] [ 53%] [32mBuilding CXX object CMakeFiles/aubo_dashboard_msgs__rosidl_typesupport_c.dir/rosidl_typesupport_c/aubo_dashboard_msgs/srv/get_robot_mode__type_support.cpp.o[0m
[1.833s] [ 54%] [32mBuilding C object CMakeFiles/aubo_dashboard_msgs__rosidl_typesupport_introspection_c.dir/rosidl_typesupport_introspection_c/aubo_dashboard_msgs/srv/detail/get_safety_mode__type_support.c.o[0m
[1.835s] [ 54%] [32mBuilding CXX object CMakeFiles/aubo_dashboard_msgs__rosidl_typesupport_c.dir/rosidl_typesupport_c/aubo_dashboard_msgs/srv/get_safety_mode__type_support.cpp.o[0m
[1.835s] [ 55%] [32mBuilding CXX object CMakeFiles/aubo_dashboard_msgs__rosidl_typesupport_c.dir/rosidl_typesupport_c/aubo_dashboard_msgs/srv/is_program_running__type_support.cpp.o[0m
[1.840s] [ 55%] [32mBuilding C object CMakeFiles/aubo_dashboard_msgs__rosidl_typesupport_introspection_c.dir/rosidl_typesupport_introspection_c/aubo_dashboard_msgs/srv/detail/is_program_running__type_support.c.o[0m
[1.844s] [ 56%] [32mBuilding C object CMakeFiles/aubo_dashboard_msgs__rosidl_typesupport_introspection_c.dir/rosidl_typesupport_introspection_c/aubo_dashboard_msgs/srv/detail/get_robot_mode__type_support.c.o[0m
[1.856s] [ 57%] [32mBuilding C object CMakeFiles/aubo_dashboard_msgs__rosidl_typesupport_introspection_c.dir/rosidl_typesupport_introspection_c/aubo_dashboard_msgs/srv/detail/is_in_remote_control__type_support.c.o[0m
[1.861s] [ 57%] [32mBuilding CXX object CMakeFiles/aubo_dashboard_msgs__rosidl_typesupport_c.dir/rosidl_typesupport_c/aubo_dashboard_msgs/srv/is_program_saved__type_support.cpp.o[0m
[1.866s] [ 58%] [32mBuilding CXX object CMakeFiles/aubo_dashboard_msgs__rosidl_typesupport_c.dir/rosidl_typesupport_c/aubo_dashboard_msgs/srv/is_in_remote_control__type_support.cpp.o[0m
[1.870s] [ 59%] [32mBuilding CXX object CMakeFiles/aubo_dashboard_msgs__rosidl_typesupport_c.dir/rosidl_typesupport_c/aubo_dashboard_msgs/srv/popup__type_support.cpp.o[0m
[1.875s] [ 60%] [32mBuilding C object CMakeFiles/aubo_dashboard_msgs__rosidl_typesupport_introspection_c.dir/rosidl_typesupport_introspection_c/aubo_dashboard_msgs/srv/detail/is_program_saved__type_support.c.o[0m
[1.878s] [ 61%] [32mBuilding CXX object CMakeFiles/aubo_dashboard_msgs__rosidl_typesupport_c.dir/rosidl_typesupport_c/aubo_dashboard_msgs/srv/load__type_support.cpp.o[0m
[1.891s] [ 61%] [32mBuilding C object CMakeFiles/aubo_dashboard_msgs__rosidl_typesupport_introspection_c.dir/rosidl_typesupport_introspection_c/aubo_dashboard_msgs/srv/detail/load__type_support.c.o[0m
[1.892s] [ 61%] [32mBuilding CXX object CMakeFiles/aubo_dashboard_msgs__rosidl_typesupport_c.dir/rosidl_typesupport_c/aubo_dashboard_msgs/srv/raw_request__type_support.cpp.o[0m
[1.909s] [ 62%] [32mBuilding CXX object CMakeFiles/aubo_dashboard_msgs__rosidl_typesupport_c.dir/rosidl_typesupport_c/aubo_dashboard_msgs/action/set_mode__type_support.cpp.o[0m
[1.913s] [ 63%] [32mBuilding C object CMakeFiles/aubo_dashboard_msgs__rosidl_typesupport_introspection_c.dir/rosidl_typesupport_introspection_c/aubo_dashboard_msgs/srv/detail/raw_request__type_support.c.o[0m
[1.914s] [ 64%] [32mBuilding C object CMakeFiles/aubo_dashboard_msgs__rosidl_typesupport_introspection_c.dir/rosidl_typesupport_introspection_c/aubo_dashboard_msgs/srv/detail/popup__type_support.c.o[0m
[1.922s] [ 65%] [32mBuilding C object CMakeFiles/aubo_dashboard_msgs__rosidl_typesupport_introspection_c.dir/rosidl_typesupport_introspection_c/aubo_dashboard_msgs/action/detail/set_mode__type_support.c.o[0m
[1.995s] [ 66%] [1m[32mLinking CXX shared library libaubo_dashboard_msgs__rosidl_typesupport_c.so[0m
[2.015s] [ 66%] [1m[32mLinking C shared library libaubo_dashboard_msgs__rosidl_typesupport_introspection_c.so[0m
[2.032s] [ 67%] Built target aubo_dashboard_msgs__rosidl_typesupport_c
[2.039s] [ 68%] [1m[32mLinking CXX shared library libaubo_dashboard_msgs__rosidl_typesupport_cpp.so[0m
[2.046s] [ 69%] Built target aubo_dashboard_msgs__rosidl_typesupport_introspection_c
[2.076s] [ 70%] Built target aubo_dashboard_msgs__rosidl_typesupport_cpp
[2.088s] [ 71%] [1m[32mLinking CXX shared library libaubo_dashboard_msgs__rosidl_typesupport_introspection_cpp.so[0m
[2.128s] [ 71%] Built target aubo_dashboard_msgs__rosidl_typesupport_introspection_cpp
[2.208s] [ 71%] [1m[32mLinking CXX shared library libaubo_dashboard_msgs__rosidl_typesupport_fastrtps_cpp.so[0m
[2.264s] [ 72%] Built target aubo_dashboard_msgs__rosidl_typesupport_fastrtps_cpp
[2.271s] [ 73%] [32mBuilding CXX object CMakeFiles/aubo_dashboard_msgs__rosidl_typesupport_fastrtps_c.dir/rosidl_typesupport_fastrtps_c/aubo_dashboard_msgs/msg/detail/program_state__type_support_c.cpp.o[0m
[2.272s] [ 73%] [32mBuilding CXX object CMakeFiles/aubo_dashboard_msgs__rosidl_typesupport_fastrtps_c.dir/rosidl_typesupport_fastrtps_c/aubo_dashboard_msgs/msg/detail/robot_mode__type_support_c.cpp.o[0m
[2.273s] [ 75%] [32mBuilding CXX object CMakeFiles/aubo_dashboard_msgs__rosidl_typesupport_fastrtps_c.dir/rosidl_typesupport_fastrtps_c/aubo_dashboard_msgs/srv/detail/add_to_log__type_support_c.cpp.o[0m
[2.273s] [ 76%] [32mBuilding CXX object CMakeFiles/aubo_dashboard_msgs__rosidl_typesupport_fastrtps_c.dir/rosidl_typesupport_fastrtps_c/aubo_dashboard_msgs/srv/detail/get_program_state__type_support_c.cpp.o[0m
[2.273s] [ 77%] [32mBuilding CXX object CMakeFiles/aubo_dashboard_msgs__rosidl_typesupport_fastrtps_c.dir/rosidl_typesupport_fastrtps_c/aubo_dashboard_msgs/srv/detail/get_loaded_program__type_support_c.cpp.o[0m
[2.274s] [ 74%] [32mBuilding CXX object CMakeFiles/aubo_dashboard_msgs__rosidl_typesupport_fastrtps_c.dir/rosidl_typesupport_fastrtps_c/aubo_dashboard_msgs/msg/detail/safety_mode__type_support_c.cpp.o[0m
[2.274s] [ 77%] [32mBuilding CXX object CMakeFiles/aubo_dashboard_msgs__rosidl_typesupport_fastrtps_c.dir/rosidl_typesupport_fastrtps_c/aubo_dashboard_msgs/srv/detail/get_robot_mode__type_support_c.cpp.o[0m
[2.274s] [ 79%] [32mBuilding CXX object CMakeFiles/aubo_dashboard_msgs__rosidl_typesupport_fastrtps_c.dir/rosidl_typesupport_fastrtps_c/aubo_dashboard_msgs/srv/detail/is_in_remote_control__type_support_c.cpp.o[0m
[2.274s] [ 80%] [32mBuilding CXX object CMakeFiles/aubo_dashboard_msgs__rosidl_typesupport_fastrtps_c.dir/rosidl_typesupport_fastrtps_c/aubo_dashboard_msgs/srv/detail/is_program_saved__type_support_c.cpp.o[0m
[2.274s] [ 80%] [32mBuilding CXX object CMakeFiles/aubo_dashboard_msgs__rosidl_typesupport_fastrtps_c.dir/rosidl_typesupport_fastrtps_c/aubo_dashboard_msgs/srv/detail/is_program_running__type_support_c.cpp.o[0m
[2.274s] [ 80%] [32mBuilding CXX object CMakeFiles/aubo_dashboard_msgs__rosidl_typesupport_fastrtps_c.dir/rosidl_typesupport_fastrtps_c/aubo_dashboard_msgs/srv/detail/load__type_support_c.cpp.o[0m
[2.274s] [ 77%] [32mBuilding CXX object CMakeFiles/aubo_dashboard_msgs__rosidl_typesupport_fastrtps_c.dir/rosidl_typesupport_fastrtps_c/aubo_dashboard_msgs/srv/detail/get_safety_mode__type_support_c.cpp.o[0m
[2.274s] [ 81%] [32mBuilding CXX object CMakeFiles/aubo_dashboard_msgs__rosidl_typesupport_fastrtps_c.dir/rosidl_typesupport_fastrtps_c/aubo_dashboard_msgs/srv/detail/raw_request__type_support_c.cpp.o[0m
[2.275s] [ 81%] [32mBuilding CXX object CMakeFiles/aubo_dashboard_msgs__rosidl_typesupport_fastrtps_c.dir/rosidl_typesupport_fastrtps_c/aubo_dashboard_msgs/action/detail/set_mode__type_support_c.cpp.o[0m
[2.276s] [ 82%] [32mBuilding CXX object CMakeFiles/aubo_dashboard_msgs__rosidl_typesupport_fastrtps_c.dir/rosidl_typesupport_fastrtps_c/aubo_dashboard_msgs/srv/detail/popup__type_support_c.cpp.o[0m
[2.791s] [ 83%] [1m[32mLinking CXX shared library libaubo_dashboard_msgs__rosidl_typesupport_fastrtps_c.so[0m
[2.879s] [ 84%] Built target aubo_dashboard_msgs__rosidl_typesupport_fastrtps_c
[2.886s] [ 84%] Built target aubo_dashboard_msgs
[2.893s] [ 85%] Built target aubo_dashboard_msgs__py
[2.901s] [ 87%] [32mBuilding C object CMakeFiles/aubo_dashboard_msgs__python.dir/rosidl_generator_py/aubo_dashboard_msgs/msg/_safety_mode_s.c.o[0m
[2.901s] [ 87%] [32mBuilding C object CMakeFiles/aubo_dashboard_msgs__python.dir/rosidl_generator_py/aubo_dashboard_msgs/srv/_add_to_log_s.c.o[0m
[2.901s] [ 87%] [32mBuilding C object CMakeFiles/aubo_dashboard_msgs__python.dir/rosidl_generator_py/aubo_dashboard_msgs/msg/_robot_mode_s.c.o[0m
[2.901s] [ 88%] [32mBuilding C object CMakeFiles/aubo_dashboard_msgs__python.dir/rosidl_generator_py/aubo_dashboard_msgs/msg/_program_state_s.c.o[0m
[2.901s] [ 89%] [32mBuilding C object CMakeFiles/aubo_dashboard_msgs__python.dir/rosidl_generator_py/aubo_dashboard_msgs/srv/_get_robot_mode_s.c.o[0m
[2.902s] [ 90%] [32mBuilding C object CMakeFiles/aubo_dashboard_msgs__python.dir/rosidl_generator_py/aubo_dashboard_msgs/srv/_is_program_running_s.c.o[0m
[2.902s] [ 91%] [32mBuilding C object CMakeFiles/aubo_dashboard_msgs__python.dir/rosidl_generator_py/aubo_dashboard_msgs/srv/_get_safety_mode_s.c.o[0m
[2.906s] [ 91%] [32mBuilding C object CMakeFiles/aubo_dashboard_msgs__python.dir/rosidl_generator_py/aubo_dashboard_msgs/srv/_is_in_remote_control_s.c.o[0m
[2.906s] [ 92%] [32mBuilding C object CMakeFiles/aubo_dashboard_msgs__python.dir/rosidl_generator_py/aubo_dashboard_msgs/srv/_is_program_saved_s.c.o[0m
[2.906s] [ 92%] [32mBuilding C object CMakeFiles/aubo_dashboard_msgs__python.dir/rosidl_generator_py/aubo_dashboard_msgs/srv/_load_s.c.o[0m
[2.906s] [ 92%] [32mBuilding C object CMakeFiles/aubo_dashboard_msgs__python.dir/rosidl_generator_py/aubo_dashboard_msgs/srv/_get_loaded_program_s.c.o[0m
[2.906s] [ 93%] [32mBuilding C object CMakeFiles/aubo_dashboard_msgs__python.dir/rosidl_generator_py/aubo_dashboard_msgs/srv/_get_program_state_s.c.o[0m
[2.906s] [ 94%] [32mBuilding C object CMakeFiles/aubo_dashboard_msgs__python.dir/rosidl_generator_py/aubo_dashboard_msgs/srv/_popup_s.c.o[0m
[2.910s] [ 95%] [32mBuilding C object CMakeFiles/aubo_dashboard_msgs__python.dir/rosidl_generator_py/aubo_dashboard_msgs/srv/_raw_request_s.c.o[0m
[2.910s] [ 95%] [32mBuilding C object CMakeFiles/aubo_dashboard_msgs__python.dir/rosidl_generator_py/aubo_dashboard_msgs/action/_set_mode_s.c.o[0m
[3.134s] [ 96%] [1m[32mLinking C shared library rosidl_generator_py/aubo_dashboard_msgs/libaubo_dashboard_msgs__python.so[0m
[3.157s] [ 96%] Built target aubo_dashboard_msgs__python
[3.164s] [ 97%] [32mBuilding C object CMakeFiles/aubo_dashboard_msgs__rosidl_typesupport_fastrtps_c__pyext.dir/rosidl_generator_py/aubo_dashboard_msgs/_aubo_dashboard_msgs_s.ep.rosidl_typesupport_fastrtps_c.c.o[0m
[3.167s] [ 99%] [32mBuilding C object CMakeFiles/aubo_dashboard_msgs__rosidl_typesupport_c__pyext.dir/rosidl_generator_py/aubo_dashboard_msgs/_aubo_dashboard_msgs_s.ep.rosidl_typesupport_c.c.o[0m
[3.167s] [ 99%] [32mBuilding C object CMakeFiles/aubo_dashboard_msgs__rosidl_typesupport_introspection_c__pyext.dir/rosidl_generator_py/aubo_dashboard_msgs/_aubo_dashboard_msgs_s.ep.rosidl_typesupport_introspection_c.c.o[0m
[3.516s] [ 99%] [1m[32mLinking CXX shared library rosidl_generator_py/aubo_dashboard_msgs/aubo_dashboard_msgs_s__rosidl_typesupport_fastrtps_c.cpython-38-x86_64-linux-gnu.so[0m
[3.572s] [ 99%] Built target aubo_dashboard_msgs__rosidl_typesupport_fastrtps_c__pyext
[3.637s] [100%] [1m[32mLinking C shared library rosidl_generator_py/aubo_dashboard_msgs/aubo_dashboard_msgs_s__rosidl_typesupport_introspection_c.cpython-38-x86_64-linux-gnu.so[0m
[3.659s] [100%] Built target aubo_dashboard_msgs__rosidl_typesupport_introspection_c__pyext
[3.667s] [100%] [1m[32mLinking C shared library rosidl_generator_py/aubo_dashboard_msgs/aubo_dashboard_msgs_s__rosidl_typesupport_c.cpython-38-x86_64-linux-gnu.so[0m
[3.688s] [100%] Built target aubo_dashboard_msgs__rosidl_typesupport_c__pyext
