[0.022s] Invoking command in '/home/mu/IVG/ws_moveit/build/moveit_kinematics': AMENT_PREFIX_PATH=/home/mu/IVG/ws_moveit/install/moveit_ros_planning:/home/mu/IVG/ws_moveit/install/moveit_ros_occupancy_map_monitor:/home/mu/IVG/ws_moveit/install/moveit_core:/home/mu/IVG/ws_moveit/install/moveit_common:${AMENT_PREFIX_PATH} CMAKE_PREFIX_PATH=/home/mu/IVG/ws_moveit/install/moveit_ros_planning:/home/mu/IVG/ws_moveit/install/moveit_ros_occupancy_map_monitor:/home/mu/IVG/ws_moveit/install/moveit_core:/home/mu/IVG/ws_moveit/install/moveit_common:/home/mu/IVG/ws_moveit/install/moveit2_tutorials:/home/mu/IVG/ws_moveit/install/moveit_visual_tools:/home/mu/IVG/ws_moveit/install/rviz_visual_tools:/opt/ros/foxy LD_LIBRARY_PATH=/home/mu/IVG/ws_moveit/install/moveit_ros_planning/lib:/home/mu/IVG/ws_moveit/install/moveit_ros_occupancy_map_monitor/lib:/home/mu/IVG/ws_moveit/install/moveit_core/lib:${LD_LIBRARY_PATH} PATH=/home/mu/IVG/ws_moveit/install/moveit_core/bin:${PATH} /usr/bin/cmake --build /home/mu/IVG/ws_moveit/build/moveit_kinematics -- -j32 -l32
[0.052s] [ 10%] Built target gtest
[0.056s] [ 21%] Built target gtest_main
[0.063s] [ 31%] Built target moveit_srv_kinematics_plugin
[0.064s] [ 42%] Built target moveit_cached_ik_kinematics_base
[0.068s] [ 52%] Built target moveit_lma_kinematics_plugin
[0.076s] [ 63%] Built target benchmark_ik
[0.081s] [ 78%] Built target moveit_kdl_kinematics_plugin
[0.118s] [ 89%] Built target test_kinematics_plugin
[0.121s] [100%] Built target moveit_cached_ik_kinematics_plugin
[0.139s] Invoked command in '/home/mu/IVG/ws_moveit/build/moveit_kinematics' returned '0': AMENT_PREFIX_PATH=/home/mu/IVG/ws_moveit/install/moveit_ros_planning:/home/mu/IVG/ws_moveit/install/moveit_ros_occupancy_map_monitor:/home/mu/IVG/ws_moveit/install/moveit_core:/home/mu/IVG/ws_moveit/install/moveit_common:${AMENT_PREFIX_PATH} CMAKE_PREFIX_PATH=/home/mu/IVG/ws_moveit/install/moveit_ros_planning:/home/mu/IVG/ws_moveit/install/moveit_ros_occupancy_map_monitor:/home/mu/IVG/ws_moveit/install/moveit_core:/home/mu/IVG/ws_moveit/install/moveit_common:/home/mu/IVG/ws_moveit/install/moveit2_tutorials:/home/mu/IVG/ws_moveit/install/moveit_visual_tools:/home/mu/IVG/ws_moveit/install/rviz_visual_tools:/opt/ros/foxy LD_LIBRARY_PATH=/home/mu/IVG/ws_moveit/install/moveit_ros_planning/lib:/home/mu/IVG/ws_moveit/install/moveit_ros_occupancy_map_monitor/lib:/home/mu/IVG/ws_moveit/install/moveit_core/lib:${LD_LIBRARY_PATH} PATH=/home/mu/IVG/ws_moveit/install/moveit_core/bin:${PATH} /usr/bin/cmake --build /home/mu/IVG/ws_moveit/build/moveit_kinematics -- -j32 -l32
[0.139s] Invoking command in '/home/mu/IVG/ws_moveit/build/moveit_kinematics': AMENT_PREFIX_PATH=/home/mu/IVG/ws_moveit/install/moveit_ros_planning:/home/mu/IVG/ws_moveit/install/moveit_ros_occupancy_map_monitor:/home/mu/IVG/ws_moveit/install/moveit_core:/home/mu/IVG/ws_moveit/install/moveit_common:${AMENT_PREFIX_PATH} CMAKE_PREFIX_PATH=/home/mu/IVG/ws_moveit/install/moveit_ros_planning:/home/mu/IVG/ws_moveit/install/moveit_ros_occupancy_map_monitor:/home/mu/IVG/ws_moveit/install/moveit_core:/home/mu/IVG/ws_moveit/install/moveit_common:/home/mu/IVG/ws_moveit/install/moveit2_tutorials:/home/mu/IVG/ws_moveit/install/moveit_visual_tools:/home/mu/IVG/ws_moveit/install/rviz_visual_tools:/opt/ros/foxy LD_LIBRARY_PATH=/home/mu/IVG/ws_moveit/install/moveit_ros_planning/lib:/home/mu/IVG/ws_moveit/install/moveit_ros_occupancy_map_monitor/lib:/home/mu/IVG/ws_moveit/install/moveit_core/lib:${LD_LIBRARY_PATH} PATH=/home/mu/IVG/ws_moveit/install/moveit_core/bin:${PATH} /usr/bin/cmake --install /home/mu/IVG/ws_moveit/build/moveit_kinematics
[0.157s] -- Install configuration: "Release"
[0.157s] -- Installing: /home/mu/IVG/ws_moveit/install/moveit_kinematics/share/moveit_kinematics/kdl_kinematics_plugin_description.xml
[0.157s] -- Installing: /home/mu/IVG/ws_moveit/install/moveit_kinematics/share/moveit_kinematics/lma_kinematics_plugin_description.xml
[0.157s] -- Installing: /home/mu/IVG/ws_moveit/install/moveit_kinematics/share/moveit_kinematics/srv_kinematics_plugin_description.xml
[0.158s] -- Installing: /home/mu/IVG/ws_moveit/install/moveit_kinematics/share/moveit_kinematics/cached_ik_kinematics_plugin_description.xml
[0.158s] -- Installing: /home/mu/IVG/ws_moveit/install/moveit_kinematics/lib/libmoveit_cached_ik_kinematics_base.so.2.2.3
[0.158s] -- Set runtime path of "/home/mu/IVG/ws_moveit/install/moveit_kinematics/lib/libmoveit_cached_ik_kinematics_base.so.2.2.3" to ""
[0.158s] -- Installing: /home/mu/IVG/ws_moveit/install/moveit_kinematics/lib/libmoveit_cached_ik_kinematics_base.so
[0.158s] -- Installing: /home/mu/IVG/ws_moveit/install/moveit_kinematics/lib/libmoveit_cached_ik_kinematics_plugin.so.2.2.3
[0.159s] -- Set runtime path of "/home/mu/IVG/ws_moveit/install/moveit_kinematics/lib/libmoveit_cached_ik_kinematics_plugin.so.2.2.3" to ""
[0.159s] -- Installing: /home/mu/IVG/ws_moveit/install/moveit_kinematics/lib/libmoveit_cached_ik_kinematics_plugin.so
[0.159s] -- Installing: /home/mu/IVG/ws_moveit/install/moveit_kinematics/lib/libmoveit_kdl_kinematics_plugin.so
[0.160s] -- Set runtime path of "/home/mu/IVG/ws_moveit/install/moveit_kinematics/lib/libmoveit_kdl_kinematics_plugin.so" to ""
[0.160s] -- Installing: /home/mu/IVG/ws_moveit/install/moveit_kinematics/lib/libmoveit_lma_kinematics_plugin.so.2.2.3
[0.160s] -- Set runtime path of "/home/mu/IVG/ws_moveit/install/moveit_kinematics/lib/libmoveit_lma_kinematics_plugin.so.2.2.3" to ""
[0.160s] -- Installing: /home/mu/IVG/ws_moveit/install/moveit_kinematics/lib/libmoveit_lma_kinematics_plugin.so
[0.161s] -- Installing: /home/mu/IVG/ws_moveit/install/moveit_kinematics/lib/libmoveit_srv_kinematics_plugin.so.2.2.3
[0.161s] -- Set runtime path of "/home/mu/IVG/ws_moveit/install/moveit_kinematics/lib/libmoveit_srv_kinematics_plugin.so.2.2.3" to ""
[0.162s] -- Installing: /home/mu/IVG/ws_moveit/install/moveit_kinematics/lib/libmoveit_srv_kinematics_plugin.so
[0.162s] -- Installing: /home/mu/IVG/ws_moveit/install/moveit_kinematics/share/moveit_kinematics/environment/library_path.sh
[0.162s] -- Installing: /home/mu/IVG/ws_moveit/install/moveit_kinematics/share/moveit_kinematics/environment/library_path.dsv
[0.163s] -- Installing: /home/mu/IVG/ws_moveit/install/moveit_kinematics/share/ament_index/resource_index/package_run_dependencies/moveit_kinematics
[0.163s] -- Installing: /home/mu/IVG/ws_moveit/install/moveit_kinematics/share/ament_index/resource_index/parent_prefix_path/moveit_kinematics
[0.163s] -- Installing: /home/mu/IVG/ws_moveit/install/moveit_kinematics/share/moveit_kinematics/environment/ament_prefix_path.sh
[0.163s] -- Installing: /home/mu/IVG/ws_moveit/install/moveit_kinematics/share/moveit_kinematics/environment/ament_prefix_path.dsv
[0.163s] -- Installing: /home/mu/IVG/ws_moveit/install/moveit_kinematics/share/moveit_kinematics/environment/path.sh
[0.164s] -- Installing: /home/mu/IVG/ws_moveit/install/moveit_kinematics/share/moveit_kinematics/environment/path.dsv
[0.164s] -- Installing: /home/mu/IVG/ws_moveit/install/moveit_kinematics/share/moveit_kinematics/local_setup.bash
[0.164s] -- Installing: /home/mu/IVG/ws_moveit/install/moveit_kinematics/share/moveit_kinematics/local_setup.sh
[0.164s] -- Installing: /home/mu/IVG/ws_moveit/install/moveit_kinematics/share/moveit_kinematics/local_setup.zsh
[0.164s] -- Installing: /home/mu/IVG/ws_moveit/install/moveit_kinematics/share/moveit_kinematics/local_setup.dsv
[0.165s] -- Installing: /home/mu/IVG/ws_moveit/install/moveit_kinematics/share/moveit_kinematics/package.dsv
[0.165s] -- Installing: /home/mu/IVG/ws_moveit/install/moveit_kinematics/share/ament_index/resource_index/packages/moveit_kinematics
[0.165s] -- Installing: /home/mu/IVG/ws_moveit/install/moveit_kinematics/share/ament_index/resource_index/moveit_core__pluginlib__plugin/moveit_kinematics
[0.165s] -- Installing: /home/mu/IVG/ws_moveit/install/moveit_kinematics/share/moveit_kinematics/cmake/export_moveit_kinematicsExport.cmake
[0.165s] -- Installing: /home/mu/IVG/ws_moveit/install/moveit_kinematics/share/moveit_kinematics/cmake/export_moveit_kinematicsExport-release.cmake
[0.166s] -- Installing: /home/mu/IVG/ws_moveit/install/moveit_kinematics/share/moveit_kinematics/cmake/ConfigExtras.cmake
[0.167s] -- Installing: /home/mu/IVG/ws_moveit/install/moveit_kinematics/share/moveit_kinematics/cmake/ament_cmake_export_targets-extras.cmake
[0.167s] -- Installing: /home/mu/IVG/ws_moveit/install/moveit_kinematics/share/moveit_kinematics/cmake/ament_cmake_export_dependencies-extras.cmake
[0.168s] -- Installing: /home/mu/IVG/ws_moveit/install/moveit_kinematics/share/moveit_kinematics/cmake/moveit_kinematicsConfig.cmake
[0.168s] -- Installing: /home/mu/IVG/ws_moveit/install/moveit_kinematics/share/moveit_kinematics/cmake/moveit_kinematicsConfig-version.cmake
[0.168s] -- Installing: /home/mu/IVG/ws_moveit/install/moveit_kinematics/share/moveit_kinematics/package.xml
[0.168s] -- Installing: /home/mu/IVG/ws_moveit/install/moveit_kinematics/include
[0.168s] -- Installing: /home/mu/IVG/ws_moveit/install/moveit_kinematics/include/moveit
[0.168s] -- Installing: /home/mu/IVG/ws_moveit/install/moveit_kinematics/include/moveit/cached_ik_kinematics_plugin
[0.168s] -- Installing: /home/mu/IVG/ws_moveit/install/moveit_kinematics/include/moveit/cached_ik_kinematics_plugin/cached_ik_kinematics_plugin.h
[0.168s] -- Installing: /home/mu/IVG/ws_moveit/install/moveit_kinematics/include/moveit/cached_ik_kinematics_plugin/cached_ik_kinematics_plugin-inl.h
[0.169s] -- Installing: /home/mu/IVG/ws_moveit/install/moveit_kinematics/include/moveit/cached_ik_kinematics_plugin/detail
[0.169s] -- Installing: /home/mu/IVG/ws_moveit/install/moveit_kinematics/include/moveit/cached_ik_kinematics_plugin/detail/GreedyKCenters.h
[0.169s] -- Installing: /home/mu/IVG/ws_moveit/install/moveit_kinematics/include/moveit/cached_ik_kinematics_plugin/detail/NearestNeighbors.h
[0.169s] -- Installing: /home/mu/IVG/ws_moveit/install/moveit_kinematics/include/moveit/cached_ik_kinematics_plugin/detail/NearestNeighborsGNAT.h
[0.169s] -- Installing: /home/mu/IVG/ws_moveit/install/moveit_kinematics/share/moveit_kinematics/launch
[0.169s] -- Installing: /home/mu/IVG/ws_moveit/install/moveit_kinematics/share/moveit_kinematics/launch/measure_ik_call_cost.launch
[0.170s] -- Installing: /home/mu/IVG/ws_moveit/install/moveit_kinematics/lib/moveit_kinematics/auto_create_ikfast_moveit_plugin.sh
[0.170s] -- Installing: /home/mu/IVG/ws_moveit/install/moveit_kinematics/lib/moveit_kinematics/create_ikfast_moveit_plugin.py
[0.170s] -- Installing: /home/mu/IVG/ws_moveit/install/moveit_kinematics/lib/moveit_kinematics/round_collada_numbers.py
[0.170s] -- Installing: /home/mu/IVG/ws_moveit/install/moveit_kinematics/share/moveit_kinematics/ikfast_kinematics_plugin/templates
[0.171s] -- Installing: /home/mu/IVG/ws_moveit/install/moveit_kinematics/share/moveit_kinematics/ikfast_kinematics_plugin/templates/CMakeLists.txt
[0.171s] -- Installing: /home/mu/IVG/ws_moveit/install/moveit_kinematics/share/moveit_kinematics/ikfast_kinematics_plugin/templates/ikfast.h
[0.171s] -- Installing: /home/mu/IVG/ws_moveit/install/moveit_kinematics/share/moveit_kinematics/ikfast_kinematics_plugin/templates/ikfast61_moveit_plugin_template.cpp
[0.171s] -- Up-to-date: /home/mu/IVG/ws_moveit/install/moveit_kinematics/include
[0.171s] -- Up-to-date: /home/mu/IVG/ws_moveit/install/moveit_kinematics/include/moveit
[0.171s] -- Installing: /home/mu/IVG/ws_moveit/install/moveit_kinematics/include/moveit/kdl_kinematics_plugin
[0.171s] -- Installing: /home/mu/IVG/ws_moveit/install/moveit_kinematics/include/moveit/kdl_kinematics_plugin/chainiksolver_vel_mimic_svd.hpp
[0.171s] -- Installing: /home/mu/IVG/ws_moveit/install/moveit_kinematics/include/moveit/kdl_kinematics_plugin/kdl_kinematics_plugin.h
[0.172s] -- Installing: /home/mu/IVG/ws_moveit/install/moveit_kinematics/include/moveit/kdl_kinematics_plugin/joint_mimic.hpp
[0.172s] -- Up-to-date: /home/mu/IVG/ws_moveit/install/moveit_kinematics/include
[0.172s] -- Up-to-date: /home/mu/IVG/ws_moveit/install/moveit_kinematics/include/moveit
[0.172s] -- Installing: /home/mu/IVG/ws_moveit/install/moveit_kinematics/include/moveit/lma_kinematics_plugin
[0.173s] -- Installing: /home/mu/IVG/ws_moveit/install/moveit_kinematics/include/moveit/lma_kinematics_plugin/lma_kinematics_plugin.h
[0.173s] -- Up-to-date: /home/mu/IVG/ws_moveit/install/moveit_kinematics/include
[0.173s] -- Up-to-date: /home/mu/IVG/ws_moveit/install/moveit_kinematics/include/moveit
[0.173s] -- Installing: /home/mu/IVG/ws_moveit/install/moveit_kinematics/include/moveit/srv_kinematics_plugin
[0.174s] -- Installing: /home/mu/IVG/ws_moveit/install/moveit_kinematics/include/moveit/srv_kinematics_plugin/srv_kinematics_plugin.h
[0.174s] -- Installing: /home/mu/IVG/ws_moveit/install/moveit_kinematics/share/moveit_kinematics/config
[0.174s] -- Installing: /home/mu/IVG/ws_moveit/install/moveit_kinematics/share/moveit_kinematics/config/panda-kdl-test.yaml
[0.174s] -- Installing: /home/mu/IVG/ws_moveit/install/moveit_kinematics/share/moveit_kinematics/config/panda-lma-test.yaml
[0.174s] -- Installing: /home/mu/IVG/ws_moveit/install/moveit_kinematics/share/moveit_kinematics/config/fanuc-kdl-test.yaml
[0.174s] -- Installing: /home/mu/IVG/ws_moveit/install/moveit_kinematics/share/moveit_kinematics/config/fanuc-lma-singular-test.yaml
[0.175s] -- Installing: /home/mu/IVG/ws_moveit/install/moveit_kinematics/share/moveit_kinematics/config/panda-lma-singular-test.yaml
[0.175s] -- Installing: /home/mu/IVG/ws_moveit/install/moveit_kinematics/share/moveit_kinematics/config/fanuc-lma-test.yaml
[0.175s] -- Installing: /home/mu/IVG/ws_moveit/install/moveit_kinematics/share/moveit_kinematics/config/panda-kdl-singular-test.yaml
[0.175s] -- Installing: /home/mu/IVG/ws_moveit/install/moveit_kinematics/share/moveit_kinematics/config/fanuc-kdl-singular-test.yaml
[0.175s] -- Up-to-date: /home/mu/IVG/ws_moveit/install/moveit_kinematics/share/moveit_kinematics/launch
[0.175s] -- Installing: /home/mu/IVG/ws_moveit/install/moveit_kinematics/share/moveit_kinematics/launch/panda-kdl-singular.test.py
[0.175s] -- Installing: /home/mu/IVG/ws_moveit/install/moveit_kinematics/share/moveit_kinematics/launch/fanuc-kdl.test.py
[0.175s] -- Installing: /home/mu/IVG/ws_moveit/install/moveit_kinematics/share/moveit_kinematics/launch/panda-kdl.test.py
[0.175s] -- Installing: /home/mu/IVG/ws_moveit/install/moveit_kinematics/share/moveit_kinematics/launch/fanuc-lma-singular.test.py
[0.175s] -- Installing: /home/mu/IVG/ws_moveit/install/moveit_kinematics/share/moveit_kinematics/launch/panda-lma.test.py
[0.175s] -- Installing: /home/mu/IVG/ws_moveit/install/moveit_kinematics/share/moveit_kinematics/launch/panda-lma-singular.test.py
[0.175s] -- Installing: /home/mu/IVG/ws_moveit/install/moveit_kinematics/share/moveit_kinematics/launch/fanuc-kdl-singular.test.py
[0.176s] -- Installing: /home/mu/IVG/ws_moveit/install/moveit_kinematics/share/moveit_kinematics/launch/fanuc-lma.test.py
[0.176s] -- Installing: /home/mu/IVG/ws_moveit/install/moveit_kinematics/bin/benchmark_ik
[0.176s] -- Set runtime path of "/home/mu/IVG/ws_moveit/install/moveit_kinematics/bin/benchmark_ik" to ""
[0.176s] -- Installing: /home/mu/IVG/ws_moveit/install/moveit_kinematics/lib/moveit_kinematics/test_kinematics_plugin
[0.176s] -- Set runtime path of "/home/mu/IVG/ws_moveit/install/moveit_kinematics/lib/moveit_kinematics/test_kinematics_plugin" to ""
[0.193s] Invoked command in '/home/mu/IVG/ws_moveit/build/moveit_kinematics' returned '0': AMENT_PREFIX_PATH=/home/mu/IVG/ws_moveit/install/moveit_ros_planning:/home/mu/IVG/ws_moveit/install/moveit_ros_occupancy_map_monitor:/home/mu/IVG/ws_moveit/install/moveit_core:/home/mu/IVG/ws_moveit/install/moveit_common:${AMENT_PREFIX_PATH} CMAKE_PREFIX_PATH=/home/mu/IVG/ws_moveit/install/moveit_ros_planning:/home/mu/IVG/ws_moveit/install/moveit_ros_occupancy_map_monitor:/home/mu/IVG/ws_moveit/install/moveit_core:/home/mu/IVG/ws_moveit/install/moveit_common:/home/mu/IVG/ws_moveit/install/moveit2_tutorials:/home/mu/IVG/ws_moveit/install/moveit_visual_tools:/home/mu/IVG/ws_moveit/install/rviz_visual_tools:/opt/ros/foxy LD_LIBRARY_PATH=/home/mu/IVG/ws_moveit/install/moveit_ros_planning/lib:/home/mu/IVG/ws_moveit/install/moveit_ros_occupancy_map_monitor/lib:/home/mu/IVG/ws_moveit/install/moveit_core/lib:${LD_LIBRARY_PATH} PATH=/home/mu/IVG/ws_moveit/install/moveit_core/bin:${PATH} /usr/bin/cmake --install /home/mu/IVG/ws_moveit/build/moveit_kinematics
