[0.010s] Invoking command in '/home/mu/IVG/aubo_ros2_ws/build/aubo_msgs': CMAKE_PREFIX_PATH=/opt/ros/foxy /usr/bin/cmake --build /home/mu/IVG/aubo_ros2_ws/build/aubo_msgs -- -j32 -l32
[0.024s] -- Found ament_cmake: 0.9.12 (/opt/ros/foxy/share/ament_cmake/cmake)
[0.035s] -- Using PYTHON_EXECUTABLE: /usr/bin/python3
[0.115s] -- Found builtin_interfaces: 1.0.0 (/opt/ros/foxy/share/builtin_interfaces/cmake)
[0.125s] -- Using all available rosidl_typesupport_c: rosidl_typesupport_fastrtps_c;rosidl_typesupport_introspection_c
[0.126s] -- Found rosidl_adapter: 1.3.1 (/opt/ros/foxy/share/rosidl_adapter/cmake)
[0.184s] -- Using all available rosidl_typesupport_cpp: rosidl_typesupport_fastrtps_cpp;rosidl_typesupport_introspection_cpp
[0.196s] -- Found rosidl_default_generators: 1.0.1 (/opt/ros/foxy/share/rosidl_default_generators/cmake)
[0.200s] -- Found geometry_msgs: 2.0.5 (/opt/ros/foxy/share/geometry_msgs/cmake)
[0.228s] -- Found ament_lint_auto: 0.9.8 (/opt/ros/foxy/share/ament_lint_auto/cmake)
[0.267s] -- Found PythonInterp: /usr/bin/python3 (found version "3.8.10") 
[0.361s] -- Found ament_cmake_ros: 0.9.2 (/opt/ros/foxy/share/ament_cmake_ros/cmake)
[0.469s] -- Using all available rosidl_typesupport_c: rosidl_typesupport_fastrtps_c;rosidl_typesupport_introspection_c
[0.523s] -- Using all available rosidl_typesupport_cpp: rosidl_typesupport_fastrtps_cpp;rosidl_typesupport_introspection_cpp
[0.540s] -- Found PythonInterp: /usr/bin/python3 (found suitable version "3.8.10", minimum required is "3.5") 
[0.540s] -- Found python_cmake_module: 0.8.1 (/opt/ros/foxy/share/python_cmake_module/cmake)
[0.561s] -- Using PYTHON_EXECUTABLE: /usr/bin/python3
[0.563s] -- Using PYTHON_INCLUDE_DIRS: /usr/include/python3.8
[0.563s] -- Using PYTHON_LIBRARIES: /usr/lib/x86_64-linux-gnu/libpython3.8.so
[0.628s] -- Added test 'copyright' to check source files copyright and LICENSE
[0.630s] -- Added test 'lint_cmake' to check CMake code style
[0.632s] -- Added test 'xmllint' to check XML markup files
[0.638s] -- Configuring done
[0.726s] -- Generating done
[0.754s] -- Build files have been written to: /home/mu/IVG/aubo_ros2_ws/build/aubo_msgs
[0.846s] [  0%] Built target aubo_msgs__cpp
[0.866s] [  1%] [32mBuilding C object CMakeFiles/aubo_msgs__rosidl_generator_c.dir/rosidl_generator_c/aubo_msgs/msg/detail/analog__functions.c.o[0m
[0.881s] [  2%] [32mBuilding C object CMakeFiles/aubo_msgs__rosidl_generator_c.dir/rosidl_generator_c/aubo_msgs/msg/detail/io_states__functions.c.o[0m
[0.882s] [  3%] [32mBuilding C object CMakeFiles/aubo_msgs__rosidl_generator_c.dir/rosidl_generator_c/aubo_msgs/msg/detail/digital__functions.c.o[0m
[0.887s] [  4%] [32mBuilding C object CMakeFiles/aubo_msgs__rosidl_generator_c.dir/rosidl_generator_c/aubo_msgs/msg/detail/robot_state_rt_msg__functions.c.o[0m
[0.898s] [  5%] [32mBuilding C object CMakeFiles/aubo_msgs__rosidl_generator_c.dir/rosidl_generator_c/aubo_msgs/msg/detail/masterboard_data_msg__functions.c.o[0m
[0.913s] [  6%] [32mBuilding CXX object CMakeFiles/aubo_msgs__rosidl_typesupport_cpp.dir/rosidl_typesupport_cpp/aubo_msgs/msg/analog__type_support.cpp.o[0m
[0.921s] [  7%] [32mBuilding CXX object CMakeFiles/aubo_msgs__rosidl_typesupport_cpp.dir/rosidl_typesupport_cpp/aubo_msgs/msg/robot_state_rt_msg__type_support.cpp.o[0m
[0.922s] [ 11%] [32mBuilding CXX object CMakeFiles/aubo_msgs__rosidl_typesupport_cpp.dir/rosidl_typesupport_cpp/aubo_msgs/msg/digital__type_support.cpp.o[0m
[0.925s] [ 12%] [32mBuilding CXX object CMakeFiles/aubo_msgs__rosidl_typesupport_introspection_cpp.dir/rosidl_typesupport_introspection_cpp/aubo_msgs/msg/detail/digital__type_support.cpp.o[0m
[0.926s] [  8%] [32mBuilding CXX object CMakeFiles/aubo_msgs__rosidl_typesupport_cpp.dir/rosidl_typesupport_cpp/aubo_msgs/msg/masterboard_data_msg__type_support.cpp.o[0m
[0.926s] [  9%] [32mBuilding CXX object CMakeFiles/aubo_msgs__rosidl_typesupport_fastrtps_cpp.dir/rosidl_typesupport_fastrtps_cpp/aubo_msgs/msg/detail/dds_fastrtps/digital__type_support.cpp.o[0m
[0.927s] [ 13%] [32mBuilding CXX object CMakeFiles/aubo_msgs__rosidl_typesupport_introspection_cpp.dir/rosidl_typesupport_introspection_cpp/aubo_msgs/msg/detail/robot_state_rt_msg__type_support.cpp.o[0m
[0.935s] [ 10%] [32mBuilding CXX object CMakeFiles/aubo_msgs__rosidl_typesupport_cpp.dir/rosidl_typesupport_cpp/aubo_msgs/msg/io_states__type_support.cpp.o[0m
[0.943s] [ 14%] [32mBuilding CXX object CMakeFiles/aubo_msgs__rosidl_typesupport_cpp.dir/rosidl_typesupport_cpp/aubo_msgs/msg/robot_mode_data_msg__type_support.cpp.o[0m
[0.947s] [ 15%] [32mBuilding CXX object CMakeFiles/aubo_msgs__rosidl_typesupport_introspection_cpp.dir/rosidl_typesupport_introspection_cpp/aubo_msgs/msg/detail/io_states__type_support.cpp.o[0m
[0.955s] [ 16%] [32mBuilding CXX object CMakeFiles/aubo_msgs__rosidl_typesupport_fastrtps_cpp.dir/rosidl_typesupport_fastrtps_cpp/aubo_msgs/msg/detail/dds_fastrtps/analog__type_support.cpp.o[0m
[0.955s] [ 17%] [32mBuilding CXX object CMakeFiles/aubo_msgs__rosidl_typesupport_introspection_cpp.dir/rosidl_typesupport_introspection_cpp/aubo_msgs/msg/detail/analog__type_support.cpp.o[0m
[0.956s] [ 18%] [32mBuilding CXX object CMakeFiles/aubo_msgs__rosidl_typesupport_fastrtps_cpp.dir/rosidl_typesupport_fastrtps_cpp/aubo_msgs/msg/detail/dds_fastrtps/masterboard_data_msg__type_support.cpp.o[0m
[0.956s] [ 19%] [32mBuilding CXX object CMakeFiles/aubo_msgs__rosidl_typesupport_fastrtps_cpp.dir/rosidl_typesupport_fastrtps_cpp/aubo_msgs/msg/detail/dds_fastrtps/robot_state_rt_msg__type_support.cpp.o[0m
[0.956s] [ 19%] [32mBuilding CXX object CMakeFiles/aubo_msgs__rosidl_typesupport_fastrtps_cpp.dir/rosidl_typesupport_fastrtps_cpp/aubo_msgs/msg/detail/dds_fastrtps/io_states__type_support.cpp.o[0m
[0.959s] [ 20%] [32mBuilding CXX object CMakeFiles/aubo_msgs__rosidl_typesupport_introspection_cpp.dir/rosidl_typesupport_introspection_cpp/aubo_msgs/msg/detail/masterboard_data_msg__type_support.cpp.o[0m
[0.966s] [ 21%] [32mBuilding CXX object CMakeFiles/aubo_msgs__rosidl_typesupport_introspection_cpp.dir/rosidl_typesupport_introspection_cpp/aubo_msgs/msg/detail/robot_mode_data_msg__type_support.cpp.o[0m
[0.996s] [ 22%] [32mBuilding C object CMakeFiles/aubo_msgs__rosidl_generator_c.dir/rosidl_generator_c/aubo_msgs/msg/detail/robot_mode_data_msg__functions.c.o[0m
[1.004s] [ 23%] [32mBuilding C object CMakeFiles/aubo_msgs__rosidl_generator_c.dir/rosidl_generator_c/aubo_msgs/msg/detail/tool_data_msg__functions.c.o[0m
[1.013s] [ 24%] [32mBuilding CXX object CMakeFiles/aubo_msgs__rosidl_typesupport_introspection_cpp.dir/rosidl_typesupport_introspection_cpp/aubo_msgs/msg/detail/tool_data_msg__type_support.cpp.o[0m
[1.031s] [ 25%] [32mBuilding C object CMakeFiles/aubo_msgs__rosidl_generator_c.dir/rosidl_generator_c/aubo_msgs/srv/detail/set_speed_slider_fraction__functions.c.o[0m
[1.032s] [ 27%] [32mBuilding C object CMakeFiles/aubo_msgs__rosidl_generator_c.dir/rosidl_generator_c/aubo_msgs/srv/detail/set_payload__functions.c.o[0m
[1.033s] [ 27%] [32mBuilding CXX object CMakeFiles/aubo_msgs__rosidl_typesupport_fastrtps_cpp.dir/rosidl_typesupport_fastrtps_cpp/aubo_msgs/msg/detail/dds_fastrtps/robot_mode_data_msg__type_support.cpp.o[0m
[1.034s] [ 28%] [32mBuilding C object CMakeFiles/aubo_msgs__rosidl_generator_c.dir/rosidl_generator_c/aubo_msgs/srv/detail/set_io__functions.c.o[0m
[1.038s] [ 29%] [32mBuilding CXX object CMakeFiles/aubo_msgs__rosidl_typesupport_introspection_cpp.dir/rosidl_typesupport_introspection_cpp/aubo_msgs/srv/detail/set_payload__type_support.cpp.o[0m
[1.046s] [ 30%] [32mBuilding CXX object CMakeFiles/aubo_msgs__rosidl_typesupport_introspection_cpp.dir/rosidl_typesupport_introspection_cpp/aubo_msgs/srv/detail/set_speed_slider_fraction__type_support.cpp.o[0m
[1.054s] [ 31%] [32mBuilding CXX object CMakeFiles/aubo_msgs__rosidl_typesupport_cpp.dir/rosidl_typesupport_cpp/aubo_msgs/msg/tool_data_msg__type_support.cpp.o[0m
[1.054s] [ 32%] [32mBuilding CXX object CMakeFiles/aubo_msgs__rosidl_typesupport_fastrtps_cpp.dir/rosidl_typesupport_fastrtps_cpp/aubo_msgs/msg/detail/dds_fastrtps/tool_data_msg__type_support.cpp.o[0m
[1.098s] [ 33%] [32mBuilding CXX object CMakeFiles/aubo_msgs__rosidl_typesupport_cpp.dir/rosidl_typesupport_cpp/aubo_msgs/srv/set_payload__type_support.cpp.o[0m
[1.126s] [ 34%] [32mBuilding CXX object CMakeFiles/aubo_msgs__rosidl_typesupport_introspection_cpp.dir/rosidl_typesupport_introspection_cpp/aubo_msgs/srv/detail/set_io__type_support.cpp.o[0m
[1.208s] [ 35%] [32mBuilding CXX object CMakeFiles/aubo_msgs__rosidl_typesupport_fastrtps_cpp.dir/rosidl_typesupport_fastrtps_cpp/aubo_msgs/srv/detail/dds_fastrtps/set_payload__type_support.cpp.o[0m
[1.218s] [ 36%] [32mBuilding CXX object CMakeFiles/aubo_msgs__rosidl_typesupport_fastrtps_cpp.dir/rosidl_typesupport_fastrtps_cpp/aubo_msgs/srv/detail/dds_fastrtps/set_speed_slider_fraction__type_support.cpp.o[0m
[1.240s] [ 37%] [32mBuilding CXX object CMakeFiles/aubo_msgs__rosidl_typesupport_cpp.dir/rosidl_typesupport_cpp/aubo_msgs/srv/set_speed_slider_fraction__type_support.cpp.o[0m
[1.295s] [ 39%] [32mBuilding CXX object CMakeFiles/aubo_msgs__rosidl_typesupport_cpp.dir/rosidl_typesupport_cpp/aubo_msgs/srv/set_io__type_support.cpp.o[0m
[1.295s] [ 39%] [32mBuilding CXX object CMakeFiles/aubo_msgs__rosidl_typesupport_fastrtps_cpp.dir/rosidl_typesupport_fastrtps_cpp/aubo_msgs/srv/detail/dds_fastrtps/set_io__type_support.cpp.o[0m
[1.367s] [ 40%] [32m[1mLinking C shared library libaubo_msgs__rosidl_generator_c.so[0m
[1.498s] [ 41%] Built target aubo_msgs__rosidl_generator_c
[1.536s] [ 42%] [32mBuilding CXX object CMakeFiles/aubo_msgs__rosidl_typesupport_c.dir/rosidl_typesupport_c/aubo_msgs/msg/analog__type_support.cpp.o[0m
[1.548s] [ 43%] [32mBuilding CXX object CMakeFiles/aubo_msgs__rosidl_typesupport_c.dir/rosidl_typesupport_c/aubo_msgs/msg/digital__type_support.cpp.o[0m
[1.553s] [ 44%] [32mBuilding CXX object CMakeFiles/aubo_msgs__rosidl_typesupport_c.dir/rosidl_typesupport_c/aubo_msgs/msg/io_states__type_support.cpp.o[0m
[1.554s] [ 45%] [32mBuilding CXX object CMakeFiles/aubo_msgs__rosidl_typesupport_c.dir/rosidl_typesupport_c/aubo_msgs/msg/robot_state_rt_msg__type_support.cpp.o[0m
[1.558s] [ 46%] [32mBuilding CXX object CMakeFiles/aubo_msgs__rosidl_typesupport_c.dir/rosidl_typesupport_c/aubo_msgs/msg/masterboard_data_msg__type_support.cpp.o[0m
[1.561s] [ 47%] [32mBuilding CXX object CMakeFiles/aubo_msgs__rosidl_typesupport_c.dir/rosidl_typesupport_c/aubo_msgs/msg/robot_mode_data_msg__type_support.cpp.o[0m
[1.564s] [ 48%] [32mBuilding CXX object CMakeFiles/aubo_msgs__rosidl_typesupport_c.dir/rosidl_typesupport_c/aubo_msgs/msg/tool_data_msg__type_support.cpp.o[0m
[1.569s] [ 49%] [32mBuilding C object CMakeFiles/aubo_msgs__rosidl_typesupport_introspection_c.dir/rosidl_typesupport_introspection_c/aubo_msgs/msg/detail/analog__type_support.c.o[0m
[1.573s] [ 51%] [32mBuilding C object CMakeFiles/aubo_msgs__rosidl_typesupport_introspection_c.dir/rosidl_typesupport_introspection_c/aubo_msgs/msg/detail/robot_state_rt_msg__type_support.c.o[0m
[1.582s] [ 52%] [32mBuilding C object CMakeFiles/aubo_msgs__rosidl_typesupport_introspection_c.dir/rosidl_typesupport_introspection_c/aubo_msgs/msg/detail/io_states__type_support.c.o[0m
[1.583s] [ 52%] [32mBuilding C object CMakeFiles/aubo_msgs__rosidl_typesupport_introspection_c.dir/rosidl_typesupport_introspection_c/aubo_msgs/msg/detail/digital__type_support.c.o[0m
[1.608s] [ 53%] [32mBuilding CXX object CMakeFiles/aubo_msgs__rosidl_typesupport_c.dir/rosidl_typesupport_c/aubo_msgs/srv/set_payload__type_support.cpp.o[0m
[1.610s] [ 53%] [32mBuilding CXX object CMakeFiles/aubo_msgs__rosidl_typesupport_c.dir/rosidl_typesupport_c/aubo_msgs/srv/set_speed_slider_fraction__type_support.cpp.o[0m
[1.612s] [ 54%] [32mBuilding CXX object CMakeFiles/aubo_msgs__rosidl_typesupport_c.dir/rosidl_typesupport_c/aubo_msgs/srv/set_io__type_support.cpp.o[0m
[1.621s] [ 56%] [32mBuilding C object CMakeFiles/aubo_msgs__rosidl_typesupport_introspection_c.dir/rosidl_typesupport_introspection_c/aubo_msgs/msg/detail/tool_data_msg__type_support.c.o[0m
[1.622s] [ 56%] [32mBuilding C object CMakeFiles/aubo_msgs__rosidl_typesupport_introspection_c.dir/rosidl_typesupport_introspection_c/aubo_msgs/msg/detail/robot_mode_data_msg__type_support.c.o[0m
[1.622s] [ 57%] [32mBuilding C object CMakeFiles/aubo_msgs__rosidl_typesupport_introspection_c.dir/rosidl_typesupport_introspection_c/aubo_msgs/msg/detail/masterboard_data_msg__type_support.c.o[0m
[1.622s] [ 58%] [32mBuilding C object CMakeFiles/aubo_msgs__rosidl_typesupport_introspection_c.dir/rosidl_typesupport_introspection_c/aubo_msgs/srv/detail/set_payload__type_support.c.o[0m
[1.625s] [ 59%] [32mBuilding C object CMakeFiles/aubo_msgs__rosidl_typesupport_introspection_c.dir/rosidl_typesupport_introspection_c/aubo_msgs/srv/detail/set_io__type_support.c.o[0m
[1.628s] [ 60%] [32mBuilding C object CMakeFiles/aubo_msgs__rosidl_typesupport_introspection_c.dir/rosidl_typesupport_introspection_c/aubo_msgs/srv/detail/set_speed_slider_fraction__type_support.c.o[0m
[1.677s] [ 62%] [32m[1mLinking C shared library libaubo_msgs__rosidl_typesupport_introspection_c.so[0m
[1.677s] [ 62%] [32m[1mLinking CXX shared library libaubo_msgs__rosidl_typesupport_c.so[0m
[1.701s] [ 63%] Built target aubo_msgs__rosidl_typesupport_introspection_c
[1.707s] [ 64%] Built target aubo_msgs__rosidl_typesupport_c
[1.729s] [ 65%] [32m[1mLinking CXX shared library libaubo_msgs__rosidl_typesupport_introspection_cpp.so[0m
[1.730s] [ 66%] [32m[1mLinking CXX shared library libaubo_msgs__rosidl_typesupport_cpp.so[0m
[1.753s] [ 67%] Built target aubo_msgs__rosidl_typesupport_cpp
[1.769s] [ 68%] Built target aubo_msgs__rosidl_typesupport_introspection_cpp
[1.804s] [ 69%] [32m[1mLinking CXX shared library libaubo_msgs__rosidl_typesupport_fastrtps_cpp.so[0m
[1.854s] [ 70%] Built target aubo_msgs__rosidl_typesupport_fastrtps_cpp
[1.869s] [ 71%] [32mBuilding CXX object CMakeFiles/aubo_msgs__rosidl_typesupport_fastrtps_c.dir/rosidl_typesupport_fastrtps_c/aubo_msgs/msg/detail/analog__type_support_c.cpp.o[0m
[1.870s] [ 72%] [32mBuilding CXX object CMakeFiles/aubo_msgs__rosidl_typesupport_fastrtps_c.dir/rosidl_typesupport_fastrtps_c/aubo_msgs/msg/detail/robot_state_rt_msg__type_support_c.cpp.o[0m
[1.871s] [ 75%] [32mBuilding CXX object CMakeFiles/aubo_msgs__rosidl_typesupport_fastrtps_c.dir/rosidl_typesupport_fastrtps_c/aubo_msgs/msg/detail/digital__type_support_c.cpp.o[0m
[1.871s] [ 75%] [32mBuilding CXX object CMakeFiles/aubo_msgs__rosidl_typesupport_fastrtps_c.dir/rosidl_typesupport_fastrtps_c/aubo_msgs/msg/detail/io_states__type_support_c.cpp.o[0m
[1.871s] [ 75%] [32mBuilding CXX object CMakeFiles/aubo_msgs__rosidl_typesupport_fastrtps_c.dir/rosidl_typesupport_fastrtps_c/aubo_msgs/msg/detail/masterboard_data_msg__type_support_c.cpp.o[0m
[1.871s] [ 77%] [32mBuilding CXX object CMakeFiles/aubo_msgs__rosidl_typesupport_fastrtps_c.dir/rosidl_typesupport_fastrtps_c/aubo_msgs/msg/detail/robot_mode_data_msg__type_support_c.cpp.o[0m
[1.871s] [ 77%] [32mBuilding CXX object CMakeFiles/aubo_msgs__rosidl_typesupport_fastrtps_c.dir/rosidl_typesupport_fastrtps_c/aubo_msgs/msg/detail/tool_data_msg__type_support_c.cpp.o[0m
[1.872s] [ 78%] [32mBuilding CXX object CMakeFiles/aubo_msgs__rosidl_typesupport_fastrtps_c.dir/rosidl_typesupport_fastrtps_c/aubo_msgs/srv/detail/set_payload__type_support_c.cpp.o[0m
[1.873s] [ 79%] [32mBuilding CXX object CMakeFiles/aubo_msgs__rosidl_typesupport_fastrtps_c.dir/rosidl_typesupport_fastrtps_c/aubo_msgs/srv/detail/set_speed_slider_fraction__type_support_c.cpp.o[0m
[1.873s] [ 80%] [32mBuilding CXX object CMakeFiles/aubo_msgs__rosidl_typesupport_fastrtps_c.dir/rosidl_typesupport_fastrtps_c/aubo_msgs/srv/detail/set_io__type_support_c.cpp.o[0m
[2.236s] [ 81%] [32m[1mLinking CXX shared library libaubo_msgs__rosidl_typesupport_fastrtps_c.so[0m
[2.278s] [ 82%] Built target aubo_msgs__rosidl_typesupport_fastrtps_c
[2.287s] [ 82%] Built target aubo_msgs
[2.297s] [ 83%] Built target aubo_msgs__py
[2.313s] [ 84%] [32mBuilding C object CMakeFiles/aubo_msgs__python.dir/rosidl_generator_py/aubo_msgs/msg/_analog_s.c.o[0m
[2.315s] [ 85%] [32mBuilding C object CMakeFiles/aubo_msgs__python.dir/rosidl_generator_py/aubo_msgs/msg/_robot_state_rt_msg_s.c.o[0m
[2.315s] [ 86%] [32mBuilding C object CMakeFiles/aubo_msgs__python.dir/rosidl_generator_py/aubo_msgs/msg/_digital_s.c.o[0m
[2.317s] [ 87%] [32mBuilding C object CMakeFiles/aubo_msgs__python.dir/rosidl_generator_py/aubo_msgs/msg/_io_states_s.c.o[0m
[2.318s] [ 90%] [32mBuilding C object CMakeFiles/aubo_msgs__python.dir/rosidl_generator_py/aubo_msgs/msg/_tool_data_msg_s.c.o[0m
[2.318s] [ 90%] [32mBuilding C object CMakeFiles/aubo_msgs__python.dir/rosidl_generator_py/aubo_msgs/srv/_set_io_s.c.o[0m
[2.318s] [ 90%] [32mBuilding C object CMakeFiles/aubo_msgs__python.dir/rosidl_generator_py/aubo_msgs/msg/_masterboard_data_msg_s.c.o[0m
[2.318s] [ 91%] [32mBuilding C object CMakeFiles/aubo_msgs__python.dir/rosidl_generator_py/aubo_msgs/msg/_robot_mode_data_msg_s.c.o[0m
[2.319s] [ 92%] [32mBuilding C object CMakeFiles/aubo_msgs__python.dir/rosidl_generator_py/aubo_msgs/srv/_set_payload_s.c.o[0m
[2.319s] [ 93%] [32mBuilding C object CMakeFiles/aubo_msgs__python.dir/rosidl_generator_py/aubo_msgs/srv/_set_speed_slider_fraction_s.c.o[0m
[2.556s] [ 94%] [32m[1mLinking C shared library rosidl_generator_py/aubo_msgs/libaubo_msgs__python.so[0m
[2.579s] [ 94%] Built target aubo_msgs__python
[2.589s] [ 95%] [32mBuilding C object CMakeFiles/aubo_msgs__rosidl_typesupport_c__pyext.dir/rosidl_generator_py/aubo_msgs/_aubo_msgs_s.ep.rosidl_typesupport_c.c.o[0m
[2.590s] [ 96%] [32mBuilding C object CMakeFiles/aubo_msgs__rosidl_typesupport_fastrtps_c__pyext.dir/rosidl_generator_py/aubo_msgs/_aubo_msgs_s.ep.rosidl_typesupport_fastrtps_c.c.o[0m
[2.591s] [ 97%] [32mBuilding C object CMakeFiles/aubo_msgs__rosidl_typesupport_introspection_c__pyext.dir/rosidl_generator_py/aubo_msgs/_aubo_msgs_s.ep.rosidl_typesupport_introspection_c.c.o[0m
[2.709s] [ 98%] [32m[1mLinking C shared library rosidl_generator_py/aubo_msgs/aubo_msgs_s__rosidl_typesupport_c.cpython-38-x86_64-linux-gnu.so[0m
[2.709s] [ 99%] [32m[1mLinking CXX shared library rosidl_generator_py/aubo_msgs/aubo_msgs_s__rosidl_typesupport_fastrtps_c.cpython-38-x86_64-linux-gnu.so[0m
[2.709s] [100%] [32m[1mLinking C shared library rosidl_generator_py/aubo_msgs/aubo_msgs_s__rosidl_typesupport_introspection_c.cpython-38-x86_64-linux-gnu.so[0m
[2.729s] [100%] Built target aubo_msgs__rosidl_typesupport_c__pyext
[2.729s] [100%] Built target aubo_msgs__rosidl_typesupport_introspection_c__pyext
[2.743s] [100%] Built target aubo_msgs__rosidl_typesupport_fastrtps_c__pyext
