[0.009s] Invoking command in '/home/mu/IVG/ws_moveit/build/moveit_chomp_optimizer_adapter': AMENT_PREFIX_PATH=/home/mu/IVG/ws_moveit/install/chomp_motion_planner:/home/mu/IVG/ws_moveit/install/moveit_core:/home/mu/IVG/ws_moveit/install/moveit_common:${AMENT_PREFIX_PATH} CMAKE_PREFIX_PATH=/home/mu/IVG/ws_moveit/install/chomp_motion_planner:/home/mu/IVG/ws_moveit/install/moveit_core:/home/mu/IVG/ws_moveit/install/moveit_common:/home/mu/IVG/ws_moveit/install/moveit2_tutorials:/home/mu/IVG/ws_moveit/install/moveit_visual_tools:/home/mu/IVG/ws_moveit/install/rviz_visual_tools:/opt/ros/foxy LD_LIBRARY_PATH=/home/mu/IVG/ws_moveit/install/chomp_motion_planner/lib:/home/mu/IVG/ws_moveit/install/moveit_core/lib:${LD_LIBRARY_PATH} PATH=/home/mu/IVG/ws_moveit/install/moveit_core/bin:${PATH} /usr/bin/cmake /home/mu/IVG/ws_moveit/src/moveit2/moveit_planners/chomp/chomp_optimizer_adapter -DCMAKE_BUILD_TYPE=Release -DCMAKE_INSTALL_PREFIX=/home/mu/IVG/ws_moveit/install/moveit_chomp_optimizer_adapter
[0.037s] -- The C compiler identification is GNU 9.4.0
[0.065s] -- The CXX compiler identification is GNU 9.4.0
[0.067s] -- Check for working C compiler: /usr/bin/cc
[0.102s] -- Check for working C compiler: /usr/bin/cc -- works
[0.103s] -- Detecting C compiler ABI info
[0.137s] -- Detecting C compiler ABI info - done
[0.143s] -- Detecting C compile features
[0.143s] -- Detecting C compile features - done
[0.144s] -- Check for working CXX compiler: /usr/bin/c++
[0.185s] -- Check for working CXX compiler: /usr/bin/c++ -- works
[0.185s] -- Detecting CXX compiler ABI info
[0.226s] -- Detecting CXX compiler ABI info - done
[0.232s] -- Detecting CXX compile features
[0.233s] -- Detecting CXX compile features - done
[0.233s] -- Found moveit_common: 2.2.3 (/home/mu/IVG/ws_moveit/install/moveit_common/share/moveit_common/cmake)
[0.234s] -- Found ament_cmake: 0.9.12 (/opt/ros/foxy/share/ament_cmake/cmake)
[0.247s] -- Found PythonInterp: /usr/bin/python3 (found suitable version "3.8.10", minimum required is "3") 
[0.247s] -- Using PYTHON_EXECUTABLE: /usr/bin/python3
[0.374s] -- Found chomp_motion_planner: 2.2.3 (/home/mu/IVG/ws_moveit/install/chomp_motion_planner/share/chomp_motion_planner/cmake)
[0.374s] -- Found moveit_core: 2.2.3 (/home/mu/IVG/ws_moveit/install/moveit_core/share/moveit_core/cmake)
[0.532s] -- Found Boost: /usr/lib/x86_64-linux-gnu/cmake/Boost-1.71.0/BoostConfig.cmake (found version "1.71.0") found components: chrono date_time filesystem iostreams program_options regex serialization system thread 
[0.543s] -- Found Boost: /usr/lib/x86_64-linux-gnu/cmake/Boost-1.71.0/BoostConfig.cmake (found version "1.71.0") found components: filesystem 
[0.572s] -- Using all available rosidl_typesupport_c: rosidl_typesupport_fastrtps_c;rosidl_typesupport_introspection_c
[0.576s] -- Found rosidl_adapter: 1.3.1 (/opt/ros/foxy/share/rosidl_adapter/cmake)
[0.618s] -- Found OpenSSL: /usr/lib/x86_64-linux-gnu/libcrypto.so (found version "1.1.1f")  
[0.634s] -- Found FastRTPS: /opt/ros/foxy/include  
[0.678s] -- Using all available rosidl_typesupport_cpp: rosidl_typesupport_fastrtps_cpp;rosidl_typesupport_introspection_cpp
[0.761s] -- Found rmw_implementation_cmake: 1.0.4 (/opt/ros/foxy/share/rmw_implementation_cmake/cmake)
[0.762s] -- Using RMW implementation 'rmw_fastrtps_cpp' as default
[0.763s] -- Found Threads: TRUE  
[0.884s] -- library: /usr/lib/x86_64-linux-gnu/libcurl.so
[0.984s] -- Found Eigen3: TRUE (found version "3.3.7") 
[2.009s] -- Found pluginlib: 2.5.4 (/opt/ros/foxy/share/pluginlib/cmake)
[2.022s] -- Found ament_lint_auto: 0.9.8 (/opt/ros/foxy/share/ament_lint_auto/cmake)
[2.028s] -- Added test 'xmllint' to check XML markup files
[2.030s] -- Configuring done
[2.050s] -- Generating done
[2.057s] -- Build files have been written to: /home/mu/IVG/ws_moveit/build/moveit_chomp_optimizer_adapter
[2.063s] Invoked command in '/home/mu/IVG/ws_moveit/build/moveit_chomp_optimizer_adapter' returned '0': AMENT_PREFIX_PATH=/home/mu/IVG/ws_moveit/install/chomp_motion_planner:/home/mu/IVG/ws_moveit/install/moveit_core:/home/mu/IVG/ws_moveit/install/moveit_common:${AMENT_PREFIX_PATH} CMAKE_PREFIX_PATH=/home/mu/IVG/ws_moveit/install/chomp_motion_planner:/home/mu/IVG/ws_moveit/install/moveit_core:/home/mu/IVG/ws_moveit/install/moveit_common:/home/mu/IVG/ws_moveit/install/moveit2_tutorials:/home/mu/IVG/ws_moveit/install/moveit_visual_tools:/home/mu/IVG/ws_moveit/install/rviz_visual_tools:/opt/ros/foxy LD_LIBRARY_PATH=/home/mu/IVG/ws_moveit/install/chomp_motion_planner/lib:/home/mu/IVG/ws_moveit/install/moveit_core/lib:${LD_LIBRARY_PATH} PATH=/home/mu/IVG/ws_moveit/install/moveit_core/bin:${PATH} /usr/bin/cmake /home/mu/IVG/ws_moveit/src/moveit2/moveit_planners/chomp/chomp_optimizer_adapter -DCMAKE_BUILD_TYPE=Release -DCMAKE_INSTALL_PREFIX=/home/mu/IVG/ws_moveit/install/moveit_chomp_optimizer_adapter
[2.065s] Invoking command in '/home/mu/IVG/ws_moveit/build/moveit_chomp_optimizer_adapter': AMENT_PREFIX_PATH=/home/mu/IVG/ws_moveit/install/chomp_motion_planner:/home/mu/IVG/ws_moveit/install/moveit_core:/home/mu/IVG/ws_moveit/install/moveit_common:${AMENT_PREFIX_PATH} CMAKE_PREFIX_PATH=/home/mu/IVG/ws_moveit/install/chomp_motion_planner:/home/mu/IVG/ws_moveit/install/moveit_core:/home/mu/IVG/ws_moveit/install/moveit_common:/home/mu/IVG/ws_moveit/install/moveit2_tutorials:/home/mu/IVG/ws_moveit/install/moveit_visual_tools:/home/mu/IVG/ws_moveit/install/rviz_visual_tools:/opt/ros/foxy LD_LIBRARY_PATH=/home/mu/IVG/ws_moveit/install/chomp_motion_planner/lib:/home/mu/IVG/ws_moveit/install/moveit_core/lib:${LD_LIBRARY_PATH} PATH=/home/mu/IVG/ws_moveit/install/moveit_core/bin:${PATH} /usr/bin/cmake --build /home/mu/IVG/ws_moveit/build/moveit_chomp_optimizer_adapter -- -j32 -l32
[2.087s] [35m[1mScanning dependencies of target moveit_chomp_optimizer_adapter[0m
[2.127s] [ 50%] [32mBuilding CXX object CMakeFiles/moveit_chomp_optimizer_adapter.dir/src/chomp_optimizer_adapter.cpp.o[0m
[6.437s] [100%] [32m[1mLinking CXX shared library libmoveit_chomp_optimizer_adapter.so[0m
[6.549s] [100%] Built target moveit_chomp_optimizer_adapter
