[35m[1mScanning dependencies of target moveit_point_containment_filter[0m
[35m[1mScanning dependencies of target moveit_lazy_free_space_updater[0m
[35m[1mScanning dependencies of target moveit_semantic_world[0m
[35m[1mScanning dependencies of target moveit_mesh_filter[0m
[  5%] [32mBuilding CXX object lazy_free_space_updater/CMakeFiles/moveit_lazy_free_space_updater.dir/src/lazy_free_space_updater.cpp.o[0m
[ 10%] [32mBuilding CXX object point_containment_filter/CMakeFiles/moveit_point_containment_filter.dir/src/shape_mask.cpp.o[0m
[ 15%] [32mBuilding CXX object mesh_filter/CMakeFiles/moveit_mesh_filter.dir/src/mesh_filter_base.cpp.o[0m
[ 20%] [32mBuilding CXX object mesh_filter/CMakeFiles/moveit_mesh_filter.dir/src/stereo_camera_model.cpp.o[0m
[ 25%] [32mBuilding CXX object mesh_filter/CMakeFiles/moveit_mesh_filter.dir/src/sensor_model.cpp.o[0m
[ 30%] [32mBuilding CXX object mesh_filter/CMakeFiles/moveit_mesh_filter.dir/src/gl_mesh.cpp.o[0m
[ 35%] [32mBuilding CXX object mesh_filter/CMakeFiles/moveit_mesh_filter.dir/src/gl_renderer.cpp.o[0m
[ 40%] [32mBuilding CXX object semantic_world/CMakeFiles/moveit_semantic_world.dir/src/semantic_world.cpp.o[0m
[01m[K/home/mu/IVG/ws_moveit/src/moveit2/moveit_ros/perception/mesh_filter/src/gl_mesh.cpp:40:10:[m[K [01;31m[Kfatal error: [m[KEigen/Eigen: 没有那个文件或目录
   40 | #include [01;31m[K<Eigen/Eigen>[m[K
      |          [01;31m[K^~~~~~~~~~~~~[m[K
compilation terminated.
make[2]: *** [mesh_filter/CMakeFiles/moveit_mesh_filter.dir/build.make:115：mesh_filter/CMakeFiles/moveit_mesh_filter.dir/src/gl_mesh.cpp.o] 错误 1
make[2]: *** 正在等待未完成的任务....
[01m[K/home/mu/IVG/ws_moveit/src/moveit2/moveit_ros/perception/mesh_filter/src/mesh_filter_base.cpp:43:10:[m[K [01;31m[Kfatal error: [m[KEigen/Eigen: 没有那个文件或目录
   43 | #include [01;31m[K<Eigen/Eigen>[m[K
      |          [01;31m[K^~~~~~~~~~~~~[m[K
compilation terminated.
make[2]: *** [mesh_filter/CMakeFiles/moveit_mesh_filter.dir/build.make:63：mesh_filter/CMakeFiles/moveit_mesh_filter.dir/src/mesh_filter_base.cpp.o] 错误 1
[ 45%] [32m[1mLinking CXX shared library libmoveit_lazy_free_space_updater.so[0m
make[1]: *** [CMakeFiles/Makefile2:368：mesh_filter/CMakeFiles/moveit_mesh_filter.dir/all] 错误 2
make[1]: *** 正在等待未完成的任务....
[ 50%] [32m[1mLinking CXX shared library libmoveit_point_containment_filter.so[0m
[ 50%] Built target moveit_lazy_free_space_updater
[ 50%] Built target moveit_point_containment_filter
[ 55%] [32m[1mLinking CXX shared library libmoveit_semantic_world.so[0m
[ 55%] Built target moveit_semantic_world
make: *** [Makefile:141：all] 错误 2
