[0.019s] Invoking command in '/home/mu/IVG/ws_moveit/build/moveit_ros_perception': AMENT_PREFIX_PATH=/home/mu/IVG/ws_moveit/install/moveit_ros_planning:/home/mu/IVG/ws_moveit/install/moveit_ros_occupancy_map_monitor:/home/mu/IVG/ws_moveit/install/moveit_core:/home/mu/IVG/ws_moveit/install/moveit_common:${AMENT_PREFIX_PATH} CMAKE_PREFIX_PATH=/home/mu/IVG/ws_moveit/install/moveit_ros_planning:/home/mu/IVG/ws_moveit/install/moveit_ros_occupancy_map_monitor:/home/mu/IVG/ws_moveit/install/moveit_core:/home/mu/IVG/ws_moveit/install/moveit_common:/home/mu/IVG/ws_moveit/install/moveit2_tutorials:/home/mu/IVG/ws_moveit/install/moveit_visual_tools:/home/mu/IVG/ws_moveit/install/rviz_visual_tools:/opt/ros/foxy LD_LIBRARY_PATH=/home/mu/IVG/ws_moveit/install/moveit_ros_planning/lib:/home/mu/IVG/ws_moveit/install/moveit_ros_occupancy_map_monitor/lib:/home/mu/IVG/ws_moveit/install/moveit_core/lib:${LD_LIBRARY_PATH} PATH=/home/mu/IVG/ws_moveit/install/moveit_core/bin:${PATH} /usr/bin/cmake --build /home/mu/IVG/ws_moveit/build/moveit_ros_perception -- -j32 -l32
[0.040s] [35m[1mScanning dependencies of target moveit_point_containment_filter[0m
[0.040s] [35m[1mScanning dependencies of target moveit_lazy_free_space_updater[0m
[0.044s] [35m[1mScanning dependencies of target moveit_semantic_world[0m
[0.044s] [35m[1mScanning dependencies of target moveit_mesh_filter[0m
[0.055s] [  5%] [32mBuilding CXX object lazy_free_space_updater/CMakeFiles/moveit_lazy_free_space_updater.dir/src/lazy_free_space_updater.cpp.o[0m
[0.078s] [ 10%] [32mBuilding CXX object point_containment_filter/CMakeFiles/moveit_point_containment_filter.dir/src/shape_mask.cpp.o[0m
[0.118s] [ 15%] [32mBuilding CXX object mesh_filter/CMakeFiles/moveit_mesh_filter.dir/src/mesh_filter_base.cpp.o[0m
[0.119s] [ 20%] [32mBuilding CXX object mesh_filter/CMakeFiles/moveit_mesh_filter.dir/src/stereo_camera_model.cpp.o[0m
[0.119s] [ 25%] [32mBuilding CXX object mesh_filter/CMakeFiles/moveit_mesh_filter.dir/src/sensor_model.cpp.o[0m
[0.127s] [ 30%] [32mBuilding CXX object mesh_filter/CMakeFiles/moveit_mesh_filter.dir/src/gl_mesh.cpp.o[0m
[0.129s] [ 35%] [32mBuilding CXX object mesh_filter/CMakeFiles/moveit_mesh_filter.dir/src/gl_renderer.cpp.o[0m
[0.164s] [ 40%] [32mBuilding CXX object semantic_world/CMakeFiles/moveit_semantic_world.dir/src/semantic_world.cpp.o[0m
[0.281s] [01m[K/home/mu/IVG/ws_moveit/src/moveit2/moveit_ros/perception/mesh_filter/src/gl_mesh.cpp:40:10:[m[K [01;31m[Kfatal error: [m[KEigen/Eigen: 没有那个文件或目录
[0.281s]    40 | #include [01;31m[K<Eigen/Eigen>[m[K
[0.281s]       |          [01;31m[K^~~~~~~~~~~~~[m[K
[0.281s] compilation terminated.
[0.284s] make[2]: *** [mesh_filter/CMakeFiles/moveit_mesh_filter.dir/build.make:115：mesh_filter/CMakeFiles/moveit_mesh_filter.dir/src/gl_mesh.cpp.o] 错误 1
[0.284s] make[2]: *** 正在等待未完成的任务....
[0.683s] [01m[K/home/mu/IVG/ws_moveit/src/moveit2/moveit_ros/perception/mesh_filter/src/mesh_filter_base.cpp:43:10:[m[K [01;31m[Kfatal error: [m[KEigen/Eigen: 没有那个文件或目录
[0.683s]    43 | #include [01;31m[K<Eigen/Eigen>[m[K
[0.683s]       |          [01;31m[K^~~~~~~~~~~~~[m[K
[0.683s] compilation terminated.
[0.697s] make[2]: *** [mesh_filter/CMakeFiles/moveit_mesh_filter.dir/build.make:63：mesh_filter/CMakeFiles/moveit_mesh_filter.dir/src/mesh_filter_base.cpp.o] 错误 1
[5.360s] [ 45%] [32m[1mLinking CXX shared library libmoveit_lazy_free_space_updater.so[0m
[5.542s] make[1]: *** [CMakeFiles/Makefile2:368：mesh_filter/CMakeFiles/moveit_mesh_filter.dir/all] 错误 2
[5.543s] make[1]: *** 正在等待未完成的任务....
[5.616s] [ 50%] [32m[1mLinking CXX shared library libmoveit_point_containment_filter.so[0m
[5.966s] [ 50%] Built target moveit_lazy_free_space_updater
[5.996s] [ 50%] Built target moveit_point_containment_filter
[16.277s] [ 55%] [32m[1mLinking CXX shared library libmoveit_semantic_world.so[0m
[16.565s] [ 55%] Built target moveit_semantic_world
[16.566s] make: *** [Makefile:141：all] 错误 2
[16.568s] Invoked command in '/home/mu/IVG/ws_moveit/build/moveit_ros_perception' returned '2': AMENT_PREFIX_PATH=/home/mu/IVG/ws_moveit/install/moveit_ros_planning:/home/mu/IVG/ws_moveit/install/moveit_ros_occupancy_map_monitor:/home/mu/IVG/ws_moveit/install/moveit_core:/home/mu/IVG/ws_moveit/install/moveit_common:${AMENT_PREFIX_PATH} CMAKE_PREFIX_PATH=/home/mu/IVG/ws_moveit/install/moveit_ros_planning:/home/mu/IVG/ws_moveit/install/moveit_ros_occupancy_map_monitor:/home/mu/IVG/ws_moveit/install/moveit_core:/home/mu/IVG/ws_moveit/install/moveit_common:/home/mu/IVG/ws_moveit/install/moveit2_tutorials:/home/mu/IVG/ws_moveit/install/moveit_visual_tools:/home/mu/IVG/ws_moveit/install/rviz_visual_tools:/opt/ros/foxy LD_LIBRARY_PATH=/home/mu/IVG/ws_moveit/install/moveit_ros_planning/lib:/home/mu/IVG/ws_moveit/install/moveit_ros_occupancy_map_monitor/lib:/home/mu/IVG/ws_moveit/install/moveit_core/lib:${LD_LIBRARY_PATH} PATH=/home/mu/IVG/ws_moveit/install/moveit_core/bin:${PATH} /usr/bin/cmake --build /home/mu/IVG/ws_moveit/build/moveit_ros_perception -- -j32 -l32
