[0.009s] Invoking command in '/home/mu/IVG/ws_moveit/build/moveit_common': CMAKE_PREFIX_PATH=${CMAKE_PREFIX_PATH}:/opt/ros/foxy /usr/bin/cmake /home/mu/IVG/ws_moveit/src/moveit2/moveit_common -DCMAKE_BUILD_TYPE=Release -DCMAKE_INSTALL_PREFIX=/home/mu/IVG/ws_moveit/install/moveit_common
[0.015s] -- Found ament_cmake: 0.9.12 (/opt/ros/foxy/share/ament_cmake/cmake)
[0.026s] -- Using PYTHON_EXECUTABLE: /usr/bin/python3
[0.116s] -- Found ament_lint_auto: 0.9.8 (/opt/ros/foxy/share/ament_lint_auto/cmake)
[0.155s] -- Added test 'copyright' to check source files copyright and LICENSE
[0.155s] -- Added test 'lint_cmake' to check CMake code style
[0.156s] -- Added test 'xmllint' to check XML markup files
[0.156s] -- Configuring done
[0.157s] -- Generating done
[0.158s] -- Build files have been written to: /home/mu/IVG/ws_moveit/build/moveit_common
[0.159s] Invoked command in '/home/mu/IVG/ws_moveit/build/moveit_common' returned '0': CMAKE_PREFIX_PATH=${CMAKE_PREFIX_PATH}:/opt/ros/foxy /usr/bin/cmake /home/mu/IVG/ws_moveit/src/moveit2/moveit_common -DCMAKE_BUILD_TYPE=Release -DCMAKE_INSTALL_PREFIX=/home/mu/IVG/ws_moveit/install/moveit_common
[0.161s] Invoking command in '/home/mu/IVG/ws_moveit/build/moveit_common': CMAKE_PREFIX_PATH=${CMAKE_PREFIX_PATH}:/opt/ros/foxy /usr/bin/cmake --build /home/mu/IVG/ws_moveit/build/moveit_common -- -j32 -l32
[0.185s] Invoked command in '/home/mu/IVG/ws_moveit/build/moveit_common' returned '0': CMAKE_PREFIX_PATH=${CMAKE_PREFIX_PATH}:/opt/ros/foxy /usr/bin/cmake --build /home/mu/IVG/ws_moveit/build/moveit_common -- -j32 -l32
[0.191s] Invoking command in '/home/mu/IVG/ws_moveit/build/moveit_common': CMAKE_PREFIX_PATH=${CMAKE_PREFIX_PATH}:/opt/ros/foxy /usr/bin/cmake --install /home/mu/IVG/ws_moveit/build/moveit_common
[0.196s] -- Install configuration: "Release"
[0.196s] -- Up-to-date: /home/mu/IVG/ws_moveit/install/moveit_common/share/ament_index/resource_index/package_run_dependencies/moveit_common
[0.196s] -- Up-to-date: /home/mu/IVG/ws_moveit/install/moveit_common/share/ament_index/resource_index/parent_prefix_path/moveit_common
[0.196s] -- Up-to-date: /home/mu/IVG/ws_moveit/install/moveit_common/share/moveit_common/environment/ament_prefix_path.sh
[0.196s] -- Installing: /home/mu/IVG/ws_moveit/install/moveit_common/share/moveit_common/environment/ament_prefix_path.dsv
[0.196s] -- Up-to-date: /home/mu/IVG/ws_moveit/install/moveit_common/share/moveit_common/environment/path.sh
[0.196s] -- Installing: /home/mu/IVG/ws_moveit/install/moveit_common/share/moveit_common/environment/path.dsv
[0.196s] -- Up-to-date: /home/mu/IVG/ws_moveit/install/moveit_common/share/moveit_common/local_setup.bash
[0.196s] -- Up-to-date: /home/mu/IVG/ws_moveit/install/moveit_common/share/moveit_common/local_setup.sh
[0.196s] -- Up-to-date: /home/mu/IVG/ws_moveit/install/moveit_common/share/moveit_common/local_setup.zsh
[0.196s] -- Installing: /home/mu/IVG/ws_moveit/install/moveit_common/share/moveit_common/local_setup.dsv
[0.196s] -- Installing: /home/mu/IVG/ws_moveit/install/moveit_common/share/moveit_common/package.dsv
[0.196s] -- Up-to-date: /home/mu/IVG/ws_moveit/install/moveit_common/share/ament_index/resource_index/packages/moveit_common
[0.196s] -- Up-to-date: /home/mu/IVG/ws_moveit/install/moveit_common/share/moveit_common/cmake/moveit_common-extras.cmake
[0.196s] -- Up-to-date: /home/mu/IVG/ws_moveit/install/moveit_common/share/moveit_common/cmake/moveit_commonConfig.cmake
[0.196s] -- Up-to-date: /home/mu/IVG/ws_moveit/install/moveit_common/share/moveit_common/cmake/moveit_commonConfig-version.cmake
[0.196s] -- Up-to-date: /home/mu/IVG/ws_moveit/install/moveit_common/share/moveit_common/package.xml
[0.196s] -- Up-to-date: /home/mu/IVG/ws_moveit/install/moveit_common/share/moveit_common/cmake
[0.196s] -- Up-to-date: /home/mu/IVG/ws_moveit/install/moveit_common/share/moveit_common/cmake/moveit_package.cmake
[0.197s] Invoked command in '/home/mu/IVG/ws_moveit/build/moveit_common' returned '0': CMAKE_PREFIX_PATH=${CMAKE_PREFIX_PATH}:/opt/ros/foxy /usr/bin/cmake --install /home/mu/IVG/ws_moveit/build/moveit_common
