[0.010s] Invoking command in '/home/mu/IVG/ws_moveit/build/moveit_planners_chomp': AMENT_PREFIX_PATH=/home/mu/IVG/ws_moveit/install/chomp_motion_planner:/home/mu/IVG/ws_moveit/install/moveit_core:/home/mu/IVG/ws_moveit/install/moveit_common:${AMENT_PREFIX_PATH} CMAKE_PREFIX_PATH=/home/mu/IVG/ws_moveit/install/chomp_motion_planner:/home/mu/IVG/ws_moveit/install/moveit_core:/home/mu/IVG/ws_moveit/install/moveit_common:/home/mu/IVG/ws_moveit/install/moveit2_tutorials:/home/mu/IVG/ws_moveit/install/moveit_visual_tools:/home/mu/IVG/ws_moveit/install/rviz_visual_tools:/opt/ros/foxy LD_LIBRARY_PATH=/home/mu/IVG/ws_moveit/install/chomp_motion_planner/lib:/home/mu/IVG/ws_moveit/install/moveit_core/lib:${LD_LIBRARY_PATH} PATH=/home/mu/IVG/ws_moveit/install/moveit_core/bin:${PATH} /usr/bin/cmake /home/mu/IVG/ws_moveit/src/moveit2/moveit_planners/chomp/chomp_interface -DCMAKE_BUILD_TYPE=Release -DCMAKE_INSTALL_PREFIX=/home/mu/IVG/ws_moveit/install/moveit_planners_chomp
[0.036s] -- The C compiler identification is GNU 9.4.0
[0.063s] -- The CXX compiler identification is GNU 9.4.0
[0.065s] -- Check for working C compiler: /usr/bin/cc
[0.099s] -- Check for working C compiler: /usr/bin/cc -- works
[0.100s] -- Detecting C compiler ABI info
[0.134s] -- Detecting C compiler ABI info - done
[0.140s] -- Detecting C compile features
[0.140s] -- Detecting C compile features - done
[0.141s] -- Check for working CXX compiler: /usr/bin/c++
[0.182s] -- Check for working CXX compiler: /usr/bin/c++ -- works
[0.182s] -- Detecting CXX compiler ABI info
[0.224s] -- Detecting CXX compiler ABI info - done
[0.230s] -- Detecting CXX compile features
[0.230s] -- Detecting CXX compile features - done
[0.230s] -- Found moveit_common: 2.2.3 (/home/mu/IVG/ws_moveit/install/moveit_common/share/moveit_common/cmake)
[0.231s] -- Found ament_cmake: 0.9.12 (/opt/ros/foxy/share/ament_cmake/cmake)
[0.244s] -- Found PythonInterp: /usr/bin/python3 (found suitable version "3.8.10", minimum required is "3") 
[0.244s] -- Using PYTHON_EXECUTABLE: /usr/bin/python3
[0.370s] -- Found moveit_core: 2.2.3 (/home/mu/IVG/ws_moveit/install/moveit_core/share/moveit_core/cmake)
[0.529s] -- Found Boost: /usr/lib/x86_64-linux-gnu/cmake/Boost-1.71.0/BoostConfig.cmake (found version "1.71.0") found components: chrono date_time filesystem iostreams program_options regex serialization system thread 
[0.540s] -- Found Boost: /usr/lib/x86_64-linux-gnu/cmake/Boost-1.71.0/BoostConfig.cmake (found version "1.71.0") found components: filesystem 
[0.569s] -- Using all available rosidl_typesupport_c: rosidl_typesupport_fastrtps_c;rosidl_typesupport_introspection_c
[0.573s] -- Found rosidl_adapter: 1.3.1 (/opt/ros/foxy/share/rosidl_adapter/cmake)
[0.615s] -- Found OpenSSL: /usr/lib/x86_64-linux-gnu/libcrypto.so (found version "1.1.1f")  
[0.632s] -- Found FastRTPS: /opt/ros/foxy/include  
[0.675s] -- Using all available rosidl_typesupport_cpp: rosidl_typesupport_fastrtps_cpp;rosidl_typesupport_introspection_cpp
[0.758s] -- Found rmw_implementation_cmake: 1.0.4 (/opt/ros/foxy/share/rmw_implementation_cmake/cmake)
[0.759s] -- Using RMW implementation 'rmw_fastrtps_cpp' as default
[0.760s] -- Found Threads: TRUE  
[0.881s] -- library: /usr/lib/x86_64-linux-gnu/libcurl.so
[0.981s] -- Found Eigen3: TRUE (found version "3.3.7") 
[2.006s] -- Found chomp_motion_planner: 2.2.3 (/home/mu/IVG/ws_moveit/install/chomp_motion_planner/share/chomp_motion_planner/cmake)
[2.007s] -- Found pluginlib: 2.5.4 (/opt/ros/foxy/share/pluginlib/cmake)
[2.023s] -- Found ament_lint_auto: 0.9.8 (/opt/ros/foxy/share/ament_lint_auto/cmake)
[2.028s] -- Added test 'xmllint' to check XML markup files
[2.030s] -- Configuring done
[2.065s] -- Generating done
[2.073s] -- Build files have been written to: /home/mu/IVG/ws_moveit/build/moveit_planners_chomp
[2.079s] Invoked command in '/home/mu/IVG/ws_moveit/build/moveit_planners_chomp' returned '0': AMENT_PREFIX_PATH=/home/mu/IVG/ws_moveit/install/chomp_motion_planner:/home/mu/IVG/ws_moveit/install/moveit_core:/home/mu/IVG/ws_moveit/install/moveit_common:${AMENT_PREFIX_PATH} CMAKE_PREFIX_PATH=/home/mu/IVG/ws_moveit/install/chomp_motion_planner:/home/mu/IVG/ws_moveit/install/moveit_core:/home/mu/IVG/ws_moveit/install/moveit_common:/home/mu/IVG/ws_moveit/install/moveit2_tutorials:/home/mu/IVG/ws_moveit/install/moveit_visual_tools:/home/mu/IVG/ws_moveit/install/rviz_visual_tools:/opt/ros/foxy LD_LIBRARY_PATH=/home/mu/IVG/ws_moveit/install/chomp_motion_planner/lib:/home/mu/IVG/ws_moveit/install/moveit_core/lib:${LD_LIBRARY_PATH} PATH=/home/mu/IVG/ws_moveit/install/moveit_core/bin:${PATH} /usr/bin/cmake /home/mu/IVG/ws_moveit/src/moveit2/moveit_planners/chomp/chomp_interface -DCMAKE_BUILD_TYPE=Release -DCMAKE_INSTALL_PREFIX=/home/mu/IVG/ws_moveit/install/moveit_planners_chomp
[2.081s] Invoking command in '/home/mu/IVG/ws_moveit/build/moveit_planners_chomp': AMENT_PREFIX_PATH=/home/mu/IVG/ws_moveit/install/chomp_motion_planner:/home/mu/IVG/ws_moveit/install/moveit_core:/home/mu/IVG/ws_moveit/install/moveit_common:${AMENT_PREFIX_PATH} CMAKE_PREFIX_PATH=/home/mu/IVG/ws_moveit/install/chomp_motion_planner:/home/mu/IVG/ws_moveit/install/moveit_core:/home/mu/IVG/ws_moveit/install/moveit_common:/home/mu/IVG/ws_moveit/install/moveit2_tutorials:/home/mu/IVG/ws_moveit/install/moveit_visual_tools:/home/mu/IVG/ws_moveit/install/rviz_visual_tools:/opt/ros/foxy LD_LIBRARY_PATH=/home/mu/IVG/ws_moveit/install/chomp_motion_planner/lib:/home/mu/IVG/ws_moveit/install/moveit_core/lib:${LD_LIBRARY_PATH} PATH=/home/mu/IVG/ws_moveit/install/moveit_core/bin:${PATH} /usr/bin/cmake --build /home/mu/IVG/ws_moveit/build/moveit_planners_chomp -- -j32 -l32
[2.101s] [35m[1mScanning dependencies of target moveit_chomp_interface[0m
[2.145s] [ 20%] [32mBuilding CXX object CMakeFiles/moveit_chomp_interface.dir/src/chomp_interface.cpp.o[0m
[2.145s] [ 40%] [32mBuilding CXX object CMakeFiles/moveit_chomp_interface.dir/src/chomp_planning_context.cpp.o[0m
[5.297s] [ 60%] [32m[1mLinking CXX shared library libmoveit_chomp_interface.so[0m
[5.398s] [ 60%] Built target moveit_chomp_interface
[5.404s] [35m[1mScanning dependencies of target moveit_chomp_planner_plugin[0m
[5.448s] [ 80%] [32mBuilding CXX object CMakeFiles/moveit_chomp_planner_plugin.dir/src/chomp_plugin.cpp.o[0m
[9.122s] [100%] [32m[1mLinking CXX shared library libmoveit_chomp_planner_plugin.so[0m
[9.219s] [100%] Built target moveit_chomp_planner_plugin
