-- The C compiler identification is GNU 9.4.0
-- The CXX compiler identification is GNU 9.4.0
-- Check for working C compiler: /usr/bin/cc
-- Check for working C compiler: /usr/bin/cc -- works
-- Detecting C compiler ABI info
-- Detecting C compiler ABI info - done
-- Detecting C compile features
-- Detecting C compile features - done
-- Check for working CXX compiler: /usr/bin/c++
-- Check for working CXX compiler: /usr/bin/c++ -- works
-- Detecting CXX compiler ABI info
-- Detecting CXX compiler ABI info - done
-- Detecting CXX compile features
-- Detecting CXX compile features - done
-- Found moveit_common: 2.2.3 (/home/mu/IVG/ws_moveit/install/moveit_common/share/moveit_common/cmake)
-- Found ament_cmake: 0.9.12 (/opt/ros/foxy/share/ament_cmake/cmake)
-- Found PythonInterp: /usr/bin/python3 (found suitable version "3.8.10", minimum required is "3") 
-- Using PYTHON_EXECUTABLE: /usr/bin/python3
-- Found moveit_msgs: 2.1.0 (/opt/ros/foxy/share/moveit_msgs/cmake)
-- Using all available rosidl_typesupport_c: rosidl_typesupport_fastrtps_c;rosidl_typesupport_introspection_c
-- Found rosidl_adapter: 1.3.1 (/opt/ros/foxy/share/rosidl_adapter/cmake)
-- Found OpenSSL: /usr/lib/x86_64-linux-gnu/libcrypto.so (found version "1.1.1f")  
-- Found FastRTPS: /opt/ros/foxy/include  
-- Using all available rosidl_typesupport_cpp: rosidl_typesupport_fastrtps_cpp;rosidl_typesupport_introspection_cpp
-- Found pluginlib: 2.5.4 (/opt/ros/foxy/share/pluginlib/cmake)
-- Found rclcpp: 2.4.3 (/opt/ros/foxy/share/rclcpp/cmake)
-- Found rmw_implementation_cmake: 1.0.4 (/opt/ros/foxy/share/rmw_implementation_cmake/cmake)
-- Using RMW implementation 'rmw_fastrtps_cpp' as default
-- Looking for pthread.h
-- Looking for pthread.h - found
-- Performing Test CMAKE_HAVE_LIBC_PTHREAD
-- Performing Test CMAKE_HAVE_LIBC_PTHREAD - Failed
-- Looking for pthread_create in pthreads
-- Looking for pthread_create in pthreads - not found
-- Looking for pthread_create in pthread
-- Looking for pthread_create in pthread - found
-- Found Threads: TRUE  
-- Found message_filters: 3.2.7 (/opt/ros/foxy/share/message_filters/cmake)
-- Found srdfdom: 2.0.2 (/opt/ros/foxy/share/srdfdom/cmake)
-- Found tf2: 0.13.14 (/opt/ros/foxy/share/tf2/cmake)
-- Found tf2_geometry_msgs: 0.13.14 (/opt/ros/foxy/share/tf2_geometry_msgs/cmake)
-- Found eigen3_cmake_module: 0.1.1 (/opt/ros/foxy/share/eigen3_cmake_module/cmake)
-- Found Eigen3: TRUE (found version "3.3.7") 
-- Found tf2_eigen: 0.13.14 (/opt/ros/foxy/share/tf2_eigen/cmake)
-- Found moveit_core: 2.2.3 (/home/mu/IVG/ws_moveit/install/moveit_core/share/moveit_core/cmake)
-- Found Boost: /usr/lib/x86_64-linux-gnu/cmake/Boost-1.71.0/BoostConfig.cmake (found version "1.71.0") found components: chrono date_time filesystem iostreams program_options regex serialization system thread 
-- Found Boost: /usr/lib/x86_64-linux-gnu/cmake/Boost-1.71.0/BoostConfig.cmake (found version "1.71.0") found components: filesystem 
-- library: /usr/lib/x86_64-linux-gnu/libcurl.so
-- Found moveit_ros_occupancy_map_monitor: 2.2.3 (/home/mu/IVG/ws_moveit/install/moveit_ros_occupancy_map_monitor/share/moveit_ros_occupancy_map_monitor/cmake)
-- Found Boost: /usr/lib/x86_64-linux-gnu/cmake/Boost-1.71.0/BoostConfig.cmake (found version "1.71.0") found components: thread 
-- Found Boost: /usr/lib/x86_64-linux-gnu/cmake/Boost-1.71.0/BoostConfig.cmake (found version "1.71.0") found components: system filesystem date_time program_options thread chrono 
-- Found ament_cmake_gtest: 0.9.12 (/opt/ros/foxy/share/ament_cmake_gtest/cmake)
-- Found ros_testing: 0.2.1 (/opt/ros/foxy/share/ros_testing/cmake)
-- Found launch_testing_ament_cmake: 0.10.10 (/opt/ros/foxy/share/launch_testing_ament_cmake/cmake)
-- Found python_cmake_module: 0.8.1 (/opt/ros/foxy/share/python_cmake_module/cmake)
-- Found PythonInterp: /usr/bin/python3 (found suitable version "3.8.10", minimum required is "3.5") 
-- Found PythonLibs: /usr/lib/x86_64-linux-gnu/libpython3.8.so (found suitable version "3.8.10", minimum required is "3.5") 
-- Using PYTHON_EXECUTABLE: /usr/bin/python3
-- Using PYTHON_INCLUDE_DIRS: /usr/include/python3.8
-- Using PYTHON_LIBRARIES: /usr/lib/x86_64-linux-gnu/libpython3.8.so
-- Found PythonExtra: .so  
-- Found gtest sources under '/opt/ros/foxy/src/gtest_vendor': C++ tests using 'Google Test' will be built
-- Check if compiler accepts -pthread
-- Check if compiler accepts -pthread - yes
-- Performing Test COMPILER_HAS_HIDDEN_VISIBILITY
-- Performing Test COMPILER_HAS_HIDDEN_VISIBILITY - Success
-- Performing Test COMPILER_HAS_HIDDEN_INLINE_VISIBILITY
-- Performing Test COMPILER_HAS_HIDDEN_INLINE_VISIBILITY - Success
-- Performing Test COMPILER_HAS_DEPRECATED_ATTR
-- Performing Test COMPILER_HAS_DEPRECATED_ATTR - Success
-- Found ament_cmake_gtest: 0.9.12 (/opt/ros/foxy/share/ament_cmake_gtest/cmake)
-- Found ament_cmake_gmock: 0.9.12 (/opt/ros/foxy/share/ament_cmake_gmock/cmake)
-- Found gmock sources under '/opt/ros/foxy/src/gmock_vendor': C++ tests using 'Google Mock' will be built
-- Found gtest sources under '/opt/ros/foxy/src/gtest_vendor': C++ tests using 'Google Test' will be built
-- Found ament_lint_auto: 0.9.8 (/opt/ros/foxy/share/ament_lint_auto/cmake)
-- Added test 'flake8' to check Python code syntax and style conventions
-- Added test 'lint_cmake' to check CMake code style
-- Added test 'pep257' to check Python code against some of the style conventions in PEP 257
-- Added test 'xmllint' to check XML markup files
-- Configuring done
-- Generating done
-- Build files have been written to: /home/mu/IVG/ws_moveit/build/moveit_ros_planning
[35m[1mScanning dependencies of target gtest_main[0m
[35m[1mScanning dependencies of target gtest[0m
[35m[1mScanning dependencies of target moveit_collision_plugin_loader[0m
[35m[1mScanning dependencies of target moveit_rdf_loader[0m
[35m[1mScanning dependencies of target moveit_planning_pipeline[0m
[35m[1mScanning dependencies of target moveit_list_request_adapter_plugins[0m
[35m[1mScanning dependencies of target gmock[0m
[35m[1mScanning dependencies of target gmock_main[0m
[35m[1mScanning dependencies of target moveit_default_planning_request_adapter_plugins[0m
[  1%] [32mBuilding CXX object gtest/CMakeFiles/gtest_main.dir/src/gtest_main.cc.o[0m
[  2%] [32mBuilding CXX object gtest/CMakeFiles/gtest.dir/src/gtest-all.cc.o[0m
[  4%] [32mBuilding CXX object gmock/CMakeFiles/gmock.dir/opt/ros/foxy/src/gtest_vendor/src/gtest-all.cc.o[0m
[  5%] [32mBuilding CXX object gmock/CMakeFiles/gmock.dir/src/gmock-all.cc.o[0m
[  7%] [32mBuilding CXX object gmock/CMakeFiles/gmock_main.dir/src/gmock_main.cc.o[0m
[  9%] [32mBuilding CXX object rdf_loader/CMakeFiles/moveit_rdf_loader.dir/src/synchronized_string_parameter.cpp.o[0m
[  9%] [32mBuilding CXX object rdf_loader/CMakeFiles/moveit_rdf_loader.dir/src/rdf_loader.cpp.o[0m
[ 11%] [32mBuilding CXX object collision_plugin_loader/CMakeFiles/moveit_collision_plugin_loader.dir/src/collision_plugin_loader.cpp.o[0m
[ 12%] [32mBuilding CXX object planning_request_adapter_plugins/CMakeFiles/moveit_list_request_adapter_plugins.dir/src/list.cpp.o[0m
[ 14%] [32mBuilding CXX object planning_pipeline/CMakeFiles/moveit_planning_pipeline.dir/src/planning_pipeline.cpp.o[0m
[ 15%] [32mBuilding CXX object planning_request_adapter_plugins/CMakeFiles/moveit_default_planning_request_adapter_plugins.dir/src/empty.cpp.o[0m
[ 18%] [32mBuilding CXX object planning_request_adapter_plugins/CMakeFiles/moveit_default_planning_request_adapter_plugins.dir/src/fix_start_state_bounds.cpp.o[0m
[ 18%] [32mBuilding CXX object planning_request_adapter_plugins/CMakeFiles/moveit_default_planning_request_adapter_plugins.dir/src/fix_start_state_collision.cpp.o[0m
[ 19%] [32mBuilding CXX object planning_request_adapter_plugins/CMakeFiles/moveit_default_planning_request_adapter_plugins.dir/src/fix_start_state_path_constraints.cpp.o[0m
[ 21%] [32mBuilding CXX object planning_request_adapter_plugins/CMakeFiles/moveit_default_planning_request_adapter_plugins.dir/src/add_time_parameterization.cpp.o[0m
[ 22%] [32mBuilding CXX object planning_request_adapter_plugins/CMakeFiles/moveit_default_planning_request_adapter_plugins.dir/src/fix_workspace_bounds.cpp.o[0m
[ 23%] [32mBuilding CXX object planning_request_adapter_plugins/CMakeFiles/moveit_default_planning_request_adapter_plugins.dir/src/add_iterative_spline_parameterization.cpp.o[0m
[ 25%] [32mBuilding CXX object planning_request_adapter_plugins/CMakeFiles/moveit_default_planning_request_adapter_plugins.dir/src/add_time_optimal_parameterization.cpp.o[0m
[ 26%] [32mBuilding CXX object planning_request_adapter_plugins/CMakeFiles/moveit_default_planning_request_adapter_plugins.dir/src/resolve_constraint_frames.cpp.o[0m
[ 28%] [32m[1mLinking CXX static library libgtest_main.a[0m
[ 28%] Built target gtest_main
[ 29%] [32m[1mLinking CXX static library libgmock_main.a[0m
[ 29%] Built target gmock_main
[ 30%] [32m[1mLinking CXX static library libgtest.a[0m
[ 30%] Built target gtest
[ 32%] [32m[1mLinking CXX static library libgmock.a[0m
[ 32%] Built target gmock
[ 33%] [32m[1mLinking CXX executable moveit_list_request_adapter_plugins[0m
[ 33%] Built target moveit_list_request_adapter_plugins
[ 35%] [32m[1mLinking CXX shared library libmoveit_rdf_loader.so[0m
[ 35%] Built target moveit_rdf_loader
[35m[1mScanning dependencies of target boring_string_publisher[0m
[35m[1mScanning dependencies of target test_rdf_integration[0m
[35m[1mScanning dependencies of target moveit_kinematics_plugin_loader[0m
[35m[1mScanning dependencies of target moveit_constraint_sampler_manager_loader[0m
[ 36%] [32mBuilding CXX object rdf_loader/CMakeFiles/boring_string_publisher.dir/test/boring_string_publisher.cpp.o[0m
[ 38%] [32mBuilding CXX object rdf_loader/CMakeFiles/test_rdf_integration.dir/test/test_rdf_integration.cpp.o[0m
[ 39%] [32mBuilding CXX object kinematics_plugin_loader/CMakeFiles/moveit_kinematics_plugin_loader.dir/src/kinematics_plugin_loader.cpp.o[0m
[ 40%] [32mBuilding CXX object constraint_sampler_manager_loader/CMakeFiles/moveit_constraint_sampler_manager_loader.dir/src/constraint_sampler_manager_loader.cpp.o[0m
[ 42%] [32m[1mLinking CXX shared library libmoveit_collision_plugin_loader.so[0m
[ 42%] Built target moveit_collision_plugin_loader
[ 43%] [32m[1mLinking CXX shared library libmoveit_default_planning_request_adapter_plugins.so[0m
[ 43%] Built target moveit_default_planning_request_adapter_plugins
[ 45%] [32m[1mLinking CXX executable test_rdf_integration[0m
[ 46%] [32m[1mLinking CXX executable boring_string_publisher[0m
[ 46%] Built target test_rdf_integration
[ 46%] Built target boring_string_publisher
[ 47%] [32m[1mLinking CXX shared library libmoveit_planning_pipeline.so[0m
[ 47%] Built target moveit_planning_pipeline
[ 49%] [32m[1mLinking CXX shared library libmoveit_constraint_sampler_manager_loader.so[0m
[ 49%] Built target moveit_constraint_sampler_manager_loader
[ 50%] [32m[1mLinking CXX shared library libmoveit_kinematics_plugin_loader.so[0m
[ 50%] Built target moveit_kinematics_plugin_loader
[35m[1mScanning dependencies of target moveit_robot_model_loader[0m
[ 52%] [32mBuilding CXX object robot_model_loader/CMakeFiles/moveit_robot_model_loader.dir/src/robot_model_loader.cpp.o[0m
[ 53%] [32m[1mLinking CXX shared library libmoveit_robot_model_loader.so[0m
[ 53%] Built target moveit_robot_model_loader
[35m[1mScanning dependencies of target moveit_print_planning_model_info[0m
[35m[1mScanning dependencies of target moveit_planning_scene_monitor[0m
[35m[1mScanning dependencies of target moveit_evaluate_state_operations_speed[0m
[35m[1mScanning dependencies of target moveit_kinematics_speed_and_validity_evaluator[0m
[ 54%] [32mBuilding CXX object planning_components_tools/CMakeFiles/moveit_print_planning_model_info.dir/src/print_planning_model_info.cpp.o[0m
[ 56%] [32mBuilding CXX object planning_components_tools/CMakeFiles/moveit_evaluate_state_operations_speed.dir/src/evaluate_state_operations_speed.cpp.o[0m
[ 57%] [32mBuilding CXX object planning_components_tools/CMakeFiles/moveit_kinematics_speed_and_validity_evaluator.dir/src/kinematics_speed_and_validity_evaluator.cpp.o[0m
[ 59%] [32mBuilding CXX object planning_scene_monitor/CMakeFiles/moveit_planning_scene_monitor.dir/src/planning_scene_monitor.cpp.o[0m
[ 60%] [32mBuilding CXX object planning_scene_monitor/CMakeFiles/moveit_planning_scene_monitor.dir/src/current_state_monitor.cpp.o[0m
[ 61%] [32mBuilding CXX object planning_scene_monitor/CMakeFiles/moveit_planning_scene_monitor.dir/src/current_state_monitor_middleware_handle.cpp.o[0m
[ 63%] [32mBuilding CXX object planning_scene_monitor/CMakeFiles/moveit_planning_scene_monitor.dir/src/trajectory_monitor.cpp.o[0m
[ 64%] [32m[1mLinking CXX executable moveit_print_planning_model_info[0m
[ 64%] Built target moveit_print_planning_model_info
[ 66%] [32m[1mLinking CXX executable moveit_evaluate_state_operations_speed[0m
[ 66%] Built target moveit_evaluate_state_operations_speed
[ 67%] [32m[1mLinking CXX executable moveit_kinematics_speed_and_validity_evaluator[0m
[ 67%] Built target moveit_kinematics_speed_and_validity_evaluator
[ 69%] [32m[1mLinking CXX shared library libmoveit_planning_scene_monitor.so[0m
[ 69%] Built target moveit_planning_scene_monitor
[35m[1mScanning dependencies of target moveit_print_planning_scene_info[0m
[35m[1mScanning dependencies of target current_state_monitor_tests[0m
[35m[1mScanning dependencies of target demo_scene[0m
[35m[1mScanning dependencies of target moveit_display_random_state[0m
[35m[1mScanning dependencies of target moveit_visualize_robot_collision_volume[0m
[35m[1mScanning dependencies of target moveit_publish_scene_from_text[0m
[35m[1mScanning dependencies of target moveit_evaluate_collision_checking_speed[0m
[35m[1mScanning dependencies of target moveit_trajectory_execution_manager[0m
[ 70%] [32mBuilding CXX object planning_scene_monitor/CMakeFiles/current_state_monitor_tests.dir/test/current_state_monitor_tests.cpp.o[0m
[ 74%] [32mBuilding CXX object planning_components_tools/CMakeFiles/moveit_evaluate_collision_checking_speed.dir/src/evaluate_collision_checking_speed.cpp.o[0m
[ 74%] [32mBuilding CXX object planning_components_tools/CMakeFiles/moveit_publish_scene_from_text.dir/src/publish_scene_from_text.cpp.o[0m
[ 74%] [32mBuilding CXX object planning_scene_monitor/CMakeFiles/demo_scene.dir/demos/demo_scene.cpp.o[0m
[ 76%] [32mBuilding CXX object planning_components_tools/CMakeFiles/moveit_display_random_state.dir/src/display_random_state.cpp.o[0m
[ 77%] [32mBuilding CXX object planning_components_tools/CMakeFiles/moveit_visualize_robot_collision_volume.dir/src/visualize_robot_collision_volume.cpp.o[0m
[ 78%] [32mBuilding CXX object planning_components_tools/CMakeFiles/moveit_print_planning_scene_info.dir/src/print_planning_scene_info.cpp.o[0m
[ 80%] [32mBuilding CXX object trajectory_execution_manager/CMakeFiles/moveit_trajectory_execution_manager.dir/src/trajectory_execution_manager.cpp.o[0m
[ 81%] [32m[1mLinking CXX executable current_state_monitor_tests[0m
[ 81%] Built target current_state_monitor_tests
[ 83%] [32m[1mLinking CXX executable moveit_print_planning_scene_info[0m
[ 83%] Built target moveit_print_planning_scene_info
[ 84%] [32m[1mLinking CXX executable demo_scene[0m
[ 84%] Built target demo_scene
[ 85%] [32m[1mLinking CXX executable moveit_display_random_state[0m
[ 87%] [32m[1mLinking CXX executable moveit_publish_scene_from_text[0m
[ 87%] Built target moveit_display_random_state
[ 87%] Built target moveit_publish_scene_from_text
[ 88%] [32m[1mLinking CXX executable moveit_evaluate_collision_checking_speed[0m
[ 88%] Built target moveit_evaluate_collision_checking_speed
[ 90%] [32m[1mLinking CXX executable moveit_visualize_robot_collision_volume[0m
[ 90%] Built target moveit_visualize_robot_collision_volume
[ 91%] [32m[1mLinking CXX shared library libmoveit_trajectory_execution_manager.so[0m
[ 91%] Built target moveit_trajectory_execution_manager
[35m[1mScanning dependencies of target moveit_plan_execution[0m
[35m[1mScanning dependencies of target moveit_cpp[0m
[ 92%] [32mBuilding CXX object plan_execution/CMakeFiles/moveit_plan_execution.dir/src/plan_execution.cpp.o[0m
[ 94%] [32mBuilding CXX object plan_execution/CMakeFiles/moveit_plan_execution.dir/src/plan_with_sensing.cpp.o[0m
[ 95%] [32mBuilding CXX object moveit_cpp/CMakeFiles/moveit_cpp.dir/src/planning_component.cpp.o[0m
[ 97%] [32mBuilding CXX object moveit_cpp/CMakeFiles/moveit_cpp.dir/src/moveit_cpp.cpp.o[0m
[ 98%] [32m[1mLinking CXX shared library libmoveit_cpp.so[0m
[ 98%] Built target moveit_cpp
[100%] [32m[1mLinking CXX shared library libmoveit_plan_execution.so[0m
[100%] Built target moveit_plan_execution
-- Install configuration: "Release"
-- Installing: /home/mu/IVG/ws_moveit/install/moveit_ros_planning/lib/libmoveit_rdf_loader.so.2.2.3
-- Set runtime path of "/home/mu/IVG/ws_moveit/install/moveit_ros_planning/lib/libmoveit_rdf_loader.so.2.2.3" to ""
-- Installing: /home/mu/IVG/ws_moveit/install/moveit_ros_planning/lib/libmoveit_rdf_loader.so
-- Installing: /home/mu/IVG/ws_moveit/install/moveit_ros_planning/lib/libmoveit_kinematics_plugin_loader.so.2.2.3
-- Set runtime path of "/home/mu/IVG/ws_moveit/install/moveit_ros_planning/lib/libmoveit_kinematics_plugin_loader.so.2.2.3" to ""
-- Installing: /home/mu/IVG/ws_moveit/install/moveit_ros_planning/lib/libmoveit_kinematics_plugin_loader.so
-- Installing: /home/mu/IVG/ws_moveit/install/moveit_ros_planning/lib/libmoveit_robot_model_loader.so.2.2.3
-- Set runtime path of "/home/mu/IVG/ws_moveit/install/moveit_ros_planning/lib/libmoveit_robot_model_loader.so.2.2.3" to ""
-- Installing: /home/mu/IVG/ws_moveit/install/moveit_ros_planning/lib/libmoveit_robot_model_loader.so
-- Installing: /home/mu/IVG/ws_moveit/install/moveit_ros_planning/lib/libmoveit_constraint_sampler_manager_loader.so.2.2.3
-- Set runtime path of "/home/mu/IVG/ws_moveit/install/moveit_ros_planning/lib/libmoveit_constraint_sampler_manager_loader.so.2.2.3" to ""
-- Installing: /home/mu/IVG/ws_moveit/install/moveit_ros_planning/lib/libmoveit_constraint_sampler_manager_loader.so
-- Installing: /home/mu/IVG/ws_moveit/install/moveit_ros_planning/lib/libmoveit_planning_pipeline.so.2.2.3
-- Set runtime path of "/home/mu/IVG/ws_moveit/install/moveit_ros_planning/lib/libmoveit_planning_pipeline.so.2.2.3" to ""
-- Installing: /home/mu/IVG/ws_moveit/install/moveit_ros_planning/lib/libmoveit_planning_pipeline.so
-- Installing: /home/mu/IVG/ws_moveit/install/moveit_ros_planning/lib/libmoveit_trajectory_execution_manager.so.2.2.3
-- Set runtime path of "/home/mu/IVG/ws_moveit/install/moveit_ros_planning/lib/libmoveit_trajectory_execution_manager.so.2.2.3" to ""
-- Installing: /home/mu/IVG/ws_moveit/install/moveit_ros_planning/lib/libmoveit_trajectory_execution_manager.so
-- Installing: /home/mu/IVG/ws_moveit/install/moveit_ros_planning/lib/libmoveit_plan_execution.so.2.2.3
-- Set runtime path of "/home/mu/IVG/ws_moveit/install/moveit_ros_planning/lib/libmoveit_plan_execution.so.2.2.3" to ""
-- Installing: /home/mu/IVG/ws_moveit/install/moveit_ros_planning/lib/libmoveit_plan_execution.so
-- Installing: /home/mu/IVG/ws_moveit/install/moveit_ros_planning/lib/libmoveit_planning_scene_monitor.so.2.2.3
-- Set runtime path of "/home/mu/IVG/ws_moveit/install/moveit_ros_planning/lib/libmoveit_planning_scene_monitor.so.2.2.3" to ""
-- Installing: /home/mu/IVG/ws_moveit/install/moveit_ros_planning/lib/libmoveit_planning_scene_monitor.so
-- Installing: /home/mu/IVG/ws_moveit/install/moveit_ros_planning/lib/libmoveit_collision_plugin_loader.so.2.2.3
-- Set runtime path of "/home/mu/IVG/ws_moveit/install/moveit_ros_planning/lib/libmoveit_collision_plugin_loader.so.2.2.3" to ""
-- Installing: /home/mu/IVG/ws_moveit/install/moveit_ros_planning/lib/libmoveit_collision_plugin_loader.so
-- Installing: /home/mu/IVG/ws_moveit/install/moveit_ros_planning/lib/libmoveit_default_planning_request_adapter_plugins.so.2.2.3
-- Set runtime path of "/home/mu/IVG/ws_moveit/install/moveit_ros_planning/lib/libmoveit_default_planning_request_adapter_plugins.so.2.2.3" to ""
-- Installing: /home/mu/IVG/ws_moveit/install/moveit_ros_planning/lib/libmoveit_default_planning_request_adapter_plugins.so
-- Installing: /home/mu/IVG/ws_moveit/install/moveit_ros_planning/lib/libmoveit_cpp.so.2.2.3
-- Set runtime path of "/home/mu/IVG/ws_moveit/install/moveit_ros_planning/lib/libmoveit_cpp.so.2.2.3" to ""
-- Installing: /home/mu/IVG/ws_moveit/install/moveit_ros_planning/lib/libmoveit_cpp.so
-- Installing: /home/mu/IVG/ws_moveit/install/moveit_ros_planning/share/moveit_ros_planning/environment/library_path.sh
-- Installing: /home/mu/IVG/ws_moveit/install/moveit_ros_planning/share/moveit_ros_planning/environment/library_path.dsv
-- Installing: /home/mu/IVG/ws_moveit/install/moveit_ros_planning/share/moveit_ros_planning/planning_request_adapters_plugin_description.xml
-- Installing: /home/mu/IVG/ws_moveit/install/moveit_ros_planning/share/ament_index/resource_index/package_run_dependencies/moveit_ros_planning
-- Installing: /home/mu/IVG/ws_moveit/install/moveit_ros_planning/share/ament_index/resource_index/parent_prefix_path/moveit_ros_planning
-- Installing: /home/mu/IVG/ws_moveit/install/moveit_ros_planning/share/moveit_ros_planning/environment/ament_prefix_path.sh
-- Installing: /home/mu/IVG/ws_moveit/install/moveit_ros_planning/share/moveit_ros_planning/environment/ament_prefix_path.dsv
-- Installing: /home/mu/IVG/ws_moveit/install/moveit_ros_planning/share/moveit_ros_planning/environment/path.sh
-- Installing: /home/mu/IVG/ws_moveit/install/moveit_ros_planning/share/moveit_ros_planning/environment/path.dsv
-- Installing: /home/mu/IVG/ws_moveit/install/moveit_ros_planning/share/moveit_ros_planning/local_setup.bash
-- Installing: /home/mu/IVG/ws_moveit/install/moveit_ros_planning/share/moveit_ros_planning/local_setup.sh
-- Installing: /home/mu/IVG/ws_moveit/install/moveit_ros_planning/share/moveit_ros_planning/local_setup.zsh
-- Installing: /home/mu/IVG/ws_moveit/install/moveit_ros_planning/share/moveit_ros_planning/local_setup.dsv
-- Installing: /home/mu/IVG/ws_moveit/install/moveit_ros_planning/share/moveit_ros_planning/package.dsv
-- Installing: /home/mu/IVG/ws_moveit/install/moveit_ros_planning/share/ament_index/resource_index/packages/moveit_ros_planning
-- Installing: /home/mu/IVG/ws_moveit/install/moveit_ros_planning/share/ament_index/resource_index/moveit_core__pluginlib__plugin/moveit_ros_planning
-- Installing: /home/mu/IVG/ws_moveit/install/moveit_ros_planning/share/moveit_ros_planning/cmake/export_moveit_ros_planningExport.cmake
-- Installing: /home/mu/IVG/ws_moveit/install/moveit_ros_planning/share/moveit_ros_planning/cmake/export_moveit_ros_planningExport-release.cmake
-- Installing: /home/mu/IVG/ws_moveit/install/moveit_ros_planning/share/moveit_ros_planning/cmake/ConfigExtras.cmake
-- Installing: /home/mu/IVG/ws_moveit/install/moveit_ros_planning/share/moveit_ros_planning/cmake/ament_cmake_export_targets-extras.cmake
-- Installing: /home/mu/IVG/ws_moveit/install/moveit_ros_planning/share/moveit_ros_planning/cmake/ament_cmake_export_dependencies-extras.cmake
-- Installing: /home/mu/IVG/ws_moveit/install/moveit_ros_planning/share/moveit_ros_planning/cmake/moveit_ros_planningConfig.cmake
-- Installing: /home/mu/IVG/ws_moveit/install/moveit_ros_planning/share/moveit_ros_planning/cmake/moveit_ros_planningConfig-version.cmake
-- Installing: /home/mu/IVG/ws_moveit/install/moveit_ros_planning/share/moveit_ros_planning/package.xml
-- Installing: /home/mu/IVG/ws_moveit/install/moveit_ros_planning/include
-- Installing: /home/mu/IVG/ws_moveit/install/moveit_ros_planning/include/moveit
-- Installing: /home/mu/IVG/ws_moveit/install/moveit_ros_planning/include/moveit/rdf_loader
-- Installing: /home/mu/IVG/ws_moveit/install/moveit_ros_planning/include/moveit/rdf_loader/rdf_loader.h
-- Installing: /home/mu/IVG/ws_moveit/install/moveit_ros_planning/include/moveit/rdf_loader/synchronized_string_parameter.h
-- Installing: /home/mu/IVG/ws_moveit/install/moveit_ros_planning/share/moveit_ros_planning/rdf_loader/test/data
-- Installing: /home/mu/IVG/ws_moveit/install/moveit_ros_planning/share/moveit_ros_planning/rdf_loader/test/data/robin.srdf.xacro
-- Installing: /home/mu/IVG/ws_moveit/install/moveit_ros_planning/share/moveit_ros_planning/rdf_loader/test/data/kermit.srdf
-- Installing: /home/mu/IVG/ws_moveit/install/moveit_ros_planning/share/moveit_ros_planning/rdf_loader/test/data/kermit.urdf
-- Installing: /home/mu/IVG/ws_moveit/install/moveit_ros_planning/share/moveit_ros_planning/rdf_loader/test/data/gonzo.srdf
-- Installing: /home/mu/IVG/ws_moveit/install/moveit_ros_planning/share/moveit_ros_planning/rdf_loader/test/data/gonzo.urdf
-- Installing: /home/mu/IVG/ws_moveit/install/moveit_ros_planning/share/moveit_ros_planning/rdf_loader/test/launch
-- Installing: /home/mu/IVG/ws_moveit/install/moveit_ros_planning/share/moveit_ros_planning/rdf_loader/test/launch/test_rdf_integration.test.py
-- Installing: /home/mu/IVG/ws_moveit/install/moveit_ros_planning/lib/moveit_ros_planning/test_rdf_integration
-- Set runtime path of "/home/mu/IVG/ws_moveit/install/moveit_ros_planning/lib/moveit_ros_planning/test_rdf_integration" to ""
-- Installing: /home/mu/IVG/ws_moveit/install/moveit_ros_planning/lib/moveit_ros_planning/boring_string_publisher
-- Set runtime path of "/home/mu/IVG/ws_moveit/install/moveit_ros_planning/lib/moveit_ros_planning/boring_string_publisher" to ""
-- Up-to-date: /home/mu/IVG/ws_moveit/install/moveit_ros_planning/include
-- Up-to-date: /home/mu/IVG/ws_moveit/install/moveit_ros_planning/include/moveit
-- Installing: /home/mu/IVG/ws_moveit/install/moveit_ros_planning/include/moveit/collision_plugin_loader
-- Installing: /home/mu/IVG/ws_moveit/install/moveit_ros_planning/include/moveit/collision_plugin_loader/collision_plugin_loader.h
-- Up-to-date: /home/mu/IVG/ws_moveit/install/moveit_ros_planning/include
-- Up-to-date: /home/mu/IVG/ws_moveit/install/moveit_ros_planning/include/moveit
-- Installing: /home/mu/IVG/ws_moveit/install/moveit_ros_planning/include/moveit/kinematics_plugin_loader
-- Installing: /home/mu/IVG/ws_moveit/install/moveit_ros_planning/include/moveit/kinematics_plugin_loader/kinematics_plugin_loader.h
-- Up-to-date: /home/mu/IVG/ws_moveit/install/moveit_ros_planning/include
-- Up-to-date: /home/mu/IVG/ws_moveit/install/moveit_ros_planning/include/moveit
-- Installing: /home/mu/IVG/ws_moveit/install/moveit_ros_planning/include/moveit/robot_model_loader
-- Installing: /home/mu/IVG/ws_moveit/install/moveit_ros_planning/include/moveit/robot_model_loader/robot_model_loader.h
-- Up-to-date: /home/mu/IVG/ws_moveit/install/moveit_ros_planning/include
-- Up-to-date: /home/mu/IVG/ws_moveit/install/moveit_ros_planning/include/moveit
-- Installing: /home/mu/IVG/ws_moveit/install/moveit_ros_planning/include/moveit/constraint_sampler_manager_loader
-- Installing: /home/mu/IVG/ws_moveit/install/moveit_ros_planning/include/moveit/constraint_sampler_manager_loader/constraint_sampler_manager_loader.h
-- Up-to-date: /home/mu/IVG/ws_moveit/install/moveit_ros_planning/include
-- Up-to-date: /home/mu/IVG/ws_moveit/install/moveit_ros_planning/include/moveit
-- Installing: /home/mu/IVG/ws_moveit/install/moveit_ros_planning/include/moveit/planning_pipeline
-- Installing: /home/mu/IVG/ws_moveit/install/moveit_ros_planning/include/moveit/planning_pipeline/planning_pipeline.h
-- Installing: /home/mu/IVG/ws_moveit/install/moveit_ros_planning/include/moveit_planning_pipeline_export.h
-- Installing: /home/mu/IVG/ws_moveit/install/moveit_ros_planning/lib/moveit_ros_planning/moveit_list_request_adapter_plugins
-- Set runtime path of "/home/mu/IVG/ws_moveit/install/moveit_ros_planning/lib/moveit_ros_planning/moveit_list_request_adapter_plugins" to ""
-- Installing: /home/mu/IVG/ws_moveit/install/moveit_ros_planning/lib/moveit_ros_planning/demo_scene
-- Set runtime path of "/home/mu/IVG/ws_moveit/install/moveit_ros_planning/lib/moveit_ros_planning/demo_scene" to ""
-- Up-to-date: /home/mu/IVG/ws_moveit/install/moveit_ros_planning/include
-- Up-to-date: /home/mu/IVG/ws_moveit/install/moveit_ros_planning/include/moveit
-- Installing: /home/mu/IVG/ws_moveit/install/moveit_ros_planning/include/moveit/planning_scene_monitor
-- Installing: /home/mu/IVG/ws_moveit/install/moveit_ros_planning/include/moveit/planning_scene_monitor/current_state_monitor.h
-- Installing: /home/mu/IVG/ws_moveit/install/moveit_ros_planning/include/moveit/planning_scene_monitor/current_state_monitor_middleware_handle.hpp
-- Installing: /home/mu/IVG/ws_moveit/install/moveit_ros_planning/include/moveit/planning_scene_monitor/trajectory_monitor.h
-- Installing: /home/mu/IVG/ws_moveit/install/moveit_ros_planning/include/moveit/planning_scene_monitor/planning_scene_monitor.h
-- Installing: /home/mu/IVG/ws_moveit/install/moveit_ros_planning/include/moveit_planning_scene_monitor_export.h
-- Installing: /home/mu/IVG/ws_moveit/install/moveit_ros_planning/lib/moveit_ros_planning/moveit_print_planning_model_info
-- Set runtime path of "/home/mu/IVG/ws_moveit/install/moveit_ros_planning/lib/moveit_ros_planning/moveit_print_planning_model_info" to ""
-- Installing: /home/mu/IVG/ws_moveit/install/moveit_ros_planning/lib/moveit_ros_planning/moveit_print_planning_scene_info
-- Set runtime path of "/home/mu/IVG/ws_moveit/install/moveit_ros_planning/lib/moveit_ros_planning/moveit_print_planning_scene_info" to ""
-- Installing: /home/mu/IVG/ws_moveit/install/moveit_ros_planning/lib/moveit_ros_planning/moveit_display_random_state
-- Set runtime path of "/home/mu/IVG/ws_moveit/install/moveit_ros_planning/lib/moveit_ros_planning/moveit_display_random_state" to ""
-- Installing: /home/mu/IVG/ws_moveit/install/moveit_ros_planning/lib/moveit_ros_planning/moveit_visualize_robot_collision_volume
-- Set runtime path of "/home/mu/IVG/ws_moveit/install/moveit_ros_planning/lib/moveit_ros_planning/moveit_visualize_robot_collision_volume" to ""
-- Installing: /home/mu/IVG/ws_moveit/install/moveit_ros_planning/lib/moveit_ros_planning/moveit_evaluate_collision_checking_speed
-- Set runtime path of "/home/mu/IVG/ws_moveit/install/moveit_ros_planning/lib/moveit_ros_planning/moveit_evaluate_collision_checking_speed" to ""
-- Installing: /home/mu/IVG/ws_moveit/install/moveit_ros_planning/lib/moveit_ros_planning/moveit_evaluate_state_operations_speed
-- Set runtime path of "/home/mu/IVG/ws_moveit/install/moveit_ros_planning/lib/moveit_ros_planning/moveit_evaluate_state_operations_speed" to ""
-- Installing: /home/mu/IVG/ws_moveit/install/moveit_ros_planning/lib/moveit_ros_planning/moveit_kinematics_speed_and_validity_evaluator
-- Set runtime path of "/home/mu/IVG/ws_moveit/install/moveit_ros_planning/lib/moveit_ros_planning/moveit_kinematics_speed_and_validity_evaluator" to ""
-- Installing: /home/mu/IVG/ws_moveit/install/moveit_ros_planning/lib/moveit_ros_planning/moveit_publish_scene_from_text
-- Set runtime path of "/home/mu/IVG/ws_moveit/install/moveit_ros_planning/lib/moveit_ros_planning/moveit_publish_scene_from_text" to ""
-- Up-to-date: /home/mu/IVG/ws_moveit/install/moveit_ros_planning/include
-- Up-to-date: /home/mu/IVG/ws_moveit/install/moveit_ros_planning/include/moveit
-- Installing: /home/mu/IVG/ws_moveit/install/moveit_ros_planning/include/moveit/trajectory_execution_manager
-- Installing: /home/mu/IVG/ws_moveit/install/moveit_ros_planning/include/moveit/trajectory_execution_manager/trajectory_execution_manager.h
-- Installing: /home/mu/IVG/ws_moveit/install/moveit_ros_planning/include/moveit_trajectory_execution_manager_export.h
-- Up-to-date: /home/mu/IVG/ws_moveit/install/moveit_ros_planning/include
-- Up-to-date: /home/mu/IVG/ws_moveit/install/moveit_ros_planning/include/moveit
-- Installing: /home/mu/IVG/ws_moveit/install/moveit_ros_planning/include/moveit/plan_execution
-- Installing: /home/mu/IVG/ws_moveit/install/moveit_ros_planning/include/moveit/plan_execution/plan_with_sensing.h
-- Installing: /home/mu/IVG/ws_moveit/install/moveit_ros_planning/include/moveit/plan_execution/plan_execution.h
-- Installing: /home/mu/IVG/ws_moveit/install/moveit_ros_planning/include/moveit/plan_execution/plan_representation.h
-- Up-to-date: /home/mu/IVG/ws_moveit/install/moveit_ros_planning/include
-- Up-to-date: /home/mu/IVG/ws_moveit/install/moveit_ros_planning/include/moveit
-- Installing: /home/mu/IVG/ws_moveit/install/moveit_ros_planning/include/moveit/moveit_cpp
-- Installing: /home/mu/IVG/ws_moveit/install/moveit_ros_planning/include/moveit/moveit_cpp/moveit_cpp.h
-- Installing: /home/mu/IVG/ws_moveit/install/moveit_ros_planning/include/moveit/moveit_cpp/planning_component.h
