[0.014s] Invoking command in '/home/mu/IVG/ws_moveit/build/moveit_ros_planning': CMAKE_PREFIX_PATH=/home/mu/IVG/ws_moveit/install/moveit_ros_occupancy_map_monitor:/home/mu/IVG/ws_moveit/install/moveit_core:/home/mu/IVG/ws_moveit/install/moveit_common:/home/mu/IVG/ws_moveit/install/moveit2_tutorials:/home/mu/IVG/ws_moveit/install/moveit_visual_tools:/home/mu/IVG/ws_moveit/install/rviz_visual_tools:/home/mu/IVG/ws_moveit/install/run_ompl_constrained_planning:/home/mu/IVG/ws_moveit/install/run_moveit_cpp:/home/mu/IVG/ws_moveit/install/run_move_group:/home/mu/IVG/ws_moveit/install/moveit_runtime:/home/mu/IVG/ws_moveit/install/moveit:/home/mu/IVG/ws_moveit/install/moveit_plugins:/home/mu/IVG/ws_moveit/install/moveit_simple_controller_manager:/home/mu/IVG/ws_moveit/install/moveit_servo:/home/mu/IVG/ws_moveit/install/moveit_ros:/home/mu/IVG/ws_moveit/install/moveit_ros_visualization:/home/mu/IVG/ws_moveit/install/moveit_ros_planning_interface:/home/mu/IVG/ws_moveit/install/moveit_ros_benchmarks:/home/mu/IVG/ws_moveit/install/moveit_ros_warehouse:/home/mu/IVG/ws_moveit/install/moveit_ros_robot_interaction:/home/mu/IVG/ws_moveit/install/moveit_ros_perception:/home/mu/IVG/ws_moveit/install/moveit_ros_move_group:/home/mu/IVG/ws_moveit/install/moveit_planners:/home/mu/IVG/ws_moveit/install/moveit_planners_ompl:/home/mu/IVG/ws_moveit/install/moveit_ros_planning:/home/mu/IVG/ws_moveit/install/moveit_planners_chomp:/home/mu/IVG/ws_moveit/install/moveit_kinematics:/home/mu/IVG/ws_moveit/install/moveit_chomp_optimizer_adapter:/home/mu/IVG/ws_moveit/install/chomp_motion_planner:/opt/ros/foxy LD_LIBRARY_PATH=/home/mu/IVG/ws_moveit/install/moveit_ros_occupancy_map_monitor/lib:/home/mu/IVG/ws_moveit/install/moveit_core/lib:/home/mu/IVG/ws_moveit/install/moveit_visual_tools/lib:/home/mu/IVG/ws_moveit/install/rviz_visual_tools/lib:/home/mu/IVG/ws_moveit/install/moveit_simple_controller_manager/lib:/home/mu/IVG/ws_moveit/install/moveit_servo/lib:/home/mu/IVG/ws_moveit/install/moveit_ros_visualization/lib:/home/mu/IVG/ws_moveit/install/moveit_ros_planning_interface/lib:/home/mu/IVG/ws_moveit/install/moveit_ros_benchmarks/lib:/home/mu/IVG/ws_moveit/install/moveit_ros_warehouse/lib:/home/mu/IVG/ws_moveit/install/moveit_ros_robot_interaction/lib:/home/mu/IVG/ws_moveit/install/moveit_ros_perception/lib:/home/mu/IVG/ws_moveit/install/moveit_ros_move_group/lib:/home/mu/IVG/ws_moveit/install/moveit_planners_ompl/lib:/home/mu/IVG/ws_moveit/install/moveit_ros_planning/lib:/home/mu/IVG/ws_moveit/install/moveit_planners_chomp/lib:/home/mu/IVG/ws_moveit/install/moveit_kinematics/lib:/home/mu/IVG/ws_moveit/install/moveit_chomp_optimizer_adapter/lib:/home/mu/IVG/ws_moveit/install/chomp_motion_planner/lib:/opt/ros/foxy/opt/yaml_cpp_vendor/lib:/opt/ros/foxy/opt/rviz_ogre_vendor/lib:/opt/ros/foxy/lib/x86_64-linux-gnu:/opt/ros/foxy/lib PATH=/home/mu/IVG/ws_moveit/install/moveit_core/bin:/home/mu/IVG/ws_moveit/install/moveit_kinematics/bin:/opt/ros/foxy/bin:/usr/local/sbin:/usr/local/bin:/usr/sbin:/usr/bin:/sbin:/bin:/usr/games:/usr/local/games:/snap/bin /usr/bin/cmake /home/mu/IVG/ws_moveit/src/moveit2/moveit_ros/planning -DCMAKE_BUILD_TYPE=Release -DCMAKE_INSTALL_PREFIX=/home/mu/IVG/ws_moveit/install/moveit_ros_planning
[0.069s] -- The C compiler identification is GNU 9.4.0
[0.120s] -- The CXX compiler identification is GNU 9.4.0
[0.126s] -- Check for working C compiler: /usr/bin/cc
[0.186s] -- Check for working C compiler: /usr/bin/cc -- works
[0.187s] -- Detecting C compiler ABI info
[0.242s] -- Detecting C compiler ABI info - done
[0.255s] -- Detecting C compile features
[0.255s] -- Detecting C compile features - done
[0.259s] -- Check for working CXX compiler: /usr/bin/c++
[0.325s] -- Check for working CXX compiler: /usr/bin/c++ -- works
[0.327s] -- Detecting CXX compiler ABI info
[0.398s] -- Detecting CXX compiler ABI info - done
[0.412s] -- Detecting CXX compile features
[0.412s] -- Detecting CXX compile features - done
[0.413s] -- Found moveit_common: 2.2.3 (/home/mu/IVG/ws_moveit/install/moveit_common/share/moveit_common/cmake)
[0.416s] -- Found ament_cmake: 0.9.12 (/opt/ros/foxy/share/ament_cmake/cmake)
[0.439s] -- Found PythonInterp: /usr/bin/python3 (found suitable version "3.8.10", minimum required is "3") 
[0.440s] -- Using PYTHON_EXECUTABLE: /usr/bin/python3
[0.652s] -- Found moveit_msgs: 2.1.0 (/opt/ros/foxy/share/moveit_msgs/cmake)
[0.684s] -- Using all available rosidl_typesupport_c: rosidl_typesupport_fastrtps_c;rosidl_typesupport_introspection_c
[0.690s] -- Found rosidl_adapter: 1.3.1 (/opt/ros/foxy/share/rosidl_adapter/cmake)
[0.754s] -- Found OpenSSL: /usr/lib/x86_64-linux-gnu/libcrypto.so (found version "1.1.1f")  
[0.777s] -- Found FastRTPS: /opt/ros/foxy/include  
[0.836s] -- Using all available rosidl_typesupport_cpp: rosidl_typesupport_fastrtps_cpp;rosidl_typesupport_introspection_cpp
[1.820s] -- Found pluginlib: 2.5.4 (/opt/ros/foxy/share/pluginlib/cmake)
[1.841s] -- Found rclcpp: 2.4.3 (/opt/ros/foxy/share/rclcpp/cmake)
[1.873s] -- Found rmw_implementation_cmake: 1.0.4 (/opt/ros/foxy/share/rmw_implementation_cmake/cmake)
[1.875s] -- Using RMW implementation 'rmw_fastrtps_cpp' as default
[1.875s] -- Looking for pthread.h
[1.924s] -- Looking for pthread.h - found
[1.924s] -- Performing Test CMAKE_HAVE_LIBC_PTHREAD
[1.971s] -- Performing Test CMAKE_HAVE_LIBC_PTHREAD - Failed
[1.971s] -- Looking for pthread_create in pthreads
[2.010s] -- Looking for pthread_create in pthreads - not found
[2.010s] -- Looking for pthread_create in pthread
[2.057s] -- Looking for pthread_create in pthread - found
[2.058s] -- Found Threads: TRUE  
[2.146s] -- Found message_filters: 3.2.7 (/opt/ros/foxy/share/message_filters/cmake)
[2.149s] -- Found srdfdom: 2.0.2 (/opt/ros/foxy/share/srdfdom/cmake)
[2.167s] -- Found tf2: 0.13.14 (/opt/ros/foxy/share/tf2/cmake)
[2.173s] -- Found tf2_geometry_msgs: 0.13.14 (/opt/ros/foxy/share/tf2_geometry_msgs/cmake)
[2.178s] -- Found eigen3_cmake_module: 0.1.1 (/opt/ros/foxy/share/eigen3_cmake_module/cmake)
[2.180s] -- Found Eigen3: TRUE (found version "3.3.7") 
[2.387s] -- Found tf2_eigen: 0.13.14 (/opt/ros/foxy/share/tf2_eigen/cmake)
[2.391s] -- Found moveit_core: 2.2.3 (/home/mu/IVG/ws_moveit/install/moveit_core/share/moveit_core/cmake)
[2.414s] -- Found Boost: /usr/lib/x86_64-linux-gnu/cmake/Boost-1.71.0/BoostConfig.cmake (found version "1.71.0") found components: chrono date_time filesystem iostreams program_options regex serialization system thread 
[2.428s] -- Found Boost: /usr/lib/x86_64-linux-gnu/cmake/Boost-1.71.0/BoostConfig.cmake (found version "1.71.0") found components: filesystem 
[2.501s] -- library: /usr/lib/x86_64-linux-gnu/libcurl.so
[2.776s] -- Found moveit_ros_occupancy_map_monitor: 2.2.3 (/home/mu/IVG/ws_moveit/install/moveit_ros_occupancy_map_monitor/share/moveit_ros_occupancy_map_monitor/cmake)
[2.780s] -- Found Boost: /usr/lib/x86_64-linux-gnu/cmake/Boost-1.71.0/BoostConfig.cmake (found version "1.71.0") found components: thread 
[3.084s] -- Found Boost: /usr/lib/x86_64-linux-gnu/cmake/Boost-1.71.0/BoostConfig.cmake (found version "1.71.0") found components: system filesystem date_time program_options thread chrono 
[3.093s] -- Found ament_cmake_gtest: 0.9.12 (/opt/ros/foxy/share/ament_cmake_gtest/cmake)
[3.094s] -- Found ros_testing: 0.2.1 (/opt/ros/foxy/share/ros_testing/cmake)
[3.095s] -- Found launch_testing_ament_cmake: 0.10.10 (/opt/ros/foxy/share/launch_testing_ament_cmake/cmake)
[3.096s] -- Found python_cmake_module: 0.8.1 (/opt/ros/foxy/share/python_cmake_module/cmake)
[3.110s] -- Found PythonInterp: /usr/bin/python3 (found suitable version "3.8.10", minimum required is "3.5") 
[3.114s] -- Found PythonLibs: /usr/lib/x86_64-linux-gnu/libpython3.8.so (found suitable version "3.8.10", minimum required is "3.5") 
[3.114s] -- Using PYTHON_EXECUTABLE: /usr/bin/python3
[3.114s] -- Using PYTHON_INCLUDE_DIRS: /usr/include/python3.8
[3.114s] -- Using PYTHON_LIBRARIES: /usr/lib/x86_64-linux-gnu/libpython3.8.so
[3.129s] -- Found PythonExtra: .so  
[3.132s] -- Found gtest sources under '/opt/ros/foxy/src/gtest_vendor': C++ tests using 'Google Test' will be built
[3.134s] -- Check if compiler accepts -pthread
[3.179s] -- Check if compiler accepts -pthread - yes
[3.203s] -- Performing Test COMPILER_HAS_HIDDEN_VISIBILITY
[3.248s] -- Performing Test COMPILER_HAS_HIDDEN_VISIBILITY - Success
[3.249s] -- Performing Test COMPILER_HAS_HIDDEN_INLINE_VISIBILITY
[3.294s] -- Performing Test COMPILER_HAS_HIDDEN_INLINE_VISIBILITY - Success
[3.294s] -- Performing Test COMPILER_HAS_DEPRECATED_ATTR
[3.341s] -- Performing Test COMPILER_HAS_DEPRECATED_ATTR - Success
[3.361s] -- Found ament_cmake_gtest: 0.9.12 (/opt/ros/foxy/share/ament_cmake_gtest/cmake)
[3.362s] -- Found ament_cmake_gmock: 0.9.12 (/opt/ros/foxy/share/ament_cmake_gmock/cmake)
[3.364s] -- Found gmock sources under '/opt/ros/foxy/src/gmock_vendor': C++ tests using 'Google Mock' will be built
[3.365s] -- Found gtest sources under '/opt/ros/foxy/src/gtest_vendor': C++ tests using 'Google Test' will be built
[3.398s] -- Found ament_lint_auto: 0.9.8 (/opt/ros/foxy/share/ament_lint_auto/cmake)
[3.409s] -- Added test 'flake8' to check Python code syntax and style conventions
[3.410s] -- Added test 'lint_cmake' to check CMake code style
[3.411s] -- Added test 'pep257' to check Python code against some of the style conventions in PEP 257
[3.412s] -- Added test 'xmllint' to check XML markup files
[3.417s] -- Configuring done
[3.765s] -- Generating done
[3.865s] -- Build files have been written to: /home/mu/IVG/ws_moveit/build/moveit_ros_planning
[3.881s] Invoked command in '/home/mu/IVG/ws_moveit/build/moveit_ros_planning' returned '0': CMAKE_PREFIX_PATH=/home/mu/IVG/ws_moveit/install/moveit_ros_occupancy_map_monitor:/home/mu/IVG/ws_moveit/install/moveit_core:/home/mu/IVG/ws_moveit/install/moveit_common:/home/mu/IVG/ws_moveit/install/moveit2_tutorials:/home/mu/IVG/ws_moveit/install/moveit_visual_tools:/home/mu/IVG/ws_moveit/install/rviz_visual_tools:/home/mu/IVG/ws_moveit/install/run_ompl_constrained_planning:/home/mu/IVG/ws_moveit/install/run_moveit_cpp:/home/mu/IVG/ws_moveit/install/run_move_group:/home/mu/IVG/ws_moveit/install/moveit_runtime:/home/mu/IVG/ws_moveit/install/moveit:/home/mu/IVG/ws_moveit/install/moveit_plugins:/home/mu/IVG/ws_moveit/install/moveit_simple_controller_manager:/home/mu/IVG/ws_moveit/install/moveit_servo:/home/mu/IVG/ws_moveit/install/moveit_ros:/home/mu/IVG/ws_moveit/install/moveit_ros_visualization:/home/mu/IVG/ws_moveit/install/moveit_ros_planning_interface:/home/mu/IVG/ws_moveit/install/moveit_ros_benchmarks:/home/mu/IVG/ws_moveit/install/moveit_ros_warehouse:/home/mu/IVG/ws_moveit/install/moveit_ros_robot_interaction:/home/mu/IVG/ws_moveit/install/moveit_ros_perception:/home/mu/IVG/ws_moveit/install/moveit_ros_move_group:/home/mu/IVG/ws_moveit/install/moveit_planners:/home/mu/IVG/ws_moveit/install/moveit_planners_ompl:/home/mu/IVG/ws_moveit/install/moveit_ros_planning:/home/mu/IVG/ws_moveit/install/moveit_planners_chomp:/home/mu/IVG/ws_moveit/install/moveit_kinematics:/home/mu/IVG/ws_moveit/install/moveit_chomp_optimizer_adapter:/home/mu/IVG/ws_moveit/install/chomp_motion_planner:/opt/ros/foxy LD_LIBRARY_PATH=/home/mu/IVG/ws_moveit/install/moveit_ros_occupancy_map_monitor/lib:/home/mu/IVG/ws_moveit/install/moveit_core/lib:/home/mu/IVG/ws_moveit/install/moveit_visual_tools/lib:/home/mu/IVG/ws_moveit/install/rviz_visual_tools/lib:/home/mu/IVG/ws_moveit/install/moveit_simple_controller_manager/lib:/home/mu/IVG/ws_moveit/install/moveit_servo/lib:/home/mu/IVG/ws_moveit/install/moveit_ros_visualization/lib:/home/mu/IVG/ws_moveit/install/moveit_ros_planning_interface/lib:/home/mu/IVG/ws_moveit/install/moveit_ros_benchmarks/lib:/home/mu/IVG/ws_moveit/install/moveit_ros_warehouse/lib:/home/mu/IVG/ws_moveit/install/moveit_ros_robot_interaction/lib:/home/mu/IVG/ws_moveit/install/moveit_ros_perception/lib:/home/mu/IVG/ws_moveit/install/moveit_ros_move_group/lib:/home/mu/IVG/ws_moveit/install/moveit_planners_ompl/lib:/home/mu/IVG/ws_moveit/install/moveit_ros_planning/lib:/home/mu/IVG/ws_moveit/install/moveit_planners_chomp/lib:/home/mu/IVG/ws_moveit/install/moveit_kinematics/lib:/home/mu/IVG/ws_moveit/install/moveit_chomp_optimizer_adapter/lib:/home/mu/IVG/ws_moveit/install/chomp_motion_planner/lib:/opt/ros/foxy/opt/yaml_cpp_vendor/lib:/opt/ros/foxy/opt/rviz_ogre_vendor/lib:/opt/ros/foxy/lib/x86_64-linux-gnu:/opt/ros/foxy/lib PATH=/home/mu/IVG/ws_moveit/install/moveit_core/bin:/home/mu/IVG/ws_moveit/install/moveit_kinematics/bin:/opt/ros/foxy/bin:/usr/local/sbin:/usr/local/bin:/usr/sbin:/usr/bin:/sbin:/bin:/usr/games:/usr/local/games:/snap/bin /usr/bin/cmake /home/mu/IVG/ws_moveit/src/moveit2/moveit_ros/planning -DCMAKE_BUILD_TYPE=Release -DCMAKE_INSTALL_PREFIX=/home/mu/IVG/ws_moveit/install/moveit_ros_planning
[3.882s] Invoking command in '/home/mu/IVG/ws_moveit/build/moveit_ros_planning': CMAKE_PREFIX_PATH=/home/mu/IVG/ws_moveit/install/moveit_ros_occupancy_map_monitor:/home/mu/IVG/ws_moveit/install/moveit_core:/home/mu/IVG/ws_moveit/install/moveit_common:/home/mu/IVG/ws_moveit/install/moveit2_tutorials:/home/mu/IVG/ws_moveit/install/moveit_visual_tools:/home/mu/IVG/ws_moveit/install/rviz_visual_tools:/home/mu/IVG/ws_moveit/install/run_ompl_constrained_planning:/home/mu/IVG/ws_moveit/install/run_moveit_cpp:/home/mu/IVG/ws_moveit/install/run_move_group:/home/mu/IVG/ws_moveit/install/moveit_runtime:/home/mu/IVG/ws_moveit/install/moveit:/home/mu/IVG/ws_moveit/install/moveit_plugins:/home/mu/IVG/ws_moveit/install/moveit_simple_controller_manager:/home/mu/IVG/ws_moveit/install/moveit_servo:/home/mu/IVG/ws_moveit/install/moveit_ros:/home/mu/IVG/ws_moveit/install/moveit_ros_visualization:/home/mu/IVG/ws_moveit/install/moveit_ros_planning_interface:/home/mu/IVG/ws_moveit/install/moveit_ros_benchmarks:/home/mu/IVG/ws_moveit/install/moveit_ros_warehouse:/home/mu/IVG/ws_moveit/install/moveit_ros_robot_interaction:/home/mu/IVG/ws_moveit/install/moveit_ros_perception:/home/mu/IVG/ws_moveit/install/moveit_ros_move_group:/home/mu/IVG/ws_moveit/install/moveit_planners:/home/mu/IVG/ws_moveit/install/moveit_planners_ompl:/home/mu/IVG/ws_moveit/install/moveit_ros_planning:/home/mu/IVG/ws_moveit/install/moveit_planners_chomp:/home/mu/IVG/ws_moveit/install/moveit_kinematics:/home/mu/IVG/ws_moveit/install/moveit_chomp_optimizer_adapter:/home/mu/IVG/ws_moveit/install/chomp_motion_planner:/opt/ros/foxy LD_LIBRARY_PATH=/home/mu/IVG/ws_moveit/install/moveit_ros_occupancy_map_monitor/lib:/home/mu/IVG/ws_moveit/install/moveit_core/lib:/home/mu/IVG/ws_moveit/install/moveit_visual_tools/lib:/home/mu/IVG/ws_moveit/install/rviz_visual_tools/lib:/home/mu/IVG/ws_moveit/install/moveit_simple_controller_manager/lib:/home/mu/IVG/ws_moveit/install/moveit_servo/lib:/home/mu/IVG/ws_moveit/install/moveit_ros_visualization/lib:/home/mu/IVG/ws_moveit/install/moveit_ros_planning_interface/lib:/home/mu/IVG/ws_moveit/install/moveit_ros_benchmarks/lib:/home/mu/IVG/ws_moveit/install/moveit_ros_warehouse/lib:/home/mu/IVG/ws_moveit/install/moveit_ros_robot_interaction/lib:/home/mu/IVG/ws_moveit/install/moveit_ros_perception/lib:/home/mu/IVG/ws_moveit/install/moveit_ros_move_group/lib:/home/mu/IVG/ws_moveit/install/moveit_planners_ompl/lib:/home/mu/IVG/ws_moveit/install/moveit_ros_planning/lib:/home/mu/IVG/ws_moveit/install/moveit_planners_chomp/lib:/home/mu/IVG/ws_moveit/install/moveit_kinematics/lib:/home/mu/IVG/ws_moveit/install/moveit_chomp_optimizer_adapter/lib:/home/mu/IVG/ws_moveit/install/chomp_motion_planner/lib:/opt/ros/foxy/opt/yaml_cpp_vendor/lib:/opt/ros/foxy/opt/rviz_ogre_vendor/lib:/opt/ros/foxy/lib/x86_64-linux-gnu:/opt/ros/foxy/lib PATH=/home/mu/IVG/ws_moveit/install/moveit_core/bin:/home/mu/IVG/ws_moveit/install/moveit_kinematics/bin:/opt/ros/foxy/bin:/usr/local/sbin:/usr/local/bin:/usr/sbin:/usr/bin:/sbin:/bin:/usr/games:/usr/local/games:/snap/bin /usr/bin/cmake --build /home/mu/IVG/ws_moveit/build/moveit_ros_planning -- -j32 -l32
[3.911s] [35m[1mScanning dependencies of target gtest_main[0m
[3.911s] [35m[1mScanning dependencies of target gtest[0m
[3.911s] [35m[1mScanning dependencies of target moveit_collision_plugin_loader[0m
[3.911s] [35m[1mScanning dependencies of target moveit_rdf_loader[0m
[3.911s] [35m[1mScanning dependencies of target moveit_planning_pipeline[0m
[3.911s] [35m[1mScanning dependencies of target moveit_list_request_adapter_plugins[0m
[3.913s] [35m[1mScanning dependencies of target gmock[0m
[3.914s] [35m[1mScanning dependencies of target gmock_main[0m
[3.915s] [35m[1mScanning dependencies of target moveit_default_planning_request_adapter_plugins[0m
[3.919s] [  1%] [32mBuilding CXX object gtest/CMakeFiles/gtest_main.dir/src/gtest_main.cc.o[0m
[3.922s] [  2%] [32mBuilding CXX object gtest/CMakeFiles/gtest.dir/src/gtest-all.cc.o[0m
[3.929s] [  4%] [32mBuilding CXX object gmock/CMakeFiles/gmock.dir/opt/ros/foxy/src/gtest_vendor/src/gtest-all.cc.o[0m
[3.931s] [  5%] [32mBuilding CXX object gmock/CMakeFiles/gmock.dir/src/gmock-all.cc.o[0m
[3.932s] [  7%] [32mBuilding CXX object gmock/CMakeFiles/gmock_main.dir/src/gmock_main.cc.o[0m
[3.946s] [  9%] [32mBuilding CXX object rdf_loader/CMakeFiles/moveit_rdf_loader.dir/src/synchronized_string_parameter.cpp.o[0m
[3.946s] [  9%] [32mBuilding CXX object rdf_loader/CMakeFiles/moveit_rdf_loader.dir/src/rdf_loader.cpp.o[0m
[3.967s] [ 11%] [32mBuilding CXX object collision_plugin_loader/CMakeFiles/moveit_collision_plugin_loader.dir/src/collision_plugin_loader.cpp.o[0m
[3.969s] [ 12%] [32mBuilding CXX object planning_request_adapter_plugins/CMakeFiles/moveit_list_request_adapter_plugins.dir/src/list.cpp.o[0m
[3.972s] [ 14%] [32mBuilding CXX object planning_pipeline/CMakeFiles/moveit_planning_pipeline.dir/src/planning_pipeline.cpp.o[0m
[4.076s] [ 15%] [32mBuilding CXX object planning_request_adapter_plugins/CMakeFiles/moveit_default_planning_request_adapter_plugins.dir/src/empty.cpp.o[0m
[4.081s] [ 18%] [32mBuilding CXX object planning_request_adapter_plugins/CMakeFiles/moveit_default_planning_request_adapter_plugins.dir/src/fix_start_state_bounds.cpp.o[0m
[4.081s] [ 18%] [32mBuilding CXX object planning_request_adapter_plugins/CMakeFiles/moveit_default_planning_request_adapter_plugins.dir/src/fix_start_state_collision.cpp.o[0m
[4.082s] [ 19%] [32mBuilding CXX object planning_request_adapter_plugins/CMakeFiles/moveit_default_planning_request_adapter_plugins.dir/src/fix_start_state_path_constraints.cpp.o[0m
[4.082s] [ 21%] [32mBuilding CXX object planning_request_adapter_plugins/CMakeFiles/moveit_default_planning_request_adapter_plugins.dir/src/add_time_parameterization.cpp.o[0m
[4.082s] [ 22%] [32mBuilding CXX object planning_request_adapter_plugins/CMakeFiles/moveit_default_planning_request_adapter_plugins.dir/src/fix_workspace_bounds.cpp.o[0m
[4.083s] [ 23%] [32mBuilding CXX object planning_request_adapter_plugins/CMakeFiles/moveit_default_planning_request_adapter_plugins.dir/src/add_iterative_spline_parameterization.cpp.o[0m
[4.084s] [ 25%] [32mBuilding CXX object planning_request_adapter_plugins/CMakeFiles/moveit_default_planning_request_adapter_plugins.dir/src/add_time_optimal_parameterization.cpp.o[0m
[4.085s] [ 26%] [32mBuilding CXX object planning_request_adapter_plugins/CMakeFiles/moveit_default_planning_request_adapter_plugins.dir/src/resolve_constraint_frames.cpp.o[0m
[4.470s] [ 28%] [32m[1mLinking CXX static library libgtest_main.a[0m
[4.523s] [ 28%] Built target gtest_main
[5.242s] [ 29%] [32m[1mLinking CXX static library libgmock_main.a[0m
[5.292s] [ 29%] Built target gmock_main
[11.364s] [ 30%] [32m[1mLinking CXX static library libgtest.a[0m
[11.395s] [ 30%] Built target gtest
[13.257s] [ 32%] [32m[1mLinking CXX static library libgmock.a[0m
[13.291s] [ 32%] Built target gmock
[13.390s] [ 33%] [32m[1mLinking CXX executable moveit_list_request_adapter_plugins[0m
[13.554s] [ 33%] Built target moveit_list_request_adapter_plugins
[13.670s] [ 35%] [32m[1mLinking CXX shared library libmoveit_rdf_loader.so[0m
[13.850s] [ 35%] Built target moveit_rdf_loader
[13.859s] [35m[1mScanning dependencies of target boring_string_publisher[0m
[13.863s] [35m[1mScanning dependencies of target test_rdf_integration[0m
[13.863s] [35m[1mScanning dependencies of target moveit_kinematics_plugin_loader[0m
[13.863s] [35m[1mScanning dependencies of target moveit_constraint_sampler_manager_loader[0m
[13.898s] [ 36%] [32mBuilding CXX object rdf_loader/CMakeFiles/boring_string_publisher.dir/test/boring_string_publisher.cpp.o[0m
[13.924s] [ 38%] [32mBuilding CXX object rdf_loader/CMakeFiles/test_rdf_integration.dir/test/test_rdf_integration.cpp.o[0m
[13.961s] [ 39%] [32mBuilding CXX object kinematics_plugin_loader/CMakeFiles/moveit_kinematics_plugin_loader.dir/src/kinematics_plugin_loader.cpp.o[0m
[13.983s] [ 40%] [32mBuilding CXX object constraint_sampler_manager_loader/CMakeFiles/moveit_constraint_sampler_manager_loader.dir/src/constraint_sampler_manager_loader.cpp.o[0m
[14.476s] [ 42%] [32m[1mLinking CXX shared library libmoveit_collision_plugin_loader.so[0m
[14.696s] [ 42%] Built target moveit_collision_plugin_loader
[15.451s] [ 43%] [32m[1mLinking CXX shared library libmoveit_default_planning_request_adapter_plugins.so[0m
[15.894s] [ 43%] Built target moveit_default_planning_request_adapter_plugins
[18.609s] [ 45%] [32m[1mLinking CXX executable test_rdf_integration[0m
[18.889s] [ 46%] [32m[1mLinking CXX executable boring_string_publisher[0m
[18.977s] [ 46%] Built target test_rdf_integration
[19.193s] [ 46%] Built target boring_string_publisher
[24.550s] [ 47%] [32m[1mLinking CXX shared library libmoveit_planning_pipeline.so[0m
[24.977s] [ 47%] Built target moveit_planning_pipeline
[31.009s] [ 49%] [32m[1mLinking CXX shared library libmoveit_constraint_sampler_manager_loader.so[0m
[31.362s] [ 49%] Built target moveit_constraint_sampler_manager_loader
[37.654s] [ 50%] [32m[1mLinking CXX shared library libmoveit_kinematics_plugin_loader.so[0m
[38.160s] [ 50%] Built target moveit_kinematics_plugin_loader
[38.180s] [35m[1mScanning dependencies of target moveit_robot_model_loader[0m
[38.308s] [ 52%] [32mBuilding CXX object robot_model_loader/CMakeFiles/moveit_robot_model_loader.dir/src/robot_model_loader.cpp.o[0m
[51.489s] [ 53%] [32m[1mLinking CXX shared library libmoveit_robot_model_loader.so[0m
[51.855s] [ 53%] Built target moveit_robot_model_loader
[51.878s] [35m[1mScanning dependencies of target moveit_print_planning_model_info[0m
[51.882s] [35m[1mScanning dependencies of target moveit_planning_scene_monitor[0m
[51.888s] [35m[1mScanning dependencies of target moveit_evaluate_state_operations_speed[0m
[51.902s] [35m[1mScanning dependencies of target moveit_kinematics_speed_and_validity_evaluator[0m
[52.012s] [ 54%] [32mBuilding CXX object planning_components_tools/CMakeFiles/moveit_print_planning_model_info.dir/src/print_planning_model_info.cpp.o[0m
[52.134s] [ 56%] [32mBuilding CXX object planning_components_tools/CMakeFiles/moveit_evaluate_state_operations_speed.dir/src/evaluate_state_operations_speed.cpp.o[0m
[52.178s] [ 57%] [32mBuilding CXX object planning_components_tools/CMakeFiles/moveit_kinematics_speed_and_validity_evaluator.dir/src/kinematics_speed_and_validity_evaluator.cpp.o[0m
[52.198s] [ 59%] [32mBuilding CXX object planning_scene_monitor/CMakeFiles/moveit_planning_scene_monitor.dir/src/planning_scene_monitor.cpp.o[0m
[52.220s] [ 60%] [32mBuilding CXX object planning_scene_monitor/CMakeFiles/moveit_planning_scene_monitor.dir/src/current_state_monitor.cpp.o[0m
[52.232s] [ 61%] [32mBuilding CXX object planning_scene_monitor/CMakeFiles/moveit_planning_scene_monitor.dir/src/current_state_monitor_middleware_handle.cpp.o[0m
[52.238s] [ 63%] [32mBuilding CXX object planning_scene_monitor/CMakeFiles/moveit_planning_scene_monitor.dir/src/trajectory_monitor.cpp.o[0m
[58.800s] [ 64%] [32m[1mLinking CXX executable moveit_print_planning_model_info[0m
[59.231s] [ 64%] Built target moveit_print_planning_model_info
[64.443s] [ 66%] [32m[1mLinking CXX executable moveit_evaluate_state_operations_speed[0m
[64.893s] [ 66%] Built target moveit_evaluate_state_operations_speed
[66.888s] [ 67%] [32m[1mLinking CXX executable moveit_kinematics_speed_and_validity_evaluator[0m
[67.376s] [ 67%] Built target moveit_kinematics_speed_and_validity_evaluator
[86.517s] [ 69%] [32m[1mLinking CXX shared library libmoveit_planning_scene_monitor.so[0m
[86.714s] [ 69%] Built target moveit_planning_scene_monitor
[86.720s] [35m[1mScanning dependencies of target moveit_print_planning_scene_info[0m
[86.720s] [35m[1mScanning dependencies of target current_state_monitor_tests[0m
[86.720s] [35m[1mScanning dependencies of target demo_scene[0m
[86.720s] [35m[1mScanning dependencies of target moveit_display_random_state[0m
[86.721s] [35m[1mScanning dependencies of target moveit_visualize_robot_collision_volume[0m
[86.721s] [35m[1mScanning dependencies of target moveit_publish_scene_from_text[0m
[86.721s] [35m[1mScanning dependencies of target moveit_evaluate_collision_checking_speed[0m
[86.724s] [35m[1mScanning dependencies of target moveit_trajectory_execution_manager[0m
[86.778s] [ 70%] [32mBuilding CXX object planning_scene_monitor/CMakeFiles/current_state_monitor_tests.dir/test/current_state_monitor_tests.cpp.o[0m
[86.779s] [ 74%] [32mBuilding CXX object planning_components_tools/CMakeFiles/moveit_evaluate_collision_checking_speed.dir/src/evaluate_collision_checking_speed.cpp.o[0m
[86.779s] [ 74%] [32mBuilding CXX object planning_components_tools/CMakeFiles/moveit_publish_scene_from_text.dir/src/publish_scene_from_text.cpp.o[0m
[86.779s] [ 74%] [32mBuilding CXX object planning_scene_monitor/CMakeFiles/demo_scene.dir/demos/demo_scene.cpp.o[0m
[86.782s] [ 76%] [32mBuilding CXX object planning_components_tools/CMakeFiles/moveit_display_random_state.dir/src/display_random_state.cpp.o[0m
[86.782s] [ 77%] [32mBuilding CXX object planning_components_tools/CMakeFiles/moveit_visualize_robot_collision_volume.dir/src/visualize_robot_collision_volume.cpp.o[0m
[86.788s] [ 78%] [32mBuilding CXX object planning_components_tools/CMakeFiles/moveit_print_planning_scene_info.dir/src/print_planning_scene_info.cpp.o[0m
[86.810s] [ 80%] [32mBuilding CXX object trajectory_execution_manager/CMakeFiles/moveit_trajectory_execution_manager.dir/src/trajectory_execution_manager.cpp.o[0m
[92.966s] [ 81%] [32m[1mLinking CXX executable current_state_monitor_tests[0m
[93.299s] [ 81%] Built target current_state_monitor_tests
[93.459s] [ 83%] [32m[1mLinking CXX executable moveit_print_planning_scene_info[0m
[93.719s] [ 83%] Built target moveit_print_planning_scene_info
[94.780s] [ 84%] [32m[1mLinking CXX executable demo_scene[0m
[94.927s] [ 84%] Built target demo_scene
[95.038s] [ 85%] [32m[1mLinking CXX executable moveit_display_random_state[0m
[95.186s] [ 87%] [32m[1mLinking CXX executable moveit_publish_scene_from_text[0m
[95.359s] [ 87%] Built target moveit_display_random_state
[95.622s] [ 87%] Built target moveit_publish_scene_from_text
[95.942s] [ 88%] [32m[1mLinking CXX executable moveit_evaluate_collision_checking_speed[0m
[96.646s] [ 88%] Built target moveit_evaluate_collision_checking_speed
[99.760s] [ 90%] [32m[1mLinking CXX executable moveit_visualize_robot_collision_volume[0m
[100.535s] [ 90%] Built target moveit_visualize_robot_collision_volume
[114.616s] [ 91%] [32m[1mLinking CXX shared library libmoveit_trajectory_execution_manager.so[0m
[115.276s] [ 91%] Built target moveit_trajectory_execution_manager
[115.303s] [35m[1mScanning dependencies of target moveit_plan_execution[0m
[115.338s] [35m[1mScanning dependencies of target moveit_cpp[0m
[115.524s] [ 92%] [32mBuilding CXX object plan_execution/CMakeFiles/moveit_plan_execution.dir/src/plan_execution.cpp.o[0m
[115.524s] [ 94%] [32mBuilding CXX object plan_execution/CMakeFiles/moveit_plan_execution.dir/src/plan_with_sensing.cpp.o[0m
[115.582s] [ 95%] [32mBuilding CXX object moveit_cpp/CMakeFiles/moveit_cpp.dir/src/planning_component.cpp.o[0m
[115.585s] [ 97%] [32mBuilding CXX object moveit_cpp/CMakeFiles/moveit_cpp.dir/src/moveit_cpp.cpp.o[0m
[148.613s] [ 98%] [32m[1mLinking CXX shared library libmoveit_cpp.so[0m
[149.168s] [ 98%] Built target moveit_cpp
[149.927s] [100%] [32m[1mLinking CXX shared library libmoveit_plan_execution.so[0m
[150.433s] [100%] Built target moveit_plan_execution
[150.457s] Invoked command in '/home/mu/IVG/ws_moveit/build/moveit_ros_planning' returned '0': CMAKE_PREFIX_PATH=/home/mu/IVG/ws_moveit/install/moveit_ros_occupancy_map_monitor:/home/mu/IVG/ws_moveit/install/moveit_core:/home/mu/IVG/ws_moveit/install/moveit_common:/home/mu/IVG/ws_moveit/install/moveit2_tutorials:/home/mu/IVG/ws_moveit/install/moveit_visual_tools:/home/mu/IVG/ws_moveit/install/rviz_visual_tools:/home/mu/IVG/ws_moveit/install/run_ompl_constrained_planning:/home/mu/IVG/ws_moveit/install/run_moveit_cpp:/home/mu/IVG/ws_moveit/install/run_move_group:/home/mu/IVG/ws_moveit/install/moveit_runtime:/home/mu/IVG/ws_moveit/install/moveit:/home/mu/IVG/ws_moveit/install/moveit_plugins:/home/mu/IVG/ws_moveit/install/moveit_simple_controller_manager:/home/mu/IVG/ws_moveit/install/moveit_servo:/home/mu/IVG/ws_moveit/install/moveit_ros:/home/mu/IVG/ws_moveit/install/moveit_ros_visualization:/home/mu/IVG/ws_moveit/install/moveit_ros_planning_interface:/home/mu/IVG/ws_moveit/install/moveit_ros_benchmarks:/home/mu/IVG/ws_moveit/install/moveit_ros_warehouse:/home/mu/IVG/ws_moveit/install/moveit_ros_robot_interaction:/home/mu/IVG/ws_moveit/install/moveit_ros_perception:/home/mu/IVG/ws_moveit/install/moveit_ros_move_group:/home/mu/IVG/ws_moveit/install/moveit_planners:/home/mu/IVG/ws_moveit/install/moveit_planners_ompl:/home/mu/IVG/ws_moveit/install/moveit_ros_planning:/home/mu/IVG/ws_moveit/install/moveit_planners_chomp:/home/mu/IVG/ws_moveit/install/moveit_kinematics:/home/mu/IVG/ws_moveit/install/moveit_chomp_optimizer_adapter:/home/mu/IVG/ws_moveit/install/chomp_motion_planner:/opt/ros/foxy LD_LIBRARY_PATH=/home/mu/IVG/ws_moveit/install/moveit_ros_occupancy_map_monitor/lib:/home/mu/IVG/ws_moveit/install/moveit_core/lib:/home/mu/IVG/ws_moveit/install/moveit_visual_tools/lib:/home/mu/IVG/ws_moveit/install/rviz_visual_tools/lib:/home/mu/IVG/ws_moveit/install/moveit_simple_controller_manager/lib:/home/mu/IVG/ws_moveit/install/moveit_servo/lib:/home/mu/IVG/ws_moveit/install/moveit_ros_visualization/lib:/home/mu/IVG/ws_moveit/install/moveit_ros_planning_interface/lib:/home/mu/IVG/ws_moveit/install/moveit_ros_benchmarks/lib:/home/mu/IVG/ws_moveit/install/moveit_ros_warehouse/lib:/home/mu/IVG/ws_moveit/install/moveit_ros_robot_interaction/lib:/home/mu/IVG/ws_moveit/install/moveit_ros_perception/lib:/home/mu/IVG/ws_moveit/install/moveit_ros_move_group/lib:/home/mu/IVG/ws_moveit/install/moveit_planners_ompl/lib:/home/mu/IVG/ws_moveit/install/moveit_ros_planning/lib:/home/mu/IVG/ws_moveit/install/moveit_planners_chomp/lib:/home/mu/IVG/ws_moveit/install/moveit_kinematics/lib:/home/mu/IVG/ws_moveit/install/moveit_chomp_optimizer_adapter/lib:/home/mu/IVG/ws_moveit/install/chomp_motion_planner/lib:/opt/ros/foxy/opt/yaml_cpp_vendor/lib:/opt/ros/foxy/opt/rviz_ogre_vendor/lib:/opt/ros/foxy/lib/x86_64-linux-gnu:/opt/ros/foxy/lib PATH=/home/mu/IVG/ws_moveit/install/moveit_core/bin:/home/mu/IVG/ws_moveit/install/moveit_kinematics/bin:/opt/ros/foxy/bin:/usr/local/sbin:/usr/local/bin:/usr/sbin:/usr/bin:/sbin:/bin:/usr/games:/usr/local/games:/snap/bin /usr/bin/cmake --build /home/mu/IVG/ws_moveit/build/moveit_ros_planning -- -j32 -l32
[150.458s] Invoking command in '/home/mu/IVG/ws_moveit/build/moveit_ros_planning': CMAKE_PREFIX_PATH=/home/mu/IVG/ws_moveit/install/moveit_ros_occupancy_map_monitor:/home/mu/IVG/ws_moveit/install/moveit_core:/home/mu/IVG/ws_moveit/install/moveit_common:/home/mu/IVG/ws_moveit/install/moveit2_tutorials:/home/mu/IVG/ws_moveit/install/moveit_visual_tools:/home/mu/IVG/ws_moveit/install/rviz_visual_tools:/home/mu/IVG/ws_moveit/install/run_ompl_constrained_planning:/home/mu/IVG/ws_moveit/install/run_moveit_cpp:/home/mu/IVG/ws_moveit/install/run_move_group:/home/mu/IVG/ws_moveit/install/moveit_runtime:/home/mu/IVG/ws_moveit/install/moveit:/home/mu/IVG/ws_moveit/install/moveit_plugins:/home/mu/IVG/ws_moveit/install/moveit_simple_controller_manager:/home/mu/IVG/ws_moveit/install/moveit_servo:/home/mu/IVG/ws_moveit/install/moveit_ros:/home/mu/IVG/ws_moveit/install/moveit_ros_visualization:/home/mu/IVG/ws_moveit/install/moveit_ros_planning_interface:/home/mu/IVG/ws_moveit/install/moveit_ros_benchmarks:/home/mu/IVG/ws_moveit/install/moveit_ros_warehouse:/home/mu/IVG/ws_moveit/install/moveit_ros_robot_interaction:/home/mu/IVG/ws_moveit/install/moveit_ros_perception:/home/mu/IVG/ws_moveit/install/moveit_ros_move_group:/home/mu/IVG/ws_moveit/install/moveit_planners:/home/mu/IVG/ws_moveit/install/moveit_planners_ompl:/home/mu/IVG/ws_moveit/install/moveit_ros_planning:/home/mu/IVG/ws_moveit/install/moveit_planners_chomp:/home/mu/IVG/ws_moveit/install/moveit_kinematics:/home/mu/IVG/ws_moveit/install/moveit_chomp_optimizer_adapter:/home/mu/IVG/ws_moveit/install/chomp_motion_planner:/opt/ros/foxy LD_LIBRARY_PATH=/home/mu/IVG/ws_moveit/install/moveit_ros_occupancy_map_monitor/lib:/home/mu/IVG/ws_moveit/install/moveit_core/lib:/home/mu/IVG/ws_moveit/install/moveit_visual_tools/lib:/home/mu/IVG/ws_moveit/install/rviz_visual_tools/lib:/home/mu/IVG/ws_moveit/install/moveit_simple_controller_manager/lib:/home/mu/IVG/ws_moveit/install/moveit_servo/lib:/home/mu/IVG/ws_moveit/install/moveit_ros_visualization/lib:/home/mu/IVG/ws_moveit/install/moveit_ros_planning_interface/lib:/home/mu/IVG/ws_moveit/install/moveit_ros_benchmarks/lib:/home/mu/IVG/ws_moveit/install/moveit_ros_warehouse/lib:/home/mu/IVG/ws_moveit/install/moveit_ros_robot_interaction/lib:/home/mu/IVG/ws_moveit/install/moveit_ros_perception/lib:/home/mu/IVG/ws_moveit/install/moveit_ros_move_group/lib:/home/mu/IVG/ws_moveit/install/moveit_planners_ompl/lib:/home/mu/IVG/ws_moveit/install/moveit_ros_planning/lib:/home/mu/IVG/ws_moveit/install/moveit_planners_chomp/lib:/home/mu/IVG/ws_moveit/install/moveit_kinematics/lib:/home/mu/IVG/ws_moveit/install/moveit_chomp_optimizer_adapter/lib:/home/mu/IVG/ws_moveit/install/chomp_motion_planner/lib:/opt/ros/foxy/opt/yaml_cpp_vendor/lib:/opt/ros/foxy/opt/rviz_ogre_vendor/lib:/opt/ros/foxy/lib/x86_64-linux-gnu:/opt/ros/foxy/lib PATH=/home/mu/IVG/ws_moveit/install/moveit_core/bin:/home/mu/IVG/ws_moveit/install/moveit_kinematics/bin:/opt/ros/foxy/bin:/usr/local/sbin:/usr/local/bin:/usr/sbin:/usr/bin:/sbin:/bin:/usr/games:/usr/local/games:/snap/bin /usr/bin/cmake --install /home/mu/IVG/ws_moveit/build/moveit_ros_planning
[150.480s] -- Install configuration: "Release"
[150.480s] -- Installing: /home/mu/IVG/ws_moveit/install/moveit_ros_planning/lib/libmoveit_rdf_loader.so.2.2.3
[150.480s] -- Set runtime path of "/home/mu/IVG/ws_moveit/install/moveit_ros_planning/lib/libmoveit_rdf_loader.so.2.2.3" to ""
[150.480s] -- Installing: /home/mu/IVG/ws_moveit/install/moveit_ros_planning/lib/libmoveit_rdf_loader.so
[150.480s] -- Installing: /home/mu/IVG/ws_moveit/install/moveit_ros_planning/lib/libmoveit_kinematics_plugin_loader.so.2.2.3
[150.480s] -- Set runtime path of "/home/mu/IVG/ws_moveit/install/moveit_ros_planning/lib/libmoveit_kinematics_plugin_loader.so.2.2.3" to ""
[150.481s] -- Installing: /home/mu/IVG/ws_moveit/install/moveit_ros_planning/lib/libmoveit_kinematics_plugin_loader.so
[150.481s] -- Installing: /home/mu/IVG/ws_moveit/install/moveit_ros_planning/lib/libmoveit_robot_model_loader.so.2.2.3
[150.481s] -- Set runtime path of "/home/mu/IVG/ws_moveit/install/moveit_ros_planning/lib/libmoveit_robot_model_loader.so.2.2.3" to ""
[150.481s] -- Installing: /home/mu/IVG/ws_moveit/install/moveit_ros_planning/lib/libmoveit_robot_model_loader.so
[150.481s] -- Installing: /home/mu/IVG/ws_moveit/install/moveit_ros_planning/lib/libmoveit_constraint_sampler_manager_loader.so.2.2.3
[150.488s] -- Set runtime path of "/home/mu/IVG/ws_moveit/install/moveit_ros_planning/lib/libmoveit_constraint_sampler_manager_loader.so.2.2.3" to ""
[150.488s] -- Installing: /home/mu/IVG/ws_moveit/install/moveit_ros_planning/lib/libmoveit_constraint_sampler_manager_loader.so
[150.488s] -- Installing: /home/mu/IVG/ws_moveit/install/moveit_ros_planning/lib/libmoveit_planning_pipeline.so.2.2.3
[150.488s] -- Set runtime path of "/home/mu/IVG/ws_moveit/install/moveit_ros_planning/lib/libmoveit_planning_pipeline.so.2.2.3" to ""
[150.488s] -- Installing: /home/mu/IVG/ws_moveit/install/moveit_ros_planning/lib/libmoveit_planning_pipeline.so
[150.488s] -- Installing: /home/mu/IVG/ws_moveit/install/moveit_ros_planning/lib/libmoveit_trajectory_execution_manager.so.2.2.3
[150.489s] -- Set runtime path of "/home/mu/IVG/ws_moveit/install/moveit_ros_planning/lib/libmoveit_trajectory_execution_manager.so.2.2.3" to ""
[150.489s] -- Installing: /home/mu/IVG/ws_moveit/install/moveit_ros_planning/lib/libmoveit_trajectory_execution_manager.so
[150.489s] -- Installing: /home/mu/IVG/ws_moveit/install/moveit_ros_planning/lib/libmoveit_plan_execution.so.2.2.3
[150.496s] -- Set runtime path of "/home/mu/IVG/ws_moveit/install/moveit_ros_planning/lib/libmoveit_plan_execution.so.2.2.3" to ""
[150.496s] -- Installing: /home/mu/IVG/ws_moveit/install/moveit_ros_planning/lib/libmoveit_plan_execution.so
[150.496s] -- Installing: /home/mu/IVG/ws_moveit/install/moveit_ros_planning/lib/libmoveit_planning_scene_monitor.so.2.2.3
[150.496s] -- Set runtime path of "/home/mu/IVG/ws_moveit/install/moveit_ros_planning/lib/libmoveit_planning_scene_monitor.so.2.2.3" to ""
[150.496s] -- Installing: /home/mu/IVG/ws_moveit/install/moveit_ros_planning/lib/libmoveit_planning_scene_monitor.so
[150.496s] -- Installing: /home/mu/IVG/ws_moveit/install/moveit_ros_planning/lib/libmoveit_collision_plugin_loader.so.2.2.3
[150.496s] -- Set runtime path of "/home/mu/IVG/ws_moveit/install/moveit_ros_planning/lib/libmoveit_collision_plugin_loader.so.2.2.3" to ""
[150.496s] -- Installing: /home/mu/IVG/ws_moveit/install/moveit_ros_planning/lib/libmoveit_collision_plugin_loader.so
[150.496s] -- Installing: /home/mu/IVG/ws_moveit/install/moveit_ros_planning/lib/libmoveit_default_planning_request_adapter_plugins.so.2.2.3
[150.504s] -- Set runtime path of "/home/mu/IVG/ws_moveit/install/moveit_ros_planning/lib/libmoveit_default_planning_request_adapter_plugins.so.2.2.3" to ""
[150.504s] -- Installing: /home/mu/IVG/ws_moveit/install/moveit_ros_planning/lib/libmoveit_default_planning_request_adapter_plugins.so
[150.504s] -- Installing: /home/mu/IVG/ws_moveit/install/moveit_ros_planning/lib/libmoveit_cpp.so.2.2.3
[150.504s] -- Set runtime path of "/home/mu/IVG/ws_moveit/install/moveit_ros_planning/lib/libmoveit_cpp.so.2.2.3" to ""
[150.504s] -- Installing: /home/mu/IVG/ws_moveit/install/moveit_ros_planning/lib/libmoveit_cpp.so
[150.504s] -- Installing: /home/mu/IVG/ws_moveit/install/moveit_ros_planning/share/moveit_ros_planning/environment/library_path.sh
[150.504s] -- Installing: /home/mu/IVG/ws_moveit/install/moveit_ros_planning/share/moveit_ros_planning/environment/library_path.dsv
[150.504s] -- Installing: /home/mu/IVG/ws_moveit/install/moveit_ros_planning/share/moveit_ros_planning/planning_request_adapters_plugin_description.xml
[150.505s] -- Installing: /home/mu/IVG/ws_moveit/install/moveit_ros_planning/share/ament_index/resource_index/package_run_dependencies/moveit_ros_planning
[150.505s] -- Installing: /home/mu/IVG/ws_moveit/install/moveit_ros_planning/share/ament_index/resource_index/parent_prefix_path/moveit_ros_planning
[150.505s] -- Installing: /home/mu/IVG/ws_moveit/install/moveit_ros_planning/share/moveit_ros_planning/environment/ament_prefix_path.sh
[150.505s] -- Installing: /home/mu/IVG/ws_moveit/install/moveit_ros_planning/share/moveit_ros_planning/environment/ament_prefix_path.dsv
[150.505s] -- Installing: /home/mu/IVG/ws_moveit/install/moveit_ros_planning/share/moveit_ros_planning/environment/path.sh
[150.505s] -- Installing: /home/mu/IVG/ws_moveit/install/moveit_ros_planning/share/moveit_ros_planning/environment/path.dsv
[150.505s] -- Installing: /home/mu/IVG/ws_moveit/install/moveit_ros_planning/share/moveit_ros_planning/local_setup.bash
[150.505s] -- Installing: /home/mu/IVG/ws_moveit/install/moveit_ros_planning/share/moveit_ros_planning/local_setup.sh
[150.505s] -- Installing: /home/mu/IVG/ws_moveit/install/moveit_ros_planning/share/moveit_ros_planning/local_setup.zsh
[150.505s] -- Installing: /home/mu/IVG/ws_moveit/install/moveit_ros_planning/share/moveit_ros_planning/local_setup.dsv
[150.505s] -- Installing: /home/mu/IVG/ws_moveit/install/moveit_ros_planning/share/moveit_ros_planning/package.dsv
[150.505s] -- Installing: /home/mu/IVG/ws_moveit/install/moveit_ros_planning/share/ament_index/resource_index/packages/moveit_ros_planning
[150.506s] -- Installing: /home/mu/IVG/ws_moveit/install/moveit_ros_planning/share/ament_index/resource_index/moveit_core__pluginlib__plugin/moveit_ros_planning
[150.506s] -- Installing: /home/mu/IVG/ws_moveit/install/moveit_ros_planning/share/moveit_ros_planning/cmake/export_moveit_ros_planningExport.cmake
[150.506s] -- Installing: /home/mu/IVG/ws_moveit/install/moveit_ros_planning/share/moveit_ros_planning/cmake/export_moveit_ros_planningExport-release.cmake
[150.506s] -- Installing: /home/mu/IVG/ws_moveit/install/moveit_ros_planning/share/moveit_ros_planning/cmake/ConfigExtras.cmake
[150.506s] -- Installing: /home/mu/IVG/ws_moveit/install/moveit_ros_planning/share/moveit_ros_planning/cmake/ament_cmake_export_targets-extras.cmake
[150.506s] -- Installing: /home/mu/IVG/ws_moveit/install/moveit_ros_planning/share/moveit_ros_planning/cmake/ament_cmake_export_dependencies-extras.cmake
[150.506s] -- Installing: /home/mu/IVG/ws_moveit/install/moveit_ros_planning/share/moveit_ros_planning/cmake/moveit_ros_planningConfig.cmake
[150.506s] -- Installing: /home/mu/IVG/ws_moveit/install/moveit_ros_planning/share/moveit_ros_planning/cmake/moveit_ros_planningConfig-version.cmake
[150.506s] -- Installing: /home/mu/IVG/ws_moveit/install/moveit_ros_planning/share/moveit_ros_planning/package.xml
[150.506s] -- Installing: /home/mu/IVG/ws_moveit/install/moveit_ros_planning/include
[150.507s] -- Installing: /home/mu/IVG/ws_moveit/install/moveit_ros_planning/include/moveit
[150.507s] -- Installing: /home/mu/IVG/ws_moveit/install/moveit_ros_planning/include/moveit/rdf_loader
[150.507s] -- Installing: /home/mu/IVG/ws_moveit/install/moveit_ros_planning/include/moveit/rdf_loader/rdf_loader.h
[150.507s] -- Installing: /home/mu/IVG/ws_moveit/install/moveit_ros_planning/include/moveit/rdf_loader/synchronized_string_parameter.h
[150.507s] -- Installing: /home/mu/IVG/ws_moveit/install/moveit_ros_planning/share/moveit_ros_planning/rdf_loader/test/data
[150.507s] -- Installing: /home/mu/IVG/ws_moveit/install/moveit_ros_planning/share/moveit_ros_planning/rdf_loader/test/data/robin.srdf.xacro
[150.507s] -- Installing: /home/mu/IVG/ws_moveit/install/moveit_ros_planning/share/moveit_ros_planning/rdf_loader/test/data/kermit.srdf
[150.507s] -- Installing: /home/mu/IVG/ws_moveit/install/moveit_ros_planning/share/moveit_ros_planning/rdf_loader/test/data/kermit.urdf
[150.507s] -- Installing: /home/mu/IVG/ws_moveit/install/moveit_ros_planning/share/moveit_ros_planning/rdf_loader/test/data/gonzo.srdf
[150.507s] -- Installing: /home/mu/IVG/ws_moveit/install/moveit_ros_planning/share/moveit_ros_planning/rdf_loader/test/data/gonzo.urdf
[150.508s] -- Installing: /home/mu/IVG/ws_moveit/install/moveit_ros_planning/share/moveit_ros_planning/rdf_loader/test/launch
[150.508s] -- Installing: /home/mu/IVG/ws_moveit/install/moveit_ros_planning/share/moveit_ros_planning/rdf_loader/test/launch/test_rdf_integration.test.py
[150.508s] -- Installing: /home/mu/IVG/ws_moveit/install/moveit_ros_planning/lib/moveit_ros_planning/test_rdf_integration
[150.508s] -- Set runtime path of "/home/mu/IVG/ws_moveit/install/moveit_ros_planning/lib/moveit_ros_planning/test_rdf_integration" to ""
[150.508s] -- Installing: /home/mu/IVG/ws_moveit/install/moveit_ros_planning/lib/moveit_ros_planning/boring_string_publisher
[150.508s] -- Set runtime path of "/home/mu/IVG/ws_moveit/install/moveit_ros_planning/lib/moveit_ros_planning/boring_string_publisher" to ""
[150.508s] -- Up-to-date: /home/mu/IVG/ws_moveit/install/moveit_ros_planning/include
[150.508s] -- Up-to-date: /home/mu/IVG/ws_moveit/install/moveit_ros_planning/include/moveit
[150.508s] -- Installing: /home/mu/IVG/ws_moveit/install/moveit_ros_planning/include/moveit/collision_plugin_loader
[150.509s] -- Installing: /home/mu/IVG/ws_moveit/install/moveit_ros_planning/include/moveit/collision_plugin_loader/collision_plugin_loader.h
[150.509s] -- Up-to-date: /home/mu/IVG/ws_moveit/install/moveit_ros_planning/include
[150.509s] -- Up-to-date: /home/mu/IVG/ws_moveit/install/moveit_ros_planning/include/moveit
[150.509s] -- Installing: /home/mu/IVG/ws_moveit/install/moveit_ros_planning/include/moveit/kinematics_plugin_loader
[150.509s] -- Installing: /home/mu/IVG/ws_moveit/install/moveit_ros_planning/include/moveit/kinematics_plugin_loader/kinematics_plugin_loader.h
[150.509s] -- Up-to-date: /home/mu/IVG/ws_moveit/install/moveit_ros_planning/include
[150.509s] -- Up-to-date: /home/mu/IVG/ws_moveit/install/moveit_ros_planning/include/moveit
[150.509s] -- Installing: /home/mu/IVG/ws_moveit/install/moveit_ros_planning/include/moveit/robot_model_loader
[150.509s] -- Installing: /home/mu/IVG/ws_moveit/install/moveit_ros_planning/include/moveit/robot_model_loader/robot_model_loader.h
[150.509s] -- Up-to-date: /home/mu/IVG/ws_moveit/install/moveit_ros_planning/include
[150.510s] -- Up-to-date: /home/mu/IVG/ws_moveit/install/moveit_ros_planning/include/moveit
[150.510s] -- Installing: /home/mu/IVG/ws_moveit/install/moveit_ros_planning/include/moveit/constraint_sampler_manager_loader
[150.510s] -- Installing: /home/mu/IVG/ws_moveit/install/moveit_ros_planning/include/moveit/constraint_sampler_manager_loader/constraint_sampler_manager_loader.h
[150.510s] -- Up-to-date: /home/mu/IVG/ws_moveit/install/moveit_ros_planning/include
[150.510s] -- Up-to-date: /home/mu/IVG/ws_moveit/install/moveit_ros_planning/include/moveit
[150.510s] -- Installing: /home/mu/IVG/ws_moveit/install/moveit_ros_planning/include/moveit/planning_pipeline
[150.510s] -- Installing: /home/mu/IVG/ws_moveit/install/moveit_ros_planning/include/moveit/planning_pipeline/planning_pipeline.h
[150.510s] -- Installing: /home/mu/IVG/ws_moveit/install/moveit_ros_planning/include/moveit_planning_pipeline_export.h
[150.510s] -- Installing: /home/mu/IVG/ws_moveit/install/moveit_ros_planning/lib/moveit_ros_planning/moveit_list_request_adapter_plugins
[150.516s] -- Set runtime path of "/home/mu/IVG/ws_moveit/install/moveit_ros_planning/lib/moveit_ros_planning/moveit_list_request_adapter_plugins" to ""
[150.516s] -- Installing: /home/mu/IVG/ws_moveit/install/moveit_ros_planning/lib/moveit_ros_planning/demo_scene
[150.516s] -- Set runtime path of "/home/mu/IVG/ws_moveit/install/moveit_ros_planning/lib/moveit_ros_planning/demo_scene" to ""
[150.516s] -- Up-to-date: /home/mu/IVG/ws_moveit/install/moveit_ros_planning/include
[150.516s] -- Up-to-date: /home/mu/IVG/ws_moveit/install/moveit_ros_planning/include/moveit
[150.516s] -- Installing: /home/mu/IVG/ws_moveit/install/moveit_ros_planning/include/moveit/planning_scene_monitor
[150.516s] -- Installing: /home/mu/IVG/ws_moveit/install/moveit_ros_planning/include/moveit/planning_scene_monitor/current_state_monitor.h
[150.516s] -- Installing: /home/mu/IVG/ws_moveit/install/moveit_ros_planning/include/moveit/planning_scene_monitor/current_state_monitor_middleware_handle.hpp
[150.517s] -- Installing: /home/mu/IVG/ws_moveit/install/moveit_ros_planning/include/moveit/planning_scene_monitor/trajectory_monitor.h
[150.517s] -- Installing: /home/mu/IVG/ws_moveit/install/moveit_ros_planning/include/moveit/planning_scene_monitor/planning_scene_monitor.h
[150.517s] -- Installing: /home/mu/IVG/ws_moveit/install/moveit_ros_planning/include/moveit_planning_scene_monitor_export.h
[150.517s] -- Installing: /home/mu/IVG/ws_moveit/install/moveit_ros_planning/lib/moveit_ros_planning/moveit_print_planning_model_info
[150.517s] -- Set runtime path of "/home/mu/IVG/ws_moveit/install/moveit_ros_planning/lib/moveit_ros_planning/moveit_print_planning_model_info" to ""
[150.517s] -- Installing: /home/mu/IVG/ws_moveit/install/moveit_ros_planning/lib/moveit_ros_planning/moveit_print_planning_scene_info
[150.517s] -- Set runtime path of "/home/mu/IVG/ws_moveit/install/moveit_ros_planning/lib/moveit_ros_planning/moveit_print_planning_scene_info" to ""
[150.517s] -- Installing: /home/mu/IVG/ws_moveit/install/moveit_ros_planning/lib/moveit_ros_planning/moveit_display_random_state
[150.517s] -- Set runtime path of "/home/mu/IVG/ws_moveit/install/moveit_ros_planning/lib/moveit_ros_planning/moveit_display_random_state" to ""
[150.517s] -- Installing: /home/mu/IVG/ws_moveit/install/moveit_ros_planning/lib/moveit_ros_planning/moveit_visualize_robot_collision_volume
[150.524s] -- Set runtime path of "/home/mu/IVG/ws_moveit/install/moveit_ros_planning/lib/moveit_ros_planning/moveit_visualize_robot_collision_volume" to ""
[150.524s] -- Installing: /home/mu/IVG/ws_moveit/install/moveit_ros_planning/lib/moveit_ros_planning/moveit_evaluate_collision_checking_speed
[150.524s] -- Set runtime path of "/home/mu/IVG/ws_moveit/install/moveit_ros_planning/lib/moveit_ros_planning/moveit_evaluate_collision_checking_speed" to ""
[150.524s] -- Installing: /home/mu/IVG/ws_moveit/install/moveit_ros_planning/lib/moveit_ros_planning/moveit_evaluate_state_operations_speed
[150.524s] -- Set runtime path of "/home/mu/IVG/ws_moveit/install/moveit_ros_planning/lib/moveit_ros_planning/moveit_evaluate_state_operations_speed" to ""
[150.524s] -- Installing: /home/mu/IVG/ws_moveit/install/moveit_ros_planning/lib/moveit_ros_planning/moveit_kinematics_speed_and_validity_evaluator
[150.524s] -- Set runtime path of "/home/mu/IVG/ws_moveit/install/moveit_ros_planning/lib/moveit_ros_planning/moveit_kinematics_speed_and_validity_evaluator" to ""
[150.525s] -- Installing: /home/mu/IVG/ws_moveit/install/moveit_ros_planning/lib/moveit_ros_planning/moveit_publish_scene_from_text
[150.525s] -- Set runtime path of "/home/mu/IVG/ws_moveit/install/moveit_ros_planning/lib/moveit_ros_planning/moveit_publish_scene_from_text" to ""
[150.525s] -- Up-to-date: /home/mu/IVG/ws_moveit/install/moveit_ros_planning/include
[150.525s] -- Up-to-date: /home/mu/IVG/ws_moveit/install/moveit_ros_planning/include/moveit
[150.525s] -- Installing: /home/mu/IVG/ws_moveit/install/moveit_ros_planning/include/moveit/trajectory_execution_manager
[150.525s] -- Installing: /home/mu/IVG/ws_moveit/install/moveit_ros_planning/include/moveit/trajectory_execution_manager/trajectory_execution_manager.h
[150.525s] -- Installing: /home/mu/IVG/ws_moveit/install/moveit_ros_planning/include/moveit_trajectory_execution_manager_export.h
[150.525s] -- Up-to-date: /home/mu/IVG/ws_moveit/install/moveit_ros_planning/include
[150.525s] -- Up-to-date: /home/mu/IVG/ws_moveit/install/moveit_ros_planning/include/moveit
[150.525s] -- Installing: /home/mu/IVG/ws_moveit/install/moveit_ros_planning/include/moveit/plan_execution
[150.525s] -- Installing: /home/mu/IVG/ws_moveit/install/moveit_ros_planning/include/moveit/plan_execution/plan_with_sensing.h
[150.525s] -- Installing: /home/mu/IVG/ws_moveit/install/moveit_ros_planning/include/moveit/plan_execution/plan_execution.h
[150.526s] -- Installing: /home/mu/IVG/ws_moveit/install/moveit_ros_planning/include/moveit/plan_execution/plan_representation.h
[150.526s] -- Up-to-date: /home/mu/IVG/ws_moveit/install/moveit_ros_planning/include
[150.526s] -- Up-to-date: /home/mu/IVG/ws_moveit/install/moveit_ros_planning/include/moveit
[150.526s] -- Installing: /home/mu/IVG/ws_moveit/install/moveit_ros_planning/include/moveit/moveit_cpp
[150.526s] -- Installing: /home/mu/IVG/ws_moveit/install/moveit_ros_planning/include/moveit/moveit_cpp/moveit_cpp.h
[150.526s] -- Installing: /home/mu/IVG/ws_moveit/install/moveit_ros_planning/include/moveit/moveit_cpp/planning_component.h
[150.556s] Invoked command in '/home/mu/IVG/ws_moveit/build/moveit_ros_planning' returned '0': CMAKE_PREFIX_PATH=/home/mu/IVG/ws_moveit/install/moveit_ros_occupancy_map_monitor:/home/mu/IVG/ws_moveit/install/moveit_core:/home/mu/IVG/ws_moveit/install/moveit_common:/home/mu/IVG/ws_moveit/install/moveit2_tutorials:/home/mu/IVG/ws_moveit/install/moveit_visual_tools:/home/mu/IVG/ws_moveit/install/rviz_visual_tools:/home/mu/IVG/ws_moveit/install/run_ompl_constrained_planning:/home/mu/IVG/ws_moveit/install/run_moveit_cpp:/home/mu/IVG/ws_moveit/install/run_move_group:/home/mu/IVG/ws_moveit/install/moveit_runtime:/home/mu/IVG/ws_moveit/install/moveit:/home/mu/IVG/ws_moveit/install/moveit_plugins:/home/mu/IVG/ws_moveit/install/moveit_simple_controller_manager:/home/mu/IVG/ws_moveit/install/moveit_servo:/home/mu/IVG/ws_moveit/install/moveit_ros:/home/mu/IVG/ws_moveit/install/moveit_ros_visualization:/home/mu/IVG/ws_moveit/install/moveit_ros_planning_interface:/home/mu/IVG/ws_moveit/install/moveit_ros_benchmarks:/home/mu/IVG/ws_moveit/install/moveit_ros_warehouse:/home/mu/IVG/ws_moveit/install/moveit_ros_robot_interaction:/home/mu/IVG/ws_moveit/install/moveit_ros_perception:/home/mu/IVG/ws_moveit/install/moveit_ros_move_group:/home/mu/IVG/ws_moveit/install/moveit_planners:/home/mu/IVG/ws_moveit/install/moveit_planners_ompl:/home/mu/IVG/ws_moveit/install/moveit_ros_planning:/home/mu/IVG/ws_moveit/install/moveit_planners_chomp:/home/mu/IVG/ws_moveit/install/moveit_kinematics:/home/mu/IVG/ws_moveit/install/moveit_chomp_optimizer_adapter:/home/mu/IVG/ws_moveit/install/chomp_motion_planner:/opt/ros/foxy LD_LIBRARY_PATH=/home/mu/IVG/ws_moveit/install/moveit_ros_occupancy_map_monitor/lib:/home/mu/IVG/ws_moveit/install/moveit_core/lib:/home/mu/IVG/ws_moveit/install/moveit_visual_tools/lib:/home/mu/IVG/ws_moveit/install/rviz_visual_tools/lib:/home/mu/IVG/ws_moveit/install/moveit_simple_controller_manager/lib:/home/mu/IVG/ws_moveit/install/moveit_servo/lib:/home/mu/IVG/ws_moveit/install/moveit_ros_visualization/lib:/home/mu/IVG/ws_moveit/install/moveit_ros_planning_interface/lib:/home/mu/IVG/ws_moveit/install/moveit_ros_benchmarks/lib:/home/mu/IVG/ws_moveit/install/moveit_ros_warehouse/lib:/home/mu/IVG/ws_moveit/install/moveit_ros_robot_interaction/lib:/home/mu/IVG/ws_moveit/install/moveit_ros_perception/lib:/home/mu/IVG/ws_moveit/install/moveit_ros_move_group/lib:/home/mu/IVG/ws_moveit/install/moveit_planners_ompl/lib:/home/mu/IVG/ws_moveit/install/moveit_ros_planning/lib:/home/mu/IVG/ws_moveit/install/moveit_planners_chomp/lib:/home/mu/IVG/ws_moveit/install/moveit_kinematics/lib:/home/mu/IVG/ws_moveit/install/moveit_chomp_optimizer_adapter/lib:/home/mu/IVG/ws_moveit/install/chomp_motion_planner/lib:/opt/ros/foxy/opt/yaml_cpp_vendor/lib:/opt/ros/foxy/opt/rviz_ogre_vendor/lib:/opt/ros/foxy/lib/x86_64-linux-gnu:/opt/ros/foxy/lib PATH=/home/mu/IVG/ws_moveit/install/moveit_core/bin:/home/mu/IVG/ws_moveit/install/moveit_kinematics/bin:/opt/ros/foxy/bin:/usr/local/sbin:/usr/local/bin:/usr/sbin:/usr/bin:/sbin:/bin:/usr/games:/usr/local/games:/snap/bin /usr/bin/cmake --install /home/mu/IVG/ws_moveit/build/moveit_ros_planning
