[0.019s] Invoking command in '/home/mu/IVG/ws_moveit/build/moveit_ros_robot_interaction': AMENT_PREFIX_PATH=/home/mu/IVG/ws_moveit/install/moveit_ros_planning:/home/mu/IVG/ws_moveit/install/moveit_ros_occupancy_map_monitor:/home/mu/IVG/ws_moveit/install/moveit_core:/home/mu/IVG/ws_moveit/install/moveit_common:${AMENT_PREFIX_PATH} CMAKE_PREFIX_PATH=/home/mu/IVG/ws_moveit/install/moveit_ros_planning:/home/mu/IVG/ws_moveit/install/moveit_ros_occupancy_map_monitor:/home/mu/IVG/ws_moveit/install/moveit_core:/home/mu/IVG/ws_moveit/install/moveit_common:/home/mu/IVG/ws_moveit/install/moveit2_tutorials:/home/mu/IVG/ws_moveit/install/moveit_visual_tools:/home/mu/IVG/ws_moveit/install/rviz_visual_tools:/opt/ros/foxy LD_LIBRARY_PATH=/home/mu/IVG/ws_moveit/install/moveit_ros_planning/lib:/home/mu/IVG/ws_moveit/install/moveit_ros_occupancy_map_monitor/lib:/home/mu/IVG/ws_moveit/install/moveit_core/lib:${LD_LIBRARY_PATH} PATH=/home/mu/IVG/ws_moveit/install/moveit_core/bin:${PATH} /usr/bin/cmake --build /home/mu/IVG/ws_moveit/build/moveit_ros_robot_interaction -- -j32 -l32
[0.038s] [35m[1mScanning dependencies of target gtest[0m
[0.040s] [35m[1mScanning dependencies of target moveit_robot_interaction[0m
[0.042s] [35m[1mScanning dependencies of target gtest_main[0m
[0.047s] [  7%] [32mBuilding CXX object gtest/CMakeFiles/gtest.dir/src/gtest-all.cc.o[0m
[0.051s] [ 15%] [32mBuilding CXX object gtest/CMakeFiles/gtest_main.dir/src/gtest_main.cc.o[0m
[0.109s] [ 23%] [32mBuilding CXX object CMakeFiles/moveit_robot_interaction.dir/src/interactive_marker_helpers.cpp.o[0m
[0.110s] [ 30%] [32mBuilding CXX object CMakeFiles/moveit_robot_interaction.dir/src/locked_robot_state.cpp.o[0m
[0.110s] [ 38%] [32mBuilding CXX object CMakeFiles/moveit_robot_interaction.dir/src/kinematic_options.cpp.o[0m
[0.112s] [ 46%] [32mBuilding CXX object CMakeFiles/moveit_robot_interaction.dir/src/kinematic_options_map.cpp.o[0m
[0.113s] [ 53%] [32mBuilding CXX object CMakeFiles/moveit_robot_interaction.dir/src/robot_interaction.cpp.o[0m
[0.113s] [ 61%] [32mBuilding CXX object CMakeFiles/moveit_robot_interaction.dir/src/interaction_handler.cpp.o[0m
[0.895s] [ 69%] [32m[1mLinking CXX static library libgtest_main.a[0m
[1.043s] [ 69%] Built target gtest_main
[11.091s] [ 76%] [32m[1mLinking CXX static library libgtest.a[0m
[11.132s] [ 76%] Built target gtest
[16.927s] [ 84%] [32m[1mLinking CXX shared library libmoveit_robot_interaction.so[0m
[17.118s] [ 84%] Built target moveit_robot_interaction
[17.125s] [35m[1mScanning dependencies of target locked_robot_state_test[0m
[17.175s] [ 92%] [32mBuilding CXX object CMakeFiles/locked_robot_state_test.dir/test/locked_robot_state_test.cpp.o[0m
[22.173s] [100%] [32m[1mLinking CXX executable locked_robot_state_test[0m
[22.386s] [100%] Built target locked_robot_state_test
