[0.011s] Invoking command in '/home/mu/IVG/ws_moveit/build/chomp_motion_planner': AMENT_PREFIX_PATH=/home/mu/IVG/ws_moveit/install/moveit_core:/home/mu/IVG/ws_moveit/install/moveit_common:${AMENT_PREFIX_PATH} CMAKE_PREFIX_PATH=/home/mu/IVG/ws_moveit/install/moveit_core:/home/mu/IVG/ws_moveit/install/moveit_common:/home/mu/IVG/ws_moveit/install/moveit2_tutorials:/home/mu/IVG/ws_moveit/install/moveit_visual_tools:/home/mu/IVG/ws_moveit/install/rviz_visual_tools:/opt/ros/foxy LD_LIBRARY_PATH=/home/mu/IVG/ws_moveit/install/moveit_core/lib:${LD_LIBRARY_PATH} PATH=/home/mu/IVG/ws_moveit/install/moveit_core/bin:${PATH} /usr/bin/cmake --build /home/mu/IVG/ws_moveit/build/chomp_motion_planner -- -j32 -l32
[0.056s] [100%] Built target chomp_motion_planner
[0.068s] Invoked command in '/home/mu/IVG/ws_moveit/build/chomp_motion_planner' returned '0': AMENT_PREFIX_PATH=/home/mu/IVG/ws_moveit/install/moveit_core:/home/mu/IVG/ws_moveit/install/moveit_common:${AMENT_PREFIX_PATH} CMAKE_PREFIX_PATH=/home/mu/IVG/ws_moveit/install/moveit_core:/home/mu/IVG/ws_moveit/install/moveit_common:/home/mu/IVG/ws_moveit/install/moveit2_tutorials:/home/mu/IVG/ws_moveit/install/moveit_visual_tools:/home/mu/IVG/ws_moveit/install/rviz_visual_tools:/opt/ros/foxy LD_LIBRARY_PATH=/home/mu/IVG/ws_moveit/install/moveit_core/lib:${LD_LIBRARY_PATH} PATH=/home/mu/IVG/ws_moveit/install/moveit_core/bin:${PATH} /usr/bin/cmake --build /home/mu/IVG/ws_moveit/build/chomp_motion_planner -- -j32 -l32
[0.070s] Invoking command in '/home/mu/IVG/ws_moveit/build/chomp_motion_planner': AMENT_PREFIX_PATH=/home/mu/IVG/ws_moveit/install/moveit_core:/home/mu/IVG/ws_moveit/install/moveit_common:${AMENT_PREFIX_PATH} CMAKE_PREFIX_PATH=/home/mu/IVG/ws_moveit/install/moveit_core:/home/mu/IVG/ws_moveit/install/moveit_common:/home/mu/IVG/ws_moveit/install/moveit2_tutorials:/home/mu/IVG/ws_moveit/install/moveit_visual_tools:/home/mu/IVG/ws_moveit/install/rviz_visual_tools:/opt/ros/foxy LD_LIBRARY_PATH=/home/mu/IVG/ws_moveit/install/moveit_core/lib:${LD_LIBRARY_PATH} PATH=/home/mu/IVG/ws_moveit/install/moveit_core/bin:${PATH} /usr/bin/cmake --install /home/mu/IVG/ws_moveit/build/chomp_motion_planner
[0.074s] -- Install configuration: "Release"
[0.074s] -- Up-to-date: /home/mu/IVG/ws_moveit/install/chomp_motion_planner/lib/libchomp_motion_planner.so.2.2.3
[0.074s] -- Up-to-date: /home/mu/IVG/ws_moveit/install/chomp_motion_planner/lib/libchomp_motion_planner.so
[0.074s] -- Up-to-date: /home/mu/IVG/ws_moveit/install/chomp_motion_planner/include
[0.074s] -- Up-to-date: /home/mu/IVG/ws_moveit/install/chomp_motion_planner/include/chomp_motion_planner
[0.074s] -- Up-to-date: /home/mu/IVG/ws_moveit/install/chomp_motion_planner/include/chomp_motion_planner/chomp_cost.h
[0.074s] -- Up-to-date: /home/mu/IVG/ws_moveit/install/chomp_motion_planner/include/chomp_motion_planner/multivariate_gaussian.h
[0.074s] -- Up-to-date: /home/mu/IVG/ws_moveit/install/chomp_motion_planner/include/chomp_motion_planner/chomp_optimizer.h
[0.074s] -- Up-to-date: /home/mu/IVG/ws_moveit/install/chomp_motion_planner/include/chomp_motion_planner/chomp_parameters.h
[0.074s] -- Up-to-date: /home/mu/IVG/ws_moveit/install/chomp_motion_planner/include/chomp_motion_planner/chomp_planner.h
[0.074s] -- Up-to-date: /home/mu/IVG/ws_moveit/install/chomp_motion_planner/include/chomp_motion_planner/chomp_trajectory.h
[0.074s] -- Up-to-date: /home/mu/IVG/ws_moveit/install/chomp_motion_planner/include/chomp_motion_planner/chomp_utils.h
[0.074s] -- Up-to-date: /home/mu/IVG/ws_moveit/install/chomp_motion_planner/share/chomp_motion_planner/environment/library_path.sh
[0.074s] -- Up-to-date: /home/mu/IVG/ws_moveit/install/chomp_motion_planner/share/chomp_motion_planner/environment/library_path.dsv
[0.074s] -- Up-to-date: /home/mu/IVG/ws_moveit/install/chomp_motion_planner/share/ament_index/resource_index/package_run_dependencies/chomp_motion_planner
[0.074s] -- Up-to-date: /home/mu/IVG/ws_moveit/install/chomp_motion_planner/share/ament_index/resource_index/parent_prefix_path/chomp_motion_planner
[0.074s] -- Up-to-date: /home/mu/IVG/ws_moveit/install/chomp_motion_planner/share/chomp_motion_planner/environment/ament_prefix_path.sh
[0.074s] -- Up-to-date: /home/mu/IVG/ws_moveit/install/chomp_motion_planner/share/chomp_motion_planner/environment/ament_prefix_path.dsv
[0.074s] -- Up-to-date: /home/mu/IVG/ws_moveit/install/chomp_motion_planner/share/chomp_motion_planner/environment/path.sh
[0.074s] -- Up-to-date: /home/mu/IVG/ws_moveit/install/chomp_motion_planner/share/chomp_motion_planner/environment/path.dsv
[0.075s] -- Up-to-date: /home/mu/IVG/ws_moveit/install/chomp_motion_planner/share/chomp_motion_planner/local_setup.bash
[0.075s] -- Up-to-date: /home/mu/IVG/ws_moveit/install/chomp_motion_planner/share/chomp_motion_planner/local_setup.sh
[0.075s] -- Up-to-date: /home/mu/IVG/ws_moveit/install/chomp_motion_planner/share/chomp_motion_planner/local_setup.zsh
[0.075s] -- Up-to-date: /home/mu/IVG/ws_moveit/install/chomp_motion_planner/share/chomp_motion_planner/local_setup.dsv
[0.075s] -- Installing: /home/mu/IVG/ws_moveit/install/chomp_motion_planner/share/chomp_motion_planner/package.dsv
[0.075s] -- Up-to-date: /home/mu/IVG/ws_moveit/install/chomp_motion_planner/share/ament_index/resource_index/packages/chomp_motion_planner
[0.075s] -- Up-to-date: /home/mu/IVG/ws_moveit/install/chomp_motion_planner/share/chomp_motion_planner/cmake/chomp_motion_plannerTargetsExport.cmake
[0.075s] -- Up-to-date: /home/mu/IVG/ws_moveit/install/chomp_motion_planner/share/chomp_motion_planner/cmake/chomp_motion_plannerTargetsExport-release.cmake
[0.075s] -- Up-to-date: /home/mu/IVG/ws_moveit/install/chomp_motion_planner/share/chomp_motion_planner/cmake/ament_cmake_export_targets-extras.cmake
[0.075s] -- Up-to-date: /home/mu/IVG/ws_moveit/install/chomp_motion_planner/share/chomp_motion_planner/cmake/chomp_motion_plannerConfig.cmake
[0.075s] -- Up-to-date: /home/mu/IVG/ws_moveit/install/chomp_motion_planner/share/chomp_motion_planner/cmake/chomp_motion_plannerConfig-version.cmake
[0.075s] -- Up-to-date: /home/mu/IVG/ws_moveit/install/chomp_motion_planner/share/chomp_motion_planner/package.xml
[0.079s] Invoked command in '/home/mu/IVG/ws_moveit/build/chomp_motion_planner' returned '0': AMENT_PREFIX_PATH=/home/mu/IVG/ws_moveit/install/moveit_core:/home/mu/IVG/ws_moveit/install/moveit_common:${AMENT_PREFIX_PATH} CMAKE_PREFIX_PATH=/home/mu/IVG/ws_moveit/install/moveit_core:/home/mu/IVG/ws_moveit/install/moveit_common:/home/mu/IVG/ws_moveit/install/moveit2_tutorials:/home/mu/IVG/ws_moveit/install/moveit_visual_tools:/home/mu/IVG/ws_moveit/install/rviz_visual_tools:/opt/ros/foxy LD_LIBRARY_PATH=/home/mu/IVG/ws_moveit/install/moveit_core/lib:${LD_LIBRARY_PATH} PATH=/home/mu/IVG/ws_moveit/install/moveit_core/bin:${PATH} /usr/bin/cmake --install /home/mu/IVG/ws_moveit/build/chomp_motion_planner
