[0.024s] Invoking command in '/home/mu/IVG/ws_moveit/build/moveit_kinematics': AMENT_PREFIX_PATH=/home/mu/IVG/ws_moveit/install/moveit_ros_planning:/home/mu/IVG/ws_moveit/install/moveit_ros_occupancy_map_monitor:/home/mu/IVG/ws_moveit/install/moveit_core:/home/mu/IVG/ws_moveit/install/moveit_common:${AMENT_PREFIX_PATH} CMAKE_PREFIX_PATH=/home/mu/IVG/ws_moveit/install/moveit_ros_planning:/home/mu/IVG/ws_moveit/install/moveit_ros_occupancy_map_monitor:/home/mu/IVG/ws_moveit/install/moveit_core:/home/mu/IVG/ws_moveit/install/moveit_common:/home/mu/IVG/ws_moveit/install/moveit2_tutorials:/home/mu/IVG/ws_moveit/install/moveit_visual_tools:/home/mu/IVG/ws_moveit/install/rviz_visual_tools:/opt/ros/foxy LD_LIBRARY_PATH=/home/mu/IVG/ws_moveit/install/moveit_ros_planning/lib:/home/mu/IVG/ws_moveit/install/moveit_ros_occupancy_map_monitor/lib:/home/mu/IVG/ws_moveit/install/moveit_core/lib:${LD_LIBRARY_PATH} PATH=/home/mu/IVG/ws_moveit/install/moveit_core/bin:${PATH} /usr/bin/cmake /home/mu/IVG/ws_moveit/src/moveit2/moveit_kinematics -DCMAKE_BUILD_TYPE=Release -DCMAKE_INSTALL_PREFIX=/home/mu/IVG/ws_moveit/install/moveit_kinematics
[0.052s] -- The C compiler identification is GNU 9.4.0
[0.082s] -- The CXX compiler identification is GNU 9.4.0
[0.085s] -- Check for working C compiler: /usr/bin/cc
[0.125s] -- Check for working C compiler: /usr/bin/cc -- works
[0.126s] -- Detecting C compiler ABI info
[0.165s] -- Detecting C compiler ABI info - done
[0.171s] -- Detecting C compile features
[0.171s] -- Detecting C compile features - done
[0.173s] -- Check for working CXX compiler: /usr/bin/c++
[0.216s] -- Check for working CXX compiler: /usr/bin/c++ -- works
[0.216s] -- Detecting CXX compiler ABI info
[0.262s] -- Detecting CXX compiler ABI info - done
[0.269s] -- Detecting CXX compile features
[0.270s] -- Detecting CXX compile features - done
[0.270s] -- Found moveit_common: 2.2.3 (/home/mu/IVG/ws_moveit/install/moveit_common/share/moveit_common/cmake)
[0.271s] -- Found ament_cmake: 0.9.12 (/opt/ros/foxy/share/ament_cmake/cmake)
[0.286s] -- Found PythonInterp: /usr/bin/python3 (found suitable version "3.8.10", minimum required is "3") 
[0.286s] -- Using PYTHON_EXECUTABLE: /usr/bin/python3
[0.429s] -- Found eigen3_cmake_module: 0.1.1 (/opt/ros/foxy/share/eigen3_cmake_module/cmake)
[0.430s] -- Found Eigen3: TRUE (found version "3.3.7") 
[0.431s] -- Found tf2_kdl: 0.13.14 (/opt/ros/foxy/share/tf2_kdl/cmake)
[0.450s] -- Using all available rosidl_typesupport_c: rosidl_typesupport_fastrtps_c;rosidl_typesupport_introspection_c
[0.455s] -- Found rosidl_adapter: 1.3.1 (/opt/ros/foxy/share/rosidl_adapter/cmake)
[0.502s] -- Found OpenSSL: /usr/lib/x86_64-linux-gnu/libcrypto.so (found version "1.1.1f")  
[0.523s] -- Found FastRTPS: /opt/ros/foxy/include  
[0.571s] -- Using all available rosidl_typesupport_cpp: rosidl_typesupport_fastrtps_cpp;rosidl_typesupport_introspection_cpp
[0.686s] -- Found rmw_implementation_cmake: 1.0.4 (/opt/ros/foxy/share/rmw_implementation_cmake/cmake)
[0.687s] -- Using RMW implementation 'rmw_fastrtps_cpp' as default
[0.687s] -- Looking for pthread.h
[0.734s] -- Looking for pthread.h - found
[0.734s] -- Performing Test CMAKE_HAVE_LIBC_PTHREAD
[0.781s] -- Performing Test CMAKE_HAVE_LIBC_PTHREAD - Failed
[0.781s] -- Looking for pthread_create in pthreads
[0.817s] -- Looking for pthread_create in pthreads - not found
[0.817s] -- Looking for pthread_create in pthread
[0.863s] -- Looking for pthread_create in pthread - found
[0.864s] -- Found Threads: TRUE  
[1.214s] -- Found kdl_parser: 2.4.1 (/opt/ros/foxy/share/kdl_parser/cmake)
[1.218s] -- Found random_numbers: 2.0.1 (/opt/ros/foxy/share/random_numbers/cmake)
[1.226s] -- Found pluginlib: 2.5.4 (/opt/ros/foxy/share/pluginlib/cmake)
[1.239s] -- Found moveit_core: 2.2.3 (/home/mu/IVG/ws_moveit/install/moveit_core/share/moveit_core/cmake)
[1.261s] -- Found Boost: /usr/lib/x86_64-linux-gnu/cmake/Boost-1.71.0/BoostConfig.cmake (found version "1.71.0") found components: chrono date_time filesystem iostreams program_options regex serialization system thread 
[1.277s] -- Found Boost: /usr/lib/x86_64-linux-gnu/cmake/Boost-1.71.0/BoostConfig.cmake (found version "1.71.0") found components: filesystem 
[1.343s] -- library: /usr/lib/x86_64-linux-gnu/libcurl.so
[2.502s] -- Found moveit_ros_planning: 2.2.3 (/home/mu/IVG/ws_moveit/install/moveit_ros_planning/share/moveit_ros_planning/cmake)
[2.506s] -- Found Boost: /usr/lib/x86_64-linux-gnu/cmake/Boost-1.71.0/BoostConfig.cmake (found version "1.71.0") found components: system filesystem date_time program_options thread chrono 
[2.683s] -- Found Boost: /usr/lib/x86_64-linux-gnu/cmake/Boost-1.71.0/BoostConfig.cmake (found version "1.71.0") found components: thread 
[3.135s] -- Found Boost: /usr/lib/x86_64-linux-gnu/cmake/Boost-1.71.0/BoostConfig.cmake (found version "1.71.0") found components: program_options system 
[3.154s] -- Found Boost: /usr/lib/x86_64-linux-gnu/cmake/Boost-1.71.0/BoostConfig.cmake (found version "1.71.0") found components: filesystem program_options 
[3.204s] -- Found ament_cmake_gtest: 0.9.12 (/opt/ros/foxy/share/ament_cmake_gtest/cmake)
[3.206s] -- Found ros_testing: 0.2.1 (/opt/ros/foxy/share/ros_testing/cmake)
[3.207s] -- Found launch_testing_ament_cmake: 0.10.10 (/opt/ros/foxy/share/launch_testing_ament_cmake/cmake)
[3.208s] -- Found python_cmake_module: 0.8.1 (/opt/ros/foxy/share/python_cmake_module/cmake)
[3.223s] -- Found PythonInterp: /usr/bin/python3 (found suitable version "3.8.10", minimum required is "3.5") 
[3.227s] -- Found PythonLibs: /usr/lib/x86_64-linux-gnu/libpython3.8.so (found suitable version "3.8.10", minimum required is "3.5") 
[3.228s] -- Using PYTHON_EXECUTABLE: /usr/bin/python3
[3.228s] -- Using PYTHON_INCLUDE_DIRS: /usr/include/python3.8
[3.228s] -- Using PYTHON_LIBRARIES: /usr/lib/x86_64-linux-gnu/libpython3.8.so
[3.243s] -- Found PythonExtra: .so  
[3.244s] -- Found moveit_resources_fanuc_description: 2.0.3 (/opt/ros/foxy/share/moveit_resources_fanuc_description/cmake)
[3.252s] CMake Error at test/CMakeLists.txt:5 (find_package):
[3.252s]   By not providing "Findmoveit_resources_fanuc_moveit_config.cmake" in
[3.252s]   CMAKE_MODULE_PATH this project has asked CMake to find a package
[3.252s]   configuration file provided by "moveit_resources_fanuc_moveit_config", but
[3.252s]   CMake did not find one.
[3.252s] 
[3.252s]   Could not find a package configuration file provided by
[3.252s]   "moveit_resources_fanuc_moveit_config" with any of the following names:
[3.252s] 
[3.252s]     moveit_resources_fanuc_moveit_configConfig.cmake
[3.253s]     moveit_resources_fanuc_moveit_config-config.cmake
[3.253s] 
[3.253s]   Add the installation prefix of "moveit_resources_fanuc_moveit_config" to
[3.253s]   CMAKE_PREFIX_PATH or set "moveit_resources_fanuc_moveit_config_DIR" to a
[3.253s]   directory containing one of the above files.  If
[3.253s]   "moveit_resources_fanuc_moveit_config" provides a separate development
[3.253s]   package or SDK, be sure it has been installed.
[3.253s] 
[3.253s] 
[3.255s] -- Configuring incomplete, errors occurred!
[3.255s] See also "/home/mu/IVG/ws_moveit/build/moveit_kinematics/CMakeFiles/CMakeOutput.log".
[3.255s] See also "/home/mu/IVG/ws_moveit/build/moveit_kinematics/CMakeFiles/CMakeError.log".
[3.266s] Invoked command in '/home/mu/IVG/ws_moveit/build/moveit_kinematics' returned '1': AMENT_PREFIX_PATH=/home/mu/IVG/ws_moveit/install/moveit_ros_planning:/home/mu/IVG/ws_moveit/install/moveit_ros_occupancy_map_monitor:/home/mu/IVG/ws_moveit/install/moveit_core:/home/mu/IVG/ws_moveit/install/moveit_common:${AMENT_PREFIX_PATH} CMAKE_PREFIX_PATH=/home/mu/IVG/ws_moveit/install/moveit_ros_planning:/home/mu/IVG/ws_moveit/install/moveit_ros_occupancy_map_monitor:/home/mu/IVG/ws_moveit/install/moveit_core:/home/mu/IVG/ws_moveit/install/moveit_common:/home/mu/IVG/ws_moveit/install/moveit2_tutorials:/home/mu/IVG/ws_moveit/install/moveit_visual_tools:/home/mu/IVG/ws_moveit/install/rviz_visual_tools:/opt/ros/foxy LD_LIBRARY_PATH=/home/mu/IVG/ws_moveit/install/moveit_ros_planning/lib:/home/mu/IVG/ws_moveit/install/moveit_ros_occupancy_map_monitor/lib:/home/mu/IVG/ws_moveit/install/moveit_core/lib:${LD_LIBRARY_PATH} PATH=/home/mu/IVG/ws_moveit/install/moveit_core/bin:${PATH} /usr/bin/cmake /home/mu/IVG/ws_moveit/src/moveit2/moveit_kinematics -DCMAKE_BUILD_TYPE=Release -DCMAKE_INSTALL_PREFIX=/home/mu/IVG/ws_moveit/install/moveit_kinematics
