[0.012s] Invoking command in '/home/mu/IVG/ws_moveit/build/rviz_visual_tools': CMAKE_PREFIX_PATH=${CMAKE_PREFIX_PATH}:/opt/ros/foxy /usr/bin/cmake --build /home/mu/IVG/ws_moveit/build/rviz_visual_tools -- -j32 -l32
[0.036s] [  5%] [34m[1mAutomatic MOC for target gtest[0m
[0.036s] [  5%] [34m[1mAutomatic MOC for target rviz_visual_tools_remote_control[0m
[0.036s] [  7%] [34m[1mAutomatic MOC for target gtest_main[0m
[0.037s] [ 10%] [34m[1mAutomatic MOC for target rviz_visual_tools_gui[0m
[0.044s] [ 10%] Built target gtest_autogen
[0.045s] [ 10%] Built target rviz_visual_tools_remote_control_autogen
[0.045s] [ 10%] Built target gtest_main_autogen
[0.045s] [ 10%] Built target rviz_visual_tools_gui_autogen
[0.055s] [ 17%] Built target gtest
[0.055s] [ 25%] Built target gtest_main
[0.060s] [ 33%] Built target rviz_visual_tools_remote_control
[0.067s] [ 46%] Built target rviz_visual_tools_gui
[0.069s] [ 48%] [34m[1mAutomatic MOC for target rviz_visual_tools[0m
[0.077s] [ 48%] Built target rviz_visual_tools_autogen
[0.097s] [ 58%] Built target rviz_visual_tools
[0.107s] [ 64%] [34m[1mAutomatic MOC for target rviz_visual_tools_imarker_simple[0m
[0.107s] [ 61%] [34m[1mAutomatic MOC for target rviz_visual_tools_demo[0m
[0.107s] [ 66%] [34m[1mAutomatic MOC for target rviz_visual_tools_rvt_test[0m
[0.116s] [ 66%] Built target rviz_visual_tools_imarker_simple_autogen
[0.116s] [ 66%] Built target rviz_visual_tools_demo_autogen
[0.117s] [ 66%] Built target rviz_visual_tools_rvt_test_autogen
[0.134s] [ 79%] Built target rviz_visual_tools_rvt_test
[0.134s] [ 82%] Built target rviz_visual_tools_demo
[0.134s] [ 89%] Built target rviz_visual_tools_imarker_simple
[0.144s] [ 92%] [34m[1mAutomatic MOC for target rviz_visual_tools_imarker_simple_demo[0m
[0.153s] [ 92%] Built target rviz_visual_tools_imarker_simple_demo_autogen
[0.172s] [100%] Built target rviz_visual_tools_imarker_simple_demo
[0.178s] Invoked command in '/home/mu/IVG/ws_moveit/build/rviz_visual_tools' returned '0': CMAKE_PREFIX_PATH=${CMAKE_PREFIX_PATH}:/opt/ros/foxy /usr/bin/cmake --build /home/mu/IVG/ws_moveit/build/rviz_visual_tools -- -j32 -l32
[0.184s] Invoking command in '/home/mu/IVG/ws_moveit/build/rviz_visual_tools': CMAKE_PREFIX_PATH=${CMAKE_PREFIX_PATH}:/opt/ros/foxy /usr/bin/cmake --install /home/mu/IVG/ws_moveit/build/rviz_visual_tools
[0.189s] -- Install configuration: "Release"
[0.189s] -- Up-to-date: /home/mu/IVG/ws_moveit/install/rviz_visual_tools/share/rviz_visual_tools/plugin_description.xml
[0.189s] -- Up-to-date: /home/mu/IVG/ws_moveit/install/rviz_visual_tools/lib/librviz_visual_tools.so
[0.189s] -- Up-to-date: /home/mu/IVG/ws_moveit/install/rviz_visual_tools/lib/librviz_visual_tools_remote_control.so
[0.189s] -- Up-to-date: /home/mu/IVG/ws_moveit/install/rviz_visual_tools/lib/librviz_visual_tools_gui.so
[0.189s] -- Up-to-date: /home/mu/IVG/ws_moveit/install/rviz_visual_tools/lib/librviz_visual_tools_imarker_simple.so
[0.189s] -- Up-to-date: /home/mu/IVG/ws_moveit/install/rviz_visual_tools/lib/rviz_visual_tools/rviz_visual_tools_demo
[0.189s] -- Up-to-date: /home/mu/IVG/ws_moveit/install/rviz_visual_tools/lib/rviz_visual_tools/rviz_visual_tools_imarker_simple_demo
[0.189s] -- Up-to-date: /home/mu/IVG/ws_moveit/install/rviz_visual_tools/include
[0.189s] -- Up-to-date: /home/mu/IVG/ws_moveit/install/rviz_visual_tools/include/rviz_visual_tools
[0.189s] -- Up-to-date: /home/mu/IVG/ws_moveit/install/rviz_visual_tools/include/rviz_visual_tools/rviz_visual_tools.hpp
[0.189s] -- Up-to-date: /home/mu/IVG/ws_moveit/install/rviz_visual_tools/include/rviz_visual_tools/remote_control.hpp
[0.189s] -- Up-to-date: /home/mu/IVG/ws_moveit/install/rviz_visual_tools/include/rviz_visual_tools/remote_reciever.hpp
[0.189s] -- Up-to-date: /home/mu/IVG/ws_moveit/install/rviz_visual_tools/include/rviz_visual_tools/imarker_simple.hpp
[0.189s] -- Up-to-date: /home/mu/IVG/ws_moveit/install/rviz_visual_tools/include/rviz_visual_tools/rviz_visual_tools_gui.hpp
[0.190s] -- Up-to-date: /home/mu/IVG/ws_moveit/install/rviz_visual_tools/include/rviz_visual_tools/tf_visual_tools.hpp
[0.190s] -- Up-to-date: /home/mu/IVG/ws_moveit/install/rviz_visual_tools/include/rviz_visual_tools/key_tool.hpp
[0.190s] -- Up-to-date: /home/mu/IVG/ws_moveit/install/rviz_visual_tools/share/rviz_visual_tools/launch
[0.190s] -- Up-to-date: /home/mu/IVG/ws_moveit/install/rviz_visual_tools/share/rviz_visual_tools/launch/demo.rviz
[0.190s] -- Up-to-date: /home/mu/IVG/ws_moveit/install/rviz_visual_tools/share/rviz_visual_tools/launch/demo_rviz.launch.py
[0.190s] -- Up-to-date: /home/mu/IVG/ws_moveit/install/rviz_visual_tools/share/rviz_visual_tools/launch/rvt_test.launch
[0.190s] -- Up-to-date: /home/mu/IVG/ws_moveit/install/rviz_visual_tools/share/rviz_visual_tools/launch/demo_combined.launch.py
[0.190s] -- Up-to-date: /home/mu/IVG/ws_moveit/install/rviz_visual_tools/share/rviz_visual_tools/environment/library_path.sh
[0.190s] -- Up-to-date: /home/mu/IVG/ws_moveit/install/rviz_visual_tools/share/rviz_visual_tools/environment/library_path.dsv
[0.190s] -- Up-to-date: /home/mu/IVG/ws_moveit/install/rviz_visual_tools/share/ament_index/resource_index/package_run_dependencies/rviz_visual_tools
[0.190s] -- Up-to-date: /home/mu/IVG/ws_moveit/install/rviz_visual_tools/share/ament_index/resource_index/parent_prefix_path/rviz_visual_tools
[0.190s] -- Up-to-date: /home/mu/IVG/ws_moveit/install/rviz_visual_tools/share/rviz_visual_tools/environment/ament_prefix_path.sh
[0.190s] -- Up-to-date: /home/mu/IVG/ws_moveit/install/rviz_visual_tools/share/rviz_visual_tools/environment/ament_prefix_path.dsv
[0.190s] -- Up-to-date: /home/mu/IVG/ws_moveit/install/rviz_visual_tools/share/rviz_visual_tools/environment/path.sh
[0.190s] -- Up-to-date: /home/mu/IVG/ws_moveit/install/rviz_visual_tools/share/rviz_visual_tools/environment/path.dsv
[0.190s] -- Up-to-date: /home/mu/IVG/ws_moveit/install/rviz_visual_tools/share/rviz_visual_tools/local_setup.bash
[0.190s] -- Up-to-date: /home/mu/IVG/ws_moveit/install/rviz_visual_tools/share/rviz_visual_tools/local_setup.sh
[0.190s] -- Up-to-date: /home/mu/IVG/ws_moveit/install/rviz_visual_tools/share/rviz_visual_tools/local_setup.zsh
[0.190s] -- Up-to-date: /home/mu/IVG/ws_moveit/install/rviz_visual_tools/share/rviz_visual_tools/local_setup.dsv
[0.190s] -- Installing: /home/mu/IVG/ws_moveit/install/rviz_visual_tools/share/rviz_visual_tools/package.dsv
[0.190s] -- Up-to-date: /home/mu/IVG/ws_moveit/install/rviz_visual_tools/share/ament_index/resource_index/packages/rviz_visual_tools
[0.190s] -- Up-to-date: /home/mu/IVG/ws_moveit/install/rviz_visual_tools/share/ament_index/resource_index/rviz_common__pluginlib__plugin/rviz_visual_tools
[0.190s] -- Up-to-date: /home/mu/IVG/ws_moveit/install/rviz_visual_tools/share/rviz_visual_tools/cmake/ament_cmake_export_dependencies-extras.cmake
[0.190s] -- Up-to-date: /home/mu/IVG/ws_moveit/install/rviz_visual_tools/share/rviz_visual_tools/cmake/ament_cmake_export_include_directories-extras.cmake
[0.190s] -- Up-to-date: /home/mu/IVG/ws_moveit/install/rviz_visual_tools/share/rviz_visual_tools/cmake/ament_cmake_export_libraries-extras.cmake
[0.190s] -- Up-to-date: /home/mu/IVG/ws_moveit/install/rviz_visual_tools/share/rviz_visual_tools/cmake/rviz_visual_toolsConfig.cmake
[0.190s] -- Up-to-date: /home/mu/IVG/ws_moveit/install/rviz_visual_tools/share/rviz_visual_tools/cmake/rviz_visual_toolsConfig-version.cmake
[0.190s] -- Up-to-date: /home/mu/IVG/ws_moveit/install/rviz_visual_tools/share/rviz_visual_tools/package.xml
[0.191s] Invoked command in '/home/mu/IVG/ws_moveit/build/rviz_visual_tools' returned '0': CMAKE_PREFIX_PATH=${CMAKE_PREFIX_PATH}:/opt/ros/foxy /usr/bin/cmake --install /home/mu/IVG/ws_moveit/build/rviz_visual_tools
