[0.011s] Invoking command in '/home/mu/IVG/ws_moveit/build/rviz_visual_tools': CMAKE_PREFIX_PATH=${CMAKE_PREFIX_PATH}:/opt/ros/foxy /usr/bin/cmake /home/mu/IVG/ws_moveit/src/rviz_visual_tools -DCMAKE_INSTALL_PREFIX=/home/mu/IVG/ws_moveit/install/rviz_visual_tools
[0.038s] -- The C compiler identification is GNU 9.4.0
[0.064s] -- The CXX compiler identification is GNU 9.4.0
[0.067s] -- Check for working C compiler: /usr/bin/cc
[0.101s] -- Check for working C compiler: /usr/bin/cc -- works
[0.101s] -- Detecting C compiler ABI info
[0.134s] -- Detecting C compiler ABI info - done
[0.139s] -- Detecting C compile features
[0.140s] -- Detecting C compile features - done
[0.141s] -- Check for working CXX compiler: /usr/bin/c++
[0.178s] -- Check for working CXX compiler: /usr/bin/c++ -- works
[0.179s] -- Detecting CXX compiler ABI info
[0.216s] -- Detecting CXX compiler ABI info - done
[0.222s] -- Detecting CXX compile features
[0.222s] -- Detecting CXX compile features - done
[0.223s] -- Found ament_cmake: 0.9.12 (/opt/ros/foxy/share/ament_cmake/cmake)
[0.235s] -- Found PythonInterp: /usr/bin/python3 (found suitable version "3.8.10", minimum required is "3") 
[0.235s] -- Using PYTHON_EXECUTABLE: /usr/bin/python3
[0.322s] -- Found rclcpp: 2.4.3 (/opt/ros/foxy/share/rclcpp/cmake)
[0.344s] -- Using all available rosidl_typesupport_c: rosidl_typesupport_fastrtps_c;rosidl_typesupport_introspection_c
[0.347s] -- Found rosidl_adapter: 1.3.1 (/opt/ros/foxy/share/rosidl_adapter/cmake)
[0.386s] -- Found OpenSSL: /usr/lib/x86_64-linux-gnu/libcrypto.so (found version "1.1.1f")  
[0.400s] -- Found FastRTPS: /opt/ros/foxy/include  
[0.437s] -- Using all available rosidl_typesupport_cpp: rosidl_typesupport_fastrtps_cpp;rosidl_typesupport_introspection_cpp
[0.467s] -- Found rmw_implementation_cmake: 1.0.4 (/opt/ros/foxy/share/rmw_implementation_cmake/cmake)
[0.468s] -- Using RMW implementation 'rmw_fastrtps_cpp' as default
[0.469s] -- Looking for pthread.h
[0.504s] -- Looking for pthread.h - found
[0.504s] -- Performing Test CMAKE_HAVE_LIBC_PTHREAD
[0.539s] -- Performing Test CMAKE_HAVE_LIBC_PTHREAD - Failed
[0.539s] -- Looking for pthread_create in pthreads
[0.567s] -- Looking for pthread_create in pthreads - not found
[0.567s] -- Looking for pthread_create in pthread
[0.599s] -- Looking for pthread_create in pthread - found
[0.600s] -- Found Threads: TRUE  
[0.673s] -- Found rclcpp_components: 2.4.3 (/opt/ros/foxy/share/rclcpp_components/cmake)
[0.702s] -- Found rviz_ogre_vendor: 8.2.8 (/opt/ros/foxy/share/rviz_ogre_vendor/cmake)
[0.702s] -- Setting OGRE_DIR to: '/opt/ros/foxy/share/rviz_ogre_vendor/cmake/../../../opt/rviz_ogre_vendor/lib/OGRE/cmake'
[0.704s] -- Found OGRE
[0.704s] --   static     : OFF
[0.704s] --   components : HLMS;MeshLodGenerator;Overlay;Paging;Property;RTShaderSystem;Terrain;Volume
[0.704s] --   plugins    : Plugin_BSPSceneManager;Plugin_OctreeSceneManager;Plugin_PCZSceneManager;Plugin_ParticleFX;RenderSystem_GL;RenderSystem_GL3Plus;Codec_STBI
[0.704s] --   media      : /opt/ros/foxy/opt/rviz_ogre_vendor/share/OGRE/Media
[0.704s] -- OGRE_LIBRARIES: OgreHLMS;OgreMeshLodGenerator;OgreOverlay;OgrePaging;OgreProperty;OgreRTShaderSystem;OgreTerrain;OgreVolume;OgreMain
[0.704s] -- OGRE_LIBRARY_DIRS: /opt/ros/foxy/opt/rviz_ogre_vendor/lib
[0.704s] -- OGRE_PLUGINS: Plugin_BSPSceneManager;Plugin_OctreeSceneManager;Plugin_PCZSceneManager;Plugin_ParticleFX;RenderSystem_GL;RenderSystem_GL3Plus;Codec_STBI
[0.704s] -- OGRE_PLUGIN_DIR: /opt/ros/foxy/opt/rviz_ogre_vendor/lib/OGRE
[0.704s] -- rviz_ogre_vendor::OgreOverlay for IMPORTED_LOCATION_RELEASE: /opt/ros/foxy/opt/rviz_ogre_vendor/lib/libOgreOverlay.so
[0.704s] -- rviz_ogre_vendor::OgreOverlay for IMPORTED_LOCATION_DEBUG: /opt/ros/foxy/opt/rviz_ogre_vendor/lib/libOgreOverlay.so
[0.704s] -- rviz_ogre_vendor::OgreMain for IMPORTED_LOCATION_RELEASE: /opt/ros/foxy/opt/rviz_ogre_vendor/lib/libOgreMain.so
[0.704s] -- rviz_ogre_vendor::OgreMain for IMPORTED_LOCATION_DEBUG: /opt/ros/foxy/opt/rviz_ogre_vendor/lib/libOgreMain.so
[0.716s] -- Found ZLIB: /usr/lib/x86_64-linux-gnu/libz.so (found version "1.2.11") 
[0.720s] -- Found OpenGL: /usr/lib/x86_64-linux-gnu/libOpenGL.so   
[0.770s] -- Found X11: /usr/include   
[0.770s] -- Looking for XOpenDisplay in /usr/lib/x86_64-linux-gnu/libX11.so;/usr/lib/x86_64-linux-gnu/libXext.so
[0.805s] -- Looking for XOpenDisplay in /usr/lib/x86_64-linux-gnu/libX11.so;/usr/lib/x86_64-linux-gnu/libXext.so - found
[0.806s] -- Looking for gethostbyname
[0.839s] -- Looking for gethostbyname - found
[0.839s] -- Looking for connect
[0.873s] -- Looking for connect - found
[0.873s] -- Looking for remove
[0.905s] -- Looking for remove - found
[0.906s] -- Looking for shmat
[0.937s] -- Looking for shmat - found
[0.937s] -- Looking for IceConnectionNumber in ICE
[0.972s] -- Looking for IceConnectionNumber in ICE - found
[0.974s] -- rviz_ogre_vendor::RenderSystem_GL for IMPORTED_LOCATION_RELEASE: _render_system_gl_static_library_abs-NOTFOUND
[0.974s] -- rviz_ogre_vendor::RenderSystem_GL for IMPORTED_LOCATION_DEBUG: _render_system_gl_static_library_abs-NOTFOUND
[0.975s] -- Found sensor_msgs: 2.0.5 (/opt/ros/foxy/share/sensor_msgs/cmake)
[1.031s] -- Found shape_msgs: 2.0.5 (/opt/ros/foxy/share/shape_msgs/cmake)
[1.062s] -- Found visualization_msgs: 2.0.5 (/opt/ros/foxy/share/visualization_msgs/cmake)
[1.097s] -- Found trajectory_msgs: 2.0.5 (/opt/ros/foxy/share/trajectory_msgs/cmake)
[1.133s] -- Found eigen3_cmake_module: 0.1.1 (/opt/ros/foxy/share/eigen3_cmake_module/cmake)
[1.133s] -- Found eigen_stl_containers: 1.0.0 (/opt/ros/foxy/share/eigen_stl_containers/cmake)
[1.135s] -- Found Eigen3: TRUE (found version "3.3.7") 
[1.137s] -- Found PkgConfig: /usr/bin/pkg-config (found version "0.29.1") 
[1.138s] -- Found tf2: 0.13.14 (/opt/ros/foxy/share/tf2/cmake)
[1.143s] -- Found tf2_eigen: 0.13.14 (/opt/ros/foxy/share/tf2_eigen/cmake)
[1.282s] -- Found tf2_geometry_msgs: 0.13.14 (/opt/ros/foxy/share/tf2_geometry_msgs/cmake)
[1.298s] -- Found pluginlib: 2.5.4 (/opt/ros/foxy/share/pluginlib/cmake)
[1.308s] -- Found interactive_markers: 2.1.3 (/opt/ros/foxy/share/interactive_markers/cmake)
[1.319s] -- Found rviz_common: 8.2.8 (/opt/ros/foxy/share/rviz_common/cmake)
[1.326s] -- library: libassimp.so.5
[1.364s] -- library: /usr/lib/x86_64-linux-gnu/libcurl.so
[1.401s] -- Setting yaml-cpp_DIR to: '/opt/ros/foxy/share/yaml_cpp_vendor/cmake/../../../opt/yaml_cpp_vendor/lib/cmake/yaml-cpp'
[1.403s] -- Found rviz_default_plugins: 8.2.8 (/opt/ros/foxy/share/rviz_default_plugins/cmake)
[1.617s] -- Found ament_cmake_gtest: 0.9.12 (/opt/ros/foxy/share/ament_cmake_gtest/cmake)
[1.618s] -- Found gtest sources under '/opt/ros/foxy/src/gtest_vendor': C++ tests using 'Google Test' will be built
[1.619s] -- Check if compiler accepts -pthread
[1.655s] -- Check if compiler accepts -pthread - yes
[1.687s] -- Configuring done
[1.759s] -- Generating done
[1.778s] -- Build files have been written to: /home/mu/IVG/ws_moveit/build/rviz_visual_tools
[1.784s] Invoked command in '/home/mu/IVG/ws_moveit/build/rviz_visual_tools' returned '0': CMAKE_PREFIX_PATH=${CMAKE_PREFIX_PATH}:/opt/ros/foxy /usr/bin/cmake /home/mu/IVG/ws_moveit/src/rviz_visual_tools -DCMAKE_INSTALL_PREFIX=/home/mu/IVG/ws_moveit/install/rviz_visual_tools
[1.786s] Invoking command in '/home/mu/IVG/ws_moveit/build/rviz_visual_tools': CMAKE_PREFIX_PATH=${CMAKE_PREFIX_PATH}:/opt/ros/foxy /usr/bin/cmake --build /home/mu/IVG/ws_moveit/build/rviz_visual_tools -- -j32 -l32
[1.806s] [35m[1mScanning dependencies of target rviz_visual_tools_remote_control_autogen[0m
[1.807s] [35m[1mScanning dependencies of target gtest_autogen[0m
[1.807s] [35m[1mScanning dependencies of target gtest_main_autogen[0m
[1.807s] [35m[1mScanning dependencies of target rviz_visual_tools_gui_autogen[0m
[1.811s] [  2%] [34m[1mAutomatic MOC for target gtest[0m
[1.811s] [  5%] [34m[1mAutomatic MOC for target rviz_visual_tools_remote_control[0m
[1.811s] [  7%] [34m[1mAutomatic MOC for target gtest_main[0m
[1.811s] [ 10%] [34m[1mAutomatic MOC for target rviz_visual_tools_gui[0m
[1.821s] [ 10%] Built target rviz_visual_tools_remote_control_autogen
[1.821s] [ 10%] Built target gtest_autogen
[1.821s] [ 10%] Built target gtest_main_autogen
[1.826s] [35m[1mScanning dependencies of target rviz_visual_tools_remote_control[0m
[1.826s] [35m[1mScanning dependencies of target gtest_main[0m
[1.826s] [35m[1mScanning dependencies of target gtest[0m
[1.833s] [ 15%] [32mBuilding CXX object gtest/CMakeFiles/gtest_main.dir/src/gtest_main.cc.o[0m
[1.834s] [ 15%] [32mBuilding CXX object gtest/CMakeFiles/gtest_main.dir/gtest_main_autogen/mocs_compilation.cpp.o[0m
[1.834s] [ 17%] [32mBuilding CXX object gtest/CMakeFiles/gtest.dir/gtest_autogen/mocs_compilation.cpp.o[0m
[1.834s] [ 20%] [32mBuilding CXX object gtest/CMakeFiles/gtest.dir/src/gtest-all.cc.o[0m
[1.845s] [ 23%] [32mBuilding CXX object CMakeFiles/rviz_visual_tools_remote_control.dir/src/remote_control.cpp.o[0m
[1.845s] [ 25%] [32mBuilding CXX object CMakeFiles/rviz_visual_tools_remote_control.dir/rviz_visual_tools_remote_control_autogen/mocs_compilation.cpp.o[0m
[1.896s] [ 25%] Built target rviz_visual_tools_gui_autogen
[1.901s] [35m[1mScanning dependencies of target rviz_visual_tools_gui[0m
[1.939s] [ 28%] [32mBuilding CXX object CMakeFiles/rviz_visual_tools_gui.dir/rviz_visual_tools_gui_autogen/mocs_compilation.cpp.o[0m
[1.939s] [ 30%] [32mBuilding CXX object CMakeFiles/rviz_visual_tools_gui.dir/src/rviz_visual_tools_gui.cpp.o[0m
[1.942s] [ 33%] [32mBuilding CXX object CMakeFiles/rviz_visual_tools_gui.dir/src/key_tool.cpp.o[0m
[1.942s] [ 35%] [32mBuilding CXX object CMakeFiles/rviz_visual_tools_gui.dir/src/remote_control.cpp.o[0m
[2.154s] [ 38%] [32m[1mLinking CXX static library libgtest_main.a[0m
[2.170s] [ 38%] Built target gtest_main
[3.444s] [ 41%] [32m[1mLinking CXX static library libgtest.a[0m
[3.478s] [ 41%] Built target gtest
[4.362s] [ 43%] [32m[1mLinking CXX shared library librviz_visual_tools_remote_control.so[0m
[4.520s] [ 43%] Built target rviz_visual_tools_remote_control
[4.530s] [35m[1mScanning dependencies of target rviz_visual_tools_autogen[0m
[4.532s] [ 46%] [32m[1mLinking CXX shared library librviz_visual_tools_gui.so[0m
[4.539s] [ 48%] [34m[1mAutomatic MOC for target rviz_visual_tools[0m
[4.559s] [ 48%] Built target rviz_visual_tools_autogen
[4.569s] [35m[1mScanning dependencies of target rviz_visual_tools[0m
[4.640s] [ 51%] [32mBuilding CXX object CMakeFiles/rviz_visual_tools.dir/rviz_visual_tools_autogen/mocs_compilation.cpp.o[0m
[4.647s] [ 56%] [32mBuilding CXX object CMakeFiles/rviz_visual_tools.dir/src/rviz_visual_tools.cpp.o[0m
[4.647s] [ 56%] [32mBuilding CXX object CMakeFiles/rviz_visual_tools.dir/src/tf_visual_tools.cpp.o[0m
[5.311s] [ 56%] Built target rviz_visual_tools_gui
[12.789s] [ 58%] [32m[1mLinking CXX shared library librviz_visual_tools.so[0m
[13.123s] [ 58%] Built target rviz_visual_tools
[13.128s] [35m[1mScanning dependencies of target rviz_visual_tools_imarker_simple_autogen[0m
[13.128s] [35m[1mScanning dependencies of target rviz_visual_tools_demo_autogen[0m
[13.128s] [35m[1mScanning dependencies of target rviz_visual_tools_rvt_test_autogen[0m
[13.133s] [ 64%] [34m[1mAutomatic MOC for target rviz_visual_tools_imarker_simple[0m
[13.133s] [ 64%] [34m[1mAutomatic MOC for target rviz_visual_tools_demo[0m
[13.133s] [ 66%] [34m[1mAutomatic MOC for target rviz_visual_tools_rvt_test[0m
[13.143s] [ 66%] Built target rviz_visual_tools_imarker_simple_autogen
[13.143s] [ 66%] Built target rviz_visual_tools_rvt_test_autogen
[13.143s] [ 66%] Built target rviz_visual_tools_demo_autogen
[13.148s] [35m[1mScanning dependencies of target rviz_visual_tools_rvt_test[0m
[13.148s] [35m[1mScanning dependencies of target rviz_visual_tools_demo[0m
[13.148s] [35m[1mScanning dependencies of target rviz_visual_tools_imarker_simple[0m
[13.177s] [ 69%] [32mBuilding CXX object CMakeFiles/rviz_visual_tools_demo.dir/rviz_visual_tools_demo_autogen/mocs_compilation.cpp.o[0m
[13.179s] [ 71%] [32mBuilding CXX object CMakeFiles/rviz_visual_tools_imarker_simple.dir/rviz_visual_tools_imarker_simple_autogen/mocs_compilation.cpp.o[0m
[13.179s] [ 74%] [32mBuilding CXX object CMakeFiles/rviz_visual_tools_rvt_test.dir/rviz_visual_tools_rvt_test_autogen/mocs_compilation.cpp.o[0m
[13.182s] [ 76%] [32mBuilding CXX object CMakeFiles/rviz_visual_tools_demo.dir/src/rviz_visual_tools_demo.cpp.o[0m
[13.182s] [ 79%] [32mBuilding CXX object CMakeFiles/rviz_visual_tools_imarker_simple.dir/src/imarker_simple.cpp.o[0m
[13.182s] [ 82%] [32mBuilding CXX object CMakeFiles/rviz_visual_tools_rvt_test.dir/tests/rvt_test.cpp.o[0m
[14.720s] [ 84%] [32m[1mLinking CXX shared library librviz_visual_tools_imarker_simple.so[0m
[14.929s] [ 84%] Built target rviz_visual_tools_imarker_simple
[14.935s] [35m[1mScanning dependencies of target rviz_visual_tools_imarker_simple_demo_autogen[0m
[14.941s] [ 87%] [34m[1mAutomatic MOC for target rviz_visual_tools_imarker_simple_demo[0m
[14.953s] [ 87%] Built target rviz_visual_tools_imarker_simple_demo_autogen
[14.960s] [35m[1mScanning dependencies of target rviz_visual_tools_imarker_simple_demo[0m
[14.996s] [ 89%] [32mBuilding CXX object CMakeFiles/rviz_visual_tools_imarker_simple_demo.dir/rviz_visual_tools_imarker_simple_demo_autogen/mocs_compilation.cpp.o[0m
[15.002s] [ 92%] [32mBuilding CXX object CMakeFiles/rviz_visual_tools_imarker_simple_demo.dir/src/imarker_simple_demo.cpp.o[0m
[15.108s] [ 94%] [32m[1mLinking CXX executable rviz_visual_tools_demo[0m
[15.333s] [ 94%] Built target rviz_visual_tools_demo
[15.977s] [ 97%] [32m[1mLinking CXX executable rviz_visual_tools_rvt_test[0m
[16.298s] [ 97%] Built target rviz_visual_tools_rvt_test
[16.531s] [100%] [32m[1mLinking CXX executable rviz_visual_tools_imarker_simple_demo[0m
[16.741s] [100%] Built target rviz_visual_tools_imarker_simple_demo
[16.749s] Invoked command in '/home/mu/IVG/ws_moveit/build/rviz_visual_tools' returned '0': CMAKE_PREFIX_PATH=${CMAKE_PREFIX_PATH}:/opt/ros/foxy /usr/bin/cmake --build /home/mu/IVG/ws_moveit/build/rviz_visual_tools -- -j32 -l32
[16.752s] Invoking command in '/home/mu/IVG/ws_moveit/build/rviz_visual_tools': CMAKE_PREFIX_PATH=${CMAKE_PREFIX_PATH}:/opt/ros/foxy /usr/bin/cmake --install /home/mu/IVG/ws_moveit/build/rviz_visual_tools
[16.756s] -- Install configuration: ""
[16.756s] -- Installing: /home/mu/IVG/ws_moveit/install/rviz_visual_tools/share/rviz_visual_tools/plugin_description.xml
[16.757s] -- Installing: /home/mu/IVG/ws_moveit/install/rviz_visual_tools/lib/librviz_visual_tools.so
[16.761s] -- Set runtime path of "/home/mu/IVG/ws_moveit/install/rviz_visual_tools/lib/librviz_visual_tools.so" to ""
[16.761s] -- Installing: /home/mu/IVG/ws_moveit/install/rviz_visual_tools/lib/librviz_visual_tools_remote_control.so
[16.762s] -- Set runtime path of "/home/mu/IVG/ws_moveit/install/rviz_visual_tools/lib/librviz_visual_tools_remote_control.so" to ""
[16.762s] -- Installing: /home/mu/IVG/ws_moveit/install/rviz_visual_tools/lib/librviz_visual_tools_gui.so
[16.764s] -- Set runtime path of "/home/mu/IVG/ws_moveit/install/rviz_visual_tools/lib/librviz_visual_tools_gui.so" to ""
[16.764s] -- Installing: /home/mu/IVG/ws_moveit/install/rviz_visual_tools/lib/librviz_visual_tools_imarker_simple.so
[16.764s] -- Set runtime path of "/home/mu/IVG/ws_moveit/install/rviz_visual_tools/lib/librviz_visual_tools_imarker_simple.so" to ""
[16.765s] -- Installing: /home/mu/IVG/ws_moveit/install/rviz_visual_tools/lib/rviz_visual_tools/rviz_visual_tools_demo
[16.765s] -- Set runtime path of "/home/mu/IVG/ws_moveit/install/rviz_visual_tools/lib/rviz_visual_tools/rviz_visual_tools_demo" to ""
[16.765s] -- Installing: /home/mu/IVG/ws_moveit/install/rviz_visual_tools/lib/rviz_visual_tools/rviz_visual_tools_imarker_simple_demo
[16.766s] -- Set runtime path of "/home/mu/IVG/ws_moveit/install/rviz_visual_tools/lib/rviz_visual_tools/rviz_visual_tools_imarker_simple_demo" to ""
[16.766s] -- Installing: /home/mu/IVG/ws_moveit/install/rviz_visual_tools/include
[16.766s] -- Installing: /home/mu/IVG/ws_moveit/install/rviz_visual_tools/include/rviz_visual_tools
[16.766s] -- Installing: /home/mu/IVG/ws_moveit/install/rviz_visual_tools/include/rviz_visual_tools/rviz_visual_tools.hpp
[16.766s] -- Installing: /home/mu/IVG/ws_moveit/install/rviz_visual_tools/include/rviz_visual_tools/remote_control.hpp
[16.766s] -- Installing: /home/mu/IVG/ws_moveit/install/rviz_visual_tools/include/rviz_visual_tools/remote_reciever.hpp
[16.766s] -- Installing: /home/mu/IVG/ws_moveit/install/rviz_visual_tools/include/rviz_visual_tools/imarker_simple.hpp
[16.766s] -- Installing: /home/mu/IVG/ws_moveit/install/rviz_visual_tools/include/rviz_visual_tools/rviz_visual_tools_gui.hpp
[16.766s] -- Installing: /home/mu/IVG/ws_moveit/install/rviz_visual_tools/include/rviz_visual_tools/tf_visual_tools.hpp
[16.766s] -- Installing: /home/mu/IVG/ws_moveit/install/rviz_visual_tools/include/rviz_visual_tools/key_tool.hpp
[16.766s] -- Installing: /home/mu/IVG/ws_moveit/install/rviz_visual_tools/share/rviz_visual_tools/launch
[16.766s] -- Installing: /home/mu/IVG/ws_moveit/install/rviz_visual_tools/share/rviz_visual_tools/launch/demo.rviz
[16.766s] -- Installing: /home/mu/IVG/ws_moveit/install/rviz_visual_tools/share/rviz_visual_tools/launch/demo_rviz.launch.py
[16.766s] -- Installing: /home/mu/IVG/ws_moveit/install/rviz_visual_tools/share/rviz_visual_tools/launch/rvt_test.launch
[16.766s] -- Installing: /home/mu/IVG/ws_moveit/install/rviz_visual_tools/share/rviz_visual_tools/launch/demo_combined.launch.py
[16.766s] -- Installing: /home/mu/IVG/ws_moveit/install/rviz_visual_tools/share/rviz_visual_tools/environment/library_path.sh
[16.766s] -- Installing: /home/mu/IVG/ws_moveit/install/rviz_visual_tools/share/rviz_visual_tools/environment/library_path.dsv
[16.766s] -- Installing: /home/mu/IVG/ws_moveit/install/rviz_visual_tools/share/ament_index/resource_index/package_run_dependencies/rviz_visual_tools
[16.766s] -- Installing: /home/mu/IVG/ws_moveit/install/rviz_visual_tools/share/ament_index/resource_index/parent_prefix_path/rviz_visual_tools
[16.767s] -- Installing: /home/mu/IVG/ws_moveit/install/rviz_visual_tools/share/rviz_visual_tools/environment/ament_prefix_path.sh
[16.767s] -- Installing: /home/mu/IVG/ws_moveit/install/rviz_visual_tools/share/rviz_visual_tools/environment/ament_prefix_path.dsv
[16.767s] -- Installing: /home/mu/IVG/ws_moveit/install/rviz_visual_tools/share/rviz_visual_tools/environment/path.sh
[16.767s] -- Installing: /home/mu/IVG/ws_moveit/install/rviz_visual_tools/share/rviz_visual_tools/environment/path.dsv
[16.767s] -- Installing: /home/mu/IVG/ws_moveit/install/rviz_visual_tools/share/rviz_visual_tools/local_setup.bash
[16.767s] -- Installing: /home/mu/IVG/ws_moveit/install/rviz_visual_tools/share/rviz_visual_tools/local_setup.sh
[16.767s] -- Installing: /home/mu/IVG/ws_moveit/install/rviz_visual_tools/share/rviz_visual_tools/local_setup.zsh
[16.767s] -- Installing: /home/mu/IVG/ws_moveit/install/rviz_visual_tools/share/rviz_visual_tools/local_setup.dsv
[16.767s] -- Installing: /home/mu/IVG/ws_moveit/install/rviz_visual_tools/share/rviz_visual_tools/package.dsv
[16.767s] -- Installing: /home/mu/IVG/ws_moveit/install/rviz_visual_tools/share/ament_index/resource_index/packages/rviz_visual_tools
[16.767s] -- Installing: /home/mu/IVG/ws_moveit/install/rviz_visual_tools/share/ament_index/resource_index/rviz_common__pluginlib__plugin/rviz_visual_tools
[16.767s] -- Installing: /home/mu/IVG/ws_moveit/install/rviz_visual_tools/share/rviz_visual_tools/cmake/ament_cmake_export_dependencies-extras.cmake
[16.767s] -- Installing: /home/mu/IVG/ws_moveit/install/rviz_visual_tools/share/rviz_visual_tools/cmake/ament_cmake_export_include_directories-extras.cmake
[16.767s] -- Installing: /home/mu/IVG/ws_moveit/install/rviz_visual_tools/share/rviz_visual_tools/cmake/ament_cmake_export_libraries-extras.cmake
[16.767s] -- Installing: /home/mu/IVG/ws_moveit/install/rviz_visual_tools/share/rviz_visual_tools/cmake/rviz_visual_toolsConfig.cmake
[16.767s] -- Installing: /home/mu/IVG/ws_moveit/install/rviz_visual_tools/share/rviz_visual_tools/cmake/rviz_visual_toolsConfig-version.cmake
[16.767s] -- Installing: /home/mu/IVG/ws_moveit/install/rviz_visual_tools/share/rviz_visual_tools/package.xml
[16.769s] Invoked command in '/home/mu/IVG/ws_moveit/build/rviz_visual_tools' returned '0': CMAKE_PREFIX_PATH=${CMAKE_PREFIX_PATH}:/opt/ros/foxy /usr/bin/cmake --install /home/mu/IVG/ws_moveit/build/rviz_visual_tools
