[0.011s] Invoking command in '/home/mu/IVG/aubo_ros2_ws/build/aubo_dashboard_msgs': CMAKE_PREFIX_PATH=${CMAKE_PREFIX_PATH}:/opt/ros/foxy /usr/bin/cmake /home/mu/IVG/aubo_ros2_ws/src/aubo_ros2_driver/aubo_dashboard_msgs -DCMAKE_INSTALL_PREFIX=/home/mu/IVG/aubo_ros2_ws/install/aubo_dashboard_msgs
[0.042s] -- The C compiler identification is GNU 9.4.0
[0.070s] -- The CXX compiler identification is GNU 9.4.0
[0.072s] -- Check for working C compiler: /usr/bin/cc
[0.109s] -- Check for working C compiler: /usr/bin/cc -- works
[0.109s] -- Detecting C compiler ABI info
[0.146s] -- Detecting C compiler ABI info - done
[0.152s] -- Detecting C compile features
[0.153s] -- Detecting C compile features - done
[0.154s] -- Check for working CXX compiler: /usr/bin/c++
[0.195s] -- Check for working CXX compiler: /usr/bin/c++ -- works
[0.196s] -- Detecting CXX compiler ABI info
[0.240s] -- Detecting CXX compiler ABI info - done
[0.247s] -- Detecting CXX compile features
[0.247s] -- Detecting CXX compile features - done
[0.248s] -- Found ament_cmake: 0.9.12 (/opt/ros/foxy/share/ament_cmake/cmake)
[0.260s] -- Found PythonInterp: /usr/bin/python3 (found suitable version "3.8.10", minimum required is "3") 
[0.260s] -- Using PYTHON_EXECUTABLE: /usr/bin/python3
[0.356s] -- Found rosidl_default_generators: 1.0.1 (/opt/ros/foxy/share/rosidl_default_generators/cmake)
[0.358s] -- Using all available rosidl_typesupport_c: rosidl_typesupport_fastrtps_c;rosidl_typesupport_introspection_c
[0.361s] -- Found rosidl_adapter: 1.3.1 (/opt/ros/foxy/share/rosidl_adapter/cmake)
[0.415s] -- Found OpenSSL: /usr/lib/x86_64-linux-gnu/libcrypto.so (found version "1.1.1f")  
[0.432s] -- Found FastRTPS: /opt/ros/foxy/include  
[0.478s] -- Using all available rosidl_typesupport_cpp: rosidl_typesupport_fastrtps_cpp;rosidl_typesupport_introspection_cpp
[0.494s] -- Found action_msgs: 1.0.0 (/opt/ros/foxy/share/action_msgs/cmake)
[0.538s] -- Found PythonInterp: /usr/bin/python3 (found version "3.8.10") 
[0.662s] -- Found ament_cmake_ros: 0.9.2 (/opt/ros/foxy/share/ament_cmake_ros/cmake)
[0.734s] -- Using all available rosidl_typesupport_c: rosidl_typesupport_fastrtps_c;rosidl_typesupport_introspection_c
[0.749s] -- Using all available rosidl_typesupport_cpp: rosidl_typesupport_fastrtps_cpp;rosidl_typesupport_introspection_cpp
[0.765s] -- Found PythonInterp: /usr/bin/python3 (found suitable version "3.8.10", minimum required is "3.5") 
[0.766s] -- Found python_cmake_module: 0.8.1 (/opt/ros/foxy/share/python_cmake_module/cmake)
[0.783s] -- Found PythonLibs: /usr/lib/x86_64-linux-gnu/libpython3.8.so (found suitable version "3.8.10", minimum required is "3.5") 
[0.783s] -- Using PYTHON_EXECUTABLE: /usr/bin/python3
[0.783s] -- Using PYTHON_INCLUDE_DIRS: /usr/include/python3.8
[0.783s] -- Using PYTHON_LIBRARIES: /usr/lib/x86_64-linux-gnu/libpython3.8.so
[0.795s] -- Found PythonExtra: .so  
[0.831s] -- Configuring done
[0.876s] -- Generating done
[0.887s] -- Build files have been written to: /home/mu/IVG/aubo_ros2_ws/build/aubo_dashboard_msgs
[0.894s] Invoked command in '/home/mu/IVG/aubo_ros2_ws/build/aubo_dashboard_msgs' returned '0': CMAKE_PREFIX_PATH=${CMAKE_PREFIX_PATH}:/opt/ros/foxy /usr/bin/cmake /home/mu/IVG/aubo_ros2_ws/src/aubo_ros2_driver/aubo_dashboard_msgs -DCMAKE_INSTALL_PREFIX=/home/mu/IVG/aubo_ros2_ws/install/aubo_dashboard_msgs
[0.896s] Invoking command in '/home/mu/IVG/aubo_ros2_ws/build/aubo_dashboard_msgs': CMAKE_PREFIX_PATH=${CMAKE_PREFIX_PATH}:/opt/ros/foxy /usr/bin/cmake --build /home/mu/IVG/aubo_ros2_ws/build/aubo_dashboard_msgs -- -j32 -l32
[0.921s] [  1%] [34m[1mGenerating C code for ROS interfaces[0m
[0.921s] [35m[1mScanning dependencies of target aubo_dashboard_msgs__cpp[0m
[0.927s] [  1%] [34m[1mGenerating C++ code for ROS interfaces[0m
[1.686s] [  1%] Built target aubo_dashboard_msgs__cpp
[1.696s] [  1%] [34m[1mGenerating C++ introspection for ROS interfaces[0m
[1.696s] [  3%] [34m[1mGenerating C++ type support for eProsima Fast-RTPS[0m
[1.696s] [  3%] [34m[1mGenerating C++ type support dispatch for ROS interfaces[0m
[1.760s] [35m[1mScanning dependencies of target aubo_dashboard_msgs__rosidl_generator_c[0m
[1.770s] [  3%] [32mBuilding C object CMakeFiles/aubo_dashboard_msgs__rosidl_generator_c.dir/rosidl_generator_c/aubo_dashboard_msgs/msg/detail/program_state__functions.c.o[0m
[1.770s] [  4%] [32mBuilding C object CMakeFiles/aubo_dashboard_msgs__rosidl_generator_c.dir/rosidl_generator_c/aubo_dashboard_msgs/msg/detail/robot_mode__functions.c.o[0m
[1.773s] [  5%] [32mBuilding C object CMakeFiles/aubo_dashboard_msgs__rosidl_generator_c.dir/rosidl_generator_c/aubo_dashboard_msgs/srv/detail/get_robot_mode__functions.c.o[0m
[1.774s] [  6%] [32mBuilding C object CMakeFiles/aubo_dashboard_msgs__rosidl_generator_c.dir/rosidl_generator_c/aubo_dashboard_msgs/msg/detail/safety_mode__functions.c.o[0m
[1.774s] [  8%] [32mBuilding C object CMakeFiles/aubo_dashboard_msgs__rosidl_generator_c.dir/rosidl_generator_c/aubo_dashboard_msgs/srv/detail/add_to_log__functions.c.o[0m
[1.774s] [  8%] [32mBuilding C object CMakeFiles/aubo_dashboard_msgs__rosidl_generator_c.dir/rosidl_generator_c/aubo_dashboard_msgs/srv/detail/get_loaded_program__functions.c.o[0m
[1.774s] [  8%] [32mBuilding C object CMakeFiles/aubo_dashboard_msgs__rosidl_generator_c.dir/rosidl_generator_c/aubo_dashboard_msgs/srv/detail/get_program_state__functions.c.o[0m
[1.774s] [  8%] [32mBuilding C object CMakeFiles/aubo_dashboard_msgs__rosidl_generator_c.dir/rosidl_generator_c/aubo_dashboard_msgs/srv/detail/is_program_saved__functions.c.o[0m
[1.774s] [  8%] [32mBuilding C object CMakeFiles/aubo_dashboard_msgs__rosidl_generator_c.dir/rosidl_generator_c/aubo_dashboard_msgs/srv/detail/get_safety_mode__functions.c.o[0m
[1.774s] [  9%] [32mBuilding C object CMakeFiles/aubo_dashboard_msgs__rosidl_generator_c.dir/rosidl_generator_c/aubo_dashboard_msgs/srv/detail/is_program_running__functions.c.o[0m
[1.775s] [ 11%] [32mBuilding C object CMakeFiles/aubo_dashboard_msgs__rosidl_generator_c.dir/rosidl_generator_c/aubo_dashboard_msgs/srv/detail/is_in_remote_control__functions.c.o[0m
[1.775s] [ 11%] [32mBuilding C object CMakeFiles/aubo_dashboard_msgs__rosidl_generator_c.dir/rosidl_generator_c/aubo_dashboard_msgs/srv/detail/load__functions.c.o[0m
[1.775s] [ 12%] [32mBuilding C object CMakeFiles/aubo_dashboard_msgs__rosidl_generator_c.dir/rosidl_generator_c/aubo_dashboard_msgs/srv/detail/popup__functions.c.o[0m
[1.776s] [ 13%] [32mBuilding C object CMakeFiles/aubo_dashboard_msgs__rosidl_generator_c.dir/rosidl_generator_c/aubo_dashboard_msgs/srv/detail/raw_request__functions.c.o[0m
[1.776s] [ 13%] [32mBuilding C object CMakeFiles/aubo_dashboard_msgs__rosidl_generator_c.dir/rosidl_generator_c/aubo_dashboard_msgs/action/detail/set_mode__functions.c.o[0m
[1.888s] [ 14%] [32m[1mLinking C shared library libaubo_dashboard_msgs__rosidl_generator_c.so[0m
[1.913s] [ 14%] Built target aubo_dashboard_msgs__rosidl_generator_c
[1.920s] [ 15%] [34m[1mGenerating C introspection for ROS interfaces[0m
[1.923s] [ 16%] [34m[1mGenerating C type support dispatch for ROS interfaces[0m
[2.544s] [35m[1mScanning dependencies of target aubo_dashboard_msgs__rosidl_typesupport_introspection_cpp[0m
[2.579s] [ 17%] [32mBuilding CXX object CMakeFiles/aubo_dashboard_msgs__rosidl_typesupport_introspection_cpp.dir/rosidl_typesupport_introspection_cpp/aubo_dashboard_msgs/msg/detail/program_state__type_support.cpp.o[0m
[2.596s] [ 17%] [32mBuilding CXX object CMakeFiles/aubo_dashboard_msgs__rosidl_typesupport_introspection_cpp.dir/rosidl_typesupport_introspection_cpp/aubo_dashboard_msgs/msg/detail/safety_mode__type_support.cpp.o[0m
[2.599s] [ 18%] [32mBuilding CXX object CMakeFiles/aubo_dashboard_msgs__rosidl_typesupport_introspection_cpp.dir/rosidl_typesupport_introspection_cpp/aubo_dashboard_msgs/msg/detail/robot_mode__type_support.cpp.o[0m
[2.604s] [ 18%] [32mBuilding CXX object CMakeFiles/aubo_dashboard_msgs__rosidl_typesupport_introspection_cpp.dir/rosidl_typesupport_introspection_cpp/aubo_dashboard_msgs/srv/detail/get_robot_mode__type_support.cpp.o[0m
[2.605s] [ 19%] [32mBuilding CXX object CMakeFiles/aubo_dashboard_msgs__rosidl_typesupport_introspection_cpp.dir/rosidl_typesupport_introspection_cpp/aubo_dashboard_msgs/srv/detail/add_to_log__type_support.cpp.o[0m
[2.605s] [ 20%] [32mBuilding CXX object CMakeFiles/aubo_dashboard_msgs__rosidl_typesupport_introspection_cpp.dir/rosidl_typesupport_introspection_cpp/aubo_dashboard_msgs/srv/detail/get_safety_mode__type_support.cpp.o[0m
[2.606s] [ 21%] [32mBuilding CXX object CMakeFiles/aubo_dashboard_msgs__rosidl_typesupport_introspection_cpp.dir/rosidl_typesupport_introspection_cpp/aubo_dashboard_msgs/srv/detail/get_program_state__type_support.cpp.o[0m
[2.609s] [ 22%] [32mBuilding CXX object CMakeFiles/aubo_dashboard_msgs__rosidl_typesupport_introspection_cpp.dir/rosidl_typesupport_introspection_cpp/aubo_dashboard_msgs/srv/detail/get_loaded_program__type_support.cpp.o[0m
[2.610s] [ 23%] [32mBuilding CXX object CMakeFiles/aubo_dashboard_msgs__rosidl_typesupport_introspection_cpp.dir/rosidl_typesupport_introspection_cpp/aubo_dashboard_msgs/srv/detail/is_program_running__type_support.cpp.o[0m
[2.636s] [ 24%] [32mBuilding CXX object CMakeFiles/aubo_dashboard_msgs__rosidl_typesupport_introspection_cpp.dir/rosidl_typesupport_introspection_cpp/aubo_dashboard_msgs/srv/detail/load__type_support.cpp.o[0m
[2.644s] [ 24%] [32mBuilding CXX object CMakeFiles/aubo_dashboard_msgs__rosidl_typesupport_introspection_cpp.dir/rosidl_typesupport_introspection_cpp/aubo_dashboard_msgs/srv/detail/is_in_remote_control__type_support.cpp.o[0m
[2.646s] [35m[1mScanning dependencies of target aubo_dashboard_msgs__rosidl_typesupport_cpp[0m
[2.659s] [ 25%] [32mBuilding CXX object CMakeFiles/aubo_dashboard_msgs__rosidl_typesupport_introspection_cpp.dir/rosidl_typesupport_introspection_cpp/aubo_dashboard_msgs/srv/detail/is_program_saved__type_support.cpp.o[0m
[2.664s] [ 26%] [32mBuilding CXX object CMakeFiles/aubo_dashboard_msgs__rosidl_typesupport_introspection_cpp.dir/rosidl_typesupport_introspection_cpp/aubo_dashboard_msgs/srv/detail/raw_request__type_support.cpp.o[0m
[2.664s] [ 27%] [32mBuilding CXX object CMakeFiles/aubo_dashboard_msgs__rosidl_typesupport_introspection_cpp.dir/rosidl_typesupport_introspection_cpp/aubo_dashboard_msgs/action/detail/set_mode__type_support.cpp.o[0m
[2.666s] [ 27%] [32mBuilding CXX object CMakeFiles/aubo_dashboard_msgs__rosidl_typesupport_introspection_cpp.dir/rosidl_typesupport_introspection_cpp/aubo_dashboard_msgs/srv/detail/popup__type_support.cpp.o[0m
[2.695s] [ 28%] [32mBuilding CXX object CMakeFiles/aubo_dashboard_msgs__rosidl_typesupport_cpp.dir/rosidl_typesupport_cpp/aubo_dashboard_msgs/msg/program_state__type_support.cpp.o[0m
[2.703s] [ 29%] [32mBuilding CXX object CMakeFiles/aubo_dashboard_msgs__rosidl_typesupport_cpp.dir/rosidl_typesupport_cpp/aubo_dashboard_msgs/msg/safety_mode__type_support.cpp.o[0m
[2.706s] [ 29%] [32mBuilding CXX object CMakeFiles/aubo_dashboard_msgs__rosidl_typesupport_cpp.dir/rosidl_typesupport_cpp/aubo_dashboard_msgs/msg/robot_mode__type_support.cpp.o[0m
[2.734s] [ 30%] [32mBuilding CXX object CMakeFiles/aubo_dashboard_msgs__rosidl_typesupport_cpp.dir/rosidl_typesupport_cpp/aubo_dashboard_msgs/srv/add_to_log__type_support.cpp.o[0m
[2.734s] [ 30%] [32mBuilding CXX object CMakeFiles/aubo_dashboard_msgs__rosidl_typesupport_cpp.dir/rosidl_typesupport_cpp/aubo_dashboard_msgs/srv/get_loaded_program__type_support.cpp.o[0m
[2.744s] [ 31%] [32mBuilding CXX object CMakeFiles/aubo_dashboard_msgs__rosidl_typesupport_cpp.dir/rosidl_typesupport_cpp/aubo_dashboard_msgs/srv/get_robot_mode__type_support.cpp.o[0m
[2.753s] [ 32%] [32mBuilding CXX object CMakeFiles/aubo_dashboard_msgs__rosidl_typesupport_cpp.dir/rosidl_typesupport_cpp/aubo_dashboard_msgs/srv/get_program_state__type_support.cpp.o[0m
[2.772s] [ 32%] [32mBuilding CXX object CMakeFiles/aubo_dashboard_msgs__rosidl_typesupport_cpp.dir/rosidl_typesupport_cpp/aubo_dashboard_msgs/srv/is_program_running__type_support.cpp.o[0m
[2.776s] [ 33%] [32mBuilding CXX object CMakeFiles/aubo_dashboard_msgs__rosidl_typesupport_cpp.dir/rosidl_typesupport_cpp/aubo_dashboard_msgs/srv/is_program_saved__type_support.cpp.o[0m
[2.777s] [ 34%] [32mBuilding CXX object CMakeFiles/aubo_dashboard_msgs__rosidl_typesupport_cpp.dir/rosidl_typesupport_cpp/aubo_dashboard_msgs/srv/get_safety_mode__type_support.cpp.o[0m
[2.780s] [ 35%] [32mBuilding CXX object CMakeFiles/aubo_dashboard_msgs__rosidl_typesupport_cpp.dir/rosidl_typesupport_cpp/aubo_dashboard_msgs/srv/is_in_remote_control__type_support.cpp.o[0m
[2.786s] [ 35%] [32mBuilding CXX object CMakeFiles/aubo_dashboard_msgs__rosidl_typesupport_cpp.dir/rosidl_typesupport_cpp/aubo_dashboard_msgs/srv/load__type_support.cpp.o[0m
[2.819s] [ 36%] [32mBuilding CXX object CMakeFiles/aubo_dashboard_msgs__rosidl_typesupport_cpp.dir/rosidl_typesupport_cpp/aubo_dashboard_msgs/srv/popup__type_support.cpp.o[0m
[2.864s] [ 37%] [32mBuilding CXX object CMakeFiles/aubo_dashboard_msgs__rosidl_typesupport_cpp.dir/rosidl_typesupport_cpp/aubo_dashboard_msgs/srv/raw_request__type_support.cpp.o[0m
[2.900s] [ 37%] [32mBuilding CXX object CMakeFiles/aubo_dashboard_msgs__rosidl_typesupport_cpp.dir/rosidl_typesupport_cpp/aubo_dashboard_msgs/action/set_mode__type_support.cpp.o[0m
[2.927s] [35m[1mScanning dependencies of target aubo_dashboard_msgs__rosidl_typesupport_c[0m
[2.948s] [ 37%] [32mBuilding CXX object CMakeFiles/aubo_dashboard_msgs__rosidl_typesupport_c.dir/rosidl_typesupport_c/aubo_dashboard_msgs/msg/program_state__type_support.cpp.o[0m
[2.950s] [ 38%] [32mBuilding CXX object CMakeFiles/aubo_dashboard_msgs__rosidl_typesupport_c.dir/rosidl_typesupport_c/aubo_dashboard_msgs/msg/robot_mode__type_support.cpp.o[0m
[2.976s] [ 39%] [32mBuilding CXX object CMakeFiles/aubo_dashboard_msgs__rosidl_typesupport_c.dir/rosidl_typesupport_c/aubo_dashboard_msgs/msg/safety_mode__type_support.cpp.o[0m
[2.980s] [ 39%] [32mBuilding CXX object CMakeFiles/aubo_dashboard_msgs__rosidl_typesupport_c.dir/rosidl_typesupport_c/aubo_dashboard_msgs/srv/add_to_log__type_support.cpp.o[0m
[2.982s] [ 40%] [32mBuilding CXX object CMakeFiles/aubo_dashboard_msgs__rosidl_typesupport_c.dir/rosidl_typesupport_c/aubo_dashboard_msgs/srv/get_loaded_program__type_support.cpp.o[0m
[2.984s] [ 41%] [32mBuilding CXX object CMakeFiles/aubo_dashboard_msgs__rosidl_typesupport_c.dir/rosidl_typesupport_c/aubo_dashboard_msgs/srv/get_program_state__type_support.cpp.o[0m
[2.992s] [ 42%] [32mBuilding CXX object CMakeFiles/aubo_dashboard_msgs__rosidl_typesupport_c.dir/rosidl_typesupport_c/aubo_dashboard_msgs/srv/get_robot_mode__type_support.cpp.o[0m
[3.001s] [ 42%] [32mBuilding CXX object CMakeFiles/aubo_dashboard_msgs__rosidl_typesupport_c.dir/rosidl_typesupport_c/aubo_dashboard_msgs/srv/get_safety_mode__type_support.cpp.o[0m
[3.009s] [ 43%] [32mBuilding CXX object CMakeFiles/aubo_dashboard_msgs__rosidl_typesupport_c.dir/rosidl_typesupport_c/aubo_dashboard_msgs/srv/is_program_running__type_support.cpp.o[0m
[3.015s] [ 43%] [32mBuilding CXX object CMakeFiles/aubo_dashboard_msgs__rosidl_typesupport_c.dir/rosidl_typesupport_c/aubo_dashboard_msgs/srv/is_program_saved__type_support.cpp.o[0m
[3.015s] [ 44%] [32mBuilding CXX object CMakeFiles/aubo_dashboard_msgs__rosidl_typesupport_c.dir/rosidl_typesupport_c/aubo_dashboard_msgs/srv/is_in_remote_control__type_support.cpp.o[0m
[3.015s] [ 45%] [32mBuilding CXX object CMakeFiles/aubo_dashboard_msgs__rosidl_typesupport_c.dir/rosidl_typesupport_c/aubo_dashboard_msgs/srv/load__type_support.cpp.o[0m
[3.017s] [ 45%] [32mBuilding CXX object CMakeFiles/aubo_dashboard_msgs__rosidl_typesupport_c.dir/rosidl_typesupport_c/aubo_dashboard_msgs/srv/raw_request__type_support.cpp.o[0m
[3.018s] [ 46%] [32mBuilding CXX object CMakeFiles/aubo_dashboard_msgs__rosidl_typesupport_c.dir/rosidl_typesupport_c/aubo_dashboard_msgs/srv/popup__type_support.cpp.o[0m
[3.019s] [ 47%] [32mBuilding CXX object CMakeFiles/aubo_dashboard_msgs__rosidl_typesupport_c.dir/rosidl_typesupport_c/aubo_dashboard_msgs/action/set_mode__type_support.cpp.o[0m
[3.060s] [35m[1mScanning dependencies of target aubo_dashboard_msgs__rosidl_typesupport_introspection_c[0m
[3.063s] [35m[1mScanning dependencies of target aubo_dashboard_msgs__rosidl_typesupport_fastrtps_cpp[0m
[3.065s] [ 48%] [32m[1mLinking CXX shared library libaubo_dashboard_msgs__rosidl_typesupport_c.so[0m
[3.075s] [ 48%] [32mBuilding C object CMakeFiles/aubo_dashboard_msgs__rosidl_typesupport_introspection_c.dir/rosidl_typesupport_introspection_c/aubo_dashboard_msgs/msg/detail/robot_mode__type_support.c.o[0m
[3.075s] [ 50%] [32mBuilding C object CMakeFiles/aubo_dashboard_msgs__rosidl_typesupport_introspection_c.dir/rosidl_typesupport_introspection_c/aubo_dashboard_msgs/msg/detail/program_state__type_support.c.o[0m
[3.075s] [ 50%] [32mBuilding C object CMakeFiles/aubo_dashboard_msgs__rosidl_typesupport_introspection_c.dir/rosidl_typesupport_introspection_c/aubo_dashboard_msgs/srv/detail/add_to_log__type_support.c.o[0m
[3.076s] [ 50%] [32mBuilding C object CMakeFiles/aubo_dashboard_msgs__rosidl_typesupport_introspection_c.dir/rosidl_typesupport_introspection_c/aubo_dashboard_msgs/srv/detail/get_program_state__type_support.c.o[0m
[3.076s] [ 52%] [32mBuilding C object CMakeFiles/aubo_dashboard_msgs__rosidl_typesupport_introspection_c.dir/rosidl_typesupport_introspection_c/aubo_dashboard_msgs/msg/detail/safety_mode__type_support.c.o[0m
[3.076s] [ 52%] [32mBuilding C object CMakeFiles/aubo_dashboard_msgs__rosidl_typesupport_introspection_c.dir/rosidl_typesupport_introspection_c/aubo_dashboard_msgs/srv/detail/get_robot_mode__type_support.c.o[0m
[3.076s] [ 53%] [32mBuilding C object CMakeFiles/aubo_dashboard_msgs__rosidl_typesupport_introspection_c.dir/rosidl_typesupport_introspection_c/aubo_dashboard_msgs/srv/detail/get_loaded_program__type_support.c.o[0m
[3.077s] [ 54%] [32mBuilding C object CMakeFiles/aubo_dashboard_msgs__rosidl_typesupport_introspection_c.dir/rosidl_typesupport_introspection_c/aubo_dashboard_msgs/srv/detail/is_in_remote_control__type_support.c.o[0m
[3.077s] [ 54%] [32mBuilding C object CMakeFiles/aubo_dashboard_msgs__rosidl_typesupport_introspection_c.dir/rosidl_typesupport_introspection_c/aubo_dashboard_msgs/srv/detail/load__type_support.c.o[0m
[3.077s] [ 55%] [32mBuilding C object CMakeFiles/aubo_dashboard_msgs__rosidl_typesupport_introspection_c.dir/rosidl_typesupport_introspection_c/aubo_dashboard_msgs/srv/detail/is_program_running__type_support.c.o[0m
[3.077s] [ 55%] [32mBuilding C object CMakeFiles/aubo_dashboard_msgs__rosidl_typesupport_introspection_c.dir/rosidl_typesupport_introspection_c/aubo_dashboard_msgs/srv/detail/is_program_saved__type_support.c.o[0m
[3.077s] [ 56%] [32mBuilding C object CMakeFiles/aubo_dashboard_msgs__rosidl_typesupport_introspection_c.dir/rosidl_typesupport_introspection_c/aubo_dashboard_msgs/srv/detail/raw_request__type_support.c.o[0m
[3.078s] [ 57%] [32mBuilding C object CMakeFiles/aubo_dashboard_msgs__rosidl_typesupport_introspection_c.dir/rosidl_typesupport_introspection_c/aubo_dashboard_msgs/srv/detail/get_safety_mode__type_support.c.o[0m
[3.078s] [ 58%] [32mBuilding C object CMakeFiles/aubo_dashboard_msgs__rosidl_typesupport_introspection_c.dir/rosidl_typesupport_introspection_c/aubo_dashboard_msgs/srv/detail/popup__type_support.c.o[0m
[3.079s] [ 59%] [32mBuilding C object CMakeFiles/aubo_dashboard_msgs__rosidl_typesupport_introspection_c.dir/rosidl_typesupport_introspection_c/aubo_dashboard_msgs/action/detail/set_mode__type_support.c.o[0m
[3.098s] [ 60%] [32mBuilding CXX object CMakeFiles/aubo_dashboard_msgs__rosidl_typesupport_fastrtps_cpp.dir/rosidl_typesupport_fastrtps_cpp/aubo_dashboard_msgs/msg/detail/dds_fastrtps/robot_mode__type_support.cpp.o[0m
[3.098s] [ 61%] [32mBuilding CXX object CMakeFiles/aubo_dashboard_msgs__rosidl_typesupport_fastrtps_cpp.dir/rosidl_typesupport_fastrtps_cpp/aubo_dashboard_msgs/srv/detail/dds_fastrtps/add_to_log__type_support.cpp.o[0m
[3.099s] [ 62%] [32mBuilding CXX object CMakeFiles/aubo_dashboard_msgs__rosidl_typesupport_fastrtps_cpp.dir/rosidl_typesupport_fastrtps_cpp/aubo_dashboard_msgs/msg/detail/dds_fastrtps/program_state__type_support.cpp.o[0m
[3.099s] [ 62%] [32mBuilding CXX object CMakeFiles/aubo_dashboard_msgs__rosidl_typesupport_fastrtps_cpp.dir/rosidl_typesupport_fastrtps_cpp/aubo_dashboard_msgs/msg/detail/dds_fastrtps/safety_mode__type_support.cpp.o[0m
[3.109s] [ 63%] [32mBuilding CXX object CMakeFiles/aubo_dashboard_msgs__rosidl_typesupport_fastrtps_cpp.dir/rosidl_typesupport_fastrtps_cpp/aubo_dashboard_msgs/srv/detail/dds_fastrtps/get_loaded_program__type_support.cpp.o[0m
[3.109s] [ 63%] [32mBuilding CXX object CMakeFiles/aubo_dashboard_msgs__rosidl_typesupport_fastrtps_cpp.dir/rosidl_typesupport_fastrtps_cpp/aubo_dashboard_msgs/srv/detail/dds_fastrtps/get_program_state__type_support.cpp.o[0m
[3.109s] [ 64%] [32mBuilding CXX object CMakeFiles/aubo_dashboard_msgs__rosidl_typesupport_fastrtps_cpp.dir/rosidl_typesupport_fastrtps_cpp/aubo_dashboard_msgs/srv/detail/dds_fastrtps/get_robot_mode__type_support.cpp.o[0m
[3.109s] [ 65%] [32mBuilding CXX object CMakeFiles/aubo_dashboard_msgs__rosidl_typesupport_fastrtps_cpp.dir/rosidl_typesupport_fastrtps_cpp/aubo_dashboard_msgs/srv/detail/dds_fastrtps/get_safety_mode__type_support.cpp.o[0m
[3.114s] [ 65%] [32mBuilding CXX object CMakeFiles/aubo_dashboard_msgs__rosidl_typesupport_fastrtps_cpp.dir/rosidl_typesupport_fastrtps_cpp/aubo_dashboard_msgs/srv/detail/dds_fastrtps/popup__type_support.cpp.o[0m
[3.114s] [ 66%] [32mBuilding CXX object CMakeFiles/aubo_dashboard_msgs__rosidl_typesupport_fastrtps_cpp.dir/rosidl_typesupport_fastrtps_cpp/aubo_dashboard_msgs/action/detail/dds_fastrtps/set_mode__type_support.cpp.o[0m
[3.115s] [ 67%] [32mBuilding CXX object CMakeFiles/aubo_dashboard_msgs__rosidl_typesupport_fastrtps_cpp.dir/rosidl_typesupport_fastrtps_cpp/aubo_dashboard_msgs/srv/detail/dds_fastrtps/is_program_running__type_support.cpp.o[0m
[3.115s] [ 67%] [32mBuilding CXX object CMakeFiles/aubo_dashboard_msgs__rosidl_typesupport_fastrtps_cpp.dir/rosidl_typesupport_fastrtps_cpp/aubo_dashboard_msgs/srv/detail/dds_fastrtps/is_in_remote_control__type_support.cpp.o[0m
[3.115s] [ 68%] [32mBuilding CXX object CMakeFiles/aubo_dashboard_msgs__rosidl_typesupport_fastrtps_cpp.dir/rosidl_typesupport_fastrtps_cpp/aubo_dashboard_msgs/srv/detail/dds_fastrtps/load__type_support.cpp.o[0m
[3.116s] [ 69%] [32mBuilding CXX object CMakeFiles/aubo_dashboard_msgs__rosidl_typesupport_fastrtps_cpp.dir/rosidl_typesupport_fastrtps_cpp/aubo_dashboard_msgs/srv/detail/dds_fastrtps/raw_request__type_support.cpp.o[0m
[3.119s] [ 69%] Built target aubo_dashboard_msgs__rosidl_typesupport_c
[3.128s] [ 69%] [32m[1mLinking C shared library libaubo_dashboard_msgs__rosidl_typesupport_introspection_c.so[0m
[3.129s] [ 70%] [32mBuilding CXX object CMakeFiles/aubo_dashboard_msgs__rosidl_typesupport_fastrtps_cpp.dir/rosidl_typesupport_fastrtps_cpp/aubo_dashboard_msgs/srv/detail/dds_fastrtps/is_program_saved__type_support.cpp.o[0m
[3.148s] [ 71%] [32m[1mLinking CXX shared library libaubo_dashboard_msgs__rosidl_typesupport_introspection_cpp.so[0m
[3.168s] [ 71%] Built target aubo_dashboard_msgs__rosidl_typesupport_introspection_c
[3.181s] [ 72%] [32m[1mLinking CXX shared library libaubo_dashboard_msgs__rosidl_typesupport_cpp.so[0m
[3.219s] [ 72%] Built target aubo_dashboard_msgs__rosidl_typesupport_cpp
[3.235s] [ 72%] Built target aubo_dashboard_msgs__rosidl_typesupport_introspection_cpp
[3.486s] [ 72%] [32m[1mLinking CXX shared library libaubo_dashboard_msgs__rosidl_typesupport_fastrtps_cpp.so[0m
[3.537s] [ 72%] Built target aubo_dashboard_msgs__rosidl_typesupport_fastrtps_cpp
[3.543s] [ 73%] [34m[1mGenerating C type support for eProsima Fast-RTPS[0m
[4.183s] [35m[1mScanning dependencies of target aubo_dashboard_msgs__rosidl_typesupport_fastrtps_c[0m
[4.204s] [ 74%] [32mBuilding CXX object CMakeFiles/aubo_dashboard_msgs__rosidl_typesupport_fastrtps_c.dir/rosidl_typesupport_fastrtps_c/aubo_dashboard_msgs/msg/detail/program_state__type_support_c.cpp.o[0m
[4.204s] [ 74%] [32mBuilding CXX object CMakeFiles/aubo_dashboard_msgs__rosidl_typesupport_fastrtps_c.dir/rosidl_typesupport_fastrtps_c/aubo_dashboard_msgs/msg/detail/robot_mode__type_support_c.cpp.o[0m
[4.205s] [ 75%] [32mBuilding CXX object CMakeFiles/aubo_dashboard_msgs__rosidl_typesupport_fastrtps_c.dir/rosidl_typesupport_fastrtps_c/aubo_dashboard_msgs/msg/detail/safety_mode__type_support_c.cpp.o[0m
[4.205s] [ 76%] [32mBuilding CXX object CMakeFiles/aubo_dashboard_msgs__rosidl_typesupport_fastrtps_c.dir/rosidl_typesupport_fastrtps_c/aubo_dashboard_msgs/srv/detail/add_to_log__type_support_c.cpp.o[0m
[4.205s] [ 76%] [32mBuilding CXX object CMakeFiles/aubo_dashboard_msgs__rosidl_typesupport_fastrtps_c.dir/rosidl_typesupport_fastrtps_c/aubo_dashboard_msgs/srv/detail/get_loaded_program__type_support_c.cpp.o[0m
[4.205s] [ 77%] [32mBuilding CXX object CMakeFiles/aubo_dashboard_msgs__rosidl_typesupport_fastrtps_c.dir/rosidl_typesupport_fastrtps_c/aubo_dashboard_msgs/srv/detail/get_program_state__type_support_c.cpp.o[0m
[4.208s] [ 78%] [32mBuilding CXX object CMakeFiles/aubo_dashboard_msgs__rosidl_typesupport_fastrtps_c.dir/rosidl_typesupport_fastrtps_c/aubo_dashboard_msgs/srv/detail/get_robot_mode__type_support_c.cpp.o[0m
[4.208s] [ 79%] [32mBuilding CXX object CMakeFiles/aubo_dashboard_msgs__rosidl_typesupport_fastrtps_c.dir/rosidl_typesupport_fastrtps_c/aubo_dashboard_msgs/srv/detail/raw_request__type_support_c.cpp.o[0m
[4.208s] [ 79%] [32mBuilding CXX object CMakeFiles/aubo_dashboard_msgs__rosidl_typesupport_fastrtps_c.dir/rosidl_typesupport_fastrtps_c/aubo_dashboard_msgs/srv/detail/get_safety_mode__type_support_c.cpp.o[0m
[4.208s] [ 80%] [32mBuilding CXX object CMakeFiles/aubo_dashboard_msgs__rosidl_typesupport_fastrtps_c.dir/rosidl_typesupport_fastrtps_c/aubo_dashboard_msgs/srv/detail/is_program_running__type_support_c.cpp.o[0m
[4.209s] [ 81%] [32mBuilding CXX object CMakeFiles/aubo_dashboard_msgs__rosidl_typesupport_fastrtps_c.dir/rosidl_typesupport_fastrtps_c/aubo_dashboard_msgs/srv/detail/is_in_remote_control__type_support_c.cpp.o[0m
[4.209s] [ 82%] [32mBuilding CXX object CMakeFiles/aubo_dashboard_msgs__rosidl_typesupport_fastrtps_c.dir/rosidl_typesupport_fastrtps_c/aubo_dashboard_msgs/srv/detail/is_program_saved__type_support_c.cpp.o[0m
[4.209s] [ 82%] [32mBuilding CXX object CMakeFiles/aubo_dashboard_msgs__rosidl_typesupport_fastrtps_c.dir/rosidl_typesupport_fastrtps_c/aubo_dashboard_msgs/action/detail/set_mode__type_support_c.cpp.o[0m
[4.209s] [ 82%] [32mBuilding CXX object CMakeFiles/aubo_dashboard_msgs__rosidl_typesupport_fastrtps_c.dir/rosidl_typesupport_fastrtps_c/aubo_dashboard_msgs/srv/detail/load__type_support_c.cpp.o[0m
[4.210s] [ 83%] [32mBuilding CXX object CMakeFiles/aubo_dashboard_msgs__rosidl_typesupport_fastrtps_c.dir/rosidl_typesupport_fastrtps_c/aubo_dashboard_msgs/srv/detail/popup__type_support_c.cpp.o[0m
[4.569s] [ 84%] [32m[1mLinking CXX shared library libaubo_dashboard_msgs__rosidl_typesupport_fastrtps_c.so[0m
[4.623s] [ 84%] Built target aubo_dashboard_msgs__rosidl_typesupport_fastrtps_c
[4.629s] [35m[1mScanning dependencies of target aubo_dashboard_msgs[0m
[4.636s] [ 84%] Built target aubo_dashboard_msgs
[4.642s] [35m[1mScanning dependencies of target aubo_dashboard_msgs__py[0m
[4.649s] [ 85%] [34m[1mGenerating Python code for ROS interfaces[0m
[6.099s] [ 85%] Built target aubo_dashboard_msgs__py
[6.104s] [35m[1mScanning dependencies of target aubo_dashboard_msgs__python[0m
[6.129s] [ 86%] [32mBuilding C object CMakeFiles/aubo_dashboard_msgs__python.dir/rosidl_generator_py/aubo_dashboard_msgs/msg/_program_state_s.c.o[0m
[6.129s] [ 86%] [32mBuilding C object CMakeFiles/aubo_dashboard_msgs__python.dir/rosidl_generator_py/aubo_dashboard_msgs/msg/_robot_mode_s.c.o[0m
[6.130s] [ 86%] [32mBuilding C object CMakeFiles/aubo_dashboard_msgs__python.dir/rosidl_generator_py/aubo_dashboard_msgs/srv/_get_loaded_program_s.c.o[0m
[6.130s] [ 88%] [32mBuilding C object CMakeFiles/aubo_dashboard_msgs__python.dir/rosidl_generator_py/aubo_dashboard_msgs/srv/_get_robot_mode_s.c.o[0m
[6.130s] [ 88%] [32mBuilding C object CMakeFiles/aubo_dashboard_msgs__python.dir/rosidl_generator_py/aubo_dashboard_msgs/srv/_get_program_state_s.c.o[0m
[6.131s] [ 89%] [32mBuilding C object CMakeFiles/aubo_dashboard_msgs__python.dir/rosidl_generator_py/aubo_dashboard_msgs/msg/_safety_mode_s.c.o[0m
[6.131s] [ 90%] [32mBuilding C object CMakeFiles/aubo_dashboard_msgs__python.dir/rosidl_generator_py/aubo_dashboard_msgs/srv/_add_to_log_s.c.o[0m
[6.133s] [ 90%] [32mBuilding C object CMakeFiles/aubo_dashboard_msgs__python.dir/rosidl_generator_py/aubo_dashboard_msgs/action/_set_mode_s.c.o[0m
[6.134s] [ 91%] [32mBuilding C object CMakeFiles/aubo_dashboard_msgs__python.dir/rosidl_generator_py/aubo_dashboard_msgs/srv/_is_program_running_s.c.o[0m
[6.134s] [ 92%] [32mBuilding C object CMakeFiles/aubo_dashboard_msgs__python.dir/rosidl_generator_py/aubo_dashboard_msgs/srv/_get_safety_mode_s.c.o[0m
[6.134s] [ 92%] [32mBuilding C object CMakeFiles/aubo_dashboard_msgs__python.dir/rosidl_generator_py/aubo_dashboard_msgs/srv/_is_in_remote_control_s.c.o[0m
[6.134s] [ 93%] [32mBuilding C object CMakeFiles/aubo_dashboard_msgs__python.dir/rosidl_generator_py/aubo_dashboard_msgs/srv/_is_program_saved_s.c.o[0m
[6.134s] [ 93%] [32mBuilding C object CMakeFiles/aubo_dashboard_msgs__python.dir/rosidl_generator_py/aubo_dashboard_msgs/srv/_load_s.c.o[0m
[6.135s] [ 94%] [32mBuilding C object CMakeFiles/aubo_dashboard_msgs__python.dir/rosidl_generator_py/aubo_dashboard_msgs/srv/_popup_s.c.o[0m
[6.135s] [ 95%] [32mBuilding C object CMakeFiles/aubo_dashboard_msgs__python.dir/rosidl_generator_py/aubo_dashboard_msgs/srv/_raw_request_s.c.o[0m
[6.249s] [ 96%] [32m[1mLinking C shared library rosidl_generator_py/aubo_dashboard_msgs/libaubo_dashboard_msgs__python.so[0m
[6.278s] [ 96%] Built target aubo_dashboard_msgs__python
[6.284s] [35m[1mScanning dependencies of target aubo_dashboard_msgs__rosidl_typesupport_c__pyext[0m
[6.284s] [35m[1mScanning dependencies of target aubo_dashboard_msgs__rosidl_typesupport_introspection_c__pyext[0m
[6.284s] [35m[1mScanning dependencies of target aubo_dashboard_msgs__rosidl_typesupport_fastrtps_c__pyext[0m
[6.297s] [ 98%] [32mBuilding C object CMakeFiles/aubo_dashboard_msgs__rosidl_typesupport_c__pyext.dir/rosidl_generator_py/aubo_dashboard_msgs/_aubo_dashboard_msgs_s.ep.rosidl_typesupport_c.c.o[0m
[6.297s] [ 98%] [32mBuilding C object CMakeFiles/aubo_dashboard_msgs__rosidl_typesupport_introspection_c__pyext.dir/rosidl_generator_py/aubo_dashboard_msgs/_aubo_dashboard_msgs_s.ep.rosidl_typesupport_introspection_c.c.o[0m
[6.297s] [ 99%] [32mBuilding C object CMakeFiles/aubo_dashboard_msgs__rosidl_typesupport_fastrtps_c__pyext.dir/rosidl_generator_py/aubo_dashboard_msgs/_aubo_dashboard_msgs_s.ep.rosidl_typesupport_fastrtps_c.c.o[0m
[6.407s] [100%] [32m[1mLinking C shared library rosidl_generator_py/aubo_dashboard_msgs/aubo_dashboard_msgs_s__rosidl_typesupport_introspection_c.cpython-38-x86_64-linux-gnu.so[0m
[6.407s] [100%] [32m[1mLinking C shared library rosidl_generator_py/aubo_dashboard_msgs/aubo_dashboard_msgs_s__rosidl_typesupport_c.cpython-38-x86_64-linux-gnu.so[0m
[6.407s] [100%] [32m[1mLinking CXX shared library rosidl_generator_py/aubo_dashboard_msgs/aubo_dashboard_msgs_s__rosidl_typesupport_fastrtps_c.cpython-38-x86_64-linux-gnu.so[0m
[6.432s] [100%] Built target aubo_dashboard_msgs__rosidl_typesupport_c__pyext
[6.432s] [100%] Built target aubo_dashboard_msgs__rosidl_typesupport_introspection_c__pyext
[6.450s] [100%] Built target aubo_dashboard_msgs__rosidl_typesupport_fastrtps_c__pyext
[6.457s] Invoked command in '/home/mu/IVG/aubo_ros2_ws/build/aubo_dashboard_msgs' returned '0': CMAKE_PREFIX_PATH=${CMAKE_PREFIX_PATH}:/opt/ros/foxy /usr/bin/cmake --build /home/mu/IVG/aubo_ros2_ws/build/aubo_dashboard_msgs -- -j32 -l32
[6.460s] Invoking command in '/home/mu/IVG/aubo_ros2_ws/build/aubo_dashboard_msgs': CMAKE_PREFIX_PATH=${CMAKE_PREFIX_PATH}:/opt/ros/foxy /usr/bin/cmake --install /home/mu/IVG/aubo_ros2_ws/build/aubo_dashboard_msgs
[6.465s] -- Install configuration: ""
[6.465s] -- Installing: /home/mu/IVG/aubo_ros2_ws/install/aubo_dashboard_msgs/share/ament_index/resource_index/rosidl_interfaces/aubo_dashboard_msgs
[6.465s] -- Installing: /home/mu/IVG/aubo_ros2_ws/install/aubo_dashboard_msgs/include/aubo_dashboard_msgs
[6.465s] -- Installing: /home/mu/IVG/aubo_ros2_ws/install/aubo_dashboard_msgs/include/aubo_dashboard_msgs/srv
[6.465s] -- Installing: /home/mu/IVG/aubo_ros2_ws/install/aubo_dashboard_msgs/include/aubo_dashboard_msgs/srv/get_robot_mode.h
[6.465s] -- Installing: /home/mu/IVG/aubo_ros2_ws/install/aubo_dashboard_msgs/include/aubo_dashboard_msgs/srv/get_program_state.h
[6.465s] -- Installing: /home/mu/IVG/aubo_ros2_ws/install/aubo_dashboard_msgs/include/aubo_dashboard_msgs/srv/get_safety_mode.h
[6.465s] -- Installing: /home/mu/IVG/aubo_ros2_ws/install/aubo_dashboard_msgs/include/aubo_dashboard_msgs/srv/load.h
[6.466s] -- Installing: /home/mu/IVG/aubo_ros2_ws/install/aubo_dashboard_msgs/include/aubo_dashboard_msgs/srv/detail
[6.466s] -- Installing: /home/mu/IVG/aubo_ros2_ws/install/aubo_dashboard_msgs/include/aubo_dashboard_msgs/srv/detail/get_loaded_program__type_support.h
[6.466s] -- Installing: /home/mu/IVG/aubo_ros2_ws/install/aubo_dashboard_msgs/include/aubo_dashboard_msgs/srv/detail/raw_request__functions.h
[6.466s] -- Installing: /home/mu/IVG/aubo_ros2_ws/install/aubo_dashboard_msgs/include/aubo_dashboard_msgs/srv/detail/get_loaded_program__functions.c
[6.466s] -- Installing: /home/mu/IVG/aubo_ros2_ws/install/aubo_dashboard_msgs/include/aubo_dashboard_msgs/srv/detail/popup__functions.c
[6.466s] -- Installing: /home/mu/IVG/aubo_ros2_ws/install/aubo_dashboard_msgs/include/aubo_dashboard_msgs/srv/detail/add_to_log__functions.c
[6.466s] -- Installing: /home/mu/IVG/aubo_ros2_ws/install/aubo_dashboard_msgs/include/aubo_dashboard_msgs/srv/detail/get_safety_mode__functions.c
[6.466s] -- Installing: /home/mu/IVG/aubo_ros2_ws/install/aubo_dashboard_msgs/include/aubo_dashboard_msgs/srv/detail/get_program_state__functions.c
[6.466s] -- Installing: /home/mu/IVG/aubo_ros2_ws/install/aubo_dashboard_msgs/include/aubo_dashboard_msgs/srv/detail/is_in_remote_control__functions.h
[6.466s] -- Installing: /home/mu/IVG/aubo_ros2_ws/install/aubo_dashboard_msgs/include/aubo_dashboard_msgs/srv/detail/load__functions.c
[6.466s] -- Installing: /home/mu/IVG/aubo_ros2_ws/install/aubo_dashboard_msgs/include/aubo_dashboard_msgs/srv/detail/is_program_saved__struct.h
[6.466s] -- Installing: /home/mu/IVG/aubo_ros2_ws/install/aubo_dashboard_msgs/include/aubo_dashboard_msgs/srv/detail/get_robot_mode__functions.h
[6.467s] -- Installing: /home/mu/IVG/aubo_ros2_ws/install/aubo_dashboard_msgs/include/aubo_dashboard_msgs/srv/detail/get_safety_mode__functions.h
[6.467s] -- Installing: /home/mu/IVG/aubo_ros2_ws/install/aubo_dashboard_msgs/include/aubo_dashboard_msgs/srv/detail/popup__type_support.h
[6.467s] -- Installing: /home/mu/IVG/aubo_ros2_ws/install/aubo_dashboard_msgs/include/aubo_dashboard_msgs/srv/detail/add_to_log__functions.h
[6.467s] -- Installing: /home/mu/IVG/aubo_ros2_ws/install/aubo_dashboard_msgs/include/aubo_dashboard_msgs/srv/detail/popup__functions.h
[6.467s] -- Installing: /home/mu/IVG/aubo_ros2_ws/install/aubo_dashboard_msgs/include/aubo_dashboard_msgs/srv/detail/is_program_running__functions.h
[6.467s] -- Installing: /home/mu/IVG/aubo_ros2_ws/install/aubo_dashboard_msgs/include/aubo_dashboard_msgs/srv/detail/get_program_state__type_support.h
[6.467s] -- Installing: /home/mu/IVG/aubo_ros2_ws/install/aubo_dashboard_msgs/include/aubo_dashboard_msgs/srv/detail/add_to_log__type_support.h
[6.467s] -- Installing: /home/mu/IVG/aubo_ros2_ws/install/aubo_dashboard_msgs/include/aubo_dashboard_msgs/srv/detail/get_loaded_program__functions.h
[6.467s] -- Installing: /home/mu/IVG/aubo_ros2_ws/install/aubo_dashboard_msgs/include/aubo_dashboard_msgs/srv/detail/is_in_remote_control__type_support.h
[6.467s] -- Installing: /home/mu/IVG/aubo_ros2_ws/install/aubo_dashboard_msgs/include/aubo_dashboard_msgs/srv/detail/is_in_remote_control__struct.h
[6.467s] -- Installing: /home/mu/IVG/aubo_ros2_ws/install/aubo_dashboard_msgs/include/aubo_dashboard_msgs/srv/detail/get_loaded_program__struct.h
[6.468s] -- Installing: /home/mu/IVG/aubo_ros2_ws/install/aubo_dashboard_msgs/include/aubo_dashboard_msgs/srv/detail/get_safety_mode__struct.h
[6.468s] -- Installing: /home/mu/IVG/aubo_ros2_ws/install/aubo_dashboard_msgs/include/aubo_dashboard_msgs/srv/detail/get_robot_mode__functions.c
[6.468s] -- Installing: /home/mu/IVG/aubo_ros2_ws/install/aubo_dashboard_msgs/include/aubo_dashboard_msgs/srv/detail/load__struct.h
[6.468s] -- Installing: /home/mu/IVG/aubo_ros2_ws/install/aubo_dashboard_msgs/include/aubo_dashboard_msgs/srv/detail/is_program_saved__functions.c
[6.468s] -- Installing: /home/mu/IVG/aubo_ros2_ws/install/aubo_dashboard_msgs/include/aubo_dashboard_msgs/srv/detail/add_to_log__struct.h
[6.468s] -- Installing: /home/mu/IVG/aubo_ros2_ws/install/aubo_dashboard_msgs/include/aubo_dashboard_msgs/srv/detail/load__functions.h
[6.468s] -- Installing: /home/mu/IVG/aubo_ros2_ws/install/aubo_dashboard_msgs/include/aubo_dashboard_msgs/srv/detail/is_program_running__struct.h
[6.468s] -- Installing: /home/mu/IVG/aubo_ros2_ws/install/aubo_dashboard_msgs/include/aubo_dashboard_msgs/srv/detail/get_program_state__functions.h
[6.468s] -- Installing: /home/mu/IVG/aubo_ros2_ws/install/aubo_dashboard_msgs/include/aubo_dashboard_msgs/srv/detail/get_safety_mode__type_support.h
[6.468s] -- Installing: /home/mu/IVG/aubo_ros2_ws/install/aubo_dashboard_msgs/include/aubo_dashboard_msgs/srv/detail/get_robot_mode__struct.h
[6.468s] -- Installing: /home/mu/IVG/aubo_ros2_ws/install/aubo_dashboard_msgs/include/aubo_dashboard_msgs/srv/detail/load__type_support.h
[6.468s] -- Installing: /home/mu/IVG/aubo_ros2_ws/install/aubo_dashboard_msgs/include/aubo_dashboard_msgs/srv/detail/is_program_saved__type_support.h
[6.468s] -- Installing: /home/mu/IVG/aubo_ros2_ws/install/aubo_dashboard_msgs/include/aubo_dashboard_msgs/srv/detail/is_program_saved__functions.h
[6.469s] -- Installing: /home/mu/IVG/aubo_ros2_ws/install/aubo_dashboard_msgs/include/aubo_dashboard_msgs/srv/detail/is_program_running__type_support.h
[6.469s] -- Installing: /home/mu/IVG/aubo_ros2_ws/install/aubo_dashboard_msgs/include/aubo_dashboard_msgs/srv/detail/raw_request__struct.h
[6.469s] -- Installing: /home/mu/IVG/aubo_ros2_ws/install/aubo_dashboard_msgs/include/aubo_dashboard_msgs/srv/detail/raw_request__type_support.h
[6.469s] -- Installing: /home/mu/IVG/aubo_ros2_ws/install/aubo_dashboard_msgs/include/aubo_dashboard_msgs/srv/detail/get_robot_mode__type_support.h
[6.469s] -- Installing: /home/mu/IVG/aubo_ros2_ws/install/aubo_dashboard_msgs/include/aubo_dashboard_msgs/srv/detail/is_in_remote_control__functions.c
[6.469s] -- Installing: /home/mu/IVG/aubo_ros2_ws/install/aubo_dashboard_msgs/include/aubo_dashboard_msgs/srv/detail/popup__struct.h
[6.469s] -- Installing: /home/mu/IVG/aubo_ros2_ws/install/aubo_dashboard_msgs/include/aubo_dashboard_msgs/srv/detail/is_program_running__functions.c
[6.469s] -- Installing: /home/mu/IVG/aubo_ros2_ws/install/aubo_dashboard_msgs/include/aubo_dashboard_msgs/srv/detail/get_program_state__struct.h
[6.469s] -- Installing: /home/mu/IVG/aubo_ros2_ws/install/aubo_dashboard_msgs/include/aubo_dashboard_msgs/srv/detail/raw_request__functions.c
[6.469s] -- Installing: /home/mu/IVG/aubo_ros2_ws/install/aubo_dashboard_msgs/include/aubo_dashboard_msgs/srv/is_in_remote_control.h
[6.469s] -- Installing: /home/mu/IVG/aubo_ros2_ws/install/aubo_dashboard_msgs/include/aubo_dashboard_msgs/srv/is_program_running.h
[6.469s] -- Installing: /home/mu/IVG/aubo_ros2_ws/install/aubo_dashboard_msgs/include/aubo_dashboard_msgs/srv/add_to_log.h
[6.470s] -- Installing: /home/mu/IVG/aubo_ros2_ws/install/aubo_dashboard_msgs/include/aubo_dashboard_msgs/srv/raw_request.h
[6.470s] -- Installing: /home/mu/IVG/aubo_ros2_ws/install/aubo_dashboard_msgs/include/aubo_dashboard_msgs/srv/get_loaded_program.h
[6.470s] -- Installing: /home/mu/IVG/aubo_ros2_ws/install/aubo_dashboard_msgs/include/aubo_dashboard_msgs/srv/popup.h
[6.470s] -- Installing: /home/mu/IVG/aubo_ros2_ws/install/aubo_dashboard_msgs/include/aubo_dashboard_msgs/srv/is_program_saved.h
[6.470s] -- Installing: /home/mu/IVG/aubo_ros2_ws/install/aubo_dashboard_msgs/include/aubo_dashboard_msgs/msg
[6.470s] -- Installing: /home/mu/IVG/aubo_ros2_ws/install/aubo_dashboard_msgs/include/aubo_dashboard_msgs/msg/program_state.h
[6.470s] -- Installing: /home/mu/IVG/aubo_ros2_ws/install/aubo_dashboard_msgs/include/aubo_dashboard_msgs/msg/detail
[6.470s] -- Installing: /home/mu/IVG/aubo_ros2_ws/install/aubo_dashboard_msgs/include/aubo_dashboard_msgs/msg/detail/program_state__struct.h
[6.470s] -- Installing: /home/mu/IVG/aubo_ros2_ws/install/aubo_dashboard_msgs/include/aubo_dashboard_msgs/msg/detail/program_state__functions.h
[6.470s] -- Installing: /home/mu/IVG/aubo_ros2_ws/install/aubo_dashboard_msgs/include/aubo_dashboard_msgs/msg/detail/program_state__type_support.h
[6.470s] -- Installing: /home/mu/IVG/aubo_ros2_ws/install/aubo_dashboard_msgs/include/aubo_dashboard_msgs/msg/detail/robot_mode__functions.c
[6.470s] -- Installing: /home/mu/IVG/aubo_ros2_ws/install/aubo_dashboard_msgs/include/aubo_dashboard_msgs/msg/detail/safety_mode__functions.h
[6.471s] -- Installing: /home/mu/IVG/aubo_ros2_ws/install/aubo_dashboard_msgs/include/aubo_dashboard_msgs/msg/detail/program_state__functions.c
[6.471s] -- Installing: /home/mu/IVG/aubo_ros2_ws/install/aubo_dashboard_msgs/include/aubo_dashboard_msgs/msg/detail/robot_mode__struct.h
[6.471s] -- Installing: /home/mu/IVG/aubo_ros2_ws/install/aubo_dashboard_msgs/include/aubo_dashboard_msgs/msg/detail/robot_mode__type_support.h
[6.471s] -- Installing: /home/mu/IVG/aubo_ros2_ws/install/aubo_dashboard_msgs/include/aubo_dashboard_msgs/msg/detail/safety_mode__type_support.h
[6.471s] -- Installing: /home/mu/IVG/aubo_ros2_ws/install/aubo_dashboard_msgs/include/aubo_dashboard_msgs/msg/detail/safety_mode__functions.c
[6.471s] -- Installing: /home/mu/IVG/aubo_ros2_ws/install/aubo_dashboard_msgs/include/aubo_dashboard_msgs/msg/detail/safety_mode__struct.h
[6.471s] -- Installing: /home/mu/IVG/aubo_ros2_ws/install/aubo_dashboard_msgs/include/aubo_dashboard_msgs/msg/detail/robot_mode__functions.h
[6.471s] -- Installing: /home/mu/IVG/aubo_ros2_ws/install/aubo_dashboard_msgs/include/aubo_dashboard_msgs/msg/safety_mode.h
[6.471s] -- Installing: /home/mu/IVG/aubo_ros2_ws/install/aubo_dashboard_msgs/include/aubo_dashboard_msgs/msg/rosidl_generator_c__visibility_control.h
[6.471s] -- Installing: /home/mu/IVG/aubo_ros2_ws/install/aubo_dashboard_msgs/include/aubo_dashboard_msgs/msg/robot_mode.h
[6.471s] -- Installing: /home/mu/IVG/aubo_ros2_ws/install/aubo_dashboard_msgs/include/aubo_dashboard_msgs/action
[6.472s] -- Installing: /home/mu/IVG/aubo_ros2_ws/install/aubo_dashboard_msgs/include/aubo_dashboard_msgs/action/set_mode.h
[6.472s] -- Installing: /home/mu/IVG/aubo_ros2_ws/install/aubo_dashboard_msgs/include/aubo_dashboard_msgs/action/detail
[6.472s] -- Installing: /home/mu/IVG/aubo_ros2_ws/install/aubo_dashboard_msgs/include/aubo_dashboard_msgs/action/detail/set_mode__functions.h
[6.472s] -- Installing: /home/mu/IVG/aubo_ros2_ws/install/aubo_dashboard_msgs/include/aubo_dashboard_msgs/action/detail/set_mode__struct.h
[6.472s] -- Installing: /home/mu/IVG/aubo_ros2_ws/install/aubo_dashboard_msgs/include/aubo_dashboard_msgs/action/detail/set_mode__functions.c
[6.472s] -- Installing: /home/mu/IVG/aubo_ros2_ws/install/aubo_dashboard_msgs/include/aubo_dashboard_msgs/action/detail/set_mode__type_support.h
[6.472s] -- Installing: /home/mu/IVG/aubo_ros2_ws/install/aubo_dashboard_msgs/share/aubo_dashboard_msgs/environment/library_path.sh
[6.472s] -- Installing: /home/mu/IVG/aubo_ros2_ws/install/aubo_dashboard_msgs/share/aubo_dashboard_msgs/environment/library_path.dsv
[6.472s] -- Installing: /home/mu/IVG/aubo_ros2_ws/install/aubo_dashboard_msgs/lib/libaubo_dashboard_msgs__rosidl_generator_c.so
[6.472s] -- Set runtime path of "/home/mu/IVG/aubo_ros2_ws/install/aubo_dashboard_msgs/lib/libaubo_dashboard_msgs__rosidl_generator_c.so" to ""
[6.472s] -- Up-to-date: /home/mu/IVG/aubo_ros2_ws/install/aubo_dashboard_msgs/include/aubo_dashboard_msgs
[6.472s] -- Up-to-date: /home/mu/IVG/aubo_ros2_ws/install/aubo_dashboard_msgs/include/aubo_dashboard_msgs/srv
[6.472s] -- Up-to-date: /home/mu/IVG/aubo_ros2_ws/install/aubo_dashboard_msgs/include/aubo_dashboard_msgs/srv/detail
[6.473s] -- Installing: /home/mu/IVG/aubo_ros2_ws/install/aubo_dashboard_msgs/include/aubo_dashboard_msgs/srv/detail/load__rosidl_typesupport_fastrtps_c.h
[6.473s] -- Installing: /home/mu/IVG/aubo_ros2_ws/install/aubo_dashboard_msgs/include/aubo_dashboard_msgs/srv/detail/is_program_saved__rosidl_typesupport_fastrtps_c.h
[6.473s] -- Installing: /home/mu/IVG/aubo_ros2_ws/install/aubo_dashboard_msgs/include/aubo_dashboard_msgs/srv/detail/add_to_log__rosidl_typesupport_fastrtps_c.h
[6.473s] -- Installing: /home/mu/IVG/aubo_ros2_ws/install/aubo_dashboard_msgs/include/aubo_dashboard_msgs/srv/detail/get_safety_mode__rosidl_typesupport_fastrtps_c.h
[6.473s] -- Installing: /home/mu/IVG/aubo_ros2_ws/install/aubo_dashboard_msgs/include/aubo_dashboard_msgs/srv/detail/popup__rosidl_typesupport_fastrtps_c.h
[6.473s] -- Installing: /home/mu/IVG/aubo_ros2_ws/install/aubo_dashboard_msgs/include/aubo_dashboard_msgs/srv/detail/raw_request__rosidl_typesupport_fastrtps_c.h
[6.473s] -- Installing: /home/mu/IVG/aubo_ros2_ws/install/aubo_dashboard_msgs/include/aubo_dashboard_msgs/srv/detail/get_program_state__rosidl_typesupport_fastrtps_c.h
[6.473s] -- Installing: /home/mu/IVG/aubo_ros2_ws/install/aubo_dashboard_msgs/include/aubo_dashboard_msgs/srv/detail/is_program_running__rosidl_typesupport_fastrtps_c.h
[6.473s] -- Installing: /home/mu/IVG/aubo_ros2_ws/install/aubo_dashboard_msgs/include/aubo_dashboard_msgs/srv/detail/is_in_remote_control__rosidl_typesupport_fastrtps_c.h
[6.473s] -- Installing: /home/mu/IVG/aubo_ros2_ws/install/aubo_dashboard_msgs/include/aubo_dashboard_msgs/srv/detail/get_loaded_program__rosidl_typesupport_fastrtps_c.h
[6.473s] -- Installing: /home/mu/IVG/aubo_ros2_ws/install/aubo_dashboard_msgs/include/aubo_dashboard_msgs/srv/detail/get_robot_mode__rosidl_typesupport_fastrtps_c.h
[6.474s] -- Up-to-date: /home/mu/IVG/aubo_ros2_ws/install/aubo_dashboard_msgs/include/aubo_dashboard_msgs/msg
[6.474s] -- Up-to-date: /home/mu/IVG/aubo_ros2_ws/install/aubo_dashboard_msgs/include/aubo_dashboard_msgs/msg/detail
[6.474s] -- Installing: /home/mu/IVG/aubo_ros2_ws/install/aubo_dashboard_msgs/include/aubo_dashboard_msgs/msg/detail/safety_mode__rosidl_typesupport_fastrtps_c.h
[6.474s] -- Installing: /home/mu/IVG/aubo_ros2_ws/install/aubo_dashboard_msgs/include/aubo_dashboard_msgs/msg/detail/robot_mode__rosidl_typesupport_fastrtps_c.h
[6.474s] -- Installing: /home/mu/IVG/aubo_ros2_ws/install/aubo_dashboard_msgs/include/aubo_dashboard_msgs/msg/detail/program_state__rosidl_typesupport_fastrtps_c.h
[6.474s] -- Installing: /home/mu/IVG/aubo_ros2_ws/install/aubo_dashboard_msgs/include/aubo_dashboard_msgs/msg/rosidl_typesupport_fastrtps_c__visibility_control.h
[6.474s] -- Up-to-date: /home/mu/IVG/aubo_ros2_ws/install/aubo_dashboard_msgs/include/aubo_dashboard_msgs/action
[6.474s] -- Up-to-date: /home/mu/IVG/aubo_ros2_ws/install/aubo_dashboard_msgs/include/aubo_dashboard_msgs/action/detail
[6.474s] -- Installing: /home/mu/IVG/aubo_ros2_ws/install/aubo_dashboard_msgs/include/aubo_dashboard_msgs/action/detail/set_mode__rosidl_typesupport_fastrtps_c.h
[6.474s] -- Installing: /home/mu/IVG/aubo_ros2_ws/install/aubo_dashboard_msgs/lib/libaubo_dashboard_msgs__rosidl_typesupport_fastrtps_c.so
[6.475s] -- Set runtime path of "/home/mu/IVG/aubo_ros2_ws/install/aubo_dashboard_msgs/lib/libaubo_dashboard_msgs__rosidl_typesupport_fastrtps_c.so" to ""
[6.475s] -- Up-to-date: /home/mu/IVG/aubo_ros2_ws/install/aubo_dashboard_msgs/include/aubo_dashboard_msgs
[6.475s] -- Up-to-date: /home/mu/IVG/aubo_ros2_ws/install/aubo_dashboard_msgs/include/aubo_dashboard_msgs/srv
[6.475s] -- Up-to-date: /home/mu/IVG/aubo_ros2_ws/install/aubo_dashboard_msgs/include/aubo_dashboard_msgs/srv/detail
[6.475s] -- Installing: /home/mu/IVG/aubo_ros2_ws/install/aubo_dashboard_msgs/include/aubo_dashboard_msgs/srv/detail/dds_fastrtps
[6.475s] -- Installing: /home/mu/IVG/aubo_ros2_ws/install/aubo_dashboard_msgs/include/aubo_dashboard_msgs/srv/detail/get_program_state__rosidl_typesupport_fastrtps_cpp.hpp
[6.475s] -- Installing: /home/mu/IVG/aubo_ros2_ws/install/aubo_dashboard_msgs/include/aubo_dashboard_msgs/srv/detail/get_safety_mode__rosidl_typesupport_fastrtps_cpp.hpp
[6.475s] -- Installing: /home/mu/IVG/aubo_ros2_ws/install/aubo_dashboard_msgs/include/aubo_dashboard_msgs/srv/detail/raw_request__rosidl_typesupport_fastrtps_cpp.hpp
[6.475s] -- Installing: /home/mu/IVG/aubo_ros2_ws/install/aubo_dashboard_msgs/include/aubo_dashboard_msgs/srv/detail/popup__rosidl_typesupport_fastrtps_cpp.hpp
[6.475s] -- Installing: /home/mu/IVG/aubo_ros2_ws/install/aubo_dashboard_msgs/include/aubo_dashboard_msgs/srv/detail/get_loaded_program__rosidl_typesupport_fastrtps_cpp.hpp
[6.475s] -- Installing: /home/mu/IVG/aubo_ros2_ws/install/aubo_dashboard_msgs/include/aubo_dashboard_msgs/srv/detail/is_in_remote_control__rosidl_typesupport_fastrtps_cpp.hpp
[6.476s] -- Installing: /home/mu/IVG/aubo_ros2_ws/install/aubo_dashboard_msgs/include/aubo_dashboard_msgs/srv/detail/load__rosidl_typesupport_fastrtps_cpp.hpp
[6.476s] -- Installing: /home/mu/IVG/aubo_ros2_ws/install/aubo_dashboard_msgs/include/aubo_dashboard_msgs/srv/detail/add_to_log__rosidl_typesupport_fastrtps_cpp.hpp
[6.476s] -- Installing: /home/mu/IVG/aubo_ros2_ws/install/aubo_dashboard_msgs/include/aubo_dashboard_msgs/srv/detail/get_robot_mode__rosidl_typesupport_fastrtps_cpp.hpp
[6.476s] -- Installing: /home/mu/IVG/aubo_ros2_ws/install/aubo_dashboard_msgs/include/aubo_dashboard_msgs/srv/detail/is_program_running__rosidl_typesupport_fastrtps_cpp.hpp
[6.476s] -- Installing: /home/mu/IVG/aubo_ros2_ws/install/aubo_dashboard_msgs/include/aubo_dashboard_msgs/srv/detail/is_program_saved__rosidl_typesupport_fastrtps_cpp.hpp
[6.476s] -- Up-to-date: /home/mu/IVG/aubo_ros2_ws/install/aubo_dashboard_msgs/include/aubo_dashboard_msgs/msg
[6.476s] -- Up-to-date: /home/mu/IVG/aubo_ros2_ws/install/aubo_dashboard_msgs/include/aubo_dashboard_msgs/msg/detail
[6.476s] -- Installing: /home/mu/IVG/aubo_ros2_ws/install/aubo_dashboard_msgs/include/aubo_dashboard_msgs/msg/detail/dds_fastrtps
[6.476s] -- Installing: /home/mu/IVG/aubo_ros2_ws/install/aubo_dashboard_msgs/include/aubo_dashboard_msgs/msg/detail/robot_mode__rosidl_typesupport_fastrtps_cpp.hpp
[6.476s] -- Installing: /home/mu/IVG/aubo_ros2_ws/install/aubo_dashboard_msgs/include/aubo_dashboard_msgs/msg/detail/program_state__rosidl_typesupport_fastrtps_cpp.hpp
[6.476s] -- Installing: /home/mu/IVG/aubo_ros2_ws/install/aubo_dashboard_msgs/include/aubo_dashboard_msgs/msg/detail/safety_mode__rosidl_typesupport_fastrtps_cpp.hpp
[6.476s] -- Installing: /home/mu/IVG/aubo_ros2_ws/install/aubo_dashboard_msgs/include/aubo_dashboard_msgs/msg/rosidl_typesupport_fastrtps_cpp__visibility_control.h
[6.477s] -- Up-to-date: /home/mu/IVG/aubo_ros2_ws/install/aubo_dashboard_msgs/include/aubo_dashboard_msgs/action
[6.477s] -- Up-to-date: /home/mu/IVG/aubo_ros2_ws/install/aubo_dashboard_msgs/include/aubo_dashboard_msgs/action/detail
[6.477s] -- Installing: /home/mu/IVG/aubo_ros2_ws/install/aubo_dashboard_msgs/include/aubo_dashboard_msgs/action/detail/dds_fastrtps
[6.477s] -- Installing: /home/mu/IVG/aubo_ros2_ws/install/aubo_dashboard_msgs/include/aubo_dashboard_msgs/action/detail/set_mode__rosidl_typesupport_fastrtps_cpp.hpp
[6.477s] -- Installing: /home/mu/IVG/aubo_ros2_ws/install/aubo_dashboard_msgs/lib/libaubo_dashboard_msgs__rosidl_typesupport_fastrtps_cpp.so
[6.477s] -- Set runtime path of "/home/mu/IVG/aubo_ros2_ws/install/aubo_dashboard_msgs/lib/libaubo_dashboard_msgs__rosidl_typesupport_fastrtps_cpp.so" to ""
[6.477s] -- Up-to-date: /home/mu/IVG/aubo_ros2_ws/install/aubo_dashboard_msgs/include/aubo_dashboard_msgs
[6.477s] -- Up-to-date: /home/mu/IVG/aubo_ros2_ws/install/aubo_dashboard_msgs/include/aubo_dashboard_msgs/srv
[6.477s] -- Up-to-date: /home/mu/IVG/aubo_ros2_ws/install/aubo_dashboard_msgs/include/aubo_dashboard_msgs/srv/detail
[6.477s] -- Installing: /home/mu/IVG/aubo_ros2_ws/install/aubo_dashboard_msgs/include/aubo_dashboard_msgs/srv/detail/load__type_support.c
[6.477s] -- Installing: /home/mu/IVG/aubo_ros2_ws/install/aubo_dashboard_msgs/include/aubo_dashboard_msgs/srv/detail/is_in_remote_control__type_support.c
[6.477s] -- Installing: /home/mu/IVG/aubo_ros2_ws/install/aubo_dashboard_msgs/include/aubo_dashboard_msgs/srv/detail/get_loaded_program__rosidl_typesupport_introspection_c.h
[6.477s] -- Installing: /home/mu/IVG/aubo_ros2_ws/install/aubo_dashboard_msgs/include/aubo_dashboard_msgs/srv/detail/get_safety_mode__type_support.c
[6.477s] -- Installing: /home/mu/IVG/aubo_ros2_ws/install/aubo_dashboard_msgs/include/aubo_dashboard_msgs/srv/detail/get_robot_mode__type_support.c
[6.477s] -- Installing: /home/mu/IVG/aubo_ros2_ws/install/aubo_dashboard_msgs/include/aubo_dashboard_msgs/srv/detail/popup__type_support.c
[6.477s] -- Installing: /home/mu/IVG/aubo_ros2_ws/install/aubo_dashboard_msgs/include/aubo_dashboard_msgs/srv/detail/popup__rosidl_typesupport_introspection_c.h
[6.478s] -- Installing: /home/mu/IVG/aubo_ros2_ws/install/aubo_dashboard_msgs/include/aubo_dashboard_msgs/srv/detail/add_to_log__rosidl_typesupport_introspection_c.h
[6.478s] -- Installing: /home/mu/IVG/aubo_ros2_ws/install/aubo_dashboard_msgs/include/aubo_dashboard_msgs/srv/detail/raw_request__rosidl_typesupport_introspection_c.h
[6.478s] -- Installing: /home/mu/IVG/aubo_ros2_ws/install/aubo_dashboard_msgs/include/aubo_dashboard_msgs/srv/detail/get_program_state__type_support.c
[6.478s] -- Installing: /home/mu/IVG/aubo_ros2_ws/install/aubo_dashboard_msgs/include/aubo_dashboard_msgs/srv/detail/is_in_remote_control__rosidl_typesupport_introspection_c.h
[6.478s] -- Installing: /home/mu/IVG/aubo_ros2_ws/install/aubo_dashboard_msgs/include/aubo_dashboard_msgs/srv/detail/get_program_state__rosidl_typesupport_introspection_c.h
[6.478s] -- Installing: /home/mu/IVG/aubo_ros2_ws/install/aubo_dashboard_msgs/include/aubo_dashboard_msgs/srv/detail/is_program_saved__type_support.c
[6.478s] -- Installing: /home/mu/IVG/aubo_ros2_ws/install/aubo_dashboard_msgs/include/aubo_dashboard_msgs/srv/detail/is_program_saved__rosidl_typesupport_introspection_c.h
[6.478s] -- Installing: /home/mu/IVG/aubo_ros2_ws/install/aubo_dashboard_msgs/include/aubo_dashboard_msgs/srv/detail/get_robot_mode__rosidl_typesupport_introspection_c.h
[6.478s] -- Installing: /home/mu/IVG/aubo_ros2_ws/install/aubo_dashboard_msgs/include/aubo_dashboard_msgs/srv/detail/raw_request__type_support.c
[6.478s] -- Installing: /home/mu/IVG/aubo_ros2_ws/install/aubo_dashboard_msgs/include/aubo_dashboard_msgs/srv/detail/is_program_running__rosidl_typesupport_introspection_c.h
[6.478s] -- Installing: /home/mu/IVG/aubo_ros2_ws/install/aubo_dashboard_msgs/include/aubo_dashboard_msgs/srv/detail/load__rosidl_typesupport_introspection_c.h
[6.478s] -- Installing: /home/mu/IVG/aubo_ros2_ws/install/aubo_dashboard_msgs/include/aubo_dashboard_msgs/srv/detail/get_loaded_program__type_support.c
[6.478s] -- Installing: /home/mu/IVG/aubo_ros2_ws/install/aubo_dashboard_msgs/include/aubo_dashboard_msgs/srv/detail/get_safety_mode__rosidl_typesupport_introspection_c.h
[6.478s] -- Installing: /home/mu/IVG/aubo_ros2_ws/install/aubo_dashboard_msgs/include/aubo_dashboard_msgs/srv/detail/is_program_running__type_support.c
[6.478s] -- Installing: /home/mu/IVG/aubo_ros2_ws/install/aubo_dashboard_msgs/include/aubo_dashboard_msgs/srv/detail/add_to_log__type_support.c
[6.478s] -- Up-to-date: /home/mu/IVG/aubo_ros2_ws/install/aubo_dashboard_msgs/include/aubo_dashboard_msgs/msg
[6.478s] -- Installing: /home/mu/IVG/aubo_ros2_ws/install/aubo_dashboard_msgs/include/aubo_dashboard_msgs/msg/rosidl_typesupport_introspection_c__visibility_control.h
[6.478s] -- Up-to-date: /home/mu/IVG/aubo_ros2_ws/install/aubo_dashboard_msgs/include/aubo_dashboard_msgs/msg/detail
[6.478s] -- Installing: /home/mu/IVG/aubo_ros2_ws/install/aubo_dashboard_msgs/include/aubo_dashboard_msgs/msg/detail/program_state__rosidl_typesupport_introspection_c.h
[6.478s] -- Installing: /home/mu/IVG/aubo_ros2_ws/install/aubo_dashboard_msgs/include/aubo_dashboard_msgs/msg/detail/safety_mode__rosidl_typesupport_introspection_c.h
[6.478s] -- Installing: /home/mu/IVG/aubo_ros2_ws/install/aubo_dashboard_msgs/include/aubo_dashboard_msgs/msg/detail/program_state__type_support.c
[6.478s] -- Installing: /home/mu/IVG/aubo_ros2_ws/install/aubo_dashboard_msgs/include/aubo_dashboard_msgs/msg/detail/safety_mode__type_support.c
[6.478s] -- Installing: /home/mu/IVG/aubo_ros2_ws/install/aubo_dashboard_msgs/include/aubo_dashboard_msgs/msg/detail/robot_mode__type_support.c
[6.478s] -- Installing: /home/mu/IVG/aubo_ros2_ws/install/aubo_dashboard_msgs/include/aubo_dashboard_msgs/msg/detail/robot_mode__rosidl_typesupport_introspection_c.h
[6.478s] -- Up-to-date: /home/mu/IVG/aubo_ros2_ws/install/aubo_dashboard_msgs/include/aubo_dashboard_msgs/action
[6.478s] -- Up-to-date: /home/mu/IVG/aubo_ros2_ws/install/aubo_dashboard_msgs/include/aubo_dashboard_msgs/action/detail
[6.478s] -- Installing: /home/mu/IVG/aubo_ros2_ws/install/aubo_dashboard_msgs/include/aubo_dashboard_msgs/action/detail/set_mode__rosidl_typesupport_introspection_c.h
[6.479s] -- Installing: /home/mu/IVG/aubo_ros2_ws/install/aubo_dashboard_msgs/include/aubo_dashboard_msgs/action/detail/set_mode__type_support.c
[6.479s] -- Installing: /home/mu/IVG/aubo_ros2_ws/install/aubo_dashboard_msgs/lib/libaubo_dashboard_msgs__rosidl_typesupport_introspection_c.so
[6.479s] -- Set runtime path of "/home/mu/IVG/aubo_ros2_ws/install/aubo_dashboard_msgs/lib/libaubo_dashboard_msgs__rosidl_typesupport_introspection_c.so" to ""
[6.479s] -- Installing: /home/mu/IVG/aubo_ros2_ws/install/aubo_dashboard_msgs/lib/libaubo_dashboard_msgs__rosidl_typesupport_c.so
[6.479s] -- Set runtime path of "/home/mu/IVG/aubo_ros2_ws/install/aubo_dashboard_msgs/lib/libaubo_dashboard_msgs__rosidl_typesupport_c.so" to ""
[6.479s] -- Up-to-date: /home/mu/IVG/aubo_ros2_ws/install/aubo_dashboard_msgs/include/aubo_dashboard_msgs
[6.479s] -- Up-to-date: /home/mu/IVG/aubo_ros2_ws/install/aubo_dashboard_msgs/include/aubo_dashboard_msgs/srv
[6.479s] -- Installing: /home/mu/IVG/aubo_ros2_ws/install/aubo_dashboard_msgs/include/aubo_dashboard_msgs/srv/is_program_running.hpp
[6.479s] -- Installing: /home/mu/IVG/aubo_ros2_ws/install/aubo_dashboard_msgs/include/aubo_dashboard_msgs/srv/load.hpp
[6.479s] -- Up-to-date: /home/mu/IVG/aubo_ros2_ws/install/aubo_dashboard_msgs/include/aubo_dashboard_msgs/srv/detail
[6.479s] -- Installing: /home/mu/IVG/aubo_ros2_ws/install/aubo_dashboard_msgs/include/aubo_dashboard_msgs/srv/detail/get_safety_mode__traits.hpp
[6.479s] -- Installing: /home/mu/IVG/aubo_ros2_ws/install/aubo_dashboard_msgs/include/aubo_dashboard_msgs/srv/detail/raw_request__struct.hpp
[6.479s] -- Installing: /home/mu/IVG/aubo_ros2_ws/install/aubo_dashboard_msgs/include/aubo_dashboard_msgs/srv/detail/popup__type_support.hpp
[6.479s] -- Installing: /home/mu/IVG/aubo_ros2_ws/install/aubo_dashboard_msgs/include/aubo_dashboard_msgs/srv/detail/get_program_state__traits.hpp
[6.479s] -- Installing: /home/mu/IVG/aubo_ros2_ws/install/aubo_dashboard_msgs/include/aubo_dashboard_msgs/srv/detail/get_loaded_program__type_support.hpp
[6.479s] -- Installing: /home/mu/IVG/aubo_ros2_ws/install/aubo_dashboard_msgs/include/aubo_dashboard_msgs/srv/detail/get_loaded_program__traits.hpp
[6.479s] -- Installing: /home/mu/IVG/aubo_ros2_ws/install/aubo_dashboard_msgs/include/aubo_dashboard_msgs/srv/detail/get_program_state__struct.hpp
[6.479s] -- Installing: /home/mu/IVG/aubo_ros2_ws/install/aubo_dashboard_msgs/include/aubo_dashboard_msgs/srv/detail/raw_request__builder.hpp
[6.479s] -- Installing: /home/mu/IVG/aubo_ros2_ws/install/aubo_dashboard_msgs/include/aubo_dashboard_msgs/srv/detail/is_in_remote_control__traits.hpp
[6.479s] -- Installing: /home/mu/IVG/aubo_ros2_ws/install/aubo_dashboard_msgs/include/aubo_dashboard_msgs/srv/detail/popup__builder.hpp
[6.479s] -- Installing: /home/mu/IVG/aubo_ros2_ws/install/aubo_dashboard_msgs/include/aubo_dashboard_msgs/srv/detail/load__type_support.hpp
[6.479s] -- Installing: /home/mu/IVG/aubo_ros2_ws/install/aubo_dashboard_msgs/include/aubo_dashboard_msgs/srv/detail/raw_request__type_support.hpp
[6.479s] -- Installing: /home/mu/IVG/aubo_ros2_ws/install/aubo_dashboard_msgs/include/aubo_dashboard_msgs/srv/detail/add_to_log__builder.hpp
[6.479s] -- Installing: /home/mu/IVG/aubo_ros2_ws/install/aubo_dashboard_msgs/include/aubo_dashboard_msgs/srv/detail/get_robot_mode__builder.hpp
[6.479s] -- Installing: /home/mu/IVG/aubo_ros2_ws/install/aubo_dashboard_msgs/include/aubo_dashboard_msgs/srv/detail/is_program_running__type_support.hpp
[6.479s] -- Installing: /home/mu/IVG/aubo_ros2_ws/install/aubo_dashboard_msgs/include/aubo_dashboard_msgs/srv/detail/popup__struct.hpp
[6.479s] -- Installing: /home/mu/IVG/aubo_ros2_ws/install/aubo_dashboard_msgs/include/aubo_dashboard_msgs/srv/detail/get_robot_mode__struct.hpp
[6.479s] -- Installing: /home/mu/IVG/aubo_ros2_ws/install/aubo_dashboard_msgs/include/aubo_dashboard_msgs/srv/detail/is_program_saved__builder.hpp
[6.479s] -- Installing: /home/mu/IVG/aubo_ros2_ws/install/aubo_dashboard_msgs/include/aubo_dashboard_msgs/srv/detail/get_safety_mode__type_support.hpp
[6.479s] -- Installing: /home/mu/IVG/aubo_ros2_ws/install/aubo_dashboard_msgs/include/aubo_dashboard_msgs/srv/detail/get_safety_mode__builder.hpp
[6.479s] -- Installing: /home/mu/IVG/aubo_ros2_ws/install/aubo_dashboard_msgs/include/aubo_dashboard_msgs/srv/detail/add_to_log__traits.hpp
[6.479s] -- Installing: /home/mu/IVG/aubo_ros2_ws/install/aubo_dashboard_msgs/include/aubo_dashboard_msgs/srv/detail/is_program_running__struct.hpp
[6.479s] -- Installing: /home/mu/IVG/aubo_ros2_ws/install/aubo_dashboard_msgs/include/aubo_dashboard_msgs/srv/detail/add_to_log__type_support.hpp
[6.479s] -- Installing: /home/mu/IVG/aubo_ros2_ws/install/aubo_dashboard_msgs/include/aubo_dashboard_msgs/srv/detail/get_loaded_program__builder.hpp
[6.479s] -- Installing: /home/mu/IVG/aubo_ros2_ws/install/aubo_dashboard_msgs/include/aubo_dashboard_msgs/srv/detail/is_program_running__traits.hpp
[6.479s] -- Installing: /home/mu/IVG/aubo_ros2_ws/install/aubo_dashboard_msgs/include/aubo_dashboard_msgs/srv/detail/is_in_remote_control__type_support.hpp
[6.479s] -- Installing: /home/mu/IVG/aubo_ros2_ws/install/aubo_dashboard_msgs/include/aubo_dashboard_msgs/srv/detail/is_program_saved__type_support.hpp
[6.479s] -- Installing: /home/mu/IVG/aubo_ros2_ws/install/aubo_dashboard_msgs/include/aubo_dashboard_msgs/srv/detail/is_in_remote_control__builder.hpp
[6.480s] -- Installing: /home/mu/IVG/aubo_ros2_ws/install/aubo_dashboard_msgs/include/aubo_dashboard_msgs/srv/detail/raw_request__traits.hpp
[6.480s] -- Installing: /home/mu/IVG/aubo_ros2_ws/install/aubo_dashboard_msgs/include/aubo_dashboard_msgs/srv/detail/is_program_running__builder.hpp
[6.480s] -- Installing: /home/mu/IVG/aubo_ros2_ws/install/aubo_dashboard_msgs/include/aubo_dashboard_msgs/srv/detail/is_program_saved__traits.hpp
[6.480s] -- Installing: /home/mu/IVG/aubo_ros2_ws/install/aubo_dashboard_msgs/include/aubo_dashboard_msgs/srv/detail/popup__traits.hpp
[6.480s] -- Installing: /home/mu/IVG/aubo_ros2_ws/install/aubo_dashboard_msgs/include/aubo_dashboard_msgs/srv/detail/get_robot_mode__type_support.hpp
[6.480s] -- Installing: /home/mu/IVG/aubo_ros2_ws/install/aubo_dashboard_msgs/include/aubo_dashboard_msgs/srv/detail/get_safety_mode__struct.hpp
[6.480s] -- Installing: /home/mu/IVG/aubo_ros2_ws/install/aubo_dashboard_msgs/include/aubo_dashboard_msgs/srv/detail/get_robot_mode__traits.hpp
[6.480s] -- Installing: /home/mu/IVG/aubo_ros2_ws/install/aubo_dashboard_msgs/include/aubo_dashboard_msgs/srv/detail/get_program_state__type_support.hpp
[6.480s] -- Installing: /home/mu/IVG/aubo_ros2_ws/install/aubo_dashboard_msgs/include/aubo_dashboard_msgs/srv/detail/load__traits.hpp
[6.480s] -- Installing: /home/mu/IVG/aubo_ros2_ws/install/aubo_dashboard_msgs/include/aubo_dashboard_msgs/srv/detail/load__struct.hpp
[6.480s] -- Installing: /home/mu/IVG/aubo_ros2_ws/install/aubo_dashboard_msgs/include/aubo_dashboard_msgs/srv/detail/add_to_log__struct.hpp
[6.480s] -- Installing: /home/mu/IVG/aubo_ros2_ws/install/aubo_dashboard_msgs/include/aubo_dashboard_msgs/srv/detail/is_in_remote_control__struct.hpp
[6.480s] -- Installing: /home/mu/IVG/aubo_ros2_ws/install/aubo_dashboard_msgs/include/aubo_dashboard_msgs/srv/detail/is_program_saved__struct.hpp
[6.480s] -- Installing: /home/mu/IVG/aubo_ros2_ws/install/aubo_dashboard_msgs/include/aubo_dashboard_msgs/srv/detail/load__builder.hpp
[6.480s] -- Installing: /home/mu/IVG/aubo_ros2_ws/install/aubo_dashboard_msgs/include/aubo_dashboard_msgs/srv/detail/get_loaded_program__struct.hpp
[6.480s] -- Installing: /home/mu/IVG/aubo_ros2_ws/install/aubo_dashboard_msgs/include/aubo_dashboard_msgs/srv/detail/get_program_state__builder.hpp
[6.480s] -- Installing: /home/mu/IVG/aubo_ros2_ws/install/aubo_dashboard_msgs/include/aubo_dashboard_msgs/srv/is_in_remote_control.hpp
[6.480s] -- Installing: /home/mu/IVG/aubo_ros2_ws/install/aubo_dashboard_msgs/include/aubo_dashboard_msgs/srv/get_safety_mode.hpp
[6.480s] -- Installing: /home/mu/IVG/aubo_ros2_ws/install/aubo_dashboard_msgs/include/aubo_dashboard_msgs/srv/get_robot_mode.hpp
[6.480s] -- Installing: /home/mu/IVG/aubo_ros2_ws/install/aubo_dashboard_msgs/include/aubo_dashboard_msgs/srv/get_program_state.hpp
[6.480s] -- Installing: /home/mu/IVG/aubo_ros2_ws/install/aubo_dashboard_msgs/include/aubo_dashboard_msgs/srv/get_loaded_program.hpp
[6.480s] -- Installing: /home/mu/IVG/aubo_ros2_ws/install/aubo_dashboard_msgs/include/aubo_dashboard_msgs/srv/popup.hpp
[6.480s] -- Installing: /home/mu/IVG/aubo_ros2_ws/install/aubo_dashboard_msgs/include/aubo_dashboard_msgs/srv/raw_request.hpp
[6.480s] -- Installing: /home/mu/IVG/aubo_ros2_ws/install/aubo_dashboard_msgs/include/aubo_dashboard_msgs/srv/add_to_log.hpp
[6.480s] -- Installing: /home/mu/IVG/aubo_ros2_ws/install/aubo_dashboard_msgs/include/aubo_dashboard_msgs/srv/is_program_saved.hpp
[6.480s] -- Up-to-date: /home/mu/IVG/aubo_ros2_ws/install/aubo_dashboard_msgs/include/aubo_dashboard_msgs/msg
[6.480s] -- Installing: /home/mu/IVG/aubo_ros2_ws/install/aubo_dashboard_msgs/include/aubo_dashboard_msgs/msg/robot_mode.hpp
[6.480s] -- Up-to-date: /home/mu/IVG/aubo_ros2_ws/install/aubo_dashboard_msgs/include/aubo_dashboard_msgs/msg/detail
[6.480s] -- Installing: /home/mu/IVG/aubo_ros2_ws/install/aubo_dashboard_msgs/include/aubo_dashboard_msgs/msg/detail/program_state__builder.hpp
[6.480s] -- Installing: /home/mu/IVG/aubo_ros2_ws/install/aubo_dashboard_msgs/include/aubo_dashboard_msgs/msg/detail/program_state__struct.hpp
[6.480s] -- Installing: /home/mu/IVG/aubo_ros2_ws/install/aubo_dashboard_msgs/include/aubo_dashboard_msgs/msg/detail/safety_mode__type_support.hpp
[6.480s] -- Installing: /home/mu/IVG/aubo_ros2_ws/install/aubo_dashboard_msgs/include/aubo_dashboard_msgs/msg/detail/program_state__traits.hpp
[6.480s] -- Installing: /home/mu/IVG/aubo_ros2_ws/install/aubo_dashboard_msgs/include/aubo_dashboard_msgs/msg/detail/safety_mode__builder.hpp
[6.480s] -- Installing: /home/mu/IVG/aubo_ros2_ws/install/aubo_dashboard_msgs/include/aubo_dashboard_msgs/msg/detail/robot_mode__traits.hpp
[6.480s] -- Installing: /home/mu/IVG/aubo_ros2_ws/install/aubo_dashboard_msgs/include/aubo_dashboard_msgs/msg/detail/safety_mode__traits.hpp
[6.480s] -- Installing: /home/mu/IVG/aubo_ros2_ws/install/aubo_dashboard_msgs/include/aubo_dashboard_msgs/msg/detail/program_state__type_support.hpp
[6.480s] -- Installing: /home/mu/IVG/aubo_ros2_ws/install/aubo_dashboard_msgs/include/aubo_dashboard_msgs/msg/detail/safety_mode__struct.hpp
[6.481s] -- Installing: /home/mu/IVG/aubo_ros2_ws/install/aubo_dashboard_msgs/include/aubo_dashboard_msgs/msg/detail/robot_mode__builder.hpp
[6.481s] -- Installing: /home/mu/IVG/aubo_ros2_ws/install/aubo_dashboard_msgs/include/aubo_dashboard_msgs/msg/detail/robot_mode__type_support.hpp
[6.481s] -- Installing: /home/mu/IVG/aubo_ros2_ws/install/aubo_dashboard_msgs/include/aubo_dashboard_msgs/msg/detail/robot_mode__struct.hpp
[6.481s] -- Installing: /home/mu/IVG/aubo_ros2_ws/install/aubo_dashboard_msgs/include/aubo_dashboard_msgs/msg/program_state.hpp
[6.481s] -- Installing: /home/mu/IVG/aubo_ros2_ws/install/aubo_dashboard_msgs/include/aubo_dashboard_msgs/msg/rosidl_generator_cpp__visibility_control.hpp
[6.481s] -- Installing: /home/mu/IVG/aubo_ros2_ws/install/aubo_dashboard_msgs/include/aubo_dashboard_msgs/msg/safety_mode.hpp
[6.481s] -- Up-to-date: /home/mu/IVG/aubo_ros2_ws/install/aubo_dashboard_msgs/include/aubo_dashboard_msgs/action
[6.481s] -- Up-to-date: /home/mu/IVG/aubo_ros2_ws/install/aubo_dashboard_msgs/include/aubo_dashboard_msgs/action/detail
[6.481s] -- Installing: /home/mu/IVG/aubo_ros2_ws/install/aubo_dashboard_msgs/include/aubo_dashboard_msgs/action/detail/set_mode__traits.hpp
[6.481s] -- Installing: /home/mu/IVG/aubo_ros2_ws/install/aubo_dashboard_msgs/include/aubo_dashboard_msgs/action/detail/set_mode__builder.hpp
[6.481s] -- Installing: /home/mu/IVG/aubo_ros2_ws/install/aubo_dashboard_msgs/include/aubo_dashboard_msgs/action/detail/set_mode__type_support.hpp
[6.481s] -- Installing: /home/mu/IVG/aubo_ros2_ws/install/aubo_dashboard_msgs/include/aubo_dashboard_msgs/action/detail/set_mode__struct.hpp
[6.481s] -- Installing: /home/mu/IVG/aubo_ros2_ws/install/aubo_dashboard_msgs/include/aubo_dashboard_msgs/action/set_mode.hpp
[6.481s] -- Up-to-date: /home/mu/IVG/aubo_ros2_ws/install/aubo_dashboard_msgs/include/aubo_dashboard_msgs
[6.481s] -- Up-to-date: /home/mu/IVG/aubo_ros2_ws/install/aubo_dashboard_msgs/include/aubo_dashboard_msgs/srv
[6.481s] -- Up-to-date: /home/mu/IVG/aubo_ros2_ws/install/aubo_dashboard_msgs/include/aubo_dashboard_msgs/srv/detail
[6.481s] -- Installing: /home/mu/IVG/aubo_ros2_ws/install/aubo_dashboard_msgs/include/aubo_dashboard_msgs/srv/detail/load__rosidl_typesupport_introspection_cpp.hpp
[6.481s] -- Installing: /home/mu/IVG/aubo_ros2_ws/install/aubo_dashboard_msgs/include/aubo_dashboard_msgs/srv/detail/popup__rosidl_typesupport_introspection_cpp.hpp
[6.481s] -- Installing: /home/mu/IVG/aubo_ros2_ws/install/aubo_dashboard_msgs/include/aubo_dashboard_msgs/srv/detail/raw_request__type_support.cpp
[6.481s] -- Installing: /home/mu/IVG/aubo_ros2_ws/install/aubo_dashboard_msgs/include/aubo_dashboard_msgs/srv/detail/is_program_saved__rosidl_typesupport_introspection_cpp.hpp
[6.481s] -- Installing: /home/mu/IVG/aubo_ros2_ws/install/aubo_dashboard_msgs/include/aubo_dashboard_msgs/srv/detail/is_program_running__rosidl_typesupport_introspection_cpp.hpp
[6.481s] -- Installing: /home/mu/IVG/aubo_ros2_ws/install/aubo_dashboard_msgs/include/aubo_dashboard_msgs/srv/detail/get_safety_mode__rosidl_typesupport_introspection_cpp.hpp
[6.481s] -- Installing: /home/mu/IVG/aubo_ros2_ws/install/aubo_dashboard_msgs/include/aubo_dashboard_msgs/srv/detail/get_loaded_program__rosidl_typesupport_introspection_cpp.hpp
[6.481s] -- Installing: /home/mu/IVG/aubo_ros2_ws/install/aubo_dashboard_msgs/include/aubo_dashboard_msgs/srv/detail/get_safety_mode__type_support.cpp
[6.481s] -- Installing: /home/mu/IVG/aubo_ros2_ws/install/aubo_dashboard_msgs/include/aubo_dashboard_msgs/srv/detail/get_program_state__rosidl_typesupport_introspection_cpp.hpp
[6.481s] -- Installing: /home/mu/IVG/aubo_ros2_ws/install/aubo_dashboard_msgs/include/aubo_dashboard_msgs/srv/detail/add_to_log__rosidl_typesupport_introspection_cpp.hpp
[6.481s] -- Installing: /home/mu/IVG/aubo_ros2_ws/install/aubo_dashboard_msgs/include/aubo_dashboard_msgs/srv/detail/is_program_saved__type_support.cpp
[6.481s] -- Installing: /home/mu/IVG/aubo_ros2_ws/install/aubo_dashboard_msgs/include/aubo_dashboard_msgs/srv/detail/load__type_support.cpp
[6.481s] -- Installing: /home/mu/IVG/aubo_ros2_ws/install/aubo_dashboard_msgs/include/aubo_dashboard_msgs/srv/detail/get_robot_mode__rosidl_typesupport_introspection_cpp.hpp
[6.481s] -- Installing: /home/mu/IVG/aubo_ros2_ws/install/aubo_dashboard_msgs/include/aubo_dashboard_msgs/srv/detail/raw_request__rosidl_typesupport_introspection_cpp.hpp
[6.481s] -- Installing: /home/mu/IVG/aubo_ros2_ws/install/aubo_dashboard_msgs/include/aubo_dashboard_msgs/srv/detail/add_to_log__type_support.cpp
[6.481s] -- Installing: /home/mu/IVG/aubo_ros2_ws/install/aubo_dashboard_msgs/include/aubo_dashboard_msgs/srv/detail/get_program_state__type_support.cpp
[6.481s] -- Installing: /home/mu/IVG/aubo_ros2_ws/install/aubo_dashboard_msgs/include/aubo_dashboard_msgs/srv/detail/is_in_remote_control__type_support.cpp
[6.481s] -- Installing: /home/mu/IVG/aubo_ros2_ws/install/aubo_dashboard_msgs/include/aubo_dashboard_msgs/srv/detail/popup__type_support.cpp
[6.481s] -- Installing: /home/mu/IVG/aubo_ros2_ws/install/aubo_dashboard_msgs/include/aubo_dashboard_msgs/srv/detail/is_program_running__type_support.cpp
[6.481s] -- Installing: /home/mu/IVG/aubo_ros2_ws/install/aubo_dashboard_msgs/include/aubo_dashboard_msgs/srv/detail/get_loaded_program__type_support.cpp
[6.481s] -- Installing: /home/mu/IVG/aubo_ros2_ws/install/aubo_dashboard_msgs/include/aubo_dashboard_msgs/srv/detail/get_robot_mode__type_support.cpp
[6.481s] -- Installing: /home/mu/IVG/aubo_ros2_ws/install/aubo_dashboard_msgs/include/aubo_dashboard_msgs/srv/detail/is_in_remote_control__rosidl_typesupport_introspection_cpp.hpp
[6.482s] -- Up-to-date: /home/mu/IVG/aubo_ros2_ws/install/aubo_dashboard_msgs/include/aubo_dashboard_msgs/msg
[6.482s] -- Up-to-date: /home/mu/IVG/aubo_ros2_ws/install/aubo_dashboard_msgs/include/aubo_dashboard_msgs/msg/detail
[6.482s] -- Installing: /home/mu/IVG/aubo_ros2_ws/install/aubo_dashboard_msgs/include/aubo_dashboard_msgs/msg/detail/robot_mode__rosidl_typesupport_introspection_cpp.hpp
[6.482s] -- Installing: /home/mu/IVG/aubo_ros2_ws/install/aubo_dashboard_msgs/include/aubo_dashboard_msgs/msg/detail/program_state__type_support.cpp
[6.482s] -- Installing: /home/mu/IVG/aubo_ros2_ws/install/aubo_dashboard_msgs/include/aubo_dashboard_msgs/msg/detail/robot_mode__type_support.cpp
[6.482s] -- Installing: /home/mu/IVG/aubo_ros2_ws/install/aubo_dashboard_msgs/include/aubo_dashboard_msgs/msg/detail/safety_mode__rosidl_typesupport_introspection_cpp.hpp
[6.482s] -- Installing: /home/mu/IVG/aubo_ros2_ws/install/aubo_dashboard_msgs/include/aubo_dashboard_msgs/msg/detail/safety_mode__type_support.cpp
[6.482s] -- Installing: /home/mu/IVG/aubo_ros2_ws/install/aubo_dashboard_msgs/include/aubo_dashboard_msgs/msg/detail/program_state__rosidl_typesupport_introspection_cpp.hpp
[6.482s] -- Up-to-date: /home/mu/IVG/aubo_ros2_ws/install/aubo_dashboard_msgs/include/aubo_dashboard_msgs/action
[6.482s] -- Up-to-date: /home/mu/IVG/aubo_ros2_ws/install/aubo_dashboard_msgs/include/aubo_dashboard_msgs/action/detail
[6.482s] -- Installing: /home/mu/IVG/aubo_ros2_ws/install/aubo_dashboard_msgs/include/aubo_dashboard_msgs/action/detail/set_mode__rosidl_typesupport_introspection_cpp.hpp
[6.482s] -- Installing: /home/mu/IVG/aubo_ros2_ws/install/aubo_dashboard_msgs/include/aubo_dashboard_msgs/action/detail/set_mode__type_support.cpp
[6.482s] -- Installing: /home/mu/IVG/aubo_ros2_ws/install/aubo_dashboard_msgs/lib/libaubo_dashboard_msgs__rosidl_typesupport_introspection_cpp.so
[6.482s] -- Set runtime path of "/home/mu/IVG/aubo_ros2_ws/install/aubo_dashboard_msgs/lib/libaubo_dashboard_msgs__rosidl_typesupport_introspection_cpp.so" to ""
[6.482s] -- Installing: /home/mu/IVG/aubo_ros2_ws/install/aubo_dashboard_msgs/lib/libaubo_dashboard_msgs__rosidl_typesupport_cpp.so
[6.482s] -- Set runtime path of "/home/mu/IVG/aubo_ros2_ws/install/aubo_dashboard_msgs/lib/libaubo_dashboard_msgs__rosidl_typesupport_cpp.so" to ""
[6.482s] -- Installing: /home/mu/IVG/aubo_ros2_ws/install/aubo_dashboard_msgs/share/aubo_dashboard_msgs/environment/pythonpath.sh
[6.482s] -- Installing: /home/mu/IVG/aubo_ros2_ws/install/aubo_dashboard_msgs/share/aubo_dashboard_msgs/environment/pythonpath.dsv
[6.482s] -- Installing: /home/mu/IVG/aubo_ros2_ws/install/aubo_dashboard_msgs/lib/python3.8/site-packages/aubo_dashboard_msgs/__init__.py
[6.496s] Compiling '/home/mu/IVG/aubo_ros2_ws/install/aubo_dashboard_msgs/lib/python3.8/site-packages/aubo_dashboard_msgs/__init__.py'...
[6.499s] -- Installing: /home/mu/IVG/aubo_ros2_ws/install/aubo_dashboard_msgs/lib/python3.8/site-packages/aubo_dashboard_msgs/msg
[6.499s] -- Installing: /home/mu/IVG/aubo_ros2_ws/install/aubo_dashboard_msgs/lib/python3.8/site-packages/aubo_dashboard_msgs/msg/_program_state.py
[6.499s] -- Installing: /home/mu/IVG/aubo_ros2_ws/install/aubo_dashboard_msgs/lib/python3.8/site-packages/aubo_dashboard_msgs/msg/_robot_mode.py
[6.499s] -- Installing: /home/mu/IVG/aubo_ros2_ws/install/aubo_dashboard_msgs/lib/python3.8/site-packages/aubo_dashboard_msgs/msg/_safety_mode_s.c
[6.499s] -- Installing: /home/mu/IVG/aubo_ros2_ws/install/aubo_dashboard_msgs/lib/python3.8/site-packages/aubo_dashboard_msgs/msg/_program_state_s.c
[6.499s] -- Installing: /home/mu/IVG/aubo_ros2_ws/install/aubo_dashboard_msgs/lib/python3.8/site-packages/aubo_dashboard_msgs/msg/_safety_mode.py
[6.499s] -- Installing: /home/mu/IVG/aubo_ros2_ws/install/aubo_dashboard_msgs/lib/python3.8/site-packages/aubo_dashboard_msgs/msg/__init__.py
[6.499s] -- Installing: /home/mu/IVG/aubo_ros2_ws/install/aubo_dashboard_msgs/lib/python3.8/site-packages/aubo_dashboard_msgs/msg/_robot_mode_s.c
[6.500s] -- Installing: /home/mu/IVG/aubo_ros2_ws/install/aubo_dashboard_msgs/lib/python3.8/site-packages/aubo_dashboard_msgs/srv
[6.500s] -- Installing: /home/mu/IVG/aubo_ros2_ws/install/aubo_dashboard_msgs/lib/python3.8/site-packages/aubo_dashboard_msgs/srv/_add_to_log_s.c
[6.500s] -- Installing: /home/mu/IVG/aubo_ros2_ws/install/aubo_dashboard_msgs/lib/python3.8/site-packages/aubo_dashboard_msgs/srv/_get_loaded_program_s.c
[6.500s] -- Installing: /home/mu/IVG/aubo_ros2_ws/install/aubo_dashboard_msgs/lib/python3.8/site-packages/aubo_dashboard_msgs/srv/_load_s.c
[6.500s] -- Installing: /home/mu/IVG/aubo_ros2_ws/install/aubo_dashboard_msgs/lib/python3.8/site-packages/aubo_dashboard_msgs/srv/_add_to_log.py
[6.500s] -- Installing: /home/mu/IVG/aubo_ros2_ws/install/aubo_dashboard_msgs/lib/python3.8/site-packages/aubo_dashboard_msgs/srv/_get_safety_mode_s.c
[6.500s] -- Installing: /home/mu/IVG/aubo_ros2_ws/install/aubo_dashboard_msgs/lib/python3.8/site-packages/aubo_dashboard_msgs/srv/_get_safety_mode.py
[6.500s] -- Installing: /home/mu/IVG/aubo_ros2_ws/install/aubo_dashboard_msgs/lib/python3.8/site-packages/aubo_dashboard_msgs/srv/_load.py
[6.500s] -- Installing: /home/mu/IVG/aubo_ros2_ws/install/aubo_dashboard_msgs/lib/python3.8/site-packages/aubo_dashboard_msgs/srv/_is_in_remote_control.py
[6.500s] -- Installing: /home/mu/IVG/aubo_ros2_ws/install/aubo_dashboard_msgs/lib/python3.8/site-packages/aubo_dashboard_msgs/srv/_raw_request_s.c
[6.500s] -- Installing: /home/mu/IVG/aubo_ros2_ws/install/aubo_dashboard_msgs/lib/python3.8/site-packages/aubo_dashboard_msgs/srv/_is_program_saved.py
[6.500s] -- Installing: /home/mu/IVG/aubo_ros2_ws/install/aubo_dashboard_msgs/lib/python3.8/site-packages/aubo_dashboard_msgs/srv/_popup_s.c
[6.500s] -- Installing: /home/mu/IVG/aubo_ros2_ws/install/aubo_dashboard_msgs/lib/python3.8/site-packages/aubo_dashboard_msgs/srv/_is_in_remote_control_s.c
[6.500s] -- Installing: /home/mu/IVG/aubo_ros2_ws/install/aubo_dashboard_msgs/lib/python3.8/site-packages/aubo_dashboard_msgs/srv/_is_program_running_s.c
[6.500s] -- Installing: /home/mu/IVG/aubo_ros2_ws/install/aubo_dashboard_msgs/lib/python3.8/site-packages/aubo_dashboard_msgs/srv/_is_program_saved_s.c
[6.500s] -- Installing: /home/mu/IVG/aubo_ros2_ws/install/aubo_dashboard_msgs/lib/python3.8/site-packages/aubo_dashboard_msgs/srv/__init__.py
[6.500s] -- Installing: /home/mu/IVG/aubo_ros2_ws/install/aubo_dashboard_msgs/lib/python3.8/site-packages/aubo_dashboard_msgs/srv/_raw_request.py
[6.500s] -- Installing: /home/mu/IVG/aubo_ros2_ws/install/aubo_dashboard_msgs/lib/python3.8/site-packages/aubo_dashboard_msgs/srv/_is_program_running.py
[6.500s] -- Installing: /home/mu/IVG/aubo_ros2_ws/install/aubo_dashboard_msgs/lib/python3.8/site-packages/aubo_dashboard_msgs/srv/_popup.py
[6.500s] -- Installing: /home/mu/IVG/aubo_ros2_ws/install/aubo_dashboard_msgs/lib/python3.8/site-packages/aubo_dashboard_msgs/srv/_get_program_state.py
[6.500s] -- Installing: /home/mu/IVG/aubo_ros2_ws/install/aubo_dashboard_msgs/lib/python3.8/site-packages/aubo_dashboard_msgs/srv/_get_robot_mode_s.c
[6.500s] -- Installing: /home/mu/IVG/aubo_ros2_ws/install/aubo_dashboard_msgs/lib/python3.8/site-packages/aubo_dashboard_msgs/srv/_get_robot_mode.py
[6.500s] -- Installing: /home/mu/IVG/aubo_ros2_ws/install/aubo_dashboard_msgs/lib/python3.8/site-packages/aubo_dashboard_msgs/srv/_get_loaded_program.py
[6.500s] -- Installing: /home/mu/IVG/aubo_ros2_ws/install/aubo_dashboard_msgs/lib/python3.8/site-packages/aubo_dashboard_msgs/srv/_get_program_state_s.c
[6.501s] -- Installing: /home/mu/IVG/aubo_ros2_ws/install/aubo_dashboard_msgs/lib/python3.8/site-packages/aubo_dashboard_msgs/action
[6.501s] -- Installing: /home/mu/IVG/aubo_ros2_ws/install/aubo_dashboard_msgs/lib/python3.8/site-packages/aubo_dashboard_msgs/action/_set_mode.py
[6.501s] -- Installing: /home/mu/IVG/aubo_ros2_ws/install/aubo_dashboard_msgs/lib/python3.8/site-packages/aubo_dashboard_msgs/action/__init__.py
[6.501s] -- Installing: /home/mu/IVG/aubo_ros2_ws/install/aubo_dashboard_msgs/lib/python3.8/site-packages/aubo_dashboard_msgs/action/_set_mode_s.c
[6.501s] -- Installing: /home/mu/IVG/aubo_ros2_ws/install/aubo_dashboard_msgs/lib/python3.8/site-packages/aubo_dashboard_msgs/aubo_dashboard_msgs_s__rosidl_typesupport_fastrtps_c.cpython-38-x86_64-linux-gnu.so
[6.501s] -- Set runtime path of "/home/mu/IVG/aubo_ros2_ws/install/aubo_dashboard_msgs/lib/python3.8/site-packages/aubo_dashboard_msgs/aubo_dashboard_msgs_s__rosidl_typesupport_fastrtps_c.cpython-38-x86_64-linux-gnu.so" to ""
[6.501s] -- Installing: /home/mu/IVG/aubo_ros2_ws/install/aubo_dashboard_msgs/lib/python3.8/site-packages/aubo_dashboard_msgs/aubo_dashboard_msgs_s__rosidl_typesupport_introspection_c.cpython-38-x86_64-linux-gnu.so
[6.502s] -- Set runtime path of "/home/mu/IVG/aubo_ros2_ws/install/aubo_dashboard_msgs/lib/python3.8/site-packages/aubo_dashboard_msgs/aubo_dashboard_msgs_s__rosidl_typesupport_introspection_c.cpython-38-x86_64-linux-gnu.so" to ""
[6.502s] -- Installing: /home/mu/IVG/aubo_ros2_ws/install/aubo_dashboard_msgs/lib/python3.8/site-packages/aubo_dashboard_msgs/aubo_dashboard_msgs_s__rosidl_typesupport_c.cpython-38-x86_64-linux-gnu.so
[6.502s] -- Set runtime path of "/home/mu/IVG/aubo_ros2_ws/install/aubo_dashboard_msgs/lib/python3.8/site-packages/aubo_dashboard_msgs/aubo_dashboard_msgs_s__rosidl_typesupport_c.cpython-38-x86_64-linux-gnu.so" to ""
[6.502s] -- Installing: /home/mu/IVG/aubo_ros2_ws/install/aubo_dashboard_msgs/lib/libaubo_dashboard_msgs__python.so
[6.502s] -- Set runtime path of "/home/mu/IVG/aubo_ros2_ws/install/aubo_dashboard_msgs/lib/libaubo_dashboard_msgs__python.so" to ""
[6.502s] -- Installing: /home/mu/IVG/aubo_ros2_ws/install/aubo_dashboard_msgs/share/aubo_dashboard_msgs/msg/ProgramState.idl
[6.503s] -- Installing: /home/mu/IVG/aubo_ros2_ws/install/aubo_dashboard_msgs/share/aubo_dashboard_msgs/msg/RobotMode.idl
[6.503s] -- Installing: /home/mu/IVG/aubo_ros2_ws/install/aubo_dashboard_msgs/share/aubo_dashboard_msgs/msg/SafetyMode.idl
[6.503s] -- Installing: /home/mu/IVG/aubo_ros2_ws/install/aubo_dashboard_msgs/share/aubo_dashboard_msgs/srv/AddToLog.idl
[6.503s] -- Installing: /home/mu/IVG/aubo_ros2_ws/install/aubo_dashboard_msgs/share/aubo_dashboard_msgs/srv/GetLoadedProgram.idl
[6.503s] -- Installing: /home/mu/IVG/aubo_ros2_ws/install/aubo_dashboard_msgs/share/aubo_dashboard_msgs/srv/GetProgramState.idl
[6.503s] -- Installing: /home/mu/IVG/aubo_ros2_ws/install/aubo_dashboard_msgs/share/aubo_dashboard_msgs/srv/GetRobotMode.idl
[6.503s] -- Installing: /home/mu/IVG/aubo_ros2_ws/install/aubo_dashboard_msgs/share/aubo_dashboard_msgs/srv/GetSafetyMode.idl
[6.503s] -- Installing: /home/mu/IVG/aubo_ros2_ws/install/aubo_dashboard_msgs/share/aubo_dashboard_msgs/srv/IsProgramRunning.idl
[6.503s] -- Installing: /home/mu/IVG/aubo_ros2_ws/install/aubo_dashboard_msgs/share/aubo_dashboard_msgs/srv/IsInRemoteControl.idl
[6.503s] -- Installing: /home/mu/IVG/aubo_ros2_ws/install/aubo_dashboard_msgs/share/aubo_dashboard_msgs/srv/IsProgramSaved.idl
[6.503s] -- Installing: /home/mu/IVG/aubo_ros2_ws/install/aubo_dashboard_msgs/share/aubo_dashboard_msgs/srv/Load.idl
[6.503s] -- Installing: /home/mu/IVG/aubo_ros2_ws/install/aubo_dashboard_msgs/share/aubo_dashboard_msgs/srv/Popup.idl
[6.503s] -- Installing: /home/mu/IVG/aubo_ros2_ws/install/aubo_dashboard_msgs/share/aubo_dashboard_msgs/srv/RawRequest.idl
[6.503s] -- Installing: /home/mu/IVG/aubo_ros2_ws/install/aubo_dashboard_msgs/share/aubo_dashboard_msgs/action/SetMode.idl
[6.503s] -- Installing: /home/mu/IVG/aubo_ros2_ws/install/aubo_dashboard_msgs/share/aubo_dashboard_msgs/msg/ProgramState.msg
[6.503s] -- Installing: /home/mu/IVG/aubo_ros2_ws/install/aubo_dashboard_msgs/share/aubo_dashboard_msgs/msg/RobotMode.msg
[6.503s] -- Installing: /home/mu/IVG/aubo_ros2_ws/install/aubo_dashboard_msgs/share/aubo_dashboard_msgs/msg/SafetyMode.msg
[6.504s] -- Installing: /home/mu/IVG/aubo_ros2_ws/install/aubo_dashboard_msgs/share/aubo_dashboard_msgs/srv/AddToLog.srv
[6.504s] -- Installing: /home/mu/IVG/aubo_ros2_ws/install/aubo_dashboard_msgs/share/aubo_dashboard_msgs/srv/AddToLog_Request.msg
[6.504s] -- Installing: /home/mu/IVG/aubo_ros2_ws/install/aubo_dashboard_msgs/share/aubo_dashboard_msgs/srv/AddToLog_Response.msg
[6.504s] -- Installing: /home/mu/IVG/aubo_ros2_ws/install/aubo_dashboard_msgs/share/aubo_dashboard_msgs/srv/GetLoadedProgram.srv
[6.504s] -- Installing: /home/mu/IVG/aubo_ros2_ws/install/aubo_dashboard_msgs/share/aubo_dashboard_msgs/srv/GetLoadedProgram_Request.msg
[6.504s] -- Installing: /home/mu/IVG/aubo_ros2_ws/install/aubo_dashboard_msgs/share/aubo_dashboard_msgs/srv/GetLoadedProgram_Response.msg
[6.504s] -- Installing: /home/mu/IVG/aubo_ros2_ws/install/aubo_dashboard_msgs/share/aubo_dashboard_msgs/srv/GetProgramState.srv
[6.504s] -- Installing: /home/mu/IVG/aubo_ros2_ws/install/aubo_dashboard_msgs/share/aubo_dashboard_msgs/srv/GetProgramState_Request.msg
[6.504s] -- Installing: /home/mu/IVG/aubo_ros2_ws/install/aubo_dashboard_msgs/share/aubo_dashboard_msgs/srv/GetProgramState_Response.msg
[6.504s] -- Installing: /home/mu/IVG/aubo_ros2_ws/install/aubo_dashboard_msgs/share/aubo_dashboard_msgs/srv/GetRobotMode.srv
[6.504s] -- Installing: /home/mu/IVG/aubo_ros2_ws/install/aubo_dashboard_msgs/share/aubo_dashboard_msgs/srv/GetRobotMode_Request.msg
[6.504s] -- Installing: /home/mu/IVG/aubo_ros2_ws/install/aubo_dashboard_msgs/share/aubo_dashboard_msgs/srv/GetRobotMode_Response.msg
[6.504s] -- Installing: /home/mu/IVG/aubo_ros2_ws/install/aubo_dashboard_msgs/share/aubo_dashboard_msgs/srv/GetSafetyMode.srv
[6.504s] -- Installing: /home/mu/IVG/aubo_ros2_ws/install/aubo_dashboard_msgs/share/aubo_dashboard_msgs/srv/GetSafetyMode_Request.msg
[6.504s] -- Installing: /home/mu/IVG/aubo_ros2_ws/install/aubo_dashboard_msgs/share/aubo_dashboard_msgs/srv/GetSafetyMode_Response.msg
[6.504s] -- Installing: /home/mu/IVG/aubo_ros2_ws/install/aubo_dashboard_msgs/share/aubo_dashboard_msgs/srv/IsProgramRunning.srv
[6.504s] -- Installing: /home/mu/IVG/aubo_ros2_ws/install/aubo_dashboard_msgs/share/aubo_dashboard_msgs/srv/IsProgramRunning_Request.msg
[6.504s] -- Installing: /home/mu/IVG/aubo_ros2_ws/install/aubo_dashboard_msgs/share/aubo_dashboard_msgs/srv/IsProgramRunning_Response.msg
[6.505s] -- Installing: /home/mu/IVG/aubo_ros2_ws/install/aubo_dashboard_msgs/share/aubo_dashboard_msgs/srv/IsInRemoteControl.srv
[6.505s] -- Installing: /home/mu/IVG/aubo_ros2_ws/install/aubo_dashboard_msgs/share/aubo_dashboard_msgs/srv/IsInRemoteControl_Request.msg
[6.505s] -- Installing: /home/mu/IVG/aubo_ros2_ws/install/aubo_dashboard_msgs/share/aubo_dashboard_msgs/srv/IsInRemoteControl_Response.msg
[6.505s] -- Installing: /home/mu/IVG/aubo_ros2_ws/install/aubo_dashboard_msgs/share/aubo_dashboard_msgs/srv/IsProgramSaved.srv
[6.505s] -- Installing: /home/mu/IVG/aubo_ros2_ws/install/aubo_dashboard_msgs/share/aubo_dashboard_msgs/srv/IsProgramSaved_Request.msg
[6.505s] -- Installing: /home/mu/IVG/aubo_ros2_ws/install/aubo_dashboard_msgs/share/aubo_dashboard_msgs/srv/IsProgramSaved_Response.msg
[6.505s] -- Installing: /home/mu/IVG/aubo_ros2_ws/install/aubo_dashboard_msgs/share/aubo_dashboard_msgs/srv/Load.srv
[6.505s] -- Installing: /home/mu/IVG/aubo_ros2_ws/install/aubo_dashboard_msgs/share/aubo_dashboard_msgs/srv/Load_Request.msg
[6.505s] -- Installing: /home/mu/IVG/aubo_ros2_ws/install/aubo_dashboard_msgs/share/aubo_dashboard_msgs/srv/Load_Response.msg
[6.505s] -- Installing: /home/mu/IVG/aubo_ros2_ws/install/aubo_dashboard_msgs/share/aubo_dashboard_msgs/srv/Popup.srv
[6.505s] -- Installing: /home/mu/IVG/aubo_ros2_ws/install/aubo_dashboard_msgs/share/aubo_dashboard_msgs/srv/Popup_Request.msg
[6.505s] -- Installing: /home/mu/IVG/aubo_ros2_ws/install/aubo_dashboard_msgs/share/aubo_dashboard_msgs/srv/Popup_Response.msg
[6.505s] -- Installing: /home/mu/IVG/aubo_ros2_ws/install/aubo_dashboard_msgs/share/aubo_dashboard_msgs/srv/RawRequest.srv
[6.505s] -- Installing: /home/mu/IVG/aubo_ros2_ws/install/aubo_dashboard_msgs/share/aubo_dashboard_msgs/srv/RawRequest_Request.msg
[6.505s] -- Installing: /home/mu/IVG/aubo_ros2_ws/install/aubo_dashboard_msgs/share/aubo_dashboard_msgs/srv/RawRequest_Response.msg
[6.505s] -- Installing: /home/mu/IVG/aubo_ros2_ws/install/aubo_dashboard_msgs/share/aubo_dashboard_msgs/action/SetMode.action
[6.505s] -- Installing: /home/mu/IVG/aubo_ros2_ws/install/aubo_dashboard_msgs/share/ament_index/resource_index/package_run_dependencies/aubo_dashboard_msgs
[6.506s] -- Installing: /home/mu/IVG/aubo_ros2_ws/install/aubo_dashboard_msgs/share/ament_index/resource_index/parent_prefix_path/aubo_dashboard_msgs
[6.506s] -- Installing: /home/mu/IVG/aubo_ros2_ws/install/aubo_dashboard_msgs/share/aubo_dashboard_msgs/environment/ament_prefix_path.sh
[6.506s] -- Installing: /home/mu/IVG/aubo_ros2_ws/install/aubo_dashboard_msgs/share/aubo_dashboard_msgs/environment/ament_prefix_path.dsv
[6.506s] -- Installing: /home/mu/IVG/aubo_ros2_ws/install/aubo_dashboard_msgs/share/aubo_dashboard_msgs/environment/path.sh
[6.506s] -- Installing: /home/mu/IVG/aubo_ros2_ws/install/aubo_dashboard_msgs/share/aubo_dashboard_msgs/environment/path.dsv
[6.506s] -- Installing: /home/mu/IVG/aubo_ros2_ws/install/aubo_dashboard_msgs/share/aubo_dashboard_msgs/local_setup.bash
[6.506s] -- Installing: /home/mu/IVG/aubo_ros2_ws/install/aubo_dashboard_msgs/share/aubo_dashboard_msgs/local_setup.sh
[6.506s] -- Installing: /home/mu/IVG/aubo_ros2_ws/install/aubo_dashboard_msgs/share/aubo_dashboard_msgs/local_setup.zsh
[6.506s] -- Installing: /home/mu/IVG/aubo_ros2_ws/install/aubo_dashboard_msgs/share/aubo_dashboard_msgs/local_setup.dsv
[6.506s] -- Installing: /home/mu/IVG/aubo_ros2_ws/install/aubo_dashboard_msgs/share/aubo_dashboard_msgs/package.dsv
[6.506s] -- Installing: /home/mu/IVG/aubo_ros2_ws/install/aubo_dashboard_msgs/share/ament_index/resource_index/packages/aubo_dashboard_msgs
[6.506s] -- Installing: /home/mu/IVG/aubo_ros2_ws/install/aubo_dashboard_msgs/share/aubo_dashboard_msgs/cmake/aubo_dashboard_msgs__rosidl_generator_cExport.cmake
[6.506s] -- Installing: /home/mu/IVG/aubo_ros2_ws/install/aubo_dashboard_msgs/share/aubo_dashboard_msgs/cmake/aubo_dashboard_msgs__rosidl_generator_cExport-noconfig.cmake
[6.506s] -- Installing: /home/mu/IVG/aubo_ros2_ws/install/aubo_dashboard_msgs/share/aubo_dashboard_msgs/cmake/aubo_dashboard_msgs__rosidl_typesupport_introspection_cExport.cmake
[6.507s] -- Installing: /home/mu/IVG/aubo_ros2_ws/install/aubo_dashboard_msgs/share/aubo_dashboard_msgs/cmake/aubo_dashboard_msgs__rosidl_typesupport_introspection_cExport-noconfig.cmake
[6.507s] -- Installing: /home/mu/IVG/aubo_ros2_ws/install/aubo_dashboard_msgs/share/aubo_dashboard_msgs/cmake/aubo_dashboard_msgs__rosidl_typesupport_cExport.cmake
[6.507s] -- Installing: /home/mu/IVG/aubo_ros2_ws/install/aubo_dashboard_msgs/share/aubo_dashboard_msgs/cmake/aubo_dashboard_msgs__rosidl_typesupport_cExport-noconfig.cmake
[6.507s] -- Installing: /home/mu/IVG/aubo_ros2_ws/install/aubo_dashboard_msgs/share/aubo_dashboard_msgs/cmake/aubo_dashboard_msgs__rosidl_generator_cppExport.cmake
[6.507s] -- Installing: /home/mu/IVG/aubo_ros2_ws/install/aubo_dashboard_msgs/share/aubo_dashboard_msgs/cmake/aubo_dashboard_msgs__rosidl_typesupport_introspection_cppExport.cmake
[6.507s] -- Installing: /home/mu/IVG/aubo_ros2_ws/install/aubo_dashboard_msgs/share/aubo_dashboard_msgs/cmake/aubo_dashboard_msgs__rosidl_typesupport_introspection_cppExport-noconfig.cmake
[6.507s] -- Installing: /home/mu/IVG/aubo_ros2_ws/install/aubo_dashboard_msgs/share/aubo_dashboard_msgs/cmake/aubo_dashboard_msgs__rosidl_typesupport_cppExport.cmake
[6.507s] -- Installing: /home/mu/IVG/aubo_ros2_ws/install/aubo_dashboard_msgs/share/aubo_dashboard_msgs/cmake/aubo_dashboard_msgs__rosidl_typesupport_cppExport-noconfig.cmake
[6.507s] -- Installing: /home/mu/IVG/aubo_ros2_ws/install/aubo_dashboard_msgs/share/aubo_dashboard_msgs/cmake/rosidl_cmake-extras.cmake
[6.507s] -- Installing: /home/mu/IVG/aubo_ros2_ws/install/aubo_dashboard_msgs/share/aubo_dashboard_msgs/cmake/ament_cmake_export_dependencies-extras.cmake
[6.507s] -- Installing: /home/mu/IVG/aubo_ros2_ws/install/aubo_dashboard_msgs/share/aubo_dashboard_msgs/cmake/ament_cmake_export_libraries-extras.cmake
[6.507s] -- Installing: /home/mu/IVG/aubo_ros2_ws/install/aubo_dashboard_msgs/share/aubo_dashboard_msgs/cmake/ament_cmake_export_targets-extras.cmake
[6.507s] -- Installing: /home/mu/IVG/aubo_ros2_ws/install/aubo_dashboard_msgs/share/aubo_dashboard_msgs/cmake/ament_cmake_export_include_directories-extras.cmake
[6.508s] -- Installing: /home/mu/IVG/aubo_ros2_ws/install/aubo_dashboard_msgs/share/aubo_dashboard_msgs/cmake/rosidl_cmake_export_typesupport_libraries-extras.cmake
[6.508s] -- Installing: /home/mu/IVG/aubo_ros2_ws/install/aubo_dashboard_msgs/share/aubo_dashboard_msgs/cmake/rosidl_cmake_export_typesupport_targets-extras.cmake
[6.508s] -- Installing: /home/mu/IVG/aubo_ros2_ws/install/aubo_dashboard_msgs/share/aubo_dashboard_msgs/cmake/aubo_dashboard_msgsConfig.cmake
[6.508s] -- Installing: /home/mu/IVG/aubo_ros2_ws/install/aubo_dashboard_msgs/share/aubo_dashboard_msgs/cmake/aubo_dashboard_msgsConfig-version.cmake
[6.508s] -- Installing: /home/mu/IVG/aubo_ros2_ws/install/aubo_dashboard_msgs/share/aubo_dashboard_msgs/package.xml
[6.510s] Invoked command in '/home/mu/IVG/aubo_ros2_ws/build/aubo_dashboard_msgs' returned '0': CMAKE_PREFIX_PATH=${CMAKE_PREFIX_PATH}:/opt/ros/foxy /usr/bin/cmake --install /home/mu/IVG/aubo_ros2_ws/build/aubo_dashboard_msgs
