[ 60%] Built target moveit_chomp_interface
[100%] Built target moveit_chomp_planner_plugin
-- Install configuration: "Release"
-- Installing: /home/mu/IVG/ws_moveit/install/moveit_planners_chomp/lib/libmoveit_chomp_interface.so.2.2.3
-- Set runtime path of "/home/mu/IVG/ws_moveit/install/moveit_planners_chomp/lib/libmoveit_chomp_interface.so.2.2.3" to ""
-- Installing: /home/mu/IVG/ws_moveit/install/moveit_planners_chomp/lib/libmoveit_chomp_interface.so
-- Installing: /home/mu/IVG/ws_moveit/install/moveit_planners_chomp/lib/libmoveit_chomp_planner_plugin.so
-- Set runtime path of "/home/mu/IVG/ws_moveit/install/moveit_planners_chomp/lib/libmoveit_chomp_planner_plugin.so" to ""
-- Installing: /home/mu/IVG/ws_moveit/install/moveit_planners_chomp/share/moveit_planners_chomp/environment/library_path.sh
-- Installing: /home/mu/IVG/ws_moveit/install/moveit_planners_chomp/share/moveit_planners_chomp/environment/library_path.dsv
-- Installing: /home/mu/IVG/ws_moveit/install/moveit_planners_chomp/share/moveit_planners_chomp/chomp_interface_plugin_description.xml
-- Installing: /home/mu/IVG/ws_moveit/install/moveit_planners_chomp/share/ament_index/resource_index/package_run_dependencies/moveit_planners_chomp
-- Installing: /home/mu/IVG/ws_moveit/install/moveit_planners_chomp/share/ament_index/resource_index/parent_prefix_path/moveit_planners_chomp
-- Installing: /home/mu/IVG/ws_moveit/install/moveit_planners_chomp/share/moveit_planners_chomp/environment/ament_prefix_path.sh
-- Installing: /home/mu/IVG/ws_moveit/install/moveit_planners_chomp/share/moveit_planners_chomp/environment/ament_prefix_path.dsv
-- Installing: /home/mu/IVG/ws_moveit/install/moveit_planners_chomp/share/moveit_planners_chomp/environment/path.sh
-- Installing: /home/mu/IVG/ws_moveit/install/moveit_planners_chomp/share/moveit_planners_chomp/environment/path.dsv
-- Installing: /home/mu/IVG/ws_moveit/install/moveit_planners_chomp/share/moveit_planners_chomp/local_setup.bash
-- Installing: /home/mu/IVG/ws_moveit/install/moveit_planners_chomp/share/moveit_planners_chomp/local_setup.sh
-- Installing: /home/mu/IVG/ws_moveit/install/moveit_planners_chomp/share/moveit_planners_chomp/local_setup.zsh
-- Installing: /home/mu/IVG/ws_moveit/install/moveit_planners_chomp/share/moveit_planners_chomp/local_setup.dsv
-- Installing: /home/mu/IVG/ws_moveit/install/moveit_planners_chomp/share/moveit_planners_chomp/package.dsv
-- Installing: /home/mu/IVG/ws_moveit/install/moveit_planners_chomp/share/ament_index/resource_index/packages/moveit_planners_chomp
-- Installing: /home/mu/IVG/ws_moveit/install/moveit_planners_chomp/share/ament_index/resource_index/moveit_core__pluginlib__plugin/moveit_planners_chomp
-- Installing: /home/mu/IVG/ws_moveit/install/moveit_planners_chomp/share/moveit_planners_chomp/cmake/moveit_planners_chompTargetsExport.cmake
-- Installing: /home/mu/IVG/ws_moveit/install/moveit_planners_chomp/share/moveit_planners_chomp/cmake/moveit_planners_chompTargetsExport-release.cmake
-- Installing: /home/mu/IVG/ws_moveit/install/moveit_planners_chomp/share/moveit_planners_chomp/cmake/ament_cmake_export_targets-extras.cmake
-- Installing: /home/mu/IVG/ws_moveit/install/moveit_planners_chomp/share/moveit_planners_chomp/cmake/ament_cmake_export_dependencies-extras.cmake
-- Installing: /home/mu/IVG/ws_moveit/install/moveit_planners_chomp/share/moveit_planners_chomp/cmake/moveit_planners_chompConfig.cmake
-- Installing: /home/mu/IVG/ws_moveit/install/moveit_planners_chomp/share/moveit_planners_chomp/cmake/moveit_planners_chompConfig-version.cmake
-- Installing: /home/mu/IVG/ws_moveit/install/moveit_planners_chomp/share/moveit_planners_chomp/package.xml
