[0.010s] Invoking command in '/home/mu/IVG/ws_moveit/build/moveit_common': CMAKE_PREFIX_PATH=${CMAKE_PREFIX_PATH}:/opt/ros/foxy /usr/bin/cmake /home/mu/IVG/ws_moveit/src/moveit2/moveit_common -DCMAKE_INSTALL_PREFIX=/home/mu/IVG/ws_moveit/install/moveit_common
[0.020s] -- Found ament_cmake: 0.9.12 (/opt/ros/foxy/share/ament_cmake/cmake)
[0.031s] -- Found PythonInterp: /usr/bin/python3 (found suitable version "3.8.10", minimum required is "3") 
[0.032s] -- Using PYTHON_EXECUTABLE: /usr/bin/python3
[0.117s] -- Found ament_lint_auto: 0.9.8 (/opt/ros/foxy/share/ament_lint_auto/cmake)
[0.150s] -- Added test 'copyright' to check source files copyright and LICENSE
[0.151s] -- Added test 'lint_cmake' to check CMake code style
[0.152s] -- Added test 'xmllint' to check XML markup files
[0.153s] -- Configuring done
[0.153s] -- Generating done
[0.154s] -- Build files have been written to: /home/mu/IVG/ws_moveit/build/moveit_common
[0.156s] Invoked command in '/home/mu/IVG/ws_moveit/build/moveit_common' returned '0': CMAKE_PREFIX_PATH=${CMAKE_PREFIX_PATH}:/opt/ros/foxy /usr/bin/cmake /home/mu/IVG/ws_moveit/src/moveit2/moveit_common -DCMAKE_INSTALL_PREFIX=/home/mu/IVG/ws_moveit/install/moveit_common
[0.157s] Invoking command in '/home/mu/IVG/ws_moveit/build/moveit_common': CMAKE_PREFIX_PATH=${CMAKE_PREFIX_PATH}:/opt/ros/foxy /usr/bin/cmake --build /home/mu/IVG/ws_moveit/build/moveit_common -- -j32 -l32
[0.173s] Invoked command in '/home/mu/IVG/ws_moveit/build/moveit_common' returned '0': CMAKE_PREFIX_PATH=${CMAKE_PREFIX_PATH}:/opt/ros/foxy /usr/bin/cmake --build /home/mu/IVG/ws_moveit/build/moveit_common -- -j32 -l32
[0.179s] Invoking command in '/home/mu/IVG/ws_moveit/build/moveit_common': CMAKE_PREFIX_PATH=${CMAKE_PREFIX_PATH}:/opt/ros/foxy /usr/bin/cmake --install /home/mu/IVG/ws_moveit/build/moveit_common
[0.182s] -- Install configuration: ""
[0.182s] -- Installing: /home/mu/IVG/ws_moveit/install/moveit_common/share/ament_index/resource_index/package_run_dependencies/moveit_common
[0.182s] -- Installing: /home/mu/IVG/ws_moveit/install/moveit_common/share/ament_index/resource_index/parent_prefix_path/moveit_common
[0.182s] -- Installing: /home/mu/IVG/ws_moveit/install/moveit_common/share/moveit_common/environment/ament_prefix_path.sh
[0.183s] -- Installing: /home/mu/IVG/ws_moveit/install/moveit_common/share/moveit_common/environment/ament_prefix_path.dsv
[0.183s] -- Installing: /home/mu/IVG/ws_moveit/install/moveit_common/share/moveit_common/environment/path.sh
[0.183s] -- Installing: /home/mu/IVG/ws_moveit/install/moveit_common/share/moveit_common/environment/path.dsv
[0.183s] -- Installing: /home/mu/IVG/ws_moveit/install/moveit_common/share/moveit_common/local_setup.bash
[0.183s] -- Installing: /home/mu/IVG/ws_moveit/install/moveit_common/share/moveit_common/local_setup.sh
[0.183s] -- Installing: /home/mu/IVG/ws_moveit/install/moveit_common/share/moveit_common/local_setup.zsh
[0.183s] -- Installing: /home/mu/IVG/ws_moveit/install/moveit_common/share/moveit_common/local_setup.dsv
[0.183s] -- Installing: /home/mu/IVG/ws_moveit/install/moveit_common/share/moveit_common/package.dsv
[0.183s] -- Installing: /home/mu/IVG/ws_moveit/install/moveit_common/share/ament_index/resource_index/packages/moveit_common
[0.183s] -- Installing: /home/mu/IVG/ws_moveit/install/moveit_common/share/moveit_common/cmake/moveit_common-extras.cmake
[0.183s] -- Installing: /home/mu/IVG/ws_moveit/install/moveit_common/share/moveit_common/cmake/moveit_commonConfig.cmake
[0.183s] -- Installing: /home/mu/IVG/ws_moveit/install/moveit_common/share/moveit_common/cmake/moveit_commonConfig-version.cmake
[0.183s] -- Installing: /home/mu/IVG/ws_moveit/install/moveit_common/share/moveit_common/package.xml
[0.183s] -- Up-to-date: /home/mu/IVG/ws_moveit/install/moveit_common/share/moveit_common/cmake
[0.183s] -- Installing: /home/mu/IVG/ws_moveit/install/moveit_common/share/moveit_common/cmake/moveit_package.cmake
[0.184s] Invoked command in '/home/mu/IVG/ws_moveit/build/moveit_common' returned '0': CMAKE_PREFIX_PATH=${CMAKE_PREFIX_PATH}:/opt/ros/foxy /usr/bin/cmake --install /home/mu/IVG/ws_moveit/build/moveit_common
