[0.021s] Invoking command in '/home/mu/IVG/ws_moveit/build/moveit_ros_perception': CMAKE_PREFIX_PATH=/home/mu/IVG/ws_moveit/install/moveit_ros_planning:/home/mu/IVG/ws_moveit/install/moveit_ros_occupancy_map_monitor:/home/mu/IVG/ws_moveit/install/moveit_core:/home/mu/IVG/ws_moveit/install/moveit_common:/home/mu/IVG/ws_moveit/install/moveit2_tutorials:/home/mu/IVG/ws_moveit/install/moveit_visual_tools:/home/mu/IVG/ws_moveit/install/rviz_visual_tools:/home/mu/IVG/ws_moveit/install/run_ompl_constrained_planning:/home/mu/IVG/ws_moveit/install/run_moveit_cpp:/home/mu/IVG/ws_moveit/install/run_move_group:/home/mu/IVG/ws_moveit/install/moveit_runtime:/home/mu/IVG/ws_moveit/install/moveit:/home/mu/IVG/ws_moveit/install/moveit_plugins:/home/mu/IVG/ws_moveit/install/moveit_simple_controller_manager:/home/mu/IVG/ws_moveit/install/moveit_servo:/home/mu/IVG/ws_moveit/install/moveit_ros:/home/mu/IVG/ws_moveit/install/moveit_ros_visualization:/home/mu/IVG/ws_moveit/install/moveit_ros_planning_interface:/home/mu/IVG/ws_moveit/install/moveit_ros_benchmarks:/home/mu/IVG/ws_moveit/install/moveit_ros_warehouse:/home/mu/IVG/ws_moveit/install/moveit_ros_robot_interaction:/home/mu/IVG/ws_moveit/install/moveit_ros_perception:/home/mu/IVG/ws_moveit/install/moveit_ros_move_group:/home/mu/IVG/ws_moveit/install/moveit_planners:/home/mu/IVG/ws_moveit/install/moveit_planners_ompl:/home/mu/IVG/ws_moveit/install/moveit_planners_chomp:/home/mu/IVG/ws_moveit/install/moveit_kinematics:/home/mu/IVG/ws_moveit/install/moveit_chomp_optimizer_adapter:/home/mu/IVG/ws_moveit/install/chomp_motion_planner:/opt/ros/foxy LD_LIBRARY_PATH=/home/mu/IVG/ws_moveit/install/moveit_ros_planning/lib:/home/mu/IVG/ws_moveit/install/moveit_ros_occupancy_map_monitor/lib:/home/mu/IVG/ws_moveit/install/moveit_core/lib:/home/mu/IVG/ws_moveit/install/moveit_visual_tools/lib:/home/mu/IVG/ws_moveit/install/rviz_visual_tools/lib:/home/mu/IVG/ws_moveit/install/moveit_simple_controller_manager/lib:/home/mu/IVG/ws_moveit/install/moveit_servo/lib:/home/mu/IVG/ws_moveit/install/moveit_ros_visualization/lib:/home/mu/IVG/ws_moveit/install/moveit_ros_planning_interface/lib:/home/mu/IVG/ws_moveit/install/moveit_ros_benchmarks/lib:/home/mu/IVG/ws_moveit/install/moveit_ros_warehouse/lib:/home/mu/IVG/ws_moveit/install/moveit_ros_robot_interaction/lib:/home/mu/IVG/ws_moveit/install/moveit_ros_perception/lib:/home/mu/IVG/ws_moveit/install/moveit_ros_move_group/lib:/home/mu/IVG/ws_moveit/install/moveit_planners_ompl/lib:/home/mu/IVG/ws_moveit/install/moveit_planners_chomp/lib:/home/mu/IVG/ws_moveit/install/moveit_kinematics/lib:/home/mu/IVG/ws_moveit/install/moveit_chomp_optimizer_adapter/lib:/home/mu/IVG/ws_moveit/install/chomp_motion_planner/lib:/opt/ros/foxy/opt/yaml_cpp_vendor/lib:/opt/ros/foxy/opt/rviz_ogre_vendor/lib:/opt/ros/foxy/lib/x86_64-linux-gnu:/opt/ros/foxy/lib PATH=/home/mu/IVG/ws_moveit/install/moveit_core/bin:/home/mu/IVG/ws_moveit/install/moveit_kinematics/bin:/opt/ros/foxy/bin:/usr/local/sbin:/usr/local/bin:/usr/sbin:/usr/bin:/sbin:/bin:/usr/games:/usr/local/games:/snap/bin /usr/bin/cmake --build /home/mu/IVG/ws_moveit/build/moveit_ros_perception -- -j32 -l32
[0.058s] [ 10%] Built target moveit_lazy_free_space_updater
[0.066s] [ 40%] Built target moveit_mesh_filter
[0.067s] [ 50%] Built target moveit_point_containment_filter
[0.072s] [ 60%] Built target moveit_semantic_world
[0.091s] [ 70%] Built target moveit_pointcloud_octomap_updater_core
[0.091s] [ 80%] Built target moveit_depth_image_octomap_updater_core
[0.114s] [ 90%] Built target moveit_pointcloud_octomap_updater
[0.115s] [100%] Built target moveit_depth_image_octomap_updater
[0.141s] Invoked command in '/home/mu/IVG/ws_moveit/build/moveit_ros_perception' returned '0': CMAKE_PREFIX_PATH=/home/mu/IVG/ws_moveit/install/moveit_ros_planning:/home/mu/IVG/ws_moveit/install/moveit_ros_occupancy_map_monitor:/home/mu/IVG/ws_moveit/install/moveit_core:/home/mu/IVG/ws_moveit/install/moveit_common:/home/mu/IVG/ws_moveit/install/moveit2_tutorials:/home/mu/IVG/ws_moveit/install/moveit_visual_tools:/home/mu/IVG/ws_moveit/install/rviz_visual_tools:/home/mu/IVG/ws_moveit/install/run_ompl_constrained_planning:/home/mu/IVG/ws_moveit/install/run_moveit_cpp:/home/mu/IVG/ws_moveit/install/run_move_group:/home/mu/IVG/ws_moveit/install/moveit_runtime:/home/mu/IVG/ws_moveit/install/moveit:/home/mu/IVG/ws_moveit/install/moveit_plugins:/home/mu/IVG/ws_moveit/install/moveit_simple_controller_manager:/home/mu/IVG/ws_moveit/install/moveit_servo:/home/mu/IVG/ws_moveit/install/moveit_ros:/home/mu/IVG/ws_moveit/install/moveit_ros_visualization:/home/mu/IVG/ws_moveit/install/moveit_ros_planning_interface:/home/mu/IVG/ws_moveit/install/moveit_ros_benchmarks:/home/mu/IVG/ws_moveit/install/moveit_ros_warehouse:/home/mu/IVG/ws_moveit/install/moveit_ros_robot_interaction:/home/mu/IVG/ws_moveit/install/moveit_ros_perception:/home/mu/IVG/ws_moveit/install/moveit_ros_move_group:/home/mu/IVG/ws_moveit/install/moveit_planners:/home/mu/IVG/ws_moveit/install/moveit_planners_ompl:/home/mu/IVG/ws_moveit/install/moveit_planners_chomp:/home/mu/IVG/ws_moveit/install/moveit_kinematics:/home/mu/IVG/ws_moveit/install/moveit_chomp_optimizer_adapter:/home/mu/IVG/ws_moveit/install/chomp_motion_planner:/opt/ros/foxy LD_LIBRARY_PATH=/home/mu/IVG/ws_moveit/install/moveit_ros_planning/lib:/home/mu/IVG/ws_moveit/install/moveit_ros_occupancy_map_monitor/lib:/home/mu/IVG/ws_moveit/install/moveit_core/lib:/home/mu/IVG/ws_moveit/install/moveit_visual_tools/lib:/home/mu/IVG/ws_moveit/install/rviz_visual_tools/lib:/home/mu/IVG/ws_moveit/install/moveit_simple_controller_manager/lib:/home/mu/IVG/ws_moveit/install/moveit_servo/lib:/home/mu/IVG/ws_moveit/install/moveit_ros_visualization/lib:/home/mu/IVG/ws_moveit/install/moveit_ros_planning_interface/lib:/home/mu/IVG/ws_moveit/install/moveit_ros_benchmarks/lib:/home/mu/IVG/ws_moveit/install/moveit_ros_warehouse/lib:/home/mu/IVG/ws_moveit/install/moveit_ros_robot_interaction/lib:/home/mu/IVG/ws_moveit/install/moveit_ros_perception/lib:/home/mu/IVG/ws_moveit/install/moveit_ros_move_group/lib:/home/mu/IVG/ws_moveit/install/moveit_planners_ompl/lib:/home/mu/IVG/ws_moveit/install/moveit_planners_chomp/lib:/home/mu/IVG/ws_moveit/install/moveit_kinematics/lib:/home/mu/IVG/ws_moveit/install/moveit_chomp_optimizer_adapter/lib:/home/mu/IVG/ws_moveit/install/chomp_motion_planner/lib:/opt/ros/foxy/opt/yaml_cpp_vendor/lib:/opt/ros/foxy/opt/rviz_ogre_vendor/lib:/opt/ros/foxy/lib/x86_64-linux-gnu:/opt/ros/foxy/lib PATH=/home/mu/IVG/ws_moveit/install/moveit_core/bin:/home/mu/IVG/ws_moveit/install/moveit_kinematics/bin:/opt/ros/foxy/bin:/usr/local/sbin:/usr/local/bin:/usr/sbin:/usr/bin:/sbin:/bin:/usr/games:/usr/local/games:/snap/bin /usr/bin/cmake --build /home/mu/IVG/ws_moveit/build/moveit_ros_perception -- -j32 -l32
[0.143s] Invoking command in '/home/mu/IVG/ws_moveit/build/moveit_ros_perception': CMAKE_PREFIX_PATH=/home/mu/IVG/ws_moveit/install/moveit_ros_planning:/home/mu/IVG/ws_moveit/install/moveit_ros_occupancy_map_monitor:/home/mu/IVG/ws_moveit/install/moveit_core:/home/mu/IVG/ws_moveit/install/moveit_common:/home/mu/IVG/ws_moveit/install/moveit2_tutorials:/home/mu/IVG/ws_moveit/install/moveit_visual_tools:/home/mu/IVG/ws_moveit/install/rviz_visual_tools:/home/mu/IVG/ws_moveit/install/run_ompl_constrained_planning:/home/mu/IVG/ws_moveit/install/run_moveit_cpp:/home/mu/IVG/ws_moveit/install/run_move_group:/home/mu/IVG/ws_moveit/install/moveit_runtime:/home/mu/IVG/ws_moveit/install/moveit:/home/mu/IVG/ws_moveit/install/moveit_plugins:/home/mu/IVG/ws_moveit/install/moveit_simple_controller_manager:/home/mu/IVG/ws_moveit/install/moveit_servo:/home/mu/IVG/ws_moveit/install/moveit_ros:/home/mu/IVG/ws_moveit/install/moveit_ros_visualization:/home/mu/IVG/ws_moveit/install/moveit_ros_planning_interface:/home/mu/IVG/ws_moveit/install/moveit_ros_benchmarks:/home/mu/IVG/ws_moveit/install/moveit_ros_warehouse:/home/mu/IVG/ws_moveit/install/moveit_ros_robot_interaction:/home/mu/IVG/ws_moveit/install/moveit_ros_perception:/home/mu/IVG/ws_moveit/install/moveit_ros_move_group:/home/mu/IVG/ws_moveit/install/moveit_planners:/home/mu/IVG/ws_moveit/install/moveit_planners_ompl:/home/mu/IVG/ws_moveit/install/moveit_planners_chomp:/home/mu/IVG/ws_moveit/install/moveit_kinematics:/home/mu/IVG/ws_moveit/install/moveit_chomp_optimizer_adapter:/home/mu/IVG/ws_moveit/install/chomp_motion_planner:/opt/ros/foxy LD_LIBRARY_PATH=/home/mu/IVG/ws_moveit/install/moveit_ros_planning/lib:/home/mu/IVG/ws_moveit/install/moveit_ros_occupancy_map_monitor/lib:/home/mu/IVG/ws_moveit/install/moveit_core/lib:/home/mu/IVG/ws_moveit/install/moveit_visual_tools/lib:/home/mu/IVG/ws_moveit/install/rviz_visual_tools/lib:/home/mu/IVG/ws_moveit/install/moveit_simple_controller_manager/lib:/home/mu/IVG/ws_moveit/install/moveit_servo/lib:/home/mu/IVG/ws_moveit/install/moveit_ros_visualization/lib:/home/mu/IVG/ws_moveit/install/moveit_ros_planning_interface/lib:/home/mu/IVG/ws_moveit/install/moveit_ros_benchmarks/lib:/home/mu/IVG/ws_moveit/install/moveit_ros_warehouse/lib:/home/mu/IVG/ws_moveit/install/moveit_ros_robot_interaction/lib:/home/mu/IVG/ws_moveit/install/moveit_ros_perception/lib:/home/mu/IVG/ws_moveit/install/moveit_ros_move_group/lib:/home/mu/IVG/ws_moveit/install/moveit_planners_ompl/lib:/home/mu/IVG/ws_moveit/install/moveit_planners_chomp/lib:/home/mu/IVG/ws_moveit/install/moveit_kinematics/lib:/home/mu/IVG/ws_moveit/install/moveit_chomp_optimizer_adapter/lib:/home/mu/IVG/ws_moveit/install/chomp_motion_planner/lib:/opt/ros/foxy/opt/yaml_cpp_vendor/lib:/opt/ros/foxy/opt/rviz_ogre_vendor/lib:/opt/ros/foxy/lib/x86_64-linux-gnu:/opt/ros/foxy/lib PATH=/home/mu/IVG/ws_moveit/install/moveit_core/bin:/home/mu/IVG/ws_moveit/install/moveit_kinematics/bin:/opt/ros/foxy/bin:/usr/local/sbin:/usr/local/bin:/usr/sbin:/usr/bin:/sbin:/bin:/usr/games:/usr/local/games:/snap/bin /usr/bin/cmake --install /home/mu/IVG/ws_moveit/build/moveit_ros_perception
[0.157s] -- Install configuration: "Release"
[0.157s] -- Up-to-date: /home/mu/IVG/ws_moveit/install/moveit_ros_perception/lib/libmoveit_depth_image_octomap_updater.so.2.2.3
[0.157s] -- Up-to-date: /home/mu/IVG/ws_moveit/install/moveit_ros_perception/lib/libmoveit_depth_image_octomap_updater.so
[0.157s] -- Up-to-date: /home/mu/IVG/ws_moveit/install/moveit_ros_perception/lib/libmoveit_depth_image_octomap_updater_core.so.2.2.3
[0.157s] -- Up-to-date: /home/mu/IVG/ws_moveit/install/moveit_ros_perception/lib/libmoveit_depth_image_octomap_updater_core.so
[0.158s] -- Up-to-date: /home/mu/IVG/ws_moveit/install/moveit_ros_perception/lib/libmoveit_lazy_free_space_updater.so.2.2.3
[0.158s] -- Up-to-date: /home/mu/IVG/ws_moveit/install/moveit_ros_perception/lib/libmoveit_lazy_free_space_updater.so
[0.158s] -- Up-to-date: /home/mu/IVG/ws_moveit/install/moveit_ros_perception/lib/libmoveit_mesh_filter.so.2.2.3
[0.158s] -- Up-to-date: /home/mu/IVG/ws_moveit/install/moveit_ros_perception/lib/libmoveit_mesh_filter.so
[0.158s] -- Up-to-date: /home/mu/IVG/ws_moveit/install/moveit_ros_perception/lib/libmoveit_point_containment_filter.so.2.2.3
[0.158s] -- Up-to-date: /home/mu/IVG/ws_moveit/install/moveit_ros_perception/lib/libmoveit_point_containment_filter.so
[0.158s] -- Up-to-date: /home/mu/IVG/ws_moveit/install/moveit_ros_perception/lib/libmoveit_pointcloud_octomap_updater.so.2.2.3
[0.158s] -- Up-to-date: /home/mu/IVG/ws_moveit/install/moveit_ros_perception/lib/libmoveit_pointcloud_octomap_updater.so
[0.158s] -- Up-to-date: /home/mu/IVG/ws_moveit/install/moveit_ros_perception/lib/libmoveit_pointcloud_octomap_updater_core.so.2.2.3
[0.158s] -- Up-to-date: /home/mu/IVG/ws_moveit/install/moveit_ros_perception/lib/libmoveit_pointcloud_octomap_updater_core.so
[0.158s] -- Up-to-date: /home/mu/IVG/ws_moveit/install/moveit_ros_perception/lib/libmoveit_semantic_world.so.2.2.3
[0.158s] -- Up-to-date: /home/mu/IVG/ws_moveit/install/moveit_ros_perception/lib/libmoveit_semantic_world.so
[0.158s] -- Up-to-date: /home/mu/IVG/ws_moveit/install/moveit_ros_perception/share/moveit_ros_perception/environment/library_path.sh
[0.158s] -- Up-to-date: /home/mu/IVG/ws_moveit/install/moveit_ros_perception/share/moveit_ros_perception/environment/library_path.dsv
[0.158s] -- Up-to-date: /home/mu/IVG/ws_moveit/install/moveit_ros_perception/share/moveit_ros_perception/pointcloud_octomap_updater_plugin_description.xml
[0.158s] -- Up-to-date: /home/mu/IVG/ws_moveit/install/moveit_ros_perception/share/moveit_ros_perception/depth_image_octomap_updater_plugin_description.xml
[0.158s] -- Up-to-date: /home/mu/IVG/ws_moveit/install/moveit_ros_perception/share/ament_index/resource_index/package_run_dependencies/moveit_ros_perception
[0.158s] -- Up-to-date: /home/mu/IVG/ws_moveit/install/moveit_ros_perception/share/ament_index/resource_index/parent_prefix_path/moveit_ros_perception
[0.158s] -- Up-to-date: /home/mu/IVG/ws_moveit/install/moveit_ros_perception/share/moveit_ros_perception/environment/ament_prefix_path.sh
[0.159s] -- Up-to-date: /home/mu/IVG/ws_moveit/install/moveit_ros_perception/share/moveit_ros_perception/environment/ament_prefix_path.dsv
[0.159s] -- Up-to-date: /home/mu/IVG/ws_moveit/install/moveit_ros_perception/share/moveit_ros_perception/environment/path.sh
[0.159s] -- Up-to-date: /home/mu/IVG/ws_moveit/install/moveit_ros_perception/share/moveit_ros_perception/environment/path.dsv
[0.159s] -- Up-to-date: /home/mu/IVG/ws_moveit/install/moveit_ros_perception/share/moveit_ros_perception/local_setup.bash
[0.159s] -- Up-to-date: /home/mu/IVG/ws_moveit/install/moveit_ros_perception/share/moveit_ros_perception/local_setup.sh
[0.159s] -- Up-to-date: /home/mu/IVG/ws_moveit/install/moveit_ros_perception/share/moveit_ros_perception/local_setup.zsh
[0.159s] -- Up-to-date: /home/mu/IVG/ws_moveit/install/moveit_ros_perception/share/moveit_ros_perception/local_setup.dsv
[0.159s] -- Installing: /home/mu/IVG/ws_moveit/install/moveit_ros_perception/share/moveit_ros_perception/package.dsv
[0.159s] -- Up-to-date: /home/mu/IVG/ws_moveit/install/moveit_ros_perception/share/ament_index/resource_index/packages/moveit_ros_perception
[0.159s] -- Up-to-date: /home/mu/IVG/ws_moveit/install/moveit_ros_perception/share/ament_index/resource_index/moveit_ros_occupancy_map_monitor__pluginlib__plugin/moveit_ros_perception
[0.159s] -- Up-to-date: /home/mu/IVG/ws_moveit/install/moveit_ros_perception/share/moveit_ros_perception/cmake/export_moveit_ros_perceptionExport.cmake
[0.160s] -- Up-to-date: /home/mu/IVG/ws_moveit/install/moveit_ros_perception/share/moveit_ros_perception/cmake/export_moveit_ros_perceptionExport-release.cmake
[0.160s] -- Up-to-date: /home/mu/IVG/ws_moveit/install/moveit_ros_perception/share/moveit_ros_perception/cmake/ConfigExtras.cmake
[0.160s] -- Up-to-date: /home/mu/IVG/ws_moveit/install/moveit_ros_perception/share/moveit_ros_perception/cmake/ament_cmake_export_targets-extras.cmake
[0.160s] -- Up-to-date: /home/mu/IVG/ws_moveit/install/moveit_ros_perception/share/moveit_ros_perception/cmake/ament_cmake_export_dependencies-extras.cmake
[0.160s] -- Up-to-date: /home/mu/IVG/ws_moveit/install/moveit_ros_perception/share/moveit_ros_perception/cmake/moveit_ros_perceptionConfig.cmake
[0.160s] -- Up-to-date: /home/mu/IVG/ws_moveit/install/moveit_ros_perception/share/moveit_ros_perception/cmake/moveit_ros_perceptionConfig-version.cmake
[0.160s] -- Up-to-date: /home/mu/IVG/ws_moveit/install/moveit_ros_perception/share/moveit_ros_perception/package.xml
[0.160s] -- Up-to-date: /home/mu/IVG/ws_moveit/install/moveit_ros_perception/include
[0.160s] -- Up-to-date: /home/mu/IVG/ws_moveit/install/moveit_ros_perception/include/moveit
[0.160s] -- Up-to-date: /home/mu/IVG/ws_moveit/install/moveit_ros_perception/include/moveit/lazy_free_space_updater
[0.160s] -- Up-to-date: /home/mu/IVG/ws_moveit/install/moveit_ros_perception/include/moveit/lazy_free_space_updater/lazy_free_space_updater.h
[0.160s] -- Up-to-date: /home/mu/IVG/ws_moveit/install/moveit_ros_perception/include
[0.160s] -- Up-to-date: /home/mu/IVG/ws_moveit/install/moveit_ros_perception/include/moveit
[0.160s] -- Up-to-date: /home/mu/IVG/ws_moveit/install/moveit_ros_perception/include/moveit/point_containment_filter
[0.160s] -- Up-to-date: /home/mu/IVG/ws_moveit/install/moveit_ros_perception/include/moveit/point_containment_filter/shape_mask.h
[0.160s] -- Up-to-date: /home/mu/IVG/ws_moveit/install/moveit_ros_perception/include
[0.160s] -- Up-to-date: /home/mu/IVG/ws_moveit/install/moveit_ros_perception/include/moveit
[0.160s] -- Up-to-date: /home/mu/IVG/ws_moveit/install/moveit_ros_perception/include/moveit/pointcloud_octomap_updater
[0.161s] -- Up-to-date: /home/mu/IVG/ws_moveit/install/moveit_ros_perception/include/moveit/pointcloud_octomap_updater/pointcloud_octomap_updater.h
[0.161s] -- Up-to-date: /home/mu/IVG/ws_moveit/install/moveit_ros_perception/include
[0.161s] -- Up-to-date: /home/mu/IVG/ws_moveit/install/moveit_ros_perception/include/moveit
[0.161s] -- Up-to-date: /home/mu/IVG/ws_moveit/install/moveit_ros_perception/include/moveit/mesh_filter
[0.161s] -- Up-to-date: /home/mu/IVG/ws_moveit/install/moveit_ros_perception/include/moveit/mesh_filter/depth_self_filter_nodelet.h
[0.161s] -- Up-to-date: /home/mu/IVG/ws_moveit/install/moveit_ros_perception/include/moveit/mesh_filter/gl_renderer.h
[0.161s] -- Up-to-date: /home/mu/IVG/ws_moveit/install/moveit_ros_perception/include/moveit/mesh_filter/sensor_model.h
[0.161s] -- Up-to-date: /home/mu/IVG/ws_moveit/install/moveit_ros_perception/include/moveit/mesh_filter/stereo_camera_model.h
[0.161s] -- Up-to-date: /home/mu/IVG/ws_moveit/install/moveit_ros_perception/include/moveit/mesh_filter/mesh_filter.h
[0.161s] -- Up-to-date: /home/mu/IVG/ws_moveit/install/moveit_ros_perception/include/moveit/mesh_filter/transform_provider.h
[0.161s] -- Up-to-date: /home/mu/IVG/ws_moveit/install/moveit_ros_perception/include/moveit/mesh_filter/mesh_filter_base.h
[0.161s] -- Up-to-date: /home/mu/IVG/ws_moveit/install/moveit_ros_perception/include/moveit/mesh_filter/gl_mesh.h
[0.161s] -- Up-to-date: /home/mu/IVG/ws_moveit/install/moveit_ros_perception/include/moveit/mesh_filter/filter_job.h
[0.161s] -- Up-to-date: /home/mu/IVG/ws_moveit/install/moveit_ros_perception/include/moveit_mesh_filter_export.h
[0.161s] -- Up-to-date: /home/mu/IVG/ws_moveit/install/moveit_ros_perception/include
[0.161s] -- Up-to-date: /home/mu/IVG/ws_moveit/install/moveit_ros_perception/include/moveit
[0.161s] -- Up-to-date: /home/mu/IVG/ws_moveit/install/moveit_ros_perception/include/moveit/depth_image_octomap_updater
[0.161s] -- Up-to-date: /home/mu/IVG/ws_moveit/install/moveit_ros_perception/include/moveit/depth_image_octomap_updater/depth_image_octomap_updater.h
[0.161s] -- Up-to-date: /home/mu/IVG/ws_moveit/install/moveit_ros_perception/include
[0.161s] -- Up-to-date: /home/mu/IVG/ws_moveit/install/moveit_ros_perception/include/moveit
[0.161s] -- Up-to-date: /home/mu/IVG/ws_moveit/install/moveit_ros_perception/include/moveit/semantic_world
[0.161s] -- Up-to-date: /home/mu/IVG/ws_moveit/install/moveit_ros_perception/include/moveit/semantic_world/semantic_world.h
[0.182s] Invoked command in '/home/mu/IVG/ws_moveit/build/moveit_ros_perception' returned '0': CMAKE_PREFIX_PATH=/home/mu/IVG/ws_moveit/install/moveit_ros_planning:/home/mu/IVG/ws_moveit/install/moveit_ros_occupancy_map_monitor:/home/mu/IVG/ws_moveit/install/moveit_core:/home/mu/IVG/ws_moveit/install/moveit_common:/home/mu/IVG/ws_moveit/install/moveit2_tutorials:/home/mu/IVG/ws_moveit/install/moveit_visual_tools:/home/mu/IVG/ws_moveit/install/rviz_visual_tools:/home/mu/IVG/ws_moveit/install/run_ompl_constrained_planning:/home/mu/IVG/ws_moveit/install/run_moveit_cpp:/home/mu/IVG/ws_moveit/install/run_move_group:/home/mu/IVG/ws_moveit/install/moveit_runtime:/home/mu/IVG/ws_moveit/install/moveit:/home/mu/IVG/ws_moveit/install/moveit_plugins:/home/mu/IVG/ws_moveit/install/moveit_simple_controller_manager:/home/mu/IVG/ws_moveit/install/moveit_servo:/home/mu/IVG/ws_moveit/install/moveit_ros:/home/mu/IVG/ws_moveit/install/moveit_ros_visualization:/home/mu/IVG/ws_moveit/install/moveit_ros_planning_interface:/home/mu/IVG/ws_moveit/install/moveit_ros_benchmarks:/home/mu/IVG/ws_moveit/install/moveit_ros_warehouse:/home/mu/IVG/ws_moveit/install/moveit_ros_robot_interaction:/home/mu/IVG/ws_moveit/install/moveit_ros_perception:/home/mu/IVG/ws_moveit/install/moveit_ros_move_group:/home/mu/IVG/ws_moveit/install/moveit_planners:/home/mu/IVG/ws_moveit/install/moveit_planners_ompl:/home/mu/IVG/ws_moveit/install/moveit_planners_chomp:/home/mu/IVG/ws_moveit/install/moveit_kinematics:/home/mu/IVG/ws_moveit/install/moveit_chomp_optimizer_adapter:/home/mu/IVG/ws_moveit/install/chomp_motion_planner:/opt/ros/foxy LD_LIBRARY_PATH=/home/mu/IVG/ws_moveit/install/moveit_ros_planning/lib:/home/mu/IVG/ws_moveit/install/moveit_ros_occupancy_map_monitor/lib:/home/mu/IVG/ws_moveit/install/moveit_core/lib:/home/mu/IVG/ws_moveit/install/moveit_visual_tools/lib:/home/mu/IVG/ws_moveit/install/rviz_visual_tools/lib:/home/mu/IVG/ws_moveit/install/moveit_simple_controller_manager/lib:/home/mu/IVG/ws_moveit/install/moveit_servo/lib:/home/mu/IVG/ws_moveit/install/moveit_ros_visualization/lib:/home/mu/IVG/ws_moveit/install/moveit_ros_planning_interface/lib:/home/mu/IVG/ws_moveit/install/moveit_ros_benchmarks/lib:/home/mu/IVG/ws_moveit/install/moveit_ros_warehouse/lib:/home/mu/IVG/ws_moveit/install/moveit_ros_robot_interaction/lib:/home/mu/IVG/ws_moveit/install/moveit_ros_perception/lib:/home/mu/IVG/ws_moveit/install/moveit_ros_move_group/lib:/home/mu/IVG/ws_moveit/install/moveit_planners_ompl/lib:/home/mu/IVG/ws_moveit/install/moveit_planners_chomp/lib:/home/mu/IVG/ws_moveit/install/moveit_kinematics/lib:/home/mu/IVG/ws_moveit/install/moveit_chomp_optimizer_adapter/lib:/home/mu/IVG/ws_moveit/install/chomp_motion_planner/lib:/opt/ros/foxy/opt/yaml_cpp_vendor/lib:/opt/ros/foxy/opt/rviz_ogre_vendor/lib:/opt/ros/foxy/lib/x86_64-linux-gnu:/opt/ros/foxy/lib PATH=/home/mu/IVG/ws_moveit/install/moveit_core/bin:/home/mu/IVG/ws_moveit/install/moveit_kinematics/bin:/opt/ros/foxy/bin:/usr/local/sbin:/usr/local/bin:/usr/sbin:/usr/bin:/sbin:/bin:/usr/games:/usr/local/games:/snap/bin /usr/bin/cmake --install /home/mu/IVG/ws_moveit/build/moveit_ros_perception
