[0.014s] Invoking command in '/home/mu/IVG/ws_moveit/build/moveit_resources_panda_description': CMAKE_PREFIX_PATH=${CMAKE_PREFIX_PATH}:/opt/ros/foxy /usr/bin/cmake /home/mu/IVG/ws_moveit/src/moveit_resources/panda_description -DCMAKE_BUILD_TYPE=Release -DCMAKE_INSTALL_PREFIX=/home/mu/IVG/ws_moveit/install/moveit_resources_panda_description
[0.040s] -- The C compiler identification is GNU 9.4.0
[0.068s] -- The CXX compiler identification is GNU 9.4.0
[0.071s] -- Check for working C compiler: /usr/bin/cc
[0.103s] -- Check for working C compiler: /usr/bin/cc -- works
[0.103s] -- Detecting C compiler ABI info
[0.134s] -- Detecting C compiler ABI info - done
[0.141s] -- Detecting C compile features
[0.141s] -- Detecting C compile features - done
[0.143s] -- Check for working CXX compiler: /usr/bin/c++
[0.180s] -- Check for working CXX compiler: /usr/bin/c++ -- works
[0.181s] -- Detecting CXX compiler ABI info
[0.218s] -- Detecting CXX compiler ABI info - done
[0.224s] -- Detecting CXX compile features
[0.224s] -- Detecting CXX compile features - done
[0.225s] -- Found ament_cmake: 0.9.12 (/opt/ros/foxy/share/ament_cmake/cmake)
[0.237s] -- Found PythonInterp: /usr/bin/python3 (found suitable version "3.8.10", minimum required is "3") 
[0.237s] -- Using PYTHON_EXECUTABLE: /usr/bin/python3
[0.352s] -- Configuring done
[0.353s] -- Generating done
[0.354s] -- Build files have been written to: /home/mu/IVG/ws_moveit/build/moveit_resources_panda_description
[0.357s] Invoked command in '/home/mu/IVG/ws_moveit/build/moveit_resources_panda_description' returned '0': CMAKE_PREFIX_PATH=${CMAKE_PREFIX_PATH}:/opt/ros/foxy /usr/bin/cmake /home/mu/IVG/ws_moveit/src/moveit_resources/panda_description -DCMAKE_BUILD_TYPE=Release -DCMAKE_INSTALL_PREFIX=/home/mu/IVG/ws_moveit/install/moveit_resources_panda_description
[0.358s] Invoking command in '/home/mu/IVG/ws_moveit/build/moveit_resources_panda_description': CMAKE_PREFIX_PATH=${CMAKE_PREFIX_PATH}:/opt/ros/foxy /usr/bin/cmake --build /home/mu/IVG/ws_moveit/build/moveit_resources_panda_description -- -j32 -l32
[0.376s] Invoked command in '/home/mu/IVG/ws_moveit/build/moveit_resources_panda_description' returned '0': CMAKE_PREFIX_PATH=${CMAKE_PREFIX_PATH}:/opt/ros/foxy /usr/bin/cmake --build /home/mu/IVG/ws_moveit/build/moveit_resources_panda_description -- -j32 -l32
[0.377s] Invoking command in '/home/mu/IVG/ws_moveit/build/moveit_resources_panda_description': CMAKE_PREFIX_PATH=${CMAKE_PREFIX_PATH}:/opt/ros/foxy /usr/bin/cmake --install /home/mu/IVG/ws_moveit/build/moveit_resources_panda_description
[0.380s] -- Install configuration: "Release"
[0.380s] -- Installing: /home/mu/IVG/ws_moveit/install/moveit_resources_panda_description/share/ament_index/resource_index/package_run_dependencies/moveit_resources_panda_description
[0.380s] -- Installing: /home/mu/IVG/ws_moveit/install/moveit_resources_panda_description/share/ament_index/resource_index/parent_prefix_path/moveit_resources_panda_description
[0.380s] -- Installing: /home/mu/IVG/ws_moveit/install/moveit_resources_panda_description/share/moveit_resources_panda_description/environment/ament_prefix_path.sh
[0.380s] -- Installing: /home/mu/IVG/ws_moveit/install/moveit_resources_panda_description/share/moveit_resources_panda_description/environment/ament_prefix_path.dsv
[0.380s] -- Installing: /home/mu/IVG/ws_moveit/install/moveit_resources_panda_description/share/moveit_resources_panda_description/environment/path.sh
[0.380s] -- Installing: /home/mu/IVG/ws_moveit/install/moveit_resources_panda_description/share/moveit_resources_panda_description/environment/path.dsv
[0.380s] -- Installing: /home/mu/IVG/ws_moveit/install/moveit_resources_panda_description/share/moveit_resources_panda_description/local_setup.bash
[0.380s] -- Installing: /home/mu/IVG/ws_moveit/install/moveit_resources_panda_description/share/moveit_resources_panda_description/local_setup.sh
[0.380s] -- Installing: /home/mu/IVG/ws_moveit/install/moveit_resources_panda_description/share/moveit_resources_panda_description/local_setup.zsh
[0.380s] -- Installing: /home/mu/IVG/ws_moveit/install/moveit_resources_panda_description/share/moveit_resources_panda_description/local_setup.dsv
[0.380s] -- Installing: /home/mu/IVG/ws_moveit/install/moveit_resources_panda_description/share/moveit_resources_panda_description/package.dsv
[0.381s] -- Installing: /home/mu/IVG/ws_moveit/install/moveit_resources_panda_description/share/ament_index/resource_index/packages/moveit_resources_panda_description
[0.381s] -- Installing: /home/mu/IVG/ws_moveit/install/moveit_resources_panda_description/share/moveit_resources_panda_description/cmake/moveit_resources_panda_descriptionConfig.cmake
[0.381s] -- Installing: /home/mu/IVG/ws_moveit/install/moveit_resources_panda_description/share/moveit_resources_panda_description/cmake/moveit_resources_panda_descriptionConfig-version.cmake
[0.381s] -- Installing: /home/mu/IVG/ws_moveit/install/moveit_resources_panda_description/share/moveit_resources_panda_description/package.xml
[0.381s] -- Installing: /home/mu/IVG/ws_moveit/install/moveit_resources_panda_description/share/moveit_resources_panda_description/meshes
[0.381s] -- Installing: /home/mu/IVG/ws_moveit/install/moveit_resources_panda_description/share/moveit_resources_panda_description/meshes/visual
[0.381s] -- Installing: /home/mu/IVG/ws_moveit/install/moveit_resources_panda_description/share/moveit_resources_panda_description/meshes/visual/link6.dae
[0.381s] -- Installing: /home/mu/IVG/ws_moveit/install/moveit_resources_panda_description/share/moveit_resources_panda_description/meshes/visual/finger.dae
[0.381s] -- Installing: /home/mu/IVG/ws_moveit/install/moveit_resources_panda_description/share/moveit_resources_panda_description/meshes/visual/hand.dae
[0.381s] -- Installing: /home/mu/IVG/ws_moveit/install/moveit_resources_panda_description/share/moveit_resources_panda_description/meshes/visual/link4.dae
[0.382s] -- Installing: /home/mu/IVG/ws_moveit/install/moveit_resources_panda_description/share/moveit_resources_panda_description/meshes/visual/link3.dae
[0.383s] -- Installing: /home/mu/IVG/ws_moveit/install/moveit_resources_panda_description/share/moveit_resources_panda_description/meshes/visual/link2.dae
[0.383s] -- Installing: /home/mu/IVG/ws_moveit/install/moveit_resources_panda_description/share/moveit_resources_panda_description/meshes/visual/link0.dae
[0.384s] -- Installing: /home/mu/IVG/ws_moveit/install/moveit_resources_panda_description/share/moveit_resources_panda_description/meshes/visual/link5.dae
[0.388s] -- Installing: /home/mu/IVG/ws_moveit/install/moveit_resources_panda_description/share/moveit_resources_panda_description/meshes/visual/link1.dae
[0.388s] -- Installing: /home/mu/IVG/ws_moveit/install/moveit_resources_panda_description/share/moveit_resources_panda_description/meshes/visual/link7.dae
[0.389s] -- Installing: /home/mu/IVG/ws_moveit/install/moveit_resources_panda_description/share/moveit_resources_panda_description/meshes/collision
[0.389s] -- Installing: /home/mu/IVG/ws_moveit/install/moveit_resources_panda_description/share/moveit_resources_panda_description/meshes/collision/link7.stl
[0.389s] -- Installing: /home/mu/IVG/ws_moveit/install/moveit_resources_panda_description/share/moveit_resources_panda_description/meshes/collision/link1.stl
[0.389s] -- Installing: /home/mu/IVG/ws_moveit/install/moveit_resources_panda_description/share/moveit_resources_panda_description/meshes/collision/link5.stl
[0.389s] -- Installing: /home/mu/IVG/ws_moveit/install/moveit_resources_panda_description/share/moveit_resources_panda_description/meshes/collision/finger.stl
[0.389s] -- Installing: /home/mu/IVG/ws_moveit/install/moveit_resources_panda_description/share/moveit_resources_panda_description/meshes/collision/hand.stl
[0.389s] -- Installing: /home/mu/IVG/ws_moveit/install/moveit_resources_panda_description/share/moveit_resources_panda_description/meshes/collision/link4.stl
[0.389s] -- Installing: /home/mu/IVG/ws_moveit/install/moveit_resources_panda_description/share/moveit_resources_panda_description/meshes/collision/link2.stl
[0.389s] -- Installing: /home/mu/IVG/ws_moveit/install/moveit_resources_panda_description/share/moveit_resources_panda_description/meshes/collision/link3.stl
[0.389s] -- Installing: /home/mu/IVG/ws_moveit/install/moveit_resources_panda_description/share/moveit_resources_panda_description/meshes/collision/link0.stl
[0.389s] -- Installing: /home/mu/IVG/ws_moveit/install/moveit_resources_panda_description/share/moveit_resources_panda_description/meshes/collision/link6.stl
[0.389s] -- Installing: /home/mu/IVG/ws_moveit/install/moveit_resources_panda_description/share/moveit_resources_panda_description/urdf
[0.389s] -- Installing: /home/mu/IVG/ws_moveit/install/moveit_resources_panda_description/share/moveit_resources_panda_description/urdf/panda.urdf
[0.410s] Invoked command in '/home/mu/IVG/ws_moveit/build/moveit_resources_panda_description' returned '0': CMAKE_PREFIX_PATH=${CMAKE_PREFIX_PATH}:/opt/ros/foxy /usr/bin/cmake --install /home/mu/IVG/ws_moveit/build/moveit_resources_panda_description
