[0.090s] DEBUG:colcon:Command line arguments: ['/usr/bin/colcon', 'build', '--mixin', 'release']
[0.090s] DEBUG:colcon:Parsed command line arguments: Namespace(allow_overriding=[], ament_cmake_args=None, base_paths=['.'], build_base='build', catkin_cmake_args=None, catkin_skip_building_tests=False, cmake_args=['-DCMAKE_BUILD_TYPE=Release'], cmake_clean_cache=False, cmake_clean_first=False, cmake_force_configure=False, cmake_target=None, cmake_target_skip_unavailable=False, continue_on_error=False, event_handlers=None, executor='parallel', ignore_user_meta=False, install_base='install', log_base=None, log_level=None, main=<bound method BuildVerb.main of <colcon_core.verb.build.BuildVerb object at 0x7ff0d3ce8a30>>, merge_install=False, metas=['./colcon.meta'], mixin=['release'], mixin_files=None, mixin_verb=('build',), packages_above=None, packages_above_and_dependencies=None, packages_above_depth=None, packages_end=None, packages_ignore=None, packages_ignore_regex=None, packages_select=None, packages_select_build_failed=False, packages_select_by_dep=None, packages_select_regex=None, packages_select_test_failures=False, packages_skip=None, packages_skip_build_finished=False, packages_skip_by_dep=None, packages_skip_regex=None, packages_skip_test_passed=False, packages_skip_up_to=None, packages_start=None, packages_up_to=None, packages_up_to_regex=None, parallel_workers=32, paths=None, symlink_install=False, test_result_base=None, verb_extension=<colcon_core.verb.build.BuildVerb object at 0x7ff0d3ce8a30>, verb_name='build', verb_parser=<colcon_mixin.mixin.mixin_argument.MixinArgumentDecorator object at 0x7ff0d3ce8f70>)
[0.156s] Level 1:colcon.colcon_core.package_discovery:discover_packages(colcon_meta) check parameters
[0.156s] Level 1:colcon.colcon_core.package_discovery:discover_packages(recursive) check parameters
[0.156s] Level 1:colcon.colcon_core.package_discovery:discover_packages(ignore) check parameters
[0.156s] Level 1:colcon.colcon_core.package_discovery:discover_packages(path) check parameters
[0.156s] Level 1:colcon.colcon_core.package_discovery:discover_packages(colcon_meta) discover
[0.156s] Level 1:colcon.colcon_core.package_discovery:discover_packages(recursive) discover
[0.156s] INFO:colcon.colcon_core.package_discovery:Crawling recursively for packages in '/home/mu/IVG/ws_moveit'
[0.156s] Level 1:colcon.colcon_core.package_identification:_identify(.) by extensions ['ignore', 'ignore_ament_install']
[0.156s] Level 1:colcon.colcon_core.package_identification:_identify(.) by extension 'ignore'
[0.156s] Level 1:colcon.colcon_core.package_identification:_identify(.) by extension 'ignore_ament_install'
[0.156s] Level 1:colcon.colcon_core.package_identification:_identify(.) by extensions ['colcon_pkg']
[0.156s] Level 1:colcon.colcon_core.package_identification:_identify(.) by extension 'colcon_pkg'
[0.156s] Level 1:colcon.colcon_core.package_identification:_identify(.) by extensions ['colcon_meta']
[0.156s] Level 1:colcon.colcon_core.package_identification:_identify(.) by extension 'colcon_meta'
[0.156s] Level 1:colcon.colcon_core.package_identification:_identify(.) by extensions ['ros']
[0.156s] Level 1:colcon.colcon_core.package_identification:_identify(.) by extension 'ros'
[0.161s] Level 1:colcon.colcon_core.package_identification:_identify(.) by extensions ['cmake', 'python']
[0.161s] Level 1:colcon.colcon_core.package_identification:_identify(.) by extension 'cmake'
[0.161s] Level 1:colcon.colcon_core.package_identification:_identify(.) by extension 'python'
[0.161s] Level 1:colcon.colcon_core.package_identification:_identify(.) by extensions ['python_setup_py']
[0.161s] Level 1:colcon.colcon_core.package_identification:_identify(.) by extension 'python_setup_py'
[0.161s] Level 1:colcon.colcon_core.package_identification:_identify(build) by extensions ['ignore', 'ignore_ament_install']
[0.161s] Level 1:colcon.colcon_core.package_identification:_identify(build) by extension 'ignore'
[0.161s] Level 1:colcon.colcon_core.package_identification:_identify(build) ignored
[0.161s] Level 1:colcon.colcon_core.package_identification:_identify(install) by extensions ['ignore', 'ignore_ament_install']
[0.161s] Level 1:colcon.colcon_core.package_identification:_identify(install) by extension 'ignore'
[0.161s] Level 1:colcon.colcon_core.package_identification:_identify(install) ignored
[0.162s] Level 1:colcon.colcon_core.package_identification:_identify(log) by extensions ['ignore', 'ignore_ament_install']
[0.162s] Level 1:colcon.colcon_core.package_identification:_identify(log) by extension 'ignore'
[0.162s] Level 1:colcon.colcon_core.package_identification:_identify(log) ignored
[0.162s] Level 1:colcon.colcon_core.package_identification:_identify(src) by extensions ['ignore', 'ignore_ament_install']
[0.162s] Level 1:colcon.colcon_core.package_identification:_identify(src) by extension 'ignore'
[0.162s] Level 1:colcon.colcon_core.package_identification:_identify(src) by extension 'ignore_ament_install'
[0.162s] Level 1:colcon.colcon_core.package_identification:_identify(src) by extensions ['colcon_pkg']
[0.162s] Level 1:colcon.colcon_core.package_identification:_identify(src) by extension 'colcon_pkg'
[0.162s] Level 1:colcon.colcon_core.package_identification:_identify(src) by extensions ['colcon_meta']
[0.162s] Level 1:colcon.colcon_core.package_identification:_identify(src) by extension 'colcon_meta'
[0.162s] Level 1:colcon.colcon_core.package_identification:_identify(src) by extensions ['ros']
[0.162s] Level 1:colcon.colcon_core.package_identification:_identify(src) by extension 'ros'
[0.162s] Level 1:colcon.colcon_core.package_identification:_identify(src) by extensions ['cmake', 'python']
[0.162s] Level 1:colcon.colcon_core.package_identification:_identify(src) by extension 'cmake'
[0.162s] Level 1:colcon.colcon_core.package_identification:_identify(src) by extension 'python'
[0.162s] Level 1:colcon.colcon_core.package_identification:_identify(src) by extensions ['python_setup_py']
[0.162s] Level 1:colcon.colcon_core.package_identification:_identify(src) by extension 'python_setup_py'
[0.162s] Level 1:colcon.colcon_core.package_identification:_identify(src/moveit2_tutorials) by extensions ['ignore', 'ignore_ament_install']
[0.162s] Level 1:colcon.colcon_core.package_identification:_identify(src/moveit2_tutorials) by extension 'ignore'
[0.162s] Level 1:colcon.colcon_core.package_identification:_identify(src/moveit2_tutorials) by extension 'ignore_ament_install'
[0.162s] Level 1:colcon.colcon_core.package_identification:_identify(src/moveit2_tutorials) by extensions ['colcon_pkg']
[0.162s] Level 1:colcon.colcon_core.package_identification:_identify(src/moveit2_tutorials) by extension 'colcon_pkg'
[0.162s] Level 1:colcon.colcon_core.package_identification:_identify(src/moveit2_tutorials) by extensions ['colcon_meta']
[0.162s] Level 1:colcon.colcon_core.package_identification:_identify(src/moveit2_tutorials) by extension 'colcon_meta'
[0.162s] Level 1:colcon.colcon_core.package_identification:_identify(src/moveit2_tutorials) by extensions ['ros']
[0.162s] Level 1:colcon.colcon_core.package_identification:_identify(src/moveit2_tutorials) by extension 'ros'
[0.164s] DEBUG:colcon.colcon_core.package_identification:Package 'src/moveit2_tutorials' with type 'ros.ament_cmake' and name 'moveit2_tutorials'
[0.164s] Level 1:colcon.colcon_core.package_identification:_identify(src/moveit_visual_tools) by extensions ['ignore', 'ignore_ament_install']
[0.164s] Level 1:colcon.colcon_core.package_identification:_identify(src/moveit_visual_tools) by extension 'ignore'
[0.164s] Level 1:colcon.colcon_core.package_identification:_identify(src/moveit_visual_tools) by extension 'ignore_ament_install'
[0.164s] Level 1:colcon.colcon_core.package_identification:_identify(src/moveit_visual_tools) by extensions ['colcon_pkg']
[0.164s] Level 1:colcon.colcon_core.package_identification:_identify(src/moveit_visual_tools) by extension 'colcon_pkg'
[0.164s] Level 1:colcon.colcon_core.package_identification:_identify(src/moveit_visual_tools) by extensions ['colcon_meta']
[0.164s] Level 1:colcon.colcon_core.package_identification:_identify(src/moveit_visual_tools) by extension 'colcon_meta'
[0.164s] Level 1:colcon.colcon_core.package_identification:_identify(src/moveit_visual_tools) by extensions ['ros']
[0.164s] Level 1:colcon.colcon_core.package_identification:_identify(src/moveit_visual_tools) by extension 'ros'
[0.165s] DEBUG:colcon.colcon_core.package_identification:Package 'src/moveit_visual_tools' with type 'ros.ament_cmake' and name 'moveit_visual_tools'
[0.165s] Level 1:colcon.colcon_core.package_identification:_identify(src/rviz_visual_tools) by extensions ['ignore', 'ignore_ament_install']
[0.165s] Level 1:colcon.colcon_core.package_identification:_identify(src/rviz_visual_tools) by extension 'ignore'
[0.165s] Level 1:colcon.colcon_core.package_identification:_identify(src/rviz_visual_tools) by extension 'ignore_ament_install'
[0.165s] Level 1:colcon.colcon_core.package_identification:_identify(src/rviz_visual_tools) by extensions ['colcon_pkg']
[0.165s] Level 1:colcon.colcon_core.package_identification:_identify(src/rviz_visual_tools) by extension 'colcon_pkg'
[0.165s] Level 1:colcon.colcon_core.package_identification:_identify(src/rviz_visual_tools) by extensions ['colcon_meta']
[0.165s] Level 1:colcon.colcon_core.package_identification:_identify(src/rviz_visual_tools) by extension 'colcon_meta'
[0.165s] Level 1:colcon.colcon_core.package_identification:_identify(src/rviz_visual_tools) by extensions ['ros']
[0.165s] Level 1:colcon.colcon_core.package_identification:_identify(src/rviz_visual_tools) by extension 'ros'
[0.166s] DEBUG:colcon.colcon_core.package_identification:Package 'src/rviz_visual_tools' with type 'ros.ament_cmake' and name 'rviz_visual_tools'
[0.166s] Level 1:colcon.colcon_core.package_discovery:discover_packages(recursive) using defaults
[0.166s] Level 1:colcon.colcon_core.package_discovery:discover_packages(ignore) discover
[0.166s] Level 1:colcon.colcon_core.package_discovery:discover_packages(ignore) using defaults
[0.166s] Level 1:colcon.colcon_core.package_discovery:discover_packages(path) discover
[0.166s] Level 1:colcon.colcon_core.package_discovery:discover_packages(path) using defaults
[0.178s] Level 1:colcon.colcon_core.package_discovery:discover_packages(prefix_path) check parameters
[0.178s] Level 1:colcon.colcon_core.package_discovery:discover_packages(prefix_path) discover
[0.179s] DEBUG:colcon.colcon_installed_package_information.package_discovery:Found 305 installed packages in /opt/ros/foxy
[0.180s] Level 1:colcon.colcon_core.package_discovery:discover_packages(prefix_path) using defaults
[0.203s] Level 5:colcon.colcon_core.verb:set package 'rviz_visual_tools' build argument 'cmake_args' from command line to '['-DCMAKE_BUILD_TYPE=Release']'
[0.203s] Level 5:colcon.colcon_core.verb:set package 'rviz_visual_tools' build argument 'cmake_target' from command line to 'None'
[0.203s] Level 5:colcon.colcon_core.verb:set package 'rviz_visual_tools' build argument 'cmake_target_skip_unavailable' from command line to 'False'
[0.203s] Level 5:colcon.colcon_core.verb:set package 'rviz_visual_tools' build argument 'cmake_clean_cache' from command line to 'False'
[0.204s] Level 5:colcon.colcon_core.verb:set package 'rviz_visual_tools' build argument 'cmake_clean_first' from command line to 'False'
[0.204s] Level 5:colcon.colcon_core.verb:set package 'rviz_visual_tools' build argument 'cmake_force_configure' from command line to 'False'
[0.204s] Level 5:colcon.colcon_core.verb:set package 'rviz_visual_tools' build argument 'ament_cmake_args' from command line to 'None'
[0.204s] Level 5:colcon.colcon_core.verb:set package 'rviz_visual_tools' build argument 'catkin_cmake_args' from command line to 'None'
[0.204s] Level 5:colcon.colcon_core.verb:set package 'rviz_visual_tools' build argument 'catkin_skip_building_tests' from command line to 'False'
[0.204s] DEBUG:colcon.colcon_core.verb:Building package 'rviz_visual_tools' with the following arguments: {'ament_cmake_args': None, 'build_base': '/home/mu/IVG/ws_moveit/build/rviz_visual_tools', 'catkin_cmake_args': None, 'catkin_skip_building_tests': False, 'cmake_args': ['-DCMAKE_BUILD_TYPE=Release'], 'cmake_clean_cache': False, 'cmake_clean_first': False, 'cmake_force_configure': False, 'cmake_target': None, 'cmake_target_skip_unavailable': False, 'install_base': '/home/mu/IVG/ws_moveit/install/rviz_visual_tools', 'merge_install': False, 'path': '/home/mu/IVG/ws_moveit/src/rviz_visual_tools', 'symlink_install': False, 'test_result_base': None}
[0.204s] Level 5:colcon.colcon_core.verb:set package 'moveit_visual_tools' build argument 'cmake_args' from command line to '['-DCMAKE_BUILD_TYPE=Release']'
[0.204s] Level 5:colcon.colcon_core.verb:set package 'moveit_visual_tools' build argument 'cmake_target' from command line to 'None'
[0.204s] Level 5:colcon.colcon_core.verb:set package 'moveit_visual_tools' build argument 'cmake_target_skip_unavailable' from command line to 'False'
[0.204s] Level 5:colcon.colcon_core.verb:set package 'moveit_visual_tools' build argument 'cmake_clean_cache' from command line to 'False'
[0.204s] Level 5:colcon.colcon_core.verb:set package 'moveit_visual_tools' build argument 'cmake_clean_first' from command line to 'False'
[0.204s] Level 5:colcon.colcon_core.verb:set package 'moveit_visual_tools' build argument 'cmake_force_configure' from command line to 'False'
[0.204s] Level 5:colcon.colcon_core.verb:set package 'moveit_visual_tools' build argument 'ament_cmake_args' from command line to 'None'
[0.204s] Level 5:colcon.colcon_core.verb:set package 'moveit_visual_tools' build argument 'catkin_cmake_args' from command line to 'None'
[0.204s] Level 5:colcon.colcon_core.verb:set package 'moveit_visual_tools' build argument 'catkin_skip_building_tests' from command line to 'False'
[0.204s] DEBUG:colcon.colcon_core.verb:Building package 'moveit_visual_tools' with the following arguments: {'ament_cmake_args': None, 'build_base': '/home/mu/IVG/ws_moveit/build/moveit_visual_tools', 'catkin_cmake_args': None, 'catkin_skip_building_tests': False, 'cmake_args': ['-DCMAKE_BUILD_TYPE=Release'], 'cmake_clean_cache': False, 'cmake_clean_first': False, 'cmake_force_configure': False, 'cmake_target': None, 'cmake_target_skip_unavailable': False, 'install_base': '/home/mu/IVG/ws_moveit/install/moveit_visual_tools', 'merge_install': False, 'path': '/home/mu/IVG/ws_moveit/src/moveit_visual_tools', 'symlink_install': False, 'test_result_base': None}
[0.204s] Level 5:colcon.colcon_core.verb:set package 'moveit2_tutorials' build argument 'cmake_args' from command line to '['-DCMAKE_BUILD_TYPE=Release']'
[0.204s] Level 5:colcon.colcon_core.verb:set package 'moveit2_tutorials' build argument 'cmake_target' from command line to 'None'
[0.204s] Level 5:colcon.colcon_core.verb:set package 'moveit2_tutorials' build argument 'cmake_target_skip_unavailable' from command line to 'False'
[0.204s] Level 5:colcon.colcon_core.verb:set package 'moveit2_tutorials' build argument 'cmake_clean_cache' from command line to 'False'
[0.204s] Level 5:colcon.colcon_core.verb:set package 'moveit2_tutorials' build argument 'cmake_clean_first' from command line to 'False'
[0.204s] Level 5:colcon.colcon_core.verb:set package 'moveit2_tutorials' build argument 'cmake_force_configure' from command line to 'False'
[0.204s] Level 5:colcon.colcon_core.verb:set package 'moveit2_tutorials' build argument 'ament_cmake_args' from command line to 'None'
[0.204s] Level 5:colcon.colcon_core.verb:set package 'moveit2_tutorials' build argument 'catkin_cmake_args' from command line to 'None'
[0.204s] Level 5:colcon.colcon_core.verb:set package 'moveit2_tutorials' build argument 'catkin_skip_building_tests' from command line to 'False'
[0.204s] DEBUG:colcon.colcon_core.verb:Building package 'moveit2_tutorials' with the following arguments: {'ament_cmake_args': None, 'build_base': '/home/mu/IVG/ws_moveit/build/moveit2_tutorials', 'catkin_cmake_args': None, 'catkin_skip_building_tests': False, 'cmake_args': ['-DCMAKE_BUILD_TYPE=Release'], 'cmake_clean_cache': False, 'cmake_clean_first': False, 'cmake_force_configure': False, 'cmake_target': None, 'cmake_target_skip_unavailable': False, 'install_base': '/home/mu/IVG/ws_moveit/install/moveit2_tutorials', 'merge_install': False, 'path': '/home/mu/IVG/ws_moveit/src/moveit2_tutorials', 'symlink_install': False, 'test_result_base': None}
[0.204s] INFO:colcon.colcon_core.executor:Executing jobs using 'parallel' executor
[0.205s] DEBUG:colcon.colcon_parallel_executor.executor.parallel:run_until_complete
[0.205s] INFO:colcon.colcon_ros.task.ament_cmake.build:Building ROS package in '/home/mu/IVG/ws_moveit/src/rviz_visual_tools' with build type 'ament_cmake'
[0.205s] INFO:colcon.colcon_cmake.task.cmake.build:Building CMake package in '/home/mu/IVG/ws_moveit/src/rviz_visual_tools'
[0.206s] INFO:colcon.colcon_core.plugin_system:Skipping extension 'colcon_core.shell.bat': Not used on non-Windows systems
[0.206s] INFO:colcon.colcon_core.shell:Skip shell extension 'powershell' for command environment: Not usable outside of PowerShell
[0.206s] DEBUG:colcon.colcon_core.shell:Skip shell extension 'dsv' for command environment
[0.212s] DEBUG:colcon.colcon_core.event_handler.log_command:Invoking command in '/home/mu/IVG/ws_moveit/build/rviz_visual_tools': CMAKE_PREFIX_PATH=/opt/ros/foxy /usr/bin/cmake /home/mu/IVG/ws_moveit/src/rviz_visual_tools -DCMAKE_BUILD_TYPE=Release -DCMAKE_INSTALL_PREFIX=/home/mu/IVG/ws_moveit/install/rviz_visual_tools
[2.051s] DEBUG:colcon.colcon_core.event_handler.log_command:Invoked command in '/home/mu/IVG/ws_moveit/build/rviz_visual_tools' returned '0': CMAKE_PREFIX_PATH=/opt/ros/foxy /usr/bin/cmake /home/mu/IVG/ws_moveit/src/rviz_visual_tools -DCMAKE_BUILD_TYPE=Release -DCMAKE_INSTALL_PREFIX=/home/mu/IVG/ws_moveit/install/rviz_visual_tools
[2.052s] DEBUG:colcon.colcon_core.event_handler.log_command:Invoking command in '/home/mu/IVG/ws_moveit/build/rviz_visual_tools': CMAKE_PREFIX_PATH=/opt/ros/foxy /usr/bin/cmake --build /home/mu/IVG/ws_moveit/build/rviz_visual_tools -- -j32 -l32
[15.675s] DEBUG:colcon.colcon_core.event_handler.log_command:Invoked command in '/home/mu/IVG/ws_moveit/build/rviz_visual_tools' returned '0': CMAKE_PREFIX_PATH=/opt/ros/foxy /usr/bin/cmake --build /home/mu/IVG/ws_moveit/build/rviz_visual_tools -- -j32 -l32
[15.681s] DEBUG:colcon.colcon_core.event_handler.log_command:Invoking command in '/home/mu/IVG/ws_moveit/build/rviz_visual_tools': CMAKE_PREFIX_PATH=/opt/ros/foxy /usr/bin/cmake --install /home/mu/IVG/ws_moveit/build/rviz_visual_tools
[15.690s] Level 1:colcon.colcon_core.environment:create_environment_scripts_only(rviz_visual_tools)
[15.690s] DEBUG:colcon.colcon_core.event_handler.log_command:Invoked command in '/home/mu/IVG/ws_moveit/build/rviz_visual_tools' returned '0': CMAKE_PREFIX_PATH=/opt/ros/foxy /usr/bin/cmake --install /home/mu/IVG/ws_moveit/build/rviz_visual_tools
[15.691s] Level 1:colcon.colcon_core.environment:checking '/home/mu/IVG/ws_moveit/install/rviz_visual_tools' for CMake module files
[15.691s] Level 1:colcon.colcon_core.environment:checking '/home/mu/IVG/ws_moveit/install/rviz_visual_tools' for CMake config files
[15.691s] Level 1:colcon.colcon_core.shell:create_environment_hook('rviz_visual_tools', 'cmake_prefix_path')
[15.691s] INFO:colcon.colcon_core.shell:Creating environment hook '/home/mu/IVG/ws_moveit/install/rviz_visual_tools/share/rviz_visual_tools/hook/cmake_prefix_path.ps1'
[15.692s] INFO:colcon.colcon_core.shell:Creating environment descriptor '/home/mu/IVG/ws_moveit/install/rviz_visual_tools/share/rviz_visual_tools/hook/cmake_prefix_path.dsv'
[15.692s] INFO:colcon.colcon_core.shell:Creating environment hook '/home/mu/IVG/ws_moveit/install/rviz_visual_tools/share/rviz_visual_tools/hook/cmake_prefix_path.sh'
[15.692s] Level 1:colcon.colcon_core.environment:checking '/home/mu/IVG/ws_moveit/install/rviz_visual_tools/lib'
[15.693s] Level 1:colcon.colcon_core.shell:create_environment_hook('rviz_visual_tools', 'ld_library_path_lib')
[15.693s] INFO:colcon.colcon_core.shell:Creating environment hook '/home/mu/IVG/ws_moveit/install/rviz_visual_tools/share/rviz_visual_tools/hook/ld_library_path_lib.ps1'
[15.693s] INFO:colcon.colcon_core.shell:Creating environment descriptor '/home/mu/IVG/ws_moveit/install/rviz_visual_tools/share/rviz_visual_tools/hook/ld_library_path_lib.dsv'
[15.693s] INFO:colcon.colcon_core.shell:Creating environment hook '/home/mu/IVG/ws_moveit/install/rviz_visual_tools/share/rviz_visual_tools/hook/ld_library_path_lib.sh'
[15.693s] Level 1:colcon.colcon_core.environment:checking '/home/mu/IVG/ws_moveit/install/rviz_visual_tools/bin'
[15.693s] Level 1:colcon.colcon_core.environment:checking '/home/mu/IVG/ws_moveit/install/rviz_visual_tools/lib/pkgconfig/rviz_visual_tools.pc'
[15.693s] Level 1:colcon.colcon_core.environment:checking '/home/mu/IVG/ws_moveit/install/rviz_visual_tools/lib/python3.8/site-packages'
[15.693s] Level 1:colcon.colcon_core.environment:checking '/home/mu/IVG/ws_moveit/install/rviz_visual_tools/bin'
[15.693s] INFO:colcon.colcon_core.shell:Creating package script '/home/mu/IVG/ws_moveit/install/rviz_visual_tools/share/rviz_visual_tools/package.ps1'
[15.694s] INFO:colcon.colcon_core.shell:Creating package descriptor '/home/mu/IVG/ws_moveit/install/rviz_visual_tools/share/rviz_visual_tools/package.dsv'
[15.694s] INFO:colcon.colcon_core.shell:Creating package script '/home/mu/IVG/ws_moveit/install/rviz_visual_tools/share/rviz_visual_tools/package.sh'
[15.694s] INFO:colcon.colcon_core.shell:Creating package script '/home/mu/IVG/ws_moveit/install/rviz_visual_tools/share/rviz_visual_tools/package.bash'
[15.695s] INFO:colcon.colcon_core.shell:Creating package script '/home/mu/IVG/ws_moveit/install/rviz_visual_tools/share/rviz_visual_tools/package.zsh'
[15.695s] Level 1:colcon.colcon_core.environment:create_file_with_runtime_dependencies(/home/mu/IVG/ws_moveit/install/rviz_visual_tools/share/colcon-core/packages/rviz_visual_tools)
[15.695s] Level 1:colcon.colcon_core.environment:create_environment_scripts_only(rviz_visual_tools)
[15.695s] Level 1:colcon.colcon_core.environment:checking '/home/mu/IVG/ws_moveit/install/rviz_visual_tools' for CMake module files
[15.695s] Level 1:colcon.colcon_core.environment:checking '/home/mu/IVG/ws_moveit/install/rviz_visual_tools' for CMake config files
[15.696s] Level 1:colcon.colcon_core.shell:create_environment_hook('rviz_visual_tools', 'cmake_prefix_path')
[15.696s] INFO:colcon.colcon_core.shell:Creating environment hook '/home/mu/IVG/ws_moveit/install/rviz_visual_tools/share/rviz_visual_tools/hook/cmake_prefix_path.ps1'
[15.696s] INFO:colcon.colcon_core.shell:Creating environment descriptor '/home/mu/IVG/ws_moveit/install/rviz_visual_tools/share/rviz_visual_tools/hook/cmake_prefix_path.dsv'
[15.696s] INFO:colcon.colcon_core.shell:Creating environment hook '/home/mu/IVG/ws_moveit/install/rviz_visual_tools/share/rviz_visual_tools/hook/cmake_prefix_path.sh'
[15.696s] Level 1:colcon.colcon_core.environment:checking '/home/mu/IVG/ws_moveit/install/rviz_visual_tools/lib'
[15.696s] Level 1:colcon.colcon_core.shell:create_environment_hook('rviz_visual_tools', 'ld_library_path_lib')
[15.696s] INFO:colcon.colcon_core.shell:Creating environment hook '/home/mu/IVG/ws_moveit/install/rviz_visual_tools/share/rviz_visual_tools/hook/ld_library_path_lib.ps1'
[15.697s] INFO:colcon.colcon_core.shell:Creating environment descriptor '/home/mu/IVG/ws_moveit/install/rviz_visual_tools/share/rviz_visual_tools/hook/ld_library_path_lib.dsv'
[15.697s] INFO:colcon.colcon_core.shell:Creating environment hook '/home/mu/IVG/ws_moveit/install/rviz_visual_tools/share/rviz_visual_tools/hook/ld_library_path_lib.sh'
[15.697s] Level 1:colcon.colcon_core.environment:checking '/home/mu/IVG/ws_moveit/install/rviz_visual_tools/bin'
[15.697s] Level 1:colcon.colcon_core.environment:checking '/home/mu/IVG/ws_moveit/install/rviz_visual_tools/lib/pkgconfig/rviz_visual_tools.pc'
[15.697s] Level 1:colcon.colcon_core.environment:checking '/home/mu/IVG/ws_moveit/install/rviz_visual_tools/lib/python3.8/site-packages'
[15.697s] Level 1:colcon.colcon_core.environment:checking '/home/mu/IVG/ws_moveit/install/rviz_visual_tools/bin'
[15.697s] INFO:colcon.colcon_core.shell:Creating package script '/home/mu/IVG/ws_moveit/install/rviz_visual_tools/share/rviz_visual_tools/package.ps1'
[15.698s] INFO:colcon.colcon_core.shell:Creating package descriptor '/home/mu/IVG/ws_moveit/install/rviz_visual_tools/share/rviz_visual_tools/package.dsv'
[15.698s] INFO:colcon.colcon_core.shell:Creating package script '/home/mu/IVG/ws_moveit/install/rviz_visual_tools/share/rviz_visual_tools/package.sh'
[15.698s] INFO:colcon.colcon_core.shell:Creating package script '/home/mu/IVG/ws_moveit/install/rviz_visual_tools/share/rviz_visual_tools/package.bash'
[15.698s] INFO:colcon.colcon_core.shell:Creating package script '/home/mu/IVG/ws_moveit/install/rviz_visual_tools/share/rviz_visual_tools/package.zsh'
[15.699s] Level 1:colcon.colcon_core.environment:create_file_with_runtime_dependencies(/home/mu/IVG/ws_moveit/install/rviz_visual_tools/share/colcon-core/packages/rviz_visual_tools)
[15.699s] INFO:colcon.colcon_ros.task.ament_cmake.build:Building ROS package in '/home/mu/IVG/ws_moveit/src/moveit_visual_tools' with build type 'ament_cmake'
[15.699s] INFO:colcon.colcon_cmake.task.cmake.build:Building CMake package in '/home/mu/IVG/ws_moveit/src/moveit_visual_tools'
[15.699s] INFO:colcon.colcon_core.shell:Skip shell extension 'powershell' for command environment: Not usable outside of PowerShell
[15.699s] DEBUG:colcon.colcon_core.shell:Skip shell extension 'dsv' for command environment
[15.705s] DEBUG:colcon.colcon_core.event_handler.log_command:Invoking command in '/home/mu/IVG/ws_moveit/build/moveit_visual_tools': AMENT_PREFIX_PATH=/home/mu/IVG/ws_moveit/install/rviz_visual_tools:${AMENT_PREFIX_PATH} CMAKE_PREFIX_PATH=/home/mu/IVG/ws_moveit/install/rviz_visual_tools:/opt/ros/foxy LD_LIBRARY_PATH=/home/mu/IVG/ws_moveit/install/rviz_visual_tools/lib:${LD_LIBRARY_PATH} /usr/bin/cmake /home/mu/IVG/ws_moveit/src/moveit_visual_tools -DCMAKE_BUILD_TYPE=Release -DCMAKE_INSTALL_PREFIX=/home/mu/IVG/ws_moveit/install/moveit_visual_tools
[19.277s] DEBUG:colcon.colcon_core.event_handler.log_command:Invoked command in '/home/mu/IVG/ws_moveit/build/moveit_visual_tools' returned '0': AMENT_PREFIX_PATH=/home/mu/IVG/ws_moveit/install/rviz_visual_tools:${AMENT_PREFIX_PATH} CMAKE_PREFIX_PATH=/home/mu/IVG/ws_moveit/install/rviz_visual_tools:/opt/ros/foxy LD_LIBRARY_PATH=/home/mu/IVG/ws_moveit/install/rviz_visual_tools/lib:${LD_LIBRARY_PATH} /usr/bin/cmake /home/mu/IVG/ws_moveit/src/moveit_visual_tools -DCMAKE_BUILD_TYPE=Release -DCMAKE_INSTALL_PREFIX=/home/mu/IVG/ws_moveit/install/moveit_visual_tools
[19.277s] DEBUG:colcon.colcon_core.event_handler.log_command:Invoking command in '/home/mu/IVG/ws_moveit/build/moveit_visual_tools': AMENT_PREFIX_PATH=/home/mu/IVG/ws_moveit/install/rviz_visual_tools:${AMENT_PREFIX_PATH} CMAKE_PREFIX_PATH=/home/mu/IVG/ws_moveit/install/rviz_visual_tools:/opt/ros/foxy LD_LIBRARY_PATH=/home/mu/IVG/ws_moveit/install/rviz_visual_tools/lib:${LD_LIBRARY_PATH} /usr/bin/cmake --build /home/mu/IVG/ws_moveit/build/moveit_visual_tools -- -j32 -l32
[32.958s] DEBUG:colcon.colcon_core.event_handler.log_command:Invoked command in '/home/mu/IVG/ws_moveit/build/moveit_visual_tools' returned '0': AMENT_PREFIX_PATH=/home/mu/IVG/ws_moveit/install/rviz_visual_tools:${AMENT_PREFIX_PATH} CMAKE_PREFIX_PATH=/home/mu/IVG/ws_moveit/install/rviz_visual_tools:/opt/ros/foxy LD_LIBRARY_PATH=/home/mu/IVG/ws_moveit/install/rviz_visual_tools/lib:${LD_LIBRARY_PATH} /usr/bin/cmake --build /home/mu/IVG/ws_moveit/build/moveit_visual_tools -- -j32 -l32
[32.959s] DEBUG:colcon.colcon_core.event_handler.log_command:Invoking command in '/home/mu/IVG/ws_moveit/build/moveit_visual_tools': AMENT_PREFIX_PATH=/home/mu/IVG/ws_moveit/install/rviz_visual_tools:${AMENT_PREFIX_PATH} CMAKE_PREFIX_PATH=/home/mu/IVG/ws_moveit/install/rviz_visual_tools:/opt/ros/foxy LD_LIBRARY_PATH=/home/mu/IVG/ws_moveit/install/rviz_visual_tools/lib:${LD_LIBRARY_PATH} /usr/bin/cmake --install /home/mu/IVG/ws_moveit/build/moveit_visual_tools
[32.966s] Level 1:colcon.colcon_core.environment:create_environment_scripts_only(moveit_visual_tools)
[32.966s] DEBUG:colcon.colcon_core.event_handler.log_command:Invoked command in '/home/mu/IVG/ws_moveit/build/moveit_visual_tools' returned '0': AMENT_PREFIX_PATH=/home/mu/IVG/ws_moveit/install/rviz_visual_tools:${AMENT_PREFIX_PATH} CMAKE_PREFIX_PATH=/home/mu/IVG/ws_moveit/install/rviz_visual_tools:/opt/ros/foxy LD_LIBRARY_PATH=/home/mu/IVG/ws_moveit/install/rviz_visual_tools/lib:${LD_LIBRARY_PATH} /usr/bin/cmake --install /home/mu/IVG/ws_moveit/build/moveit_visual_tools
[32.967s] Level 1:colcon.colcon_core.environment:checking '/home/mu/IVG/ws_moveit/install/moveit_visual_tools' for CMake module files
[32.967s] Level 1:colcon.colcon_core.environment:checking '/home/mu/IVG/ws_moveit/install/moveit_visual_tools' for CMake config files
[32.967s] Level 1:colcon.colcon_core.shell:create_environment_hook('moveit_visual_tools', 'cmake_prefix_path')
[32.967s] INFO:colcon.colcon_core.shell:Creating environment hook '/home/mu/IVG/ws_moveit/install/moveit_visual_tools/share/moveit_visual_tools/hook/cmake_prefix_path.ps1'
[32.967s] INFO:colcon.colcon_core.shell:Creating environment descriptor '/home/mu/IVG/ws_moveit/install/moveit_visual_tools/share/moveit_visual_tools/hook/cmake_prefix_path.dsv'
[32.968s] INFO:colcon.colcon_core.shell:Creating environment hook '/home/mu/IVG/ws_moveit/install/moveit_visual_tools/share/moveit_visual_tools/hook/cmake_prefix_path.sh'
[32.968s] Level 1:colcon.colcon_core.environment:checking '/home/mu/IVG/ws_moveit/install/moveit_visual_tools/lib'
[32.968s] Level 1:colcon.colcon_core.shell:create_environment_hook('moveit_visual_tools', 'ld_library_path_lib')
[32.968s] INFO:colcon.colcon_core.shell:Creating environment hook '/home/mu/IVG/ws_moveit/install/moveit_visual_tools/share/moveit_visual_tools/hook/ld_library_path_lib.ps1'
[32.968s] INFO:colcon.colcon_core.shell:Creating environment descriptor '/home/mu/IVG/ws_moveit/install/moveit_visual_tools/share/moveit_visual_tools/hook/ld_library_path_lib.dsv'
[32.968s] INFO:colcon.colcon_core.shell:Creating environment hook '/home/mu/IVG/ws_moveit/install/moveit_visual_tools/share/moveit_visual_tools/hook/ld_library_path_lib.sh'
[32.969s] Level 1:colcon.colcon_core.environment:checking '/home/mu/IVG/ws_moveit/install/moveit_visual_tools/bin'
[32.969s] Level 1:colcon.colcon_core.environment:checking '/home/mu/IVG/ws_moveit/install/moveit_visual_tools/lib/pkgconfig/moveit_visual_tools.pc'
[32.969s] Level 1:colcon.colcon_core.environment:checking '/home/mu/IVG/ws_moveit/install/moveit_visual_tools/lib/python3.8/site-packages'
[32.969s] Level 1:colcon.colcon_core.environment:checking '/home/mu/IVG/ws_moveit/install/moveit_visual_tools/bin'
[32.969s] INFO:colcon.colcon_core.shell:Creating package script '/home/mu/IVG/ws_moveit/install/moveit_visual_tools/share/moveit_visual_tools/package.ps1'
[32.969s] INFO:colcon.colcon_core.shell:Creating package descriptor '/home/mu/IVG/ws_moveit/install/moveit_visual_tools/share/moveit_visual_tools/package.dsv'
[32.970s] INFO:colcon.colcon_core.shell:Creating package script '/home/mu/IVG/ws_moveit/install/moveit_visual_tools/share/moveit_visual_tools/package.sh'
[32.970s] INFO:colcon.colcon_core.shell:Creating package script '/home/mu/IVG/ws_moveit/install/moveit_visual_tools/share/moveit_visual_tools/package.bash'
[32.970s] INFO:colcon.colcon_core.shell:Creating package script '/home/mu/IVG/ws_moveit/install/moveit_visual_tools/share/moveit_visual_tools/package.zsh'
[32.970s] Level 1:colcon.colcon_core.environment:create_file_with_runtime_dependencies(/home/mu/IVG/ws_moveit/install/moveit_visual_tools/share/colcon-core/packages/moveit_visual_tools)
[32.970s] Level 1:colcon.colcon_core.environment:create_environment_scripts_only(moveit_visual_tools)
[32.970s] Level 1:colcon.colcon_core.environment:checking '/home/mu/IVG/ws_moveit/install/moveit_visual_tools' for CMake module files
[32.971s] Level 1:colcon.colcon_core.environment:checking '/home/mu/IVG/ws_moveit/install/moveit_visual_tools' for CMake config files
[32.971s] Level 1:colcon.colcon_core.shell:create_environment_hook('moveit_visual_tools', 'cmake_prefix_path')
[32.971s] INFO:colcon.colcon_core.shell:Creating environment hook '/home/mu/IVG/ws_moveit/install/moveit_visual_tools/share/moveit_visual_tools/hook/cmake_prefix_path.ps1'
[32.971s] INFO:colcon.colcon_core.shell:Creating environment descriptor '/home/mu/IVG/ws_moveit/install/moveit_visual_tools/share/moveit_visual_tools/hook/cmake_prefix_path.dsv'
[32.971s] INFO:colcon.colcon_core.shell:Creating environment hook '/home/mu/IVG/ws_moveit/install/moveit_visual_tools/share/moveit_visual_tools/hook/cmake_prefix_path.sh'
[32.972s] Level 1:colcon.colcon_core.environment:checking '/home/mu/IVG/ws_moveit/install/moveit_visual_tools/lib'
[32.972s] Level 1:colcon.colcon_core.shell:create_environment_hook('moveit_visual_tools', 'ld_library_path_lib')
[32.972s] INFO:colcon.colcon_core.shell:Creating environment hook '/home/mu/IVG/ws_moveit/install/moveit_visual_tools/share/moveit_visual_tools/hook/ld_library_path_lib.ps1'
[32.972s] INFO:colcon.colcon_core.shell:Creating environment descriptor '/home/mu/IVG/ws_moveit/install/moveit_visual_tools/share/moveit_visual_tools/hook/ld_library_path_lib.dsv'
[32.972s] INFO:colcon.colcon_core.shell:Creating environment hook '/home/mu/IVG/ws_moveit/install/moveit_visual_tools/share/moveit_visual_tools/hook/ld_library_path_lib.sh'
[32.972s] Level 1:colcon.colcon_core.environment:checking '/home/mu/IVG/ws_moveit/install/moveit_visual_tools/bin'
[32.972s] Level 1:colcon.colcon_core.environment:checking '/home/mu/IVG/ws_moveit/install/moveit_visual_tools/lib/pkgconfig/moveit_visual_tools.pc'
[32.972s] Level 1:colcon.colcon_core.environment:checking '/home/mu/IVG/ws_moveit/install/moveit_visual_tools/lib/python3.8/site-packages'
[32.973s] Level 1:colcon.colcon_core.environment:checking '/home/mu/IVG/ws_moveit/install/moveit_visual_tools/bin'
[32.973s] INFO:colcon.colcon_core.shell:Creating package script '/home/mu/IVG/ws_moveit/install/moveit_visual_tools/share/moveit_visual_tools/package.ps1'
[32.973s] INFO:colcon.colcon_core.shell:Creating package descriptor '/home/mu/IVG/ws_moveit/install/moveit_visual_tools/share/moveit_visual_tools/package.dsv'
[32.973s] INFO:colcon.colcon_core.shell:Creating package script '/home/mu/IVG/ws_moveit/install/moveit_visual_tools/share/moveit_visual_tools/package.sh'
[32.974s] INFO:colcon.colcon_core.shell:Creating package script '/home/mu/IVG/ws_moveit/install/moveit_visual_tools/share/moveit_visual_tools/package.bash'
[32.974s] INFO:colcon.colcon_core.shell:Creating package script '/home/mu/IVG/ws_moveit/install/moveit_visual_tools/share/moveit_visual_tools/package.zsh'
[32.974s] Level 1:colcon.colcon_core.environment:create_file_with_runtime_dependencies(/home/mu/IVG/ws_moveit/install/moveit_visual_tools/share/colcon-core/packages/moveit_visual_tools)
[32.974s] INFO:colcon.colcon_ros.task.ament_cmake.build:Building ROS package in '/home/mu/IVG/ws_moveit/src/moveit2_tutorials' with build type 'ament_cmake'
[32.975s] INFO:colcon.colcon_cmake.task.cmake.build:Building CMake package in '/home/mu/IVG/ws_moveit/src/moveit2_tutorials'
[32.975s] INFO:colcon.colcon_core.shell:Skip shell extension 'powershell' for command environment: Not usable outside of PowerShell
[32.975s] DEBUG:colcon.colcon_core.shell:Skip shell extension 'dsv' for command environment
[32.984s] DEBUG:colcon.colcon_core.event_handler.log_command:Invoking command in '/home/mu/IVG/ws_moveit/build/moveit2_tutorials': AMENT_PREFIX_PATH=/home/mu/IVG/ws_moveit/install/moveit_visual_tools:/home/mu/IVG/ws_moveit/install/rviz_visual_tools:${AMENT_PREFIX_PATH} CMAKE_PREFIX_PATH=/home/mu/IVG/ws_moveit/install/moveit_visual_tools:/home/mu/IVG/ws_moveit/install/rviz_visual_tools:/opt/ros/foxy LD_LIBRARY_PATH=/home/mu/IVG/ws_moveit/install/moveit_visual_tools/lib:/home/mu/IVG/ws_moveit/install/rviz_visual_tools/lib:${LD_LIBRARY_PATH} /usr/bin/cmake /home/mu/IVG/ws_moveit/src/moveit2_tutorials -DCMAKE_BUILD_TYPE=Release -DCMAKE_INSTALL_PREFIX=/home/mu/IVG/ws_moveit/install/moveit2_tutorials
[39.817s] DEBUG:colcon.colcon_core.event_handler.log_command:Invoked command in '/home/mu/IVG/ws_moveit/build/moveit2_tutorials' returned '0': AMENT_PREFIX_PATH=/home/mu/IVG/ws_moveit/install/moveit_visual_tools:/home/mu/IVG/ws_moveit/install/rviz_visual_tools:${AMENT_PREFIX_PATH} CMAKE_PREFIX_PATH=/home/mu/IVG/ws_moveit/install/moveit_visual_tools:/home/mu/IVG/ws_moveit/install/rviz_visual_tools:/opt/ros/foxy LD_LIBRARY_PATH=/home/mu/IVG/ws_moveit/install/moveit_visual_tools/lib:/home/mu/IVG/ws_moveit/install/rviz_visual_tools/lib:${LD_LIBRARY_PATH} /usr/bin/cmake /home/mu/IVG/ws_moveit/src/moveit2_tutorials -DCMAKE_BUILD_TYPE=Release -DCMAKE_INSTALL_PREFIX=/home/mu/IVG/ws_moveit/install/moveit2_tutorials
[39.818s] DEBUG:colcon.colcon_core.event_handler.log_command:Invoking command in '/home/mu/IVG/ws_moveit/build/moveit2_tutorials': AMENT_PREFIX_PATH=/home/mu/IVG/ws_moveit/install/moveit_visual_tools:/home/mu/IVG/ws_moveit/install/rviz_visual_tools:${AMENT_PREFIX_PATH} CMAKE_PREFIX_PATH=/home/mu/IVG/ws_moveit/install/moveit_visual_tools:/home/mu/IVG/ws_moveit/install/rviz_visual_tools:/opt/ros/foxy LD_LIBRARY_PATH=/home/mu/IVG/ws_moveit/install/moveit_visual_tools/lib:/home/mu/IVG/ws_moveit/install/rviz_visual_tools/lib:${LD_LIBRARY_PATH} /usr/bin/cmake --build /home/mu/IVG/ws_moveit/build/moveit2_tutorials -- -j32 -l32
[49.434s] DEBUG:colcon.colcon_core.event_handler.log_command:Invoked command in '/home/mu/IVG/ws_moveit/build/moveit2_tutorials' returned '0': AMENT_PREFIX_PATH=/home/mu/IVG/ws_moveit/install/moveit_visual_tools:/home/mu/IVG/ws_moveit/install/rviz_visual_tools:${AMENT_PREFIX_PATH} CMAKE_PREFIX_PATH=/home/mu/IVG/ws_moveit/install/moveit_visual_tools:/home/mu/IVG/ws_moveit/install/rviz_visual_tools:/opt/ros/foxy LD_LIBRARY_PATH=/home/mu/IVG/ws_moveit/install/moveit_visual_tools/lib:/home/mu/IVG/ws_moveit/install/rviz_visual_tools/lib:${LD_LIBRARY_PATH} /usr/bin/cmake --build /home/mu/IVG/ws_moveit/build/moveit2_tutorials -- -j32 -l32
[49.436s] DEBUG:colcon.colcon_core.event_handler.log_command:Invoking command in '/home/mu/IVG/ws_moveit/build/moveit2_tutorials': AMENT_PREFIX_PATH=/home/mu/IVG/ws_moveit/install/moveit_visual_tools:/home/mu/IVG/ws_moveit/install/rviz_visual_tools:${AMENT_PREFIX_PATH} CMAKE_PREFIX_PATH=/home/mu/IVG/ws_moveit/install/moveit_visual_tools:/home/mu/IVG/ws_moveit/install/rviz_visual_tools:/opt/ros/foxy LD_LIBRARY_PATH=/home/mu/IVG/ws_moveit/install/moveit_visual_tools/lib:/home/mu/IVG/ws_moveit/install/rviz_visual_tools/lib:${LD_LIBRARY_PATH} /usr/bin/cmake --install /home/mu/IVG/ws_moveit/build/moveit2_tutorials
[49.444s] Level 1:colcon.colcon_core.environment:create_environment_scripts_only(moveit2_tutorials)
[49.444s] Level 1:colcon.colcon_core.environment:checking '/home/mu/IVG/ws_moveit/install/moveit2_tutorials' for CMake module files
[49.444s] DEBUG:colcon.colcon_core.event_handler.log_command:Invoked command in '/home/mu/IVG/ws_moveit/build/moveit2_tutorials' returned '0': AMENT_PREFIX_PATH=/home/mu/IVG/ws_moveit/install/moveit_visual_tools:/home/mu/IVG/ws_moveit/install/rviz_visual_tools:${AMENT_PREFIX_PATH} CMAKE_PREFIX_PATH=/home/mu/IVG/ws_moveit/install/moveit_visual_tools:/home/mu/IVG/ws_moveit/install/rviz_visual_tools:/opt/ros/foxy LD_LIBRARY_PATH=/home/mu/IVG/ws_moveit/install/moveit_visual_tools/lib:/home/mu/IVG/ws_moveit/install/rviz_visual_tools/lib:${LD_LIBRARY_PATH} /usr/bin/cmake --install /home/mu/IVG/ws_moveit/build/moveit2_tutorials
[49.444s] Level 1:colcon.colcon_core.environment:checking '/home/mu/IVG/ws_moveit/install/moveit2_tutorials' for CMake config files
[49.445s] Level 1:colcon.colcon_core.shell:create_environment_hook('moveit2_tutorials', 'cmake_prefix_path')
[49.445s] INFO:colcon.colcon_core.shell:Creating environment hook '/home/mu/IVG/ws_moveit/install/moveit2_tutorials/share/moveit2_tutorials/hook/cmake_prefix_path.ps1'
[49.445s] INFO:colcon.colcon_core.shell:Creating environment descriptor '/home/mu/IVG/ws_moveit/install/moveit2_tutorials/share/moveit2_tutorials/hook/cmake_prefix_path.dsv'
[49.445s] INFO:colcon.colcon_core.shell:Creating environment hook '/home/mu/IVG/ws_moveit/install/moveit2_tutorials/share/moveit2_tutorials/hook/cmake_prefix_path.sh'
[49.445s] Level 1:colcon.colcon_core.environment:checking '/home/mu/IVG/ws_moveit/install/moveit2_tutorials/lib'
[49.445s] Level 1:colcon.colcon_core.environment:checking '/home/mu/IVG/ws_moveit/install/moveit2_tutorials/bin'
[49.445s] Level 1:colcon.colcon_core.environment:checking '/home/mu/IVG/ws_moveit/install/moveit2_tutorials/lib/pkgconfig/moveit2_tutorials.pc'
[49.446s] Level 1:colcon.colcon_core.environment:checking '/home/mu/IVG/ws_moveit/install/moveit2_tutorials/lib/python3.8/site-packages'
[49.446s] Level 1:colcon.colcon_core.environment:checking '/home/mu/IVG/ws_moveit/install/moveit2_tutorials/bin'
[49.446s] INFO:colcon.colcon_core.shell:Creating package script '/home/mu/IVG/ws_moveit/install/moveit2_tutorials/share/moveit2_tutorials/package.ps1'
[49.446s] INFO:colcon.colcon_core.shell:Creating package descriptor '/home/mu/IVG/ws_moveit/install/moveit2_tutorials/share/moveit2_tutorials/package.dsv'
[49.446s] INFO:colcon.colcon_core.shell:Creating package script '/home/mu/IVG/ws_moveit/install/moveit2_tutorials/share/moveit2_tutorials/package.sh'
[49.446s] INFO:colcon.colcon_core.shell:Creating package script '/home/mu/IVG/ws_moveit/install/moveit2_tutorials/share/moveit2_tutorials/package.bash'
[49.447s] INFO:colcon.colcon_core.shell:Creating package script '/home/mu/IVG/ws_moveit/install/moveit2_tutorials/share/moveit2_tutorials/package.zsh'
[49.447s] Level 1:colcon.colcon_core.environment:create_file_with_runtime_dependencies(/home/mu/IVG/ws_moveit/install/moveit2_tutorials/share/colcon-core/packages/moveit2_tutorials)
[49.447s] Level 1:colcon.colcon_core.environment:create_environment_scripts_only(moveit2_tutorials)
[49.447s] Level 1:colcon.colcon_core.environment:checking '/home/mu/IVG/ws_moveit/install/moveit2_tutorials' for CMake module files
[49.447s] Level 1:colcon.colcon_core.environment:checking '/home/mu/IVG/ws_moveit/install/moveit2_tutorials' for CMake config files
[49.448s] Level 1:colcon.colcon_core.shell:create_environment_hook('moveit2_tutorials', 'cmake_prefix_path')
[49.448s] INFO:colcon.colcon_core.shell:Creating environment hook '/home/mu/IVG/ws_moveit/install/moveit2_tutorials/share/moveit2_tutorials/hook/cmake_prefix_path.ps1'
[49.448s] INFO:colcon.colcon_core.shell:Creating environment descriptor '/home/mu/IVG/ws_moveit/install/moveit2_tutorials/share/moveit2_tutorials/hook/cmake_prefix_path.dsv'
[49.448s] INFO:colcon.colcon_core.shell:Creating environment hook '/home/mu/IVG/ws_moveit/install/moveit2_tutorials/share/moveit2_tutorials/hook/cmake_prefix_path.sh'
[49.448s] Level 1:colcon.colcon_core.environment:checking '/home/mu/IVG/ws_moveit/install/moveit2_tutorials/lib'
[49.448s] Level 1:colcon.colcon_core.environment:checking '/home/mu/IVG/ws_moveit/install/moveit2_tutorials/bin'
[49.448s] Level 1:colcon.colcon_core.environment:checking '/home/mu/IVG/ws_moveit/install/moveit2_tutorials/lib/pkgconfig/moveit2_tutorials.pc'
[49.449s] Level 1:colcon.colcon_core.environment:checking '/home/mu/IVG/ws_moveit/install/moveit2_tutorials/lib/python3.8/site-packages'
[49.449s] Level 1:colcon.colcon_core.environment:checking '/home/mu/IVG/ws_moveit/install/moveit2_tutorials/bin'
[49.449s] INFO:colcon.colcon_core.shell:Creating package script '/home/mu/IVG/ws_moveit/install/moveit2_tutorials/share/moveit2_tutorials/package.ps1'
[49.449s] INFO:colcon.colcon_core.shell:Creating package descriptor '/home/mu/IVG/ws_moveit/install/moveit2_tutorials/share/moveit2_tutorials/package.dsv'
[49.449s] INFO:colcon.colcon_core.shell:Creating package script '/home/mu/IVG/ws_moveit/install/moveit2_tutorials/share/moveit2_tutorials/package.sh'
[49.450s] INFO:colcon.colcon_core.shell:Creating package script '/home/mu/IVG/ws_moveit/install/moveit2_tutorials/share/moveit2_tutorials/package.bash'
[49.450s] INFO:colcon.colcon_core.shell:Creating package script '/home/mu/IVG/ws_moveit/install/moveit2_tutorials/share/moveit2_tutorials/package.zsh'
[49.450s] Level 1:colcon.colcon_core.environment:create_file_with_runtime_dependencies(/home/mu/IVG/ws_moveit/install/moveit2_tutorials/share/colcon-core/packages/moveit2_tutorials)
[49.450s] DEBUG:colcon.colcon_parallel_executor.executor.parallel:closing loop
[49.451s] DEBUG:colcon.colcon_parallel_executor.executor.parallel:loop closed
[49.451s] DEBUG:colcon.colcon_parallel_executor.executor.parallel:run_until_complete finished with '0'
[49.451s] DEBUG:colcon.colcon_core.event_reactor:joining thread
[49.456s] INFO:colcon.colcon_core.plugin_system:Skipping extension 'colcon_notification.desktop_notification.terminal_notifier': Not used on non-Darwin systems
[49.456s] INFO:colcon.colcon_core.plugin_system:Skipping extension 'colcon_notification.desktop_notification.win32': Not used on non-Windows systems
[49.456s] INFO:colcon.colcon_notification.desktop_notification:Sending desktop notification using 'notify2'
[49.476s] DEBUG:colcon.colcon_core.event_reactor:joined thread
[49.476s] INFO:colcon.colcon_core.shell:Creating prefix script '/home/mu/IVG/ws_moveit/install/local_setup.ps1'
[49.476s] INFO:colcon.colcon_core.shell:Creating prefix util module '/home/mu/IVG/ws_moveit/install/_local_setup_util_ps1.py'
[49.477s] INFO:colcon.colcon_core.shell:Creating prefix chain script '/home/mu/IVG/ws_moveit/install/setup.ps1'
[49.478s] INFO:colcon.colcon_core.shell:Creating prefix script '/home/mu/IVG/ws_moveit/install/local_setup.sh'
[49.478s] INFO:colcon.colcon_core.shell:Creating prefix util module '/home/mu/IVG/ws_moveit/install/_local_setup_util_sh.py'
[49.478s] INFO:colcon.colcon_core.shell:Creating prefix chain script '/home/mu/IVG/ws_moveit/install/setup.sh'
[49.479s] INFO:colcon.colcon_core.shell:Creating prefix script '/home/mu/IVG/ws_moveit/install/local_setup.bash'
[49.479s] INFO:colcon.colcon_core.shell:Creating prefix chain script '/home/mu/IVG/ws_moveit/install/setup.bash'
[49.479s] INFO:colcon.colcon_core.shell:Creating prefix script '/home/mu/IVG/ws_moveit/install/local_setup.zsh'
[49.480s] INFO:colcon.colcon_core.shell:Creating prefix chain script '/home/mu/IVG/ws_moveit/install/setup.zsh'
