[0.023s] Invoking command in '/home/mu/IVG/aubo_ros2_ws/build/aubo_moveit_config': CMAKE_PREFIX_PATH=/home/mu/IVG/aubo_ros2_ws/install/aubo_description:/home/mu/IVG/aubo_ros2_ws/install/aubo_msgs:/home/mu/IVG/aubo_ros2_ws/install/aubo_moveit_config:/home/mu/IVG/aubo_ros2_ws/install/aubo_dashboard_msgs:/opt/ros/foxy /usr/bin/cmake --build /home/mu/IVG/aubo_ros2_ws/build/aubo_moveit_config -- -j32 -l32
[0.035s] Invoked command in '/home/mu/IVG/aubo_ros2_ws/build/aubo_moveit_config' returned '0': CMAKE_PREFIX_PATH=/home/mu/IVG/aubo_ros2_ws/install/aubo_description:/home/mu/IVG/aubo_ros2_ws/install/aubo_msgs:/home/mu/IVG/aubo_ros2_ws/install/aubo_moveit_config:/home/mu/IVG/aubo_ros2_ws/install/aubo_dashboard_msgs:/opt/ros/foxy /usr/bin/cmake --build /home/mu/IVG/aubo_ros2_ws/build/aubo_moveit_config -- -j32 -l32
[0.035s] Invoking command in '/home/mu/IVG/aubo_ros2_ws/build/aubo_moveit_config': CMAKE_PREFIX_PATH=/home/mu/IVG/aubo_ros2_ws/install/aubo_description:/home/mu/IVG/aubo_ros2_ws/install/aubo_msgs:/home/mu/IVG/aubo_ros2_ws/install/aubo_moveit_config:/home/mu/IVG/aubo_ros2_ws/install/aubo_dashboard_msgs:/opt/ros/foxy /usr/bin/cmake --install /home/mu/IVG/aubo_ros2_ws/build/aubo_moveit_config
[0.048s] -- Install configuration: ""
[0.048s] -- Up-to-date: /home/mu/IVG/aubo_ros2_ws/install/aubo_moveit_config/share/ament_index/resource_index/package_run_dependencies/aubo_moveit_config
[0.048s] -- Up-to-date: /home/mu/IVG/aubo_ros2_ws/install/aubo_moveit_config/share/ament_index/resource_index/parent_prefix_path/aubo_moveit_config
[0.048s] -- Up-to-date: /home/mu/IVG/aubo_ros2_ws/install/aubo_moveit_config/share/aubo_moveit_config/environment/ament_prefix_path.sh
[0.048s] -- Up-to-date: /home/mu/IVG/aubo_ros2_ws/install/aubo_moveit_config/share/aubo_moveit_config/environment/ament_prefix_path.dsv
[0.048s] -- Up-to-date: /home/mu/IVG/aubo_ros2_ws/install/aubo_moveit_config/share/aubo_moveit_config/environment/path.sh
[0.048s] -- Up-to-date: /home/mu/IVG/aubo_ros2_ws/install/aubo_moveit_config/share/aubo_moveit_config/environment/path.dsv
[0.048s] -- Up-to-date: /home/mu/IVG/aubo_ros2_ws/install/aubo_moveit_config/share/aubo_moveit_config/local_setup.bash
[0.048s] -- Up-to-date: /home/mu/IVG/aubo_ros2_ws/install/aubo_moveit_config/share/aubo_moveit_config/local_setup.sh
[0.048s] -- Up-to-date: /home/mu/IVG/aubo_ros2_ws/install/aubo_moveit_config/share/aubo_moveit_config/local_setup.zsh
[0.048s] -- Up-to-date: /home/mu/IVG/aubo_ros2_ws/install/aubo_moveit_config/share/aubo_moveit_config/local_setup.dsv
[0.049s] -- Up-to-date: /home/mu/IVG/aubo_ros2_ws/install/aubo_moveit_config/share/aubo_moveit_config/package.dsv
[0.049s] -- Up-to-date: /home/mu/IVG/aubo_ros2_ws/install/aubo_moveit_config/share/ament_index/resource_index/packages/aubo_moveit_config
[0.049s] -- Up-to-date: /home/mu/IVG/aubo_ros2_ws/install/aubo_moveit_config/share/aubo_moveit_config/cmake/aubo_moveit_configConfig.cmake
[0.049s] -- Up-to-date: /home/mu/IVG/aubo_ros2_ws/install/aubo_moveit_config/share/aubo_moveit_config/cmake/aubo_moveit_configConfig-version.cmake
[0.049s] -- Up-to-date: /home/mu/IVG/aubo_ros2_ws/install/aubo_moveit_config/share/aubo_moveit_config/package.xml
[0.049s] -- Up-to-date: /home/mu/IVG/aubo_ros2_ws/install/aubo_moveit_config/share/aubo_moveit_config/launch
[0.049s] -- Up-to-date: /home/mu/IVG/aubo_ros2_ws/install/aubo_moveit_config/share/aubo_moveit_config/launch/spawn_controllers.launch.py
[0.049s] -- Up-to-date: /home/mu/IVG/aubo_ros2_ws/install/aubo_moveit_config/share/aubo_moveit_config/launch/moveit_rviz.launch.py
[0.049s] -- Up-to-date: /home/mu/IVG/aubo_ros2_ws/install/aubo_moveit_config/share/aubo_moveit_config/launch/aubo_moveit.launch.py
[0.049s] -- Up-to-date: /home/mu/IVG/aubo_ros2_ws/install/aubo_moveit_config/share/aubo_moveit_config/launch/demo.launch.py
[0.049s] -- Up-to-date: /home/mu/IVG/aubo_ros2_ws/install/aubo_moveit_config/share/aubo_moveit_config/launch/setup_assistant.launch.py
[0.049s] -- Up-to-date: /home/mu/IVG/aubo_ros2_ws/install/aubo_moveit_config/share/aubo_moveit_config/launch/warehouse_db.launch.py
[0.049s] -- Up-to-date: /home/mu/IVG/aubo_ros2_ws/install/aubo_moveit_config/share/aubo_moveit_config/launch/rsp.launch.py
[0.049s] -- Up-to-date: /home/mu/IVG/aubo_ros2_ws/install/aubo_moveit_config/share/aubo_moveit_config/launch/gazebo.launch.py
[0.049s] -- Up-to-date: /home/mu/IVG/aubo_ros2_ws/install/aubo_moveit_config/share/aubo_moveit_config/launch/static_virtual_joint_tfs.launch.py
[0.049s] -- Up-to-date: /home/mu/IVG/aubo_ros2_ws/install/aubo_moveit_config/share/aubo_moveit_config/launch/move_group.launch.py
[0.049s] -- Up-to-date: /home/mu/IVG/aubo_ros2_ws/install/aubo_moveit_config/share/aubo_moveit_config/config
[0.049s] -- Up-to-date: /home/mu/IVG/aubo_ros2_ws/install/aubo_moveit_config/share/aubo_moveit_config/config/moveit.rviz
[0.049s] -- Up-to-date: /home/mu/IVG/aubo_ros2_ws/install/aubo_moveit_config/share/aubo_moveit_config/config/aubo_i5.srdf.xacro
[0.049s] -- Up-to-date: /home/mu/IVG/aubo_ros2_ws/install/aubo_moveit_config/share/aubo_moveit_config/config/aubo_i5_macro.srdf.xacro
[0.049s] -- Up-to-date: /home/mu/IVG/aubo_ros2_ws/install/aubo_moveit_config/share/aubo_moveit_config/config/moveit_controllers.yaml
[0.049s] -- Up-to-date: /home/mu/IVG/aubo_ros2_ws/install/aubo_moveit_config/share/aubo_moveit_config/config/aubo_i5.srdf
[0.049s] -- Up-to-date: /home/mu/IVG/aubo_ros2_ws/install/aubo_moveit_config/share/aubo_moveit_config/config/ompl_planning.yaml
[0.049s] -- Up-to-date: /home/mu/IVG/aubo_ros2_ws/install/aubo_moveit_config/share/aubo_moveit_config/config/kinematics.yaml
[0.049s] -- Up-to-date: /home/mu/IVG/aubo_ros2_ws/install/aubo_moveit_config/share/aubo_moveit_config/config/view_robot.rviz
[0.049s] -- Up-to-date: /home/mu/IVG/aubo_ros2_ws/install/aubo_moveit_config/share/aubo_moveit_config/config/pilz_cartesian_limits.yaml
[0.049s] -- Up-to-date: /home/mu/IVG/aubo_ros2_ws/install/aubo_moveit_config/share/aubo_moveit_config/config/joint_limits.yaml
[0.049s] -- Up-to-date: /home/mu/IVG/aubo_ros2_ws/install/aubo_moveit_config/share/aubo_moveit_config/.setup_assistant
[0.050s] Invoked command in '/home/mu/IVG/aubo_ros2_ws/build/aubo_moveit_config' returned '0': CMAKE_PREFIX_PATH=/home/mu/IVG/aubo_ros2_ws/install/aubo_description:/home/mu/IVG/aubo_ros2_ws/install/aubo_msgs:/home/mu/IVG/aubo_ros2_ws/install/aubo_moveit_config:/home/mu/IVG/aubo_ros2_ws/install/aubo_dashboard_msgs:/opt/ros/foxy /usr/bin/cmake --install /home/mu/IVG/aubo_ros2_ws/build/aubo_moveit_config
