[0.012s] Invoking command in '/home/mu/IVG/aubo_ros2_ws/build/aubo_msgs': CMAKE_PREFIX_PATH=${CMAKE_PREFIX_PATH}:/opt/ros/foxy /usr/bin/cmake --build /home/mu/IVG/aubo_ros2_ws/build/aubo_msgs -- -j32 -l32
[0.040s] [  0%] Built target aubo_msgs__cpp
[0.063s] [ 12%] Built target aubo_msgs__rosidl_generator_c
[0.117s] [ 35%] Built target aubo_msgs__rosidl_typesupport_cpp
[0.117s] [ 35%] Built target aubo_msgs__rosidl_typesupport_c
[0.185s] [ 47%] Built target aubo_msgs__rosidl_typesupport_introspection_cpp
[0.186s] [ 58%] Built target aubo_msgs__rosidl_typesupport_fastrtps_cpp
[0.186s] [ 70%] Built target aubo_msgs__rosidl_typesupport_introspection_c
[0.187s] [ 82%] Built target aubo_msgs__rosidl_typesupport_fastrtps_c
[0.187s] [ 82%] Built target aubo_msgs
[0.187s] [ 83%] Built target aubo_msgs__py
[0.187s] [ 94%] Built target aubo_msgs__python
[0.187s] [ 96%] Built target aubo_msgs__rosidl_typesupport_c__pyext
[0.187s] [ 98%] Built target aubo_msgs__rosidl_typesupport_fastrtps_c__pyext
[0.188s] [100%] Built target aubo_msgs__rosidl_typesupport_introspection_c__pyext
[0.189s] Invoked command in '/home/mu/IVG/aubo_ros2_ws/build/aubo_msgs' returned '0': CMAKE_PREFIX_PATH=${CMAKE_PREFIX_PATH}:/opt/ros/foxy /usr/bin/cmake --build /home/mu/IVG/aubo_ros2_ws/build/aubo_msgs -- -j32 -l32
[0.190s] Invoking command in '/home/mu/IVG/aubo_ros2_ws/build/aubo_msgs': CMAKE_PREFIX_PATH=${CMAKE_PREFIX_PATH}:/opt/ros/foxy /usr/bin/cmake --install /home/mu/IVG/aubo_ros2_ws/build/aubo_msgs
[0.198s] -- Install configuration: ""
[0.198s] -- Up-to-date: /home/mu/IVG/aubo_ros2_ws/install/aubo_msgs/share/ament_index/resource_index/rosidl_interfaces/aubo_msgs
[0.198s] -- Up-to-date: /home/mu/IVG/aubo_ros2_ws/install/aubo_msgs/include/aubo_msgs
[0.199s] -- Up-to-date: /home/mu/IVG/aubo_ros2_ws/install/aubo_msgs/include/aubo_msgs/srv
[0.199s] -- Up-to-date: /home/mu/IVG/aubo_ros2_ws/install/aubo_msgs/include/aubo_msgs/srv/set_speed_slider_fraction.h
[0.199s] -- Up-to-date: /home/mu/IVG/aubo_ros2_ws/install/aubo_msgs/include/aubo_msgs/srv/detail
[0.200s] -- Up-to-date: /home/mu/IVG/aubo_ros2_ws/install/aubo_msgs/include/aubo_msgs/srv/detail/set_io__type_support.h
[0.200s] -- Up-to-date: /home/mu/IVG/aubo_ros2_ws/install/aubo_msgs/include/aubo_msgs/srv/detail/set_io__functions.h
[0.200s] -- Up-to-date: /home/mu/IVG/aubo_ros2_ws/install/aubo_msgs/include/aubo_msgs/srv/detail/set_payload__functions.c
[0.200s] -- Up-to-date: /home/mu/IVG/aubo_ros2_ws/install/aubo_msgs/include/aubo_msgs/srv/detail/set_io__struct.h
[0.200s] -- Up-to-date: /home/mu/IVG/aubo_ros2_ws/install/aubo_msgs/include/aubo_msgs/srv/detail/set_payload__type_support.h
[0.201s] -- Up-to-date: /home/mu/IVG/aubo_ros2_ws/install/aubo_msgs/include/aubo_msgs/srv/detail/set_speed_slider_fraction__struct.h
[0.201s] -- Up-to-date: /home/mu/IVG/aubo_ros2_ws/install/aubo_msgs/include/aubo_msgs/srv/detail/set_speed_slider_fraction__type_support.h
[0.201s] -- Up-to-date: /home/mu/IVG/aubo_ros2_ws/install/aubo_msgs/include/aubo_msgs/srv/detail/set_speed_slider_fraction__functions.c
[0.201s] -- Up-to-date: /home/mu/IVG/aubo_ros2_ws/install/aubo_msgs/include/aubo_msgs/srv/detail/set_speed_slider_fraction__functions.h
[0.201s] -- Up-to-date: /home/mu/IVG/aubo_ros2_ws/install/aubo_msgs/include/aubo_msgs/srv/detail/set_payload__functions.h
[0.201s] -- Up-to-date: /home/mu/IVG/aubo_ros2_ws/install/aubo_msgs/include/aubo_msgs/srv/detail/set_io__functions.c
[0.201s] -- Up-to-date: /home/mu/IVG/aubo_ros2_ws/install/aubo_msgs/include/aubo_msgs/srv/detail/set_payload__struct.h
[0.201s] -- Up-to-date: /home/mu/IVG/aubo_ros2_ws/install/aubo_msgs/include/aubo_msgs/srv/set_payload.h
[0.201s] -- Up-to-date: /home/mu/IVG/aubo_ros2_ws/install/aubo_msgs/include/aubo_msgs/srv/set_io.h
[0.201s] -- Up-to-date: /home/mu/IVG/aubo_ros2_ws/install/aubo_msgs/include/aubo_msgs/msg
[0.201s] -- Up-to-date: /home/mu/IVG/aubo_ros2_ws/install/aubo_msgs/include/aubo_msgs/msg/analog.h
[0.201s] -- Up-to-date: /home/mu/IVG/aubo_ros2_ws/install/aubo_msgs/include/aubo_msgs/msg/robot_state_rt_msg.h
[0.201s] -- Up-to-date: /home/mu/IVG/aubo_ros2_ws/install/aubo_msgs/include/aubo_msgs/msg/tool_data_msg.h
[0.201s] -- Up-to-date: /home/mu/IVG/aubo_ros2_ws/install/aubo_msgs/include/aubo_msgs/msg/detail
[0.201s] -- Up-to-date: /home/mu/IVG/aubo_ros2_ws/install/aubo_msgs/include/aubo_msgs/msg/detail/io_states__type_support.h
[0.201s] -- Up-to-date: /home/mu/IVG/aubo_ros2_ws/install/aubo_msgs/include/aubo_msgs/msg/detail/robot_mode_data_msg__functions.c
[0.201s] -- Up-to-date: /home/mu/IVG/aubo_ros2_ws/install/aubo_msgs/include/aubo_msgs/msg/detail/analog__type_support.h
[0.201s] -- Up-to-date: /home/mu/IVG/aubo_ros2_ws/install/aubo_msgs/include/aubo_msgs/msg/detail/io_states__struct.h
[0.201s] -- Up-to-date: /home/mu/IVG/aubo_ros2_ws/install/aubo_msgs/include/aubo_msgs/msg/detail/tool_data_msg__struct.h
[0.201s] -- Up-to-date: /home/mu/IVG/aubo_ros2_ws/install/aubo_msgs/include/aubo_msgs/msg/detail/io_states__functions.c
[0.201s] -- Up-to-date: /home/mu/IVG/aubo_ros2_ws/install/aubo_msgs/include/aubo_msgs/msg/detail/robot_state_rt_msg__functions.h
[0.201s] -- Up-to-date: /home/mu/IVG/aubo_ros2_ws/install/aubo_msgs/include/aubo_msgs/msg/detail/digital__struct.h
[0.201s] -- Up-to-date: /home/mu/IVG/aubo_ros2_ws/install/aubo_msgs/include/aubo_msgs/msg/detail/robot_mode_data_msg__struct.h
[0.201s] -- Up-to-date: /home/mu/IVG/aubo_ros2_ws/install/aubo_msgs/include/aubo_msgs/msg/detail/masterboard_data_msg__type_support.h
[0.201s] -- Up-to-date: /home/mu/IVG/aubo_ros2_ws/install/aubo_msgs/include/aubo_msgs/msg/detail/digital__functions.h
[0.201s] -- Up-to-date: /home/mu/IVG/aubo_ros2_ws/install/aubo_msgs/include/aubo_msgs/msg/detail/masterboard_data_msg__struct.h
[0.201s] -- Up-to-date: /home/mu/IVG/aubo_ros2_ws/install/aubo_msgs/include/aubo_msgs/msg/detail/robot_state_rt_msg__struct.h
[0.202s] -- Up-to-date: /home/mu/IVG/aubo_ros2_ws/install/aubo_msgs/include/aubo_msgs/msg/detail/digital__functions.c
[0.202s] -- Up-to-date: /home/mu/IVG/aubo_ros2_ws/install/aubo_msgs/include/aubo_msgs/msg/detail/tool_data_msg__functions.c
[0.202s] -- Up-to-date: /home/mu/IVG/aubo_ros2_ws/install/aubo_msgs/include/aubo_msgs/msg/detail/tool_data_msg__type_support.h
[0.202s] -- Up-to-date: /home/mu/IVG/aubo_ros2_ws/install/aubo_msgs/include/aubo_msgs/msg/detail/masterboard_data_msg__functions.c
[0.202s] -- Up-to-date: /home/mu/IVG/aubo_ros2_ws/install/aubo_msgs/include/aubo_msgs/msg/detail/analog__functions.c
[0.202s] -- Up-to-date: /home/mu/IVG/aubo_ros2_ws/install/aubo_msgs/include/aubo_msgs/msg/detail/analog__functions.h
[0.202s] -- Up-to-date: /home/mu/IVG/aubo_ros2_ws/install/aubo_msgs/include/aubo_msgs/msg/detail/tool_data_msg__functions.h
[0.202s] -- Up-to-date: /home/mu/IVG/aubo_ros2_ws/install/aubo_msgs/include/aubo_msgs/msg/detail/robot_state_rt_msg__functions.c
[0.202s] -- Up-to-date: /home/mu/IVG/aubo_ros2_ws/install/aubo_msgs/include/aubo_msgs/msg/detail/robot_state_rt_msg__type_support.h
[0.202s] -- Up-to-date: /home/mu/IVG/aubo_ros2_ws/install/aubo_msgs/include/aubo_msgs/msg/detail/analog__struct.h
[0.202s] -- Up-to-date: /home/mu/IVG/aubo_ros2_ws/install/aubo_msgs/include/aubo_msgs/msg/detail/masterboard_data_msg__functions.h
[0.202s] -- Up-to-date: /home/mu/IVG/aubo_ros2_ws/install/aubo_msgs/include/aubo_msgs/msg/detail/digital__type_support.h
[0.202s] -- Up-to-date: /home/mu/IVG/aubo_ros2_ws/install/aubo_msgs/include/aubo_msgs/msg/detail/io_states__functions.h
[0.202s] -- Up-to-date: /home/mu/IVG/aubo_ros2_ws/install/aubo_msgs/include/aubo_msgs/msg/detail/robot_mode_data_msg__type_support.h
[0.203s] -- Up-to-date: /home/mu/IVG/aubo_ros2_ws/install/aubo_msgs/include/aubo_msgs/msg/detail/robot_mode_data_msg__functions.h
[0.203s] -- Up-to-date: /home/mu/IVG/aubo_ros2_ws/install/aubo_msgs/include/aubo_msgs/msg/masterboard_data_msg.h
[0.203s] -- Up-to-date: /home/mu/IVG/aubo_ros2_ws/install/aubo_msgs/include/aubo_msgs/msg/digital.h
[0.203s] -- Up-to-date: /home/mu/IVG/aubo_ros2_ws/install/aubo_msgs/include/aubo_msgs/msg/robot_mode_data_msg.h
[0.203s] -- Up-to-date: /home/mu/IVG/aubo_ros2_ws/install/aubo_msgs/include/aubo_msgs/msg/rosidl_generator_c__visibility_control.h
[0.203s] -- Up-to-date: /home/mu/IVG/aubo_ros2_ws/install/aubo_msgs/include/aubo_msgs/msg/io_states.h
[0.203s] -- Up-to-date: /home/mu/IVG/aubo_ros2_ws/install/aubo_msgs/share/aubo_msgs/environment/library_path.sh
[0.203s] -- Up-to-date: /home/mu/IVG/aubo_ros2_ws/install/aubo_msgs/share/aubo_msgs/environment/library_path.dsv
[0.203s] -- Up-to-date: /home/mu/IVG/aubo_ros2_ws/install/aubo_msgs/lib/libaubo_msgs__rosidl_generator_c.so
[0.203s] -- Up-to-date: /home/mu/IVG/aubo_ros2_ws/install/aubo_msgs/include/aubo_msgs
[0.203s] -- Up-to-date: /home/mu/IVG/aubo_ros2_ws/install/aubo_msgs/include/aubo_msgs/srv
[0.203s] -- Up-to-date: /home/mu/IVG/aubo_ros2_ws/install/aubo_msgs/include/aubo_msgs/srv/detail
[0.203s] -- Up-to-date: /home/mu/IVG/aubo_ros2_ws/install/aubo_msgs/include/aubo_msgs/srv/detail/set_io__rosidl_typesupport_fastrtps_c.h
[0.203s] -- Up-to-date: /home/mu/IVG/aubo_ros2_ws/install/aubo_msgs/include/aubo_msgs/srv/detail/set_speed_slider_fraction__rosidl_typesupport_fastrtps_c.h
[0.203s] -- Up-to-date: /home/mu/IVG/aubo_ros2_ws/install/aubo_msgs/include/aubo_msgs/srv/detail/set_payload__rosidl_typesupport_fastrtps_c.h
[0.203s] -- Up-to-date: /home/mu/IVG/aubo_ros2_ws/install/aubo_msgs/include/aubo_msgs/msg
[0.203s] -- Up-to-date: /home/mu/IVG/aubo_ros2_ws/install/aubo_msgs/include/aubo_msgs/msg/detail
[0.203s] -- Up-to-date: /home/mu/IVG/aubo_ros2_ws/install/aubo_msgs/include/aubo_msgs/msg/detail/digital__rosidl_typesupport_fastrtps_c.h
[0.203s] -- Up-to-date: /home/mu/IVG/aubo_ros2_ws/install/aubo_msgs/include/aubo_msgs/msg/detail/tool_data_msg__rosidl_typesupport_fastrtps_c.h
[0.203s] -- Up-to-date: /home/mu/IVG/aubo_ros2_ws/install/aubo_msgs/include/aubo_msgs/msg/detail/robot_mode_data_msg__rosidl_typesupport_fastrtps_c.h
[0.203s] -- Up-to-date: /home/mu/IVG/aubo_ros2_ws/install/aubo_msgs/include/aubo_msgs/msg/detail/masterboard_data_msg__rosidl_typesupport_fastrtps_c.h
[0.203s] -- Up-to-date: /home/mu/IVG/aubo_ros2_ws/install/aubo_msgs/include/aubo_msgs/msg/detail/analog__rosidl_typesupport_fastrtps_c.h
[0.203s] -- Up-to-date: /home/mu/IVG/aubo_ros2_ws/install/aubo_msgs/include/aubo_msgs/msg/detail/robot_state_rt_msg__rosidl_typesupport_fastrtps_c.h
[0.203s] -- Up-to-date: /home/mu/IVG/aubo_ros2_ws/install/aubo_msgs/include/aubo_msgs/msg/detail/io_states__rosidl_typesupport_fastrtps_c.h
[0.203s] -- Up-to-date: /home/mu/IVG/aubo_ros2_ws/install/aubo_msgs/include/aubo_msgs/msg/rosidl_typesupport_fastrtps_c__visibility_control.h
[0.203s] -- Up-to-date: /home/mu/IVG/aubo_ros2_ws/install/aubo_msgs/lib/libaubo_msgs__rosidl_typesupport_fastrtps_c.so
[0.203s] -- Up-to-date: /home/mu/IVG/aubo_ros2_ws/install/aubo_msgs/include/aubo_msgs
[0.204s] -- Up-to-date: /home/mu/IVG/aubo_ros2_ws/install/aubo_msgs/include/aubo_msgs/srv
[0.204s] -- Up-to-date: /home/mu/IVG/aubo_ros2_ws/install/aubo_msgs/include/aubo_msgs/srv/detail
[0.204s] -- Up-to-date: /home/mu/IVG/aubo_ros2_ws/install/aubo_msgs/include/aubo_msgs/srv/detail/dds_fastrtps
[0.204s] -- Up-to-date: /home/mu/IVG/aubo_ros2_ws/install/aubo_msgs/include/aubo_msgs/srv/detail/set_io__rosidl_typesupport_fastrtps_cpp.hpp
[0.204s] -- Up-to-date: /home/mu/IVG/aubo_ros2_ws/install/aubo_msgs/include/aubo_msgs/srv/detail/set_speed_slider_fraction__rosidl_typesupport_fastrtps_cpp.hpp
[0.204s] -- Up-to-date: /home/mu/IVG/aubo_ros2_ws/install/aubo_msgs/include/aubo_msgs/srv/detail/set_payload__rosidl_typesupport_fastrtps_cpp.hpp
[0.204s] -- Up-to-date: /home/mu/IVG/aubo_ros2_ws/install/aubo_msgs/include/aubo_msgs/msg
[0.204s] -- Up-to-date: /home/mu/IVG/aubo_ros2_ws/install/aubo_msgs/include/aubo_msgs/msg/detail
[0.204s] -- Up-to-date: /home/mu/IVG/aubo_ros2_ws/install/aubo_msgs/include/aubo_msgs/msg/detail/robot_state_rt_msg__rosidl_typesupport_fastrtps_cpp.hpp
[0.204s] -- Up-to-date: /home/mu/IVG/aubo_ros2_ws/install/aubo_msgs/include/aubo_msgs/msg/detail/dds_fastrtps
[0.204s] -- Up-to-date: /home/mu/IVG/aubo_ros2_ws/install/aubo_msgs/include/aubo_msgs/msg/detail/masterboard_data_msg__rosidl_typesupport_fastrtps_cpp.hpp
[0.205s] -- Up-to-date: /home/mu/IVG/aubo_ros2_ws/install/aubo_msgs/include/aubo_msgs/msg/detail/io_states__rosidl_typesupport_fastrtps_cpp.hpp
[0.205s] -- Up-to-date: /home/mu/IVG/aubo_ros2_ws/install/aubo_msgs/include/aubo_msgs/msg/detail/robot_mode_data_msg__rosidl_typesupport_fastrtps_cpp.hpp
[0.205s] -- Up-to-date: /home/mu/IVG/aubo_ros2_ws/install/aubo_msgs/include/aubo_msgs/msg/detail/analog__rosidl_typesupport_fastrtps_cpp.hpp
[0.205s] -- Up-to-date: /home/mu/IVG/aubo_ros2_ws/install/aubo_msgs/include/aubo_msgs/msg/detail/digital__rosidl_typesupport_fastrtps_cpp.hpp
[0.205s] -- Up-to-date: /home/mu/IVG/aubo_ros2_ws/install/aubo_msgs/include/aubo_msgs/msg/detail/tool_data_msg__rosidl_typesupport_fastrtps_cpp.hpp
[0.205s] -- Up-to-date: /home/mu/IVG/aubo_ros2_ws/install/aubo_msgs/include/aubo_msgs/msg/rosidl_typesupport_fastrtps_cpp__visibility_control.h
[0.207s] -- Up-to-date: /home/mu/IVG/aubo_ros2_ws/install/aubo_msgs/lib/libaubo_msgs__rosidl_typesupport_fastrtps_cpp.so
[0.207s] -- Up-to-date: /home/mu/IVG/aubo_ros2_ws/install/aubo_msgs/include/aubo_msgs
[0.207s] -- Up-to-date: /home/mu/IVG/aubo_ros2_ws/install/aubo_msgs/include/aubo_msgs/srv
[0.207s] -- Up-to-date: /home/mu/IVG/aubo_ros2_ws/install/aubo_msgs/include/aubo_msgs/srv/detail
[0.207s] -- Up-to-date: /home/mu/IVG/aubo_ros2_ws/install/aubo_msgs/include/aubo_msgs/srv/detail/set_io__rosidl_typesupport_introspection_c.h
[0.207s] -- Up-to-date: /home/mu/IVG/aubo_ros2_ws/install/aubo_msgs/include/aubo_msgs/srv/detail/set_speed_slider_fraction__rosidl_typesupport_introspection_c.h
[0.207s] -- Up-to-date: /home/mu/IVG/aubo_ros2_ws/install/aubo_msgs/include/aubo_msgs/srv/detail/set_payload__type_support.c
[0.208s] -- Up-to-date: /home/mu/IVG/aubo_ros2_ws/install/aubo_msgs/include/aubo_msgs/srv/detail/set_payload__rosidl_typesupport_introspection_c.h
[0.208s] -- Up-to-date: /home/mu/IVG/aubo_ros2_ws/install/aubo_msgs/include/aubo_msgs/srv/detail/set_io__type_support.c
[0.208s] -- Up-to-date: /home/mu/IVG/aubo_ros2_ws/install/aubo_msgs/include/aubo_msgs/srv/detail/set_speed_slider_fraction__type_support.c
[0.208s] -- Up-to-date: /home/mu/IVG/aubo_ros2_ws/install/aubo_msgs/include/aubo_msgs/msg
[0.208s] -- Up-to-date: /home/mu/IVG/aubo_ros2_ws/install/aubo_msgs/include/aubo_msgs/msg/rosidl_typesupport_introspection_c__visibility_control.h
[0.208s] -- Up-to-date: /home/mu/IVG/aubo_ros2_ws/install/aubo_msgs/include/aubo_msgs/msg/detail
[0.208s] -- Up-to-date: /home/mu/IVG/aubo_ros2_ws/install/aubo_msgs/include/aubo_msgs/msg/detail/masterboard_data_msg__type_support.c
[0.208s] -- Up-to-date: /home/mu/IVG/aubo_ros2_ws/install/aubo_msgs/include/aubo_msgs/msg/detail/tool_data_msg__rosidl_typesupport_introspection_c.h
[0.208s] -- Up-to-date: /home/mu/IVG/aubo_ros2_ws/install/aubo_msgs/include/aubo_msgs/msg/detail/robot_mode_data_msg__type_support.c
[0.208s] -- Up-to-date: /home/mu/IVG/aubo_ros2_ws/install/aubo_msgs/include/aubo_msgs/msg/detail/analog__rosidl_typesupport_introspection_c.h
[0.208s] -- Up-to-date: /home/mu/IVG/aubo_ros2_ws/install/aubo_msgs/include/aubo_msgs/msg/detail/robot_state_rt_msg__rosidl_typesupport_introspection_c.h
[0.208s] -- Up-to-date: /home/mu/IVG/aubo_ros2_ws/install/aubo_msgs/include/aubo_msgs/msg/detail/digital__rosidl_typesupport_introspection_c.h
[0.208s] -- Up-to-date: /home/mu/IVG/aubo_ros2_ws/install/aubo_msgs/include/aubo_msgs/msg/detail/robot_mode_data_msg__rosidl_typesupport_introspection_c.h
[0.208s] -- Up-to-date: /home/mu/IVG/aubo_ros2_ws/install/aubo_msgs/include/aubo_msgs/msg/detail/robot_state_rt_msg__type_support.c
[0.208s] -- Up-to-date: /home/mu/IVG/aubo_ros2_ws/install/aubo_msgs/include/aubo_msgs/msg/detail/analog__type_support.c
[0.208s] -- Up-to-date: /home/mu/IVG/aubo_ros2_ws/install/aubo_msgs/include/aubo_msgs/msg/detail/io_states__type_support.c
[0.208s] -- Up-to-date: /home/mu/IVG/aubo_ros2_ws/install/aubo_msgs/include/aubo_msgs/msg/detail/io_states__rosidl_typesupport_introspection_c.h
[0.208s] -- Up-to-date: /home/mu/IVG/aubo_ros2_ws/install/aubo_msgs/include/aubo_msgs/msg/detail/masterboard_data_msg__rosidl_typesupport_introspection_c.h
[0.208s] -- Up-to-date: /home/mu/IVG/aubo_ros2_ws/install/aubo_msgs/include/aubo_msgs/msg/detail/digital__type_support.c
[0.208s] -- Up-to-date: /home/mu/IVG/aubo_ros2_ws/install/aubo_msgs/include/aubo_msgs/msg/detail/tool_data_msg__type_support.c
[0.208s] -- Up-to-date: /home/mu/IVG/aubo_ros2_ws/install/aubo_msgs/lib/libaubo_msgs__rosidl_typesupport_introspection_c.so
[0.208s] -- Up-to-date: /home/mu/IVG/aubo_ros2_ws/install/aubo_msgs/lib/libaubo_msgs__rosidl_typesupport_c.so
[0.208s] -- Up-to-date: /home/mu/IVG/aubo_ros2_ws/install/aubo_msgs/include/aubo_msgs
[0.208s] -- Up-to-date: /home/mu/IVG/aubo_ros2_ws/install/aubo_msgs/include/aubo_msgs/srv
[0.208s] -- Up-to-date: /home/mu/IVG/aubo_ros2_ws/install/aubo_msgs/include/aubo_msgs/srv/set_speed_slider_fraction.hpp
[0.208s] -- Up-to-date: /home/mu/IVG/aubo_ros2_ws/install/aubo_msgs/include/aubo_msgs/srv/detail
[0.208s] -- Up-to-date: /home/mu/IVG/aubo_ros2_ws/install/aubo_msgs/include/aubo_msgs/srv/detail/set_speed_slider_fraction__struct.hpp
[0.208s] -- Up-to-date: /home/mu/IVG/aubo_ros2_ws/install/aubo_msgs/include/aubo_msgs/srv/detail/set_payload__type_support.hpp
[0.208s] -- Up-to-date: /home/mu/IVG/aubo_ros2_ws/install/aubo_msgs/include/aubo_msgs/srv/detail/set_speed_slider_fraction__traits.hpp
[0.208s] -- Up-to-date: /home/mu/IVG/aubo_ros2_ws/install/aubo_msgs/include/aubo_msgs/srv/detail/set_io__type_support.hpp
[0.208s] -- Up-to-date: /home/mu/IVG/aubo_ros2_ws/install/aubo_msgs/include/aubo_msgs/srv/detail/set_io__traits.hpp
[0.208s] -- Up-to-date: /home/mu/IVG/aubo_ros2_ws/install/aubo_msgs/include/aubo_msgs/srv/detail/set_payload__traits.hpp
[0.208s] -- Up-to-date: /home/mu/IVG/aubo_ros2_ws/install/aubo_msgs/include/aubo_msgs/srv/detail/set_speed_slider_fraction__type_support.hpp
[0.209s] -- Up-to-date: /home/mu/IVG/aubo_ros2_ws/install/aubo_msgs/include/aubo_msgs/srv/detail/set_io__builder.hpp
[0.209s] -- Up-to-date: /home/mu/IVG/aubo_ros2_ws/install/aubo_msgs/include/aubo_msgs/srv/detail/set_io__struct.hpp
[0.209s] -- Up-to-date: /home/mu/IVG/aubo_ros2_ws/install/aubo_msgs/include/aubo_msgs/srv/detail/set_payload__builder.hpp
[0.209s] -- Up-to-date: /home/mu/IVG/aubo_ros2_ws/install/aubo_msgs/include/aubo_msgs/srv/detail/set_speed_slider_fraction__builder.hpp
[0.209s] -- Up-to-date: /home/mu/IVG/aubo_ros2_ws/install/aubo_msgs/include/aubo_msgs/srv/detail/set_payload__struct.hpp
[0.209s] -- Up-to-date: /home/mu/IVG/aubo_ros2_ws/install/aubo_msgs/include/aubo_msgs/srv/set_io.hpp
[0.209s] -- Up-to-date: /home/mu/IVG/aubo_ros2_ws/install/aubo_msgs/include/aubo_msgs/srv/set_payload.hpp
[0.209s] -- Up-to-date: /home/mu/IVG/aubo_ros2_ws/install/aubo_msgs/include/aubo_msgs/msg
[0.209s] -- Up-to-date: /home/mu/IVG/aubo_ros2_ws/install/aubo_msgs/include/aubo_msgs/msg/io_states.hpp
[0.209s] -- Up-to-date: /home/mu/IVG/aubo_ros2_ws/install/aubo_msgs/include/aubo_msgs/msg/analog.hpp
[0.209s] -- Up-to-date: /home/mu/IVG/aubo_ros2_ws/install/aubo_msgs/include/aubo_msgs/msg/detail
[0.209s] -- Up-to-date: /home/mu/IVG/aubo_ros2_ws/install/aubo_msgs/include/aubo_msgs/msg/detail/tool_data_msg__type_support.hpp
[0.209s] -- Up-to-date: /home/mu/IVG/aubo_ros2_ws/install/aubo_msgs/include/aubo_msgs/msg/detail/masterboard_data_msg__builder.hpp
[0.209s] -- Up-to-date: /home/mu/IVG/aubo_ros2_ws/install/aubo_msgs/include/aubo_msgs/msg/detail/robot_state_rt_msg__traits.hpp
[0.209s] -- Up-to-date: /home/mu/IVG/aubo_ros2_ws/install/aubo_msgs/include/aubo_msgs/msg/detail/robot_state_rt_msg__builder.hpp
[0.209s] -- Up-to-date: /home/mu/IVG/aubo_ros2_ws/install/aubo_msgs/include/aubo_msgs/msg/detail/analog__traits.hpp
[0.209s] -- Up-to-date: /home/mu/IVG/aubo_ros2_ws/install/aubo_msgs/include/aubo_msgs/msg/detail/tool_data_msg__struct.hpp
[0.209s] -- Up-to-date: /home/mu/IVG/aubo_ros2_ws/install/aubo_msgs/include/aubo_msgs/msg/detail/robot_mode_data_msg__traits.hpp
[0.209s] -- Up-to-date: /home/mu/IVG/aubo_ros2_ws/install/aubo_msgs/include/aubo_msgs/msg/detail/robot_state_rt_msg__type_support.hpp
[0.209s] -- Up-to-date: /home/mu/IVG/aubo_ros2_ws/install/aubo_msgs/include/aubo_msgs/msg/detail/tool_data_msg__traits.hpp
[0.209s] -- Up-to-date: /home/mu/IVG/aubo_ros2_ws/install/aubo_msgs/include/aubo_msgs/msg/detail/robot_mode_data_msg__type_support.hpp
[0.209s] -- Up-to-date: /home/mu/IVG/aubo_ros2_ws/install/aubo_msgs/include/aubo_msgs/msg/detail/analog__builder.hpp
[0.210s] -- Up-to-date: /home/mu/IVG/aubo_ros2_ws/install/aubo_msgs/include/aubo_msgs/msg/detail/digital__type_support.hpp
[0.210s] -- Up-to-date: /home/mu/IVG/aubo_ros2_ws/install/aubo_msgs/include/aubo_msgs/msg/detail/robot_mode_data_msg__builder.hpp
[0.210s] -- Up-to-date: /home/mu/IVG/aubo_ros2_ws/install/aubo_msgs/include/aubo_msgs/msg/detail/io_states__struct.hpp
[0.210s] -- Up-to-date: /home/mu/IVG/aubo_ros2_ws/install/aubo_msgs/include/aubo_msgs/msg/detail/masterboard_data_msg__struct.hpp
[0.210s] -- Up-to-date: /home/mu/IVG/aubo_ros2_ws/install/aubo_msgs/include/aubo_msgs/msg/detail/robot_state_rt_msg__struct.hpp
[0.210s] -- Up-to-date: /home/mu/IVG/aubo_ros2_ws/install/aubo_msgs/include/aubo_msgs/msg/detail/masterboard_data_msg__type_support.hpp
[0.210s] -- Up-to-date: /home/mu/IVG/aubo_ros2_ws/install/aubo_msgs/include/aubo_msgs/msg/detail/digital__traits.hpp
[0.210s] -- Up-to-date: /home/mu/IVG/aubo_ros2_ws/install/aubo_msgs/include/aubo_msgs/msg/detail/digital__struct.hpp
[0.210s] -- Up-to-date: /home/mu/IVG/aubo_ros2_ws/install/aubo_msgs/include/aubo_msgs/msg/detail/io_states__type_support.hpp
[0.210s] -- Up-to-date: /home/mu/IVG/aubo_ros2_ws/install/aubo_msgs/include/aubo_msgs/msg/detail/analog__struct.hpp
[0.210s] -- Up-to-date: /home/mu/IVG/aubo_ros2_ws/install/aubo_msgs/include/aubo_msgs/msg/detail/robot_mode_data_msg__struct.hpp
[0.210s] -- Up-to-date: /home/mu/IVG/aubo_ros2_ws/install/aubo_msgs/include/aubo_msgs/msg/detail/masterboard_data_msg__traits.hpp
[0.210s] -- Up-to-date: /home/mu/IVG/aubo_ros2_ws/install/aubo_msgs/include/aubo_msgs/msg/detail/digital__builder.hpp
[0.210s] -- Up-to-date: /home/mu/IVG/aubo_ros2_ws/install/aubo_msgs/include/aubo_msgs/msg/detail/io_states__traits.hpp
[0.210s] -- Up-to-date: /home/mu/IVG/aubo_ros2_ws/install/aubo_msgs/include/aubo_msgs/msg/detail/analog__type_support.hpp
[0.210s] -- Up-to-date: /home/mu/IVG/aubo_ros2_ws/install/aubo_msgs/include/aubo_msgs/msg/detail/tool_data_msg__builder.hpp
[0.210s] -- Up-to-date: /home/mu/IVG/aubo_ros2_ws/install/aubo_msgs/include/aubo_msgs/msg/detail/io_states__builder.hpp
[0.210s] -- Up-to-date: /home/mu/IVG/aubo_ros2_ws/install/aubo_msgs/include/aubo_msgs/msg/tool_data_msg.hpp
[0.210s] -- Up-to-date: /home/mu/IVG/aubo_ros2_ws/install/aubo_msgs/include/aubo_msgs/msg/masterboard_data_msg.hpp
[0.210s] -- Up-to-date: /home/mu/IVG/aubo_ros2_ws/install/aubo_msgs/include/aubo_msgs/msg/rosidl_generator_cpp__visibility_control.hpp
[0.210s] -- Up-to-date: /home/mu/IVG/aubo_ros2_ws/install/aubo_msgs/include/aubo_msgs/msg/robot_state_rt_msg.hpp
[0.210s] -- Up-to-date: /home/mu/IVG/aubo_ros2_ws/install/aubo_msgs/include/aubo_msgs/msg/digital.hpp
[0.210s] -- Up-to-date: /home/mu/IVG/aubo_ros2_ws/install/aubo_msgs/include/aubo_msgs/msg/robot_mode_data_msg.hpp
[0.210s] -- Up-to-date: /home/mu/IVG/aubo_ros2_ws/install/aubo_msgs/include/aubo_msgs
[0.210s] -- Up-to-date: /home/mu/IVG/aubo_ros2_ws/install/aubo_msgs/include/aubo_msgs/srv
[0.210s] -- Up-to-date: /home/mu/IVG/aubo_ros2_ws/install/aubo_msgs/include/aubo_msgs/srv/detail
[0.210s] -- Up-to-date: /home/mu/IVG/aubo_ros2_ws/install/aubo_msgs/include/aubo_msgs/srv/detail/set_payload__rosidl_typesupport_introspection_cpp.hpp
[0.210s] -- Up-to-date: /home/mu/IVG/aubo_ros2_ws/install/aubo_msgs/include/aubo_msgs/srv/detail/set_speed_slider_fraction__type_support.cpp
[0.211s] -- Up-to-date: /home/mu/IVG/aubo_ros2_ws/install/aubo_msgs/include/aubo_msgs/srv/detail/set_payload__type_support.cpp
[0.211s] -- Up-to-date: /home/mu/IVG/aubo_ros2_ws/install/aubo_msgs/include/aubo_msgs/srv/detail/set_speed_slider_fraction__rosidl_typesupport_introspection_cpp.hpp
[0.211s] -- Up-to-date: /home/mu/IVG/aubo_ros2_ws/install/aubo_msgs/include/aubo_msgs/srv/detail/set_io__type_support.cpp
[0.211s] -- Up-to-date: /home/mu/IVG/aubo_ros2_ws/install/aubo_msgs/include/aubo_msgs/srv/detail/set_io__rosidl_typesupport_introspection_cpp.hpp
[0.211s] -- Up-to-date: /home/mu/IVG/aubo_ros2_ws/install/aubo_msgs/include/aubo_msgs/msg
[0.211s] -- Up-to-date: /home/mu/IVG/aubo_ros2_ws/install/aubo_msgs/include/aubo_msgs/msg/detail
[0.211s] -- Up-to-date: /home/mu/IVG/aubo_ros2_ws/install/aubo_msgs/include/aubo_msgs/msg/detail/masterboard_data_msg__type_support.cpp
[0.211s] -- Up-to-date: /home/mu/IVG/aubo_ros2_ws/install/aubo_msgs/include/aubo_msgs/msg/detail/tool_data_msg__type_support.cpp
[0.211s] -- Up-to-date: /home/mu/IVG/aubo_ros2_ws/install/aubo_msgs/include/aubo_msgs/msg/detail/robot_state_rt_msg__type_support.cpp
[0.211s] -- Up-to-date: /home/mu/IVG/aubo_ros2_ws/install/aubo_msgs/include/aubo_msgs/msg/detail/digital__type_support.cpp
[0.211s] -- Up-to-date: /home/mu/IVG/aubo_ros2_ws/install/aubo_msgs/include/aubo_msgs/msg/detail/tool_data_msg__rosidl_typesupport_introspection_cpp.hpp
[0.211s] -- Up-to-date: /home/mu/IVG/aubo_ros2_ws/install/aubo_msgs/include/aubo_msgs/msg/detail/io_states__type_support.cpp
[0.211s] -- Up-to-date: /home/mu/IVG/aubo_ros2_ws/install/aubo_msgs/include/aubo_msgs/msg/detail/robot_mode_data_msg__type_support.cpp
[0.211s] -- Up-to-date: /home/mu/IVG/aubo_ros2_ws/install/aubo_msgs/include/aubo_msgs/msg/detail/analog__rosidl_typesupport_introspection_cpp.hpp
[0.211s] -- Up-to-date: /home/mu/IVG/aubo_ros2_ws/install/aubo_msgs/include/aubo_msgs/msg/detail/masterboard_data_msg__rosidl_typesupport_introspection_cpp.hpp
[0.211s] -- Up-to-date: /home/mu/IVG/aubo_ros2_ws/install/aubo_msgs/include/aubo_msgs/msg/detail/digital__rosidl_typesupport_introspection_cpp.hpp
[0.211s] -- Up-to-date: /home/mu/IVG/aubo_ros2_ws/install/aubo_msgs/include/aubo_msgs/msg/detail/io_states__rosidl_typesupport_introspection_cpp.hpp
[0.211s] -- Up-to-date: /home/mu/IVG/aubo_ros2_ws/install/aubo_msgs/include/aubo_msgs/msg/detail/robot_mode_data_msg__rosidl_typesupport_introspection_cpp.hpp
[0.211s] -- Up-to-date: /home/mu/IVG/aubo_ros2_ws/install/aubo_msgs/include/aubo_msgs/msg/detail/robot_state_rt_msg__rosidl_typesupport_introspection_cpp.hpp
[0.211s] -- Up-to-date: /home/mu/IVG/aubo_ros2_ws/install/aubo_msgs/include/aubo_msgs/msg/detail/analog__type_support.cpp
[0.211s] -- Up-to-date: /home/mu/IVG/aubo_ros2_ws/install/aubo_msgs/lib/libaubo_msgs__rosidl_typesupport_introspection_cpp.so
[0.211s] -- Up-to-date: /home/mu/IVG/aubo_ros2_ws/install/aubo_msgs/lib/libaubo_msgs__rosidl_typesupport_cpp.so
[0.211s] -- Up-to-date: /home/mu/IVG/aubo_ros2_ws/install/aubo_msgs/share/aubo_msgs/environment/pythonpath.sh
[0.211s] -- Up-to-date: /home/mu/IVG/aubo_ros2_ws/install/aubo_msgs/share/aubo_msgs/environment/pythonpath.dsv
[0.211s] -- Up-to-date: /home/mu/IVG/aubo_ros2_ws/install/aubo_msgs/lib/python3.8/site-packages/aubo_msgs/__init__.py
[0.214s] -- Up-to-date: /home/mu/IVG/aubo_ros2_ws/install/aubo_msgs/lib/python3.8/site-packages/aubo_msgs/msg
[0.214s] -- Up-to-date: /home/mu/IVG/aubo_ros2_ws/install/aubo_msgs/lib/python3.8/site-packages/aubo_msgs/msg/_robot_mode_data_msg_s.c
[0.214s] -- Up-to-date: /home/mu/IVG/aubo_ros2_ws/install/aubo_msgs/lib/python3.8/site-packages/aubo_msgs/msg/_digital.py
[0.214s] -- Up-to-date: /home/mu/IVG/aubo_ros2_ws/install/aubo_msgs/lib/python3.8/site-packages/aubo_msgs/msg/_tool_data_msg.py
[0.214s] -- Up-to-date: /home/mu/IVG/aubo_ros2_ws/install/aubo_msgs/lib/python3.8/site-packages/aubo_msgs/msg/_analog.py
[0.215s] -- Up-to-date: /home/mu/IVG/aubo_ros2_ws/install/aubo_msgs/lib/python3.8/site-packages/aubo_msgs/msg/_robot_state_rt_msg.py
[0.215s] -- Up-to-date: /home/mu/IVG/aubo_ros2_ws/install/aubo_msgs/lib/python3.8/site-packages/aubo_msgs/msg/_io_states.py
[0.215s] -- Up-to-date: /home/mu/IVG/aubo_ros2_ws/install/aubo_msgs/lib/python3.8/site-packages/aubo_msgs/msg/__init__.py
[0.215s] -- Up-to-date: /home/mu/IVG/aubo_ros2_ws/install/aubo_msgs/lib/python3.8/site-packages/aubo_msgs/msg/_robot_state_rt_msg_s.c
[0.215s] -- Up-to-date: /home/mu/IVG/aubo_ros2_ws/install/aubo_msgs/lib/python3.8/site-packages/aubo_msgs/msg/_tool_data_msg_s.c
[0.215s] -- Up-to-date: /home/mu/IVG/aubo_ros2_ws/install/aubo_msgs/lib/python3.8/site-packages/aubo_msgs/msg/_analog_s.c
[0.215s] -- Up-to-date: /home/mu/IVG/aubo_ros2_ws/install/aubo_msgs/lib/python3.8/site-packages/aubo_msgs/msg/_masterboard_data_msg_s.c
[0.215s] -- Up-to-date: /home/mu/IVG/aubo_ros2_ws/install/aubo_msgs/lib/python3.8/site-packages/aubo_msgs/msg/_digital_s.c
[0.215s] -- Up-to-date: /home/mu/IVG/aubo_ros2_ws/install/aubo_msgs/lib/python3.8/site-packages/aubo_msgs/msg/_io_states_s.c
[0.215s] -- Up-to-date: /home/mu/IVG/aubo_ros2_ws/install/aubo_msgs/lib/python3.8/site-packages/aubo_msgs/msg/_robot_mode_data_msg.py
[0.215s] -- Up-to-date: /home/mu/IVG/aubo_ros2_ws/install/aubo_msgs/lib/python3.8/site-packages/aubo_msgs/msg/_masterboard_data_msg.py
[0.215s] -- Up-to-date: /home/mu/IVG/aubo_ros2_ws/install/aubo_msgs/lib/python3.8/site-packages/aubo_msgs/srv
[0.215s] -- Up-to-date: /home/mu/IVG/aubo_ros2_ws/install/aubo_msgs/lib/python3.8/site-packages/aubo_msgs/srv/_set_speed_slider_fraction_s.c
[0.215s] -- Up-to-date: /home/mu/IVG/aubo_ros2_ws/install/aubo_msgs/lib/python3.8/site-packages/aubo_msgs/srv/_set_payload_s.c
[0.216s] -- Up-to-date: /home/mu/IVG/aubo_ros2_ws/install/aubo_msgs/lib/python3.8/site-packages/aubo_msgs/srv/_set_io.py
[0.216s] -- Up-to-date: /home/mu/IVG/aubo_ros2_ws/install/aubo_msgs/lib/python3.8/site-packages/aubo_msgs/srv/_set_io_s.c
[0.216s] -- Up-to-date: /home/mu/IVG/aubo_ros2_ws/install/aubo_msgs/lib/python3.8/site-packages/aubo_msgs/srv/_set_payload.py
[0.216s] -- Up-to-date: /home/mu/IVG/aubo_ros2_ws/install/aubo_msgs/lib/python3.8/site-packages/aubo_msgs/srv/__init__.py
[0.216s] -- Up-to-date: /home/mu/IVG/aubo_ros2_ws/install/aubo_msgs/lib/python3.8/site-packages/aubo_msgs/srv/_set_speed_slider_fraction.py
[0.216s] -- Up-to-date: /home/mu/IVG/aubo_ros2_ws/install/aubo_msgs/lib/python3.8/site-packages/aubo_msgs/aubo_msgs_s__rosidl_typesupport_fastrtps_c.cpython-38-x86_64-linux-gnu.so
[0.216s] -- Up-to-date: /home/mu/IVG/aubo_ros2_ws/install/aubo_msgs/lib/python3.8/site-packages/aubo_msgs/aubo_msgs_s__rosidl_typesupport_introspection_c.cpython-38-x86_64-linux-gnu.so
[0.217s] -- Up-to-date: /home/mu/IVG/aubo_ros2_ws/install/aubo_msgs/lib/python3.8/site-packages/aubo_msgs/aubo_msgs_s__rosidl_typesupport_c.cpython-38-x86_64-linux-gnu.so
[0.218s] -- Up-to-date: /home/mu/IVG/aubo_ros2_ws/install/aubo_msgs/lib/libaubo_msgs__python.so
[0.218s] -- Up-to-date: /home/mu/IVG/aubo_ros2_ws/install/aubo_msgs/share/aubo_msgs/msg/Analog.idl
[0.218s] -- Up-to-date: /home/mu/IVG/aubo_ros2_ws/install/aubo_msgs/share/aubo_msgs/msg/Digital.idl
[0.218s] -- Up-to-date: /home/mu/IVG/aubo_ros2_ws/install/aubo_msgs/share/aubo_msgs/msg/IOStates.idl
[0.218s] -- Up-to-date: /home/mu/IVG/aubo_ros2_ws/install/aubo_msgs/share/aubo_msgs/msg/RobotStateRTMsg.idl
[0.218s] -- Up-to-date: /home/mu/IVG/aubo_ros2_ws/install/aubo_msgs/share/aubo_msgs/msg/MasterboardDataMsg.idl
[0.218s] -- Up-to-date: /home/mu/IVG/aubo_ros2_ws/install/aubo_msgs/share/aubo_msgs/msg/RobotModeDataMsg.idl
[0.219s] -- Up-to-date: /home/mu/IVG/aubo_ros2_ws/install/aubo_msgs/share/aubo_msgs/msg/ToolDataMsg.idl
[0.219s] -- Up-to-date: /home/mu/IVG/aubo_ros2_ws/install/aubo_msgs/share/aubo_msgs/srv/SetPayload.idl
[0.219s] -- Up-to-date: /home/mu/IVG/aubo_ros2_ws/install/aubo_msgs/share/aubo_msgs/srv/SetSpeedSliderFraction.idl
[0.219s] -- Up-to-date: /home/mu/IVG/aubo_ros2_ws/install/aubo_msgs/share/aubo_msgs/srv/SetIO.idl
[0.219s] -- Up-to-date: /home/mu/IVG/aubo_ros2_ws/install/aubo_msgs/share/aubo_msgs/msg/Analog.msg
[0.219s] -- Up-to-date: /home/mu/IVG/aubo_ros2_ws/install/aubo_msgs/share/aubo_msgs/msg/Digital.msg
[0.219s] -- Up-to-date: /home/mu/IVG/aubo_ros2_ws/install/aubo_msgs/share/aubo_msgs/msg/IOStates.msg
[0.219s] -- Up-to-date: /home/mu/IVG/aubo_ros2_ws/install/aubo_msgs/share/aubo_msgs/msg/RobotStateRTMsg.msg
[0.219s] -- Up-to-date: /home/mu/IVG/aubo_ros2_ws/install/aubo_msgs/share/aubo_msgs/msg/MasterboardDataMsg.msg
[0.219s] -- Up-to-date: /home/mu/IVG/aubo_ros2_ws/install/aubo_msgs/share/aubo_msgs/msg/RobotModeDataMsg.msg
[0.219s] -- Up-to-date: /home/mu/IVG/aubo_ros2_ws/install/aubo_msgs/share/aubo_msgs/msg/ToolDataMsg.msg
[0.219s] -- Up-to-date: /home/mu/IVG/aubo_ros2_ws/install/aubo_msgs/share/aubo_msgs/srv/SetPayload.srv
[0.219s] -- Up-to-date: /home/mu/IVG/aubo_ros2_ws/install/aubo_msgs/share/aubo_msgs/srv/SetPayload_Request.msg
[0.219s] -- Up-to-date: /home/mu/IVG/aubo_ros2_ws/install/aubo_msgs/share/aubo_msgs/srv/SetPayload_Response.msg
[0.220s] -- Up-to-date: /home/mu/IVG/aubo_ros2_ws/install/aubo_msgs/share/aubo_msgs/srv/SetSpeedSliderFraction.srv
[0.220s] -- Up-to-date: /home/mu/IVG/aubo_ros2_ws/install/aubo_msgs/share/aubo_msgs/srv/SetSpeedSliderFraction_Request.msg
[0.220s] -- Up-to-date: /home/mu/IVG/aubo_ros2_ws/install/aubo_msgs/share/aubo_msgs/srv/SetSpeedSliderFraction_Response.msg
[0.220s] -- Up-to-date: /home/mu/IVG/aubo_ros2_ws/install/aubo_msgs/share/aubo_msgs/srv/SetIO.srv
[0.220s] -- Up-to-date: /home/mu/IVG/aubo_ros2_ws/install/aubo_msgs/share/aubo_msgs/srv/SetIO_Request.msg
[0.220s] -- Up-to-date: /home/mu/IVG/aubo_ros2_ws/install/aubo_msgs/share/aubo_msgs/srv/SetIO_Response.msg
[0.220s] -- Up-to-date: /home/mu/IVG/aubo_ros2_ws/install/aubo_msgs/share/ament_index/resource_index/package_run_dependencies/aubo_msgs
[0.220s] -- Up-to-date: /home/mu/IVG/aubo_ros2_ws/install/aubo_msgs/share/ament_index/resource_index/parent_prefix_path/aubo_msgs
[0.220s] -- Up-to-date: /home/mu/IVG/aubo_ros2_ws/install/aubo_msgs/share/aubo_msgs/environment/ament_prefix_path.sh
[0.220s] -- Up-to-date: /home/mu/IVG/aubo_ros2_ws/install/aubo_msgs/share/aubo_msgs/environment/ament_prefix_path.dsv
[0.220s] -- Up-to-date: /home/mu/IVG/aubo_ros2_ws/install/aubo_msgs/share/aubo_msgs/environment/path.sh
[0.220s] -- Up-to-date: /home/mu/IVG/aubo_ros2_ws/install/aubo_msgs/share/aubo_msgs/environment/path.dsv
[0.220s] -- Up-to-date: /home/mu/IVG/aubo_ros2_ws/install/aubo_msgs/share/aubo_msgs/local_setup.bash
[0.220s] -- Up-to-date: /home/mu/IVG/aubo_ros2_ws/install/aubo_msgs/share/aubo_msgs/local_setup.sh
[0.220s] -- Up-to-date: /home/mu/IVG/aubo_ros2_ws/install/aubo_msgs/share/aubo_msgs/local_setup.zsh
[0.220s] -- Up-to-date: /home/mu/IVG/aubo_ros2_ws/install/aubo_msgs/share/aubo_msgs/local_setup.dsv
[0.220s] -- Installing: /home/mu/IVG/aubo_ros2_ws/install/aubo_msgs/share/aubo_msgs/package.dsv
[0.220s] -- Up-to-date: /home/mu/IVG/aubo_ros2_ws/install/aubo_msgs/share/ament_index/resource_index/packages/aubo_msgs
[0.222s] -- Up-to-date: /home/mu/IVG/aubo_ros2_ws/install/aubo_msgs/share/aubo_msgs/cmake/aubo_msgs__rosidl_generator_cExport.cmake
[0.222s] -- Up-to-date: /home/mu/IVG/aubo_ros2_ws/install/aubo_msgs/share/aubo_msgs/cmake/aubo_msgs__rosidl_generator_cExport-noconfig.cmake
[0.222s] -- Up-to-date: /home/mu/IVG/aubo_ros2_ws/install/aubo_msgs/share/aubo_msgs/cmake/aubo_msgs__rosidl_typesupport_introspection_cExport.cmake
[0.222s] -- Up-to-date: /home/mu/IVG/aubo_ros2_ws/install/aubo_msgs/share/aubo_msgs/cmake/aubo_msgs__rosidl_typesupport_introspection_cExport-noconfig.cmake
[0.222s] -- Up-to-date: /home/mu/IVG/aubo_ros2_ws/install/aubo_msgs/share/aubo_msgs/cmake/aubo_msgs__rosidl_typesupport_cExport.cmake
[0.222s] -- Up-to-date: /home/mu/IVG/aubo_ros2_ws/install/aubo_msgs/share/aubo_msgs/cmake/aubo_msgs__rosidl_typesupport_cExport-noconfig.cmake
[0.222s] -- Up-to-date: /home/mu/IVG/aubo_ros2_ws/install/aubo_msgs/share/aubo_msgs/cmake/aubo_msgs__rosidl_generator_cppExport.cmake
[0.222s] -- Up-to-date: /home/mu/IVG/aubo_ros2_ws/install/aubo_msgs/share/aubo_msgs/cmake/aubo_msgs__rosidl_typesupport_introspection_cppExport.cmake
[0.222s] -- Up-to-date: /home/mu/IVG/aubo_ros2_ws/install/aubo_msgs/share/aubo_msgs/cmake/aubo_msgs__rosidl_typesupport_introspection_cppExport-noconfig.cmake
[0.222s] -- Up-to-date: /home/mu/IVG/aubo_ros2_ws/install/aubo_msgs/share/aubo_msgs/cmake/aubo_msgs__rosidl_typesupport_cppExport.cmake
[0.222s] -- Up-to-date: /home/mu/IVG/aubo_ros2_ws/install/aubo_msgs/share/aubo_msgs/cmake/aubo_msgs__rosidl_typesupport_cppExport-noconfig.cmake
[0.222s] -- Up-to-date: /home/mu/IVG/aubo_ros2_ws/install/aubo_msgs/share/aubo_msgs/cmake/rosidl_cmake-extras.cmake
[0.223s] -- Up-to-date: /home/mu/IVG/aubo_ros2_ws/install/aubo_msgs/share/aubo_msgs/cmake/ament_cmake_export_dependencies-extras.cmake
[0.223s] -- Up-to-date: /home/mu/IVG/aubo_ros2_ws/install/aubo_msgs/share/aubo_msgs/cmake/ament_cmake_export_libraries-extras.cmake
[0.223s] -- Up-to-date: /home/mu/IVG/aubo_ros2_ws/install/aubo_msgs/share/aubo_msgs/cmake/ament_cmake_export_targets-extras.cmake
[0.223s] -- Up-to-date: /home/mu/IVG/aubo_ros2_ws/install/aubo_msgs/share/aubo_msgs/cmake/ament_cmake_export_include_directories-extras.cmake
[0.223s] -- Up-to-date: /home/mu/IVG/aubo_ros2_ws/install/aubo_msgs/share/aubo_msgs/cmake/rosidl_cmake_export_typesupport_libraries-extras.cmake
[0.223s] -- Up-to-date: /home/mu/IVG/aubo_ros2_ws/install/aubo_msgs/share/aubo_msgs/cmake/rosidl_cmake_export_typesupport_targets-extras.cmake
[0.223s] -- Up-to-date: /home/mu/IVG/aubo_ros2_ws/install/aubo_msgs/share/aubo_msgs/cmake/aubo_msgsConfig.cmake
[0.223s] -- Up-to-date: /home/mu/IVG/aubo_ros2_ws/install/aubo_msgs/share/aubo_msgs/cmake/aubo_msgsConfig-version.cmake
[0.223s] -- Up-to-date: /home/mu/IVG/aubo_ros2_ws/install/aubo_msgs/share/aubo_msgs/package.xml
[0.244s] Invoked command in '/home/mu/IVG/aubo_ros2_ws/build/aubo_msgs' returned '0': CMAKE_PREFIX_PATH=${CMAKE_PREFIX_PATH}:/opt/ros/foxy /usr/bin/cmake --install /home/mu/IVG/aubo_ros2_ws/build/aubo_msgs
