[0.004s] Invoking command in '/home/mu/IVG/ws_moveit/build/rviz_visual_tools': /usr/bin/cmake /home/mu/IVG/ws_moveit/src/rviz_visual_tools -DCMAKE_BUILD_TYPE=Release -DCMAKE_INSTALL_PREFIX=/home/mu/IVG/ws_moveit/install/rviz_visual_tools
[0.030s] -- The C compiler identification is GNU 9.4.0
[0.062s] -- The CXX compiler identification is GNU 9.4.0
[0.064s] -- Check for working C compiler: /usr/bin/cc
[0.130s] -- Check for working C compiler: /usr/bin/cc -- works
[0.131s] -- Detecting C compiler ABI info
[0.194s] -- Detecting C compiler ABI info - done
[0.201s] -- Detecting C compile features
[0.201s] -- Detecting C compile features - done
[0.203s] -- Check for working CXX compiler: /usr/bin/c++
[0.241s] -- Check for working CXX compiler: /usr/bin/c++ -- works
[0.242s] -- Detecting CXX compiler ABI info
[0.288s] -- Detecting CXX compiler ABI info - done
[0.293s] -- Detecting CXX compile features
[0.294s] -- Detecting CXX compile features - done
[0.299s] CMake Error at CMakeLists.txt:16 (find_package):
[0.299s]   By not providing "Findament_cmake.cmake" in CMAKE_MODULE_PATH this project
[0.299s]   has asked CMake to find a package configuration file provided by
[0.299s]   "ament_cmake", but CMake did not find one.
[0.299s] 
[0.299s]   Could not find a package configuration file provided by "ament_cmake" with
[0.299s]   any of the following names:
[0.299s] 
[0.299s]     ament_cmakeConfig.cmake
[0.299s]     ament_cmake-config.cmake
[0.299s] 
[0.299s]   Add the installation prefix of "ament_cmake" to CMAKE_PREFIX_PATH or set
[0.299s]   "ament_cmake_DIR" to a directory containing one of the above files.  If
[0.299s]   "ament_cmake" provides a separate development package or SDK, be sure it
[0.299s]   has been installed.
[0.299s] 
[0.299s] 
[0.299s] -- Configuring incomplete, errors occurred!
[0.299s] See also "/home/mu/IVG/ws_moveit/build/rviz_visual_tools/CMakeFiles/CMakeOutput.log".
[0.302s] Invoked command in '/home/mu/IVG/ws_moveit/build/rviz_visual_tools' returned '1': /usr/bin/cmake /home/mu/IVG/ws_moveit/src/rviz_visual_tools -DCMAKE_BUILD_TYPE=Release -DCMAKE_INSTALL_PREFIX=/home/mu/IVG/ws_moveit/install/rviz_visual_tools
