[0.008s] Invoking command in '/home/mu/IVG/ws_moveit/build/moveit2_tutorials': AMENT_PREFIX_PATH=/home/mu/IVG/ws_moveit/install/moveit_resources_panda_moveit_config:/home/mu/IVG/ws_moveit/install/moveit_resources_panda_description:${AMENT_PREFIX_PATH} CMAKE_PREFIX_PATH=/home/mu/IVG/ws_moveit/install/moveit_visual_tools:/home/mu/IVG/ws_moveit/install/moveit_resources_panda_moveit_config:/home/mu/IVG/ws_moveit/install/rviz_visual_tools:/home/mu/IVG/ws_moveit/install/moveit_resources_panda_description:/home/mu/IVG/ws_moveit/install/moveit2_tutorials:/opt/ros/foxy /usr/bin/cmake --build /home/mu/IVG/ws_moveit/build/moveit2_tutorials -- -j32 -l32
[0.041s] [ 12%] Built target servo_keyboard_input
[0.046s] [ 25%] Built target planning_scene_tutorial
[0.046s] [ 37%] Built target planning_scene_ros_api_tutorial
[0.048s] [ 50%] Built target moveit_cpp_tutorial
[0.048s] [ 62%] Built target servo_cpp_interface_demo
[0.048s] [ 75%] Built target move_group_interface_tutorial
[0.050s] [ 87%] Built target robot_model_and_robot_state_tutorial
[0.052s] [100%] Built target motion_planning_api_tutorial
[0.057s] Invoked command in '/home/mu/IVG/ws_moveit/build/moveit2_tutorials' returned '0': AMENT_PREFIX_PATH=/home/mu/IVG/ws_moveit/install/moveit_resources_panda_moveit_config:/home/mu/IVG/ws_moveit/install/moveit_resources_panda_description:${AMENT_PREFIX_PATH} CMAKE_PREFIX_PATH=/home/mu/IVG/ws_moveit/install/moveit_visual_tools:/home/mu/IVG/ws_moveit/install/moveit_resources_panda_moveit_config:/home/mu/IVG/ws_moveit/install/rviz_visual_tools:/home/mu/IVG/ws_moveit/install/moveit_resources_panda_description:/home/mu/IVG/ws_moveit/install/moveit2_tutorials:/opt/ros/foxy /usr/bin/cmake --build /home/mu/IVG/ws_moveit/build/moveit2_tutorials -- -j32 -l32
[0.059s] Invoking command in '/home/mu/IVG/ws_moveit/build/moveit2_tutorials': AMENT_PREFIX_PATH=/home/mu/IVG/ws_moveit/install/moveit_resources_panda_moveit_config:/home/mu/IVG/ws_moveit/install/moveit_resources_panda_description:${AMENT_PREFIX_PATH} CMAKE_PREFIX_PATH=/home/mu/IVG/ws_moveit/install/moveit_visual_tools:/home/mu/IVG/ws_moveit/install/moveit_resources_panda_moveit_config:/home/mu/IVG/ws_moveit/install/rviz_visual_tools:/home/mu/IVG/ws_moveit/install/moveit_resources_panda_description:/home/mu/IVG/ws_moveit/install/moveit2_tutorials:/opt/ros/foxy /usr/bin/cmake --install /home/mu/IVG/ws_moveit/build/moveit2_tutorials
[0.063s] -- Install configuration: "Release"
[0.063s] -- Up-to-date: /home/mu/IVG/ws_moveit/install/moveit2_tutorials/share/ament_index/resource_index/package_run_dependencies/moveit2_tutorials
[0.063s] -- Up-to-date: /home/mu/IVG/ws_moveit/install/moveit2_tutorials/share/ament_index/resource_index/parent_prefix_path/moveit2_tutorials
[0.063s] -- Up-to-date: /home/mu/IVG/ws_moveit/install/moveit2_tutorials/share/moveit2_tutorials/environment/ament_prefix_path.sh
[0.063s] -- Up-to-date: /home/mu/IVG/ws_moveit/install/moveit2_tutorials/share/moveit2_tutorials/environment/ament_prefix_path.dsv
[0.063s] -- Up-to-date: /home/mu/IVG/ws_moveit/install/moveit2_tutorials/share/moveit2_tutorials/environment/path.sh
[0.063s] -- Up-to-date: /home/mu/IVG/ws_moveit/install/moveit2_tutorials/share/moveit2_tutorials/environment/path.dsv
[0.063s] -- Up-to-date: /home/mu/IVG/ws_moveit/install/moveit2_tutorials/share/moveit2_tutorials/local_setup.bash
[0.063s] -- Up-to-date: /home/mu/IVG/ws_moveit/install/moveit2_tutorials/share/moveit2_tutorials/local_setup.sh
[0.063s] -- Up-to-date: /home/mu/IVG/ws_moveit/install/moveit2_tutorials/share/moveit2_tutorials/local_setup.zsh
[0.063s] -- Up-to-date: /home/mu/IVG/ws_moveit/install/moveit2_tutorials/share/moveit2_tutorials/local_setup.dsv
[0.063s] -- Installing: /home/mu/IVG/ws_moveit/install/moveit2_tutorials/share/moveit2_tutorials/package.dsv
[0.063s] -- Up-to-date: /home/mu/IVG/ws_moveit/install/moveit2_tutorials/share/ament_index/resource_index/packages/moveit2_tutorials
[0.063s] -- Up-to-date: /home/mu/IVG/ws_moveit/install/moveit2_tutorials/share/moveit2_tutorials/cmake/ament_cmake_export_dependencies-extras.cmake
[0.063s] -- Up-to-date: /home/mu/IVG/ws_moveit/install/moveit2_tutorials/share/moveit2_tutorials/cmake/ament_cmake_export_include_directories-extras.cmake
[0.063s] -- Up-to-date: /home/mu/IVG/ws_moveit/install/moveit2_tutorials/share/moveit2_tutorials/cmake/moveit2_tutorialsConfig.cmake
[0.063s] -- Up-to-date: /home/mu/IVG/ws_moveit/install/moveit2_tutorials/share/moveit2_tutorials/cmake/moveit2_tutorialsConfig-version.cmake
[0.063s] -- Up-to-date: /home/mu/IVG/ws_moveit/install/moveit2_tutorials/share/moveit2_tutorials/package.xml
[0.063s] -- Up-to-date: /home/mu/IVG/ws_moveit/install/moveit2_tutorials/lib/moveit2_tutorials/motion_planning_api_tutorial
[0.063s] -- Up-to-date: /home/mu/IVG/ws_moveit/install/moveit2_tutorials/share/moveit2_tutorials/launch
[0.063s] -- Up-to-date: /home/mu/IVG/ws_moveit/install/moveit2_tutorials/share/moveit2_tutorials/launch/motion_planning_api_tutorial.launch.py
[0.064s] -- Up-to-date: /home/mu/IVG/ws_moveit/install/moveit2_tutorials/lib/moveit2_tutorials/move_group_interface_tutorial
[0.064s] -- Up-to-date: /home/mu/IVG/ws_moveit/install/moveit2_tutorials/share/moveit2_tutorials/launch
[0.064s] -- Up-to-date: /home/mu/IVG/ws_moveit/install/moveit2_tutorials/share/moveit2_tutorials/launch/move_group.rviz
[0.064s] -- Up-to-date: /home/mu/IVG/ws_moveit/install/moveit2_tutorials/share/moveit2_tutorials/launch/move_group_interface_tutorial.launch.py
[0.064s] -- Up-to-date: /home/mu/IVG/ws_moveit/install/moveit2_tutorials/share/moveit2_tutorials/launch/move_group.launch.py
[0.064s] -- Up-to-date: /home/mu/IVG/ws_moveit/install/moveit2_tutorials/lib/moveit2_tutorials/moveit_cpp_tutorial
[0.064s] -- Up-to-date: /home/mu/IVG/ws_moveit/install/moveit2_tutorials/share/moveit2_tutorials/launch
[0.064s] -- Up-to-date: /home/mu/IVG/ws_moveit/install/moveit2_tutorials/share/moveit2_tutorials/launch/moveit_cpp_tutorial.rviz
[0.064s] -- Up-to-date: /home/mu/IVG/ws_moveit/install/moveit2_tutorials/share/moveit2_tutorials/launch/moveit_cpp_tutorial.launch.py
[0.064s] -- Up-to-date: /home/mu/IVG/ws_moveit/install/moveit2_tutorials/share/moveit2_tutorials/config
[0.064s] -- Up-to-date: /home/mu/IVG/ws_moveit/install/moveit2_tutorials/share/moveit2_tutorials/config/moveit_cpp.yaml
[0.064s] -- Up-to-date: /home/mu/IVG/ws_moveit/install/moveit2_tutorials/lib/moveit2_tutorials/planning_scene_tutorial
[0.064s] -- Up-to-date: /home/mu/IVG/ws_moveit/install/moveit2_tutorials/share/moveit2_tutorials/launch
[0.064s] -- Up-to-date: /home/mu/IVG/ws_moveit/install/moveit2_tutorials/share/moveit2_tutorials/launch/planning_scene_tutorial.launch.py
[0.064s] -- Up-to-date: /home/mu/IVG/ws_moveit/install/moveit2_tutorials/lib/moveit2_tutorials/planning_scene_ros_api_tutorial
[0.064s] -- Up-to-date: /home/mu/IVG/ws_moveit/install/moveit2_tutorials/share/moveit2_tutorials/launch
[0.064s] -- Up-to-date: /home/mu/IVG/ws_moveit/install/moveit2_tutorials/share/moveit2_tutorials/launch/planning_scene_ros_api_tutorial.launch.py
[0.064s] -- Up-to-date: /home/mu/IVG/ws_moveit/install/moveit2_tutorials/share/moveit2_tutorials/launch
[0.064s] -- Up-to-date: /home/mu/IVG/ws_moveit/install/moveit2_tutorials/share/moveit2_tutorials/launch/demo.launch.py
[0.064s] -- Up-to-date: /home/mu/IVG/ws_moveit/install/moveit2_tutorials/share/moveit2_tutorials/launch/panda_moveit_config_demo.rviz
[0.064s] -- Up-to-date: /home/mu/IVG/ws_moveit/install/moveit2_tutorials/share/moveit2_tutorials/launch/panda_moveit_config_demo_empty.rviz
[0.064s] -- Up-to-date: /home/mu/IVG/ws_moveit/install/moveit2_tutorials/lib/moveit2_tutorials/servo_keyboard_input
[0.064s] -- Up-to-date: /home/mu/IVG/ws_moveit/install/moveit2_tutorials/lib/moveit2_tutorials/servo_cpp_interface_demo
[0.064s] -- Up-to-date: /home/mu/IVG/ws_moveit/install/moveit2_tutorials/share/moveit2_tutorials/launch
[0.064s] -- Up-to-date: /home/mu/IVG/ws_moveit/install/moveit2_tutorials/share/moveit2_tutorials/launch/servo_server_panda.launch.py
[0.064s] -- Up-to-date: /home/mu/IVG/ws_moveit/install/moveit2_tutorials/share/moveit2_tutorials/launch/servo_teleop.launch.py
[0.065s] -- Up-to-date: /home/mu/IVG/ws_moveit/install/moveit2_tutorials/share/moveit2_tutorials/launch/servo_cpp_interface_demo.launch.py
[0.065s] -- Up-to-date: /home/mu/IVG/ws_moveit/install/moveit2_tutorials/share/moveit2_tutorials/config
[0.065s] -- Up-to-date: /home/mu/IVG/ws_moveit/install/moveit2_tutorials/share/moveit2_tutorials/config/demo_rviz_config.rviz
[0.065s] -- Up-to-date: /home/mu/IVG/ws_moveit/install/moveit2_tutorials/lib/moveit2_tutorials/robot_model_and_robot_state_tutorial
[0.065s] -- Up-to-date: /home/mu/IVG/ws_moveit/install/moveit2_tutorials/share/moveit2_tutorials/launch
[0.065s] -- Up-to-date: /home/mu/IVG/ws_moveit/install/moveit2_tutorials/share/moveit2_tutorials/launch/robot_model_and_robot_state_tutorial.launch.py
[0.066s] Invoked command in '/home/mu/IVG/ws_moveit/build/moveit2_tutorials' returned '0': AMENT_PREFIX_PATH=/home/mu/IVG/ws_moveit/install/moveit_resources_panda_moveit_config:/home/mu/IVG/ws_moveit/install/moveit_resources_panda_description:${AMENT_PREFIX_PATH} CMAKE_PREFIX_PATH=/home/mu/IVG/ws_moveit/install/moveit_visual_tools:/home/mu/IVG/ws_moveit/install/moveit_resources_panda_moveit_config:/home/mu/IVG/ws_moveit/install/rviz_visual_tools:/home/mu/IVG/ws_moveit/install/moveit_resources_panda_description:/home/mu/IVG/ws_moveit/install/moveit2_tutorials:/opt/ros/foxy /usr/bin/cmake --install /home/mu/IVG/ws_moveit/build/moveit2_tutorials
