[0.027s] Invoking command in '/home/mu/IVG/ws_moveit/build/moveit_ros_occupancy_map_monitor': CMAKE_PREFIX_PATH=/home/mu/IVG/ws_moveit/install/moveit_core:/home/mu/IVG/ws_moveit/install/moveit_common:/home/mu/IVG/ws_moveit/install/moveit2_tutorials:/home/mu/IVG/ws_moveit/install/moveit_visual_tools:/home/mu/IVG/ws_moveit/install/rviz_visual_tools:/home/mu/IVG/ws_moveit/install/run_ompl_constrained_planning:/home/mu/IVG/ws_moveit/install/run_moveit_cpp:/home/mu/IVG/ws_moveit/install/run_move_group:/home/mu/IVG/ws_moveit/install/moveit_runtime:/home/mu/IVG/ws_moveit/install/moveit:/home/mu/IVG/ws_moveit/install/moveit_plugins:/home/mu/IVG/ws_moveit/install/moveit_simple_controller_manager:/home/mu/IVG/ws_moveit/install/moveit_servo:/home/mu/IVG/ws_moveit/install/moveit_ros:/home/mu/IVG/ws_moveit/install/moveit_ros_visualization:/home/mu/IVG/ws_moveit/install/moveit_ros_planning_interface:/home/mu/IVG/ws_moveit/install/moveit_ros_benchmarks:/home/mu/IVG/ws_moveit/install/moveit_ros_warehouse:/home/mu/IVG/ws_moveit/install/moveit_ros_robot_interaction:/home/mu/IVG/ws_moveit/install/moveit_ros_perception:/home/mu/IVG/ws_moveit/install/moveit_ros_move_group:/home/mu/IVG/ws_moveit/install/moveit_planners:/home/mu/IVG/ws_moveit/install/moveit_planners_ompl:/home/mu/IVG/ws_moveit/install/moveit_ros_planning:/home/mu/IVG/ws_moveit/install/moveit_ros_occupancy_map_monitor:/home/mu/IVG/ws_moveit/install/moveit_planners_chomp:/home/mu/IVG/ws_moveit/install/moveit_kinematics:/home/mu/IVG/ws_moveit/install/moveit_chomp_optimizer_adapter:/home/mu/IVG/ws_moveit/install/chomp_motion_planner:/opt/ros/foxy LD_LIBRARY_PATH=/home/mu/IVG/ws_moveit/install/moveit_core/lib:/home/mu/IVG/ws_moveit/install/moveit_visual_tools/lib:/home/mu/IVG/ws_moveit/install/rviz_visual_tools/lib:/home/mu/IVG/ws_moveit/install/moveit_simple_controller_manager/lib:/home/mu/IVG/ws_moveit/install/moveit_servo/lib:/home/mu/IVG/ws_moveit/install/moveit_ros_visualization/lib:/home/mu/IVG/ws_moveit/install/moveit_ros_planning_interface/lib:/home/mu/IVG/ws_moveit/install/moveit_ros_benchmarks/lib:/home/mu/IVG/ws_moveit/install/moveit_ros_warehouse/lib:/home/mu/IVG/ws_moveit/install/moveit_ros_robot_interaction/lib:/home/mu/IVG/ws_moveit/install/moveit_ros_perception/lib:/home/mu/IVG/ws_moveit/install/moveit_ros_move_group/lib:/home/mu/IVG/ws_moveit/install/moveit_planners_ompl/lib:/home/mu/IVG/ws_moveit/install/moveit_ros_planning/lib:/home/mu/IVG/ws_moveit/install/moveit_ros_occupancy_map_monitor/lib:/home/mu/IVG/ws_moveit/install/moveit_planners_chomp/lib:/home/mu/IVG/ws_moveit/install/moveit_kinematics/lib:/home/mu/IVG/ws_moveit/install/moveit_chomp_optimizer_adapter/lib:/home/mu/IVG/ws_moveit/install/chomp_motion_planner/lib:/opt/ros/foxy/opt/yaml_cpp_vendor/lib:/opt/ros/foxy/opt/rviz_ogre_vendor/lib:/opt/ros/foxy/lib/x86_64-linux-gnu:/opt/ros/foxy/lib PATH=/home/mu/IVG/ws_moveit/install/moveit_core/bin:/home/mu/IVG/ws_moveit/install/moveit_kinematics/bin:/opt/ros/foxy/bin:/usr/local/sbin:/usr/local/bin:/usr/sbin:/usr/bin:/sbin:/bin:/usr/games:/usr/local/games:/snap/bin /usr/bin/cmake /home/mu/IVG/ws_moveit/src/moveit2/moveit_ros/occupancy_map_monitor -DCMAKE_INSTALL_PREFIX=/home/mu/IVG/ws_moveit/install/moveit_ros_occupancy_map_monitor
[0.091s] -- The C compiler identification is GNU 9.4.0
[0.149s] -- The CXX compiler identification is GNU 9.4.0
[0.157s] -- Check for working C compiler: /usr/bin/cc
[0.226s] -- Check for working C compiler: /usr/bin/cc -- works
[0.227s] -- Detecting C compiler ABI info
[0.293s] -- Detecting C compiler ABI info - done
[0.307s] -- Detecting C compile features
[0.308s] -- Detecting C compile features - done
[0.311s] -- Check for working CXX compiler: /usr/bin/c++
[0.385s] -- Check for working CXX compiler: /usr/bin/c++ -- works
[0.385s] -- Detecting CXX compiler ABI info
[0.457s] -- Detecting CXX compiler ABI info - done
[0.473s] -- Detecting CXX compile features
[0.473s] -- Detecting CXX compile features - done
[0.475s] -- Found moveit_common: 2.2.3 (/home/mu/IVG/ws_moveit/install/moveit_common/share/moveit_common/cmake)
[0.477s] -- Found ament_cmake: 0.9.12 (/opt/ros/foxy/share/ament_cmake/cmake)
[0.502s] -- Found PythonInterp: /usr/bin/python3 (found suitable version "3.8.10", minimum required is "3") 
[0.502s] -- Using PYTHON_EXECUTABLE: /usr/bin/python3
[0.725s] moveit_ros_occupancy_map_monitor: You did not request a specific build type: Choosing 'Release' for maximum performance
[0.725s] -- Found moveit_core: 2.2.3 (/home/mu/IVG/ws_moveit/install/moveit_core/share/moveit_core/cmake)
[0.998s] -- Found Boost: /usr/lib/x86_64-linux-gnu/cmake/Boost-1.71.0/BoostConfig.cmake (found version "1.71.0") found components: chrono date_time filesystem iostreams program_options regex serialization system thread 
[1.016s] -- Found Boost: /usr/lib/x86_64-linux-gnu/cmake/Boost-1.71.0/BoostConfig.cmake (found version "1.71.0") found components: filesystem 
[1.066s] -- Using all available rosidl_typesupport_c: rosidl_typesupport_fastrtps_c;rosidl_typesupport_introspection_c
[1.072s] -- Found rosidl_adapter: 1.3.1 (/opt/ros/foxy/share/rosidl_adapter/cmake)
[1.148s] -- Found OpenSSL: /usr/lib/x86_64-linux-gnu/libcrypto.so (found version "1.1.1f")  
[1.177s] -- Found FastRTPS: /opt/ros/foxy/include  
[1.255s] -- Using all available rosidl_typesupport_cpp: rosidl_typesupport_fastrtps_cpp;rosidl_typesupport_introspection_cpp
[1.390s] -- Found rmw_implementation_cmake: 1.0.4 (/opt/ros/foxy/share/rmw_implementation_cmake/cmake)
[1.392s] -- Using RMW implementation 'rmw_fastrtps_cpp' as default
[1.394s] -- Found Threads: TRUE  
[1.591s] -- library: /usr/lib/x86_64-linux-gnu/libcurl.so
[1.753s] -- Found Eigen3: TRUE (found version "3.3.7") 
[3.409s] -- Found pluginlib: 2.5.4 (/opt/ros/foxy/share/pluginlib/cmake)
[3.434s] -- Found Boost: /usr/lib/x86_64-linux-gnu/cmake/Boost-1.71.0/BoostConfig.cmake (found version "1.71.0") found components: thread 
[3.453s] -- Found ament_lint_auto: 0.9.8 (/opt/ros/foxy/share/ament_lint_auto/cmake)
[3.467s] -- Added test 'lint_cmake' to check CMake code style
[3.468s] -- Added test 'xmllint' to check XML markup files
[3.472s] -- Configuring done
[3.527s] -- Generating done
[3.543s] -- Build files have been written to: /home/mu/IVG/ws_moveit/build/moveit_ros_occupancy_map_monitor
[3.553s] Invoked command in '/home/mu/IVG/ws_moveit/build/moveit_ros_occupancy_map_monitor' returned '0': CMAKE_PREFIX_PATH=/home/mu/IVG/ws_moveit/install/moveit_core:/home/mu/IVG/ws_moveit/install/moveit_common:/home/mu/IVG/ws_moveit/install/moveit2_tutorials:/home/mu/IVG/ws_moveit/install/moveit_visual_tools:/home/mu/IVG/ws_moveit/install/rviz_visual_tools:/home/mu/IVG/ws_moveit/install/run_ompl_constrained_planning:/home/mu/IVG/ws_moveit/install/run_moveit_cpp:/home/mu/IVG/ws_moveit/install/run_move_group:/home/mu/IVG/ws_moveit/install/moveit_runtime:/home/mu/IVG/ws_moveit/install/moveit:/home/mu/IVG/ws_moveit/install/moveit_plugins:/home/mu/IVG/ws_moveit/install/moveit_simple_controller_manager:/home/mu/IVG/ws_moveit/install/moveit_servo:/home/mu/IVG/ws_moveit/install/moveit_ros:/home/mu/IVG/ws_moveit/install/moveit_ros_visualization:/home/mu/IVG/ws_moveit/install/moveit_ros_planning_interface:/home/mu/IVG/ws_moveit/install/moveit_ros_benchmarks:/home/mu/IVG/ws_moveit/install/moveit_ros_warehouse:/home/mu/IVG/ws_moveit/install/moveit_ros_robot_interaction:/home/mu/IVG/ws_moveit/install/moveit_ros_perception:/home/mu/IVG/ws_moveit/install/moveit_ros_move_group:/home/mu/IVG/ws_moveit/install/moveit_planners:/home/mu/IVG/ws_moveit/install/moveit_planners_ompl:/home/mu/IVG/ws_moveit/install/moveit_ros_planning:/home/mu/IVG/ws_moveit/install/moveit_ros_occupancy_map_monitor:/home/mu/IVG/ws_moveit/install/moveit_planners_chomp:/home/mu/IVG/ws_moveit/install/moveit_kinematics:/home/mu/IVG/ws_moveit/install/moveit_chomp_optimizer_adapter:/home/mu/IVG/ws_moveit/install/chomp_motion_planner:/opt/ros/foxy LD_LIBRARY_PATH=/home/mu/IVG/ws_moveit/install/moveit_core/lib:/home/mu/IVG/ws_moveit/install/moveit_visual_tools/lib:/home/mu/IVG/ws_moveit/install/rviz_visual_tools/lib:/home/mu/IVG/ws_moveit/install/moveit_simple_controller_manager/lib:/home/mu/IVG/ws_moveit/install/moveit_servo/lib:/home/mu/IVG/ws_moveit/install/moveit_ros_visualization/lib:/home/mu/IVG/ws_moveit/install/moveit_ros_planning_interface/lib:/home/mu/IVG/ws_moveit/install/moveit_ros_benchmarks/lib:/home/mu/IVG/ws_moveit/install/moveit_ros_warehouse/lib:/home/mu/IVG/ws_moveit/install/moveit_ros_robot_interaction/lib:/home/mu/IVG/ws_moveit/install/moveit_ros_perception/lib:/home/mu/IVG/ws_moveit/install/moveit_ros_move_group/lib:/home/mu/IVG/ws_moveit/install/moveit_planners_ompl/lib:/home/mu/IVG/ws_moveit/install/moveit_ros_planning/lib:/home/mu/IVG/ws_moveit/install/moveit_ros_occupancy_map_monitor/lib:/home/mu/IVG/ws_moveit/install/moveit_planners_chomp/lib:/home/mu/IVG/ws_moveit/install/moveit_kinematics/lib:/home/mu/IVG/ws_moveit/install/moveit_chomp_optimizer_adapter/lib:/home/mu/IVG/ws_moveit/install/chomp_motion_planner/lib:/opt/ros/foxy/opt/yaml_cpp_vendor/lib:/opt/ros/foxy/opt/rviz_ogre_vendor/lib:/opt/ros/foxy/lib/x86_64-linux-gnu:/opt/ros/foxy/lib PATH=/home/mu/IVG/ws_moveit/install/moveit_core/bin:/home/mu/IVG/ws_moveit/install/moveit_kinematics/bin:/opt/ros/foxy/bin:/usr/local/sbin:/usr/local/bin:/usr/sbin:/usr/bin:/sbin:/bin:/usr/games:/usr/local/games:/snap/bin /usr/bin/cmake /home/mu/IVG/ws_moveit/src/moveit2/moveit_ros/occupancy_map_monitor -DCMAKE_INSTALL_PREFIX=/home/mu/IVG/ws_moveit/install/moveit_ros_occupancy_map_monitor
[3.555s] Invoking command in '/home/mu/IVG/ws_moveit/build/moveit_ros_occupancy_map_monitor': CMAKE_PREFIX_PATH=/home/mu/IVG/ws_moveit/install/moveit_core:/home/mu/IVG/ws_moveit/install/moveit_common:/home/mu/IVG/ws_moveit/install/moveit2_tutorials:/home/mu/IVG/ws_moveit/install/moveit_visual_tools:/home/mu/IVG/ws_moveit/install/rviz_visual_tools:/home/mu/IVG/ws_moveit/install/run_ompl_constrained_planning:/home/mu/IVG/ws_moveit/install/run_moveit_cpp:/home/mu/IVG/ws_moveit/install/run_move_group:/home/mu/IVG/ws_moveit/install/moveit_runtime:/home/mu/IVG/ws_moveit/install/moveit:/home/mu/IVG/ws_moveit/install/moveit_plugins:/home/mu/IVG/ws_moveit/install/moveit_simple_controller_manager:/home/mu/IVG/ws_moveit/install/moveit_servo:/home/mu/IVG/ws_moveit/install/moveit_ros:/home/mu/IVG/ws_moveit/install/moveit_ros_visualization:/home/mu/IVG/ws_moveit/install/moveit_ros_planning_interface:/home/mu/IVG/ws_moveit/install/moveit_ros_benchmarks:/home/mu/IVG/ws_moveit/install/moveit_ros_warehouse:/home/mu/IVG/ws_moveit/install/moveit_ros_robot_interaction:/home/mu/IVG/ws_moveit/install/moveit_ros_perception:/home/mu/IVG/ws_moveit/install/moveit_ros_move_group:/home/mu/IVG/ws_moveit/install/moveit_planners:/home/mu/IVG/ws_moveit/install/moveit_planners_ompl:/home/mu/IVG/ws_moveit/install/moveit_ros_planning:/home/mu/IVG/ws_moveit/install/moveit_ros_occupancy_map_monitor:/home/mu/IVG/ws_moveit/install/moveit_planners_chomp:/home/mu/IVG/ws_moveit/install/moveit_kinematics:/home/mu/IVG/ws_moveit/install/moveit_chomp_optimizer_adapter:/home/mu/IVG/ws_moveit/install/chomp_motion_planner:/opt/ros/foxy LD_LIBRARY_PATH=/home/mu/IVG/ws_moveit/install/moveit_core/lib:/home/mu/IVG/ws_moveit/install/moveit_visual_tools/lib:/home/mu/IVG/ws_moveit/install/rviz_visual_tools/lib:/home/mu/IVG/ws_moveit/install/moveit_simple_controller_manager/lib:/home/mu/IVG/ws_moveit/install/moveit_servo/lib:/home/mu/IVG/ws_moveit/install/moveit_ros_visualization/lib:/home/mu/IVG/ws_moveit/install/moveit_ros_planning_interface/lib:/home/mu/IVG/ws_moveit/install/moveit_ros_benchmarks/lib:/home/mu/IVG/ws_moveit/install/moveit_ros_warehouse/lib:/home/mu/IVG/ws_moveit/install/moveit_ros_robot_interaction/lib:/home/mu/IVG/ws_moveit/install/moveit_ros_perception/lib:/home/mu/IVG/ws_moveit/install/moveit_ros_move_group/lib:/home/mu/IVG/ws_moveit/install/moveit_planners_ompl/lib:/home/mu/IVG/ws_moveit/install/moveit_ros_planning/lib:/home/mu/IVG/ws_moveit/install/moveit_ros_occupancy_map_monitor/lib:/home/mu/IVG/ws_moveit/install/moveit_planners_chomp/lib:/home/mu/IVG/ws_moveit/install/moveit_kinematics/lib:/home/mu/IVG/ws_moveit/install/moveit_chomp_optimizer_adapter/lib:/home/mu/IVG/ws_moveit/install/chomp_motion_planner/lib:/opt/ros/foxy/opt/yaml_cpp_vendor/lib:/opt/ros/foxy/opt/rviz_ogre_vendor/lib:/opt/ros/foxy/lib/x86_64-linux-gnu:/opt/ros/foxy/lib PATH=/home/mu/IVG/ws_moveit/install/moveit_core/bin:/home/mu/IVG/ws_moveit/install/moveit_kinematics/bin:/opt/ros/foxy/bin:/usr/local/sbin:/usr/local/bin:/usr/sbin:/usr/bin:/sbin:/bin:/usr/games:/usr/local/games:/snap/bin /usr/bin/cmake --build /home/mu/IVG/ws_moveit/build/moveit_ros_occupancy_map_monitor -- -j32 -l32
[3.606s] [35m[1mScanning dependencies of target moveit_ros_occupancy_map_monitor[0m
[3.674s] [ 20%] [32mBuilding CXX object CMakeFiles/moveit_ros_occupancy_map_monitor.dir/src/occupancy_map_monitor.cpp.o[0m
[3.675s] [ 40%] [32mBuilding CXX object CMakeFiles/moveit_ros_occupancy_map_monitor.dir/src/occupancy_map_updater.cpp.o[0m
[13.858s] [ 60%] [32m[1mLinking CXX shared library libmoveit_ros_occupancy_map_monitor.so[0m
[14.008s] [ 60%] Built target moveit_ros_occupancy_map_monitor
[14.015s] [35m[1mScanning dependencies of target moveit_ros_occupancy_map_server[0m
[14.054s] [ 80%] [32mBuilding CXX object CMakeFiles/moveit_ros_occupancy_map_server.dir/src/occupancy_map_server.cpp.o[0m
[16.746s] make[2]: *** [CMakeFiles/moveit_ros_occupancy_map_server.dir/build.make:63: CMakeFiles/moveit_ros_occupancy_map_server.dir/src/occupancy_map_server.cpp.o] 中断
[16.746s] make[1]: *** [CMakeFiles/Makefile2:80: CMakeFiles/moveit_ros_occupancy_map_server.dir/all] 中断
[16.746s] make: *** [Makefile:141: all] 中断
