-- The C compiler identification is GNU 9.4.0
-- The CXX compiler identification is GNU 9.4.0
-- Check for working C compiler: /usr/bin/cc
-- Check for working C compiler: /usr/bin/cc -- works
-- Detecting C compiler ABI info
-- Detecting C compiler ABI info - done
-- Detecting C compile features
-- Detecting C compile features - done
-- Check for working CXX compiler: /usr/bin/c++
-- Check for working CXX compiler: /usr/bin/c++ -- works
-- Detecting CXX compiler ABI info
-- Detecting CXX compiler ABI info - done
-- Detecting CXX compile features
-- Detecting CXX compile features - done
-- Found ament_cmake: 0.9.12 (/opt/ros/foxy/share/ament_cmake/cmake)
-- Found PythonInterp: /usr/bin/python3 (found suitable version "3.8.10", minimum required is "3") 
-- Using PYTHON_EXECUTABLE: /usr/bin/python3
-- Configuring done
-- Generating done
-- Build files have been written to: /home/mu/IVG/aubo_ros2_ws/build/aubo_moveit_config
-- Install configuration: ""
-- Installing: /home/mu/IVG/aubo_ros2_ws/install/aubo_moveit_config/share/ament_index/resource_index/package_run_dependencies/aubo_moveit_config
-- Installing: /home/mu/IVG/aubo_ros2_ws/install/aubo_moveit_config/share/ament_index/resource_index/parent_prefix_path/aubo_moveit_config
-- Installing: /home/mu/IVG/aubo_ros2_ws/install/aubo_moveit_config/share/aubo_moveit_config/environment/ament_prefix_path.sh
-- Installing: /home/mu/IVG/aubo_ros2_ws/install/aubo_moveit_config/share/aubo_moveit_config/environment/ament_prefix_path.dsv
-- Installing: /home/mu/IVG/aubo_ros2_ws/install/aubo_moveit_config/share/aubo_moveit_config/environment/path.sh
-- Installing: /home/mu/IVG/aubo_ros2_ws/install/aubo_moveit_config/share/aubo_moveit_config/environment/path.dsv
-- Installing: /home/mu/IVG/aubo_ros2_ws/install/aubo_moveit_config/share/aubo_moveit_config/local_setup.bash
-- Installing: /home/mu/IVG/aubo_ros2_ws/install/aubo_moveit_config/share/aubo_moveit_config/local_setup.sh
-- Installing: /home/mu/IVG/aubo_ros2_ws/install/aubo_moveit_config/share/aubo_moveit_config/local_setup.zsh
-- Installing: /home/mu/IVG/aubo_ros2_ws/install/aubo_moveit_config/share/aubo_moveit_config/local_setup.dsv
-- Installing: /home/mu/IVG/aubo_ros2_ws/install/aubo_moveit_config/share/aubo_moveit_config/package.dsv
-- Installing: /home/mu/IVG/aubo_ros2_ws/install/aubo_moveit_config/share/ament_index/resource_index/packages/aubo_moveit_config
-- Installing: /home/mu/IVG/aubo_ros2_ws/install/aubo_moveit_config/share/aubo_moveit_config/cmake/aubo_moveit_configConfig.cmake
-- Installing: /home/mu/IVG/aubo_ros2_ws/install/aubo_moveit_config/share/aubo_moveit_config/cmake/aubo_moveit_configConfig-version.cmake
-- Installing: /home/mu/IVG/aubo_ros2_ws/install/aubo_moveit_config/share/aubo_moveit_config/package.xml
-- Installing: /home/mu/IVG/aubo_ros2_ws/install/aubo_moveit_config/share/aubo_moveit_config/launch
-- Installing: /home/mu/IVG/aubo_ros2_ws/install/aubo_moveit_config/share/aubo_moveit_config/launch/spawn_controllers.launch.py
-- Installing: /home/mu/IVG/aubo_ros2_ws/install/aubo_moveit_config/share/aubo_moveit_config/launch/moveit_rviz.launch.py
-- Installing: /home/mu/IVG/aubo_ros2_ws/install/aubo_moveit_config/share/aubo_moveit_config/launch/aubo_moveit.launch.py
-- Installing: /home/mu/IVG/aubo_ros2_ws/install/aubo_moveit_config/share/aubo_moveit_config/launch/demo.launch.py
-- Installing: /home/mu/IVG/aubo_ros2_ws/install/aubo_moveit_config/share/aubo_moveit_config/launch/setup_assistant.launch.py
-- Installing: /home/mu/IVG/aubo_ros2_ws/install/aubo_moveit_config/share/aubo_moveit_config/launch/warehouse_db.launch.py
-- Installing: /home/mu/IVG/aubo_ros2_ws/install/aubo_moveit_config/share/aubo_moveit_config/launch/rsp.launch.py
-- Installing: /home/mu/IVG/aubo_ros2_ws/install/aubo_moveit_config/share/aubo_moveit_config/launch/gazebo.launch.py
-- Installing: /home/mu/IVG/aubo_ros2_ws/install/aubo_moveit_config/share/aubo_moveit_config/launch/static_virtual_joint_tfs.launch.py
-- Installing: /home/mu/IVG/aubo_ros2_ws/install/aubo_moveit_config/share/aubo_moveit_config/launch/move_group.launch.py
-- Installing: /home/mu/IVG/aubo_ros2_ws/install/aubo_moveit_config/share/aubo_moveit_config/config
-- Installing: /home/mu/IVG/aubo_ros2_ws/install/aubo_moveit_config/share/aubo_moveit_config/config/moveit.rviz
-- Installing: /home/mu/IVG/aubo_ros2_ws/install/aubo_moveit_config/share/aubo_moveit_config/config/aubo_i5.srdf.xacro
-- Installing: /home/mu/IVG/aubo_ros2_ws/install/aubo_moveit_config/share/aubo_moveit_config/config/aubo_i5_macro.srdf.xacro
-- Installing: /home/mu/IVG/aubo_ros2_ws/install/aubo_moveit_config/share/aubo_moveit_config/config/moveit_controllers.yaml
-- Installing: /home/mu/IVG/aubo_ros2_ws/install/aubo_moveit_config/share/aubo_moveit_config/config/aubo_i5.srdf
-- Installing: /home/mu/IVG/aubo_ros2_ws/install/aubo_moveit_config/share/aubo_moveit_config/config/ompl_planning.yaml
-- Installing: /home/mu/IVG/aubo_ros2_ws/install/aubo_moveit_config/share/aubo_moveit_config/config/kinematics.yaml
-- Installing: /home/mu/IVG/aubo_ros2_ws/install/aubo_moveit_config/share/aubo_moveit_config/config/view_robot.rviz
-- Installing: /home/mu/IVG/aubo_ros2_ws/install/aubo_moveit_config/share/aubo_moveit_config/config/pilz_cartesian_limits.yaml
-- Installing: /home/mu/IVG/aubo_ros2_ws/install/aubo_moveit_config/share/aubo_moveit_config/config/joint_limits.yaml
-- Installing: /home/mu/IVG/aubo_ros2_ws/install/aubo_moveit_config/share/aubo_moveit_config/.setup_assistant
