[0.006s] Invoking command in '/home/mu/IVG/aubo_ros2_ws/build/aubo_moveit_config': CMAKE_PREFIX_PATH=/home/mu/IVG/aubo_ros2_ws/install/aubo_description:/home/mu/IVG/aubo_ros2_ws/install/aubo_msgs:/home/mu/IVG/aubo_ros2_ws/install/aubo_moveit_config:/home/mu/IVG/aubo_ros2_ws/install/aubo_dashboard_msgs:/opt/ros/foxy /usr/bin/cmake /home/mu/IVG/aubo_ros2_ws/src/aubo_ros2_driver/aubo_moveit_config -DCMAKE_INSTALL_PREFIX=/home/mu/IVG/aubo_ros2_ws/install/aubo_moveit_config
[0.039s] -- The C compiler identification is GNU 9.4.0
[0.071s] -- The CXX compiler identification is GNU 9.4.0
[0.075s] -- Check for working C compiler: /usr/bin/cc
[0.117s] -- Check for working C compiler: /usr/bin/cc -- works
[0.117s] -- Detecting C compiler ABI info
[0.160s] -- Detecting C compiler ABI info - done
[0.167s] -- Detecting C compile features
[0.167s] -- Detecting C compile features - done
[0.169s] -- Check for working CXX compiler: /usr/bin/c++
[0.216s] -- Check for working CXX compiler: /usr/bin/c++ -- works
[0.216s] -- Detecting CXX compiler ABI info
[0.264s] -- Detecting CXX compiler ABI info - done
[0.273s] -- Detecting CXX compile features
[0.273s] -- Detecting CXX compile features - done
[0.275s] -- Found ament_cmake: 0.9.12 (/opt/ros/foxy/share/ament_cmake/cmake)
[0.290s] -- Found PythonInterp: /usr/bin/python3 (found suitable version "3.8.10", minimum required is "3") 
[0.290s] -- Using PYTHON_EXECUTABLE: /usr/bin/python3
[0.431s] -- Configuring done
[0.432s] -- Generating done
[0.433s] -- Build files have been written to: /home/mu/IVG/aubo_ros2_ws/build/aubo_moveit_config
[0.442s] Invoked command in '/home/mu/IVG/aubo_ros2_ws/build/aubo_moveit_config' returned '0': CMAKE_PREFIX_PATH=/home/mu/IVG/aubo_ros2_ws/install/aubo_description:/home/mu/IVG/aubo_ros2_ws/install/aubo_msgs:/home/mu/IVG/aubo_ros2_ws/install/aubo_moveit_config:/home/mu/IVG/aubo_ros2_ws/install/aubo_dashboard_msgs:/opt/ros/foxy /usr/bin/cmake /home/mu/IVG/aubo_ros2_ws/src/aubo_ros2_driver/aubo_moveit_config -DCMAKE_INSTALL_PREFIX=/home/mu/IVG/aubo_ros2_ws/install/aubo_moveit_config
[0.442s] Invoking command in '/home/mu/IVG/aubo_ros2_ws/build/aubo_moveit_config': CMAKE_PREFIX_PATH=/home/mu/IVG/aubo_ros2_ws/install/aubo_description:/home/mu/IVG/aubo_ros2_ws/install/aubo_msgs:/home/mu/IVG/aubo_ros2_ws/install/aubo_moveit_config:/home/mu/IVG/aubo_ros2_ws/install/aubo_dashboard_msgs:/opt/ros/foxy /usr/bin/cmake --build /home/mu/IVG/aubo_ros2_ws/build/aubo_moveit_config -- -j32 -l32
[0.465s] Invoked command in '/home/mu/IVG/aubo_ros2_ws/build/aubo_moveit_config' returned '0': CMAKE_PREFIX_PATH=/home/mu/IVG/aubo_ros2_ws/install/aubo_description:/home/mu/IVG/aubo_ros2_ws/install/aubo_msgs:/home/mu/IVG/aubo_ros2_ws/install/aubo_moveit_config:/home/mu/IVG/aubo_ros2_ws/install/aubo_dashboard_msgs:/opt/ros/foxy /usr/bin/cmake --build /home/mu/IVG/aubo_ros2_ws/build/aubo_moveit_config -- -j32 -l32
[0.467s] Invoking command in '/home/mu/IVG/aubo_ros2_ws/build/aubo_moveit_config': CMAKE_PREFIX_PATH=/home/mu/IVG/aubo_ros2_ws/install/aubo_description:/home/mu/IVG/aubo_ros2_ws/install/aubo_msgs:/home/mu/IVG/aubo_ros2_ws/install/aubo_moveit_config:/home/mu/IVG/aubo_ros2_ws/install/aubo_dashboard_msgs:/opt/ros/foxy /usr/bin/cmake --install /home/mu/IVG/aubo_ros2_ws/build/aubo_moveit_config
[0.471s] -- Install configuration: ""
[0.472s] -- Installing: /home/mu/IVG/aubo_ros2_ws/install/aubo_moveit_config/share/ament_index/resource_index/package_run_dependencies/aubo_moveit_config
[0.472s] -- Installing: /home/mu/IVG/aubo_ros2_ws/install/aubo_moveit_config/share/ament_index/resource_index/parent_prefix_path/aubo_moveit_config
[0.472s] -- Installing: /home/mu/IVG/aubo_ros2_ws/install/aubo_moveit_config/share/aubo_moveit_config/environment/ament_prefix_path.sh
[0.472s] -- Installing: /home/mu/IVG/aubo_ros2_ws/install/aubo_moveit_config/share/aubo_moveit_config/environment/ament_prefix_path.dsv
[0.472s] -- Installing: /home/mu/IVG/aubo_ros2_ws/install/aubo_moveit_config/share/aubo_moveit_config/environment/path.sh
[0.472s] -- Installing: /home/mu/IVG/aubo_ros2_ws/install/aubo_moveit_config/share/aubo_moveit_config/environment/path.dsv
[0.472s] -- Installing: /home/mu/IVG/aubo_ros2_ws/install/aubo_moveit_config/share/aubo_moveit_config/local_setup.bash
[0.472s] -- Installing: /home/mu/IVG/aubo_ros2_ws/install/aubo_moveit_config/share/aubo_moveit_config/local_setup.sh
[0.472s] -- Installing: /home/mu/IVG/aubo_ros2_ws/install/aubo_moveit_config/share/aubo_moveit_config/local_setup.zsh
[0.472s] -- Installing: /home/mu/IVG/aubo_ros2_ws/install/aubo_moveit_config/share/aubo_moveit_config/local_setup.dsv
[0.472s] -- Installing: /home/mu/IVG/aubo_ros2_ws/install/aubo_moveit_config/share/aubo_moveit_config/package.dsv
[0.472s] -- Installing: /home/mu/IVG/aubo_ros2_ws/install/aubo_moveit_config/share/ament_index/resource_index/packages/aubo_moveit_config
[0.473s] -- Installing: /home/mu/IVG/aubo_ros2_ws/install/aubo_moveit_config/share/aubo_moveit_config/cmake/aubo_moveit_configConfig.cmake
[0.473s] -- Installing: /home/mu/IVG/aubo_ros2_ws/install/aubo_moveit_config/share/aubo_moveit_config/cmake/aubo_moveit_configConfig-version.cmake
[0.473s] -- Installing: /home/mu/IVG/aubo_ros2_ws/install/aubo_moveit_config/share/aubo_moveit_config/package.xml
[0.473s] -- Installing: /home/mu/IVG/aubo_ros2_ws/install/aubo_moveit_config/share/aubo_moveit_config/launch
[0.473s] -- Installing: /home/mu/IVG/aubo_ros2_ws/install/aubo_moveit_config/share/aubo_moveit_config/launch/spawn_controllers.launch.py
[0.473s] -- Installing: /home/mu/IVG/aubo_ros2_ws/install/aubo_moveit_config/share/aubo_moveit_config/launch/moveit_rviz.launch.py
[0.473s] -- Installing: /home/mu/IVG/aubo_ros2_ws/install/aubo_moveit_config/share/aubo_moveit_config/launch/aubo_moveit.launch.py
[0.473s] -- Installing: /home/mu/IVG/aubo_ros2_ws/install/aubo_moveit_config/share/aubo_moveit_config/launch/demo.launch.py
[0.473s] -- Installing: /home/mu/IVG/aubo_ros2_ws/install/aubo_moveit_config/share/aubo_moveit_config/launch/setup_assistant.launch.py
[0.473s] -- Installing: /home/mu/IVG/aubo_ros2_ws/install/aubo_moveit_config/share/aubo_moveit_config/launch/warehouse_db.launch.py
[0.473s] -- Installing: /home/mu/IVG/aubo_ros2_ws/install/aubo_moveit_config/share/aubo_moveit_config/launch/rsp.launch.py
[0.473s] -- Installing: /home/mu/IVG/aubo_ros2_ws/install/aubo_moveit_config/share/aubo_moveit_config/launch/gazebo.launch.py
[0.473s] -- Installing: /home/mu/IVG/aubo_ros2_ws/install/aubo_moveit_config/share/aubo_moveit_config/launch/static_virtual_joint_tfs.launch.py
[0.474s] -- Installing: /home/mu/IVG/aubo_ros2_ws/install/aubo_moveit_config/share/aubo_moveit_config/launch/move_group.launch.py
[0.474s] -- Installing: /home/mu/IVG/aubo_ros2_ws/install/aubo_moveit_config/share/aubo_moveit_config/config
[0.474s] -- Installing: /home/mu/IVG/aubo_ros2_ws/install/aubo_moveit_config/share/aubo_moveit_config/config/moveit.rviz
[0.474s] -- Installing: /home/mu/IVG/aubo_ros2_ws/install/aubo_moveit_config/share/aubo_moveit_config/config/aubo_i5.srdf.xacro
[0.474s] -- Installing: /home/mu/IVG/aubo_ros2_ws/install/aubo_moveit_config/share/aubo_moveit_config/config/aubo_i5_macro.srdf.xacro
[0.474s] -- Installing: /home/mu/IVG/aubo_ros2_ws/install/aubo_moveit_config/share/aubo_moveit_config/config/moveit_controllers.yaml
[0.474s] -- Installing: /home/mu/IVG/aubo_ros2_ws/install/aubo_moveit_config/share/aubo_moveit_config/config/aubo_i5.srdf
[0.474s] -- Installing: /home/mu/IVG/aubo_ros2_ws/install/aubo_moveit_config/share/aubo_moveit_config/config/ompl_planning.yaml
[0.474s] -- Installing: /home/mu/IVG/aubo_ros2_ws/install/aubo_moveit_config/share/aubo_moveit_config/config/kinematics.yaml
[0.474s] -- Installing: /home/mu/IVG/aubo_ros2_ws/install/aubo_moveit_config/share/aubo_moveit_config/config/view_robot.rviz
[0.474s] -- Installing: /home/mu/IVG/aubo_ros2_ws/install/aubo_moveit_config/share/aubo_moveit_config/config/pilz_cartesian_limits.yaml
[0.474s] -- Installing: /home/mu/IVG/aubo_ros2_ws/install/aubo_moveit_config/share/aubo_moveit_config/config/joint_limits.yaml
[0.474s] -- Installing: /home/mu/IVG/aubo_ros2_ws/install/aubo_moveit_config/share/aubo_moveit_config/.setup_assistant
[0.476s] Invoked command in '/home/mu/IVG/aubo_ros2_ws/build/aubo_moveit_config' returned '0': CMAKE_PREFIX_PATH=/home/mu/IVG/aubo_ros2_ws/install/aubo_description:/home/mu/IVG/aubo_ros2_ws/install/aubo_msgs:/home/mu/IVG/aubo_ros2_ws/install/aubo_moveit_config:/home/mu/IVG/aubo_ros2_ws/install/aubo_dashboard_msgs:/opt/ros/foxy /usr/bin/cmake --install /home/mu/IVG/aubo_ros2_ws/build/aubo_moveit_config
