[0.014s] Invoking command in '/home/mu/IVG/aubo_ros2_ws/build/percipio_camera': CMAKE_PREFIX_PATH=/opt/ros/foxy /usr/bin/cmake /home/mu/IVG/aubo_ros2_ws/src/camport_ros2/src/percipio_camera -DCMAKE_BUILD_TYPE=Release -DCMAKE_INSTALL_PREFIX=/home/mu/IVG/aubo_ros2_ws/install/percipio_camera
[0.020s] -- Found ament_cmake: 0.9.12 (/opt/ros/foxy/share/ament_cmake/cmake)
[0.031s] -- Using PYTHON_EXECUTABLE: /usr/bin/python3
[0.220s] -- Found ament_index_cpp: 1.1.0 (/opt/ros/foxy/share/ament_index_cpp/cmake)
[0.220s] -- Found builtin_interfaces: 1.0.0 (/opt/ros/foxy/share/builtin_interfaces/cmake)
[0.220s] -- Using all available rosidl_typesupport_c: rosidl_typesupport_fastrtps_c;rosidl_typesupport_introspection_c
[0.220s] -- Found rosidl_adapter: 1.3.1 (/opt/ros/foxy/share/rosidl_adapter/cmake)
[0.255s] -- Using all available rosidl_typesupport_cpp: rosidl_typesupport_fastrtps_cpp;rosidl_typesupport_introspection_cpp
[0.255s] -- Found cv_bridge: 3.0.7 (/opt/ros/foxy/share/cv_bridge/cmake)
[0.321s] -- Found camera_info_manager: 2.4.0 (/opt/ros/foxy/share/camera_info_manager/cmake)
[0.342s] -- Found rmw_implementation_cmake: 1.0.4 (/opt/ros/foxy/share/rmw_implementation_cmake/cmake)
[0.343s] -- Using RMW implementation 'rmw_fastrtps_cpp' as default
[0.425s] -- Setting yaml-cpp_DIR to: '/opt/ros/foxy/share/yaml_cpp_vendor/cmake/../../../opt/yaml_cpp_vendor/lib/cmake/yaml-cpp'
[0.465s] -- Found image_transport: 2.4.0 (/opt/ros/foxy/share/image_transport/cmake)
[0.485s] -- Found image_publisher: 2.3.0 (/opt/ros/foxy/share/image_publisher/cmake)
[0.555s] -- Found std_srvs: 2.0.5 (/opt/ros/foxy/share/std_srvs/cmake)
[0.559s] -- Found tf2: 0.13.14 (/opt/ros/foxy/share/tf2/cmake)
[0.564s] -- Found tf2_eigen: 0.13.14 (/opt/ros/foxy/share/tf2_eigen/cmake)
[0.707s] -- Found tf2_sensor_msgs: 0.13.14 (/opt/ros/foxy/share/tf2_sensor_msgs/cmake)
[0.721s] CMake Error at CMakeLists.txt:41 (find_package):
[0.721s]   By not providing "Finddiagnostic_updater.cmake" in CMAKE_MODULE_PATH this
[0.721s]   project has asked CMake to find a package configuration file provided by
[0.721s]   "diagnostic_updater", but CMake did not find one.
[0.721s] 
[0.721s]   Could not find a package configuration file provided by
[0.721s]   "diagnostic_updater" with any of the following names:
[0.721s] 
[0.722s]     diagnostic_updaterConfig.cmake
[0.722s]     diagnostic_updater-config.cmake
[0.722s] 
[0.722s]   Add the installation prefix of "diagnostic_updater" to CMAKE_PREFIX_PATH or
[0.722s]   set "diagnostic_updater_DIR" to a directory containing one of the above
[0.722s]   files.  If "diagnostic_updater" provides a separate development package or
[0.722s]   SDK, be sure it has been installed.
[0.722s] 
[0.722s] 
[0.722s] -- Configuring incomplete, errors occurred!
[0.722s] See also "/home/mu/IVG/aubo_ros2_ws/build/percipio_camera/CMakeFiles/CMakeOutput.log".
[0.722s] See also "/home/mu/IVG/aubo_ros2_ws/build/percipio_camera/CMakeFiles/CMakeError.log".
[0.727s] Invoked command in '/home/mu/IVG/aubo_ros2_ws/build/percipio_camera' returned '1': CMAKE_PREFIX_PATH=/opt/ros/foxy /usr/bin/cmake /home/mu/IVG/aubo_ros2_ws/src/camport_ros2/src/percipio_camera -DCMAKE_BUILD_TYPE=Release -DCMAKE_INSTALL_PREFIX=/home/mu/IVG/aubo_ros2_ws/install/percipio_camera
