[0.102s] DEBUG:colcon:Command line arguments: ['/usr/bin/colcon', 'build', '--event-handlers', 'console_direct+', '--cmake-args', '-DCMAKE_BUILD_TYPE=Release']
[0.103s] DEBUG:colcon:Parsed command line arguments: Namespace(allow_overriding=[], ament_cmake_args=None, base_paths=['.'], build_base='build', catkin_cmake_args=None, catkin_skip_building_tests=False, cmake_args=['-DCMAKE_BUILD_TYPE=Release'], cmake_clean_cache=False, cmake_clean_first=False, cmake_force_configure=False, cmake_target=None, cmake_target_skip_unavailable=False, continue_on_error=False, event_handlers=['console_direct+'], executor='parallel', ignore_user_meta=False, install_base='install', log_base=None, log_level=None, main=<bound method BuildVerb.main of <colcon_core.verb.build.BuildVerb object at 0x7fb730c87d90>>, merge_install=False, metas=['./colcon.meta'], mixin=None, mixin_files=None, mixin_verb=('build',), packages_above=None, packages_above_and_dependencies=None, packages_above_depth=None, packages_end=None, packages_ignore=None, packages_ignore_regex=None, packages_select=None, packages_select_build_failed=False, packages_select_by_dep=None, packages_select_regex=None, packages_select_test_failures=False, packages_skip=None, packages_skip_build_finished=False, packages_skip_by_dep=None, packages_skip_regex=None, packages_skip_test_passed=False, packages_skip_up_to=None, packages_start=None, packages_up_to=None, packages_up_to_regex=None, parallel_workers=32, paths=None, symlink_install=False, test_result_base=None, verb_extension=<colcon_core.verb.build.BuildVerb object at 0x7fb730c87d90>, verb_name='build', verb_parser=<colcon_mixin.mixin.mixin_argument.MixinArgumentDecorator object at 0x7fb730c953a0>)
[0.168s] Level 1:colcon.colcon_core.package_discovery:discover_packages(colcon_meta) check parameters
[0.169s] Level 1:colcon.colcon_core.package_discovery:discover_packages(recursive) check parameters
[0.169s] Level 1:colcon.colcon_core.package_discovery:discover_packages(ignore) check parameters
[0.169s] Level 1:colcon.colcon_core.package_discovery:discover_packages(path) check parameters
[0.169s] Level 1:colcon.colcon_core.package_discovery:discover_packages(colcon_meta) discover
[0.169s] Level 1:colcon.colcon_core.package_discovery:discover_packages(recursive) discover
[0.169s] INFO:colcon.colcon_core.package_discovery:Crawling recursively for packages in '/home/mu/IVG/aubo_ros2_ws'
[0.169s] Level 1:colcon.colcon_core.package_identification:_identify(.) by extensions ['ignore', 'ignore_ament_install']
[0.169s] Level 1:colcon.colcon_core.package_identification:_identify(.) by extension 'ignore'
[0.169s] Level 1:colcon.colcon_core.package_identification:_identify(.) by extension 'ignore_ament_install'
[0.169s] Level 1:colcon.colcon_core.package_identification:_identify(.) by extensions ['colcon_pkg']
[0.169s] Level 1:colcon.colcon_core.package_identification:_identify(.) by extension 'colcon_pkg'
[0.169s] Level 1:colcon.colcon_core.package_identification:_identify(.) by extensions ['colcon_meta']
[0.169s] Level 1:colcon.colcon_core.package_identification:_identify(.) by extension 'colcon_meta'
[0.169s] Level 1:colcon.colcon_core.package_identification:_identify(.) by extensions ['ros']
[0.169s] Level 1:colcon.colcon_core.package_identification:_identify(.) by extension 'ros'
[0.174s] Level 1:colcon.colcon_core.package_identification:_identify(.) by extensions ['cmake', 'python']
[0.174s] Level 1:colcon.colcon_core.package_identification:_identify(.) by extension 'cmake'
[0.174s] Level 1:colcon.colcon_core.package_identification:_identify(.) by extension 'python'
[0.174s] Level 1:colcon.colcon_core.package_identification:_identify(.) by extensions ['python_setup_py']
[0.174s] Level 1:colcon.colcon_core.package_identification:_identify(.) by extension 'python_setup_py'
[0.174s] Level 1:colcon.colcon_core.package_identification:_identify(build) by extensions ['ignore', 'ignore_ament_install']
[0.174s] Level 1:colcon.colcon_core.package_identification:_identify(build) by extension 'ignore'
[0.174s] Level 1:colcon.colcon_core.package_identification:_identify(build) ignored
[0.174s] Level 1:colcon.colcon_core.package_identification:_identify(install) by extensions ['ignore', 'ignore_ament_install']
[0.174s] Level 1:colcon.colcon_core.package_identification:_identify(install) by extension 'ignore'
[0.174s] Level 1:colcon.colcon_core.package_identification:_identify(install) ignored
[0.174s] Level 1:colcon.colcon_core.package_identification:_identify(log) by extensions ['ignore', 'ignore_ament_install']
[0.174s] Level 1:colcon.colcon_core.package_identification:_identify(log) by extension 'ignore'
[0.174s] Level 1:colcon.colcon_core.package_identification:_identify(log) ignored
[0.174s] Level 1:colcon.colcon_core.package_identification:_identify(src) by extensions ['ignore', 'ignore_ament_install']
[0.174s] Level 1:colcon.colcon_core.package_identification:_identify(src) by extension 'ignore'
[0.174s] Level 1:colcon.colcon_core.package_identification:_identify(src) by extension 'ignore_ament_install'
[0.174s] Level 1:colcon.colcon_core.package_identification:_identify(src) by extensions ['colcon_pkg']
[0.174s] Level 1:colcon.colcon_core.package_identification:_identify(src) by extension 'colcon_pkg'
[0.174s] Level 1:colcon.colcon_core.package_identification:_identify(src) by extensions ['colcon_meta']
[0.174s] Level 1:colcon.colcon_core.package_identification:_identify(src) by extension 'colcon_meta'
[0.174s] Level 1:colcon.colcon_core.package_identification:_identify(src) by extensions ['ros']
[0.174s] Level 1:colcon.colcon_core.package_identification:_identify(src) by extension 'ros'
[0.174s] Level 1:colcon.colcon_core.package_identification:_identify(src) by extensions ['cmake', 'python']
[0.174s] Level 1:colcon.colcon_core.package_identification:_identify(src) by extension 'cmake'
[0.174s] Level 1:colcon.colcon_core.package_identification:_identify(src) by extension 'python'
[0.174s] Level 1:colcon.colcon_core.package_identification:_identify(src) by extensions ['python_setup_py']
[0.174s] Level 1:colcon.colcon_core.package_identification:_identify(src) by extension 'python_setup_py'
[0.174s] Level 1:colcon.colcon_core.package_identification:_identify(src/aubo_ros2_driver) by extensions ['ignore', 'ignore_ament_install']
[0.174s] Level 1:colcon.colcon_core.package_identification:_identify(src/aubo_ros2_driver) by extension 'ignore'
[0.174s] Level 1:colcon.colcon_core.package_identification:_identify(src/aubo_ros2_driver) by extension 'ignore_ament_install'
[0.174s] Level 1:colcon.colcon_core.package_identification:_identify(src/aubo_ros2_driver) by extensions ['colcon_pkg']
[0.174s] Level 1:colcon.colcon_core.package_identification:_identify(src/aubo_ros2_driver) by extension 'colcon_pkg'
[0.174s] Level 1:colcon.colcon_core.package_identification:_identify(src/aubo_ros2_driver) by extensions ['colcon_meta']
[0.174s] Level 1:colcon.colcon_core.package_identification:_identify(src/aubo_ros2_driver) by extension 'colcon_meta'
[0.174s] Level 1:colcon.colcon_core.package_identification:_identify(src/aubo_ros2_driver) by extensions ['ros']
[0.174s] Level 1:colcon.colcon_core.package_identification:_identify(src/aubo_ros2_driver) by extension 'ros'
[0.174s] Level 1:colcon.colcon_core.package_identification:_identify(src/aubo_ros2_driver) by extensions ['cmake', 'python']
[0.174s] Level 1:colcon.colcon_core.package_identification:_identify(src/aubo_ros2_driver) by extension 'cmake'
[0.174s] Level 1:colcon.colcon_core.package_identification:_identify(src/aubo_ros2_driver) by extension 'python'
[0.174s] Level 1:colcon.colcon_core.package_identification:_identify(src/aubo_ros2_driver) by extensions ['python_setup_py']
[0.175s] Level 1:colcon.colcon_core.package_identification:_identify(src/aubo_ros2_driver) by extension 'python_setup_py'
[0.175s] Level 1:colcon.colcon_core.package_identification:_identify(src/aubo_ros2_driver/aubo_dashboard_msgs) by extensions ['ignore', 'ignore_ament_install']
[0.175s] Level 1:colcon.colcon_core.package_identification:_identify(src/aubo_ros2_driver/aubo_dashboard_msgs) by extension 'ignore'
[0.175s] Level 1:colcon.colcon_core.package_identification:_identify(src/aubo_ros2_driver/aubo_dashboard_msgs) by extension 'ignore_ament_install'
[0.175s] Level 1:colcon.colcon_core.package_identification:_identify(src/aubo_ros2_driver/aubo_dashboard_msgs) by extensions ['colcon_pkg']
[0.175s] Level 1:colcon.colcon_core.package_identification:_identify(src/aubo_ros2_driver/aubo_dashboard_msgs) by extension 'colcon_pkg'
[0.175s] Level 1:colcon.colcon_core.package_identification:_identify(src/aubo_ros2_driver/aubo_dashboard_msgs) by extensions ['colcon_meta']
[0.175s] Level 1:colcon.colcon_core.package_identification:_identify(src/aubo_ros2_driver/aubo_dashboard_msgs) by extension 'colcon_meta'
[0.175s] Level 1:colcon.colcon_core.package_identification:_identify(src/aubo_ros2_driver/aubo_dashboard_msgs) by extensions ['ros']
[0.175s] Level 1:colcon.colcon_core.package_identification:_identify(src/aubo_ros2_driver/aubo_dashboard_msgs) by extension 'ros'
[0.176s] DEBUG:colcon.colcon_core.package_identification:Package 'src/aubo_ros2_driver/aubo_dashboard_msgs' with type 'ros.ament_cmake' and name 'aubo_dashboard_msgs'
[0.176s] Level 1:colcon.colcon_core.package_identification:_identify(src/aubo_ros2_driver/aubo_description) by extensions ['ignore', 'ignore_ament_install']
[0.176s] Level 1:colcon.colcon_core.package_identification:_identify(src/aubo_ros2_driver/aubo_description) by extension 'ignore'
[0.176s] Level 1:colcon.colcon_core.package_identification:_identify(src/aubo_ros2_driver/aubo_description) by extension 'ignore_ament_install'
[0.176s] Level 1:colcon.colcon_core.package_identification:_identify(src/aubo_ros2_driver/aubo_description) by extensions ['colcon_pkg']
[0.176s] Level 1:colcon.colcon_core.package_identification:_identify(src/aubo_ros2_driver/aubo_description) by extension 'colcon_pkg'
[0.176s] Level 1:colcon.colcon_core.package_identification:_identify(src/aubo_ros2_driver/aubo_description) by extensions ['colcon_meta']
[0.176s] Level 1:colcon.colcon_core.package_identification:_identify(src/aubo_ros2_driver/aubo_description) by extension 'colcon_meta'
[0.176s] Level 1:colcon.colcon_core.package_identification:_identify(src/aubo_ros2_driver/aubo_description) by extensions ['ros']
[0.176s] Level 1:colcon.colcon_core.package_identification:_identify(src/aubo_ros2_driver/aubo_description) by extension 'ros'
[0.178s] DEBUG:colcon.colcon_core.package_identification:Package 'src/aubo_ros2_driver/aubo_description' with type 'ros.ament_cmake' and name 'aubo_description'
[0.178s] Level 1:colcon.colcon_core.package_identification:_identify(src/aubo_ros2_driver/aubo_moveit_config) by extensions ['ignore', 'ignore_ament_install']
[0.178s] Level 1:colcon.colcon_core.package_identification:_identify(src/aubo_ros2_driver/aubo_moveit_config) by extension 'ignore'
[0.178s] Level 1:colcon.colcon_core.package_identification:_identify(src/aubo_ros2_driver/aubo_moveit_config) by extension 'ignore_ament_install'
[0.178s] Level 1:colcon.colcon_core.package_identification:_identify(src/aubo_ros2_driver/aubo_moveit_config) by extensions ['colcon_pkg']
[0.178s] Level 1:colcon.colcon_core.package_identification:_identify(src/aubo_ros2_driver/aubo_moveit_config) by extension 'colcon_pkg'
[0.178s] Level 1:colcon.colcon_core.package_identification:_identify(src/aubo_ros2_driver/aubo_moveit_config) by extensions ['colcon_meta']
[0.178s] Level 1:colcon.colcon_core.package_identification:_identify(src/aubo_ros2_driver/aubo_moveit_config) by extension 'colcon_meta'
[0.178s] Level 1:colcon.colcon_core.package_identification:_identify(src/aubo_ros2_driver/aubo_moveit_config) by extensions ['ros']
[0.178s] Level 1:colcon.colcon_core.package_identification:_identify(src/aubo_ros2_driver/aubo_moveit_config) by extension 'ros'
[0.182s] DEBUG:colcon.colcon_core.package_identification:Package 'src/aubo_ros2_driver/aubo_moveit_config' with type 'ros.ament_cmake' and name 'aubo_moveit_config'
[0.182s] Level 1:colcon.colcon_core.package_identification:_identify(src/aubo_ros2_driver/aubo_msgs) by extensions ['ignore', 'ignore_ament_install']
[0.182s] Level 1:colcon.colcon_core.package_identification:_identify(src/aubo_ros2_driver/aubo_msgs) by extension 'ignore'
[0.182s] Level 1:colcon.colcon_core.package_identification:_identify(src/aubo_ros2_driver/aubo_msgs) by extension 'ignore_ament_install'
[0.182s] Level 1:colcon.colcon_core.package_identification:_identify(src/aubo_ros2_driver/aubo_msgs) by extensions ['colcon_pkg']
[0.182s] Level 1:colcon.colcon_core.package_identification:_identify(src/aubo_ros2_driver/aubo_msgs) by extension 'colcon_pkg'
[0.182s] Level 1:colcon.colcon_core.package_identification:_identify(src/aubo_ros2_driver/aubo_msgs) by extensions ['colcon_meta']
[0.182s] Level 1:colcon.colcon_core.package_identification:_identify(src/aubo_ros2_driver/aubo_msgs) by extension 'colcon_meta'
[0.182s] Level 1:colcon.colcon_core.package_identification:_identify(src/aubo_ros2_driver/aubo_msgs) by extensions ['ros']
[0.182s] Level 1:colcon.colcon_core.package_identification:_identify(src/aubo_ros2_driver/aubo_msgs) by extension 'ros'
[0.183s] DEBUG:colcon.colcon_core.package_identification:Package 'src/aubo_ros2_driver/aubo_msgs' with type 'ros.ament_cmake' and name 'aubo_msgs'
[0.183s] Level 1:colcon.colcon_core.package_identification:_identify(src/camport_ros2) by extensions ['ignore', 'ignore_ament_install']
[0.183s] Level 1:colcon.colcon_core.package_identification:_identify(src/camport_ros2) by extension 'ignore'
[0.183s] Level 1:colcon.colcon_core.package_identification:_identify(src/camport_ros2) by extension 'ignore_ament_install'
[0.183s] Level 1:colcon.colcon_core.package_identification:_identify(src/camport_ros2) by extensions ['colcon_pkg']
[0.183s] Level 1:colcon.colcon_core.package_identification:_identify(src/camport_ros2) by extension 'colcon_pkg'
[0.183s] Level 1:colcon.colcon_core.package_identification:_identify(src/camport_ros2) by extensions ['colcon_meta']
[0.183s] Level 1:colcon.colcon_core.package_identification:_identify(src/camport_ros2) by extension 'colcon_meta'
[0.183s] Level 1:colcon.colcon_core.package_identification:_identify(src/camport_ros2) by extensions ['ros']
[0.183s] Level 1:colcon.colcon_core.package_identification:_identify(src/camport_ros2) by extension 'ros'
[0.183s] Level 1:colcon.colcon_core.package_identification:_identify(src/camport_ros2) by extensions ['cmake', 'python']
[0.183s] Level 1:colcon.colcon_core.package_identification:_identify(src/camport_ros2) by extension 'cmake'
[0.183s] Level 1:colcon.colcon_core.package_identification:_identify(src/camport_ros2) by extension 'python'
[0.183s] Level 1:colcon.colcon_core.package_identification:_identify(src/camport_ros2) by extensions ['python_setup_py']
[0.183s] Level 1:colcon.colcon_core.package_identification:_identify(src/camport_ros2) by extension 'python_setup_py'
[0.183s] Level 1:colcon.colcon_core.package_identification:_identify(src/camport_ros2/src) by extensions ['ignore', 'ignore_ament_install']
[0.183s] Level 1:colcon.colcon_core.package_identification:_identify(src/camport_ros2/src) by extension 'ignore'
[0.183s] Level 1:colcon.colcon_core.package_identification:_identify(src/camport_ros2/src) by extension 'ignore_ament_install'
[0.183s] Level 1:colcon.colcon_core.package_identification:_identify(src/camport_ros2/src) by extensions ['colcon_pkg']
[0.183s] Level 1:colcon.colcon_core.package_identification:_identify(src/camport_ros2/src) by extension 'colcon_pkg'
[0.183s] Level 1:colcon.colcon_core.package_identification:_identify(src/camport_ros2/src) by extensions ['colcon_meta']
[0.183s] Level 1:colcon.colcon_core.package_identification:_identify(src/camport_ros2/src) by extension 'colcon_meta'
[0.183s] Level 1:colcon.colcon_core.package_identification:_identify(src/camport_ros2/src) by extensions ['ros']
[0.183s] Level 1:colcon.colcon_core.package_identification:_identify(src/camport_ros2/src) by extension 'ros'
[0.183s] Level 1:colcon.colcon_core.package_identification:_identify(src/camport_ros2/src) by extensions ['cmake', 'python']
[0.183s] Level 1:colcon.colcon_core.package_identification:_identify(src/camport_ros2/src) by extension 'cmake'
[0.183s] Level 1:colcon.colcon_core.package_identification:_identify(src/camport_ros2/src) by extension 'python'
[0.183s] Level 1:colcon.colcon_core.package_identification:_identify(src/camport_ros2/src) by extensions ['python_setup_py']
[0.183s] Level 1:colcon.colcon_core.package_identification:_identify(src/camport_ros2/src) by extension 'python_setup_py'
[0.183s] Level 1:colcon.colcon_core.package_identification:_identify(src/camport_ros2/src/percipio_camera) by extensions ['ignore', 'ignore_ament_install']
[0.183s] Level 1:colcon.colcon_core.package_identification:_identify(src/camport_ros2/src/percipio_camera) by extension 'ignore'
[0.183s] Level 1:colcon.colcon_core.package_identification:_identify(src/camport_ros2/src/percipio_camera) by extension 'ignore_ament_install'
[0.183s] Level 1:colcon.colcon_core.package_identification:_identify(src/camport_ros2/src/percipio_camera) by extensions ['colcon_pkg']
[0.183s] Level 1:colcon.colcon_core.package_identification:_identify(src/camport_ros2/src/percipio_camera) by extension 'colcon_pkg'
[0.183s] Level 1:colcon.colcon_core.package_identification:_identify(src/camport_ros2/src/percipio_camera) by extensions ['colcon_meta']
[0.183s] Level 1:colcon.colcon_core.package_identification:_identify(src/camport_ros2/src/percipio_camera) by extension 'colcon_meta'
[0.183s] Level 1:colcon.colcon_core.package_identification:_identify(src/camport_ros2/src/percipio_camera) by extensions ['ros']
[0.183s] Level 1:colcon.colcon_core.package_identification:_identify(src/camport_ros2/src/percipio_camera) by extension 'ros'
[0.184s] DEBUG:colcon.colcon_core.package_identification:Package 'src/camport_ros2/src/percipio_camera' with type 'ros.ament_cmake' and name 'percipio_camera'
[0.184s] Level 1:colcon.colcon_core.package_discovery:discover_packages(recursive) using defaults
[0.184s] Level 1:colcon.colcon_core.package_discovery:discover_packages(ignore) discover
[0.184s] Level 1:colcon.colcon_core.package_discovery:discover_packages(ignore) using defaults
[0.184s] Level 1:colcon.colcon_core.package_discovery:discover_packages(path) discover
[0.184s] Level 1:colcon.colcon_core.package_discovery:discover_packages(path) using defaults
[0.191s] Level 1:colcon.colcon_core.package_discovery:discover_packages(prefix_path) check parameters
[0.191s] Level 1:colcon.colcon_core.package_discovery:discover_packages(prefix_path) discover
[0.192s] DEBUG:colcon.colcon_installed_package_information.package_discovery:Found 308 installed packages in /opt/ros/foxy
[0.193s] Level 1:colcon.colcon_core.package_discovery:discover_packages(prefix_path) using defaults
[0.218s] Level 5:colcon.colcon_core.verb:set package 'aubo_dashboard_msgs' build argument 'cmake_args' from command line to '['-DCMAKE_BUILD_TYPE=Release']'
[0.218s] Level 5:colcon.colcon_core.verb:set package 'aubo_dashboard_msgs' build argument 'cmake_target' from command line to 'None'
[0.218s] Level 5:colcon.colcon_core.verb:set package 'aubo_dashboard_msgs' build argument 'cmake_target_skip_unavailable' from command line to 'False'
[0.218s] Level 5:colcon.colcon_core.verb:set package 'aubo_dashboard_msgs' build argument 'cmake_clean_cache' from command line to 'False'
[0.218s] Level 5:colcon.colcon_core.verb:set package 'aubo_dashboard_msgs' build argument 'cmake_clean_first' from command line to 'False'
[0.218s] Level 5:colcon.colcon_core.verb:set package 'aubo_dashboard_msgs' build argument 'cmake_force_configure' from command line to 'False'
[0.218s] Level 5:colcon.colcon_core.verb:set package 'aubo_dashboard_msgs' build argument 'ament_cmake_args' from command line to 'None'
[0.218s] Level 5:colcon.colcon_core.verb:set package 'aubo_dashboard_msgs' build argument 'catkin_cmake_args' from command line to 'None'
[0.218s] Level 5:colcon.colcon_core.verb:set package 'aubo_dashboard_msgs' build argument 'catkin_skip_building_tests' from command line to 'False'
[0.218s] DEBUG:colcon.colcon_core.verb:Building package 'aubo_dashboard_msgs' with the following arguments: {'ament_cmake_args': None, 'build_base': '/home/mu/IVG/aubo_ros2_ws/build/aubo_dashboard_msgs', 'catkin_cmake_args': None, 'catkin_skip_building_tests': False, 'cmake_args': ['-DCMAKE_BUILD_TYPE=Release'], 'cmake_clean_cache': False, 'cmake_clean_first': False, 'cmake_force_configure': False, 'cmake_target': None, 'cmake_target_skip_unavailable': False, 'install_base': '/home/mu/IVG/aubo_ros2_ws/install/aubo_dashboard_msgs', 'merge_install': False, 'path': '/home/mu/IVG/aubo_ros2_ws/src/aubo_ros2_driver/aubo_dashboard_msgs', 'symlink_install': False, 'test_result_base': None}
[0.218s] Level 5:colcon.colcon_core.verb:set package 'aubo_description' build argument 'cmake_args' from command line to '['-DCMAKE_BUILD_TYPE=Release']'
[0.218s] Level 5:colcon.colcon_core.verb:set package 'aubo_description' build argument 'cmake_target' from command line to 'None'
[0.218s] Level 5:colcon.colcon_core.verb:set package 'aubo_description' build argument 'cmake_target_skip_unavailable' from command line to 'False'
[0.218s] Level 5:colcon.colcon_core.verb:set package 'aubo_description' build argument 'cmake_clean_cache' from command line to 'False'
[0.218s] Level 5:colcon.colcon_core.verb:set package 'aubo_description' build argument 'cmake_clean_first' from command line to 'False'
[0.218s] Level 5:colcon.colcon_core.verb:set package 'aubo_description' build argument 'cmake_force_configure' from command line to 'False'
[0.218s] Level 5:colcon.colcon_core.verb:set package 'aubo_description' build argument 'ament_cmake_args' from command line to 'None'
[0.218s] Level 5:colcon.colcon_core.verb:set package 'aubo_description' build argument 'catkin_cmake_args' from command line to 'None'
[0.218s] Level 5:colcon.colcon_core.verb:set package 'aubo_description' build argument 'catkin_skip_building_tests' from command line to 'False'
[0.218s] DEBUG:colcon.colcon_core.verb:Building package 'aubo_description' with the following arguments: {'ament_cmake_args': None, 'build_base': '/home/mu/IVG/aubo_ros2_ws/build/aubo_description', 'catkin_cmake_args': None, 'catkin_skip_building_tests': False, 'cmake_args': ['-DCMAKE_BUILD_TYPE=Release'], 'cmake_clean_cache': False, 'cmake_clean_first': False, 'cmake_force_configure': False, 'cmake_target': None, 'cmake_target_skip_unavailable': False, 'install_base': '/home/mu/IVG/aubo_ros2_ws/install/aubo_description', 'merge_install': False, 'path': '/home/mu/IVG/aubo_ros2_ws/src/aubo_ros2_driver/aubo_description', 'symlink_install': False, 'test_result_base': None}
[0.218s] Level 5:colcon.colcon_core.verb:set package 'aubo_msgs' build argument 'cmake_args' from command line to '['-DCMAKE_BUILD_TYPE=Release']'
[0.218s] Level 5:colcon.colcon_core.verb:set package 'aubo_msgs' build argument 'cmake_target' from command line to 'None'
[0.218s] Level 5:colcon.colcon_core.verb:set package 'aubo_msgs' build argument 'cmake_target_skip_unavailable' from command line to 'False'
[0.218s] Level 5:colcon.colcon_core.verb:set package 'aubo_msgs' build argument 'cmake_clean_cache' from command line to 'False'
[0.218s] Level 5:colcon.colcon_core.verb:set package 'aubo_msgs' build argument 'cmake_clean_first' from command line to 'False'
[0.218s] Level 5:colcon.colcon_core.verb:set package 'aubo_msgs' build argument 'cmake_force_configure' from command line to 'False'
[0.218s] Level 5:colcon.colcon_core.verb:set package 'aubo_msgs' build argument 'ament_cmake_args' from command line to 'None'
[0.218s] Level 5:colcon.colcon_core.verb:set package 'aubo_msgs' build argument 'catkin_cmake_args' from command line to 'None'
[0.218s] Level 5:colcon.colcon_core.verb:set package 'aubo_msgs' build argument 'catkin_skip_building_tests' from command line to 'False'
[0.218s] DEBUG:colcon.colcon_core.verb:Building package 'aubo_msgs' with the following arguments: {'ament_cmake_args': None, 'build_base': '/home/mu/IVG/aubo_ros2_ws/build/aubo_msgs', 'catkin_cmake_args': None, 'catkin_skip_building_tests': False, 'cmake_args': ['-DCMAKE_BUILD_TYPE=Release'], 'cmake_clean_cache': False, 'cmake_clean_first': False, 'cmake_force_configure': False, 'cmake_target': None, 'cmake_target_skip_unavailable': False, 'install_base': '/home/mu/IVG/aubo_ros2_ws/install/aubo_msgs', 'merge_install': False, 'path': '/home/mu/IVG/aubo_ros2_ws/src/aubo_ros2_driver/aubo_msgs', 'symlink_install': False, 'test_result_base': None}
[0.218s] Level 5:colcon.colcon_core.verb:set package 'percipio_camera' build argument 'cmake_args' from command line to '['-DCMAKE_BUILD_TYPE=Release']'
[0.218s] Level 5:colcon.colcon_core.verb:set package 'percipio_camera' build argument 'cmake_target' from command line to 'None'
[0.218s] Level 5:colcon.colcon_core.verb:set package 'percipio_camera' build argument 'cmake_target_skip_unavailable' from command line to 'False'
[0.218s] Level 5:colcon.colcon_core.verb:set package 'percipio_camera' build argument 'cmake_clean_cache' from command line to 'False'
[0.218s] Level 5:colcon.colcon_core.verb:set package 'percipio_camera' build argument 'cmake_clean_first' from command line to 'False'
[0.218s] Level 5:colcon.colcon_core.verb:set package 'percipio_camera' build argument 'cmake_force_configure' from command line to 'False'
[0.218s] Level 5:colcon.colcon_core.verb:set package 'percipio_camera' build argument 'ament_cmake_args' from command line to 'None'
[0.218s] Level 5:colcon.colcon_core.verb:set package 'percipio_camera' build argument 'catkin_cmake_args' from command line to 'None'
[0.218s] Level 5:colcon.colcon_core.verb:set package 'percipio_camera' build argument 'catkin_skip_building_tests' from command line to 'False'
[0.218s] DEBUG:colcon.colcon_core.verb:Building package 'percipio_camera' with the following arguments: {'ament_cmake_args': None, 'build_base': '/home/mu/IVG/aubo_ros2_ws/build/percipio_camera', 'catkin_cmake_args': None, 'catkin_skip_building_tests': False, 'cmake_args': ['-DCMAKE_BUILD_TYPE=Release'], 'cmake_clean_cache': False, 'cmake_clean_first': False, 'cmake_force_configure': False, 'cmake_target': None, 'cmake_target_skip_unavailable': False, 'install_base': '/home/mu/IVG/aubo_ros2_ws/install/percipio_camera', 'merge_install': False, 'path': '/home/mu/IVG/aubo_ros2_ws/src/camport_ros2/src/percipio_camera', 'symlink_install': False, 'test_result_base': None}
[0.219s] Level 5:colcon.colcon_core.verb:set package 'aubo_moveit_config' build argument 'cmake_args' from command line to '['-DCMAKE_BUILD_TYPE=Release']'
[0.219s] Level 5:colcon.colcon_core.verb:set package 'aubo_moveit_config' build argument 'cmake_target' from command line to 'None'
[0.219s] Level 5:colcon.colcon_core.verb:set package 'aubo_moveit_config' build argument 'cmake_target_skip_unavailable' from command line to 'False'
[0.219s] Level 5:colcon.colcon_core.verb:set package 'aubo_moveit_config' build argument 'cmake_clean_cache' from command line to 'False'
[0.219s] Level 5:colcon.colcon_core.verb:set package 'aubo_moveit_config' build argument 'cmake_clean_first' from command line to 'False'
[0.219s] Level 5:colcon.colcon_core.verb:set package 'aubo_moveit_config' build argument 'cmake_force_configure' from command line to 'False'
[0.219s] Level 5:colcon.colcon_core.verb:set package 'aubo_moveit_config' build argument 'ament_cmake_args' from command line to 'None'
[0.219s] Level 5:colcon.colcon_core.verb:set package 'aubo_moveit_config' build argument 'catkin_cmake_args' from command line to 'None'
[0.219s] Level 5:colcon.colcon_core.verb:set package 'aubo_moveit_config' build argument 'catkin_skip_building_tests' from command line to 'False'
[0.219s] DEBUG:colcon.colcon_core.verb:Building package 'aubo_moveit_config' with the following arguments: {'ament_cmake_args': None, 'build_base': '/home/mu/IVG/aubo_ros2_ws/build/aubo_moveit_config', 'catkin_cmake_args': None, 'catkin_skip_building_tests': False, 'cmake_args': ['-DCMAKE_BUILD_TYPE=Release'], 'cmake_clean_cache': False, 'cmake_clean_first': False, 'cmake_force_configure': False, 'cmake_target': None, 'cmake_target_skip_unavailable': False, 'install_base': '/home/mu/IVG/aubo_ros2_ws/install/aubo_moveit_config', 'merge_install': False, 'path': '/home/mu/IVG/aubo_ros2_ws/src/aubo_ros2_driver/aubo_moveit_config', 'symlink_install': False, 'test_result_base': None}
[0.219s] INFO:colcon.colcon_core.executor:Executing jobs using 'parallel' executor
[0.219s] DEBUG:colcon.colcon_parallel_executor.executor.parallel:run_until_complete
[0.219s] INFO:colcon.colcon_ros.task.ament_cmake.build:Building ROS package in '/home/mu/IVG/aubo_ros2_ws/src/aubo_ros2_driver/aubo_description' with build type 'ament_cmake'
[0.219s] INFO:colcon.colcon_cmake.task.cmake.build:Building CMake package in '/home/mu/IVG/aubo_ros2_ws/src/aubo_ros2_driver/aubo_description'
[0.221s] INFO:colcon.colcon_core.plugin_system:Skipping extension 'colcon_core.shell.bat': Not used on non-Windows systems
[0.221s] INFO:colcon.colcon_core.shell:Skip shell extension 'powershell' for command environment: Not usable outside of PowerShell
[0.221s] DEBUG:colcon.colcon_core.shell:Skip shell extension 'dsv' for command environment
[0.223s] INFO:colcon.colcon_ros.task.ament_cmake.build:Building ROS package in '/home/mu/IVG/aubo_ros2_ws/src/aubo_ros2_driver/aubo_dashboard_msgs' with build type 'ament_cmake'
[0.223s] INFO:colcon.colcon_cmake.task.cmake.build:Building CMake package in '/home/mu/IVG/aubo_ros2_ws/src/aubo_ros2_driver/aubo_dashboard_msgs'
[0.223s] INFO:colcon.colcon_core.shell:Skip shell extension 'powershell' for command environment: Not usable outside of PowerShell
[0.224s] DEBUG:colcon.colcon_core.shell:Skip shell extension 'dsv' for command environment
[0.226s] INFO:colcon.colcon_ros.task.ament_cmake.build:Building ROS package in '/home/mu/IVG/aubo_ros2_ws/src/aubo_ros2_driver/aubo_msgs' with build type 'ament_cmake'
[0.226s] INFO:colcon.colcon_cmake.task.cmake.build:Building CMake package in '/home/mu/IVG/aubo_ros2_ws/src/aubo_ros2_driver/aubo_msgs'
[0.226s] INFO:colcon.colcon_core.shell:Skip shell extension 'powershell' for command environment: Not usable outside of PowerShell
[0.226s] DEBUG:colcon.colcon_core.shell:Skip shell extension 'dsv' for command environment
[0.228s] INFO:colcon.colcon_ros.task.ament_cmake.build:Building ROS package in '/home/mu/IVG/aubo_ros2_ws/src/camport_ros2/src/percipio_camera' with build type 'ament_cmake'
[0.228s] INFO:colcon.colcon_cmake.task.cmake.build:Building CMake package in '/home/mu/IVG/aubo_ros2_ws/src/camport_ros2/src/percipio_camera'
[0.228s] INFO:colcon.colcon_core.shell:Skip shell extension 'powershell' for command environment: Not usable outside of PowerShell
[0.228s] DEBUG:colcon.colcon_core.shell:Skip shell extension 'dsv' for command environment
[0.233s] DEBUG:colcon.colcon_core.event_handler.log_command:Invoking command in '/home/mu/IVG/aubo_ros2_ws/build/aubo_description': CMAKE_PREFIX_PATH=/opt/ros/foxy /usr/bin/cmake --build /home/mu/IVG/aubo_ros2_ws/build/aubo_description -- -j32 -l32
[0.235s] DEBUG:colcon.colcon_core.event_handler.log_command:Invoking command in '/home/mu/IVG/aubo_ros2_ws/build/aubo_dashboard_msgs': CMAKE_PREFIX_PATH=/opt/ros/foxy /usr/bin/cmake --build /home/mu/IVG/aubo_ros2_ws/build/aubo_dashboard_msgs -- -j32 -l32
[0.236s] DEBUG:colcon.colcon_core.event_handler.log_command:Invoking command in '/home/mu/IVG/aubo_ros2_ws/build/aubo_msgs': CMAKE_PREFIX_PATH=/opt/ros/foxy /usr/bin/cmake --build /home/mu/IVG/aubo_ros2_ws/build/aubo_msgs -- -j32 -l32
[0.241s] DEBUG:colcon.colcon_core.event_handler.log_command:Invoking command in '/home/mu/IVG/aubo_ros2_ws/build/percipio_camera': CMAKE_PREFIX_PATH=/opt/ros/foxy /usr/bin/cmake --build /home/mu/IVG/aubo_ros2_ws/build/percipio_camera -- -j32 -l32
[0.252s] DEBUG:colcon.colcon_core.event_handler.log_command:Invoked command in '/home/mu/IVG/aubo_ros2_ws/build/aubo_description' returned '0': CMAKE_PREFIX_PATH=/opt/ros/foxy /usr/bin/cmake --build /home/mu/IVG/aubo_ros2_ws/build/aubo_description -- -j32 -l32
[0.258s] DEBUG:colcon.colcon_core.event_handler.log_command:Invoking command in '/home/mu/IVG/aubo_ros2_ws/build/aubo_description': CMAKE_PREFIX_PATH=/opt/ros/foxy /usr/bin/cmake --install /home/mu/IVG/aubo_ros2_ws/build/aubo_description
[0.295s] Level 1:colcon.colcon_core.environment:create_environment_scripts_only(aubo_description)
[0.298s] Level 1:colcon.colcon_core.environment:checking '/home/mu/IVG/aubo_ros2_ws/install/aubo_description' for CMake module files
[0.299s] Level 1:colcon.colcon_core.environment:checking '/home/mu/IVG/aubo_ros2_ws/install/aubo_description' for CMake config files
[0.325s] Level 1:colcon.colcon_core.shell:create_environment_hook('aubo_description', 'cmake_prefix_path')
[0.325s] INFO:colcon.colcon_core.shell:Creating environment hook '/home/mu/IVG/aubo_ros2_ws/install/aubo_description/share/aubo_description/hook/cmake_prefix_path.ps1'
[0.327s] INFO:colcon.colcon_core.shell:Creating environment descriptor '/home/mu/IVG/aubo_ros2_ws/install/aubo_description/share/aubo_description/hook/cmake_prefix_path.dsv'
[0.327s] INFO:colcon.colcon_core.shell:Creating environment hook '/home/mu/IVG/aubo_ros2_ws/install/aubo_description/share/aubo_description/hook/cmake_prefix_path.sh'
[0.329s] Level 1:colcon.colcon_core.environment:checking '/home/mu/IVG/aubo_ros2_ws/install/aubo_description/bin'
[0.329s] Level 1:colcon.colcon_core.environment:checking '/home/mu/IVG/aubo_ros2_ws/install/aubo_description/lib/pkgconfig/aubo_description.pc'
[0.329s] Level 1:colcon.colcon_core.environment:checking '/home/mu/IVG/aubo_ros2_ws/install/aubo_description/lib/python3.8/site-packages'
[0.329s] Level 1:colcon.colcon_core.environment:checking '/home/mu/IVG/aubo_ros2_ws/install/aubo_description/bin'
[0.329s] INFO:colcon.colcon_core.shell:Creating package script '/home/mu/IVG/aubo_ros2_ws/install/aubo_description/share/aubo_description/package.ps1'
[0.330s] INFO:colcon.colcon_core.shell:Creating package descriptor '/home/mu/IVG/aubo_ros2_ws/install/aubo_description/share/aubo_description/package.dsv'
[0.331s] INFO:colcon.colcon_core.shell:Creating package script '/home/mu/IVG/aubo_ros2_ws/install/aubo_description/share/aubo_description/package.sh'
[0.332s] INFO:colcon.colcon_core.shell:Creating package script '/home/mu/IVG/aubo_ros2_ws/install/aubo_description/share/aubo_description/package.bash'
[0.332s] INFO:colcon.colcon_core.shell:Creating package script '/home/mu/IVG/aubo_ros2_ws/install/aubo_description/share/aubo_description/package.zsh'
[0.333s] Level 1:colcon.colcon_core.environment:create_file_with_runtime_dependencies(/home/mu/IVG/aubo_ros2_ws/install/aubo_description/share/colcon-core/packages/aubo_description)
[0.334s] Level 1:colcon.colcon_core.environment:create_environment_scripts_only(aubo_description)
[0.334s] Level 1:colcon.colcon_core.environment:checking '/home/mu/IVG/aubo_ros2_ws/install/aubo_description' for CMake module files
[0.334s] Level 1:colcon.colcon_core.environment:checking '/home/mu/IVG/aubo_ros2_ws/install/aubo_description' for CMake config files
[0.350s] Level 1:colcon.colcon_core.shell:create_environment_hook('aubo_description', 'cmake_prefix_path')
[0.351s] INFO:colcon.colcon_core.shell:Creating environment hook '/home/mu/IVG/aubo_ros2_ws/install/aubo_description/share/aubo_description/hook/cmake_prefix_path.ps1'
[0.352s] INFO:colcon.colcon_core.shell:Creating environment descriptor '/home/mu/IVG/aubo_ros2_ws/install/aubo_description/share/aubo_description/hook/cmake_prefix_path.dsv'
[0.352s] INFO:colcon.colcon_core.shell:Creating environment hook '/home/mu/IVG/aubo_ros2_ws/install/aubo_description/share/aubo_description/hook/cmake_prefix_path.sh'
[0.354s] Level 1:colcon.colcon_core.environment:checking '/home/mu/IVG/aubo_ros2_ws/install/aubo_description/bin'
[0.354s] Level 1:colcon.colcon_core.environment:checking '/home/mu/IVG/aubo_ros2_ws/install/aubo_description/lib/pkgconfig/aubo_description.pc'
[0.354s] Level 1:colcon.colcon_core.environment:checking '/home/mu/IVG/aubo_ros2_ws/install/aubo_description/lib/python3.8/site-packages'
[0.354s] Level 1:colcon.colcon_core.environment:checking '/home/mu/IVG/aubo_ros2_ws/install/aubo_description/bin'
[0.354s] INFO:colcon.colcon_core.shell:Creating package script '/home/mu/IVG/aubo_ros2_ws/install/aubo_description/share/aubo_description/package.ps1'
[0.355s] INFO:colcon.colcon_core.shell:Creating package descriptor '/home/mu/IVG/aubo_ros2_ws/install/aubo_description/share/aubo_description/package.dsv'
[0.355s] INFO:colcon.colcon_core.shell:Creating package script '/home/mu/IVG/aubo_ros2_ws/install/aubo_description/share/aubo_description/package.sh'
[0.356s] INFO:colcon.colcon_core.shell:Creating package script '/home/mu/IVG/aubo_ros2_ws/install/aubo_description/share/aubo_description/package.bash'
[0.357s] INFO:colcon.colcon_core.shell:Creating package script '/home/mu/IVG/aubo_ros2_ws/install/aubo_description/share/aubo_description/package.zsh'
[0.357s] Level 1:colcon.colcon_core.environment:create_file_with_runtime_dependencies(/home/mu/IVG/aubo_ros2_ws/install/aubo_description/share/colcon-core/packages/aubo_description)
[0.359s] INFO:colcon.colcon_ros.task.ament_cmake.build:Building ROS package in '/home/mu/IVG/aubo_ros2_ws/src/aubo_ros2_driver/aubo_moveit_config' with build type 'ament_cmake'
[0.360s] INFO:colcon.colcon_cmake.task.cmake.build:Building CMake package in '/home/mu/IVG/aubo_ros2_ws/src/aubo_ros2_driver/aubo_moveit_config'
[0.360s] INFO:colcon.colcon_core.shell:Skip shell extension 'powershell' for command environment: Not usable outside of PowerShell
[0.360s] DEBUG:colcon.colcon_core.shell:Skip shell extension 'dsv' for command environment
[0.392s] Level 1:colcon.colcon_core.environment:create_environment_scripts_only(percipio_camera)
[0.393s] Level 1:colcon.colcon_core.environment:checking '/home/mu/IVG/aubo_ros2_ws/install/percipio_camera' for CMake module files
[0.394s] Level 1:colcon.colcon_core.environment:checking '/home/mu/IVG/aubo_ros2_ws/install/percipio_camera' for CMake config files
[0.395s] Level 1:colcon.colcon_core.shell:create_environment_hook('percipio_camera', 'cmake_prefix_path')
[0.395s] INFO:colcon.colcon_core.shell:Creating environment hook '/home/mu/IVG/aubo_ros2_ws/install/percipio_camera/share/percipio_camera/hook/cmake_prefix_path.ps1'
[0.395s] INFO:colcon.colcon_core.shell:Creating environment descriptor '/home/mu/IVG/aubo_ros2_ws/install/percipio_camera/share/percipio_camera/hook/cmake_prefix_path.dsv'
[0.395s] INFO:colcon.colcon_core.shell:Creating environment hook '/home/mu/IVG/aubo_ros2_ws/install/percipio_camera/share/percipio_camera/hook/cmake_prefix_path.sh'
[0.396s] Level 1:colcon.colcon_core.environment:checking '/home/mu/IVG/aubo_ros2_ws/install/percipio_camera/lib'
[0.396s] Level 1:colcon.colcon_core.shell:create_environment_hook('percipio_camera', 'ld_library_path_lib')
[0.396s] INFO:colcon.colcon_core.shell:Creating environment hook '/home/mu/IVG/aubo_ros2_ws/install/percipio_camera/share/percipio_camera/hook/ld_library_path_lib.ps1'
[0.397s] INFO:colcon.colcon_core.shell:Creating environment descriptor '/home/mu/IVG/aubo_ros2_ws/install/percipio_camera/share/percipio_camera/hook/ld_library_path_lib.dsv'
[0.397s] INFO:colcon.colcon_core.shell:Creating environment hook '/home/mu/IVG/aubo_ros2_ws/install/percipio_camera/share/percipio_camera/hook/ld_library_path_lib.sh'
[0.397s] Level 1:colcon.colcon_core.environment:checking '/home/mu/IVG/aubo_ros2_ws/install/percipio_camera/bin'
[0.398s] Level 1:colcon.colcon_core.environment:checking '/home/mu/IVG/aubo_ros2_ws/install/percipio_camera/lib/pkgconfig/percipio_camera.pc'
[0.398s] Level 1:colcon.colcon_core.environment:checking '/home/mu/IVG/aubo_ros2_ws/install/percipio_camera/lib/python3.8/site-packages'
[0.398s] Level 1:colcon.colcon_core.environment:checking '/home/mu/IVG/aubo_ros2_ws/install/percipio_camera/bin'
[0.398s] INFO:colcon.colcon_core.shell:Creating package script '/home/mu/IVG/aubo_ros2_ws/install/percipio_camera/share/percipio_camera/package.ps1'
[0.398s] INFO:colcon.colcon_core.shell:Creating package descriptor '/home/mu/IVG/aubo_ros2_ws/install/percipio_camera/share/percipio_camera/package.dsv'
[0.399s] INFO:colcon.colcon_core.shell:Creating package script '/home/mu/IVG/aubo_ros2_ws/install/percipio_camera/share/percipio_camera/package.sh'
[0.399s] INFO:colcon.colcon_core.shell:Creating package script '/home/mu/IVG/aubo_ros2_ws/install/percipio_camera/share/percipio_camera/package.bash'
[0.399s] INFO:colcon.colcon_core.shell:Creating package script '/home/mu/IVG/aubo_ros2_ws/install/percipio_camera/share/percipio_camera/package.zsh'
[0.399s] Level 1:colcon.colcon_core.environment:create_file_with_runtime_dependencies(/home/mu/IVG/aubo_ros2_ws/install/percipio_camera/share/colcon-core/packages/percipio_camera)
[0.400s] Level 1:colcon.colcon_core.environment:create_environment_scripts_only(percipio_camera)
[0.400s] Level 1:colcon.colcon_core.environment:checking '/home/mu/IVG/aubo_ros2_ws/install/percipio_camera' for CMake module files
[0.400s] Level 1:colcon.colcon_core.environment:checking '/home/mu/IVG/aubo_ros2_ws/install/percipio_camera' for CMake config files
[0.401s] Level 1:colcon.colcon_core.shell:create_environment_hook('percipio_camera', 'cmake_prefix_path')
[0.401s] INFO:colcon.colcon_core.shell:Creating environment hook '/home/mu/IVG/aubo_ros2_ws/install/percipio_camera/share/percipio_camera/hook/cmake_prefix_path.ps1'
[0.401s] INFO:colcon.colcon_core.shell:Creating environment descriptor '/home/mu/IVG/aubo_ros2_ws/install/percipio_camera/share/percipio_camera/hook/cmake_prefix_path.dsv'
[0.401s] INFO:colcon.colcon_core.shell:Creating environment hook '/home/mu/IVG/aubo_ros2_ws/install/percipio_camera/share/percipio_camera/hook/cmake_prefix_path.sh'
[0.402s] Level 1:colcon.colcon_core.environment:checking '/home/mu/IVG/aubo_ros2_ws/install/percipio_camera/lib'
[0.402s] Level 1:colcon.colcon_core.shell:create_environment_hook('percipio_camera', 'ld_library_path_lib')
[0.402s] INFO:colcon.colcon_core.shell:Creating environment hook '/home/mu/IVG/aubo_ros2_ws/install/percipio_camera/share/percipio_camera/hook/ld_library_path_lib.ps1'
[0.402s] INFO:colcon.colcon_core.shell:Creating environment descriptor '/home/mu/IVG/aubo_ros2_ws/install/percipio_camera/share/percipio_camera/hook/ld_library_path_lib.dsv'
[0.402s] INFO:colcon.colcon_core.shell:Creating environment hook '/home/mu/IVG/aubo_ros2_ws/install/percipio_camera/share/percipio_camera/hook/ld_library_path_lib.sh'
[0.403s] Level 1:colcon.colcon_core.environment:checking '/home/mu/IVG/aubo_ros2_ws/install/percipio_camera/bin'
[0.403s] Level 1:colcon.colcon_core.environment:checking '/home/mu/IVG/aubo_ros2_ws/install/percipio_camera/lib/pkgconfig/percipio_camera.pc'
[0.403s] Level 1:colcon.colcon_core.environment:checking '/home/mu/IVG/aubo_ros2_ws/install/percipio_camera/lib/python3.8/site-packages'
[0.403s] Level 1:colcon.colcon_core.environment:checking '/home/mu/IVG/aubo_ros2_ws/install/percipio_camera/bin'
[0.403s] INFO:colcon.colcon_core.shell:Creating package script '/home/mu/IVG/aubo_ros2_ws/install/percipio_camera/share/percipio_camera/package.ps1'
[0.403s] INFO:colcon.colcon_core.shell:Creating package descriptor '/home/mu/IVG/aubo_ros2_ws/install/percipio_camera/share/percipio_camera/package.dsv'
[0.404s] INFO:colcon.colcon_core.shell:Creating package script '/home/mu/IVG/aubo_ros2_ws/install/percipio_camera/share/percipio_camera/package.sh'
[0.404s] INFO:colcon.colcon_core.shell:Creating package script '/home/mu/IVG/aubo_ros2_ws/install/percipio_camera/share/percipio_camera/package.bash'
[0.404s] INFO:colcon.colcon_core.shell:Creating package script '/home/mu/IVG/aubo_ros2_ws/install/percipio_camera/share/percipio_camera/package.zsh'
[0.404s] Level 1:colcon.colcon_core.environment:create_file_with_runtime_dependencies(/home/mu/IVG/aubo_ros2_ws/install/percipio_camera/share/colcon-core/packages/percipio_camera)
[0.415s] Level 1:colcon.colcon_core.environment:create_environment_scripts_only(aubo_msgs)
[0.416s] Level 1:colcon.colcon_core.environment:checking '/home/mu/IVG/aubo_ros2_ws/install/aubo_msgs' for CMake module files
[0.417s] Level 1:colcon.colcon_core.environment:checking '/home/mu/IVG/aubo_ros2_ws/install/aubo_msgs' for CMake config files
[0.418s] Level 1:colcon.colcon_core.shell:create_environment_hook('aubo_msgs', 'cmake_prefix_path')
[0.418s] INFO:colcon.colcon_core.shell:Creating environment hook '/home/mu/IVG/aubo_ros2_ws/install/aubo_msgs/share/aubo_msgs/hook/cmake_prefix_path.ps1'
[0.418s] INFO:colcon.colcon_core.shell:Creating environment descriptor '/home/mu/IVG/aubo_ros2_ws/install/aubo_msgs/share/aubo_msgs/hook/cmake_prefix_path.dsv'
[0.419s] INFO:colcon.colcon_core.shell:Creating environment hook '/home/mu/IVG/aubo_ros2_ws/install/aubo_msgs/share/aubo_msgs/hook/cmake_prefix_path.sh'
[0.419s] Level 1:colcon.colcon_core.environment:checking '/home/mu/IVG/aubo_ros2_ws/install/aubo_msgs/lib'
[0.419s] Level 1:colcon.colcon_core.shell:create_environment_hook('aubo_msgs', 'ld_library_path_lib')
[0.419s] INFO:colcon.colcon_core.shell:Creating environment hook '/home/mu/IVG/aubo_ros2_ws/install/aubo_msgs/share/aubo_msgs/hook/ld_library_path_lib.ps1'
[0.420s] INFO:colcon.colcon_core.shell:Creating environment descriptor '/home/mu/IVG/aubo_ros2_ws/install/aubo_msgs/share/aubo_msgs/hook/ld_library_path_lib.dsv'
[0.420s] INFO:colcon.colcon_core.shell:Creating environment hook '/home/mu/IVG/aubo_ros2_ws/install/aubo_msgs/share/aubo_msgs/hook/ld_library_path_lib.sh'
[0.420s] Level 1:colcon.colcon_core.environment:checking '/home/mu/IVG/aubo_ros2_ws/install/aubo_msgs/bin'
[0.420s] Level 1:colcon.colcon_core.environment:checking '/home/mu/IVG/aubo_ros2_ws/install/aubo_msgs/lib/pkgconfig/aubo_msgs.pc'
[0.420s] Level 1:colcon.colcon_core.environment:checking '/home/mu/IVG/aubo_ros2_ws/install/aubo_msgs/lib/python3.8/site-packages'
[0.420s] Level 1:colcon.colcon_core.shell:create_environment_hook('aubo_msgs', 'pythonpath')
[0.420s] INFO:colcon.colcon_core.shell:Creating environment hook '/home/mu/IVG/aubo_ros2_ws/install/aubo_msgs/share/aubo_msgs/hook/pythonpath.ps1'
[0.421s] INFO:colcon.colcon_core.shell:Creating environment descriptor '/home/mu/IVG/aubo_ros2_ws/install/aubo_msgs/share/aubo_msgs/hook/pythonpath.dsv'
[0.421s] INFO:colcon.colcon_core.shell:Creating environment hook '/home/mu/IVG/aubo_ros2_ws/install/aubo_msgs/share/aubo_msgs/hook/pythonpath.sh'
[0.421s] Level 1:colcon.colcon_core.environment:checking '/home/mu/IVG/aubo_ros2_ws/install/aubo_msgs/bin'
[0.421s] INFO:colcon.colcon_core.shell:Creating package script '/home/mu/IVG/aubo_ros2_ws/install/aubo_msgs/share/aubo_msgs/package.ps1'
[0.422s] INFO:colcon.colcon_core.shell:Creating package descriptor '/home/mu/IVG/aubo_ros2_ws/install/aubo_msgs/share/aubo_msgs/package.dsv'
[0.422s] INFO:colcon.colcon_core.shell:Creating package script '/home/mu/IVG/aubo_ros2_ws/install/aubo_msgs/share/aubo_msgs/package.sh'
[0.422s] INFO:colcon.colcon_core.shell:Creating package script '/home/mu/IVG/aubo_ros2_ws/install/aubo_msgs/share/aubo_msgs/package.bash'
[0.422s] INFO:colcon.colcon_core.shell:Creating package script '/home/mu/IVG/aubo_ros2_ws/install/aubo_msgs/share/aubo_msgs/package.zsh'
[0.423s] Level 1:colcon.colcon_core.environment:create_file_with_runtime_dependencies(/home/mu/IVG/aubo_ros2_ws/install/aubo_msgs/share/colcon-core/packages/aubo_msgs)
[0.423s] Level 1:colcon.colcon_core.environment:create_environment_scripts_only(aubo_msgs)
[0.423s] Level 1:colcon.colcon_core.environment:checking '/home/mu/IVG/aubo_ros2_ws/install/aubo_msgs' for CMake module files
[0.424s] Level 1:colcon.colcon_core.environment:checking '/home/mu/IVG/aubo_ros2_ws/install/aubo_msgs' for CMake config files
[0.425s] Level 1:colcon.colcon_core.shell:create_environment_hook('aubo_msgs', 'cmake_prefix_path')
[0.425s] INFO:colcon.colcon_core.shell:Creating environment hook '/home/mu/IVG/aubo_ros2_ws/install/aubo_msgs/share/aubo_msgs/hook/cmake_prefix_path.ps1'
[0.425s] INFO:colcon.colcon_core.shell:Creating environment descriptor '/home/mu/IVG/aubo_ros2_ws/install/aubo_msgs/share/aubo_msgs/hook/cmake_prefix_path.dsv'
[0.425s] INFO:colcon.colcon_core.shell:Creating environment hook '/home/mu/IVG/aubo_ros2_ws/install/aubo_msgs/share/aubo_msgs/hook/cmake_prefix_path.sh'
[0.426s] Level 1:colcon.colcon_core.environment:checking '/home/mu/IVG/aubo_ros2_ws/install/aubo_msgs/lib'
[0.426s] Level 1:colcon.colcon_core.shell:create_environment_hook('aubo_msgs', 'ld_library_path_lib')
[0.426s] INFO:colcon.colcon_core.shell:Creating environment hook '/home/mu/IVG/aubo_ros2_ws/install/aubo_msgs/share/aubo_msgs/hook/ld_library_path_lib.ps1'
[0.426s] INFO:colcon.colcon_core.shell:Creating environment descriptor '/home/mu/IVG/aubo_ros2_ws/install/aubo_msgs/share/aubo_msgs/hook/ld_library_path_lib.dsv'
[0.426s] INFO:colcon.colcon_core.shell:Creating environment hook '/home/mu/IVG/aubo_ros2_ws/install/aubo_msgs/share/aubo_msgs/hook/ld_library_path_lib.sh'
[0.427s] Level 1:colcon.colcon_core.environment:checking '/home/mu/IVG/aubo_ros2_ws/install/aubo_msgs/bin'
[0.427s] Level 1:colcon.colcon_core.environment:checking '/home/mu/IVG/aubo_ros2_ws/install/aubo_msgs/lib/pkgconfig/aubo_msgs.pc'
[0.427s] Level 1:colcon.colcon_core.environment:checking '/home/mu/IVG/aubo_ros2_ws/install/aubo_msgs/lib/python3.8/site-packages'
[0.427s] Level 1:colcon.colcon_core.shell:create_environment_hook('aubo_msgs', 'pythonpath')
[0.427s] INFO:colcon.colcon_core.shell:Creating environment hook '/home/mu/IVG/aubo_ros2_ws/install/aubo_msgs/share/aubo_msgs/hook/pythonpath.ps1'
[0.427s] INFO:colcon.colcon_core.shell:Creating environment descriptor '/home/mu/IVG/aubo_ros2_ws/install/aubo_msgs/share/aubo_msgs/hook/pythonpath.dsv'
[0.427s] INFO:colcon.colcon_core.shell:Creating environment hook '/home/mu/IVG/aubo_ros2_ws/install/aubo_msgs/share/aubo_msgs/hook/pythonpath.sh'
[0.428s] Level 1:colcon.colcon_core.environment:checking '/home/mu/IVG/aubo_ros2_ws/install/aubo_msgs/bin'
[0.428s] INFO:colcon.colcon_core.shell:Creating package script '/home/mu/IVG/aubo_ros2_ws/install/aubo_msgs/share/aubo_msgs/package.ps1'
[0.428s] INFO:colcon.colcon_core.shell:Creating package descriptor '/home/mu/IVG/aubo_ros2_ws/install/aubo_msgs/share/aubo_msgs/package.dsv'
[0.429s] DEBUG:colcon.colcon_core.event_handler.log_command:Invoked command in '/home/mu/IVG/aubo_ros2_ws/build/aubo_description' returned '0': CMAKE_PREFIX_PATH=/opt/ros/foxy /usr/bin/cmake --install /home/mu/IVG/aubo_ros2_ws/build/aubo_description
[0.429s] INFO:colcon.colcon_core.shell:Creating package script '/home/mu/IVG/aubo_ros2_ws/install/aubo_msgs/share/aubo_msgs/package.sh'
[0.430s] INFO:colcon.colcon_core.shell:Creating package script '/home/mu/IVG/aubo_ros2_ws/install/aubo_msgs/share/aubo_msgs/package.bash'
[0.430s] INFO:colcon.colcon_core.shell:Creating package script '/home/mu/IVG/aubo_ros2_ws/install/aubo_msgs/share/aubo_msgs/package.zsh'
[0.430s] DEBUG:colcon.colcon_core.event_handler.log_command:Invoked command in '/home/mu/IVG/aubo_ros2_ws/build/percipio_camera' returned '0': CMAKE_PREFIX_PATH=/opt/ros/foxy /usr/bin/cmake --build /home/mu/IVG/aubo_ros2_ws/build/percipio_camera -- -j32 -l32
[0.430s] DEBUG:colcon.colcon_core.event_handler.log_command:Invoking command in '/home/mu/IVG/aubo_ros2_ws/build/percipio_camera': CMAKE_PREFIX_PATH=/opt/ros/foxy /usr/bin/cmake --install /home/mu/IVG/aubo_ros2_ws/build/percipio_camera
[0.430s] DEBUG:colcon.colcon_core.event_handler.log_command:Invoked command in '/home/mu/IVG/aubo_ros2_ws/build/aubo_dashboard_msgs' returned '0': CMAKE_PREFIX_PATH=/opt/ros/foxy /usr/bin/cmake --build /home/mu/IVG/aubo_ros2_ws/build/aubo_dashboard_msgs -- -j32 -l32
[0.430s] DEBUG:colcon.colcon_core.event_handler.log_command:Invoking command in '/home/mu/IVG/aubo_ros2_ws/build/aubo_dashboard_msgs': CMAKE_PREFIX_PATH=/opt/ros/foxy /usr/bin/cmake --install /home/mu/IVG/aubo_ros2_ws/build/aubo_dashboard_msgs
[0.431s] Level 1:colcon.colcon_core.environment:create_file_with_runtime_dependencies(/home/mu/IVG/aubo_ros2_ws/install/aubo_msgs/share/colcon-core/packages/aubo_msgs)
[0.431s] DEBUG:colcon.colcon_core.event_handler.log_command:Invoked command in '/home/mu/IVG/aubo_ros2_ws/build/aubo_msgs' returned '0': CMAKE_PREFIX_PATH=/opt/ros/foxy /usr/bin/cmake --build /home/mu/IVG/aubo_ros2_ws/build/aubo_msgs -- -j32 -l32
[0.431s] DEBUG:colcon.colcon_core.event_handler.log_command:Invoking command in '/home/mu/IVG/aubo_ros2_ws/build/aubo_msgs': CMAKE_PREFIX_PATH=/opt/ros/foxy /usr/bin/cmake --install /home/mu/IVG/aubo_ros2_ws/build/aubo_msgs
[0.433s] Level 1:colcon.colcon_core.environment:create_environment_scripts_only(aubo_moveit_config)
[0.433s] Level 1:colcon.colcon_core.environment:checking '/home/mu/IVG/aubo_ros2_ws/install/aubo_moveit_config' for CMake module files
[0.434s] Level 1:colcon.colcon_core.environment:checking '/home/mu/IVG/aubo_ros2_ws/install/aubo_moveit_config' for CMake config files
[0.434s] DEBUG:colcon.colcon_core.event_handler.log_command:Invoking command in '/home/mu/IVG/aubo_ros2_ws/build/aubo_moveit_config': AMENT_PREFIX_PATH=/home/mu/IVG/aubo_ros2_ws/install/aubo_description:${AMENT_PREFIX_PATH} CMAKE_PREFIX_PATH=/opt/ros/foxy:/home/mu/IVG/aubo_ros2_ws/install/aubo_description /usr/bin/cmake --build /home/mu/IVG/aubo_ros2_ws/build/aubo_moveit_config -- -j32 -l32
[0.436s] Level 1:colcon.colcon_core.shell:create_environment_hook('aubo_moveit_config', 'cmake_prefix_path')
[0.436s] INFO:colcon.colcon_core.shell:Creating environment hook '/home/mu/IVG/aubo_ros2_ws/install/aubo_moveit_config/share/aubo_moveit_config/hook/cmake_prefix_path.ps1'
[0.437s] INFO:colcon.colcon_core.shell:Creating environment descriptor '/home/mu/IVG/aubo_ros2_ws/install/aubo_moveit_config/share/aubo_moveit_config/hook/cmake_prefix_path.dsv'
[0.438s] INFO:colcon.colcon_core.shell:Creating environment hook '/home/mu/IVG/aubo_ros2_ws/install/aubo_moveit_config/share/aubo_moveit_config/hook/cmake_prefix_path.sh'
[0.439s] Level 1:colcon.colcon_core.environment:checking '/home/mu/IVG/aubo_ros2_ws/install/aubo_moveit_config/bin'
[0.439s] Level 1:colcon.colcon_core.environment:checking '/home/mu/IVG/aubo_ros2_ws/install/aubo_moveit_config/lib/pkgconfig/aubo_moveit_config.pc'
[0.439s] Level 1:colcon.colcon_core.environment:checking '/home/mu/IVG/aubo_ros2_ws/install/aubo_moveit_config/lib/python3.8/site-packages'
[0.439s] Level 1:colcon.colcon_core.environment:checking '/home/mu/IVG/aubo_ros2_ws/install/aubo_moveit_config/bin'
[0.439s] INFO:colcon.colcon_core.shell:Creating package script '/home/mu/IVG/aubo_ros2_ws/install/aubo_moveit_config/share/aubo_moveit_config/package.ps1'
[0.440s] INFO:colcon.colcon_core.shell:Creating package descriptor '/home/mu/IVG/aubo_ros2_ws/install/aubo_moveit_config/share/aubo_moveit_config/package.dsv'
[0.441s] INFO:colcon.colcon_core.shell:Creating package script '/home/mu/IVG/aubo_ros2_ws/install/aubo_moveit_config/share/aubo_moveit_config/package.sh'
[0.443s] INFO:colcon.colcon_core.shell:Creating package script '/home/mu/IVG/aubo_ros2_ws/install/aubo_moveit_config/share/aubo_moveit_config/package.bash'
[0.443s] DEBUG:colcon.colcon_core.event_handler.log_command:Invoked command in '/home/mu/IVG/aubo_ros2_ws/build/percipio_camera' returned '0': CMAKE_PREFIX_PATH=/opt/ros/foxy /usr/bin/cmake --install /home/mu/IVG/aubo_ros2_ws/build/percipio_camera
[0.443s] INFO:colcon.colcon_core.shell:Creating package script '/home/mu/IVG/aubo_ros2_ws/install/aubo_moveit_config/share/aubo_moveit_config/package.zsh'
[0.445s] Level 1:colcon.colcon_core.environment:create_file_with_runtime_dependencies(/home/mu/IVG/aubo_ros2_ws/install/aubo_moveit_config/share/colcon-core/packages/aubo_moveit_config)
[0.447s] Level 1:colcon.colcon_core.environment:create_environment_scripts_only(aubo_moveit_config)
[0.447s] Level 1:colcon.colcon_core.environment:checking '/home/mu/IVG/aubo_ros2_ws/install/aubo_moveit_config' for CMake module files
[0.447s] Level 1:colcon.colcon_core.environment:checking '/home/mu/IVG/aubo_ros2_ws/install/aubo_moveit_config' for CMake config files
[0.448s] Level 1:colcon.colcon_core.shell:create_environment_hook('aubo_moveit_config', 'cmake_prefix_path')
[0.448s] INFO:colcon.colcon_core.shell:Creating environment hook '/home/mu/IVG/aubo_ros2_ws/install/aubo_moveit_config/share/aubo_moveit_config/hook/cmake_prefix_path.ps1'
[0.449s] INFO:colcon.colcon_core.shell:Creating environment descriptor '/home/mu/IVG/aubo_ros2_ws/install/aubo_moveit_config/share/aubo_moveit_config/hook/cmake_prefix_path.dsv'
[0.450s] INFO:colcon.colcon_core.shell:Creating environment hook '/home/mu/IVG/aubo_ros2_ws/install/aubo_moveit_config/share/aubo_moveit_config/hook/cmake_prefix_path.sh'
[0.451s] Level 1:colcon.colcon_core.environment:checking '/home/mu/IVG/aubo_ros2_ws/install/aubo_moveit_config/bin'
[0.451s] Level 1:colcon.colcon_core.environment:checking '/home/mu/IVG/aubo_ros2_ws/install/aubo_moveit_config/lib/pkgconfig/aubo_moveit_config.pc'
[0.451s] Level 1:colcon.colcon_core.environment:checking '/home/mu/IVG/aubo_ros2_ws/install/aubo_moveit_config/lib/python3.8/site-packages'
[0.451s] Level 1:colcon.colcon_core.environment:checking '/home/mu/IVG/aubo_ros2_ws/install/aubo_moveit_config/bin'
[0.451s] INFO:colcon.colcon_core.shell:Creating package script '/home/mu/IVG/aubo_ros2_ws/install/aubo_moveit_config/share/aubo_moveit_config/package.ps1'
[0.452s] INFO:colcon.colcon_core.shell:Creating package descriptor '/home/mu/IVG/aubo_ros2_ws/install/aubo_moveit_config/share/aubo_moveit_config/package.dsv'
[0.453s] INFO:colcon.colcon_core.shell:Creating package script '/home/mu/IVG/aubo_ros2_ws/install/aubo_moveit_config/share/aubo_moveit_config/package.sh'
[0.453s] DEBUG:colcon.colcon_core.event_handler.log_command:Invoked command in '/home/mu/IVG/aubo_ros2_ws/build/aubo_moveit_config' returned '0': AMENT_PREFIX_PATH=/home/mu/IVG/aubo_ros2_ws/install/aubo_description:${AMENT_PREFIX_PATH} CMAKE_PREFIX_PATH=/opt/ros/foxy:/home/mu/IVG/aubo_ros2_ws/install/aubo_description /usr/bin/cmake --build /home/mu/IVG/aubo_ros2_ws/build/aubo_moveit_config -- -j32 -l32
[0.453s] INFO:colcon.colcon_core.shell:Creating package script '/home/mu/IVG/aubo_ros2_ws/install/aubo_moveit_config/share/aubo_moveit_config/package.bash'
[0.453s] INFO:colcon.colcon_core.shell:Creating package script '/home/mu/IVG/aubo_ros2_ws/install/aubo_moveit_config/share/aubo_moveit_config/package.zsh'
[0.454s] Level 1:colcon.colcon_core.environment:create_file_with_runtime_dependencies(/home/mu/IVG/aubo_ros2_ws/install/aubo_moveit_config/share/colcon-core/packages/aubo_moveit_config)
[0.455s] Level 1:colcon.colcon_core.environment:create_environment_scripts_only(aubo_dashboard_msgs)
[0.455s] DEBUG:colcon.colcon_core.event_handler.log_command:Invoking command in '/home/mu/IVG/aubo_ros2_ws/build/aubo_moveit_config': AMENT_PREFIX_PATH=/home/mu/IVG/aubo_ros2_ws/install/aubo_description:${AMENT_PREFIX_PATH} CMAKE_PREFIX_PATH=/opt/ros/foxy:/home/mu/IVG/aubo_ros2_ws/install/aubo_description /usr/bin/cmake --install /home/mu/IVG/aubo_ros2_ws/build/aubo_moveit_config
[0.455s] Level 1:colcon.colcon_core.environment:checking '/home/mu/IVG/aubo_ros2_ws/install/aubo_dashboard_msgs' for CMake module files
[0.457s] Level 1:colcon.colcon_core.environment:checking '/home/mu/IVG/aubo_ros2_ws/install/aubo_dashboard_msgs' for CMake config files
[0.460s] DEBUG:colcon.colcon_core.event_handler.log_command:Invoked command in '/home/mu/IVG/aubo_ros2_ws/build/aubo_msgs' returned '0': CMAKE_PREFIX_PATH=/opt/ros/foxy /usr/bin/cmake --install /home/mu/IVG/aubo_ros2_ws/build/aubo_msgs
[0.461s] DEBUG:colcon.colcon_core.event_handler.log_command:Invoked command in '/home/mu/IVG/aubo_ros2_ws/build/aubo_moveit_config' returned '0': AMENT_PREFIX_PATH=/home/mu/IVG/aubo_ros2_ws/install/aubo_description:${AMENT_PREFIX_PATH} CMAKE_PREFIX_PATH=/opt/ros/foxy:/home/mu/IVG/aubo_ros2_ws/install/aubo_description /usr/bin/cmake --install /home/mu/IVG/aubo_ros2_ws/build/aubo_moveit_config
[0.462s] DEBUG:colcon.colcon_core.event_handler.log_command:Invoked command in '/home/mu/IVG/aubo_ros2_ws/build/aubo_dashboard_msgs' returned '0': CMAKE_PREFIX_PATH=/opt/ros/foxy /usr/bin/cmake --install /home/mu/IVG/aubo_ros2_ws/build/aubo_dashboard_msgs
[0.462s] Level 1:colcon.colcon_core.shell:create_environment_hook('aubo_dashboard_msgs', 'cmake_prefix_path')
[0.462s] INFO:colcon.colcon_core.shell:Creating environment hook '/home/mu/IVG/aubo_ros2_ws/install/aubo_dashboard_msgs/share/aubo_dashboard_msgs/hook/cmake_prefix_path.ps1'
[0.462s] INFO:colcon.colcon_core.shell:Creating environment descriptor '/home/mu/IVG/aubo_ros2_ws/install/aubo_dashboard_msgs/share/aubo_dashboard_msgs/hook/cmake_prefix_path.dsv'
[0.462s] INFO:colcon.colcon_core.shell:Creating environment hook '/home/mu/IVG/aubo_ros2_ws/install/aubo_dashboard_msgs/share/aubo_dashboard_msgs/hook/cmake_prefix_path.sh'
[0.462s] Level 1:colcon.colcon_core.environment:checking '/home/mu/IVG/aubo_ros2_ws/install/aubo_dashboard_msgs/lib'
[0.462s] Level 1:colcon.colcon_core.shell:create_environment_hook('aubo_dashboard_msgs', 'ld_library_path_lib')
[0.462s] INFO:colcon.colcon_core.shell:Creating environment hook '/home/mu/IVG/aubo_ros2_ws/install/aubo_dashboard_msgs/share/aubo_dashboard_msgs/hook/ld_library_path_lib.ps1'
[0.463s] INFO:colcon.colcon_core.shell:Creating environment descriptor '/home/mu/IVG/aubo_ros2_ws/install/aubo_dashboard_msgs/share/aubo_dashboard_msgs/hook/ld_library_path_lib.dsv'
[0.463s] INFO:colcon.colcon_core.shell:Creating environment hook '/home/mu/IVG/aubo_ros2_ws/install/aubo_dashboard_msgs/share/aubo_dashboard_msgs/hook/ld_library_path_lib.sh'
[0.463s] Level 1:colcon.colcon_core.environment:checking '/home/mu/IVG/aubo_ros2_ws/install/aubo_dashboard_msgs/bin'
[0.463s] Level 1:colcon.colcon_core.environment:checking '/home/mu/IVG/aubo_ros2_ws/install/aubo_dashboard_msgs/lib/pkgconfig/aubo_dashboard_msgs.pc'
[0.463s] Level 1:colcon.colcon_core.environment:checking '/home/mu/IVG/aubo_ros2_ws/install/aubo_dashboard_msgs/lib/python3.8/site-packages'
[0.463s] Level 1:colcon.colcon_core.shell:create_environment_hook('aubo_dashboard_msgs', 'pythonpath')
[0.463s] INFO:colcon.colcon_core.shell:Creating environment hook '/home/mu/IVG/aubo_ros2_ws/install/aubo_dashboard_msgs/share/aubo_dashboard_msgs/hook/pythonpath.ps1'
[0.463s] INFO:colcon.colcon_core.shell:Creating environment descriptor '/home/mu/IVG/aubo_ros2_ws/install/aubo_dashboard_msgs/share/aubo_dashboard_msgs/hook/pythonpath.dsv'
[0.463s] INFO:colcon.colcon_core.shell:Creating environment hook '/home/mu/IVG/aubo_ros2_ws/install/aubo_dashboard_msgs/share/aubo_dashboard_msgs/hook/pythonpath.sh'
[0.464s] Level 1:colcon.colcon_core.environment:checking '/home/mu/IVG/aubo_ros2_ws/install/aubo_dashboard_msgs/bin'
[0.464s] INFO:colcon.colcon_core.shell:Creating package script '/home/mu/IVG/aubo_ros2_ws/install/aubo_dashboard_msgs/share/aubo_dashboard_msgs/package.ps1'
[0.464s] INFO:colcon.colcon_core.shell:Creating package descriptor '/home/mu/IVG/aubo_ros2_ws/install/aubo_dashboard_msgs/share/aubo_dashboard_msgs/package.dsv'
[0.464s] INFO:colcon.colcon_core.shell:Creating package script '/home/mu/IVG/aubo_ros2_ws/install/aubo_dashboard_msgs/share/aubo_dashboard_msgs/package.sh'
[0.465s] INFO:colcon.colcon_core.shell:Creating package script '/home/mu/IVG/aubo_ros2_ws/install/aubo_dashboard_msgs/share/aubo_dashboard_msgs/package.bash'
[0.465s] INFO:colcon.colcon_core.shell:Creating package script '/home/mu/IVG/aubo_ros2_ws/install/aubo_dashboard_msgs/share/aubo_dashboard_msgs/package.zsh'
[0.465s] Level 1:colcon.colcon_core.environment:create_file_with_runtime_dependencies(/home/mu/IVG/aubo_ros2_ws/install/aubo_dashboard_msgs/share/colcon-core/packages/aubo_dashboard_msgs)
[0.465s] Level 1:colcon.colcon_core.environment:create_environment_scripts_only(aubo_dashboard_msgs)
[0.465s] Level 1:colcon.colcon_core.environment:checking '/home/mu/IVG/aubo_ros2_ws/install/aubo_dashboard_msgs' for CMake module files
[0.466s] Level 1:colcon.colcon_core.environment:checking '/home/mu/IVG/aubo_ros2_ws/install/aubo_dashboard_msgs' for CMake config files
[0.466s] Level 1:colcon.colcon_core.shell:create_environment_hook('aubo_dashboard_msgs', 'cmake_prefix_path')
[0.466s] INFO:colcon.colcon_core.shell:Creating environment hook '/home/mu/IVG/aubo_ros2_ws/install/aubo_dashboard_msgs/share/aubo_dashboard_msgs/hook/cmake_prefix_path.ps1'
[0.466s] INFO:colcon.colcon_core.shell:Creating environment descriptor '/home/mu/IVG/aubo_ros2_ws/install/aubo_dashboard_msgs/share/aubo_dashboard_msgs/hook/cmake_prefix_path.dsv'
[0.466s] INFO:colcon.colcon_core.shell:Creating environment hook '/home/mu/IVG/aubo_ros2_ws/install/aubo_dashboard_msgs/share/aubo_dashboard_msgs/hook/cmake_prefix_path.sh'
[0.467s] Level 1:colcon.colcon_core.environment:checking '/home/mu/IVG/aubo_ros2_ws/install/aubo_dashboard_msgs/lib'
[0.467s] Level 1:colcon.colcon_core.shell:create_environment_hook('aubo_dashboard_msgs', 'ld_library_path_lib')
[0.467s] INFO:colcon.colcon_core.shell:Creating environment hook '/home/mu/IVG/aubo_ros2_ws/install/aubo_dashboard_msgs/share/aubo_dashboard_msgs/hook/ld_library_path_lib.ps1'
[0.467s] INFO:colcon.colcon_core.shell:Creating environment descriptor '/home/mu/IVG/aubo_ros2_ws/install/aubo_dashboard_msgs/share/aubo_dashboard_msgs/hook/ld_library_path_lib.dsv'
[0.467s] INFO:colcon.colcon_core.shell:Creating environment hook '/home/mu/IVG/aubo_ros2_ws/install/aubo_dashboard_msgs/share/aubo_dashboard_msgs/hook/ld_library_path_lib.sh'
[0.467s] Level 1:colcon.colcon_core.environment:checking '/home/mu/IVG/aubo_ros2_ws/install/aubo_dashboard_msgs/bin'
[0.467s] Level 1:colcon.colcon_core.environment:checking '/home/mu/IVG/aubo_ros2_ws/install/aubo_dashboard_msgs/lib/pkgconfig/aubo_dashboard_msgs.pc'
[0.467s] Level 1:colcon.colcon_core.environment:checking '/home/mu/IVG/aubo_ros2_ws/install/aubo_dashboard_msgs/lib/python3.8/site-packages'
[0.467s] Level 1:colcon.colcon_core.shell:create_environment_hook('aubo_dashboard_msgs', 'pythonpath')
[0.467s] INFO:colcon.colcon_core.shell:Creating environment hook '/home/mu/IVG/aubo_ros2_ws/install/aubo_dashboard_msgs/share/aubo_dashboard_msgs/hook/pythonpath.ps1'
[0.468s] INFO:colcon.colcon_core.shell:Creating environment descriptor '/home/mu/IVG/aubo_ros2_ws/install/aubo_dashboard_msgs/share/aubo_dashboard_msgs/hook/pythonpath.dsv'
[0.468s] INFO:colcon.colcon_core.shell:Creating environment hook '/home/mu/IVG/aubo_ros2_ws/install/aubo_dashboard_msgs/share/aubo_dashboard_msgs/hook/pythonpath.sh'
[0.468s] Level 1:colcon.colcon_core.environment:checking '/home/mu/IVG/aubo_ros2_ws/install/aubo_dashboard_msgs/bin'
[0.468s] INFO:colcon.colcon_core.shell:Creating package script '/home/mu/IVG/aubo_ros2_ws/install/aubo_dashboard_msgs/share/aubo_dashboard_msgs/package.ps1'
[0.468s] INFO:colcon.colcon_core.shell:Creating package descriptor '/home/mu/IVG/aubo_ros2_ws/install/aubo_dashboard_msgs/share/aubo_dashboard_msgs/package.dsv'
[0.469s] INFO:colcon.colcon_core.shell:Creating package script '/home/mu/IVG/aubo_ros2_ws/install/aubo_dashboard_msgs/share/aubo_dashboard_msgs/package.sh'
[0.469s] INFO:colcon.colcon_core.shell:Creating package script '/home/mu/IVG/aubo_ros2_ws/install/aubo_dashboard_msgs/share/aubo_dashboard_msgs/package.bash'
[0.469s] INFO:colcon.colcon_core.shell:Creating package script '/home/mu/IVG/aubo_ros2_ws/install/aubo_dashboard_msgs/share/aubo_dashboard_msgs/package.zsh'
[0.470s] Level 1:colcon.colcon_core.environment:create_file_with_runtime_dependencies(/home/mu/IVG/aubo_ros2_ws/install/aubo_dashboard_msgs/share/colcon-core/packages/aubo_dashboard_msgs)
[0.470s] DEBUG:colcon.colcon_parallel_executor.executor.parallel:closing loop
[0.470s] DEBUG:colcon.colcon_parallel_executor.executor.parallel:loop closed
[0.470s] DEBUG:colcon.colcon_parallel_executor.executor.parallel:run_until_complete finished with '0'
[0.470s] DEBUG:colcon.colcon_core.event_reactor:joining thread
[0.473s] INFO:colcon.colcon_core.plugin_system:Skipping extension 'colcon_notification.desktop_notification.terminal_notifier': Not used on non-Darwin systems
[0.473s] INFO:colcon.colcon_core.plugin_system:Skipping extension 'colcon_notification.desktop_notification.win32': Not used on non-Windows systems
[0.473s] INFO:colcon.colcon_notification.desktop_notification:Sending desktop notification using 'notify2'
[0.479s] DEBUG:colcon.colcon_core.event_reactor:joined thread
[0.479s] INFO:colcon.colcon_core.shell:Creating prefix script '/home/mu/IVG/aubo_ros2_ws/install/local_setup.ps1'
[0.480s] INFO:colcon.colcon_core.shell:Creating prefix util module '/home/mu/IVG/aubo_ros2_ws/install/_local_setup_util_ps1.py'
[0.480s] INFO:colcon.colcon_core.shell:Creating prefix chain script '/home/mu/IVG/aubo_ros2_ws/install/setup.ps1'
[0.481s] INFO:colcon.colcon_core.shell:Creating prefix script '/home/mu/IVG/aubo_ros2_ws/install/local_setup.sh'
[0.481s] INFO:colcon.colcon_core.shell:Creating prefix util module '/home/mu/IVG/aubo_ros2_ws/install/_local_setup_util_sh.py'
[0.481s] INFO:colcon.colcon_core.shell:Creating prefix chain script '/home/mu/IVG/aubo_ros2_ws/install/setup.sh'
[0.482s] INFO:colcon.colcon_core.shell:Creating prefix script '/home/mu/IVG/aubo_ros2_ws/install/local_setup.bash'
[0.482s] INFO:colcon.colcon_core.shell:Creating prefix chain script '/home/mu/IVG/aubo_ros2_ws/install/setup.bash'
[0.482s] INFO:colcon.colcon_core.shell:Creating prefix script '/home/mu/IVG/aubo_ros2_ws/install/local_setup.zsh'
[0.482s] INFO:colcon.colcon_core.shell:Creating prefix chain script '/home/mu/IVG/aubo_ros2_ws/install/setup.zsh'
