[0.006s] Invoking command in '/home/mu/IVG/ws_moveit/build/moveit_visual_tools': CMAKE_PREFIX_PATH=/home/mu/IVG/ws_moveit/install/rviz_visual_tools:/home/mu/IVG/ws_moveit/install/moveit2_tutorials:/home/mu/IVG/ws_moveit/install/moveit_visual_tools:/opt/ros/foxy LD_LIBRARY_PATH=/home/mu/IVG/ws_moveit/install/rviz_visual_tools/lib:/home/mu/IVG/ws_moveit/install/moveit_visual_tools/lib:/opt/ros/foxy/opt/yaml_cpp_vendor/lib:/opt/ros/foxy/opt/rviz_ogre_vendor/lib:/opt/ros/foxy/lib/x86_64-linux-gnu:/opt/ros/foxy/lib /usr/bin/cmake --build /home/mu/IVG/ws_moveit/build/moveit_visual_tools -- -j32 -l32
[0.075s] [ 66%] Built target moveit_visual_tools
[0.104s] [100%] Built target moveit_visual_tools_demo
[0.111s] Invoked command in '/home/mu/IVG/ws_moveit/build/moveit_visual_tools' returned '0': CMAKE_PREFIX_PATH=/home/mu/IVG/ws_moveit/install/rviz_visual_tools:/home/mu/IVG/ws_moveit/install/moveit2_tutorials:/home/mu/IVG/ws_moveit/install/moveit_visual_tools:/opt/ros/foxy LD_LIBRARY_PATH=/home/mu/IVG/ws_moveit/install/rviz_visual_tools/lib:/home/mu/IVG/ws_moveit/install/moveit_visual_tools/lib:/opt/ros/foxy/opt/yaml_cpp_vendor/lib:/opt/ros/foxy/opt/rviz_ogre_vendor/lib:/opt/ros/foxy/lib/x86_64-linux-gnu:/opt/ros/foxy/lib /usr/bin/cmake --build /home/mu/IVG/ws_moveit/build/moveit_visual_tools -- -j32 -l32
[0.114s] Invoking command in '/home/mu/IVG/ws_moveit/build/moveit_visual_tools': CMAKE_PREFIX_PATH=/home/mu/IVG/ws_moveit/install/rviz_visual_tools:/home/mu/IVG/ws_moveit/install/moveit2_tutorials:/home/mu/IVG/ws_moveit/install/moveit_visual_tools:/opt/ros/foxy LD_LIBRARY_PATH=/home/mu/IVG/ws_moveit/install/rviz_visual_tools/lib:/home/mu/IVG/ws_moveit/install/moveit_visual_tools/lib:/opt/ros/foxy/opt/yaml_cpp_vendor/lib:/opt/ros/foxy/opt/rviz_ogre_vendor/lib:/opt/ros/foxy/lib/x86_64-linux-gnu:/opt/ros/foxy/lib /usr/bin/cmake --install /home/mu/IVG/ws_moveit/build/moveit_visual_tools
[0.122s] -- Install configuration: "Release"
[0.122s] -- Up-to-date: /home/mu/IVG/ws_moveit/install/moveit_visual_tools/share/moveit_visual_tools/environment/library_path.sh
[0.122s] -- Up-to-date: /home/mu/IVG/ws_moveit/install/moveit_visual_tools/share/moveit_visual_tools/environment/library_path.dsv
[0.122s] -- Up-to-date: /home/mu/IVG/ws_moveit/install/moveit_visual_tools/lib/libmoveit_visual_tools.so
[0.123s] -- Up-to-date: /home/mu/IVG/ws_moveit/install/moveit_visual_tools/lib/moveit_visual_tools/moveit_visual_tools_demo
[0.123s] -- Up-to-date: /home/mu/IVG/ws_moveit/install/moveit_visual_tools/include
[0.123s] -- Up-to-date: /home/mu/IVG/ws_moveit/install/moveit_visual_tools/include/moveit_visual_tools
[0.123s] -- Up-to-date: /home/mu/IVG/ws_moveit/install/moveit_visual_tools/include/moveit_visual_tools/imarker_end_effector.h
[0.123s] -- Up-to-date: /home/mu/IVG/ws_moveit/install/moveit_visual_tools/include/moveit_visual_tools/imarker_robot_state.h
[0.123s] -- Up-to-date: /home/mu/IVG/ws_moveit/install/moveit_visual_tools/include/moveit_visual_tools/moveit_visual_tools.h
[0.123s] -- Up-to-date: /home/mu/IVG/ws_moveit/install/moveit_visual_tools/share/moveit_visual_tools/launch
[0.123s] -- Up-to-date: /home/mu/IVG/ws_moveit/install/moveit_visual_tools/share/moveit_visual_tools/launch/demo.rviz
[0.123s] -- Up-to-date: /home/mu/IVG/ws_moveit/install/moveit_visual_tools/share/moveit_visual_tools/launch/demo_rviz.launch.py
[0.123s] -- Up-to-date: /home/mu/IVG/ws_moveit/install/moveit_visual_tools/share/moveit_visual_tools/resources
[0.123s] -- Up-to-date: /home/mu/IVG/ws_moveit/install/moveit_visual_tools/share/moveit_visual_tools/resources/screenshot.png
[0.123s] -- Up-to-date: /home/mu/IVG/ws_moveit/install/moveit_visual_tools/share/moveit_visual_tools/resources/rrbot.srdf
[0.123s] -- Up-to-date: /home/mu/IVG/ws_moveit/install/moveit_visual_tools/share/moveit_visual_tools/resources/rrbot.urdf
[0.123s] -- Up-to-date: /home/mu/IVG/ws_moveit/install/moveit_visual_tools/share/moveit_visual_tools/resources/demo.png
[0.123s] -- Up-to-date: /home/mu/IVG/ws_moveit/install/moveit_visual_tools/share/moveit_visual_tools/resources/demo_mesh.stl
[0.123s] -- Up-to-date: /home/mu/IVG/ws_moveit/install/moveit_visual_tools/share/ament_index/resource_index/package_run_dependencies/moveit_visual_tools
[0.123s] -- Up-to-date: /home/mu/IVG/ws_moveit/install/moveit_visual_tools/share/ament_index/resource_index/parent_prefix_path/moveit_visual_tools
[0.123s] -- Up-to-date: /home/mu/IVG/ws_moveit/install/moveit_visual_tools/share/moveit_visual_tools/environment/ament_prefix_path.sh
[0.123s] -- Up-to-date: /home/mu/IVG/ws_moveit/install/moveit_visual_tools/share/moveit_visual_tools/environment/ament_prefix_path.dsv
[0.123s] -- Up-to-date: /home/mu/IVG/ws_moveit/install/moveit_visual_tools/share/moveit_visual_tools/environment/path.sh
[0.123s] -- Up-to-date: /home/mu/IVG/ws_moveit/install/moveit_visual_tools/share/moveit_visual_tools/environment/path.dsv
[0.123s] -- Up-to-date: /home/mu/IVG/ws_moveit/install/moveit_visual_tools/share/moveit_visual_tools/local_setup.bash
[0.123s] -- Up-to-date: /home/mu/IVG/ws_moveit/install/moveit_visual_tools/share/moveit_visual_tools/local_setup.sh
[0.123s] -- Up-to-date: /home/mu/IVG/ws_moveit/install/moveit_visual_tools/share/moveit_visual_tools/local_setup.zsh
[0.123s] -- Up-to-date: /home/mu/IVG/ws_moveit/install/moveit_visual_tools/share/moveit_visual_tools/local_setup.dsv
[0.123s] -- Installing: /home/mu/IVG/ws_moveit/install/moveit_visual_tools/share/moveit_visual_tools/package.dsv
[0.123s] -- Up-to-date: /home/mu/IVG/ws_moveit/install/moveit_visual_tools/share/ament_index/resource_index/packages/moveit_visual_tools
[0.123s] -- Up-to-date: /home/mu/IVG/ws_moveit/install/moveit_visual_tools/share/moveit_visual_tools/cmake/export_moveit_visual_toolsExport.cmake
[0.123s] -- Up-to-date: /home/mu/IVG/ws_moveit/install/moveit_visual_tools/share/moveit_visual_tools/cmake/export_moveit_visual_toolsExport-release.cmake
[0.123s] -- Up-to-date: /home/mu/IVG/ws_moveit/install/moveit_visual_tools/share/moveit_visual_tools/cmake/ament_cmake_export_targets-extras.cmake
[0.123s] -- Up-to-date: /home/mu/IVG/ws_moveit/install/moveit_visual_tools/share/moveit_visual_tools/cmake/ament_cmake_export_dependencies-extras.cmake
[0.123s] -- Up-to-date: /home/mu/IVG/ws_moveit/install/moveit_visual_tools/share/moveit_visual_tools/cmake/moveit_visual_toolsConfig.cmake
[0.123s] -- Up-to-date: /home/mu/IVG/ws_moveit/install/moveit_visual_tools/share/moveit_visual_tools/cmake/moveit_visual_toolsConfig-version.cmake
[0.123s] -- Up-to-date: /home/mu/IVG/ws_moveit/install/moveit_visual_tools/share/moveit_visual_tools/package.xml
[0.124s] Invoked command in '/home/mu/IVG/ws_moveit/build/moveit_visual_tools' returned '0': CMAKE_PREFIX_PATH=/home/mu/IVG/ws_moveit/install/rviz_visual_tools:/home/mu/IVG/ws_moveit/install/moveit2_tutorials:/home/mu/IVG/ws_moveit/install/moveit_visual_tools:/opt/ros/foxy LD_LIBRARY_PATH=/home/mu/IVG/ws_moveit/install/rviz_visual_tools/lib:/home/mu/IVG/ws_moveit/install/moveit_visual_tools/lib:/opt/ros/foxy/opt/yaml_cpp_vendor/lib:/opt/ros/foxy/opt/rviz_ogre_vendor/lib:/opt/ros/foxy/lib/x86_64-linux-gnu:/opt/ros/foxy/lib /usr/bin/cmake --install /home/mu/IVG/ws_moveit/build/moveit_visual_tools
