[0.012s] Invoking command in '/home/mu/IVG/ws_moveit/build/moveit_plugins': AMENT_PREFIX_PATH=/home/mu/IVG/ws_moveit/install/moveit_simple_controller_manager:/home/mu/IVG/ws_moveit/install/moveit_core:/home/mu/IVG/ws_moveit/install/moveit_common:${AMENT_PREFIX_PATH} CMAKE_PREFIX_PATH=/home/mu/IVG/ws_moveit/install/moveit_simple_controller_manager:/home/mu/IVG/ws_moveit/install/moveit_core:/home/mu/IVG/ws_moveit/install/moveit_common:/home/mu/IVG/ws_moveit/install/moveit2_tutorials:/home/mu/IVG/ws_moveit/install/moveit_visual_tools:/home/mu/IVG/ws_moveit/install/rviz_visual_tools:/opt/ros/foxy LD_LIBRARY_PATH=/home/mu/IVG/ws_moveit/install/moveit_simple_controller_manager/lib:/home/mu/IVG/ws_moveit/install/moveit_core/lib:${LD_LIBRARY_PATH} PATH=/home/mu/IVG/ws_moveit/install/moveit_core/bin:${PATH} /usr/bin/cmake /home/mu/IVG/ws_moveit/src/moveit2/moveit_plugins/moveit_plugins -DCMAKE_BUILD_TYPE=Release -DCMAKE_INSTALL_PREFIX=/home/mu/IVG/ws_moveit/install/moveit_plugins
[0.046s] -- The C compiler identification is GNU 9.4.0
[0.081s] -- The CXX compiler identification is GNU 9.4.0
[0.085s] -- Check for working C compiler: /usr/bin/cc
[0.130s] -- Check for working C compiler: /usr/bin/cc -- works
[0.130s] -- Detecting C compiler ABI info
[0.174s] -- Detecting C compiler ABI info - done
[0.181s] -- Detecting C compile features
[0.181s] -- Detecting C compile features - done
[0.182s] -- Check for working CXX compiler: /usr/bin/c++
[0.233s] -- Check for working CXX compiler: /usr/bin/c++ -- works
[0.234s] -- Detecting CXX compiler ABI info
[0.284s] -- Detecting CXX compiler ABI info - done
[0.294s] -- Detecting CXX compile features
[0.294s] -- Detecting CXX compile features - done
[0.296s] -- Found ament_cmake: 0.9.12 (/opt/ros/foxy/share/ament_cmake/cmake)
[0.311s] -- Found PythonInterp: /usr/bin/python3 (found suitable version "3.8.10", minimum required is "3") 
[0.311s] -- Using PYTHON_EXECUTABLE: /usr/bin/python3
[0.424s] -- Found ament_lint_auto: 0.9.8 (/opt/ros/foxy/share/ament_lint_auto/cmake)
[0.469s] -- Added test 'copyright' to check source files copyright and LICENSE
[0.470s] -- Added test 'lint_cmake' to check CMake code style
[0.470s] -- Added test 'xmllint' to check XML markup files
[0.471s] -- Configuring done
[0.472s] -- Generating done
[0.473s] -- Build files have been written to: /home/mu/IVG/ws_moveit/build/moveit_plugins
[0.476s] Invoked command in '/home/mu/IVG/ws_moveit/build/moveit_plugins' returned '0': AMENT_PREFIX_PATH=/home/mu/IVG/ws_moveit/install/moveit_simple_controller_manager:/home/mu/IVG/ws_moveit/install/moveit_core:/home/mu/IVG/ws_moveit/install/moveit_common:${AMENT_PREFIX_PATH} CMAKE_PREFIX_PATH=/home/mu/IVG/ws_moveit/install/moveit_simple_controller_manager:/home/mu/IVG/ws_moveit/install/moveit_core:/home/mu/IVG/ws_moveit/install/moveit_common:/home/mu/IVG/ws_moveit/install/moveit2_tutorials:/home/mu/IVG/ws_moveit/install/moveit_visual_tools:/home/mu/IVG/ws_moveit/install/rviz_visual_tools:/opt/ros/foxy LD_LIBRARY_PATH=/home/mu/IVG/ws_moveit/install/moveit_simple_controller_manager/lib:/home/mu/IVG/ws_moveit/install/moveit_core/lib:${LD_LIBRARY_PATH} PATH=/home/mu/IVG/ws_moveit/install/moveit_core/bin:${PATH} /usr/bin/cmake /home/mu/IVG/ws_moveit/src/moveit2/moveit_plugins/moveit_plugins -DCMAKE_BUILD_TYPE=Release -DCMAKE_INSTALL_PREFIX=/home/mu/IVG/ws_moveit/install/moveit_plugins
[0.478s] Invoking command in '/home/mu/IVG/ws_moveit/build/moveit_plugins': AMENT_PREFIX_PATH=/home/mu/IVG/ws_moveit/install/moveit_simple_controller_manager:/home/mu/IVG/ws_moveit/install/moveit_core:/home/mu/IVG/ws_moveit/install/moveit_common:${AMENT_PREFIX_PATH} CMAKE_PREFIX_PATH=/home/mu/IVG/ws_moveit/install/moveit_simple_controller_manager:/home/mu/IVG/ws_moveit/install/moveit_core:/home/mu/IVG/ws_moveit/install/moveit_common:/home/mu/IVG/ws_moveit/install/moveit2_tutorials:/home/mu/IVG/ws_moveit/install/moveit_visual_tools:/home/mu/IVG/ws_moveit/install/rviz_visual_tools:/opt/ros/foxy LD_LIBRARY_PATH=/home/mu/IVG/ws_moveit/install/moveit_simple_controller_manager/lib:/home/mu/IVG/ws_moveit/install/moveit_core/lib:${LD_LIBRARY_PATH} PATH=/home/mu/IVG/ws_moveit/install/moveit_core/bin:${PATH} /usr/bin/cmake --build /home/mu/IVG/ws_moveit/build/moveit_plugins -- -j32 -l32
[0.501s] Invoked command in '/home/mu/IVG/ws_moveit/build/moveit_plugins' returned '0': AMENT_PREFIX_PATH=/home/mu/IVG/ws_moveit/install/moveit_simple_controller_manager:/home/mu/IVG/ws_moveit/install/moveit_core:/home/mu/IVG/ws_moveit/install/moveit_common:${AMENT_PREFIX_PATH} CMAKE_PREFIX_PATH=/home/mu/IVG/ws_moveit/install/moveit_simple_controller_manager:/home/mu/IVG/ws_moveit/install/moveit_core:/home/mu/IVG/ws_moveit/install/moveit_common:/home/mu/IVG/ws_moveit/install/moveit2_tutorials:/home/mu/IVG/ws_moveit/install/moveit_visual_tools:/home/mu/IVG/ws_moveit/install/rviz_visual_tools:/opt/ros/foxy LD_LIBRARY_PATH=/home/mu/IVG/ws_moveit/install/moveit_simple_controller_manager/lib:/home/mu/IVG/ws_moveit/install/moveit_core/lib:${LD_LIBRARY_PATH} PATH=/home/mu/IVG/ws_moveit/install/moveit_core/bin:${PATH} /usr/bin/cmake --build /home/mu/IVG/ws_moveit/build/moveit_plugins -- -j32 -l32
[0.503s] Invoking command in '/home/mu/IVG/ws_moveit/build/moveit_plugins': AMENT_PREFIX_PATH=/home/mu/IVG/ws_moveit/install/moveit_simple_controller_manager:/home/mu/IVG/ws_moveit/install/moveit_core:/home/mu/IVG/ws_moveit/install/moveit_common:${AMENT_PREFIX_PATH} CMAKE_PREFIX_PATH=/home/mu/IVG/ws_moveit/install/moveit_simple_controller_manager:/home/mu/IVG/ws_moveit/install/moveit_core:/home/mu/IVG/ws_moveit/install/moveit_common:/home/mu/IVG/ws_moveit/install/moveit2_tutorials:/home/mu/IVG/ws_moveit/install/moveit_visual_tools:/home/mu/IVG/ws_moveit/install/rviz_visual_tools:/opt/ros/foxy LD_LIBRARY_PATH=/home/mu/IVG/ws_moveit/install/moveit_simple_controller_manager/lib:/home/mu/IVG/ws_moveit/install/moveit_core/lib:${LD_LIBRARY_PATH} PATH=/home/mu/IVG/ws_moveit/install/moveit_core/bin:${PATH} /usr/bin/cmake --install /home/mu/IVG/ws_moveit/build/moveit_plugins
[0.508s] -- Install configuration: "Release"
[0.508s] -- Installing: /home/mu/IVG/ws_moveit/install/moveit_plugins/share/ament_index/resource_index/package_run_dependencies/moveit_plugins
[0.508s] -- Installing: /home/mu/IVG/ws_moveit/install/moveit_plugins/share/ament_index/resource_index/parent_prefix_path/moveit_plugins
[0.508s] -- Installing: /home/mu/IVG/ws_moveit/install/moveit_plugins/share/moveit_plugins/environment/ament_prefix_path.sh
[0.508s] -- Installing: /home/mu/IVG/ws_moveit/install/moveit_plugins/share/moveit_plugins/environment/ament_prefix_path.dsv
[0.509s] -- Installing: /home/mu/IVG/ws_moveit/install/moveit_plugins/share/moveit_plugins/environment/path.sh
[0.509s] -- Installing: /home/mu/IVG/ws_moveit/install/moveit_plugins/share/moveit_plugins/environment/path.dsv
[0.509s] -- Installing: /home/mu/IVG/ws_moveit/install/moveit_plugins/share/moveit_plugins/local_setup.bash
[0.509s] -- Installing: /home/mu/IVG/ws_moveit/install/moveit_plugins/share/moveit_plugins/local_setup.sh
[0.509s] -- Installing: /home/mu/IVG/ws_moveit/install/moveit_plugins/share/moveit_plugins/local_setup.zsh
[0.509s] -- Installing: /home/mu/IVG/ws_moveit/install/moveit_plugins/share/moveit_plugins/local_setup.dsv
[0.509s] -- Installing: /home/mu/IVG/ws_moveit/install/moveit_plugins/share/moveit_plugins/package.dsv
[0.509s] -- Installing: /home/mu/IVG/ws_moveit/install/moveit_plugins/share/ament_index/resource_index/packages/moveit_plugins
[0.509s] -- Installing: /home/mu/IVG/ws_moveit/install/moveit_plugins/share/moveit_plugins/cmake/moveit_pluginsConfig.cmake
[0.509s] -- Installing: /home/mu/IVG/ws_moveit/install/moveit_plugins/share/moveit_plugins/cmake/moveit_pluginsConfig-version.cmake
[0.509s] -- Installing: /home/mu/IVG/ws_moveit/install/moveit_plugins/share/moveit_plugins/package.xml
[0.510s] Invoked command in '/home/mu/IVG/ws_moveit/build/moveit_plugins' returned '0': AMENT_PREFIX_PATH=/home/mu/IVG/ws_moveit/install/moveit_simple_controller_manager:/home/mu/IVG/ws_moveit/install/moveit_core:/home/mu/IVG/ws_moveit/install/moveit_common:${AMENT_PREFIX_PATH} CMAKE_PREFIX_PATH=/home/mu/IVG/ws_moveit/install/moveit_simple_controller_manager:/home/mu/IVG/ws_moveit/install/moveit_core:/home/mu/IVG/ws_moveit/install/moveit_common:/home/mu/IVG/ws_moveit/install/moveit2_tutorials:/home/mu/IVG/ws_moveit/install/moveit_visual_tools:/home/mu/IVG/ws_moveit/install/rviz_visual_tools:/opt/ros/foxy LD_LIBRARY_PATH=/home/mu/IVG/ws_moveit/install/moveit_simple_controller_manager/lib:/home/mu/IVG/ws_moveit/install/moveit_core/lib:${LD_LIBRARY_PATH} PATH=/home/mu/IVG/ws_moveit/install/moveit_core/bin:${PATH} /usr/bin/cmake --install /home/mu/IVG/ws_moveit/build/moveit_plugins
