[0.012s] Invoking command in '/home/mu/IVG/ws_moveit/build/moveit_common': CMAKE_PREFIX_PATH=${CMAKE_PREFIX_PATH}:/opt/ros/foxy /usr/bin/cmake --build /home/mu/IVG/ws_moveit/build/moveit_common -- -j32 -l32
[0.032s] Invoked command in '/home/mu/IVG/ws_moveit/build/moveit_common' returned '0': CMAKE_PREFIX_PATH=${CMAKE_PREFIX_PATH}:/opt/ros/foxy /usr/bin/cmake --build /home/mu/IVG/ws_moveit/build/moveit_common -- -j32 -l32
[0.039s] Invoking command in '/home/mu/IVG/ws_moveit/build/moveit_common': CMAKE_PREFIX_PATH=${CMAKE_PREFIX_PATH}:/opt/ros/foxy /usr/bin/cmake --install /home/mu/IVG/ws_moveit/build/moveit_common
[0.043s] -- Install configuration: "Release"
[0.043s] -- Up-to-date: /home/mu/IVG/ws_moveit/install/moveit_common/share/ament_index/resource_index/package_run_dependencies/moveit_common
[0.043s] -- Up-to-date: /home/mu/IVG/ws_moveit/install/moveit_common/share/ament_index/resource_index/parent_prefix_path/moveit_common
[0.043s] -- Up-to-date: /home/mu/IVG/ws_moveit/install/moveit_common/share/moveit_common/environment/ament_prefix_path.sh
[0.044s] -- Up-to-date: /home/mu/IVG/ws_moveit/install/moveit_common/share/moveit_common/environment/ament_prefix_path.dsv
[0.044s] -- Up-to-date: /home/mu/IVG/ws_moveit/install/moveit_common/share/moveit_common/environment/path.sh
[0.044s] -- Up-to-date: /home/mu/IVG/ws_moveit/install/moveit_common/share/moveit_common/environment/path.dsv
[0.044s] -- Up-to-date: /home/mu/IVG/ws_moveit/install/moveit_common/share/moveit_common/local_setup.bash
[0.044s] -- Up-to-date: /home/mu/IVG/ws_moveit/install/moveit_common/share/moveit_common/local_setup.sh
[0.045s] -- Up-to-date: /home/mu/IVG/ws_moveit/install/moveit_common/share/moveit_common/local_setup.zsh
[0.045s] -- Up-to-date: /home/mu/IVG/ws_moveit/install/moveit_common/share/moveit_common/local_setup.dsv
[0.045s] -- Installing: /home/mu/IVG/ws_moveit/install/moveit_common/share/moveit_common/package.dsv
[0.045s] -- Up-to-date: /home/mu/IVG/ws_moveit/install/moveit_common/share/ament_index/resource_index/packages/moveit_common
[0.045s] -- Up-to-date: /home/mu/IVG/ws_moveit/install/moveit_common/share/moveit_common/cmake/moveit_common-extras.cmake
[0.045s] -- Up-to-date: /home/mu/IVG/ws_moveit/install/moveit_common/share/moveit_common/cmake/moveit_commonConfig.cmake
[0.046s] -- Up-to-date: /home/mu/IVG/ws_moveit/install/moveit_common/share/moveit_common/cmake/moveit_commonConfig-version.cmake
[0.046s] -- Up-to-date: /home/mu/IVG/ws_moveit/install/moveit_common/share/moveit_common/package.xml
[0.046s] -- Up-to-date: /home/mu/IVG/ws_moveit/install/moveit_common/share/moveit_common/cmake
[0.046s] -- Up-to-date: /home/mu/IVG/ws_moveit/install/moveit_common/share/moveit_common/cmake/moveit_package.cmake
[0.046s] Invoked command in '/home/mu/IVG/ws_moveit/build/moveit_common' returned '0': CMAKE_PREFIX_PATH=${CMAKE_PREFIX_PATH}:/opt/ros/foxy /usr/bin/cmake --install /home/mu/IVG/ws_moveit/build/moveit_common
