Performing C++ SOURCE FILE Test CMAKE_HAVE_LIBC_PTHREAD failed with the following output:
Change Dir: /home/mu/IVG/ws_moveit/build/moveit_core/CMakeFiles/CMakeTmp

Run Build Command(s):/usr/bin/make cmTC_33153/fast && /usr/bin/make -f CMakeFiles/cmTC_33153.dir/build.make CMakeFiles/cmTC_33153.dir/build
make[1]: 进入目录“/home/mu/IVG/ws_moveit/build/moveit_core/CMakeFiles/CMakeTmp”
Building CXX object CMakeFiles/cmTC_33153.dir/src.cxx.o
/usr/bin/c++    -DCMAKE_HAVE_LIBC_PTHREAD   -std=c++14 -o CMakeFiles/cmTC_33153.dir/src.cxx.o -c /home/mu/IVG/ws_moveit/build/moveit_core/CMakeFiles/CMakeTmp/src.cxx
Linking CXX executable cmTC_33153
/usr/bin/cmake -E cmake_link_script CMakeFiles/cmTC_33153.dir/link.txt --verbose=1
/usr/bin/c++   -DCMAKE_HAVE_LIBC_PTHREAD    CMakeFiles/cmTC_33153.dir/src.cxx.o  -o cmTC_33153 
/usr/bin/ld: CMakeFiles/cmTC_33153.dir/src.cxx.o: in function `main':
src.cxx:(.text+0x46): undefined reference to `pthread_create'
/usr/bin/ld: src.cxx:(.text+0x52): undefined reference to `pthread_detach'
/usr/bin/ld: src.cxx:(.text+0x63): undefined reference to `pthread_join'
collect2: error: ld returned 1 exit status
make[1]: *** [CMakeFiles/cmTC_33153.dir/build.make:87：cmTC_33153] 错误 1
make[1]: 离开目录“/home/mu/IVG/ws_moveit/build/moveit_core/CMakeFiles/CMakeTmp”
make: *** [Makefile:121：cmTC_33153/fast] 错误 2


Source file was:
#include <pthread.h>

void* test_func(void* data)
{
  return data;
}

int main(void)
{
  pthread_t thread;
  pthread_create(&thread, NULL, test_func, NULL);
  pthread_detach(thread);
  pthread_join(thread, NULL);
  pthread_atfork(NULL, NULL, NULL);
  pthread_exit(NULL);

  return 0;
}

Determining if the function pthread_create exists in the pthreads failed with the following output:
Change Dir: /home/mu/IVG/ws_moveit/build/moveit_core/CMakeFiles/CMakeTmp

Run Build Command(s):/usr/bin/make cmTC_dea7f/fast && /usr/bin/make -f CMakeFiles/cmTC_dea7f.dir/build.make CMakeFiles/cmTC_dea7f.dir/build
make[1]: 进入目录“/home/mu/IVG/ws_moveit/build/moveit_core/CMakeFiles/CMakeTmp”
Building CXX object CMakeFiles/cmTC_dea7f.dir/CheckFunctionExists.cxx.o
/usr/bin/c++    -DCHECK_FUNCTION_EXISTS=pthread_create   -std=c++14 -o CMakeFiles/cmTC_dea7f.dir/CheckFunctionExists.cxx.o -c /home/mu/IVG/ws_moveit/build/moveit_core/CMakeFiles/CheckLibraryExists/CheckFunctionExists.cxx
Linking CXX executable cmTC_dea7f
/usr/bin/cmake -E cmake_link_script CMakeFiles/cmTC_dea7f.dir/link.txt --verbose=1
/usr/bin/c++   -DCHECK_FUNCTION_EXISTS=pthread_create    CMakeFiles/cmTC_dea7f.dir/CheckFunctionExists.cxx.o  -o cmTC_dea7f  -lpthreads 
/usr/bin/ld: 找不到 -lpthreads
collect2: error: ld returned 1 exit status
make[1]: *** [CMakeFiles/cmTC_dea7f.dir/build.make:87：cmTC_dea7f] 错误 1
make[1]: 离开目录“/home/mu/IVG/ws_moveit/build/moveit_core/CMakeFiles/CMakeTmp”
make: *** [Makefile:121：cmTC_dea7f/fast] 错误 2



