[0.008s] Invoking command in '/home/mu/IVG/ws_moveit/build/rviz_visual_tools': CMAKE_PREFIX_PATH=${CMAKE_PREFIX_PATH}:/opt/ros/foxy /usr/bin/cmake /home/mu/IVG/ws_moveit/src/rviz_visual_tools -DCMAKE_BUILD_TYPE=Release -DCMAKE_INSTALL_PREFIX=/home/mu/IVG/ws_moveit/install/rviz_visual_tools
[0.016s] -- Found ament_cmake: 0.9.12 (/opt/ros/foxy/share/ament_cmake/cmake)
[0.027s] -- Using PYTHON_EXECUTABLE: /usr/bin/python3
[0.116s] -- Found rclcpp: 2.4.3 (/opt/ros/foxy/share/rclcpp/cmake)
[0.136s] -- Using all available rosidl_typesupport_c: rosidl_typesupport_fastrtps_c;rosidl_typesupport_introspection_c
[0.137s] -- Found rosidl_adapter: 1.3.1 (/opt/ros/foxy/share/rosidl_adapter/cmake)
[0.205s] -- Using all available rosidl_typesupport_cpp: rosidl_typesupport_fastrtps_cpp;rosidl_typesupport_introspection_cpp
[0.231s] -- Found rmw_implementation_cmake: 1.0.4 (/opt/ros/foxy/share/rmw_implementation_cmake/cmake)
[0.233s] -- Using RMW implementation 'rmw_fastrtps_cpp' as default
[0.309s] -- Found rclcpp_components: 2.4.3 (/opt/ros/foxy/share/rclcpp_components/cmake)
[0.339s] -- Found rviz_ogre_vendor: 8.2.8 (/opt/ros/foxy/share/rviz_ogre_vendor/cmake)
[0.339s] -- Setting OGRE_DIR to: '/opt/ros/foxy/share/rviz_ogre_vendor/cmake/../../../opt/rviz_ogre_vendor/lib/OGRE/cmake'
[0.340s] -- Found OGRE
[0.340s] --   static     : OFF
[0.340s] --   components : HLMS;MeshLodGenerator;Overlay;Paging;Property;RTShaderSystem;Terrain;Volume
[0.340s] --   plugins    : Plugin_BSPSceneManager;Plugin_OctreeSceneManager;Plugin_PCZSceneManager;Plugin_ParticleFX;RenderSystem_GL;RenderSystem_GL3Plus;Codec_STBI
[0.340s] --   media      : /opt/ros/foxy/opt/rviz_ogre_vendor/share/OGRE/Media
[0.340s] -- OGRE_LIBRARIES: OgreHLMS;OgreMeshLodGenerator;OgreOverlay;OgrePaging;OgreProperty;OgreRTShaderSystem;OgreTerrain;OgreVolume;OgreMain
[0.340s] -- OGRE_LIBRARY_DIRS: /opt/ros/foxy/opt/rviz_ogre_vendor/lib
[0.341s] -- OGRE_PLUGINS: Plugin_BSPSceneManager;Plugin_OctreeSceneManager;Plugin_PCZSceneManager;Plugin_ParticleFX;RenderSystem_GL;RenderSystem_GL3Plus;Codec_STBI
[0.341s] -- OGRE_PLUGIN_DIR: /opt/ros/foxy/opt/rviz_ogre_vendor/lib/OGRE
[0.341s] -- rviz_ogre_vendor::OgreOverlay for IMPORTED_LOCATION_RELEASE: /opt/ros/foxy/opt/rviz_ogre_vendor/lib/libOgreOverlay.so
[0.341s] -- rviz_ogre_vendor::OgreOverlay for IMPORTED_LOCATION_DEBUG: /opt/ros/foxy/opt/rviz_ogre_vendor/lib/libOgreOverlay.so
[0.341s] -- rviz_ogre_vendor::OgreMain for IMPORTED_LOCATION_RELEASE: /opt/ros/foxy/opt/rviz_ogre_vendor/lib/libOgreMain.so
[0.341s] -- rviz_ogre_vendor::OgreMain for IMPORTED_LOCATION_DEBUG: /opt/ros/foxy/opt/rviz_ogre_vendor/lib/libOgreMain.so
[0.364s] -- rviz_ogre_vendor::RenderSystem_GL for IMPORTED_LOCATION_RELEASE: _render_system_gl_static_library_abs-NOTFOUND
[0.364s] -- rviz_ogre_vendor::RenderSystem_GL for IMPORTED_LOCATION_DEBUG: _render_system_gl_static_library_abs-NOTFOUND
[0.364s] -- Found sensor_msgs: 2.0.5 (/opt/ros/foxy/share/sensor_msgs/cmake)
[0.426s] -- Found shape_msgs: 2.0.5 (/opt/ros/foxy/share/shape_msgs/cmake)
[0.461s] -- Found visualization_msgs: 2.0.5 (/opt/ros/foxy/share/visualization_msgs/cmake)
[0.500s] -- Found trajectory_msgs: 2.0.5 (/opt/ros/foxy/share/trajectory_msgs/cmake)
[0.540s] -- Found eigen3_cmake_module: 0.1.1 (/opt/ros/foxy/share/eigen3_cmake_module/cmake)
[0.540s] -- Found eigen_stl_containers: 1.0.0 (/opt/ros/foxy/share/eigen_stl_containers/cmake)
[0.544s] -- Found tf2: 0.13.14 (/opt/ros/foxy/share/tf2/cmake)
[0.549s] -- Found tf2_eigen: 0.13.14 (/opt/ros/foxy/share/tf2_eigen/cmake)
[0.702s] -- Found tf2_geometry_msgs: 0.13.14 (/opt/ros/foxy/share/tf2_geometry_msgs/cmake)
[0.720s] -- Found pluginlib: 2.5.4 (/opt/ros/foxy/share/pluginlib/cmake)
[0.729s] -- Found interactive_markers: 2.1.3 (/opt/ros/foxy/share/interactive_markers/cmake)
[0.741s] -- Found rviz_common: 8.2.8 (/opt/ros/foxy/share/rviz_common/cmake)
[0.747s] -- library: libassimp.so.5
[0.759s] -- library: /usr/lib/x86_64-linux-gnu/libcurl.so
[0.798s] -- Setting yaml-cpp_DIR to: '/opt/ros/foxy/share/yaml_cpp_vendor/cmake/../../../opt/yaml_cpp_vendor/lib/cmake/yaml-cpp'
[0.800s] -- Found rviz_default_plugins: 8.2.8 (/opt/ros/foxy/share/rviz_default_plugins/cmake)
[1.051s] -- Found ament_cmake_gtest: 0.9.12 (/opt/ros/foxy/share/ament_cmake_gtest/cmake)
[1.052s] -- Found gtest sources under '/opt/ros/foxy/src/gtest_vendor': C++ tests using 'Google Test' will be built
[1.092s] -- Configuring done
[1.190s] -- Generating done
[1.215s] -- Build files have been written to: /home/mu/IVG/ws_moveit/build/rviz_visual_tools
[1.224s] Invoked command in '/home/mu/IVG/ws_moveit/build/rviz_visual_tools' returned '0': CMAKE_PREFIX_PATH=${CMAKE_PREFIX_PATH}:/opt/ros/foxy /usr/bin/cmake /home/mu/IVG/ws_moveit/src/rviz_visual_tools -DCMAKE_BUILD_TYPE=Release -DCMAKE_INSTALL_PREFIX=/home/mu/IVG/ws_moveit/install/rviz_visual_tools
[1.224s] Invoking command in '/home/mu/IVG/ws_moveit/build/rviz_visual_tools': CMAKE_PREFIX_PATH=${CMAKE_PREFIX_PATH}:/opt/ros/foxy /usr/bin/cmake --build /home/mu/IVG/ws_moveit/build/rviz_visual_tools -- -j32 -l32
[1.257s] [  2%] [34m[1mAutomatic MOC for target rviz_visual_tools_remote_control[0m
[1.257s] [  7%] [34m[1mAutomatic MOC for target gtest_main[0m
[1.257s] [  7%] [34m[1mAutomatic MOC for target gtest[0m
[1.257s] [ 10%] [34m[1mAutomatic MOC for target rviz_visual_tools_gui[0m
[1.268s] [ 10%] Built target rviz_visual_tools_remote_control_autogen
[1.268s] [ 10%] Built target rviz_visual_tools_gui_autogen
[1.268s] [ 10%] Built target gtest_main_autogen
[1.268s] [ 10%] Built target gtest_autogen
[1.280s] [ 15%] [32mBuilding CXX object gtest/CMakeFiles/gtest_main.dir/gtest_main_autogen/mocs_compilation.cpp.o[0m
[1.280s] [ 15%] [32mBuilding CXX object gtest/CMakeFiles/gtest.dir/src/gtest-all.cc.o[0m
[1.281s] [ 17%] [32mBuilding CXX object gtest/CMakeFiles/gtest_main.dir/src/gtest_main.cc.o[0m
[1.281s] [ 20%] [32mBuilding CXX object gtest/CMakeFiles/gtest.dir/gtest_autogen/mocs_compilation.cpp.o[0m
[1.284s] [ 23%] [32mBuilding CXX object CMakeFiles/rviz_visual_tools_remote_control.dir/src/remote_control.cpp.o[0m
[1.284s] [ 25%] [32mBuilding CXX object CMakeFiles/rviz_visual_tools_remote_control.dir/rviz_visual_tools_remote_control_autogen/mocs_compilation.cpp.o[0m
[1.292s] [ 28%] [32mBuilding CXX object CMakeFiles/rviz_visual_tools_gui.dir/src/rviz_visual_tools_gui.cpp.o[0m
[1.293s] [ 30%] [32mBuilding CXX object CMakeFiles/rviz_visual_tools_gui.dir/rviz_visual_tools_gui_autogen/mocs_compilation.cpp.o[0m
[1.293s] [ 33%] [32mBuilding CXX object CMakeFiles/rviz_visual_tools_gui.dir/src/key_tool.cpp.o[0m
[1.297s] [ 35%] [32mBuilding CXX object CMakeFiles/rviz_visual_tools_gui.dir/src/remote_control.cpp.o[0m
[1.768s] [ 38%] [32m[1mLinking CXX static library libgtest_main.a[0m
[1.791s] [ 38%] Built target gtest_main
[6.038s] [ 41%] [32m[1mLinking CXX shared library librviz_visual_tools_remote_control.so[0m
[6.121s] [ 43%] [32m[1mLinking CXX shared library librviz_visual_tools_gui.so[0m
[6.153s] [ 43%] Built target rviz_visual_tools_remote_control
[6.179s] [ 46%] [34m[1mAutomatic MOC for target rviz_visual_tools[0m
[6.204s] [ 46%] Built target rviz_visual_tools_autogen
[6.240s] [ 48%] [32mBuilding CXX object CMakeFiles/rviz_visual_tools.dir/rviz_visual_tools_autogen/mocs_compilation.cpp.o[0m
[6.250s] [ 53%] [32mBuilding CXX object CMakeFiles/rviz_visual_tools.dir/src/rviz_visual_tools.cpp.o[0m
[6.250s] [ 53%] [32mBuilding CXX object CMakeFiles/rviz_visual_tools.dir/src/tf_visual_tools.cpp.o[0m
[7.088s] [ 53%] Built target rviz_visual_tools_gui
[7.589s] [ 56%] [32m[1mLinking CXX static library libgtest.a[0m
[7.619s] [ 56%] Built target gtest
[17.074s] [ 58%] [32m[1mLinking CXX shared library librviz_visual_tools.so[0m
[17.156s] [ 58%] Built target rviz_visual_tools
[17.167s] [ 61%] [34m[1mAutomatic MOC for target rviz_visual_tools_imarker_simple[0m
[17.168s] [ 64%] [34m[1mAutomatic MOC for target rviz_visual_tools_demo[0m
[17.168s] [ 66%] [34m[1mAutomatic MOC for target rviz_visual_tools_rvt_test[0m
[17.177s] [ 66%] Built target rviz_visual_tools_rvt_test_autogen
[17.178s] [ 66%] Built target rviz_visual_tools_demo_autogen
[17.178s] [ 66%] Built target rviz_visual_tools_imarker_simple_autogen
[17.192s] [ 69%] [32mBuilding CXX object CMakeFiles/rviz_visual_tools_demo.dir/rviz_visual_tools_demo_autogen/mocs_compilation.cpp.o[0m
[17.192s] [ 71%] [32mBuilding CXX object CMakeFiles/rviz_visual_tools_rvt_test.dir/rviz_visual_tools_rvt_test_autogen/mocs_compilation.cpp.o[0m
[17.192s] [ 74%] [32mBuilding CXX object CMakeFiles/rviz_visual_tools_imarker_simple.dir/rviz_visual_tools_imarker_simple_autogen/mocs_compilation.cpp.o[0m
[17.196s] [ 79%] [32mBuilding CXX object CMakeFiles/rviz_visual_tools_imarker_simple.dir/src/imarker_simple.cpp.o[0m
[17.196s] [ 79%] [32mBuilding CXX object CMakeFiles/rviz_visual_tools_demo.dir/src/rviz_visual_tools_demo.cpp.o[0m
[17.201s] [ 82%] [32mBuilding CXX object CMakeFiles/rviz_visual_tools_rvt_test.dir/tests/rvt_test.cpp.o[0m
[19.560s] [ 84%] [32m[1mLinking CXX shared library librviz_visual_tools_imarker_simple.so[0m
[19.664s] [ 84%] Built target rviz_visual_tools_imarker_simple
[19.680s] [ 87%] [34m[1mAutomatic MOC for target rviz_visual_tools_imarker_simple_demo[0m
[19.695s] [ 87%] Built target rviz_visual_tools_imarker_simple_demo_autogen
[19.719s] [ 89%] [32mBuilding CXX object CMakeFiles/rviz_visual_tools_imarker_simple_demo.dir/rviz_visual_tools_imarker_simple_demo_autogen/mocs_compilation.cpp.o[0m
[19.721s] [ 92%] [32mBuilding CXX object CMakeFiles/rviz_visual_tools_imarker_simple_demo.dir/src/imarker_simple_demo.cpp.o[0m
[20.575s] [ 94%] [32m[1mLinking CXX executable rviz_visual_tools_demo[0m
[20.693s] [ 94%] Built target rviz_visual_tools_demo
[21.331s] [ 97%] [32m[1mLinking CXX executable rviz_visual_tools_rvt_test[0m
[21.473s] [ 97%] Built target rviz_visual_tools_rvt_test
[22.529s] [100%] [32m[1mLinking CXX executable rviz_visual_tools_imarker_simple_demo[0m
[22.636s] [100%] Built target rviz_visual_tools_imarker_simple_demo
[22.649s] Invoked command in '/home/mu/IVG/ws_moveit/build/rviz_visual_tools' returned '0': CMAKE_PREFIX_PATH=${CMAKE_PREFIX_PATH}:/opt/ros/foxy /usr/bin/cmake --build /home/mu/IVG/ws_moveit/build/rviz_visual_tools -- -j32 -l32
[22.650s] Invoking command in '/home/mu/IVG/ws_moveit/build/rviz_visual_tools': CMAKE_PREFIX_PATH=${CMAKE_PREFIX_PATH}:/opt/ros/foxy /usr/bin/cmake --install /home/mu/IVG/ws_moveit/build/rviz_visual_tools
[22.654s] -- Install configuration: "Release"
[22.655s] -- Up-to-date: /home/mu/IVG/ws_moveit/install/rviz_visual_tools/share/rviz_visual_tools/plugin_description.xml
[22.655s] -- Installing: /home/mu/IVG/ws_moveit/install/rviz_visual_tools/lib/librviz_visual_tools.so
[22.656s] -- Set runtime path of "/home/mu/IVG/ws_moveit/install/rviz_visual_tools/lib/librviz_visual_tools.so" to ""
[22.656s] -- Installing: /home/mu/IVG/ws_moveit/install/rviz_visual_tools/lib/librviz_visual_tools_remote_control.so
[22.657s] -- Set runtime path of "/home/mu/IVG/ws_moveit/install/rviz_visual_tools/lib/librviz_visual_tools_remote_control.so" to ""
[22.657s] -- Installing: /home/mu/IVG/ws_moveit/install/rviz_visual_tools/lib/librviz_visual_tools_gui.so
[22.657s] -- Set runtime path of "/home/mu/IVG/ws_moveit/install/rviz_visual_tools/lib/librviz_visual_tools_gui.so" to ""
[22.658s] -- Installing: /home/mu/IVG/ws_moveit/install/rviz_visual_tools/lib/librviz_visual_tools_imarker_simple.so
[22.658s] -- Set runtime path of "/home/mu/IVG/ws_moveit/install/rviz_visual_tools/lib/librviz_visual_tools_imarker_simple.so" to ""
[22.658s] -- Installing: /home/mu/IVG/ws_moveit/install/rviz_visual_tools/lib/rviz_visual_tools/rviz_visual_tools_demo
[22.658s] -- Set runtime path of "/home/mu/IVG/ws_moveit/install/rviz_visual_tools/lib/rviz_visual_tools/rviz_visual_tools_demo" to ""
[22.658s] -- Installing: /home/mu/IVG/ws_moveit/install/rviz_visual_tools/lib/rviz_visual_tools/rviz_visual_tools_imarker_simple_demo
[22.658s] -- Set runtime path of "/home/mu/IVG/ws_moveit/install/rviz_visual_tools/lib/rviz_visual_tools/rviz_visual_tools_imarker_simple_demo" to ""
[22.659s] -- Up-to-date: /home/mu/IVG/ws_moveit/install/rviz_visual_tools/include
[22.659s] -- Up-to-date: /home/mu/IVG/ws_moveit/install/rviz_visual_tools/include/rviz_visual_tools
[22.659s] -- Up-to-date: /home/mu/IVG/ws_moveit/install/rviz_visual_tools/include/rviz_visual_tools/rviz_visual_tools.hpp
[22.659s] -- Up-to-date: /home/mu/IVG/ws_moveit/install/rviz_visual_tools/include/rviz_visual_tools/remote_control.hpp
[22.659s] -- Up-to-date: /home/mu/IVG/ws_moveit/install/rviz_visual_tools/include/rviz_visual_tools/remote_reciever.hpp
[22.659s] -- Up-to-date: /home/mu/IVG/ws_moveit/install/rviz_visual_tools/include/rviz_visual_tools/imarker_simple.hpp
[22.659s] -- Up-to-date: /home/mu/IVG/ws_moveit/install/rviz_visual_tools/include/rviz_visual_tools/rviz_visual_tools_gui.hpp
[22.659s] -- Up-to-date: /home/mu/IVG/ws_moveit/install/rviz_visual_tools/include/rviz_visual_tools/tf_visual_tools.hpp
[22.659s] -- Up-to-date: /home/mu/IVG/ws_moveit/install/rviz_visual_tools/include/rviz_visual_tools/key_tool.hpp
[22.660s] -- Up-to-date: /home/mu/IVG/ws_moveit/install/rviz_visual_tools/share/rviz_visual_tools/launch
[22.660s] -- Up-to-date: /home/mu/IVG/ws_moveit/install/rviz_visual_tools/share/rviz_visual_tools/launch/demo.rviz
[22.660s] -- Up-to-date: /home/mu/IVG/ws_moveit/install/rviz_visual_tools/share/rviz_visual_tools/launch/demo_rviz.launch.py
[22.660s] -- Up-to-date: /home/mu/IVG/ws_moveit/install/rviz_visual_tools/share/rviz_visual_tools/launch/rvt_test.launch
[22.660s] -- Up-to-date: /home/mu/IVG/ws_moveit/install/rviz_visual_tools/share/rviz_visual_tools/launch/demo_combined.launch.py
[22.660s] -- Up-to-date: /home/mu/IVG/ws_moveit/install/rviz_visual_tools/share/rviz_visual_tools/environment/library_path.sh
[22.660s] -- Installing: /home/mu/IVG/ws_moveit/install/rviz_visual_tools/share/rviz_visual_tools/environment/library_path.dsv
[22.660s] -- Up-to-date: /home/mu/IVG/ws_moveit/install/rviz_visual_tools/share/ament_index/resource_index/package_run_dependencies/rviz_visual_tools
[22.660s] -- Up-to-date: /home/mu/IVG/ws_moveit/install/rviz_visual_tools/share/ament_index/resource_index/parent_prefix_path/rviz_visual_tools
[22.660s] -- Up-to-date: /home/mu/IVG/ws_moveit/install/rviz_visual_tools/share/rviz_visual_tools/environment/ament_prefix_path.sh
[22.660s] -- Installing: /home/mu/IVG/ws_moveit/install/rviz_visual_tools/share/rviz_visual_tools/environment/ament_prefix_path.dsv
[22.660s] -- Up-to-date: /home/mu/IVG/ws_moveit/install/rviz_visual_tools/share/rviz_visual_tools/environment/path.sh
[22.661s] -- Installing: /home/mu/IVG/ws_moveit/install/rviz_visual_tools/share/rviz_visual_tools/environment/path.dsv
[22.661s] -- Up-to-date: /home/mu/IVG/ws_moveit/install/rviz_visual_tools/share/rviz_visual_tools/local_setup.bash
[22.662s] -- Up-to-date: /home/mu/IVG/ws_moveit/install/rviz_visual_tools/share/rviz_visual_tools/local_setup.sh
[22.662s] -- Up-to-date: /home/mu/IVG/ws_moveit/install/rviz_visual_tools/share/rviz_visual_tools/local_setup.zsh
[22.663s] -- Installing: /home/mu/IVG/ws_moveit/install/rviz_visual_tools/share/rviz_visual_tools/local_setup.dsv
[22.663s] -- Installing: /home/mu/IVG/ws_moveit/install/rviz_visual_tools/share/rviz_visual_tools/package.dsv
[22.663s] -- Up-to-date: /home/mu/IVG/ws_moveit/install/rviz_visual_tools/share/ament_index/resource_index/packages/rviz_visual_tools
[22.663s] -- Up-to-date: /home/mu/IVG/ws_moveit/install/rviz_visual_tools/share/ament_index/resource_index/rviz_common__pluginlib__plugin/rviz_visual_tools
[22.663s] -- Up-to-date: /home/mu/IVG/ws_moveit/install/rviz_visual_tools/share/rviz_visual_tools/cmake/ament_cmake_export_dependencies-extras.cmake
[22.663s] -- Up-to-date: /home/mu/IVG/ws_moveit/install/rviz_visual_tools/share/rviz_visual_tools/cmake/ament_cmake_export_include_directories-extras.cmake
[22.664s] -- Up-to-date: /home/mu/IVG/ws_moveit/install/rviz_visual_tools/share/rviz_visual_tools/cmake/ament_cmake_export_libraries-extras.cmake
[22.664s] -- Up-to-date: /home/mu/IVG/ws_moveit/install/rviz_visual_tools/share/rviz_visual_tools/cmake/rviz_visual_toolsConfig.cmake
[22.664s] -- Up-to-date: /home/mu/IVG/ws_moveit/install/rviz_visual_tools/share/rviz_visual_tools/cmake/rviz_visual_toolsConfig-version.cmake
[22.665s] -- Up-to-date: /home/mu/IVG/ws_moveit/install/rviz_visual_tools/share/rviz_visual_tools/package.xml
[22.665s] Invoked command in '/home/mu/IVG/ws_moveit/build/rviz_visual_tools' returned '0': CMAKE_PREFIX_PATH=${CMAKE_PREFIX_PATH}:/opt/ros/foxy /usr/bin/cmake --install /home/mu/IVG/ws_moveit/build/rviz_visual_tools
