[0.093s] DEBUG:colcon:Command line arguments: ['/usr/bin/colcon', 'build', '--event-handlers', 'console_direct+', '--cmake-args', '-DCMAKE_BUILD_TYPE=Release']
[0.093s] DEBUG:colcon:Parsed command line arguments: Namespace(allow_overriding=[], ament_cmake_args=None, base_paths=['.'], build_base='build', catkin_cmake_args=None, catkin_skip_building_tests=False, cmake_args=['-DCMAKE_BUILD_TYPE=Release'], cmake_clean_cache=False, cmake_clean_first=False, cmake_force_configure=False, cmake_target=None, cmake_target_skip_unavailable=False, continue_on_error=False, event_handlers=['console_direct+'], executor='parallel', ignore_user_meta=False, install_base='install', log_base=None, log_level=None, main=<bound method BuildVerb.main of <colcon_core.verb.build.BuildVerb object at 0x7f28aadf5d90>>, merge_install=False, metas=['./colcon.meta'], mixin=None, mixin_files=None, mixin_verb=('build',), packages_above=None, packages_above_and_dependencies=None, packages_above_depth=None, packages_end=None, packages_ignore=None, packages_ignore_regex=None, packages_select=None, packages_select_build_failed=False, packages_select_by_dep=None, packages_select_regex=None, packages_select_test_failures=False, packages_skip=None, packages_skip_build_finished=False, packages_skip_by_dep=None, packages_skip_regex=None, packages_skip_test_passed=False, packages_skip_up_to=None, packages_start=None, packages_up_to=None, packages_up_to_regex=None, parallel_workers=32, paths=None, symlink_install=False, test_result_base=None, verb_extension=<colcon_core.verb.build.BuildVerb object at 0x7f28aadf5d90>, verb_name='build', verb_parser=<colcon_mixin.mixin.mixin_argument.MixinArgumentDecorator object at 0x7f28aae043a0>)
[0.159s] Level 1:colcon.colcon_core.package_discovery:discover_packages(colcon_meta) check parameters
[0.159s] Level 1:colcon.colcon_core.package_discovery:discover_packages(recursive) check parameters
[0.159s] Level 1:colcon.colcon_core.package_discovery:discover_packages(ignore) check parameters
[0.159s] Level 1:colcon.colcon_core.package_discovery:discover_packages(path) check parameters
[0.159s] Level 1:colcon.colcon_core.package_discovery:discover_packages(colcon_meta) discover
[0.159s] Level 1:colcon.colcon_core.package_discovery:discover_packages(recursive) discover
[0.159s] INFO:colcon.colcon_core.package_discovery:Crawling recursively for packages in '/home/mu/IVG/aubo_ros2_ws'
[0.159s] Level 1:colcon.colcon_core.package_identification:_identify(.) by extensions ['ignore', 'ignore_ament_install']
[0.159s] Level 1:colcon.colcon_core.package_identification:_identify(.) by extension 'ignore'
[0.159s] Level 1:colcon.colcon_core.package_identification:_identify(.) by extension 'ignore_ament_install'
[0.159s] Level 1:colcon.colcon_core.package_identification:_identify(.) by extensions ['colcon_pkg']
[0.159s] Level 1:colcon.colcon_core.package_identification:_identify(.) by extension 'colcon_pkg'
[0.159s] Level 1:colcon.colcon_core.package_identification:_identify(.) by extensions ['colcon_meta']
[0.159s] Level 1:colcon.colcon_core.package_identification:_identify(.) by extension 'colcon_meta'
[0.159s] Level 1:colcon.colcon_core.package_identification:_identify(.) by extensions ['ros']
[0.159s] Level 1:colcon.colcon_core.package_identification:_identify(.) by extension 'ros'
[0.164s] Level 1:colcon.colcon_core.package_identification:_identify(.) by extensions ['cmake', 'python']
[0.164s] Level 1:colcon.colcon_core.package_identification:_identify(.) by extension 'cmake'
[0.164s] Level 1:colcon.colcon_core.package_identification:_identify(.) by extension 'python'
[0.164s] Level 1:colcon.colcon_core.package_identification:_identify(.) by extensions ['python_setup_py']
[0.164s] Level 1:colcon.colcon_core.package_identification:_identify(.) by extension 'python_setup_py'
[0.164s] Level 1:colcon.colcon_core.package_identification:_identify(build) by extensions ['ignore', 'ignore_ament_install']
[0.164s] Level 1:colcon.colcon_core.package_identification:_identify(build) by extension 'ignore'
[0.164s] Level 1:colcon.colcon_core.package_identification:_identify(build) ignored
[0.164s] Level 1:colcon.colcon_core.package_identification:_identify(install) by extensions ['ignore', 'ignore_ament_install']
[0.164s] Level 1:colcon.colcon_core.package_identification:_identify(install) by extension 'ignore'
[0.164s] Level 1:colcon.colcon_core.package_identification:_identify(install) ignored
[0.164s] Level 1:colcon.colcon_core.package_identification:_identify(log) by extensions ['ignore', 'ignore_ament_install']
[0.164s] Level 1:colcon.colcon_core.package_identification:_identify(log) by extension 'ignore'
[0.164s] Level 1:colcon.colcon_core.package_identification:_identify(log) ignored
[0.164s] Level 1:colcon.colcon_core.package_identification:_identify(src) by extensions ['ignore', 'ignore_ament_install']
[0.164s] Level 1:colcon.colcon_core.package_identification:_identify(src) by extension 'ignore'
[0.164s] Level 1:colcon.colcon_core.package_identification:_identify(src) by extension 'ignore_ament_install'
[0.164s] Level 1:colcon.colcon_core.package_identification:_identify(src) by extensions ['colcon_pkg']
[0.164s] Level 1:colcon.colcon_core.package_identification:_identify(src) by extension 'colcon_pkg'
[0.164s] Level 1:colcon.colcon_core.package_identification:_identify(src) by extensions ['colcon_meta']
[0.164s] Level 1:colcon.colcon_core.package_identification:_identify(src) by extension 'colcon_meta'
[0.164s] Level 1:colcon.colcon_core.package_identification:_identify(src) by extensions ['ros']
[0.164s] Level 1:colcon.colcon_core.package_identification:_identify(src) by extension 'ros'
[0.164s] Level 1:colcon.colcon_core.package_identification:_identify(src) by extensions ['cmake', 'python']
[0.164s] Level 1:colcon.colcon_core.package_identification:_identify(src) by extension 'cmake'
[0.164s] Level 1:colcon.colcon_core.package_identification:_identify(src) by extension 'python'
[0.164s] Level 1:colcon.colcon_core.package_identification:_identify(src) by extensions ['python_setup_py']
[0.164s] Level 1:colcon.colcon_core.package_identification:_identify(src) by extension 'python_setup_py'
[0.164s] Level 1:colcon.colcon_core.package_identification:_identify(src/aubo_ros2_driver) by extensions ['ignore', 'ignore_ament_install']
[0.164s] Level 1:colcon.colcon_core.package_identification:_identify(src/aubo_ros2_driver) by extension 'ignore'
[0.164s] Level 1:colcon.colcon_core.package_identification:_identify(src/aubo_ros2_driver) by extension 'ignore_ament_install'
[0.164s] Level 1:colcon.colcon_core.package_identification:_identify(src/aubo_ros2_driver) by extensions ['colcon_pkg']
[0.164s] Level 1:colcon.colcon_core.package_identification:_identify(src/aubo_ros2_driver) by extension 'colcon_pkg'
[0.164s] Level 1:colcon.colcon_core.package_identification:_identify(src/aubo_ros2_driver) by extensions ['colcon_meta']
[0.164s] Level 1:colcon.colcon_core.package_identification:_identify(src/aubo_ros2_driver) by extension 'colcon_meta'
[0.165s] Level 1:colcon.colcon_core.package_identification:_identify(src/aubo_ros2_driver) by extensions ['ros']
[0.165s] Level 1:colcon.colcon_core.package_identification:_identify(src/aubo_ros2_driver) by extension 'ros'
[0.165s] Level 1:colcon.colcon_core.package_identification:_identify(src/aubo_ros2_driver) by extensions ['cmake', 'python']
[0.165s] Level 1:colcon.colcon_core.package_identification:_identify(src/aubo_ros2_driver) by extension 'cmake'
[0.165s] Level 1:colcon.colcon_core.package_identification:_identify(src/aubo_ros2_driver) by extension 'python'
[0.165s] Level 1:colcon.colcon_core.package_identification:_identify(src/aubo_ros2_driver) by extensions ['python_setup_py']
[0.165s] Level 1:colcon.colcon_core.package_identification:_identify(src/aubo_ros2_driver) by extension 'python_setup_py'
[0.165s] Level 1:colcon.colcon_core.package_identification:_identify(src/aubo_ros2_driver/aubo_dashboard_msgs) by extensions ['ignore', 'ignore_ament_install']
[0.165s] Level 1:colcon.colcon_core.package_identification:_identify(src/aubo_ros2_driver/aubo_dashboard_msgs) by extension 'ignore'
[0.165s] Level 1:colcon.colcon_core.package_identification:_identify(src/aubo_ros2_driver/aubo_dashboard_msgs) by extension 'ignore_ament_install'
[0.165s] Level 1:colcon.colcon_core.package_identification:_identify(src/aubo_ros2_driver/aubo_dashboard_msgs) by extensions ['colcon_pkg']
[0.165s] Level 1:colcon.colcon_core.package_identification:_identify(src/aubo_ros2_driver/aubo_dashboard_msgs) by extension 'colcon_pkg'
[0.165s] Level 1:colcon.colcon_core.package_identification:_identify(src/aubo_ros2_driver/aubo_dashboard_msgs) by extensions ['colcon_meta']
[0.165s] Level 1:colcon.colcon_core.package_identification:_identify(src/aubo_ros2_driver/aubo_dashboard_msgs) by extension 'colcon_meta'
[0.165s] Level 1:colcon.colcon_core.package_identification:_identify(src/aubo_ros2_driver/aubo_dashboard_msgs) by extensions ['ros']
[0.165s] Level 1:colcon.colcon_core.package_identification:_identify(src/aubo_ros2_driver/aubo_dashboard_msgs) by extension 'ros'
[0.166s] DEBUG:colcon.colcon_core.package_identification:Package 'src/aubo_ros2_driver/aubo_dashboard_msgs' with type 'ros.ament_cmake' and name 'aubo_dashboard_msgs'
[0.166s] Level 1:colcon.colcon_core.package_identification:_identify(src/aubo_ros2_driver/aubo_description) by extensions ['ignore', 'ignore_ament_install']
[0.166s] Level 1:colcon.colcon_core.package_identification:_identify(src/aubo_ros2_driver/aubo_description) by extension 'ignore'
[0.166s] Level 1:colcon.colcon_core.package_identification:_identify(src/aubo_ros2_driver/aubo_description) by extension 'ignore_ament_install'
[0.166s] Level 1:colcon.colcon_core.package_identification:_identify(src/aubo_ros2_driver/aubo_description) by extensions ['colcon_pkg']
[0.166s] Level 1:colcon.colcon_core.package_identification:_identify(src/aubo_ros2_driver/aubo_description) by extension 'colcon_pkg'
[0.166s] Level 1:colcon.colcon_core.package_identification:_identify(src/aubo_ros2_driver/aubo_description) by extensions ['colcon_meta']
[0.166s] Level 1:colcon.colcon_core.package_identification:_identify(src/aubo_ros2_driver/aubo_description) by extension 'colcon_meta'
[0.166s] Level 1:colcon.colcon_core.package_identification:_identify(src/aubo_ros2_driver/aubo_description) by extensions ['ros']
[0.166s] Level 1:colcon.colcon_core.package_identification:_identify(src/aubo_ros2_driver/aubo_description) by extension 'ros'
[0.168s] DEBUG:colcon.colcon_core.package_identification:Package 'src/aubo_ros2_driver/aubo_description' with type 'ros.ament_cmake' and name 'aubo_description'
[0.168s] Level 1:colcon.colcon_core.package_identification:_identify(src/aubo_ros2_driver/aubo_moveit_config) by extensions ['ignore', 'ignore_ament_install']
[0.168s] Level 1:colcon.colcon_core.package_identification:_identify(src/aubo_ros2_driver/aubo_moveit_config) by extension 'ignore'
[0.168s] Level 1:colcon.colcon_core.package_identification:_identify(src/aubo_ros2_driver/aubo_moveit_config) by extension 'ignore_ament_install'
[0.168s] Level 1:colcon.colcon_core.package_identification:_identify(src/aubo_ros2_driver/aubo_moveit_config) by extensions ['colcon_pkg']
[0.168s] Level 1:colcon.colcon_core.package_identification:_identify(src/aubo_ros2_driver/aubo_moveit_config) by extension 'colcon_pkg'
[0.168s] Level 1:colcon.colcon_core.package_identification:_identify(src/aubo_ros2_driver/aubo_moveit_config) by extensions ['colcon_meta']
[0.168s] Level 1:colcon.colcon_core.package_identification:_identify(src/aubo_ros2_driver/aubo_moveit_config) by extension 'colcon_meta'
[0.168s] Level 1:colcon.colcon_core.package_identification:_identify(src/aubo_ros2_driver/aubo_moveit_config) by extensions ['ros']
[0.168s] Level 1:colcon.colcon_core.package_identification:_identify(src/aubo_ros2_driver/aubo_moveit_config) by extension 'ros'
[0.172s] DEBUG:colcon.colcon_core.package_identification:Package 'src/aubo_ros2_driver/aubo_moveit_config' with type 'ros.ament_cmake' and name 'aubo_moveit_config'
[0.172s] Level 1:colcon.colcon_core.package_identification:_identify(src/aubo_ros2_driver/aubo_msgs) by extensions ['ignore', 'ignore_ament_install']
[0.172s] Level 1:colcon.colcon_core.package_identification:_identify(src/aubo_ros2_driver/aubo_msgs) by extension 'ignore'
[0.172s] Level 1:colcon.colcon_core.package_identification:_identify(src/aubo_ros2_driver/aubo_msgs) by extension 'ignore_ament_install'
[0.172s] Level 1:colcon.colcon_core.package_identification:_identify(src/aubo_ros2_driver/aubo_msgs) by extensions ['colcon_pkg']
[0.172s] Level 1:colcon.colcon_core.package_identification:_identify(src/aubo_ros2_driver/aubo_msgs) by extension 'colcon_pkg'
[0.172s] Level 1:colcon.colcon_core.package_identification:_identify(src/aubo_ros2_driver/aubo_msgs) by extensions ['colcon_meta']
[0.172s] Level 1:colcon.colcon_core.package_identification:_identify(src/aubo_ros2_driver/aubo_msgs) by extension 'colcon_meta'
[0.172s] Level 1:colcon.colcon_core.package_identification:_identify(src/aubo_ros2_driver/aubo_msgs) by extensions ['ros']
[0.173s] Level 1:colcon.colcon_core.package_identification:_identify(src/aubo_ros2_driver/aubo_msgs) by extension 'ros'
[0.173s] DEBUG:colcon.colcon_core.package_identification:Package 'src/aubo_ros2_driver/aubo_msgs' with type 'ros.ament_cmake' and name 'aubo_msgs'
[0.173s] Level 1:colcon.colcon_core.package_identification:_identify(src/camport_ros2) by extensions ['ignore', 'ignore_ament_install']
[0.173s] Level 1:colcon.colcon_core.package_identification:_identify(src/camport_ros2) by extension 'ignore'
[0.173s] Level 1:colcon.colcon_core.package_identification:_identify(src/camport_ros2) by extension 'ignore_ament_install'
[0.173s] Level 1:colcon.colcon_core.package_identification:_identify(src/camport_ros2) by extensions ['colcon_pkg']
[0.173s] Level 1:colcon.colcon_core.package_identification:_identify(src/camport_ros2) by extension 'colcon_pkg'
[0.173s] Level 1:colcon.colcon_core.package_identification:_identify(src/camport_ros2) by extensions ['colcon_meta']
[0.173s] Level 1:colcon.colcon_core.package_identification:_identify(src/camport_ros2) by extension 'colcon_meta'
[0.173s] Level 1:colcon.colcon_core.package_identification:_identify(src/camport_ros2) by extensions ['ros']
[0.173s] Level 1:colcon.colcon_core.package_identification:_identify(src/camport_ros2) by extension 'ros'
[0.173s] Level 1:colcon.colcon_core.package_identification:_identify(src/camport_ros2) by extensions ['cmake', 'python']
[0.173s] Level 1:colcon.colcon_core.package_identification:_identify(src/camport_ros2) by extension 'cmake'
[0.173s] Level 1:colcon.colcon_core.package_identification:_identify(src/camport_ros2) by extension 'python'
[0.173s] Level 1:colcon.colcon_core.package_identification:_identify(src/camport_ros2) by extensions ['python_setup_py']
[0.173s] Level 1:colcon.colcon_core.package_identification:_identify(src/camport_ros2) by extension 'python_setup_py'
[0.173s] Level 1:colcon.colcon_core.package_identification:_identify(src/camport_ros2/src) by extensions ['ignore', 'ignore_ament_install']
[0.173s] Level 1:colcon.colcon_core.package_identification:_identify(src/camport_ros2/src) by extension 'ignore'
[0.173s] Level 1:colcon.colcon_core.package_identification:_identify(src/camport_ros2/src) by extension 'ignore_ament_install'
[0.173s] Level 1:colcon.colcon_core.package_identification:_identify(src/camport_ros2/src) by extensions ['colcon_pkg']
[0.173s] Level 1:colcon.colcon_core.package_identification:_identify(src/camport_ros2/src) by extension 'colcon_pkg'
[0.173s] Level 1:colcon.colcon_core.package_identification:_identify(src/camport_ros2/src) by extensions ['colcon_meta']
[0.173s] Level 1:colcon.colcon_core.package_identification:_identify(src/camport_ros2/src) by extension 'colcon_meta'
[0.173s] Level 1:colcon.colcon_core.package_identification:_identify(src/camport_ros2/src) by extensions ['ros']
[0.173s] Level 1:colcon.colcon_core.package_identification:_identify(src/camport_ros2/src) by extension 'ros'
[0.173s] Level 1:colcon.colcon_core.package_identification:_identify(src/camport_ros2/src) by extensions ['cmake', 'python']
[0.173s] Level 1:colcon.colcon_core.package_identification:_identify(src/camport_ros2/src) by extension 'cmake'
[0.173s] Level 1:colcon.colcon_core.package_identification:_identify(src/camport_ros2/src) by extension 'python'
[0.173s] Level 1:colcon.colcon_core.package_identification:_identify(src/camport_ros2/src) by extensions ['python_setup_py']
[0.173s] Level 1:colcon.colcon_core.package_identification:_identify(src/camport_ros2/src) by extension 'python_setup_py'
[0.173s] Level 1:colcon.colcon_core.package_identification:_identify(src/camport_ros2/src/percipio_camera) by extensions ['ignore', 'ignore_ament_install']
[0.173s] Level 1:colcon.colcon_core.package_identification:_identify(src/camport_ros2/src/percipio_camera) by extension 'ignore'
[0.173s] Level 1:colcon.colcon_core.package_identification:_identify(src/camport_ros2/src/percipio_camera) by extension 'ignore_ament_install'
[0.174s] Level 1:colcon.colcon_core.package_identification:_identify(src/camport_ros2/src/percipio_camera) by extensions ['colcon_pkg']
[0.174s] Level 1:colcon.colcon_core.package_identification:_identify(src/camport_ros2/src/percipio_camera) by extension 'colcon_pkg'
[0.174s] Level 1:colcon.colcon_core.package_identification:_identify(src/camport_ros2/src/percipio_camera) by extensions ['colcon_meta']
[0.174s] Level 1:colcon.colcon_core.package_identification:_identify(src/camport_ros2/src/percipio_camera) by extension 'colcon_meta'
[0.174s] Level 1:colcon.colcon_core.package_identification:_identify(src/camport_ros2/src/percipio_camera) by extensions ['ros']
[0.174s] Level 1:colcon.colcon_core.package_identification:_identify(src/camport_ros2/src/percipio_camera) by extension 'ros'
[0.174s] DEBUG:colcon.colcon_core.package_identification:Package 'src/camport_ros2/src/percipio_camera' with type 'ros.ament_cmake' and name 'percipio_camera'
[0.174s] Level 1:colcon.colcon_core.package_discovery:discover_packages(recursive) using defaults
[0.174s] Level 1:colcon.colcon_core.package_discovery:discover_packages(ignore) discover
[0.174s] Level 1:colcon.colcon_core.package_discovery:discover_packages(ignore) using defaults
[0.174s] Level 1:colcon.colcon_core.package_discovery:discover_packages(path) discover
[0.174s] Level 1:colcon.colcon_core.package_discovery:discover_packages(path) using defaults
[0.181s] Level 1:colcon.colcon_core.package_discovery:discover_packages(prefix_path) check parameters
[0.181s] Level 1:colcon.colcon_core.package_discovery:discover_packages(prefix_path) discover
[0.182s] DEBUG:colcon.colcon_installed_package_information.package_discovery:Found 308 installed packages in /opt/ros/foxy
[0.183s] Level 1:colcon.colcon_core.package_discovery:discover_packages(prefix_path) using defaults
[0.207s] Level 5:colcon.colcon_core.verb:set package 'aubo_dashboard_msgs' build argument 'cmake_args' from command line to '['-DCMAKE_BUILD_TYPE=Release']'
[0.208s] Level 5:colcon.colcon_core.verb:set package 'aubo_dashboard_msgs' build argument 'cmake_target' from command line to 'None'
[0.208s] Level 5:colcon.colcon_core.verb:set package 'aubo_dashboard_msgs' build argument 'cmake_target_skip_unavailable' from command line to 'False'
[0.208s] Level 5:colcon.colcon_core.verb:set package 'aubo_dashboard_msgs' build argument 'cmake_clean_cache' from command line to 'False'
[0.208s] Level 5:colcon.colcon_core.verb:set package 'aubo_dashboard_msgs' build argument 'cmake_clean_first' from command line to 'False'
[0.208s] Level 5:colcon.colcon_core.verb:set package 'aubo_dashboard_msgs' build argument 'cmake_force_configure' from command line to 'False'
[0.208s] Level 5:colcon.colcon_core.verb:set package 'aubo_dashboard_msgs' build argument 'ament_cmake_args' from command line to 'None'
[0.208s] Level 5:colcon.colcon_core.verb:set package 'aubo_dashboard_msgs' build argument 'catkin_cmake_args' from command line to 'None'
[0.208s] Level 5:colcon.colcon_core.verb:set package 'aubo_dashboard_msgs' build argument 'catkin_skip_building_tests' from command line to 'False'
[0.208s] DEBUG:colcon.colcon_core.verb:Building package 'aubo_dashboard_msgs' with the following arguments: {'ament_cmake_args': None, 'build_base': '/home/mu/IVG/aubo_ros2_ws/build/aubo_dashboard_msgs', 'catkin_cmake_args': None, 'catkin_skip_building_tests': False, 'cmake_args': ['-DCMAKE_BUILD_TYPE=Release'], 'cmake_clean_cache': False, 'cmake_clean_first': False, 'cmake_force_configure': False, 'cmake_target': None, 'cmake_target_skip_unavailable': False, 'install_base': '/home/mu/IVG/aubo_ros2_ws/install/aubo_dashboard_msgs', 'merge_install': False, 'path': '/home/mu/IVG/aubo_ros2_ws/src/aubo_ros2_driver/aubo_dashboard_msgs', 'symlink_install': False, 'test_result_base': None}
[0.208s] Level 5:colcon.colcon_core.verb:set package 'aubo_description' build argument 'cmake_args' from command line to '['-DCMAKE_BUILD_TYPE=Release']'
[0.208s] Level 5:colcon.colcon_core.verb:set package 'aubo_description' build argument 'cmake_target' from command line to 'None'
[0.208s] Level 5:colcon.colcon_core.verb:set package 'aubo_description' build argument 'cmake_target_skip_unavailable' from command line to 'False'
[0.208s] Level 5:colcon.colcon_core.verb:set package 'aubo_description' build argument 'cmake_clean_cache' from command line to 'False'
[0.208s] Level 5:colcon.colcon_core.verb:set package 'aubo_description' build argument 'cmake_clean_first' from command line to 'False'
[0.208s] Level 5:colcon.colcon_core.verb:set package 'aubo_description' build argument 'cmake_force_configure' from command line to 'False'
[0.208s] Level 5:colcon.colcon_core.verb:set package 'aubo_description' build argument 'ament_cmake_args' from command line to 'None'
[0.208s] Level 5:colcon.colcon_core.verb:set package 'aubo_description' build argument 'catkin_cmake_args' from command line to 'None'
[0.208s] Level 5:colcon.colcon_core.verb:set package 'aubo_description' build argument 'catkin_skip_building_tests' from command line to 'False'
[0.208s] DEBUG:colcon.colcon_core.verb:Building package 'aubo_description' with the following arguments: {'ament_cmake_args': None, 'build_base': '/home/mu/IVG/aubo_ros2_ws/build/aubo_description', 'catkin_cmake_args': None, 'catkin_skip_building_tests': False, 'cmake_args': ['-DCMAKE_BUILD_TYPE=Release'], 'cmake_clean_cache': False, 'cmake_clean_first': False, 'cmake_force_configure': False, 'cmake_target': None, 'cmake_target_skip_unavailable': False, 'install_base': '/home/mu/IVG/aubo_ros2_ws/install/aubo_description', 'merge_install': False, 'path': '/home/mu/IVG/aubo_ros2_ws/src/aubo_ros2_driver/aubo_description', 'symlink_install': False, 'test_result_base': None}
[0.208s] Level 5:colcon.colcon_core.verb:set package 'aubo_msgs' build argument 'cmake_args' from command line to '['-DCMAKE_BUILD_TYPE=Release']'
[0.208s] Level 5:colcon.colcon_core.verb:set package 'aubo_msgs' build argument 'cmake_target' from command line to 'None'
[0.208s] Level 5:colcon.colcon_core.verb:set package 'aubo_msgs' build argument 'cmake_target_skip_unavailable' from command line to 'False'
[0.208s] Level 5:colcon.colcon_core.verb:set package 'aubo_msgs' build argument 'cmake_clean_cache' from command line to 'False'
[0.208s] Level 5:colcon.colcon_core.verb:set package 'aubo_msgs' build argument 'cmake_clean_first' from command line to 'False'
[0.208s] Level 5:colcon.colcon_core.verb:set package 'aubo_msgs' build argument 'cmake_force_configure' from command line to 'False'
[0.208s] Level 5:colcon.colcon_core.verb:set package 'aubo_msgs' build argument 'ament_cmake_args' from command line to 'None'
[0.208s] Level 5:colcon.colcon_core.verb:set package 'aubo_msgs' build argument 'catkin_cmake_args' from command line to 'None'
[0.208s] Level 5:colcon.colcon_core.verb:set package 'aubo_msgs' build argument 'catkin_skip_building_tests' from command line to 'False'
[0.208s] DEBUG:colcon.colcon_core.verb:Building package 'aubo_msgs' with the following arguments: {'ament_cmake_args': None, 'build_base': '/home/mu/IVG/aubo_ros2_ws/build/aubo_msgs', 'catkin_cmake_args': None, 'catkin_skip_building_tests': False, 'cmake_args': ['-DCMAKE_BUILD_TYPE=Release'], 'cmake_clean_cache': False, 'cmake_clean_first': False, 'cmake_force_configure': False, 'cmake_target': None, 'cmake_target_skip_unavailable': False, 'install_base': '/home/mu/IVG/aubo_ros2_ws/install/aubo_msgs', 'merge_install': False, 'path': '/home/mu/IVG/aubo_ros2_ws/src/aubo_ros2_driver/aubo_msgs', 'symlink_install': False, 'test_result_base': None}
[0.208s] Level 5:colcon.colcon_core.verb:set package 'percipio_camera' build argument 'cmake_args' from command line to '['-DCMAKE_BUILD_TYPE=Release']'
[0.208s] Level 5:colcon.colcon_core.verb:set package 'percipio_camera' build argument 'cmake_target' from command line to 'None'
[0.208s] Level 5:colcon.colcon_core.verb:set package 'percipio_camera' build argument 'cmake_target_skip_unavailable' from command line to 'False'
[0.208s] Level 5:colcon.colcon_core.verb:set package 'percipio_camera' build argument 'cmake_clean_cache' from command line to 'False'
[0.208s] Level 5:colcon.colcon_core.verb:set package 'percipio_camera' build argument 'cmake_clean_first' from command line to 'False'
[0.208s] Level 5:colcon.colcon_core.verb:set package 'percipio_camera' build argument 'cmake_force_configure' from command line to 'False'
[0.208s] Level 5:colcon.colcon_core.verb:set package 'percipio_camera' build argument 'ament_cmake_args' from command line to 'None'
[0.208s] Level 5:colcon.colcon_core.verb:set package 'percipio_camera' build argument 'catkin_cmake_args' from command line to 'None'
[0.208s] Level 5:colcon.colcon_core.verb:set package 'percipio_camera' build argument 'catkin_skip_building_tests' from command line to 'False'
[0.208s] DEBUG:colcon.colcon_core.verb:Building package 'percipio_camera' with the following arguments: {'ament_cmake_args': None, 'build_base': '/home/mu/IVG/aubo_ros2_ws/build/percipio_camera', 'catkin_cmake_args': None, 'catkin_skip_building_tests': False, 'cmake_args': ['-DCMAKE_BUILD_TYPE=Release'], 'cmake_clean_cache': False, 'cmake_clean_first': False, 'cmake_force_configure': False, 'cmake_target': None, 'cmake_target_skip_unavailable': False, 'install_base': '/home/mu/IVG/aubo_ros2_ws/install/percipio_camera', 'merge_install': False, 'path': '/home/mu/IVG/aubo_ros2_ws/src/camport_ros2/src/percipio_camera', 'symlink_install': False, 'test_result_base': None}
[0.208s] Level 5:colcon.colcon_core.verb:set package 'aubo_moveit_config' build argument 'cmake_args' from command line to '['-DCMAKE_BUILD_TYPE=Release']'
[0.208s] Level 5:colcon.colcon_core.verb:set package 'aubo_moveit_config' build argument 'cmake_target' from command line to 'None'
[0.209s] Level 5:colcon.colcon_core.verb:set package 'aubo_moveit_config' build argument 'cmake_target_skip_unavailable' from command line to 'False'
[0.209s] Level 5:colcon.colcon_core.verb:set package 'aubo_moveit_config' build argument 'cmake_clean_cache' from command line to 'False'
[0.209s] Level 5:colcon.colcon_core.verb:set package 'aubo_moveit_config' build argument 'cmake_clean_first' from command line to 'False'
[0.209s] Level 5:colcon.colcon_core.verb:set package 'aubo_moveit_config' build argument 'cmake_force_configure' from command line to 'False'
[0.209s] Level 5:colcon.colcon_core.verb:set package 'aubo_moveit_config' build argument 'ament_cmake_args' from command line to 'None'
[0.209s] Level 5:colcon.colcon_core.verb:set package 'aubo_moveit_config' build argument 'catkin_cmake_args' from command line to 'None'
[0.209s] Level 5:colcon.colcon_core.verb:set package 'aubo_moveit_config' build argument 'catkin_skip_building_tests' from command line to 'False'
[0.209s] DEBUG:colcon.colcon_core.verb:Building package 'aubo_moveit_config' with the following arguments: {'ament_cmake_args': None, 'build_base': '/home/mu/IVG/aubo_ros2_ws/build/aubo_moveit_config', 'catkin_cmake_args': None, 'catkin_skip_building_tests': False, 'cmake_args': ['-DCMAKE_BUILD_TYPE=Release'], 'cmake_clean_cache': False, 'cmake_clean_first': False, 'cmake_force_configure': False, 'cmake_target': None, 'cmake_target_skip_unavailable': False, 'install_base': '/home/mu/IVG/aubo_ros2_ws/install/aubo_moveit_config', 'merge_install': False, 'path': '/home/mu/IVG/aubo_ros2_ws/src/aubo_ros2_driver/aubo_moveit_config', 'symlink_install': False, 'test_result_base': None}
[0.209s] INFO:colcon.colcon_core.executor:Executing jobs using 'parallel' executor
[0.209s] DEBUG:colcon.colcon_parallel_executor.executor.parallel:run_until_complete
[0.209s] INFO:colcon.colcon_ros.task.ament_cmake.build:Building ROS package in '/home/mu/IVG/aubo_ros2_ws/src/aubo_ros2_driver/aubo_description' with build type 'ament_cmake'
[0.210s] INFO:colcon.colcon_cmake.task.cmake.build:Building CMake package in '/home/mu/IVG/aubo_ros2_ws/src/aubo_ros2_driver/aubo_description'
[0.210s] INFO:colcon.colcon_core.plugin_system:Skipping extension 'colcon_core.shell.bat': Not used on non-Windows systems
[0.210s] INFO:colcon.colcon_core.shell:Skip shell extension 'powershell' for command environment: Not usable outside of PowerShell
[0.210s] DEBUG:colcon.colcon_core.shell:Skip shell extension 'dsv' for command environment
[0.213s] INFO:colcon.colcon_ros.task.ament_cmake.build:Building ROS package in '/home/mu/IVG/aubo_ros2_ws/src/aubo_ros2_driver/aubo_dashboard_msgs' with build type 'ament_cmake'
[0.213s] INFO:colcon.colcon_cmake.task.cmake.build:Building CMake package in '/home/mu/IVG/aubo_ros2_ws/src/aubo_ros2_driver/aubo_dashboard_msgs'
[0.213s] INFO:colcon.colcon_core.shell:Skip shell extension 'powershell' for command environment: Not usable outside of PowerShell
[0.213s] DEBUG:colcon.colcon_core.shell:Skip shell extension 'dsv' for command environment
[0.215s] INFO:colcon.colcon_ros.task.ament_cmake.build:Building ROS package in '/home/mu/IVG/aubo_ros2_ws/src/aubo_ros2_driver/aubo_msgs' with build type 'ament_cmake'
[0.215s] INFO:colcon.colcon_cmake.task.cmake.build:Building CMake package in '/home/mu/IVG/aubo_ros2_ws/src/aubo_ros2_driver/aubo_msgs'
[0.216s] INFO:colcon.colcon_core.shell:Skip shell extension 'powershell' for command environment: Not usable outside of PowerShell
[0.216s] DEBUG:colcon.colcon_core.shell:Skip shell extension 'dsv' for command environment
[0.217s] INFO:colcon.colcon_ros.task.ament_cmake.build:Building ROS package in '/home/mu/IVG/aubo_ros2_ws/src/camport_ros2/src/percipio_camera' with build type 'ament_cmake'
[0.217s] INFO:colcon.colcon_cmake.task.cmake.build:Building CMake package in '/home/mu/IVG/aubo_ros2_ws/src/camport_ros2/src/percipio_camera'
[0.218s] INFO:colcon.colcon_core.shell:Skip shell extension 'powershell' for command environment: Not usable outside of PowerShell
[0.218s] DEBUG:colcon.colcon_core.shell:Skip shell extension 'dsv' for command environment
[0.222s] DEBUG:colcon.colcon_core.event_handler.log_command:Invoking command in '/home/mu/IVG/aubo_ros2_ws/build/aubo_description': CMAKE_PREFIX_PATH=/opt/ros/foxy /usr/bin/cmake --build /home/mu/IVG/aubo_ros2_ws/build/aubo_description -- -j32 -l32
[0.224s] DEBUG:colcon.colcon_core.event_handler.log_command:Invoking command in '/home/mu/IVG/aubo_ros2_ws/build/aubo_dashboard_msgs': CMAKE_PREFIX_PATH=/opt/ros/foxy /usr/bin/cmake --build /home/mu/IVG/aubo_ros2_ws/build/aubo_dashboard_msgs -- -j32 -l32
[0.226s] DEBUG:colcon.colcon_core.event_handler.log_command:Invoking command in '/home/mu/IVG/aubo_ros2_ws/build/aubo_msgs': CMAKE_PREFIX_PATH=/opt/ros/foxy /usr/bin/cmake --build /home/mu/IVG/aubo_ros2_ws/build/aubo_msgs -- -j32 -l32
[0.229s] DEBUG:colcon.colcon_core.event_handler.log_command:Invoking command in '/home/mu/IVG/aubo_ros2_ws/build/percipio_camera': CMAKE_PREFIX_PATH=/opt/ros/foxy /usr/bin/cmake /home/mu/IVG/aubo_ros2_ws/src/camport_ros2/src/percipio_camera -DCMAKE_BUILD_TYPE=Release -DCMAKE_INSTALL_PREFIX=/home/mu/IVG/aubo_ros2_ws/install/percipio_camera
[0.239s] DEBUG:colcon.colcon_core.event_handler.log_command:Invoked command in '/home/mu/IVG/aubo_ros2_ws/build/aubo_description' returned '0': CMAKE_PREFIX_PATH=/opt/ros/foxy /usr/bin/cmake --build /home/mu/IVG/aubo_ros2_ws/build/aubo_description -- -j32 -l32
[0.246s] DEBUG:colcon.colcon_core.event_handler.log_command:Invoking command in '/home/mu/IVG/aubo_ros2_ws/build/aubo_description': CMAKE_PREFIX_PATH=/opt/ros/foxy /usr/bin/cmake --install /home/mu/IVG/aubo_ros2_ws/build/aubo_description
[0.282s] Level 1:colcon.colcon_core.environment:create_environment_scripts_only(aubo_description)
[0.290s] Level 1:colcon.colcon_core.environment:checking '/home/mu/IVG/aubo_ros2_ws/install/aubo_description' for CMake module files
[0.292s] Level 1:colcon.colcon_core.environment:checking '/home/mu/IVG/aubo_ros2_ws/install/aubo_description' for CMake config files
[0.331s] Level 1:colcon.colcon_core.shell:create_environment_hook('aubo_description', 'cmake_prefix_path')
[0.332s] INFO:colcon.colcon_core.shell:Creating environment hook '/home/mu/IVG/aubo_ros2_ws/install/aubo_description/share/aubo_description/hook/cmake_prefix_path.ps1'
[0.333s] INFO:colcon.colcon_core.shell:Creating environment descriptor '/home/mu/IVG/aubo_ros2_ws/install/aubo_description/share/aubo_description/hook/cmake_prefix_path.dsv'
[0.333s] INFO:colcon.colcon_core.shell:Creating environment hook '/home/mu/IVG/aubo_ros2_ws/install/aubo_description/share/aubo_description/hook/cmake_prefix_path.sh'
[0.334s] Level 1:colcon.colcon_core.environment:checking '/home/mu/IVG/aubo_ros2_ws/install/aubo_description/bin'
[0.334s] Level 1:colcon.colcon_core.environment:checking '/home/mu/IVG/aubo_ros2_ws/install/aubo_description/lib/pkgconfig/aubo_description.pc'
[0.335s] Level 1:colcon.colcon_core.environment:checking '/home/mu/IVG/aubo_ros2_ws/install/aubo_description/lib/python3.8/site-packages'
[0.335s] Level 1:colcon.colcon_core.environment:checking '/home/mu/IVG/aubo_ros2_ws/install/aubo_description/bin'
[0.335s] INFO:colcon.colcon_core.shell:Creating package script '/home/mu/IVG/aubo_ros2_ws/install/aubo_description/share/aubo_description/package.ps1'
[0.336s] INFO:colcon.colcon_core.shell:Creating package descriptor '/home/mu/IVG/aubo_ros2_ws/install/aubo_description/share/aubo_description/package.dsv'
[0.337s] INFO:colcon.colcon_core.shell:Creating package script '/home/mu/IVG/aubo_ros2_ws/install/aubo_description/share/aubo_description/package.sh'
[0.338s] INFO:colcon.colcon_core.shell:Creating package script '/home/mu/IVG/aubo_ros2_ws/install/aubo_description/share/aubo_description/package.bash'
[0.339s] INFO:colcon.colcon_core.shell:Creating package script '/home/mu/IVG/aubo_ros2_ws/install/aubo_description/share/aubo_description/package.zsh'
[0.340s] Level 1:colcon.colcon_core.environment:create_file_with_runtime_dependencies(/home/mu/IVG/aubo_ros2_ws/install/aubo_description/share/colcon-core/packages/aubo_description)
[0.342s] Level 1:colcon.colcon_core.environment:create_environment_scripts_only(aubo_description)
[0.342s] Level 1:colcon.colcon_core.environment:checking '/home/mu/IVG/aubo_ros2_ws/install/aubo_description' for CMake module files
[0.344s] Level 1:colcon.colcon_core.environment:checking '/home/mu/IVG/aubo_ros2_ws/install/aubo_description' for CMake config files
[0.363s] DEBUG:colcon.colcon_core.event_handler.log_command:Invoked command in '/home/mu/IVG/aubo_ros2_ws/build/aubo_description' returned '0': CMAKE_PREFIX_PATH=/opt/ros/foxy /usr/bin/cmake --install /home/mu/IVG/aubo_ros2_ws/build/aubo_description
[0.364s] Level 1:colcon.colcon_core.shell:create_environment_hook('aubo_description', 'cmake_prefix_path')
[0.365s] INFO:colcon.colcon_core.shell:Creating environment hook '/home/mu/IVG/aubo_ros2_ws/install/aubo_description/share/aubo_description/hook/cmake_prefix_path.ps1'
[0.365s] INFO:colcon.colcon_core.shell:Creating environment descriptor '/home/mu/IVG/aubo_ros2_ws/install/aubo_description/share/aubo_description/hook/cmake_prefix_path.dsv'
[0.365s] INFO:colcon.colcon_core.shell:Creating environment hook '/home/mu/IVG/aubo_ros2_ws/install/aubo_description/share/aubo_description/hook/cmake_prefix_path.sh'
[0.365s] Level 1:colcon.colcon_core.environment:checking '/home/mu/IVG/aubo_ros2_ws/install/aubo_description/bin'
[0.365s] Level 1:colcon.colcon_core.environment:checking '/home/mu/IVG/aubo_ros2_ws/install/aubo_description/lib/pkgconfig/aubo_description.pc'
[0.365s] Level 1:colcon.colcon_core.environment:checking '/home/mu/IVG/aubo_ros2_ws/install/aubo_description/lib/python3.8/site-packages'
[0.366s] Level 1:colcon.colcon_core.environment:checking '/home/mu/IVG/aubo_ros2_ws/install/aubo_description/bin'
[0.366s] INFO:colcon.colcon_core.shell:Creating package script '/home/mu/IVG/aubo_ros2_ws/install/aubo_description/share/aubo_description/package.ps1'
[0.366s] INFO:colcon.colcon_core.shell:Creating package descriptor '/home/mu/IVG/aubo_ros2_ws/install/aubo_description/share/aubo_description/package.dsv'
[0.366s] INFO:colcon.colcon_core.shell:Creating package script '/home/mu/IVG/aubo_ros2_ws/install/aubo_description/share/aubo_description/package.sh'
[0.366s] INFO:colcon.colcon_core.shell:Creating package script '/home/mu/IVG/aubo_ros2_ws/install/aubo_description/share/aubo_description/package.bash'
[0.366s] INFO:colcon.colcon_core.shell:Creating package script '/home/mu/IVG/aubo_ros2_ws/install/aubo_description/share/aubo_description/package.zsh'
[0.367s] Level 1:colcon.colcon_core.environment:create_file_with_runtime_dependencies(/home/mu/IVG/aubo_ros2_ws/install/aubo_description/share/colcon-core/packages/aubo_description)
[0.367s] INFO:colcon.colcon_ros.task.ament_cmake.build:Building ROS package in '/home/mu/IVG/aubo_ros2_ws/src/aubo_ros2_driver/aubo_moveit_config' with build type 'ament_cmake'
[0.367s] INFO:colcon.colcon_cmake.task.cmake.build:Building CMake package in '/home/mu/IVG/aubo_ros2_ws/src/aubo_ros2_driver/aubo_moveit_config'
[0.367s] INFO:colcon.colcon_core.shell:Skip shell extension 'powershell' for command environment: Not usable outside of PowerShell
[0.367s] DEBUG:colcon.colcon_core.shell:Skip shell extension 'dsv' for command environment
[0.371s] DEBUG:colcon.colcon_core.event_handler.log_command:Invoked command in '/home/mu/IVG/aubo_ros2_ws/build/aubo_dashboard_msgs' returned '0': CMAKE_PREFIX_PATH=/opt/ros/foxy /usr/bin/cmake --build /home/mu/IVG/aubo_ros2_ws/build/aubo_dashboard_msgs -- -j32 -l32
[0.371s] DEBUG:colcon.colcon_core.event_handler.log_command:Invoking command in '/home/mu/IVG/aubo_ros2_ws/build/aubo_dashboard_msgs': CMAKE_PREFIX_PATH=/opt/ros/foxy /usr/bin/cmake --install /home/mu/IVG/aubo_ros2_ws/build/aubo_dashboard_msgs
[0.373s] DEBUG:colcon.colcon_core.event_handler.log_command:Invoked command in '/home/mu/IVG/aubo_ros2_ws/build/aubo_msgs' returned '0': CMAKE_PREFIX_PATH=/opt/ros/foxy /usr/bin/cmake --build /home/mu/IVG/aubo_ros2_ws/build/aubo_msgs -- -j32 -l32
[0.374s] DEBUG:colcon.colcon_core.event_handler.log_command:Invoking command in '/home/mu/IVG/aubo_ros2_ws/build/aubo_msgs': CMAKE_PREFIX_PATH=/opt/ros/foxy /usr/bin/cmake --install /home/mu/IVG/aubo_ros2_ws/build/aubo_msgs
[0.379s] DEBUG:colcon.colcon_core.event_handler.log_command:Invoking command in '/home/mu/IVG/aubo_ros2_ws/build/aubo_moveit_config': AMENT_PREFIX_PATH=/home/mu/IVG/aubo_ros2_ws/install/aubo_description:${AMENT_PREFIX_PATH} CMAKE_PREFIX_PATH=/opt/ros/foxy:/home/mu/IVG/aubo_ros2_ws/install/aubo_description /usr/bin/cmake --build /home/mu/IVG/aubo_ros2_ws/build/aubo_moveit_config -- -j32 -l32
[0.404s] Level 1:colcon.colcon_core.environment:create_environment_scripts_only(aubo_msgs)
[0.405s] Level 1:colcon.colcon_core.environment:checking '/home/mu/IVG/aubo_ros2_ws/install/aubo_msgs' for CMake module files
[0.407s] Level 1:colcon.colcon_core.environment:checking '/home/mu/IVG/aubo_ros2_ws/install/aubo_msgs' for CMake config files
[0.409s] Level 1:colcon.colcon_core.shell:create_environment_hook('aubo_msgs', 'cmake_prefix_path')
[0.410s] INFO:colcon.colcon_core.shell:Creating environment hook '/home/mu/IVG/aubo_ros2_ws/install/aubo_msgs/share/aubo_msgs/hook/cmake_prefix_path.ps1'
[0.410s] INFO:colcon.colcon_core.shell:Creating environment descriptor '/home/mu/IVG/aubo_ros2_ws/install/aubo_msgs/share/aubo_msgs/hook/cmake_prefix_path.dsv'
[0.410s] INFO:colcon.colcon_core.shell:Creating environment hook '/home/mu/IVG/aubo_ros2_ws/install/aubo_msgs/share/aubo_msgs/hook/cmake_prefix_path.sh'
[0.411s] Level 1:colcon.colcon_core.environment:checking '/home/mu/IVG/aubo_ros2_ws/install/aubo_msgs/lib'
[0.412s] Level 1:colcon.colcon_core.shell:create_environment_hook('aubo_msgs', 'ld_library_path_lib')
[0.412s] INFO:colcon.colcon_core.shell:Creating environment hook '/home/mu/IVG/aubo_ros2_ws/install/aubo_msgs/share/aubo_msgs/hook/ld_library_path_lib.ps1'
[0.412s] INFO:colcon.colcon_core.shell:Creating environment descriptor '/home/mu/IVG/aubo_ros2_ws/install/aubo_msgs/share/aubo_msgs/hook/ld_library_path_lib.dsv'
[0.412s] INFO:colcon.colcon_core.shell:Creating environment hook '/home/mu/IVG/aubo_ros2_ws/install/aubo_msgs/share/aubo_msgs/hook/ld_library_path_lib.sh'
[0.413s] Level 1:colcon.colcon_core.environment:checking '/home/mu/IVG/aubo_ros2_ws/install/aubo_msgs/bin'
[0.413s] Level 1:colcon.colcon_core.environment:checking '/home/mu/IVG/aubo_ros2_ws/install/aubo_msgs/lib/pkgconfig/aubo_msgs.pc'
[0.413s] Level 1:colcon.colcon_core.environment:checking '/home/mu/IVG/aubo_ros2_ws/install/aubo_msgs/lib/python3.8/site-packages'
[0.413s] Level 1:colcon.colcon_core.shell:create_environment_hook('aubo_msgs', 'pythonpath')
[0.413s] INFO:colcon.colcon_core.shell:Creating environment hook '/home/mu/IVG/aubo_ros2_ws/install/aubo_msgs/share/aubo_msgs/hook/pythonpath.ps1'
[0.414s] INFO:colcon.colcon_core.shell:Creating environment descriptor '/home/mu/IVG/aubo_ros2_ws/install/aubo_msgs/share/aubo_msgs/hook/pythonpath.dsv'
[0.414s] INFO:colcon.colcon_core.shell:Creating environment hook '/home/mu/IVG/aubo_ros2_ws/install/aubo_msgs/share/aubo_msgs/hook/pythonpath.sh'
[0.415s] Level 1:colcon.colcon_core.environment:checking '/home/mu/IVG/aubo_ros2_ws/install/aubo_msgs/bin'
[0.415s] INFO:colcon.colcon_core.shell:Creating package script '/home/mu/IVG/aubo_ros2_ws/install/aubo_msgs/share/aubo_msgs/package.ps1'
[0.416s] INFO:colcon.colcon_core.shell:Creating package descriptor '/home/mu/IVG/aubo_ros2_ws/install/aubo_msgs/share/aubo_msgs/package.dsv'
[0.417s] INFO:colcon.colcon_core.shell:Creating package script '/home/mu/IVG/aubo_ros2_ws/install/aubo_msgs/share/aubo_msgs/package.sh'
[0.417s] INFO:colcon.colcon_core.shell:Creating package script '/home/mu/IVG/aubo_ros2_ws/install/aubo_msgs/share/aubo_msgs/package.bash'
[0.417s] INFO:colcon.colcon_core.shell:Creating package script '/home/mu/IVG/aubo_ros2_ws/install/aubo_msgs/share/aubo_msgs/package.zsh'
[0.418s] Level 1:colcon.colcon_core.environment:create_file_with_runtime_dependencies(/home/mu/IVG/aubo_ros2_ws/install/aubo_msgs/share/colcon-core/packages/aubo_msgs)
[0.419s] Level 1:colcon.colcon_core.environment:create_environment_scripts_only(aubo_msgs)
[0.419s] Level 1:colcon.colcon_core.environment:checking '/home/mu/IVG/aubo_ros2_ws/install/aubo_msgs' for CMake module files
[0.420s] DEBUG:colcon.colcon_core.event_handler.log_command:Invoked command in '/home/mu/IVG/aubo_ros2_ws/build/aubo_moveit_config' returned '0': AMENT_PREFIX_PATH=/home/mu/IVG/aubo_ros2_ws/install/aubo_description:${AMENT_PREFIX_PATH} CMAKE_PREFIX_PATH=/opt/ros/foxy:/home/mu/IVG/aubo_ros2_ws/install/aubo_description /usr/bin/cmake --build /home/mu/IVG/aubo_ros2_ws/build/aubo_moveit_config -- -j32 -l32
[0.420s] Level 1:colcon.colcon_core.environment:checking '/home/mu/IVG/aubo_ros2_ws/install/aubo_msgs' for CMake config files
[0.421s] DEBUG:colcon.colcon_core.event_handler.log_command:Invoking command in '/home/mu/IVG/aubo_ros2_ws/build/aubo_moveit_config': AMENT_PREFIX_PATH=/home/mu/IVG/aubo_ros2_ws/install/aubo_description:${AMENT_PREFIX_PATH} CMAKE_PREFIX_PATH=/opt/ros/foxy:/home/mu/IVG/aubo_ros2_ws/install/aubo_description /usr/bin/cmake --install /home/mu/IVG/aubo_ros2_ws/build/aubo_moveit_config
[0.422s] Level 1:colcon.colcon_core.shell:create_environment_hook('aubo_msgs', 'cmake_prefix_path')
[0.422s] INFO:colcon.colcon_core.shell:Creating environment hook '/home/mu/IVG/aubo_ros2_ws/install/aubo_msgs/share/aubo_msgs/hook/cmake_prefix_path.ps1'
[0.423s] INFO:colcon.colcon_core.shell:Creating environment descriptor '/home/mu/IVG/aubo_ros2_ws/install/aubo_msgs/share/aubo_msgs/hook/cmake_prefix_path.dsv'
[0.423s] INFO:colcon.colcon_core.shell:Creating environment hook '/home/mu/IVG/aubo_ros2_ws/install/aubo_msgs/share/aubo_msgs/hook/cmake_prefix_path.sh'
[0.424s] Level 1:colcon.colcon_core.environment:checking '/home/mu/IVG/aubo_ros2_ws/install/aubo_msgs/lib'
[0.424s] Level 1:colcon.colcon_core.shell:create_environment_hook('aubo_msgs', 'ld_library_path_lib')
[0.425s] INFO:colcon.colcon_core.shell:Creating environment hook '/home/mu/IVG/aubo_ros2_ws/install/aubo_msgs/share/aubo_msgs/hook/ld_library_path_lib.ps1'
[0.425s] INFO:colcon.colcon_core.shell:Creating environment descriptor '/home/mu/IVG/aubo_ros2_ws/install/aubo_msgs/share/aubo_msgs/hook/ld_library_path_lib.dsv'
[0.425s] INFO:colcon.colcon_core.shell:Creating environment hook '/home/mu/IVG/aubo_ros2_ws/install/aubo_msgs/share/aubo_msgs/hook/ld_library_path_lib.sh'
[0.426s] Level 1:colcon.colcon_core.environment:checking '/home/mu/IVG/aubo_ros2_ws/install/aubo_msgs/bin'
[0.426s] Level 1:colcon.colcon_core.environment:checking '/home/mu/IVG/aubo_ros2_ws/install/aubo_msgs/lib/pkgconfig/aubo_msgs.pc'
[0.426s] Level 1:colcon.colcon_core.environment:checking '/home/mu/IVG/aubo_ros2_ws/install/aubo_msgs/lib/python3.8/site-packages'
[0.426s] Level 1:colcon.colcon_core.shell:create_environment_hook('aubo_msgs', 'pythonpath')
[0.426s] INFO:colcon.colcon_core.shell:Creating environment hook '/home/mu/IVG/aubo_ros2_ws/install/aubo_msgs/share/aubo_msgs/hook/pythonpath.ps1'
[0.427s] INFO:colcon.colcon_core.shell:Creating environment descriptor '/home/mu/IVG/aubo_ros2_ws/install/aubo_msgs/share/aubo_msgs/hook/pythonpath.dsv'
[0.427s] INFO:colcon.colcon_core.shell:Creating environment hook '/home/mu/IVG/aubo_ros2_ws/install/aubo_msgs/share/aubo_msgs/hook/pythonpath.sh'
[0.428s] Level 1:colcon.colcon_core.environment:checking '/home/mu/IVG/aubo_ros2_ws/install/aubo_msgs/bin'
[0.428s] INFO:colcon.colcon_core.shell:Creating package script '/home/mu/IVG/aubo_ros2_ws/install/aubo_msgs/share/aubo_msgs/package.ps1'
[0.429s] INFO:colcon.colcon_core.shell:Creating package descriptor '/home/mu/IVG/aubo_ros2_ws/install/aubo_msgs/share/aubo_msgs/package.dsv'
[0.429s] INFO:colcon.colcon_core.shell:Creating package script '/home/mu/IVG/aubo_ros2_ws/install/aubo_msgs/share/aubo_msgs/package.sh'
[0.430s] INFO:colcon.colcon_core.shell:Creating package script '/home/mu/IVG/aubo_ros2_ws/install/aubo_msgs/share/aubo_msgs/package.bash'
[0.431s] INFO:colcon.colcon_core.shell:Creating package script '/home/mu/IVG/aubo_ros2_ws/install/aubo_msgs/share/aubo_msgs/package.zsh'
[0.431s] Level 1:colcon.colcon_core.environment:create_file_with_runtime_dependencies(/home/mu/IVG/aubo_ros2_ws/install/aubo_msgs/share/colcon-core/packages/aubo_msgs)
[0.432s] DEBUG:colcon.colcon_core.event_handler.log_command:Invoked command in '/home/mu/IVG/aubo_ros2_ws/build/aubo_msgs' returned '0': CMAKE_PREFIX_PATH=/opt/ros/foxy /usr/bin/cmake --install /home/mu/IVG/aubo_ros2_ws/build/aubo_msgs
[0.432s] Level 1:colcon.colcon_core.environment:create_environment_scripts_only(aubo_dashboard_msgs)
[0.433s] Level 1:colcon.colcon_core.environment:checking '/home/mu/IVG/aubo_ros2_ws/install/aubo_dashboard_msgs' for CMake module files
[0.434s] Level 1:colcon.colcon_core.environment:checking '/home/mu/IVG/aubo_ros2_ws/install/aubo_dashboard_msgs' for CMake config files
[0.435s] DEBUG:colcon.colcon_core.event_handler.log_command:Invoked command in '/home/mu/IVG/aubo_ros2_ws/build/aubo_dashboard_msgs' returned '0': CMAKE_PREFIX_PATH=/opt/ros/foxy /usr/bin/cmake --install /home/mu/IVG/aubo_ros2_ws/build/aubo_dashboard_msgs
[0.435s] Level 1:colcon.colcon_core.shell:create_environment_hook('aubo_dashboard_msgs', 'cmake_prefix_path')
[0.435s] INFO:colcon.colcon_core.shell:Creating environment hook '/home/mu/IVG/aubo_ros2_ws/install/aubo_dashboard_msgs/share/aubo_dashboard_msgs/hook/cmake_prefix_path.ps1'
[0.435s] INFO:colcon.colcon_core.shell:Creating environment descriptor '/home/mu/IVG/aubo_ros2_ws/install/aubo_dashboard_msgs/share/aubo_dashboard_msgs/hook/cmake_prefix_path.dsv'
[0.435s] INFO:colcon.colcon_core.shell:Creating environment hook '/home/mu/IVG/aubo_ros2_ws/install/aubo_dashboard_msgs/share/aubo_dashboard_msgs/hook/cmake_prefix_path.sh'
[0.436s] Level 1:colcon.colcon_core.environment:checking '/home/mu/IVG/aubo_ros2_ws/install/aubo_dashboard_msgs/lib'
[0.436s] Level 1:colcon.colcon_core.shell:create_environment_hook('aubo_dashboard_msgs', 'ld_library_path_lib')
[0.436s] INFO:colcon.colcon_core.shell:Creating environment hook '/home/mu/IVG/aubo_ros2_ws/install/aubo_dashboard_msgs/share/aubo_dashboard_msgs/hook/ld_library_path_lib.ps1'
[0.436s] INFO:colcon.colcon_core.shell:Creating environment descriptor '/home/mu/IVG/aubo_ros2_ws/install/aubo_dashboard_msgs/share/aubo_dashboard_msgs/hook/ld_library_path_lib.dsv'
[0.436s] INFO:colcon.colcon_core.shell:Creating environment hook '/home/mu/IVG/aubo_ros2_ws/install/aubo_dashboard_msgs/share/aubo_dashboard_msgs/hook/ld_library_path_lib.sh'
[0.436s] Level 1:colcon.colcon_core.environment:checking '/home/mu/IVG/aubo_ros2_ws/install/aubo_dashboard_msgs/bin'
[0.436s] Level 1:colcon.colcon_core.environment:checking '/home/mu/IVG/aubo_ros2_ws/install/aubo_dashboard_msgs/lib/pkgconfig/aubo_dashboard_msgs.pc'
[0.436s] Level 1:colcon.colcon_core.environment:checking '/home/mu/IVG/aubo_ros2_ws/install/aubo_dashboard_msgs/lib/python3.8/site-packages'
[0.436s] Level 1:colcon.colcon_core.shell:create_environment_hook('aubo_dashboard_msgs', 'pythonpath')
[0.436s] INFO:colcon.colcon_core.shell:Creating environment hook '/home/mu/IVG/aubo_ros2_ws/install/aubo_dashboard_msgs/share/aubo_dashboard_msgs/hook/pythonpath.ps1'
[0.437s] INFO:colcon.colcon_core.shell:Creating environment descriptor '/home/mu/IVG/aubo_ros2_ws/install/aubo_dashboard_msgs/share/aubo_dashboard_msgs/hook/pythonpath.dsv'
[0.437s] INFO:colcon.colcon_core.shell:Creating environment hook '/home/mu/IVG/aubo_ros2_ws/install/aubo_dashboard_msgs/share/aubo_dashboard_msgs/hook/pythonpath.sh'
[0.437s] Level 1:colcon.colcon_core.environment:checking '/home/mu/IVG/aubo_ros2_ws/install/aubo_dashboard_msgs/bin'
[0.437s] INFO:colcon.colcon_core.shell:Creating package script '/home/mu/IVG/aubo_ros2_ws/install/aubo_dashboard_msgs/share/aubo_dashboard_msgs/package.ps1'
[0.437s] INFO:colcon.colcon_core.shell:Creating package descriptor '/home/mu/IVG/aubo_ros2_ws/install/aubo_dashboard_msgs/share/aubo_dashboard_msgs/package.dsv'
[0.438s] INFO:colcon.colcon_core.shell:Creating package script '/home/mu/IVG/aubo_ros2_ws/install/aubo_dashboard_msgs/share/aubo_dashboard_msgs/package.sh'
[0.438s] INFO:colcon.colcon_core.shell:Creating package script '/home/mu/IVG/aubo_ros2_ws/install/aubo_dashboard_msgs/share/aubo_dashboard_msgs/package.bash'
[0.438s] INFO:colcon.colcon_core.shell:Creating package script '/home/mu/IVG/aubo_ros2_ws/install/aubo_dashboard_msgs/share/aubo_dashboard_msgs/package.zsh'
[0.438s] Level 1:colcon.colcon_core.environment:create_file_with_runtime_dependencies(/home/mu/IVG/aubo_ros2_ws/install/aubo_dashboard_msgs/share/colcon-core/packages/aubo_dashboard_msgs)
[0.438s] Level 1:colcon.colcon_core.environment:create_environment_scripts_only(aubo_dashboard_msgs)
[0.438s] Level 1:colcon.colcon_core.environment:checking '/home/mu/IVG/aubo_ros2_ws/install/aubo_dashboard_msgs' for CMake module files
[0.439s] Level 1:colcon.colcon_core.environment:checking '/home/mu/IVG/aubo_ros2_ws/install/aubo_dashboard_msgs' for CMake config files
[0.439s] Level 1:colcon.colcon_core.shell:create_environment_hook('aubo_dashboard_msgs', 'cmake_prefix_path')
[0.439s] INFO:colcon.colcon_core.shell:Creating environment hook '/home/mu/IVG/aubo_ros2_ws/install/aubo_dashboard_msgs/share/aubo_dashboard_msgs/hook/cmake_prefix_path.ps1'
[0.439s] INFO:colcon.colcon_core.shell:Creating environment descriptor '/home/mu/IVG/aubo_ros2_ws/install/aubo_dashboard_msgs/share/aubo_dashboard_msgs/hook/cmake_prefix_path.dsv'
[0.439s] INFO:colcon.colcon_core.shell:Creating environment hook '/home/mu/IVG/aubo_ros2_ws/install/aubo_dashboard_msgs/share/aubo_dashboard_msgs/hook/cmake_prefix_path.sh'
[0.440s] Level 1:colcon.colcon_core.environment:checking '/home/mu/IVG/aubo_ros2_ws/install/aubo_dashboard_msgs/lib'
[0.440s] Level 1:colcon.colcon_core.shell:create_environment_hook('aubo_dashboard_msgs', 'ld_library_path_lib')
[0.440s] INFO:colcon.colcon_core.shell:Creating environment hook '/home/mu/IVG/aubo_ros2_ws/install/aubo_dashboard_msgs/share/aubo_dashboard_msgs/hook/ld_library_path_lib.ps1'
[0.440s] INFO:colcon.colcon_core.shell:Creating environment descriptor '/home/mu/IVG/aubo_ros2_ws/install/aubo_dashboard_msgs/share/aubo_dashboard_msgs/hook/ld_library_path_lib.dsv'
[0.440s] INFO:colcon.colcon_core.shell:Creating environment hook '/home/mu/IVG/aubo_ros2_ws/install/aubo_dashboard_msgs/share/aubo_dashboard_msgs/hook/ld_library_path_lib.sh'
[0.440s] Level 1:colcon.colcon_core.environment:checking '/home/mu/IVG/aubo_ros2_ws/install/aubo_dashboard_msgs/bin'
[0.440s] Level 1:colcon.colcon_core.environment:checking '/home/mu/IVG/aubo_ros2_ws/install/aubo_dashboard_msgs/lib/pkgconfig/aubo_dashboard_msgs.pc'
[0.440s] Level 1:colcon.colcon_core.environment:checking '/home/mu/IVG/aubo_ros2_ws/install/aubo_dashboard_msgs/lib/python3.8/site-packages'
[0.440s] Level 1:colcon.colcon_core.shell:create_environment_hook('aubo_dashboard_msgs', 'pythonpath')
[0.440s] INFO:colcon.colcon_core.shell:Creating environment hook '/home/mu/IVG/aubo_ros2_ws/install/aubo_dashboard_msgs/share/aubo_dashboard_msgs/hook/pythonpath.ps1'
[0.441s] INFO:colcon.colcon_core.shell:Creating environment descriptor '/home/mu/IVG/aubo_ros2_ws/install/aubo_dashboard_msgs/share/aubo_dashboard_msgs/hook/pythonpath.dsv'
[0.441s] INFO:colcon.colcon_core.shell:Creating environment hook '/home/mu/IVG/aubo_ros2_ws/install/aubo_dashboard_msgs/share/aubo_dashboard_msgs/hook/pythonpath.sh'
[0.441s] Level 1:colcon.colcon_core.environment:checking '/home/mu/IVG/aubo_ros2_ws/install/aubo_dashboard_msgs/bin'
[0.441s] INFO:colcon.colcon_core.shell:Creating package script '/home/mu/IVG/aubo_ros2_ws/install/aubo_dashboard_msgs/share/aubo_dashboard_msgs/package.ps1'
[0.441s] INFO:colcon.colcon_core.shell:Creating package descriptor '/home/mu/IVG/aubo_ros2_ws/install/aubo_dashboard_msgs/share/aubo_dashboard_msgs/package.dsv'
[0.442s] INFO:colcon.colcon_core.shell:Creating package script '/home/mu/IVG/aubo_ros2_ws/install/aubo_dashboard_msgs/share/aubo_dashboard_msgs/package.sh'
[0.442s] INFO:colcon.colcon_core.shell:Creating package script '/home/mu/IVG/aubo_ros2_ws/install/aubo_dashboard_msgs/share/aubo_dashboard_msgs/package.bash'
[0.442s] INFO:colcon.colcon_core.shell:Creating package script '/home/mu/IVG/aubo_ros2_ws/install/aubo_dashboard_msgs/share/aubo_dashboard_msgs/package.zsh'
[0.442s] Level 1:colcon.colcon_core.environment:create_file_with_runtime_dependencies(/home/mu/IVG/aubo_ros2_ws/install/aubo_dashboard_msgs/share/colcon-core/packages/aubo_dashboard_msgs)
[0.442s] Level 1:colcon.colcon_core.environment:create_environment_scripts_only(aubo_moveit_config)
[0.442s] Level 1:colcon.colcon_core.environment:checking '/home/mu/IVG/aubo_ros2_ws/install/aubo_moveit_config' for CMake module files
[0.443s] DEBUG:colcon.colcon_core.event_handler.log_command:Invoked command in '/home/mu/IVG/aubo_ros2_ws/build/aubo_moveit_config' returned '0': AMENT_PREFIX_PATH=/home/mu/IVG/aubo_ros2_ws/install/aubo_description:${AMENT_PREFIX_PATH} CMAKE_PREFIX_PATH=/opt/ros/foxy:/home/mu/IVG/aubo_ros2_ws/install/aubo_description /usr/bin/cmake --install /home/mu/IVG/aubo_ros2_ws/build/aubo_moveit_config
[0.443s] Level 1:colcon.colcon_core.environment:checking '/home/mu/IVG/aubo_ros2_ws/install/aubo_moveit_config' for CMake config files
[0.443s] Level 1:colcon.colcon_core.shell:create_environment_hook('aubo_moveit_config', 'cmake_prefix_path')
[0.443s] INFO:colcon.colcon_core.shell:Creating environment hook '/home/mu/IVG/aubo_ros2_ws/install/aubo_moveit_config/share/aubo_moveit_config/hook/cmake_prefix_path.ps1'
[0.443s] INFO:colcon.colcon_core.shell:Creating environment descriptor '/home/mu/IVG/aubo_ros2_ws/install/aubo_moveit_config/share/aubo_moveit_config/hook/cmake_prefix_path.dsv'
[0.443s] INFO:colcon.colcon_core.shell:Creating environment hook '/home/mu/IVG/aubo_ros2_ws/install/aubo_moveit_config/share/aubo_moveit_config/hook/cmake_prefix_path.sh'
[0.443s] Level 1:colcon.colcon_core.environment:checking '/home/mu/IVG/aubo_ros2_ws/install/aubo_moveit_config/bin'
[0.443s] Level 1:colcon.colcon_core.environment:checking '/home/mu/IVG/aubo_ros2_ws/install/aubo_moveit_config/lib/pkgconfig/aubo_moveit_config.pc'
[0.444s] Level 1:colcon.colcon_core.environment:checking '/home/mu/IVG/aubo_ros2_ws/install/aubo_moveit_config/lib/python3.8/site-packages'
[0.444s] Level 1:colcon.colcon_core.environment:checking '/home/mu/IVG/aubo_ros2_ws/install/aubo_moveit_config/bin'
[0.444s] INFO:colcon.colcon_core.shell:Creating package script '/home/mu/IVG/aubo_ros2_ws/install/aubo_moveit_config/share/aubo_moveit_config/package.ps1'
[0.444s] INFO:colcon.colcon_core.shell:Creating package descriptor '/home/mu/IVG/aubo_ros2_ws/install/aubo_moveit_config/share/aubo_moveit_config/package.dsv'
[0.444s] INFO:colcon.colcon_core.shell:Creating package script '/home/mu/IVG/aubo_ros2_ws/install/aubo_moveit_config/share/aubo_moveit_config/package.sh'
[0.444s] INFO:colcon.colcon_core.shell:Creating package script '/home/mu/IVG/aubo_ros2_ws/install/aubo_moveit_config/share/aubo_moveit_config/package.bash'
[0.444s] INFO:colcon.colcon_core.shell:Creating package script '/home/mu/IVG/aubo_ros2_ws/install/aubo_moveit_config/share/aubo_moveit_config/package.zsh'
[0.445s] Level 1:colcon.colcon_core.environment:create_file_with_runtime_dependencies(/home/mu/IVG/aubo_ros2_ws/install/aubo_moveit_config/share/colcon-core/packages/aubo_moveit_config)
[0.445s] Level 1:colcon.colcon_core.environment:create_environment_scripts_only(aubo_moveit_config)
[0.445s] Level 1:colcon.colcon_core.environment:checking '/home/mu/IVG/aubo_ros2_ws/install/aubo_moveit_config' for CMake module files
[0.445s] Level 1:colcon.colcon_core.environment:checking '/home/mu/IVG/aubo_ros2_ws/install/aubo_moveit_config' for CMake config files
[0.445s] Level 1:colcon.colcon_core.shell:create_environment_hook('aubo_moveit_config', 'cmake_prefix_path')
[0.445s] INFO:colcon.colcon_core.shell:Creating environment hook '/home/mu/IVG/aubo_ros2_ws/install/aubo_moveit_config/share/aubo_moveit_config/hook/cmake_prefix_path.ps1'
[0.445s] INFO:colcon.colcon_core.shell:Creating environment descriptor '/home/mu/IVG/aubo_ros2_ws/install/aubo_moveit_config/share/aubo_moveit_config/hook/cmake_prefix_path.dsv'
[0.446s] INFO:colcon.colcon_core.shell:Creating environment hook '/home/mu/IVG/aubo_ros2_ws/install/aubo_moveit_config/share/aubo_moveit_config/hook/cmake_prefix_path.sh'
[0.446s] Level 1:colcon.colcon_core.environment:checking '/home/mu/IVG/aubo_ros2_ws/install/aubo_moveit_config/bin'
[0.446s] Level 1:colcon.colcon_core.environment:checking '/home/mu/IVG/aubo_ros2_ws/install/aubo_moveit_config/lib/pkgconfig/aubo_moveit_config.pc'
[0.446s] Level 1:colcon.colcon_core.environment:checking '/home/mu/IVG/aubo_ros2_ws/install/aubo_moveit_config/lib/python3.8/site-packages'
[0.446s] Level 1:colcon.colcon_core.environment:checking '/home/mu/IVG/aubo_ros2_ws/install/aubo_moveit_config/bin'
[0.446s] INFO:colcon.colcon_core.shell:Creating package script '/home/mu/IVG/aubo_ros2_ws/install/aubo_moveit_config/share/aubo_moveit_config/package.ps1'
[0.446s] INFO:colcon.colcon_core.shell:Creating package descriptor '/home/mu/IVG/aubo_ros2_ws/install/aubo_moveit_config/share/aubo_moveit_config/package.dsv'
[0.447s] INFO:colcon.colcon_core.shell:Creating package script '/home/mu/IVG/aubo_ros2_ws/install/aubo_moveit_config/share/aubo_moveit_config/package.sh'
[0.447s] INFO:colcon.colcon_core.shell:Creating package script '/home/mu/IVG/aubo_ros2_ws/install/aubo_moveit_config/share/aubo_moveit_config/package.bash'
[0.447s] INFO:colcon.colcon_core.shell:Creating package script '/home/mu/IVG/aubo_ros2_ws/install/aubo_moveit_config/share/aubo_moveit_config/package.zsh'
[0.447s] Level 1:colcon.colcon_core.environment:create_file_with_runtime_dependencies(/home/mu/IVG/aubo_ros2_ws/install/aubo_moveit_config/share/colcon-core/packages/aubo_moveit_config)
[1.618s] DEBUG:colcon.colcon_core.event_handler.log_command:Invoked command in '/home/mu/IVG/aubo_ros2_ws/build/percipio_camera' returned '0': CMAKE_PREFIX_PATH=/opt/ros/foxy /usr/bin/cmake /home/mu/IVG/aubo_ros2_ws/src/camport_ros2/src/percipio_camera -DCMAKE_BUILD_TYPE=Release -DCMAKE_INSTALL_PREFIX=/home/mu/IVG/aubo_ros2_ws/install/percipio_camera
[1.618s] DEBUG:colcon.colcon_core.event_handler.log_command:Invoking command in '/home/mu/IVG/aubo_ros2_ws/build/percipio_camera': CMAKE_PREFIX_PATH=/opt/ros/foxy /usr/bin/cmake --build /home/mu/IVG/aubo_ros2_ws/build/percipio_camera -- -j32 -l32
[10.511s] DEBUG:colcon.colcon_core.event_handler.log_command:Invoked command in '/home/mu/IVG/aubo_ros2_ws/build/percipio_camera' returned '0': CMAKE_PREFIX_PATH=/opt/ros/foxy /usr/bin/cmake --build /home/mu/IVG/aubo_ros2_ws/build/percipio_camera -- -j32 -l32
[10.511s] DEBUG:colcon.colcon_core.event_handler.log_command:Invoking command in '/home/mu/IVG/aubo_ros2_ws/build/percipio_camera': CMAKE_PREFIX_PATH=/opt/ros/foxy /usr/bin/cmake --install /home/mu/IVG/aubo_ros2_ws/build/percipio_camera
[10.520s] Level 1:colcon.colcon_core.environment:create_environment_scripts_only(percipio_camera)
[10.520s] Level 1:colcon.colcon_core.environment:checking '/home/mu/IVG/aubo_ros2_ws/install/percipio_camera' for CMake module files
[10.520s] DEBUG:colcon.colcon_core.event_handler.log_command:Invoked command in '/home/mu/IVG/aubo_ros2_ws/build/percipio_camera' returned '0': CMAKE_PREFIX_PATH=/opt/ros/foxy /usr/bin/cmake --install /home/mu/IVG/aubo_ros2_ws/build/percipio_camera
[10.521s] Level 1:colcon.colcon_core.environment:checking '/home/mu/IVG/aubo_ros2_ws/install/percipio_camera' for CMake config files
[10.521s] Level 1:colcon.colcon_core.shell:create_environment_hook('percipio_camera', 'cmake_prefix_path')
[10.521s] INFO:colcon.colcon_core.shell:Creating environment hook '/home/mu/IVG/aubo_ros2_ws/install/percipio_camera/share/percipio_camera/hook/cmake_prefix_path.ps1'
[10.521s] INFO:colcon.colcon_core.shell:Creating environment descriptor '/home/mu/IVG/aubo_ros2_ws/install/percipio_camera/share/percipio_camera/hook/cmake_prefix_path.dsv'
[10.521s] INFO:colcon.colcon_core.shell:Creating environment hook '/home/mu/IVG/aubo_ros2_ws/install/percipio_camera/share/percipio_camera/hook/cmake_prefix_path.sh'
[10.521s] Level 1:colcon.colcon_core.environment:checking '/home/mu/IVG/aubo_ros2_ws/install/percipio_camera/lib'
[10.521s] Level 1:colcon.colcon_core.shell:create_environment_hook('percipio_camera', 'ld_library_path_lib')
[10.522s] INFO:colcon.colcon_core.shell:Creating environment hook '/home/mu/IVG/aubo_ros2_ws/install/percipio_camera/share/percipio_camera/hook/ld_library_path_lib.ps1'
[10.522s] INFO:colcon.colcon_core.shell:Creating environment descriptor '/home/mu/IVG/aubo_ros2_ws/install/percipio_camera/share/percipio_camera/hook/ld_library_path_lib.dsv'
[10.522s] INFO:colcon.colcon_core.shell:Creating environment hook '/home/mu/IVG/aubo_ros2_ws/install/percipio_camera/share/percipio_camera/hook/ld_library_path_lib.sh'
[10.522s] Level 1:colcon.colcon_core.environment:checking '/home/mu/IVG/aubo_ros2_ws/install/percipio_camera/bin'
[10.522s] Level 1:colcon.colcon_core.environment:checking '/home/mu/IVG/aubo_ros2_ws/install/percipio_camera/lib/pkgconfig/percipio_camera.pc'
[10.522s] Level 1:colcon.colcon_core.environment:checking '/home/mu/IVG/aubo_ros2_ws/install/percipio_camera/lib/python3.8/site-packages'
[10.522s] Level 1:colcon.colcon_core.environment:checking '/home/mu/IVG/aubo_ros2_ws/install/percipio_camera/bin'
[10.522s] INFO:colcon.colcon_core.shell:Creating package script '/home/mu/IVG/aubo_ros2_ws/install/percipio_camera/share/percipio_camera/package.ps1'
[10.523s] INFO:colcon.colcon_core.shell:Creating package descriptor '/home/mu/IVG/aubo_ros2_ws/install/percipio_camera/share/percipio_camera/package.dsv'
[10.523s] INFO:colcon.colcon_core.shell:Creating package script '/home/mu/IVG/aubo_ros2_ws/install/percipio_camera/share/percipio_camera/package.sh'
[10.523s] INFO:colcon.colcon_core.shell:Creating package script '/home/mu/IVG/aubo_ros2_ws/install/percipio_camera/share/percipio_camera/package.bash'
[10.523s] INFO:colcon.colcon_core.shell:Creating package script '/home/mu/IVG/aubo_ros2_ws/install/percipio_camera/share/percipio_camera/package.zsh'
[10.523s] Level 1:colcon.colcon_core.environment:create_file_with_runtime_dependencies(/home/mu/IVG/aubo_ros2_ws/install/percipio_camera/share/colcon-core/packages/percipio_camera)
[10.523s] Level 1:colcon.colcon_core.environment:create_environment_scripts_only(percipio_camera)
[10.523s] Level 1:colcon.colcon_core.environment:checking '/home/mu/IVG/aubo_ros2_ws/install/percipio_camera' for CMake module files
[10.524s] Level 1:colcon.colcon_core.environment:checking '/home/mu/IVG/aubo_ros2_ws/install/percipio_camera' for CMake config files
[10.524s] Level 1:colcon.colcon_core.shell:create_environment_hook('percipio_camera', 'cmake_prefix_path')
[10.524s] INFO:colcon.colcon_core.shell:Creating environment hook '/home/mu/IVG/aubo_ros2_ws/install/percipio_camera/share/percipio_camera/hook/cmake_prefix_path.ps1'
[10.524s] INFO:colcon.colcon_core.shell:Creating environment descriptor '/home/mu/IVG/aubo_ros2_ws/install/percipio_camera/share/percipio_camera/hook/cmake_prefix_path.dsv'
[10.524s] INFO:colcon.colcon_core.shell:Creating environment hook '/home/mu/IVG/aubo_ros2_ws/install/percipio_camera/share/percipio_camera/hook/cmake_prefix_path.sh'
[10.524s] Level 1:colcon.colcon_core.environment:checking '/home/mu/IVG/aubo_ros2_ws/install/percipio_camera/lib'
[10.524s] Level 1:colcon.colcon_core.shell:create_environment_hook('percipio_camera', 'ld_library_path_lib')
[10.524s] INFO:colcon.colcon_core.shell:Creating environment hook '/home/mu/IVG/aubo_ros2_ws/install/percipio_camera/share/percipio_camera/hook/ld_library_path_lib.ps1'
[10.525s] INFO:colcon.colcon_core.shell:Creating environment descriptor '/home/mu/IVG/aubo_ros2_ws/install/percipio_camera/share/percipio_camera/hook/ld_library_path_lib.dsv'
[10.525s] INFO:colcon.colcon_core.shell:Creating environment hook '/home/mu/IVG/aubo_ros2_ws/install/percipio_camera/share/percipio_camera/hook/ld_library_path_lib.sh'
[10.525s] Level 1:colcon.colcon_core.environment:checking '/home/mu/IVG/aubo_ros2_ws/install/percipio_camera/bin'
[10.525s] Level 1:colcon.colcon_core.environment:checking '/home/mu/IVG/aubo_ros2_ws/install/percipio_camera/lib/pkgconfig/percipio_camera.pc'
[10.525s] Level 1:colcon.colcon_core.environment:checking '/home/mu/IVG/aubo_ros2_ws/install/percipio_camera/lib/python3.8/site-packages'
[10.525s] Level 1:colcon.colcon_core.environment:checking '/home/mu/IVG/aubo_ros2_ws/install/percipio_camera/bin'
[10.526s] INFO:colcon.colcon_core.shell:Creating package script '/home/mu/IVG/aubo_ros2_ws/install/percipio_camera/share/percipio_camera/package.ps1'
[10.526s] INFO:colcon.colcon_core.shell:Creating package descriptor '/home/mu/IVG/aubo_ros2_ws/install/percipio_camera/share/percipio_camera/package.dsv'
[10.526s] INFO:colcon.colcon_core.shell:Creating package script '/home/mu/IVG/aubo_ros2_ws/install/percipio_camera/share/percipio_camera/package.sh'
[10.526s] INFO:colcon.colcon_core.shell:Creating package script '/home/mu/IVG/aubo_ros2_ws/install/percipio_camera/share/percipio_camera/package.bash'
[10.526s] INFO:colcon.colcon_core.shell:Creating package script '/home/mu/IVG/aubo_ros2_ws/install/percipio_camera/share/percipio_camera/package.zsh'
[10.526s] Level 1:colcon.colcon_core.environment:create_file_with_runtime_dependencies(/home/mu/IVG/aubo_ros2_ws/install/percipio_camera/share/colcon-core/packages/percipio_camera)
[10.526s] DEBUG:colcon.colcon_parallel_executor.executor.parallel:closing loop
[10.527s] DEBUG:colcon.colcon_parallel_executor.executor.parallel:loop closed
[10.527s] DEBUG:colcon.colcon_parallel_executor.executor.parallel:run_until_complete finished with '0'
[10.527s] DEBUG:colcon.colcon_core.event_reactor:joining thread
[10.529s] INFO:colcon.colcon_core.plugin_system:Skipping extension 'colcon_notification.desktop_notification.terminal_notifier': Not used on non-Darwin systems
[10.529s] INFO:colcon.colcon_core.plugin_system:Skipping extension 'colcon_notification.desktop_notification.win32': Not used on non-Windows systems
[10.529s] INFO:colcon.colcon_notification.desktop_notification:Sending desktop notification using 'notify2'
[10.540s] DEBUG:colcon.colcon_core.event_reactor:joined thread
[10.540s] INFO:colcon.colcon_core.shell:Creating prefix script '/home/mu/IVG/aubo_ros2_ws/install/local_setup.ps1'
[10.541s] INFO:colcon.colcon_core.shell:Creating prefix util module '/home/mu/IVG/aubo_ros2_ws/install/_local_setup_util_ps1.py'
[10.542s] INFO:colcon.colcon_core.shell:Creating prefix chain script '/home/mu/IVG/aubo_ros2_ws/install/setup.ps1'
[10.543s] INFO:colcon.colcon_core.shell:Creating prefix script '/home/mu/IVG/aubo_ros2_ws/install/local_setup.sh'
[10.543s] INFO:colcon.colcon_core.shell:Creating prefix util module '/home/mu/IVG/aubo_ros2_ws/install/_local_setup_util_sh.py'
[10.543s] INFO:colcon.colcon_core.shell:Creating prefix chain script '/home/mu/IVG/aubo_ros2_ws/install/setup.sh'
[10.544s] INFO:colcon.colcon_core.shell:Creating prefix script '/home/mu/IVG/aubo_ros2_ws/install/local_setup.bash'
[10.544s] INFO:colcon.colcon_core.shell:Creating prefix chain script '/home/mu/IVG/aubo_ros2_ws/install/setup.bash'
[10.545s] INFO:colcon.colcon_core.shell:Creating prefix script '/home/mu/IVG/aubo_ros2_ws/install/local_setup.zsh'
[10.545s] INFO:colcon.colcon_core.shell:Creating prefix chain script '/home/mu/IVG/aubo_ros2_ws/install/setup.zsh'
