In file included from [01m[K/home/mu/IVG/aubo_ros2_ws/src/camport_ros2/src/percipio_camera/camport4/include/TYApi.h:30[m[K,
                 from [01m[K/home/mu/IVG/aubo_ros2_ws/src/camport_ros2/src/percipio_camera/camport4/include/TYParameter.h:4[m[K,
                 from [01m[K/home/mu/IVG/aubo_ros2_ws/src/camport_ros2/src/percipio_camera/include/DepthStreamProc.h:4[m[K,
                 from [01m[K/home/mu/IVG/aubo_ros2_ws/src/camport_ros2/src/percipio_camera/src/DepthStreamProc.cpp:3[m[K:
[01m[K/home/mu/IVG/aubo_ros2_ws/src/camport_ros2/src/percipio_camera/camport4/include/TYDefs.h:1010:9:[m[K [01;35m[Kwarning: [m[KISO C++ prohibits anonymous structs [[01;35m[K-Wpedantic[m[K]
 1010 |         [01;35m[K}[m[K;
      |         [01;35m[K^[m[K
[01m[K/home/mu/IVG/aubo_ros2_ws/src/camport_ros2/src/percipio_camera/camport4/include/TYDefs.h:1014:9:[m[K [01;35m[Kwarning: [m[KISO C++ prohibits anonymous structs [[01;35m[K-Wpedantic[m[K]
 1014 |         [01;35m[K}[m[K;
      |         [01;35m[K^[m[K
[01m[K/home/mu/IVG/aubo_ros2_ws/src/camport_ros2/src/percipio_camera/src/DepthStreamProc.cpp:[m[K In function ‘[01m[Kfloat trimmed_mean(const std::vector<short unsigned int>&)[m[K’:
[01m[K/home/mu/IVG/aubo_ros2_ws/src/camport_ros2/src/percipio_camera/src/DepthStreamProc.cpp:139:11:[m[K [01;35m[Kwarning: [m[Kunused variable ‘[01m[Kmean[m[K’ [[01;35m[K-Wunused-variable[m[K]
  139 |     float [01;35m[Kmean[m[K = s1 / num;
      |           [01;35m[K^~~~[m[K
[01m[K/home/mu/IVG/aubo_ros2_ws/src/camport_ros2/src/percipio_camera/src/DepthStreamProc.cpp:[m[K In function ‘[01m[Kint TYDepthEnhenceFilter(const std::vector<TY_IMAGE_DATA>&, TY_IMAGE_DATA&)[m[K’:
[01m[K/home/mu/IVG/aubo_ros2_ws/src/camport_ros2/src/percipio_camera/src/DepthStreamProc.cpp:213:27:[m[K [01;35m[Kwarning: [m[Kcomparison of integer expressions of different signedness: ‘[01m[Kint[m[K’ and ‘[01m[Ksize_t[m[K’ {aka ‘[01m[Klong unsigned int[m[K’} [[01;35m[K-Wsign-compare[m[K]
  213 |     for (int idx = 0; [01;35m[Kidx < image_num[m[K; idx++){
      |                       [01;35m[K~~~~^~~~~~~~~~~[m[K
In file included from [01m[K/home/mu/IVG/aubo_ros2_ws/src/camport_ros2/src/percipio_camera/camport4/include/TYApi.h:30[m[K,
                 from [01m[K/home/mu/IVG/aubo_ros2_ws/src/camport_ros2/src/percipio_camera/include/percipio_depth_algorithm.h:6[m[K,
                 from [01m[K/home/mu/IVG/aubo_ros2_ws/src/camport_ros2/src/percipio_camera/src/percipio_depth_algorithm.cpp:1[m[K:
[01m[K/home/mu/IVG/aubo_ros2_ws/src/camport_ros2/src/percipio_camera/camport4/include/TYDefs.h:1010:9:[m[K [01;35m[Kwarning: [m[KISO C++ prohibits anonymous structs [[01;35m[K-Wpedantic[m[K]
 1010 |         [01;35m[K}[m[K;
      |         [01;35m[K^[m[K
[01m[K/home/mu/IVG/aubo_ros2_ws/src/camport_ros2/src/percipio_camera/camport4/include/TYDefs.h:1014:9:[m[K [01;35m[Kwarning: [m[KISO C++ prohibits anonymous structs [[01;35m[K-Wpedantic[m[K]
 1014 |         [01;35m[K}[m[K;
      |         [01;35m[K^[m[K
In file included from [01m[K/home/mu/IVG/aubo_ros2_ws/src/camport_ros2/src/percipio_camera/camport4/include/TYImageProc.h:11[m[K,
                 from [01m[K/home/mu/IVG/aubo_ros2_ws/src/camport_ros2/src/percipio_camera/include/percipio_depth_algorithm.h:7[m[K,
                 from [01m[K/home/mu/IVG/aubo_ros2_ws/src/camport_ros2/src/percipio_camera/src/percipio_depth_algorithm.cpp:1[m[K:
[01m[K/home/mu/IVG/aubo_ros2_ws/src/camport_ros2/src/percipio_camera/camport4/include/TYCoordinateMapper.h:[m[K In function ‘[01m[Kvoid TYPixelsOverlapRemove(TY_PIXEL_DESC*, uint32_t, uint32_t, uint32_t)[m[K’:
[01m[K/home/mu/IVG/aubo_ros2_ws/src/camport_ros2/src/percipio_camera/camport4/include/TYCoordinateMapper.h:401:49:[m[K [01;35m[Kwarning: [m[Kcomparison of integer expressions of different signedness: ‘[01m[Kint16_t[m[K’ {aka ‘[01m[Kshort int[m[K’} and ‘[01m[Kuint32_t[m[K’ {aka ‘[01m[Kunsigned int[m[K’} [[01;35m[K-Wsign-compare[m[K]
  401 |     if(lut[i].x < 0 || lut[i].y < 0 || [01;35m[Klut[i].x >= imageW[m[K || lut[i].y >= imageH) continue;
      |                                        [01;35m[K~~~~~~~~~^~~~~~~~~[m[K
[01m[K/home/mu/IVG/aubo_ros2_ws/src/camport_ros2/src/percipio_camera/camport4/include/TYCoordinateMapper.h:401:71:[m[K [01;35m[Kwarning: [m[Kcomparison of integer expressions of different signedness: ‘[01m[Kint16_t[m[K’ {aka ‘[01m[Kshort int[m[K’} and ‘[01m[Kuint32_t[m[K’ {aka ‘[01m[Kunsigned int[m[K’} [[01;35m[K-Wsign-compare[m[K]
  401 |     if(lut[i].x < 0 || lut[i].y < 0 || lut[i].x >= imageW || [01;35m[Klut[i].y >= imageH[m[K) continue;
      |                                                              [01;35m[K~~~~~~~~~^~~~~~~~~[m[K
[01m[K/home/mu/IVG/aubo_ros2_ws/src/camport_ros2/src/percipio_camera/camport4/include/TYCoordinateMapper.h:408:49:[m[K [01;35m[Kwarning: [m[Kcomparison of integer expressions of different signedness: ‘[01m[Kint16_t[m[K’ {aka ‘[01m[Kshort int[m[K’} and ‘[01m[Kuint32_t[m[K’ {aka ‘[01m[Kunsigned int[m[K’} [[01;35m[K-Wsign-compare[m[K]
  408 |     if(lut[i].x < 0 || lut[i].y < 0 || [01;35m[Klut[i].x >= imageW[m[K || lut[i].y >= imageH) {
      |                                        [01;35m[K~~~~~~~~~^~~~~~~~~[m[K
[01m[K/home/mu/IVG/aubo_ros2_ws/src/camport_ros2/src/percipio_camera/camport4/include/TYCoordinateMapper.h:408:71:[m[K [01;35m[Kwarning: [m[Kcomparison of integer expressions of different signedness: ‘[01m[Kint16_t[m[K’ {aka ‘[01m[Kshort int[m[K’} and ‘[01m[Kuint32_t[m[K’ {aka ‘[01m[Kunsigned int[m[K’} [[01;35m[K-Wsign-compare[m[K]
  408 |     if(lut[i].x < 0 || lut[i].y < 0 || lut[i].x >= imageW || [01;35m[Klut[i].y >= imageH[m[K) {
      |                                                              [01;35m[K~~~~~~~~~^~~~~~~~~[m[K
In file included from [01m[K/home/mu/IVG/aubo_ros2_ws/src/camport_ros2/src/percipio_camera/src/percipio_depth_algorithm.cpp:1[m[K:
[01m[K/home/mu/IVG/aubo_ros2_ws/src/camport_ros2/src/percipio_camera/include/percipio_depth_algorithm.h:[m[K In member function ‘[01m[Kbool percipio_camera::image_data::resize(int)[m[K’:
[01m[K/home/mu/IVG/aubo_ros2_ws/src/camport_ros2/src/percipio_camera/include/percipio_depth_algorithm.h:77:16:[m[K [01;35m[Kwarning: [m[Kdeleting ‘[01m[Kvoid*[m[K’ is undefined [[01;35m[K-Wdelete-incomplete[m[K]
   77 |       delete [][01;35m[Kbuffer[m[K;
      |                [01;35m[K^~~~~~[m[K
[01m[K/home/mu/IVG/aubo_ros2_ws/src/camport_ros2/src/percipio_camera/include/percipio_depth_algorithm.h:[m[K In destructor ‘[01m[Kpercipio_camera::image_data::~image_data()[m[K’:
[01m[K/home/mu/IVG/aubo_ros2_ws/src/camport_ros2/src/percipio_camera/include/percipio_depth_algorithm.h:108:16:[m[K [01;35m[Kwarning: [m[Kdeleting ‘[01m[Kvoid*[m[K’ is undefined [[01;35m[K-Wdelete-incomplete[m[K]
  108 |       delete [][01;35m[Kbuffer[m[K;
      |                [01;35m[K^~~~~~[m[K
[01m[K/home/mu/IVG/aubo_ros2_ws/src/camport_ros2/src/percipio_camera/include/percipio_depth_algorithm.h:[m[K At global scope:
[01m[K/home/mu/IVG/aubo_ros2_ws/src/camport_ros2/src/percipio_camera/include/percipio_depth_algorithm.h:131:5:[m[K [01;35m[Kwarning: [m[Ktype qualifiers ignored on function return type [[01;35m[K-Wignored-qualifiers[m[K]
  131 |     [01;35m[Kconst[m[K int param_image_num() { return m_image_num; }
      |     [01;35m[K^~~~~[m[K
[01m[K/home/mu/IVG/aubo_ros2_ws/src/camport_ros2/src/percipio_camera/src/percipio_depth_algorithm.cpp:[m[K In member function ‘[01m[Kvoid percipio_camera::DepthTimeDomainMgr::add_frame(const TY_IMAGE_DATA&)[m[K’:
[01m[K/home/mu/IVG/aubo_ros2_ws/src/camport_ros2/src/percipio_camera/src/percipio_depth_algorithm.cpp:17:23:[m[K [01;35m[Kwarning: [m[Kcomparison of integer expressions of different signedness: ‘[01m[Kstd::vector<percipio_camera::image_data>::size_type[m[K’ {aka ‘[01m[Klong unsigned int[m[K’} and ‘[01m[Kint[m[K’ [[01;35m[K-Wsign-compare[m[K]
   17 |   while([01;35m[Kimages.size() >= m_image_num[m[K) {
      |         [01;35m[K~~~~~~~~~~~~~~^~~~~~~~~~~~~~[m[K
[01m[K/home/mu/IVG/aubo_ros2_ws/src/camport_ros2/src/percipio_camera/src/percipio_depth_algorithm.cpp:[m[K In member function ‘[01m[Kbool percipio_camera::DepthTimeDomainMgr::do_time_domain_process(TY_IMAGE_DATA&)[m[K’:
[01m[K/home/mu/IVG/aubo_ros2_ws/src/camport_ros2/src/percipio_camera/src/percipio_depth_algorithm.cpp:26:20:[m[K [01;35m[Kwarning: [m[Kcomparison of integer expressions of different signedness: ‘[01m[Kstd::vector<percipio_camera::image_data>::size_type[m[K’ {aka ‘[01m[Klong unsigned int[m[K’} and ‘[01m[Kint[m[K’ [[01;35m[K-Wsign-compare[m[K]
   26 |   if([01;35m[Kimages.size() < m_image_num[m[K) {
      |      [01;35m[K~~~~~~~~~~~~~~^~~~~~~~~~~~~[m[K
[01m[K/home/mu/IVG/aubo_ros2_ws/src/camport_ros2/src/percipio_camera/src/huffman.cpp:[m[K In function ‘[01m[Kunsigned char process_8_bits_NUMBER(unsigned char&, int, std::stringstream&)[m[K’:
[01m[K/home/mu/IVG/aubo_ros2_ws/src/camport_ros2/src/percipio_camera/src/huffman.cpp:115:30:[m[K [01;35m[Kwarning: [m[Ksuggest parentheses around ‘[01m[K-[m[K’ inside ‘[01m[K<<[m[K’ [[01;35m[K-Wparentheses[m[K]
  115 |     current_byte=temp_byte<<[01;35m[K8-current_bit_count[m[K;
      |                             [01;35m[K~^~~~~~~~~~~~~~~~~~[m[K
In file included from [01m[K/home/mu/IVG/aubo_ros2_ws/src/camport_ros2/src/percipio_camera/include/MatViewer.hpp:6[m[K,
                 from [01m[K/home/mu/IVG/aubo_ros2_ws/src/camport_ros2/src/percipio_camera/src/MatViewer.cpp:3[m[K:
[01m[K/home/mu/IVG/aubo_ros2_ws/src/camport_ros2/src/percipio_camera/include/DepthRender.hpp:[m[K In member function ‘[01m[Kvoid DepthRender::HistAdjustRange(const cv::Mat&, ushort, int, ushort&, ushort&)[m[K’:
[01m[K/home/mu/IVG/aubo_ros2_ws/src/camport_ros2/src/percipio_camera/include/DepthRender.hpp:230:33:[m[K [01;35m[Kwarning: [m[Kcomparison is always false due to limited range of data type [[01;35m[K-Wtype-limits[m[K]
  230 |                     if ([01;35m[Kmin_val < 0[m[K) {
      |                         [01;35m[K~~~~~~~~^~~[m[K
[01m[K/home/mu/IVG/aubo_ros2_ws/src/camport_ros2/src/percipio_camera/src/MatViewer.cpp:[m[K In member function ‘[01m[Kvirtual void DepthViewer::onMouseCallback(cv::Mat&, int, cv::Point, bool&)[m[K’:
[01m[K/home/mu/IVG/aubo_ros2_ws/src/camport_ros2/src/percipio_camera/src/MatViewer.cpp:70:44:[m[K [01;35m[Kwarning: [m[Kunused parameter ‘[01m[Kimg[m[K’ [[01;35m[K-Wunused-parameter[m[K]
   70 | void DepthViewer::onMouseCallback([01;35m[Kcv::Mat& img[m[K, int event, const cv::Point pnt
      |                                   [01;35m[K~~~~~~~~~^~~[m[K
In file included from [01m[K/home/mu/IVG/aubo_ros2_ws/src/camport_ros2/src/percipio_camera/camport4/include/TYApi.h:30[m[K,
                 from [01m[K/home/mu/IVG/aubo_ros2_ws/src/camport_ros2/src/percipio_camera/include/percipio_camera_node_driver.h:8[m[K,
                 from [01m[K/home/mu/IVG/aubo_ros2_ws/src/camport_ros2/src/percipio_camera/src/percipio_camera_node_driver.cpp:1[m[K:
[01m[K/home/mu/IVG/aubo_ros2_ws/src/camport_ros2/src/percipio_camera/camport4/include/TYDefs.h:1010:9:[m[K [01;35m[Kwarning: [m[KISO C++ prohibits anonymous structs [[01;35m[K-Wpedantic[m[K]
 1010 |         [01;35m[K}[m[K;
      |         [01;35m[K^[m[K
[01m[K/home/mu/IVG/aubo_ros2_ws/src/camport_ros2/src/percipio_camera/camport4/include/TYDefs.h:1014:9:[m[K [01;35m[Kwarning: [m[KISO C++ prohibits anonymous structs [[01;35m[K-Wpedantic[m[K]
 1014 |         [01;35m[K}[m[K;
      |         [01;35m[K^[m[K
In file included from [01m[K/home/mu/IVG/aubo_ros2_ws/src/camport_ros2/src/percipio_camera/camport4/include/TYImageProc.h:11[m[K,
                 from [01m[K/home/mu/IVG/aubo_ros2_ws/src/camport_ros2/src/percipio_camera/include/percipio_camera_node_driver.h:9[m[K,
                 from [01m[K/home/mu/IVG/aubo_ros2_ws/src/camport_ros2/src/percipio_camera/src/percipio_camera_node_driver.cpp:1[m[K:
[01m[K/home/mu/IVG/aubo_ros2_ws/src/camport_ros2/src/percipio_camera/camport4/include/TYCoordinateMapper.h:[m[K In function ‘[01m[Kvoid TYPixelsOverlapRemove(TY_PIXEL_DESC*, uint32_t, uint32_t, uint32_t)[m[K’:
[01m[K/home/mu/IVG/aubo_ros2_ws/src/camport_ros2/src/percipio_camera/camport4/include/TYCoordinateMapper.h:401:49:[m[K [01;35m[Kwarning: [m[Kcomparison of integer expressions of different signedness: ‘[01m[Kint16_t[m[K’ {aka ‘[01m[Kshort int[m[K’} and ‘[01m[Kuint32_t[m[K’ {aka ‘[01m[Kunsigned int[m[K’} [[01;35m[K-Wsign-compare[m[K]
  401 |     if(lut[i].x < 0 || lut[i].y < 0 || [01;35m[Klut[i].x >= imageW[m[K || lut[i].y >= imageH) continue;
      |                                        [01;35m[K~~~~~~~~~^~~~~~~~~[m[K
[01m[K/home/mu/IVG/aubo_ros2_ws/src/camport_ros2/src/percipio_camera/camport4/include/TYCoordinateMapper.h:401:71:[m[K [01;35m[Kwarning: [m[Kcomparison of integer expressions of different signedness: ‘[01m[Kint16_t[m[K’ {aka ‘[01m[Kshort int[m[K’} and ‘[01m[Kuint32_t[m[K’ {aka ‘[01m[Kunsigned int[m[K’} [[01;35m[K-Wsign-compare[m[K]
  401 |     if(lut[i].x < 0 || lut[i].y < 0 || lut[i].x >= imageW || [01;35m[Klut[i].y >= imageH[m[K) continue;
      |                                                              [01;35m[K~~~~~~~~~^~~~~~~~~[m[K
[01m[K/home/mu/IVG/aubo_ros2_ws/src/camport_ros2/src/percipio_camera/camport4/include/TYCoordinateMapper.h:408:49:[m[K [01;35m[Kwarning: [m[Kcomparison of integer expressions of different signedness: ‘[01m[Kint16_t[m[K’ {aka ‘[01m[Kshort int[m[K’} and ‘[01m[Kuint32_t[m[K’ {aka ‘[01m[Kunsigned int[m[K’} [[01;35m[K-Wsign-compare[m[K]
  408 |     if(lut[i].x < 0 || lut[i].y < 0 || [01;35m[Klut[i].x >= imageW[m[K || lut[i].y >= imageH) {
      |                                        [01;35m[K~~~~~~~~~^~~~~~~~~[m[K
[01m[K/home/mu/IVG/aubo_ros2_ws/src/camport_ros2/src/percipio_camera/camport4/include/TYCoordinateMapper.h:408:71:[m[K [01;35m[Kwarning: [m[Kcomparison of integer expressions of different signedness: ‘[01m[Kint16_t[m[K’ {aka ‘[01m[Kshort int[m[K’} and ‘[01m[Kuint32_t[m[K’ {aka ‘[01m[Kunsigned int[m[K’} [[01;35m[K-Wsign-compare[m[K]
  408 |     if(lut[i].x < 0 || lut[i].y < 0 || lut[i].x >= imageW || [01;35m[Klut[i].y >= imageH[m[K) {
      |                                                              [01;35m[K~~~~~~~~~^~~~~~~~~[m[K
In file included from [01m[K/home/mu/IVG/aubo_ros2_ws/src/camport_ros2/src/percipio_camera/camport4/include/TYApi.h:30[m[K,
                 from [01m[K/home/mu/IVG/aubo_ros2_ws/src/camport_ros2/src/percipio_camera/camport4/include/TYParameter.h:4[m[K,
                 from [01m[K/home/mu/IVG/aubo_ros2_ws/src/camport_ros2/src/percipio_camera/include/percipio_device.h:13[m[K,
                 from [01m[K/home/mu/IVG/aubo_ros2_ws/src/camport_ros2/src/percipio_camera/src/percipio_device.cpp:1[m[K:
[01m[K/home/mu/IVG/aubo_ros2_ws/src/camport_ros2/src/percipio_camera/camport4/include/TYDefs.h:1010:9:[m[K [01;35m[Kwarning: [m[KISO C++ prohibits anonymous structs [[01;35m[K-Wpedantic[m[K]
 1010 |         [01;35m[K}[m[K;
      |         [01;35m[K^[m[K
[01m[K/home/mu/IVG/aubo_ros2_ws/src/camport_ros2/src/percipio_camera/camport4/include/TYDefs.h:1014:9:[m[K [01;35m[Kwarning: [m[KISO C++ prohibits anonymous structs [[01;35m[K-Wpedantic[m[K]
 1014 |         [01;35m[K}[m[K;
      |         [01;35m[K^[m[K
In file included from [01m[K/home/mu/IVG/aubo_ros2_ws/src/camport_ros2/src/percipio_camera/camport4/include/TYImageProc.h:11[m[K,
                 from [01m[K/home/mu/IVG/aubo_ros2_ws/src/camport_ros2/src/percipio_camera/include/percipio_depth_algorithm.h:7[m[K,
                 from [01m[K/home/mu/IVG/aubo_ros2_ws/src/camport_ros2/src/percipio_camera/include/percipio_device.h:15[m[K,
                 from [01m[K/home/mu/IVG/aubo_ros2_ws/src/camport_ros2/src/percipio_camera/src/percipio_device.cpp:1[m[K:
[01m[K/home/mu/IVG/aubo_ros2_ws/src/camport_ros2/src/percipio_camera/camport4/include/TYCoordinateMapper.h:[m[K In function ‘[01m[Kvoid TYPixelsOverlapRemove(TY_PIXEL_DESC*, uint32_t, uint32_t, uint32_t)[m[K’:
[01m[K/home/mu/IVG/aubo_ros2_ws/src/camport_ros2/src/percipio_camera/camport4/include/TYCoordinateMapper.h:401:49:[m[K [01;35m[Kwarning: [m[Kcomparison of integer expressions of different signedness: ‘[01m[Kint16_t[m[K’ {aka ‘[01m[Kshort int[m[K’} and ‘[01m[Kuint32_t[m[K’ {aka ‘[01m[Kunsigned int[m[K’} [[01;35m[K-Wsign-compare[m[K]
  401 |     if(lut[i].x < 0 || lut[i].y < 0 || [01;35m[Klut[i].x >= imageW[m[K || lut[i].y >= imageH) continue;
      |                                        [01;35m[K~~~~~~~~~^~~~~~~~~[m[K
[01m[K/home/mu/IVG/aubo_ros2_ws/src/camport_ros2/src/percipio_camera/camport4/include/TYCoordinateMapper.h:401:71:[m[K [01;35m[Kwarning: [m[Kcomparison of integer expressions of different signedness: ‘[01m[Kint16_t[m[K’ {aka ‘[01m[Kshort int[m[K’} and ‘[01m[Kuint32_t[m[K’ {aka ‘[01m[Kunsigned int[m[K’} [[01;35m[K-Wsign-compare[m[K]
  401 |     if(lut[i].x < 0 || lut[i].y < 0 || lut[i].x >= imageW || [01;35m[Klut[i].y >= imageH[m[K) continue;
      |                                                              [01;35m[K~~~~~~~~~^~~~~~~~~[m[K
[01m[K/home/mu/IVG/aubo_ros2_ws/src/camport_ros2/src/percipio_camera/camport4/include/TYCoordinateMapper.h:408:49:[m[K [01;35m[Kwarning: [m[Kcomparison of integer expressions of different signedness: ‘[01m[Kint16_t[m[K’ {aka ‘[01m[Kshort int[m[K’} and ‘[01m[Kuint32_t[m[K’ {aka ‘[01m[Kunsigned int[m[K’} [[01;35m[K-Wsign-compare[m[K]
  408 |     if(lut[i].x < 0 || lut[i].y < 0 || [01;35m[Klut[i].x >= imageW[m[K || lut[i].y >= imageH) {
      |                                        [01;35m[K~~~~~~~~~^~~~~~~~~[m[K
[01m[K/home/mu/IVG/aubo_ros2_ws/src/camport_ros2/src/percipio_camera/camport4/include/TYCoordinateMapper.h:408:71:[m[K [01;35m[Kwarning: [m[Kcomparison of integer expressions of different signedness: ‘[01m[Kint16_t[m[K’ {aka ‘[01m[Kshort int[m[K’} and ‘[01m[Kuint32_t[m[K’ {aka ‘[01m[Kunsigned int[m[K’} [[01;35m[K-Wsign-compare[m[K]
  408 |     if(lut[i].x < 0 || lut[i].y < 0 || lut[i].x >= imageW || [01;35m[Klut[i].y >= imageH[m[K) {
      |                                                              [01;35m[K~~~~~~~~~^~~~~~~~~[m[K
In file included from [01m[K/home/mu/IVG/aubo_ros2_ws/src/camport_ros2/src/percipio_camera/include/percipio_device.h:15[m[K,
                 from [01m[K/home/mu/IVG/aubo_ros2_ws/src/camport_ros2/src/percipio_camera/src/percipio_device.cpp:1[m[K:
[01m[K/home/mu/IVG/aubo_ros2_ws/src/camport_ros2/src/percipio_camera/include/percipio_depth_algorithm.h:[m[K In member function ‘[01m[Kbool percipio_camera::image_data::resize(int)[m[K’:
[01m[K/home/mu/IVG/aubo_ros2_ws/src/camport_ros2/src/percipio_camera/include/percipio_depth_algorithm.h:77:16:[m[K [01;35m[Kwarning: [m[Kdeleting ‘[01m[Kvoid*[m[K’ is undefined [[01;35m[K-Wdelete-incomplete[m[K]
   77 |       delete [][01;35m[Kbuffer[m[K;
      |                [01;35m[K^~~~~~[m[K
[01m[K/home/mu/IVG/aubo_ros2_ws/src/camport_ros2/src/percipio_camera/include/percipio_depth_algorithm.h:[m[K In destructor ‘[01m[Kpercipio_camera::image_data::~image_data()[m[K’:
[01m[K/home/mu/IVG/aubo_ros2_ws/src/camport_ros2/src/percipio_camera/include/percipio_depth_algorithm.h:108:16:[m[K [01;35m[Kwarning: [m[Kdeleting ‘[01m[Kvoid*[m[K’ is undefined [[01;35m[K-Wdelete-incomplete[m[K]
  108 |       delete [][01;35m[Kbuffer[m[K;
      |                [01;35m[K^~~~~~[m[K
[01m[K/home/mu/IVG/aubo_ros2_ws/src/camport_ros2/src/percipio_camera/include/percipio_depth_algorithm.h:[m[K At global scope:
[01m[K/home/mu/IVG/aubo_ros2_ws/src/camport_ros2/src/percipio_camera/include/percipio_depth_algorithm.h:131:5:[m[K [01;35m[Kwarning: [m[Ktype qualifiers ignored on function return type [[01;35m[K-Wignored-qualifiers[m[K]
  131 |     [01;35m[Kconst[m[K int param_image_num() { return m_image_num; }
      |     [01;35m[K^~~~~[m[K
In file included from [01m[K/home/mu/IVG/aubo_ros2_ws/src/camport_ros2/src/percipio_camera/camport4/include/TYApi.h:30[m[K,
                 from [01m[K/home/mu/IVG/aubo_ros2_ws/src/camport_ros2/src/percipio_camera/include/percipio_camera_node.h:24[m[K,
                 from [01m[K/home/mu/IVG/aubo_ros2_ws/src/camport_ros2/src/percipio_camera/src/percipio_camera_node.cpp:10[m[K:
[01m[K/home/mu/IVG/aubo_ros2_ws/src/camport_ros2/src/percipio_camera/camport4/include/TYDefs.h:1010:9:[m[K [01;35m[Kwarning: [m[KISO C++ prohibits anonymous structs [[01;35m[K-Wpedantic[m[K]
 1010 |         [01;35m[K}[m[K;
      |         [01;35m[K^[m[K
[01m[K/home/mu/IVG/aubo_ros2_ws/src/camport_ros2/src/percipio_camera/camport4/include/TYDefs.h:1014:9:[m[K [01;35m[Kwarning: [m[KISO C++ prohibits anonymous structs [[01;35m[K-Wpedantic[m[K]
 1014 |         [01;35m[K}[m[K;
      |         [01;35m[K^[m[K
In file included from [01m[K/home/mu/IVG/aubo_ros2_ws/src/camport_ros2/src/percipio_camera/include/percipio_device.h:15[m[K,
                 from [01m[K/home/mu/IVG/aubo_ros2_ws/src/camport_ros2/src/percipio_camera/include/percipio_camera_node.h:25[m[K,
                 from [01m[K/home/mu/IVG/aubo_ros2_ws/src/camport_ros2/src/percipio_camera/include/percipio_camera_node_driver.h:10[m[K,
                 from [01m[K/home/mu/IVG/aubo_ros2_ws/src/camport_ros2/src/percipio_camera/src/percipio_camera_node_driver.cpp:1[m[K:
[01m[K/home/mu/IVG/aubo_ros2_ws/src/camport_ros2/src/percipio_camera/include/percipio_depth_algorithm.h:[m[K In member function ‘[01m[Kbool percipio_camera::image_data::resize(int)[m[K’:
[01m[K/home/mu/IVG/aubo_ros2_ws/src/camport_ros2/src/percipio_camera/include/percipio_depth_algorithm.h:77:16:[m[K [01;35m[Kwarning: [m[Kdeleting ‘[01m[Kvoid*[m[K’ is undefined [[01;35m[K-Wdelete-incomplete[m[K]
   77 |       delete [][01;35m[Kbuffer[m[K;
      |                [01;35m[K^~~~~~[m[K
[01m[K/home/mu/IVG/aubo_ros2_ws/src/camport_ros2/src/percipio_camera/include/percipio_depth_algorithm.h:[m[K In destructor ‘[01m[Kpercipio_camera::image_data::~image_data()[m[K’:
[01m[K/home/mu/IVG/aubo_ros2_ws/src/camport_ros2/src/percipio_camera/include/percipio_depth_algorithm.h:108:16:[m[K [01;35m[Kwarning: [m[Kdeleting ‘[01m[Kvoid*[m[K’ is undefined [[01;35m[K-Wdelete-incomplete[m[K]
  108 |       delete [][01;35m[Kbuffer[m[K;
      |                [01;35m[K^~~~~~[m[K
[01m[K/home/mu/IVG/aubo_ros2_ws/src/camport_ros2/src/percipio_camera/include/percipio_depth_algorithm.h:[m[K At global scope:
[01m[K/home/mu/IVG/aubo_ros2_ws/src/camport_ros2/src/percipio_camera/include/percipio_depth_algorithm.h:131:5:[m[K [01;35m[Kwarning: [m[Ktype qualifiers ignored on function return type [[01;35m[K-Wignored-qualifiers[m[K]
  131 |     [01;35m[Kconst[m[K int param_image_num() { return m_image_num; }
      |     [01;35m[K^~~~~[m[K
In file included from [01m[K/home/mu/IVG/aubo_ros2_ws/src/camport_ros2/src/percipio_camera/camport4/include/TYImageProc.h:11[m[K,
                 from [01m[K/home/mu/IVG/aubo_ros2_ws/src/camport_ros2/src/percipio_camera/include/percipio_depth_algorithm.h:7[m[K,
                 from [01m[K/home/mu/IVG/aubo_ros2_ws/src/camport_ros2/src/percipio_camera/include/percipio_device.h:15[m[K,
                 from [01m[K/home/mu/IVG/aubo_ros2_ws/src/camport_ros2/src/percipio_camera/include/percipio_camera_node.h:25[m[K,
                 from [01m[K/home/mu/IVG/aubo_ros2_ws/src/camport_ros2/src/percipio_camera/src/percipio_camera_node.cpp:10[m[K:
[01m[K/home/mu/IVG/aubo_ros2_ws/src/camport_ros2/src/percipio_camera/camport4/include/TYCoordinateMapper.h:[m[K In function ‘[01m[Kvoid TYPixelsOverlapRemove(TY_PIXEL_DESC*, uint32_t, uint32_t, uint32_t)[m[K’:
[01m[K/home/mu/IVG/aubo_ros2_ws/src/camport_ros2/src/percipio_camera/camport4/include/TYCoordinateMapper.h:401:49:[m[K [01;35m[Kwarning: [m[Kcomparison of integer expressions of different signedness: ‘[01m[Kint16_t[m[K’ {aka ‘[01m[Kshort int[m[K’} and ‘[01m[Kuint32_t[m[K’ {aka ‘[01m[Kunsigned int[m[K’} [[01;35m[K-Wsign-compare[m[K]
  401 |     if(lut[i].x < 0 || lut[i].y < 0 || [01;35m[Klut[i].x >= imageW[m[K || lut[i].y >= imageH) continue;
      |                                        [01;35m[K~~~~~~~~~^~~~~~~~~[m[K
[01m[K/home/mu/IVG/aubo_ros2_ws/src/camport_ros2/src/percipio_camera/camport4/include/TYCoordinateMapper.h:401:71:[m[K [01;35m[Kwarning: [m[Kcomparison of integer expressions of different signedness: ‘[01m[Kint16_t[m[K’ {aka ‘[01m[Kshort int[m[K’} and ‘[01m[Kuint32_t[m[K’ {aka ‘[01m[Kunsigned int[m[K’} [[01;35m[K-Wsign-compare[m[K]
  401 |     if(lut[i].x < 0 || lut[i].y < 0 || lut[i].x >= imageW || [01;35m[Klut[i].y >= imageH[m[K) continue;
      |                                                              [01;35m[K~~~~~~~~~^~~~~~~~~[m[K
[01m[K/home/mu/IVG/aubo_ros2_ws/src/camport_ros2/src/percipio_camera/camport4/include/TYCoordinateMapper.h:408:49:[m[K [01;35m[Kwarning: [m[Kcomparison of integer expressions of different signedness: ‘[01m[Kint16_t[m[K’ {aka ‘[01m[Kshort int[m[K’} and ‘[01m[Kuint32_t[m[K’ {aka ‘[01m[Kunsigned int[m[K’} [[01;35m[K-Wsign-compare[m[K]
  408 |     if(lut[i].x < 0 || lut[i].y < 0 || [01;35m[Klut[i].x >= imageW[m[K || lut[i].y >= imageH) {
      |                                        [01;35m[K~~~~~~~~~^~~~~~~~~[m[K
[01m[K/home/mu/IVG/aubo_ros2_ws/src/camport_ros2/src/percipio_camera/camport4/include/TYCoordinateMapper.h:408:71:[m[K [01;35m[Kwarning: [m[Kcomparison of integer expressions of different signedness: ‘[01m[Kint16_t[m[K’ {aka ‘[01m[Kshort int[m[K’} and ‘[01m[Kuint32_t[m[K’ {aka ‘[01m[Kunsigned int[m[K’} [[01;35m[K-Wsign-compare[m[K]
  408 |     if(lut[i].x < 0 || lut[i].y < 0 || lut[i].x >= imageW || [01;35m[Klut[i].y >= imageH[m[K) {
      |                                                              [01;35m[K~~~~~~~~~^~~~~~~~~[m[K
In file included from [01m[K/home/mu/IVG/aubo_ros2_ws/src/camport_ros2/src/percipio_camera/include/percipio_device.h:15[m[K,
                 from [01m[K/home/mu/IVG/aubo_ros2_ws/src/camport_ros2/src/percipio_camera/include/percipio_camera_node.h:25[m[K,
                 from [01m[K/home/mu/IVG/aubo_ros2_ws/src/camport_ros2/src/percipio_camera/src/percipio_camera_node.cpp:10[m[K:
[01m[K/home/mu/IVG/aubo_ros2_ws/src/camport_ros2/src/percipio_camera/include/percipio_depth_algorithm.h:[m[K In member function ‘[01m[Kbool percipio_camera::image_data::resize(int)[m[K’:
[01m[K/home/mu/IVG/aubo_ros2_ws/src/camport_ros2/src/percipio_camera/include/percipio_depth_algorithm.h:77:16:[m[K [01;35m[Kwarning: [m[Kdeleting ‘[01m[Kvoid*[m[K’ is undefined [[01;35m[K-Wdelete-incomplete[m[K]
   77 |       delete [][01;35m[Kbuffer[m[K;
      |                [01;35m[K^~~~~~[m[K
[01m[K/home/mu/IVG/aubo_ros2_ws/src/camport_ros2/src/percipio_camera/include/percipio_depth_algorithm.h:[m[K In destructor ‘[01m[Kpercipio_camera::image_data::~image_data()[m[K’:
[01m[K/home/mu/IVG/aubo_ros2_ws/src/camport_ros2/src/percipio_camera/include/percipio_depth_algorithm.h:108:16:[m[K [01;35m[Kwarning: [m[Kdeleting ‘[01m[Kvoid*[m[K’ is undefined [[01;35m[K-Wdelete-incomplete[m[K]
  108 |       delete [][01;35m[Kbuffer[m[K;
      |                [01;35m[K^~~~~~[m[K
[01m[K/home/mu/IVG/aubo_ros2_ws/src/camport_ros2/src/percipio_camera/include/percipio_depth_algorithm.h:[m[K At global scope:
[01m[K/home/mu/IVG/aubo_ros2_ws/src/camport_ros2/src/percipio_camera/include/percipio_depth_algorithm.h:131:5:[m[K [01;35m[Kwarning: [m[Ktype qualifiers ignored on function return type [[01;35m[K-Wignored-qualifiers[m[K]
  131 |     [01;35m[Kconst[m[K int param_image_num() { return m_image_num; }
      |     [01;35m[K^~~~~[m[K
In file included from [01m[K/home/mu/IVG/aubo_ros2_ws/src/camport_ros2/src/percipio_camera/camport4/include/TYApi.h:30[m[K,
                 from [01m[K/home/mu/IVG/aubo_ros2_ws/src/camport_ros2/src/percipio_camera/include/percipio_video_mode.h:9[m[K,
                 from [01m[K/home/mu/IVG/aubo_ros2_ws/src/camport_ros2/src/percipio_camera/src/percipio_video_mode.cpp:1[m[K:
[01m[K/home/mu/IVG/aubo_ros2_ws/src/camport_ros2/src/percipio_camera/camport4/include/TYDefs.h:1010:9:[m[K [01;35m[Kwarning: [m[KISO C++ prohibits anonymous structs [[01;35m[K-Wpedantic[m[K]
 1010 |         [01;35m[K}[m[K;
      |         [01;35m[K^[m[K
[01m[K/home/mu/IVG/aubo_ros2_ws/src/camport_ros2/src/percipio_camera/camport4/include/TYDefs.h:1014:9:[m[K [01;35m[Kwarning: [m[KISO C++ prohibits anonymous structs [[01;35m[K-Wpedantic[m[K]
 1014 |         [01;35m[K}[m[K;
      |         [01;35m[K^[m[K
In file included from [01m[K/home/mu/IVG/aubo_ros2_ws/src/camport_ros2/src/percipio_camera/camport4/include/TYImageProc.h:11[m[K,
                 from [01m[K/home/mu/IVG/aubo_ros2_ws/src/camport_ros2/src/percipio_camera/include/percipio_depth_algorithm.h:7[m[K,
                 from [01m[K/home/mu/IVG/aubo_ros2_ws/src/camport_ros2/src/percipio_camera/include/percipio_device.h:15[m[K,
                 from [01m[K/home/mu/IVG/aubo_ros2_ws/src/camport_ros2/src/percipio_camera/src/percipio_video_mode.cpp:2[m[K:
[01m[K/home/mu/IVG/aubo_ros2_ws/src/camport_ros2/src/percipio_camera/camport4/include/TYCoordinateMapper.h:[m[K In function ‘[01m[Kvoid TYPixelsOverlapRemove(TY_PIXEL_DESC*, uint32_t, uint32_t, uint32_t)[m[K’:
[01m[K/home/mu/IVG/aubo_ros2_ws/src/camport_ros2/src/percipio_camera/camport4/include/TYCoordinateMapper.h:401:49:[m[K [01;35m[Kwarning: [m[Kcomparison of integer expressions of different signedness: ‘[01m[Kint16_t[m[K’ {aka ‘[01m[Kshort int[m[K’} and ‘[01m[Kuint32_t[m[K’ {aka ‘[01m[Kunsigned int[m[K’} [[01;35m[K-Wsign-compare[m[K]
  401 |     if(lut[i].x < 0 || lut[i].y < 0 || [01;35m[Klut[i].x >= imageW[m[K || lut[i].y >= imageH) continue;
      |                                        [01;35m[K~~~~~~~~~^~~~~~~~~[m[K
[01m[K/home/mu/IVG/aubo_ros2_ws/src/camport_ros2/src/percipio_camera/camport4/include/TYCoordinateMapper.h:401:71:[m[K [01;35m[Kwarning: [m[Kcomparison of integer expressions of different signedness: ‘[01m[Kint16_t[m[K’ {aka ‘[01m[Kshort int[m[K’} and ‘[01m[Kuint32_t[m[K’ {aka ‘[01m[Kunsigned int[m[K’} [[01;35m[K-Wsign-compare[m[K]
  401 |     if(lut[i].x < 0 || lut[i].y < 0 || lut[i].x >= imageW || [01;35m[Klut[i].y >= imageH[m[K) continue;
      |                                                              [01;35m[K~~~~~~~~~^~~~~~~~~[m[K
[01m[K/home/mu/IVG/aubo_ros2_ws/src/camport_ros2/src/percipio_camera/camport4/include/TYCoordinateMapper.h:408:49:[m[K [01;35m[Kwarning: [m[Kcomparison of integer expressions of different signedness: ‘[01m[Kint16_t[m[K’ {aka ‘[01m[Kshort int[m[K’} and ‘[01m[Kuint32_t[m[K’ {aka ‘[01m[Kunsigned int[m[K’} [[01;35m[K-Wsign-compare[m[K]
  408 |     if(lut[i].x < 0 || lut[i].y < 0 || [01;35m[Klut[i].x >= imageW[m[K || lut[i].y >= imageH) {
      |                                        [01;35m[K~~~~~~~~~^~~~~~~~~[m[K
[01m[K/home/mu/IVG/aubo_ros2_ws/src/camport_ros2/src/percipio_camera/camport4/include/TYCoordinateMapper.h:408:71:[m[K [01;35m[Kwarning: [m[Kcomparison of integer expressions of different signedness: ‘[01m[Kint16_t[m[K’ {aka ‘[01m[Kshort int[m[K’} and ‘[01m[Kuint32_t[m[K’ {aka ‘[01m[Kunsigned int[m[K’} [[01;35m[K-Wsign-compare[m[K]
  408 |     if(lut[i].x < 0 || lut[i].y < 0 || lut[i].x >= imageW || [01;35m[Klut[i].y >= imageH[m[K) {
      |                                                              [01;35m[K~~~~~~~~~^~~~~~~~~[m[K
In file included from [01m[K/home/mu/IVG/aubo_ros2_ws/src/camport_ros2/src/percipio_camera/include/percipio_device.h:15[m[K,
                 from [01m[K/home/mu/IVG/aubo_ros2_ws/src/camport_ros2/src/percipio_camera/src/percipio_video_mode.cpp:2[m[K:
[01m[K/home/mu/IVG/aubo_ros2_ws/src/camport_ros2/src/percipio_camera/include/percipio_depth_algorithm.h:[m[K In member function ‘[01m[Kbool percipio_camera::image_data::resize(int)[m[K’:
[01m[K/home/mu/IVG/aubo_ros2_ws/src/camport_ros2/src/percipio_camera/include/percipio_depth_algorithm.h:77:16:[m[K [01;35m[Kwarning: [m[Kdeleting ‘[01m[Kvoid*[m[K’ is undefined [[01;35m[K-Wdelete-incomplete[m[K]
   77 |       delete [][01;35m[Kbuffer[m[K;
      |                [01;35m[K^~~~~~[m[K
[01m[K/home/mu/IVG/aubo_ros2_ws/src/camport_ros2/src/percipio_camera/include/percipio_depth_algorithm.h:[m[K In destructor ‘[01m[Kpercipio_camera::image_data::~image_data()[m[K’:
[01m[K/home/mu/IVG/aubo_ros2_ws/src/camport_ros2/src/percipio_camera/include/percipio_depth_algorithm.h:108:16:[m[K [01;35m[Kwarning: [m[Kdeleting ‘[01m[Kvoid*[m[K’ is undefined [[01;35m[K-Wdelete-incomplete[m[K]
  108 |       delete [][01;35m[Kbuffer[m[K;
      |                [01;35m[K^~~~~~[m[K
[01m[K/home/mu/IVG/aubo_ros2_ws/src/camport_ros2/src/percipio_camera/include/percipio_depth_algorithm.h:[m[K At global scope:
[01m[K/home/mu/IVG/aubo_ros2_ws/src/camport_ros2/src/percipio_camera/include/percipio_depth_algorithm.h:131:5:[m[K [01;35m[Kwarning: [m[Ktype qualifiers ignored on function return type [[01;35m[K-Wignored-qualifiers[m[K]
  131 |     [01;35m[Kconst[m[K int param_image_num() { return m_image_num; }
      |     [01;35m[K^~~~~[m[K
In file included from [01m[K/home/mu/IVG/aubo_ros2_ws/src/camport_ros2/src/percipio_camera/include/common.hpp:9[m[K,
                 from [01m[K/home/mu/IVG/aubo_ros2_ws/src/camport_ros2/src/percipio_camera/src/percipio_device.cpp:2[m[K:
[01m[K/home/mu/IVG/aubo_ros2_ws/src/camport_ros2/src/percipio_camera/include/DepthRender.hpp:[m[K In member function ‘[01m[Kvoid DepthRender::HistAdjustRange(const cv::Mat&, ushort, int, ushort&, ushort&)[m[K’:
[01m[K/home/mu/IVG/aubo_ros2_ws/src/camport_ros2/src/percipio_camera/include/DepthRender.hpp:230:33:[m[K [01;35m[Kwarning: [m[Kcomparison is always false due to limited range of data type [[01;35m[K-Wtype-limits[m[K]
  230 |                     if ([01;35m[Kmin_val < 0[m[K) {
      |                         [01;35m[K~~~~~~~~^~~[m[K
In file included from [01m[K/home/mu/IVG/aubo_ros2_ws/src/camport_ros2/src/percipio_camera/src/percipio_device.cpp:2[m[K:
[01m[K/home/mu/IVG/aubo_ros2_ws/src/camport_ros2/src/percipio_camera/include/common.hpp:[m[K In function ‘[01m[Kint decodeCsiRaw10(unsigned char*, unsigned char*, int, int)[m[K’:
[01m[K/home/mu/IVG/aubo_ros2_ws/src/camport_ros2/src/percipio_camera/include/common.hpp:22:32:[m[K [01;35m[Kwarning: [m[Kcomparison of integer expressions of different signedness: ‘[01m[Ksize_t[m[K’ {aka ‘[01m[Klong unsigned int[m[K’} and ‘[01m[Kint[m[K’ [[01;35m[K-Wsign-compare[m[K]
   22 |     for(size_t i = 0, j = 0; [01;35m[Ki < raw10_line_size * height[m[K; i+=5, j+=4)
      |                              [01;35m[K~~^~~~~~~~~~~~~~~~~~~~~~~~~~[m[K
[01m[K/home/mu/IVG/aubo_ros2_ws/src/camport_ros2/src/percipio_camera/include/common.hpp:[m[K In function ‘[01m[Kint decodeCsiRaw12(unsigned char*, unsigned char*, int, int)[m[K’:
[01m[K/home/mu/IVG/aubo_ros2_ws/src/camport_ros2/src/percipio_camera/include/common.hpp:39:32:[m[K [01;35m[Kwarning: [m[Kcomparison of integer expressions of different signedness: ‘[01m[Ksize_t[m[K’ {aka ‘[01m[Klong unsigned int[m[K’} and ‘[01m[Kint[m[K’ [[01;35m[K-Wsign-compare[m[K]
   39 |     for(size_t i = 0, j = 0; [01;35m[Ki < raw12_line_size * height[m[K; i+=3, j+=2)
      |                              [01;35m[K~~^~~~~~~~~~~~~~~~~~~~~~~~~~[m[K
[01m[K/home/mu/IVG/aubo_ros2_ws/src/camport_ros2/src/percipio_camera/include/common.hpp:[m[K In function ‘[01m[Kint decodeCsiRaw14(unsigned char*, short unsigned int*, int, int)[m[K’:
[01m[K/home/mu/IVG/aubo_ros2_ws/src/camport_ros2/src/percipio_camera/include/common.hpp:54:32:[m[K [01;35m[Kwarning: [m[Kcomparison of integer expressions of different signedness: ‘[01m[Ksize_t[m[K’ {aka ‘[01m[Klong unsigned int[m[K’} and ‘[01m[Kint[m[K’ [[01;35m[K-Wsign-compare[m[K]
   54 |     for(size_t i = 0, j = 0; [01;35m[Ki < raw14_line_size * height[m[K; i+=7, j+=4)
      |                              [01;35m[K~~^~~~~~~~~~~~~~~~~~~~~~~~~~[m[K
[01m[K/home/mu/IVG/aubo_ros2_ws/src/camport_ros2/src/percipio_camera/include/common.hpp:[m[K In function ‘[01m[Kint decodePacketRaw10(unsigned char*, unsigned char*, int, int)[m[K’:
[01m[K/home/mu/IVG/aubo_ros2_ws/src/camport_ros2/src/percipio_camera/include/common.hpp:75:25:[m[K [01;35m[Kwarning: [m[Kcomparison of integer expressions of different signedness: ‘[01m[Ksize_t[m[K’ {aka ‘[01m[Klong unsigned int[m[K’} and ‘[01m[Kint[m[K’ [[01;35m[K-Wsign-compare[m[K]
   75 |     for(size_t i = 0; [01;35m[Ki < raw10_line_size * height[m[K; i+=5)
      |                       [01;35m[K~~^~~~~~~~~~~~~~~~~~~~~~~~~~[m[K
[01m[K/home/mu/IVG/aubo_ros2_ws/src/camport_ros2/src/percipio_camera/include/common.hpp:[m[K In function ‘[01m[Kint decodePacketRaw12(unsigned char*, unsigned char*, int, int)[m[K’:
[01m[K/home/mu/IVG/aubo_ros2_ws/src/camport_ros2/src/percipio_camera/include/common.hpp:89:52:[m[K [01;35m[Kwarning: [m[Kunused parameter ‘[01m[Ksrc[m[K’ [[01;35m[K-Wunused-parameter[m[K]
   89 | static inline int decodePacketRaw12([01;35m[Kunsigned char* src[m[K, unsigned char* dst, int width, int height)
      |                                     [01;35m[K~~~~~~~~~~~~~~~^~~[m[K
[01m[K/home/mu/IVG/aubo_ros2_ws/src/camport_ros2/src/percipio_camera/include/common.hpp:89:72:[m[K [01;35m[Kwarning: [m[Kunused parameter ‘[01m[Kdst[m[K’ [[01;35m[K-Wunused-parameter[m[K]
   89 | static inline int decodePacketRaw12(unsigned char* src, [01;35m[Kunsigned char* dst[m[K, int width, int height)
      |                                                         [01;35m[K~~~~~~~~~~~~~~~^~~[m[K
[01m[K/home/mu/IVG/aubo_ros2_ws/src/camport_ros2/src/percipio_camera/include/common.hpp:89:81:[m[K [01;35m[Kwarning: [m[Kunused parameter ‘[01m[Kwidth[m[K’ [[01;35m[K-Wunused-parameter[m[K]
   89 | static inline int decodePacketRaw12(unsigned char* src, unsigned char* dst, [01;35m[Kint width[m[K, int height)
      |                                                                             [01;35m[K~~~~^~~~~[m[K
[01m[K/home/mu/IVG/aubo_ros2_ws/src/camport_ros2/src/percipio_camera/include/common.hpp:89:92:[m[K [01;35m[Kwarning: [m[Kunused parameter ‘[01m[Kheight[m[K’ [[01;35m[K-Wunused-parameter[m[K]
   89 | static inline int decodePacketRaw12(unsigned char* src, unsigned char* dst, int width, [01;35m[Kint height[m[K)
      |                                                                                        [01;35m[K~~~~^~~~~~[m[K
In file included from [01m[K/home/mu/IVG/aubo_ros2_ws/src/camport_ros2/src/percipio_camera/include/common.hpp:9[m[K,
                 from [01m[K/home/mu/IVG/aubo_ros2_ws/src/camport_ros2/src/percipio_camera/src/percipio_camera_node_driver.cpp:11[m[K:
[01m[K/home/mu/IVG/aubo_ros2_ws/src/camport_ros2/src/percipio_camera/include/DepthRender.hpp:[m[K In member function ‘[01m[Kvoid DepthRender::HistAdjustRange(const cv::Mat&, ushort, int, ushort&, ushort&)[m[K’:
[01m[K/home/mu/IVG/aubo_ros2_ws/src/camport_ros2/src/percipio_camera/include/DepthRender.hpp:230:33:[m[K [01;35m[Kwarning: [m[Kcomparison is always false due to limited range of data type [[01;35m[K-Wtype-limits[m[K]
  230 |                     if ([01;35m[Kmin_val < 0[m[K) {
      |                         [01;35m[K~~~~~~~~^~~[m[K
In file included from [01m[K/home/mu/IVG/aubo_ros2_ws/src/camport_ros2/src/percipio_camera/src/percipio_camera_node_driver.cpp:11[m[K:
[01m[K/home/mu/IVG/aubo_ros2_ws/src/camport_ros2/src/percipio_camera/include/common.hpp:[m[K In function ‘[01m[Kint decodeCsiRaw10(unsigned char*, unsigned char*, int, int)[m[K’:
[01m[K/home/mu/IVG/aubo_ros2_ws/src/camport_ros2/src/percipio_camera/include/common.hpp:22:32:[m[K [01;35m[Kwarning: [m[Kcomparison of integer expressions of different signedness: ‘[01m[Ksize_t[m[K’ {aka ‘[01m[Klong unsigned int[m[K’} and ‘[01m[Kint[m[K’ [[01;35m[K-Wsign-compare[m[K]
   22 |     for(size_t i = 0, j = 0; [01;35m[Ki < raw10_line_size * height[m[K; i+=5, j+=4)
      |                              [01;35m[K~~^~~~~~~~~~~~~~~~~~~~~~~~~~[m[K
[01m[K/home/mu/IVG/aubo_ros2_ws/src/camport_ros2/src/percipio_camera/include/common.hpp:[m[K In function ‘[01m[Kint decodeCsiRaw12(unsigned char*, unsigned char*, int, int)[m[K’:
[01m[K/home/mu/IVG/aubo_ros2_ws/src/camport_ros2/src/percipio_camera/include/common.hpp:39:32:[m[K [01;35m[Kwarning: [m[Kcomparison of integer expressions of different signedness: ‘[01m[Ksize_t[m[K’ {aka ‘[01m[Klong unsigned int[m[K’} and ‘[01m[Kint[m[K’ [[01;35m[K-Wsign-compare[m[K]
   39 |     for(size_t i = 0, j = 0; [01;35m[Ki < raw12_line_size * height[m[K; i+=3, j+=2)
      |                              [01;35m[K~~^~~~~~~~~~~~~~~~~~~~~~~~~~[m[K
[01m[K/home/mu/IVG/aubo_ros2_ws/src/camport_ros2/src/percipio_camera/include/common.hpp:[m[K In function ‘[01m[Kint decodeCsiRaw14(unsigned char*, short unsigned int*, int, int)[m[K’:
[01m[K/home/mu/IVG/aubo_ros2_ws/src/camport_ros2/src/percipio_camera/include/common.hpp:54:32:[m[K [01;35m[Kwarning: [m[Kcomparison of integer expressions of different signedness: ‘[01m[Ksize_t[m[K’ {aka ‘[01m[Klong unsigned int[m[K’} and ‘[01m[Kint[m[K’ [[01;35m[K-Wsign-compare[m[K]
   54 |     for(size_t i = 0, j = 0; [01;35m[Ki < raw14_line_size * height[m[K; i+=7, j+=4)
      |                              [01;35m[K~~^~~~~~~~~~~~~~~~~~~~~~~~~~[m[K
[01m[K/home/mu/IVG/aubo_ros2_ws/src/camport_ros2/src/percipio_camera/include/common.hpp:[m[K In function ‘[01m[Kint decodePacketRaw10(unsigned char*, unsigned char*, int, int)[m[K’:
[01m[K/home/mu/IVG/aubo_ros2_ws/src/camport_ros2/src/percipio_camera/include/common.hpp:75:25:[m[K [01;35m[Kwarning: [m[Kcomparison of integer expressions of different signedness: ‘[01m[Ksize_t[m[K’ {aka ‘[01m[Klong unsigned int[m[K’} and ‘[01m[Kint[m[K’ [[01;35m[K-Wsign-compare[m[K]
   75 |     for(size_t i = 0; [01;35m[Ki < raw10_line_size * height[m[K; i+=5)
      |                       [01;35m[K~~^~~~~~~~~~~~~~~~~~~~~~~~~~[m[K
[01m[K/home/mu/IVG/aubo_ros2_ws/src/camport_ros2/src/percipio_camera/include/common.hpp:[m[K In function ‘[01m[Kint decodePacketRaw12(unsigned char*, unsigned char*, int, int)[m[K’:
[01m[K/home/mu/IVG/aubo_ros2_ws/src/camport_ros2/src/percipio_camera/include/common.hpp:89:52:[m[K [01;35m[Kwarning: [m[Kunused parameter ‘[01m[Ksrc[m[K’ [[01;35m[K-Wunused-parameter[m[K]
   89 | static inline int decodePacketRaw12([01;35m[Kunsigned char* src[m[K, unsigned char* dst, int width, int height)
      |                                     [01;35m[K~~~~~~~~~~~~~~~^~~[m[K
[01m[K/home/mu/IVG/aubo_ros2_ws/src/camport_ros2/src/percipio_camera/include/common.hpp:89:72:[m[K [01;35m[Kwarning: [m[Kunused parameter ‘[01m[Kdst[m[K’ [[01;35m[K-Wunused-parameter[m[K]
   89 | static inline int decodePacketRaw12(unsigned char* src, [01;35m[Kunsigned char* dst[m[K, int width, int height)
      |                                                         [01;35m[K~~~~~~~~~~~~~~~^~~[m[K
[01m[K/home/mu/IVG/aubo_ros2_ws/src/camport_ros2/src/percipio_camera/include/common.hpp:89:81:[m[K [01;35m[Kwarning: [m[Kunused parameter ‘[01m[Kwidth[m[K’ [[01;35m[K-Wunused-parameter[m[K]
   89 | static inline int decodePacketRaw12(unsigned char* src, unsigned char* dst, [01;35m[Kint width[m[K, int height)
      |                                                                             [01;35m[K~~~~^~~~~[m[K
[01m[K/home/mu/IVG/aubo_ros2_ws/src/camport_ros2/src/percipio_camera/include/common.hpp:89:92:[m[K [01;35m[Kwarning: [m[Kunused parameter ‘[01m[Kheight[m[K’ [[01;35m[K-Wunused-parameter[m[K]
   89 | static inline int decodePacketRaw12(unsigned char* src, unsigned char* dst, int width, [01;35m[Kint height[m[K)
      |                                                                                        [01;35m[K~~~~^~~~~~[m[K
In file included from [01m[K/home/mu/IVG/aubo_ros2_ws/src/camport_ros2/src/percipio_camera/src/percipio_device.cpp:6[m[K:
[01m[K/home/mu/IVG/aubo_ros2_ws/src/camport_ros2/src/percipio_camera/include/ParametersParse.hpp:[m[K In function ‘[01m[Kbool json_parse(TY_DEV_HANDLE, const char*)[m[K’:
[01m[K/home/mu/IVG/aubo_ros2_ws/src/camport_ros2/src/percipio_camera/include/ParametersParse.hpp:159:29:[m[K [01;35m[Kwarning: [m[Kunused variable ‘[01m[Kfeat_name_str[m[K’ [[01;35m[K-Wunused-variable[m[K]
  159 |                 const char* [01;35m[Kfeat_name_str[m[K = feat_name.string_value().c_str();
      |                             [01;35m[K^~~~~~~~~~~~~[m[K
[01m[K/home/mu/IVG/aubo_ros2_ws/src/camport_ros2/src/percipio_camera/include/ParametersParse.hpp:145:25:[m[K [01;35m[Kwarning: [m[Kunused variable ‘[01m[Kcomp_desc_str[m[K’ [[01;35m[K-Wunused-variable[m[K]
  145 |             const char* [01;35m[Kcomp_desc_str[m[K = comp_desc.string_value().c_str();
      |                         [01;35m[K^~~~~~~~~~~~~[m[K
/home/mu/IVG/aubo_ros2_ws/src/camport_ros2/src/percipio_camera/src/percipio_camera_node.cpp: In instantiation of ‘[01m[Kvoid percipio_camera::PercipioCameraNode::setAndGetNodeParameter(T&, const string&, const T&, const ParameterDescriptor&) [with T = std::__cxx11::basic_string<char>; std::string = std::__cxx11::basic_string<char>; rcl_interfaces::msg::ParameterDescriptor = rcl_interfaces::msg::ParameterDescriptor_<std::allocator<void> >][m[K’:
[01m[K/home/mu/IVG/aubo_ros2_ws/src/camport_ros2/src/percipio_camera/src/percipio_camera_node.cpp:92:78:[m[K   required from here
[01m[K/home/mu/IVG/aubo_ros2_ws/src/camport_ros2/src/percipio_camera/src/percipio_camera_node.cpp:80:53:[m[K [01;35m[Kwarning: [m[Kunused parameter ‘[01m[Kparameter_descriptor[m[K’ [[01;35m[K-Wunused-parameter[m[K]
   80 |     [01;35m[Kconst rcl_interfaces::msg::ParameterDescriptor &parameter_descriptor[m[K) {
      |     [01;35m[K~~~~~~~~~~~~~~~~~~~~~~~~~~~~~~~~~~~~~~~~~~~~~~~~^~~~~~~~~~~~~~~~~~~~[m[K
/home/mu/IVG/aubo_ros2_ws/src/camport_ros2/src/percipio_camera/src/percipio_camera_node.cpp: In instantiation of ‘[01m[Kvoid percipio_camera::PercipioCameraNode::setAndGetNodeParameter(T&, const string&, const T&, const ParameterDescriptor&) [with T = bool; std::string = std::__cxx11::basic_string<char>; rcl_interfaces::msg::ParameterDescriptor = rcl_interfaces::msg::ParameterDescriptor_<std::allocator<void> >][m[K’:
[01m[K/home/mu/IVG/aubo_ros2_ws/src/camport_ros2/src/percipio_camera/src/percipio_camera_node.cpp:99:76:[m[K   required from here
[01m[K/home/mu/IVG/aubo_ros2_ws/src/camport_ros2/src/percipio_camera/src/percipio_camera_node.cpp:80:53:[m[K [01;35m[Kwarning: [m[Kunused parameter ‘[01m[Kparameter_descriptor[m[K’ [[01;35m[K-Wunused-parameter[m[K]
/home/mu/IVG/aubo_ros2_ws/src/camport_ros2/src/percipio_camera/src/percipio_camera_node.cpp: In instantiation of ‘[01m[Kvoid percipio_camera::PercipioCameraNode::setAndGetNodeParameter(T&, const string&, const T&, const ParameterDescriptor&) [with T = int; std::string = std::__cxx11::basic_string<char>; rcl_interfaces::msg::ParameterDescriptor = rcl_interfaces::msg::ParameterDescriptor_<std::allocator<void> >][m[K’:
[01m[K/home/mu/IVG/aubo_ros2_ws/src/camport_ros2/src/percipio_camera/src/percipio_camera_node.cpp:137:60:[m[K   required from here
[01m[K/home/mu/IVG/aubo_ros2_ws/src/camport_ros2/src/percipio_camera/src/percipio_camera_node.cpp:80:53:[m[K [01;35m[Kwarning: [m[Kunused parameter ‘[01m[Kparameter_descriptor[m[K’ [[01;35m[K-Wunused-parameter[m[K]
[01m[K/home/mu/IVG/aubo_ros2_ws/src/camport_ros2/src/percipio_camera/src/percipio_device.cpp:[m[K In member function ‘[01m[KTY_STATUS percipio_camera::PercipioDevice::device_open(const char*, const char*)[m[K’:
[01m[K/home/mu/IVG/aubo_ros2_ws/src/camport_ros2/src/percipio_camera/src/percipio_device.cpp:228:26:[m[K [01;35m[Kwarning: [m[Kunused variable ‘[01m[Km_fmt[m[K’ [[01;35m[K-Wunused-variable[m[K]
  228 |                 uint32_t [01;35m[Km_fmt[m[K = image_mode_list[i].fmt;
      |                          [01;35m[K^~~~~[m[K
[01m[K/home/mu/IVG/aubo_ros2_ws/src/camport_ros2/src/percipio_camera/src/percipio_device.cpp:248:26:[m[K [01;35m[Kwarning: [m[Kunused variable ‘[01m[Km_fmt[m[K’ [[01;35m[K-Wunused-variable[m[K]
  248 |                 uint32_t [01;35m[Km_fmt[m[K = image_mode_list[i].fmt;
      |                          [01;35m[K^~~~~[m[K
[01m[K/home/mu/IVG/aubo_ros2_ws/src/camport_ros2/src/percipio_camera/src/percipio_device.cpp:268:26:[m[K [01;35m[Kwarning: [m[Kunused variable ‘[01m[Km_fmt[m[K’ [[01;35m[K-Wunused-variable[m[K]
  268 |                 uint32_t [01;35m[Km_fmt[m[K = image_mode_list[i].fmt;
      |                          [01;35m[K^~~~~[m[K
[01m[K/home/mu/IVG/aubo_ros2_ws/src/camport_ros2/src/percipio_camera/src/percipio_device.cpp:288:26:[m[K [01;35m[Kwarning: [m[Kunused variable ‘[01m[Km_fmt[m[K’ [[01;35m[K-Wunused-variable[m[K]
  288 |                 uint32_t [01;35m[Km_fmt[m[K = image_mode_list[i].fmt;
      |                          [01;35m[K^~~~~[m[K
[01m[K/home/mu/IVG/aubo_ros2_ws/src/camport_ros2/src/percipio_camera/src/percipio_device.cpp:[m[K In member function ‘[01m[KTY_STATUS percipio_camera::PercipioDevice::dump_image_mode_list(TY_COMPONENT_ID, std::vector<percipio_camera::percipio_video_mode>&)[m[K’:
[01m[K/home/mu/IVG/aubo_ros2_ws/src/camport_ros2/src/percipio_camera/src/percipio_device.cpp:372:77:[m[K [01;35m[Kwarning: [m[Knarrowing conversion of ‘[01m[KBinningList.std::vector<TYEnumEntry>::operator[](j).TYEnumEntry::value[m[K’ from ‘[01m[Kint32_t[m[K’ {aka ‘[01m[Kint[m[K’} to ‘[01m[Kuint32_t[m[K’ {aka ‘[01m[Kunsigned int[m[K’} [[01;35m[K-Wnarrowing[m[K]
  372 |                 modes.push_back({Fmt, img_width, img_height, BinningList[j].value, FmtDesc});
[01m[K/home/mu/IVG/aubo_ros2_ws/src/camport_ros2/src/percipio_camera/src/percipio_device.cpp:[m[K In member function ‘[01m[Kbool percipio_camera::PercipioDevice::stream_open(const percipio_stream_index_pair&, const string&, const string&)[m[K’:
[01m[K/home/mu/IVG/aubo_ros2_ws/src/camport_ros2/src/percipio_camera/src/percipio_device.cpp:1072:30:[m[K [01;35m[Kwarning: [m[Kcomparison of integer expressions of different signedness: ‘[01m[Kint[m[K’ and ‘[01m[Kuint32_t[m[K’ {aka ‘[01m[Kunsigned int[m[K’} [[01;35m[K-Wsign-compare[m[K]
 1072 |                 if([01;35m[Kimg_width != video_mode.width[m[K ||
      |                    [01;35m[K~~~~~~~~~~^~~~~~~~~~~~~~~~~~~[m[K
[01m[K/home/mu/IVG/aubo_ros2_ws/src/camport_ros2/src/percipio_camera/src/percipio_device.cpp:1073:31:[m[K [01;35m[Kwarning: [m[Kcomparison of integer expressions of different signedness: ‘[01m[Kint[m[K’ and ‘[01m[Kuint32_t[m[K’ {aka ‘[01m[Kunsigned int[m[K’} [[01;35m[K-Wsign-compare[m[K]
 1073 |                    [01;35m[Kimg_height != video_mode.height[m[K) {
      |                    [01;35m[K~~~~~~~~~~~^~~~~~~~~~~~~~~~~~~~[m[K
[01m[K/home/mu/IVG/aubo_ros2_ws/src/camport_ros2/src/percipio_camera/src/percipio_device.cpp:[m[K In member function ‘[01m[Kvoid percipio_camera::PercipioDevice::depthStreamReceive(const cv::Mat&, uint64_t&)[m[K’:
[01m[K/home/mu/IVG/aubo_ros2_ws/src/camport_ros2/src/percipio_camera/src/percipio_device.cpp:1311:9:[m[K [01;35m[Kwarning: [m[Ksuggest braces around empty body in an ‘[01m[Kelse[m[K’ statement [[01;35m[K-Wempty-body[m[K]
 1311 |         [01;35m[K;[m[K
      |         [01;35m[K^[m[K
[01m[K/home/mu/IVG/aubo_ros2_ws/src/camport_ros2/src/percipio_camera/src/percipio_device.cpp:[m[K In member function ‘[01m[Kvoid percipio_camera::PercipioDevice::p3dStreamReceive(const cv::Mat&, uint64_t&)[m[K’:
[01m[K/home/mu/IVG/aubo_ros2_ws/src/camport_ros2/src/percipio_camera/src/percipio_device.cpp:1381:9:[m[K [01;35m[Kwarning: [m[Ksuggest braces around empty body in an ‘[01m[Kelse[m[K’ statement [[01;35m[K-Wempty-body[m[K]
 1381 |         [01;35m[K;[m[K
      |         [01;35m[K^[m[K
[01m[K/home/mu/IVG/aubo_ros2_ws/src/camport_ros2/src/percipio_camera/include/common.hpp:[m[K At global scope:
[01m[K/home/mu/IVG/aubo_ros2_ws/src/camport_ros2/src/percipio_camera/include/common.hpp:646:29:[m[K [01;35m[Kwarning: [m[K‘[01m[Kstd::vector<unsigned char, std::allocator<unsigned char> > TYReadBinaryFile(const char*)[m[K’ defined but not used [[01;35m[K-Wunused-function[m[K]
  646 | static std::vector<uint8_t> [01;35m[KTYReadBinaryFile[m[K(const char* filename)
      |                             [01;35m[K^~~~~~~~~~~~~~~~[m[K
[01m[K/home/mu/IVG/aubo_ros2_ws/src/camport_ros2/src/percipio_camera/include/common.hpp:625:12:[m[K [01;35m[Kwarning: [m[K‘[01m[Kint get_fps()[m[K’ defined but not used [[01;35m[K-Wunused-function[m[K]
  625 | static int [01;35m[Kget_fps[m[K() {
      |            [01;35m[K^~~~~~~[m[K
[01m[K/home/mu/IVG/aubo_ros2_ws/src/camport_ros2/src/percipio_camera/include/common.hpp:533:13:[m[K [01;35m[Kwarning: [m[K‘[01m[Kvoid writePointCloud(const Point3f*, const Vec3b*, size_t, const char*, int)[m[K’ defined but not used [[01;35m[K-Wunused-function[m[K]
  533 | static void [01;35m[KwritePointCloud[m[K(const cv::Point3f* pnts, const cv::Vec3b *color, size_t n, const char* file, int format)
      |             [01;35m[K^~~~~~~~~~~~~~~[m[K
[01m[K/home/mu/IVG/aubo_ros2_ws/src/camport_ros2/src/percipio_camera/src/percipio_device.cpp:[m[K At global scope:
[01m[K/home/mu/IVG/aubo_ros2_ws/src/camport_ros2/src/percipio_camera/src/percipio_device.cpp:1384:13:[m[K [01;35m[Kwarning: [m[K‘[01m[Kvoid percipio_camera::PercipioXYZ48ToDepth(cv::Mat&, cv::Mat&)[m[K’ defined but not used [[01;35m[K-Wunused-function[m[K]
 1384 | static void [01;35m[KPercipioXYZ48ToDepth[m[K(cv::Mat& p3d, cv::Mat& depth)
      |             [01;35m[K^~~~~~~~~~~~~~~~~~~~[m[K
In file included from [01m[K/home/mu/IVG/aubo_ros2_ws/src/camport_ros2/src/percipio_camera/src/percipio_device.cpp:2[m[K:
[01m[K/home/mu/IVG/aubo_ros2_ws/src/camport_ros2/src/percipio_camera/include/common.hpp:646:29:[m[K [01;35m[Kwarning: [m[K‘[01m[Kstd::vector<unsigned char, std::allocator<unsigned char> > TYReadBinaryFile(const char*)[m[K’ defined but not used [[01;35m[K-Wunused-function[m[K]
  646 | static std::vector<uint8_t> [01;35m[KTYReadBinaryFile[m[K(const char* filename)
      |                             [01;35m[K^~~~~~~~~~~~~~~~[m[K
[01m[K/home/mu/IVG/aubo_ros2_ws/src/camport_ros2/src/percipio_camera/include/common.hpp:533:13:[m[K [01;35m[Kwarning: [m[K‘[01m[Kvoid writePointCloud(const Point3f*, const Vec3b*, size_t, const char*, int)[m[K’ defined but not used [[01;35m[K-Wunused-function[m[K]
  533 | static void [01;35m[KwritePointCloud[m[K(const cv::Point3f* pnts, const cv::Vec3b *color, size_t n, const char* file, int format)
      |             [01;35m[K^~~~~~~~~~~~~~~[m[K
In file included from [01m[K/home/mu/IVG/aubo_ros2_ws/src/camport_ros2/src/percipio_camera/camport4/include/TYApi.h:30[m[K,
                 from [01m[K/home/mu/IVG/aubo_ros2_ws/src/camport_ros2/src/percipio_camera/include/Utils.hpp:14[m[K,
                 from [01m[K/home/mu/IVG/aubo_ros2_ws/src/camport_ros2/src/percipio_camera/include/common.hpp:4[m[K,
                 from [01m[K/home/mu/IVG/aubo_ros2_ws/src/camport_ros2/src/percipio_camera/src/list_devices.cpp:1[m[K:
[01m[K/home/mu/IVG/aubo_ros2_ws/src/camport_ros2/src/percipio_camera/camport4/include/TYDefs.h:1010:9:[m[K [01;35m[Kwarning: [m[KISO C++ prohibits anonymous structs [[01;35m[K-Wpedantic[m[K]
 1010 |         [01;35m[K}[m[K;
      |         [01;35m[K^[m[K
[01m[K/home/mu/IVG/aubo_ros2_ws/src/camport_ros2/src/percipio_camera/camport4/include/TYDefs.h:1014:9:[m[K [01;35m[Kwarning: [m[KISO C++ prohibits anonymous structs [[01;35m[K-Wpedantic[m[K]
 1014 |         [01;35m[K}[m[K;
      |         [01;35m[K^[m[K
In file included from [01m[K/home/mu/IVG/aubo_ros2_ws/src/camport_ros2/src/percipio_camera/include/MatViewer.hpp:6[m[K,
                 from [01m[K/home/mu/IVG/aubo_ros2_ws/src/camport_ros2/src/percipio_camera/src/MatViewer.cpp:3[m[K:
[01m[K/home/mu/IVG/aubo_ros2_ws/src/camport_ros2/src/percipio_camera/include/DepthRender.hpp:[m[K In member function ‘[01m[Kvoid DepthRender::HistAdjustRange(const cv::Mat&, ushort, int, ushort&, ushort&)[m[K’:
[01m[K/home/mu/IVG/aubo_ros2_ws/src/camport_ros2/src/percipio_camera/include/DepthRender.hpp:230:33:[m[K [01;35m[Kwarning: [m[Kcomparison is always false due to limited range of data type [[01;35m[K-Wtype-limits[m[K]
  230 |                     if ([01;35m[Kmin_val < 0[m[K) {
      |                         [01;35m[K~~~~~~~~^~~[m[K
[01m[K/home/mu/IVG/aubo_ros2_ws/src/camport_ros2/src/percipio_camera/src/MatViewer.cpp:[m[K In member function ‘[01m[Kvirtual void DepthViewer::onMouseCallback(cv::Mat&, int, cv::Point, bool&)[m[K’:
[01m[K/home/mu/IVG/aubo_ros2_ws/src/camport_ros2/src/percipio_camera/src/MatViewer.cpp:70:44:[m[K [01;35m[Kwarning: [m[Kunused parameter ‘[01m[Kimg[m[K’ [[01;35m[K-Wunused-parameter[m[K]
   70 | void DepthViewer::onMouseCallback([01;35m[Kcv::Mat& img[m[K, int event, const cv::Point pnt
      |                                   [01;35m[K~~~~~~~~~^~~[m[K
In file included from [01m[K/home/mu/IVG/aubo_ros2_ws/src/camport_ros2/src/percipio_camera/include/common.hpp:9[m[K,
                 from [01m[K/home/mu/IVG/aubo_ros2_ws/src/camport_ros2/src/percipio_camera/src/list_devices.cpp:1[m[K:
[01m[K/home/mu/IVG/aubo_ros2_ws/src/camport_ros2/src/percipio_camera/include/DepthRender.hpp:[m[K In member function ‘[01m[Kvoid DepthRender::HistAdjustRange(const cv::Mat&, ushort, int, ushort&, ushort&)[m[K’:
[01m[K/home/mu/IVG/aubo_ros2_ws/src/camport_ros2/src/percipio_camera/include/DepthRender.hpp:230:33:[m[K [01;35m[Kwarning: [m[Kcomparison is always false due to limited range of data type [[01;35m[K-Wtype-limits[m[K]
  230 |                     if ([01;35m[Kmin_val < 0[m[K) {
      |                         [01;35m[K~~~~~~~~^~~[m[K
In file included from [01m[K/home/mu/IVG/aubo_ros2_ws/src/camport_ros2/src/percipio_camera/src/list_devices.cpp:1[m[K:
[01m[K/home/mu/IVG/aubo_ros2_ws/src/camport_ros2/src/percipio_camera/include/common.hpp:[m[K In function ‘[01m[Kint decodeCsiRaw10(unsigned char*, unsigned char*, int, int)[m[K’:
[01m[K/home/mu/IVG/aubo_ros2_ws/src/camport_ros2/src/percipio_camera/include/common.hpp:22:32:[m[K [01;35m[Kwarning: [m[Kcomparison of integer expressions of different signedness: ‘[01m[Ksize_t[m[K’ {aka ‘[01m[Klong unsigned int[m[K’} and ‘[01m[Kint[m[K’ [[01;35m[K-Wsign-compare[m[K]
   22 |     for(size_t i = 0, j = 0; [01;35m[Ki < raw10_line_size * height[m[K; i+=5, j+=4)
      |                              [01;35m[K~~^~~~~~~~~~~~~~~~~~~~~~~~~~[m[K
[01m[K/home/mu/IVG/aubo_ros2_ws/src/camport_ros2/src/percipio_camera/include/common.hpp:[m[K In function ‘[01m[Kint decodeCsiRaw12(unsigned char*, unsigned char*, int, int)[m[K’:
[01m[K/home/mu/IVG/aubo_ros2_ws/src/camport_ros2/src/percipio_camera/include/common.hpp:39:32:[m[K [01;35m[Kwarning: [m[Kcomparison of integer expressions of different signedness: ‘[01m[Ksize_t[m[K’ {aka ‘[01m[Klong unsigned int[m[K’} and ‘[01m[Kint[m[K’ [[01;35m[K-Wsign-compare[m[K]
   39 |     for(size_t i = 0, j = 0; [01;35m[Ki < raw12_line_size * height[m[K; i+=3, j+=2)
      |                              [01;35m[K~~^~~~~~~~~~~~~~~~~~~~~~~~~~[m[K
[01m[K/home/mu/IVG/aubo_ros2_ws/src/camport_ros2/src/percipio_camera/include/common.hpp:[m[K In function ‘[01m[Kint decodeCsiRaw14(unsigned char*, short unsigned int*, int, int)[m[K’:
[01m[K/home/mu/IVG/aubo_ros2_ws/src/camport_ros2/src/percipio_camera/include/common.hpp:54:32:[m[K [01;35m[Kwarning: [m[Kcomparison of integer expressions of different signedness: ‘[01m[Ksize_t[m[K’ {aka ‘[01m[Klong unsigned int[m[K’} and ‘[01m[Kint[m[K’ [[01;35m[K-Wsign-compare[m[K]
   54 |     for(size_t i = 0, j = 0; [01;35m[Ki < raw14_line_size * height[m[K; i+=7, j+=4)
      |                              [01;35m[K~~^~~~~~~~~~~~~~~~~~~~~~~~~~[m[K
[01m[K/home/mu/IVG/aubo_ros2_ws/src/camport_ros2/src/percipio_camera/include/common.hpp:[m[K In function ‘[01m[Kint decodePacketRaw10(unsigned char*, unsigned char*, int, int)[m[K’:
[01m[K/home/mu/IVG/aubo_ros2_ws/src/camport_ros2/src/percipio_camera/include/common.hpp:75:25:[m[K [01;35m[Kwarning: [m[Kcomparison of integer expressions of different signedness: ‘[01m[Ksize_t[m[K’ {aka ‘[01m[Klong unsigned int[m[K’} and ‘[01m[Kint[m[K’ [[01;35m[K-Wsign-compare[m[K]
   75 |     for(size_t i = 0; [01;35m[Ki < raw10_line_size * height[m[K; i+=5)
      |                       [01;35m[K~~^~~~~~~~~~~~~~~~~~~~~~~~~~[m[K
[01m[K/home/mu/IVG/aubo_ros2_ws/src/camport_ros2/src/percipio_camera/include/common.hpp:[m[K In function ‘[01m[Kint decodePacketRaw12(unsigned char*, unsigned char*, int, int)[m[K’:
[01m[K/home/mu/IVG/aubo_ros2_ws/src/camport_ros2/src/percipio_camera/include/common.hpp:89:52:[m[K [01;35m[Kwarning: [m[Kunused parameter ‘[01m[Ksrc[m[K’ [[01;35m[K-Wunused-parameter[m[K]
   89 | static inline int decodePacketRaw12([01;35m[Kunsigned char* src[m[K, unsigned char* dst, int width, int height)
      |                                     [01;35m[K~~~~~~~~~~~~~~~^~~[m[K
[01m[K/home/mu/IVG/aubo_ros2_ws/src/camport_ros2/src/percipio_camera/include/common.hpp:89:72:[m[K [01;35m[Kwarning: [m[Kunused parameter ‘[01m[Kdst[m[K’ [[01;35m[K-Wunused-parameter[m[K]
   89 | ine int decodePacketRaw12(unsigned char* src, [01;35m[Kunsigned char* dst[m[K, int width, int height)
      |                                               [01;35m[K~~~~~~~~~~~~~~~^~~[m[K

[01m[K/home/mu/IVG/aubo_ros2_ws/src/camport_ros2/src/percipio_camera/include/common.hpp:89:81:[m[K [01;35m[Kwarning: [m[Kunused parameter ‘[01m[Kwidth[m[K’ [[01;35m[K-Wunused-parameter[m[K]
   89 | ecodePacketRaw12(unsigned char* src, unsigned char* dst, [01;35m[Kint width[m[K, int height)
      |                                                          [01;35m[K~~~~^~~~~[m[K

[01m[K/home/mu/IVG/aubo_ros2_ws/src/camport_ros2/src/percipio_camera/include/common.hpp:89:92:[m[K [01;35m[Kwarning: [m[Kunused parameter ‘[01m[Kheight[m[K’ [[01;35m[K-Wunused-parameter[m[K]
   89 | Raw12(unsigned char* src, unsigned char* dst, int width, [01;35m[Kint height[m[K)
      |                                                          [01;35m[K~~~~^~~~~~[m[K

[01m[K/home/mu/IVG/aubo_ros2_ws/src/camport_ros2/src/percipio_camera/include/common.hpp:[m[K At global scope:
[01m[K/home/mu/IVG/aubo_ros2_ws/src/camport_ros2/src/percipio_camera/include/common.hpp:646:29:[m[K [01;35m[Kwarning: [m[K‘[01m[Kstd::vector<unsigned char> TYReadBinaryFile(const char*)[m[K’ defined but not used [[01;35m[K-Wunused-function[m[K]
  646 | static std::vector<uint8_t> [01;35m[KTYReadBinaryFile[m[K(const char* filename)
      |                             [01;35m[K^~~~~~~~~~~~~~~~[m[K
[01m[K/home/mu/IVG/aubo_ros2_ws/src/camport_ros2/src/percipio_camera/include/common.hpp:625:12:[m[K [01;35m[Kwarning: [m[K‘[01m[Kint get_fps()[m[K’ defined but not used [[01;35m[K-Wunused-function[m[K]
  625 | static int [01;35m[Kget_fps[m[K() {
      |            [01;35m[K^~~~~~~[m[K
[01m[K/home/mu/IVG/aubo_ros2_ws/src/camport_ros2/src/percipio_camera/include/common.hpp:533:13:[m[K [01;35m[Kwarning: [m[K‘[01m[Kvoid writePointCloud(const Point3f*, const Vec3b*, size_t, const char*, int)[m[K’ defined but not used [[01;35m[K-Wunused-function[m[K]
  533 | static void [01;35m[KwritePointCloud[m[K(const cv::Point3f* pnts, const cv::Vec3b *color, size_t n, const char* file, int format)
      |             [01;35m[K^~~~~~~~~~~~~~~[m[K
