-- Found ament_cmake: 0.9.12 (/opt/ros/foxy/share/ament_cmake/cmake)
-- Using PYTHON_EXECUTABLE: /usr/bin/python3
-- Found ament_index_cpp: 1.1.0 (/opt/ros/foxy/share/ament_index_cpp/cmake)
-- Found builtin_interfaces: 1.0.0 (/opt/ros/foxy/share/builtin_interfaces/cmake)
-- Using all available rosidl_typesupport_c: rosidl_typesupport_fastrtps_c;rosidl_typesupport_introspection_c
-- Found rosidl_adapter: 1.3.1 (/opt/ros/foxy/share/rosidl_adapter/cmake)
-- Using all available rosidl_typesupport_cpp: rosidl_typesupport_fastrtps_cpp;rosidl_typesupport_introspection_cpp
-- Found cv_bridge: 3.0.7 (/opt/ros/foxy/share/cv_bridge/cmake)
-- Found camera_info_manager: 2.4.0 (/opt/ros/foxy/share/camera_info_manager/cmake)
-- Found rmw_implementation_cmake: 1.0.4 (/opt/ros/foxy/share/rmw_implementation_cmake/cmake)
-- Using RMW implementation 'rmw_fastrtps_cpp' as default
-- Setting yaml-cpp_DIR to: '/opt/ros/foxy/share/yaml_cpp_vendor/cmake/../../../opt/yaml_cpp_vendor/lib/cmake/yaml-cpp'
-- Found image_transport: 2.4.0 (/opt/ros/foxy/share/image_transport/cmake)
-- Found image_publisher: 2.3.0 (/opt/ros/foxy/share/image_publisher/cmake)
-- Found std_srvs: 2.0.5 (/opt/ros/foxy/share/std_srvs/cmake)
-- Found tf2: 0.13.14 (/opt/ros/foxy/share/tf2/cmake)
-- Found tf2_eigen: 0.13.14 (/opt/ros/foxy/share/tf2_eigen/cmake)
-- Found tf2_sensor_msgs: 0.13.14 (/opt/ros/foxy/share/tf2_sensor_msgs/cmake)
-- Found diagnostic_updater: 3.1.2 (/opt/ros/foxy/share/diagnostic_updater/cmake)
-- Found pcl_conversions: 2.2.1 (/opt/ros/foxy/share/pcl_conversions/cmake)
-- Found rclcpp_lifecycle: 2.4.3 (/opt/ros/foxy/share/rclcpp_lifecycle/cmake)
-- Found nav_msgs: 2.0.5 (/opt/ros/foxy/share/nav_msgs/cmake)
-- Found tf2_geometry_msgs: 0.13.14 (/opt/ros/foxy/share/tf2_geometry_msgs/cmake)
-- Found Eigen3: TRUE (found version "3.3.7") 
-- OpenCV version: 4.2.0
-- PLC version: 
-- Configuring done
-- Generating done
-- Build files have been written to: /home/mu/IVG/aubo_ros2_ws/build/percipio_camera
[35m[1mScanning dependencies of target percipio_camera_node[0m
[35m[1mScanning dependencies of target percipio_camera[0m
[  5%] [32mBuilding CXX object CMakeFiles/percipio_camera_node.dir/rclcpp_components/node_main_percipio_camera_node.cpp.o[0m
[ 10%] [32mBuilding CXX object CMakeFiles/percipio_camera.dir/src/percipio_camera_node_driver.cpp.o[0m
[ 15%] [32mBuilding CXX object CMakeFiles/percipio_camera.dir/src/percipio_camera_node.cpp.o[0m
[ 20%] [32mBuilding CXX object CMakeFiles/percipio_camera.dir/src/percipio_video_mode.cpp.o[0m
[ 25%] [32mBuilding CXX object CMakeFiles/percipio_camera.dir/src/TYThread.cpp.o[0m
[ 30%] [32mBuilding CXX object CMakeFiles/percipio_camera.dir/src/DepthInpainter.cpp.o[0m
[ 35%] [32mBuilding CXX object CMakeFiles/percipio_camera.dir/src/percipio_device.cpp.o[0m
[ 40%] [32mBuilding CXX object CMakeFiles/percipio_camera.dir/src/DepthStreamProc.cpp.o[0m
[ 50%] [32mBuilding CXX object CMakeFiles/percipio_camera.dir/src/percipio_depth_algorithm.cpp.o[0m
[ 50%] [32mBuilding CXX object CMakeFiles/percipio_camera.dir/src/ImageSpeckleFilter.cpp.o[0m
[ 55%] [32mBuilding CXX object CMakeFiles/percipio_camera.dir/src/MatViewer.cpp.o[0m
[ 60%] [32mBuilding CXX object CMakeFiles/percipio_camera.dir/src/huffman.cpp.o[0m
[ 65%] [32m[1mLinking CXX executable percipio_camera_node[0m
[ 65%] Built target percipio_camera_node
[ 70%] [32m[1mLinking CXX shared library libpercipio_camera.so[0m
[ 70%] Built target percipio_camera
[35m[1mScanning dependencies of target list_devices[0m
[ 80%] [32mBuilding CXX object CMakeFiles/list_devices.dir/src/list_devices.cpp.o[0m
[ 80%] [32mBuilding CXX object CMakeFiles/list_devices.dir/src/DepthInpainter.cpp.o[0m
[ 85%] [32mBuilding CXX object CMakeFiles/list_devices.dir/src/ImageSpeckleFilter.cpp.o[0m
[ 90%] [32mBuilding CXX object CMakeFiles/list_devices.dir/src/MatViewer.cpp.o[0m
[ 95%] [32mBuilding CXX object CMakeFiles/list_devices.dir/src/TYThread.cpp.o[0m
[100%] [32m[1mLinking CXX executable list_devices[0m
[100%] Built target list_devices
-- Install configuration: "Release"
-- Installing: /home/mu/IVG/aubo_ros2_ws/install/percipio_camera/lib/percipio_camera/percipio_camera_node
-- Set runtime path of "/home/mu/IVG/aubo_ros2_ws/install/percipio_camera/lib/percipio_camera/percipio_camera_node" to ""
-- Installing: /home/mu/IVG/aubo_ros2_ws/install/percipio_camera/share/percipio_camera/environment/library_path.sh
-- Installing: /home/mu/IVG/aubo_ros2_ws/install/percipio_camera/share/percipio_camera/environment/library_path.dsv
-- Installing: /home/mu/IVG/aubo_ros2_ws/install/percipio_camera/lib/libpercipio_camera.so
-- Set runtime path of "/home/mu/IVG/aubo_ros2_ws/install/percipio_camera/lib/libpercipio_camera.so" to ""
-- Installing: /home/mu/IVG/aubo_ros2_ws/install/percipio_camera/lib/libtycam.so
-- Installing: /home/mu/IVG/aubo_ros2_ws/install/percipio_camera/lib/libtycam.so.4.0.21
-- Installing: /home/mu/IVG/aubo_ros2_ws/install/percipio_camera/include
-- Installing: /home/mu/IVG/aubo_ros2_ws/install/percipio_camera/include/crc32.hpp
-- Installing: /home/mu/IVG/aubo_ros2_ws/install/percipio_camera/include/DepthStreamProc.h
-- Installing: /home/mu/IVG/aubo_ros2_ws/install/percipio_camera/include/DepthRender.hpp
-- Installing: /home/mu/IVG/aubo_ros2_ws/install/percipio_camera/include/percipio_camera_node_driver.h
-- Installing: /home/mu/IVG/aubo_ros2_ws/install/percipio_camera/include/ImageSpeckleFilter.hpp
-- Installing: /home/mu/IVG/aubo_ros2_ws/install/percipio_camera/include/common.hpp
-- Installing: /home/mu/IVG/aubo_ros2_ws/install/percipio_camera/include/MatViewer.hpp
-- Installing: /home/mu/IVG/aubo_ros2_ws/install/percipio_camera/include/percipio_device.h
-- Installing: /home/mu/IVG/aubo_ros2_ws/install/percipio_camera/include/DepthInpainter.hpp
-- Installing: /home/mu/IVG/aubo_ros2_ws/install/percipio_camera/include/CommandLineFeatureHelper.hpp
-- Installing: /home/mu/IVG/aubo_ros2_ws/install/percipio_camera/include/json11.hpp
-- Installing: /home/mu/IVG/aubo_ros2_ws/install/percipio_camera/include/Utils.hpp
-- Installing: /home/mu/IVG/aubo_ros2_ws/install/percipio_camera/include/percipio_depth_algorithm.h
-- Installing: /home/mu/IVG/aubo_ros2_ws/install/percipio_camera/include/percipio_camera_node.h
-- Installing: /home/mu/IVG/aubo_ros2_ws/install/percipio_camera/include/huffman.h
-- Installing: /home/mu/IVG/aubo_ros2_ws/install/percipio_camera/include/percipio_video_mode.h
-- Installing: /home/mu/IVG/aubo_ros2_ws/install/percipio_camera/include/TYThread.hpp
-- Installing: /home/mu/IVG/aubo_ros2_ws/install/percipio_camera/include/CommandLineParser.hpp
-- Installing: /home/mu/IVG/aubo_ros2_ws/install/percipio_camera/include/ParametersParse.hpp
-- Installing: /home/mu/IVG/aubo_ros2_ws/install/percipio_camera/share/percipio_camera//launch
-- Installing: /home/mu/IVG/aubo_ros2_ws/install/percipio_camera/share/percipio_camera//launch/percipio_camera.launch.py
-- Installing: /home/mu/IVG/aubo_ros2_ws/install/percipio_camera/share/percipio_camera//launch/registered_cloud.py
-- Installing: /home/mu/IVG/aubo_ros2_ws/install/percipio_camera/share/percipio_camera//launch/multi_cam.launch.py
-- Installing: /home/mu/IVG/aubo_ros2_ws/install/percipio_camera/share/percipio_camera//launch/color.py
-- Installing: /home/mu/IVG/aubo_ros2_ws/install/percipio_camera/share/percipio_camera//launch/offline_detect.py
-- Installing: /home/mu/IVG/aubo_ros2_ws/install/percipio_camera/share/percipio_camera//launch/cloud.py
-- Installing: /home/mu/IVG/aubo_ros2_ws/install/percipio_camera/share/percipio_camera//launch/depth.py
-- Installing: /home/mu/IVG/aubo_ros2_ws/install/percipio_camera/share/percipio_camera//launch/send_trigger.py
-- Installing: /home/mu/IVG/aubo_ros2_ws/install/percipio_camera/share/percipio_camera//launch/cam_base_cfg.launch.py
-- Up-to-date: /home/mu/IVG/aubo_ros2_ws/install/percipio_camera/lib/libpercipio_camera.so
-- Installing: /home/mu/IVG/aubo_ros2_ws/install/percipio_camera/lib/percipio_camera/list_devices
-- Set runtime path of "/home/mu/IVG/aubo_ros2_ws/install/percipio_camera/lib/percipio_camera/list_devices" to ""
-- Installing: /home/mu/IVG/aubo_ros2_ws/install/percipio_camera/share/ament_index/resource_index/package_run_dependencies/percipio_camera
-- Installing: /home/mu/IVG/aubo_ros2_ws/install/percipio_camera/share/ament_index/resource_index/parent_prefix_path/percipio_camera
-- Installing: /home/mu/IVG/aubo_ros2_ws/install/percipio_camera/share/percipio_camera/environment/ament_prefix_path.sh
-- Installing: /home/mu/IVG/aubo_ros2_ws/install/percipio_camera/share/percipio_camera/environment/ament_prefix_path.dsv
-- Installing: /home/mu/IVG/aubo_ros2_ws/install/percipio_camera/share/percipio_camera/environment/path.sh
-- Installing: /home/mu/IVG/aubo_ros2_ws/install/percipio_camera/share/percipio_camera/environment/path.dsv
-- Installing: /home/mu/IVG/aubo_ros2_ws/install/percipio_camera/share/percipio_camera/local_setup.bash
-- Installing: /home/mu/IVG/aubo_ros2_ws/install/percipio_camera/share/percipio_camera/local_setup.sh
-- Installing: /home/mu/IVG/aubo_ros2_ws/install/percipio_camera/share/percipio_camera/local_setup.zsh
-- Installing: /home/mu/IVG/aubo_ros2_ws/install/percipio_camera/share/percipio_camera/local_setup.dsv
-- Installing: /home/mu/IVG/aubo_ros2_ws/install/percipio_camera/share/percipio_camera/package.dsv
-- Installing: /home/mu/IVG/aubo_ros2_ws/install/percipio_camera/share/ament_index/resource_index/packages/percipio_camera
-- Installing: /home/mu/IVG/aubo_ros2_ws/install/percipio_camera/share/ament_index/resource_index/rclcpp_components/percipio_camera
-- Installing: /home/mu/IVG/aubo_ros2_ws/install/percipio_camera/share/percipio_camera/cmake/ament_cmake_export_libraries-extras.cmake
-- Installing: /home/mu/IVG/aubo_ros2_ws/install/percipio_camera/share/percipio_camera/cmake/percipio_cameraConfig.cmake
-- Installing: /home/mu/IVG/aubo_ros2_ws/install/percipio_camera/share/percipio_camera/cmake/percipio_cameraConfig-version.cmake
-- Installing: /home/mu/IVG/aubo_ros2_ws/install/percipio_camera/share/percipio_camera/package.xml
