[0.011s] Invoking command in '/home/mu/IVG/aubo_ros2_ws/build/percipio_camera': CMAKE_PREFIX_PATH=/opt/ros/foxy /usr/bin/cmake /home/mu/IVG/aubo_ros2_ws/src/camport_ros2/src/percipio_camera -DCMAKE_BUILD_TYPE=Release -DCMAKE_INSTALL_PREFIX=/home/mu/IVG/aubo_ros2_ws/install/percipio_camera
[0.017s] -- Found ament_cmake: 0.9.12 (/opt/ros/foxy/share/ament_cmake/cmake)
[0.030s] -- Using PYTHON_EXECUTABLE: /usr/bin/python3
[0.146s] -- Found ament_index_cpp: 1.1.0 (/opt/ros/foxy/share/ament_index_cpp/cmake)
[0.146s] -- Found builtin_interfaces: 1.0.0 (/opt/ros/foxy/share/builtin_interfaces/cmake)
[0.146s] -- Using all available rosidl_typesupport_c: rosidl_typesupport_fastrtps_c;rosidl_typesupport_introspection_c
[0.146s] -- Found rosidl_adapter: 1.3.1 (/opt/ros/foxy/share/rosidl_adapter/cmake)
[0.217s] -- Using all available rosidl_typesupport_cpp: rosidl_typesupport_fastrtps_cpp;rosidl_typesupport_introspection_cpp
[0.217s] -- Found cv_bridge: 3.0.7 (/opt/ros/foxy/share/cv_bridge/cmake)
[0.305s] -- Found camera_info_manager: 2.4.0 (/opt/ros/foxy/share/camera_info_manager/cmake)
[0.326s] -- Found rmw_implementation_cmake: 1.0.4 (/opt/ros/foxy/share/rmw_implementation_cmake/cmake)
[0.326s] -- Using RMW implementation 'rmw_fastrtps_cpp' as default
[0.406s] -- Setting yaml-cpp_DIR to: '/opt/ros/foxy/share/yaml_cpp_vendor/cmake/../../../opt/yaml_cpp_vendor/lib/cmake/yaml-cpp'
[0.444s] -- Found image_transport: 2.4.0 (/opt/ros/foxy/share/image_transport/cmake)
[0.464s] -- Found image_publisher: 2.3.0 (/opt/ros/foxy/share/image_publisher/cmake)
[0.530s] -- Found std_srvs: 2.0.5 (/opt/ros/foxy/share/std_srvs/cmake)
[0.534s] -- Found tf2: 0.13.14 (/opt/ros/foxy/share/tf2/cmake)
[0.538s] -- Found tf2_eigen: 0.13.14 (/opt/ros/foxy/share/tf2_eigen/cmake)
[0.671s] -- Found tf2_sensor_msgs: 0.13.14 (/opt/ros/foxy/share/tf2_sensor_msgs/cmake)
[0.681s] -- Found diagnostic_updater: 3.1.2 (/opt/ros/foxy/share/diagnostic_updater/cmake)
[0.712s] -- Found pcl_conversions: 2.2.1 (/opt/ros/foxy/share/pcl_conversions/cmake)
[0.794s] -- Found rclcpp_lifecycle: 2.4.3 (/opt/ros/foxy/share/rclcpp_lifecycle/cmake)
[0.810s] -- Found nav_msgs: 2.0.5 (/opt/ros/foxy/share/nav_msgs/cmake)
[0.845s] -- Found tf2_geometry_msgs: 0.13.14 (/opt/ros/foxy/share/tf2_geometry_msgs/cmake)
[0.849s] -- Found Eigen3: TRUE (found version "3.3.7") 
[1.065s] -- OpenCV version: 4.2.0
[1.065s] -- PLC version: 
[1.300s] -- Configuring done
[1.361s] -- Generating done
[1.394s] -- Build files have been written to: /home/mu/IVG/aubo_ros2_ws/build/percipio_camera
[1.400s] Invoked command in '/home/mu/IVG/aubo_ros2_ws/build/percipio_camera' returned '0': CMAKE_PREFIX_PATH=/opt/ros/foxy /usr/bin/cmake /home/mu/IVG/aubo_ros2_ws/src/camport_ros2/src/percipio_camera -DCMAKE_BUILD_TYPE=Release -DCMAKE_INSTALL_PREFIX=/home/mu/IVG/aubo_ros2_ws/install/percipio_camera
[1.400s] Invoking command in '/home/mu/IVG/aubo_ros2_ws/build/percipio_camera': CMAKE_PREFIX_PATH=/opt/ros/foxy /usr/bin/cmake --build /home/mu/IVG/aubo_ros2_ws/build/percipio_camera -- -j32 -l32
[1.419s] [35m[1mScanning dependencies of target percipio_camera_node[0m
[1.420s] [35m[1mScanning dependencies of target percipio_camera[0m
[1.438s] [  5%] [32mBuilding CXX object CMakeFiles/percipio_camera_node.dir/rclcpp_components/node_main_percipio_camera_node.cpp.o[0m
[1.471s] [ 10%] [32mBuilding CXX object CMakeFiles/percipio_camera.dir/src/percipio_camera_node_driver.cpp.o[0m
[1.471s] [ 15%] [32mBuilding CXX object CMakeFiles/percipio_camera.dir/src/percipio_camera_node.cpp.o[0m
[1.472s] [ 20%] [32mBuilding CXX object CMakeFiles/percipio_camera.dir/src/percipio_video_mode.cpp.o[0m
[1.472s] [ 25%] [32mBuilding CXX object CMakeFiles/percipio_camera.dir/src/TYThread.cpp.o[0m
[1.472s] [ 30%] [32mBuilding CXX object CMakeFiles/percipio_camera.dir/src/DepthInpainter.cpp.o[0m
[1.472s] [ 35%] [32mBuilding CXX object CMakeFiles/percipio_camera.dir/src/percipio_device.cpp.o[0m
[1.474s] [ 40%] [32mBuilding CXX object CMakeFiles/percipio_camera.dir/src/DepthStreamProc.cpp.o[0m
[1.475s] [ 50%] [32mBuilding CXX object CMakeFiles/percipio_camera.dir/src/percipio_depth_algorithm.cpp.o[0m
[1.475s] [ 50%] [32mBuilding CXX object CMakeFiles/percipio_camera.dir/src/ImageSpeckleFilter.cpp.o[0m
[1.475s] [ 55%] [32mBuilding CXX object CMakeFiles/percipio_camera.dir/src/MatViewer.cpp.o[0m
[1.475s] [ 60%] [32mBuilding CXX object CMakeFiles/percipio_camera.dir/src/huffman.cpp.o[0m
[1.538s] In file included from [01m[K/home/mu/IVG/aubo_ros2_ws/src/camport_ros2/src/percipio_camera/camport4/include/TYApi.h:30[m[K,
[1.538s]                  from [01m[K/home/mu/IVG/aubo_ros2_ws/src/camport_ros2/src/percipio_camera/camport4/include/TYParameter.h:4[m[K,
[1.538s]                  from [01m[K/home/mu/IVG/aubo_ros2_ws/src/camport_ros2/src/percipio_camera/include/DepthStreamProc.h:4[m[K,
[1.538s]                  from [01m[K/home/mu/IVG/aubo_ros2_ws/src/camport_ros2/src/percipio_camera/src/DepthStreamProc.cpp:3[m[K:
[1.538s] [01m[K/home/mu/IVG/aubo_ros2_ws/src/camport_ros2/src/percipio_camera/camport4/include/TYDefs.h:1010:9:[m[K [01;35m[Kwarning: [m[KISO C++ prohibits anonymous structs [[01;35m[K-Wpedantic[m[K]
[1.538s]  1010 |         [01;35m[K}[m[K;
[1.538s]       |         [01;35m[K^[m[K
[1.538s] [01m[K/home/mu/IVG/aubo_ros2_ws/src/camport_ros2/src/percipio_camera/camport4/include/TYDefs.h:1014:9:[m[K [01;35m[Kwarning: [m[KISO C++ prohibits anonymous structs [[01;35m[K-Wpedantic[m[K]
[1.538s]  1014 |         [01;35m[K}[m[K;
[1.538s]       |         [01;35m[K^[m[K
[1.542s] [01m[K/home/mu/IVG/aubo_ros2_ws/src/camport_ros2/src/percipio_camera/src/DepthStreamProc.cpp:[m[K In function ‘[01m[Kfloat trimmed_mean(const std::vector<short unsigned int>&)[m[K’:
[1.542s] [01m[K/home/mu/IVG/aubo_ros2_ws/src/camport_ros2/src/percipio_camera/src/DepthStreamProc.cpp:139:11:[m[K [01;35m[Kwarning: [m[Kunused variable ‘[01m[Kmean[m[K’ [[01;35m[K-Wunused-variable[m[K]
[1.542s]   139 |     float [01;35m[Kmean[m[K = s1 / num;
[1.542s]       |           [01;35m[K^~~~[m[K
[1.544s] [01m[K/home/mu/IVG/aubo_ros2_ws/src/camport_ros2/src/percipio_camera/src/DepthStreamProc.cpp:[m[K In function ‘[01m[Kint TYDepthEnhenceFilter(const std::vector<TY_IMAGE_DATA>&, TY_IMAGE_DATA&)[m[K’:
[1.544s] [01m[K/home/mu/IVG/aubo_ros2_ws/src/camport_ros2/src/percipio_camera/src/DepthStreamProc.cpp:213:27:[m[K [01;35m[Kwarning: [m[Kcomparison of integer expressions of different signedness: ‘[01m[Kint[m[K’ and ‘[01m[Ksize_t[m[K’ {aka ‘[01m[Klong unsigned int[m[K’} [[01;35m[K-Wsign-compare[m[K]
[1.544s]   213 |     for (int idx = 0; [01;35m[Kidx < image_num[m[K; idx++){
[1.544s]       |                       [01;35m[K~~~~^~~~~~~~~~~[m[K
[1.692s] In file included from [01m[K/home/mu/IVG/aubo_ros2_ws/src/camport_ros2/src/percipio_camera/camport4/include/TYApi.h:30[m[K,
[1.692s]                  from [01m[K/home/mu/IVG/aubo_ros2_ws/src/camport_ros2/src/percipio_camera/include/percipio_depth_algorithm.h:6[m[K,
[1.692s]                  from [01m[K/home/mu/IVG/aubo_ros2_ws/src/camport_ros2/src/percipio_camera/src/percipio_depth_algorithm.cpp:1[m[K:
[1.692s] [01m[K/home/mu/IVG/aubo_ros2_ws/src/camport_ros2/src/percipio_camera/camport4/include/TYDefs.h:1010:9:[m[K [01;35m[Kwarning: [m[KISO C++ prohibits anonymous structs [[01;35m[K-Wpedantic[m[K]
[1.692s]  1010 |         [01;35m[K}[m[K;
[1.692s]       |         [01;35m[K^[m[K
[1.692s] [01m[K/home/mu/IVG/aubo_ros2_ws/src/camport_ros2/src/percipio_camera/camport4/include/TYDefs.h:1014:9:[m[K [01;35m[Kwarning: [m[KISO C++ prohibits anonymous structs [[01;35m[K-Wpedantic[m[K]
[1.692s]  1014 |         [01;35m[K}[m[K;
[1.692s]       |         [01;35m[K^[m[K
[1.697s] In file included from [01m[K/home/mu/IVG/aubo_ros2_ws/src/camport_ros2/src/percipio_camera/camport4/include/TYImageProc.h:11[m[K,
[1.697s]                  from [01m[K/home/mu/IVG/aubo_ros2_ws/src/camport_ros2/src/percipio_camera/include/percipio_depth_algorithm.h:7[m[K,
[1.697s]                  from [01m[K/home/mu/IVG/aubo_ros2_ws/src/camport_ros2/src/percipio_camera/src/percipio_depth_algorithm.cpp:1[m[K:
[1.697s] [01m[K/home/mu/IVG/aubo_ros2_ws/src/camport_ros2/src/percipio_camera/camport4/include/TYCoordinateMapper.h:[m[K In function ‘[01m[Kvoid TYPixelsOverlapRemove(TY_PIXEL_DESC*, uint32_t, uint32_t, uint32_t)[m[K’:
[1.697s] [01m[K/home/mu/IVG/aubo_ros2_ws/src/camport_ros2/src/percipio_camera/camport4/include/TYCoordinateMapper.h:401:49:[m[K [01;35m[Kwarning: [m[Kcomparison of integer expressions of different signedness: ‘[01m[Kint16_t[m[K’ {aka ‘[01m[Kshort int[m[K’} and ‘[01m[Kuint32_t[m[K’ {aka ‘[01m[Kunsigned int[m[K’} [[01;35m[K-Wsign-compare[m[K]
[1.697s]   401 |     if(lut[i].x < 0 || lut[i].y < 0 || [01;35m[Klut[i].x >= imageW[m[K || lut[i].y >= imageH) continue;
[1.697s]       |                                        [01;35m[K~~~~~~~~~^~~~~~~~~[m[K
[1.697s] [01m[K/home/mu/IVG/aubo_ros2_ws/src/camport_ros2/src/percipio_camera/camport4/include/TYCoordinateMapper.h:401:71:[m[K [01;35m[Kwarning: [m[Kcomparison of integer expressions of different signedness: ‘[01m[Kint16_t[m[K’ {aka ‘[01m[Kshort int[m[K’} and ‘[01m[Kuint32_t[m[K’ {aka ‘[01m[Kunsigned int[m[K’} [[01;35m[K-Wsign-compare[m[K]
[1.697s]   401 |     if(lut[i].x < 0 || lut[i].y < 0 || lut[i].x >= imageW || [01;35m[Klut[i].y >= imageH[m[K) continue;
[1.698s]       |                                                              [01;35m[K~~~~~~~~~^~~~~~~~~[m[K
[1.698s] [01m[K/home/mu/IVG/aubo_ros2_ws/src/camport_ros2/src/percipio_camera/camport4/include/TYCoordinateMapper.h:408:49:[m[K [01;35m[Kwarning: [m[Kcomparison of integer expressions of different signedness: ‘[01m[Kint16_t[m[K’ {aka ‘[01m[Kshort int[m[K’} and ‘[01m[Kuint32_t[m[K’ {aka ‘[01m[Kunsigned int[m[K’} [[01;35m[K-Wsign-compare[m[K]
[1.698s]   408 |     if(lut[i].x < 0 || lut[i].y < 0 || [01;35m[Klut[i].x >= imageW[m[K || lut[i].y >= imageH) {
[1.698s]       |                                        [01;35m[K~~~~~~~~~^~~~~~~~~[m[K
[1.698s] [01m[K/home/mu/IVG/aubo_ros2_ws/src/camport_ros2/src/percipio_camera/camport4/include/TYCoordinateMapper.h:408:71:[m[K [01;35m[Kwarning: [m[Kcomparison of integer expressions of different signedness: ‘[01m[Kint16_t[m[K’ {aka ‘[01m[Kshort int[m[K’} and ‘[01m[Kuint32_t[m[K’ {aka ‘[01m[Kunsigned int[m[K’} [[01;35m[K-Wsign-compare[m[K]
[1.698s]   408 |     if(lut[i].x < 0 || lut[i].y < 0 || lut[i].x >= imageW || [01;35m[Klut[i].y >= imageH[m[K) {
[1.698s]       |                                                              [01;35m[K~~~~~~~~~^~~~~~~~~[m[K
[1.700s] In file included from [01m[K/home/mu/IVG/aubo_ros2_ws/src/camport_ros2/src/percipio_camera/src/percipio_depth_algorithm.cpp:1[m[K:
[1.700s] [01m[K/home/mu/IVG/aubo_ros2_ws/src/camport_ros2/src/percipio_camera/include/percipio_depth_algorithm.h:[m[K In member function ‘[01m[Kbool percipio_camera::image_data::resize(int)[m[K’:
[1.701s] [01m[K/home/mu/IVG/aubo_ros2_ws/src/camport_ros2/src/percipio_camera/include/percipio_depth_algorithm.h:77:16:[m[K [01;35m[Kwarning: [m[Kdeleting ‘[01m[Kvoid*[m[K’ is undefined [[01;35m[K-Wdelete-incomplete[m[K]
[1.701s]    77 |       delete [][01;35m[Kbuffer[m[K;
[1.701s]       |                [01;35m[K^~~~~~[m[K
[1.701s] [01m[K/home/mu/IVG/aubo_ros2_ws/src/camport_ros2/src/percipio_camera/include/percipio_depth_algorithm.h:[m[K In destructor ‘[01m[Kpercipio_camera::image_data::~image_data()[m[K’:
[1.701s] [01m[K/home/mu/IVG/aubo_ros2_ws/src/camport_ros2/src/percipio_camera/include/percipio_depth_algorithm.h:108:16:[m[K [01;35m[Kwarning: [m[Kdeleting ‘[01m[Kvoid*[m[K’ is undefined [[01;35m[K-Wdelete-incomplete[m[K]
[1.701s]   108 |       delete [][01;35m[Kbuffer[m[K;
[1.701s]       |                [01;35m[K^~~~~~[m[K
[1.701s] [01m[K/home/mu/IVG/aubo_ros2_ws/src/camport_ros2/src/percipio_camera/include/percipio_depth_algorithm.h:[m[K At global scope:
[1.701s] [01m[K/home/mu/IVG/aubo_ros2_ws/src/camport_ros2/src/percipio_camera/include/percipio_depth_algorithm.h:131:5:[m[K [01;35m[Kwarning: [m[Ktype qualifiers ignored on function return type [[01;35m[K-Wignored-qualifiers[m[K]
[1.701s]   131 |     [01;35m[Kconst[m[K int param_image_num() { return m_image_num; }
[1.701s]       |     [01;35m[K^~~~~[m[K
[1.704s] [01m[K/home/mu/IVG/aubo_ros2_ws/src/camport_ros2/src/percipio_camera/src/percipio_depth_algorithm.cpp:[m[K In member function ‘[01m[Kvoid percipio_camera::DepthTimeDomainMgr::add_frame(const TY_IMAGE_DATA&)[m[K’:
[1.704s] [01m[K/home/mu/IVG/aubo_ros2_ws/src/camport_ros2/src/percipio_camera/src/percipio_depth_algorithm.cpp:17:23:[m[K [01;35m[Kwarning: [m[Kcomparison of integer expressions of different signedness: ‘[01m[Kstd::vector<percipio_camera::image_data>::size_type[m[K’ {aka ‘[01m[Klong unsigned int[m[K’} and ‘[01m[Kint[m[K’ [[01;35m[K-Wsign-compare[m[K]
[1.705s]    17 |   while([01;35m[Kimages.size() >= m_image_num[m[K) {
[1.705s]       |         [01;35m[K~~~~~~~~~~~~~~^~~~~~~~~~~~~~[m[K
[1.705s] [01m[K/home/mu/IVG/aubo_ros2_ws/src/camport_ros2/src/percipio_camera/src/percipio_depth_algorithm.cpp:[m[K In member function ‘[01m[Kbool percipio_camera::DepthTimeDomainMgr::do_time_domain_process(TY_IMAGE_DATA&)[m[K’:
[1.705s] [01m[K/home/mu/IVG/aubo_ros2_ws/src/camport_ros2/src/percipio_camera/src/percipio_depth_algorithm.cpp:26:20:[m[K [01;35m[Kwarning: [m[Kcomparison of integer expressions of different signedness: ‘[01m[Kstd::vector<percipio_camera::image_data>::size_type[m[K’ {aka ‘[01m[Klong unsigned int[m[K’} and ‘[01m[Kint[m[K’ [[01;35m[K-Wsign-compare[m[K]
[1.705s]    26 |   if([01;35m[Kimages.size() < m_image_num[m[K) {
[1.705s]       |      [01;35m[K~~~~~~~~~~~~~~^~~~~~~~~~~~~[m[K
[1.759s] [01m[K/home/mu/IVG/aubo_ros2_ws/src/camport_ros2/src/percipio_camera/src/huffman.cpp:[m[K In function ‘[01m[Kunsigned char process_8_bits_NUMBER(unsigned char&, int, std::stringstream&)[m[K’:
[1.759s] [01m[K/home/mu/IVG/aubo_ros2_ws/src/camport_ros2/src/percipio_camera/src/huffman.cpp:115:30:[m[K [01;35m[Kwarning: [m[Ksuggest parentheses around ‘[01m[K-[m[K’ inside ‘[01m[K<<[m[K’ [[01;35m[K-Wparentheses[m[K]
[1.759s]   115 |     current_byte=temp_byte<<[01;35m[K8-current_bit_count[m[K;
[1.759s]       |                             [01;35m[K~^~~~~~~~~~~~~~~~~~[m[K
[2.231s] In file included from [01m[K/home/mu/IVG/aubo_ros2_ws/src/camport_ros2/src/percipio_camera/include/MatViewer.hpp:6[m[K,
[2.231s]                  from [01m[K/home/mu/IVG/aubo_ros2_ws/src/camport_ros2/src/percipio_camera/src/MatViewer.cpp:3[m[K:
[2.231s] [01m[K/home/mu/IVG/aubo_ros2_ws/src/camport_ros2/src/percipio_camera/include/DepthRender.hpp:[m[K In member function ‘[01m[Kvoid DepthRender::HistAdjustRange(const cv::Mat&, ushort, int, ushort&, ushort&)[m[K’:
[2.231s] [01m[K/home/mu/IVG/aubo_ros2_ws/src/camport_ros2/src/percipio_camera/include/DepthRender.hpp:230:33:[m[K [01;35m[Kwarning: [m[Kcomparison is always false due to limited range of data type [[01;35m[K-Wtype-limits[m[K]
[2.231s]   230 |                     if ([01;35m[Kmin_val < 0[m[K) {
[2.231s]       |                         [01;35m[K~~~~~~~~^~~[m[K
[2.240s] [01m[K/home/mu/IVG/aubo_ros2_ws/src/camport_ros2/src/percipio_camera/src/MatViewer.cpp:[m[K In member function ‘[01m[Kvirtual void DepthViewer::onMouseCallback(cv::Mat&, int, cv::Point, bool&)[m[K’:
[2.240s] [01m[K/home/mu/IVG/aubo_ros2_ws/src/camport_ros2/src/percipio_camera/src/MatViewer.cpp:70:44:[m[K [01;35m[Kwarning: [m[Kunused parameter ‘[01m[Kimg[m[K’ [[01;35m[K-Wunused-parameter[m[K]
[2.241s]    70 | void DepthViewer::onMouseCallback([01;35m[Kcv::Mat& img[m[K, int event, const cv::Point pnt
[2.241s]       |                                   [01;35m[K~~~~~~~~~^~~[m[K
[2.270s] In file included from [01m[K/home/mu/IVG/aubo_ros2_ws/src/camport_ros2/src/percipio_camera/camport4/include/TYApi.h:30[m[K,
[2.271s]                  from [01m[K/home/mu/IVG/aubo_ros2_ws/src/camport_ros2/src/percipio_camera/include/percipio_camera_node_driver.h:8[m[K,
[2.271s]                  from [01m[K/home/mu/IVG/aubo_ros2_ws/src/camport_ros2/src/percipio_camera/src/percipio_camera_node_driver.cpp:1[m[K:
[2.271s] [01m[K/home/mu/IVG/aubo_ros2_ws/src/camport_ros2/src/percipio_camera/camport4/include/TYDefs.h:1010:9:[m[K [01;35m[Kwarning: [m[KISO C++ prohibits anonymous structs [[01;35m[K-Wpedantic[m[K]
[2.271s]  1010 |         [01;35m[K}[m[K;
[2.271s]       |         [01;35m[K^[m[K
[2.271s] [01m[K/home/mu/IVG/aubo_ros2_ws/src/camport_ros2/src/percipio_camera/camport4/include/TYDefs.h:1014:9:[m[K [01;35m[Kwarning: [m[KISO C++ prohibits anonymous structs [[01;35m[K-Wpedantic[m[K]
[2.271s]  1014 |         [01;35m[K}[m[K;
[2.271s]       |         [01;35m[K^[m[K
[2.273s] In file included from [01m[K/home/mu/IVG/aubo_ros2_ws/src/camport_ros2/src/percipio_camera/camport4/include/TYImageProc.h:11[m[K,
[2.273s]                  from [01m[K/home/mu/IVG/aubo_ros2_ws/src/camport_ros2/src/percipio_camera/include/percipio_camera_node_driver.h:9[m[K,
[2.273s]                  from [01m[K/home/mu/IVG/aubo_ros2_ws/src/camport_ros2/src/percipio_camera/src/percipio_camera_node_driver.cpp:1[m[K:
[2.273s] [01m[K/home/mu/IVG/aubo_ros2_ws/src/camport_ros2/src/percipio_camera/camport4/include/TYCoordinateMapper.h:[m[K In function ‘[01m[Kvoid TYPixelsOverlapRemove(TY_PIXEL_DESC*, uint32_t, uint32_t, uint32_t)[m[K’:
[2.273s] [01m[K/home/mu/IVG/aubo_ros2_ws/src/camport_ros2/src/percipio_camera/camport4/include/TYCoordinateMapper.h:401:49:[m[K [01;35m[Kwarning: [m[Kcomparison of integer expressions of different signedness: ‘[01m[Kint16_t[m[K’ {aka ‘[01m[Kshort int[m[K’} and ‘[01m[Kuint32_t[m[K’ {aka ‘[01m[Kunsigned int[m[K’} [[01;35m[K-Wsign-compare[m[K]
[2.273s]   401 |     if(lut[i].x < 0 || lut[i].y < 0 || [01;35m[Klut[i].x >= imageW[m[K || lut[i].y >= imageH) continue;
[2.273s]       |                                        [01;35m[K~~~~~~~~~^~~~~~~~~[m[K
[2.273s] [01m[K/home/mu/IVG/aubo_ros2_ws/src/camport_ros2/src/percipio_camera/camport4/include/TYCoordinateMapper.h:401:71:[m[K [01;35m[Kwarning: [m[Kcomparison of integer expressions of different signedness: ‘[01m[Kint16_t[m[K’ {aka ‘[01m[Kshort int[m[K’} and ‘[01m[Kuint32_t[m[K’ {aka ‘[01m[Kunsigned int[m[K’} [[01;35m[K-Wsign-compare[m[K]
[2.273s]   401 |     if(lut[i].x < 0 || lut[i].y < 0 || lut[i].x >= imageW || [01;35m[Klut[i].y >= imageH[m[K) continue;
[2.273s]       |                                                              [01;35m[K~~~~~~~~~^~~~~~~~~[m[K
[2.273s] [01m[K/home/mu/IVG/aubo_ros2_ws/src/camport_ros2/src/percipio_camera/camport4/include/TYCoordinateMapper.h:408:49:[m[K [01;35m[Kwarning: [m[Kcomparison of integer expressions of different signedness: ‘[01m[Kint16_t[m[K’ {aka ‘[01m[Kshort int[m[K’} and ‘[01m[Kuint32_t[m[K’ {aka ‘[01m[Kunsigned int[m[K’} [[01;35m[K-Wsign-compare[m[K]
[2.273s]   408 |     if(lut[i].x < 0 || lut[i].y < 0 || [01;35m[Klut[i].x >= imageW[m[K || lut[i].y >= imageH) {
[2.274s]       |                                        [01;35m[K~~~~~~~~~^~~~~~~~~[m[K
[2.274s] [01m[K/home/mu/IVG/aubo_ros2_ws/src/camport_ros2/src/percipio_camera/camport4/include/TYCoordinateMapper.h:408:71:[m[K [01;35m[Kwarning: [m[Kcomparison of integer expressions of different signedness: ‘[01m[Kint16_t[m[K’ {aka ‘[01m[Kshort int[m[K’} and ‘[01m[Kuint32_t[m[K’ {aka ‘[01m[Kunsigned int[m[K’} [[01;35m[K-Wsign-compare[m[K]
[2.274s]   408 |     if(lut[i].x < 0 || lut[i].y < 0 || lut[i].x >= imageW || [01;35m[Klut[i].y >= imageH[m[K) {
[2.274s]       |                                                              [01;35m[K~~~~~~~~~^~~~~~~~~[m[K
[2.444s] In file included from [01m[K/home/mu/IVG/aubo_ros2_ws/src/camport_ros2/src/percipio_camera/camport4/include/TYApi.h:30[m[K,
[2.445s]                  from [01m[K/home/mu/IVG/aubo_ros2_ws/src/camport_ros2/src/percipio_camera/camport4/include/TYParameter.h:4[m[K,
[2.445s]                  from [01m[K/home/mu/IVG/aubo_ros2_ws/src/camport_ros2/src/percipio_camera/include/percipio_device.h:13[m[K,
[2.445s]                  from [01m[K/home/mu/IVG/aubo_ros2_ws/src/camport_ros2/src/percipio_camera/src/percipio_device.cpp:1[m[K:
[2.445s] [01m[K/home/mu/IVG/aubo_ros2_ws/src/camport_ros2/src/percipio_camera/camport4/include/TYDefs.h:1010:9:[m[K [01;35m[Kwarning: [m[KISO C++ prohibits anonymous structs [[01;35m[K-Wpedantic[m[K]
[2.445s]  1010 |         [01;35m[K}[m[K;
[2.445s]       |         [01;35m[K^[m[K
[2.445s] [01m[K/home/mu/IVG/aubo_ros2_ws/src/camport_ros2/src/percipio_camera/camport4/include/TYDefs.h:1014:9:[m[K [01;35m[Kwarning: [m[KISO C++ prohibits anonymous structs [[01;35m[K-Wpedantic[m[K]
[2.445s]  1014 |         [01;35m[K}[m[K;
[2.445s]       |         [01;35m[K^[m[K
[2.447s] In file included from [01m[K/home/mu/IVG/aubo_ros2_ws/src/camport_ros2/src/percipio_camera/camport4/include/TYImageProc.h:11[m[K,
[2.447s]                  from [01m[K/home/mu/IVG/aubo_ros2_ws/src/camport_ros2/src/percipio_camera/include/percipio_depth_algorithm.h:7[m[K,
[2.447s]                  from [01m[K/home/mu/IVG/aubo_ros2_ws/src/camport_ros2/src/percipio_camera/include/percipio_device.h:15[m[K,
[2.447s]                  from [01m[K/home/mu/IVG/aubo_ros2_ws/src/camport_ros2/src/percipio_camera/src/percipio_device.cpp:1[m[K:
[2.447s] [01m[K/home/mu/IVG/aubo_ros2_ws/src/camport_ros2/src/percipio_camera/camport4/include/TYCoordinateMapper.h:[m[K In function ‘[01m[Kvoid TYPixelsOverlapRemove(TY_PIXEL_DESC*, uint32_t, uint32_t, uint32_t)[m[K’:
[2.447s] [01m[K/home/mu/IVG/aubo_ros2_ws/src/camport_ros2/src/percipio_camera/camport4/include/TYCoordinateMapper.h:401:49:[m[K [01;35m[Kwarning: [m[Kcomparison of integer expressions of different signedness: ‘[01m[Kint16_t[m[K’ {aka ‘[01m[Kshort int[m[K’} and ‘[01m[Kuint32_t[m[K’ {aka ‘[01m[Kunsigned int[m[K’} [[01;35m[K-Wsign-compare[m[K]
[2.448s]   401 |     if(lut[i].x < 0 || lut[i].y < 0 || [01;35m[Klut[i].x >= imageW[m[K || lut[i].y >= imageH) continue;
[2.448s]       |                                        [01;35m[K~~~~~~~~~^~~~~~~~~[m[K
[2.448s] [01m[K/home/mu/IVG/aubo_ros2_ws/src/camport_ros2/src/percipio_camera/camport4/include/TYCoordinateMapper.h:401:71:[m[K [01;35m[Kwarning: [m[Kcomparison of integer expressions of different signedness: ‘[01m[Kint16_t[m[K’ {aka ‘[01m[Kshort int[m[K’} and ‘[01m[Kuint32_t[m[K’ {aka ‘[01m[Kunsigned int[m[K’} [[01;35m[K-Wsign-compare[m[K]
[2.448s]   401 |     if(lut[i].x < 0 || lut[i].y < 0 || lut[i].x >= imageW || [01;35m[Klut[i].y >= imageH[m[K) continue;
[2.448s]       |                                                              [01;35m[K~~~~~~~~~^~~~~~~~~[m[K
[2.448s] [01m[K/home/mu/IVG/aubo_ros2_ws/src/camport_ros2/src/percipio_camera/camport4/include/TYCoordinateMapper.h:408:49:[m[K [01;35m[Kwarning: [m[Kcomparison of integer expressions of different signedness: ‘[01m[Kint16_t[m[K’ {aka ‘[01m[Kshort int[m[K’} and ‘[01m[Kuint32_t[m[K’ {aka ‘[01m[Kunsigned int[m[K’} [[01;35m[K-Wsign-compare[m[K]
[2.448s]   408 |     if(lut[i].x < 0 || lut[i].y < 0 || [01;35m[Klut[i].x >= imageW[m[K || lut[i].y >= imageH) {
[2.448s]       |                                        [01;35m[K~~~~~~~~~^~~~~~~~~[m[K
[2.448s] [01m[K/home/mu/IVG/aubo_ros2_ws/src/camport_ros2/src/percipio_camera/camport4/include/TYCoordinateMapper.h:408:71:[m[K [01;35m[Kwarning: [m[Kcomparison of integer expressions of different signedness: ‘[01m[Kint16_t[m[K’ {aka ‘[01m[Kshort int[m[K’} and ‘[01m[Kuint32_t[m[K’ {aka ‘[01m[Kunsigned int[m[K’} [[01;35m[K-Wsign-compare[m[K]
[2.448s]   408 |     if(lut[i].x < 0 || lut[i].y < 0 || lut[i].x >= imageW || [01;35m[Klut[i].y >= imageH[m[K) {
[2.448s]       |                                                              [01;35m[K~~~~~~~~~^~~~~~~~~[m[K
[2.449s] In file included from [01m[K/home/mu/IVG/aubo_ros2_ws/src/camport_ros2/src/percipio_camera/include/percipio_device.h:15[m[K,
[2.449s]                  from [01m[K/home/mu/IVG/aubo_ros2_ws/src/camport_ros2/src/percipio_camera/src/percipio_device.cpp:1[m[K:
[2.449s] [01m[K/home/mu/IVG/aubo_ros2_ws/src/camport_ros2/src/percipio_camera/include/percipio_depth_algorithm.h:[m[K In member function ‘[01m[Kbool percipio_camera::image_data::resize(int)[m[K’:
[2.449s] [01m[K/home/mu/IVG/aubo_ros2_ws/src/camport_ros2/src/percipio_camera/include/percipio_depth_algorithm.h:77:16:[m[K [01;35m[Kwarning: [m[Kdeleting ‘[01m[Kvoid*[m[K’ is undefined [[01;35m[K-Wdelete-incomplete[m[K]
[2.449s]    77 |       delete [][01;35m[Kbuffer[m[K;
[2.449s]       |                [01;35m[K^~~~~~[m[K
[2.449s] [01m[K/home/mu/IVG/aubo_ros2_ws/src/camport_ros2/src/percipio_camera/include/percipio_depth_algorithm.h:[m[K In destructor ‘[01m[Kpercipio_camera::image_data::~image_data()[m[K’:
[2.449s] [01m[K/home/mu/IVG/aubo_ros2_ws/src/camport_ros2/src/percipio_camera/include/percipio_depth_algorithm.h:108:16:[m[K [01;35m[Kwarning: [m[Kdeleting ‘[01m[Kvoid*[m[K’ is undefined [[01;35m[K-Wdelete-incomplete[m[K]
[2.449s]   108 |       delete [][01;35m[Kbuffer[m[K;
[2.449s]       |                [01;35m[K^~~~~~[m[K
[2.449s] [01m[K/home/mu/IVG/aubo_ros2_ws/src/camport_ros2/src/percipio_camera/include/percipio_depth_algorithm.h:[m[K At global scope:
[2.450s] [01m[K/home/mu/IVG/aubo_ros2_ws/src/camport_ros2/src/percipio_camera/include/percipio_depth_algorithm.h:131:5:[m[K [01;35m[Kwarning: [m[Ktype qualifiers ignored on function return type [[01;35m[K-Wignored-qualifiers[m[K]
[2.450s]   131 |     [01;35m[Kconst[m[K int param_image_num() { return m_image_num; }
[2.450s]       |     [01;35m[K^~~~~[m[K
[2.593s] In file included from [01m[K/home/mu/IVG/aubo_ros2_ws/src/camport_ros2/src/percipio_camera/camport4/include/TYApi.h:30[m[K,
[2.593s]                  from [01m[K/home/mu/IVG/aubo_ros2_ws/src/camport_ros2/src/percipio_camera/include/percipio_camera_node.h:24[m[K,
[2.593s]                  from [01m[K/home/mu/IVG/aubo_ros2_ws/src/camport_ros2/src/percipio_camera/src/percipio_camera_node.cpp:10[m[K:
[2.593s] [01m[K/home/mu/IVG/aubo_ros2_ws/src/camport_ros2/src/percipio_camera/camport4/include/TYDefs.h:1010:9:[m[K [01;35m[Kwarning: [m[KISO C++ prohibits anonymous structs [[01;35m[K-Wpedantic[m[K]
[2.594s]  1010 |         [01;35m[K}[m[K;
[2.594s]       |         [01;35m[K^[m[K
[2.594s] [01m[K/home/mu/IVG/aubo_ros2_ws/src/camport_ros2/src/percipio_camera/camport4/include/TYDefs.h:1014:9:[m[K [01;35m[Kwarning: [m[KISO C++ prohibits anonymous structs [[01;35m[K-Wpedantic[m[K]
[2.594s]  1014 |         [01;35m[K}[m[K;
[2.594s]       |         [01;35m[K^[m[K
[2.638s] In file included from [01m[K/home/mu/IVG/aubo_ros2_ws/src/camport_ros2/src/percipio_camera/include/percipio_device.h:15[m[K,
[2.638s]                  from [01m[K/home/mu/IVG/aubo_ros2_ws/src/camport_ros2/src/percipio_camera/include/percipio_camera_node.h:25[m[K,
[2.638s]                  from [01m[K/home/mu/IVG/aubo_ros2_ws/src/camport_ros2/src/percipio_camera/include/percipio_camera_node_driver.h:10[m[K,
[2.639s]                  from [01m[K/home/mu/IVG/aubo_ros2_ws/src/camport_ros2/src/percipio_camera/src/percipio_camera_node_driver.cpp:1[m[K:
[2.639s] [01m[K/home/mu/IVG/aubo_ros2_ws/src/camport_ros2/src/percipio_camera/include/percipio_depth_algorithm.h:[m[K In member function ‘[01m[Kbool percipio_camera::image_data::resize(int)[m[K’:
[2.639s] [01m[K/home/mu/IVG/aubo_ros2_ws/src/camport_ros2/src/percipio_camera/include/percipio_depth_algorithm.h:77:16:[m[K [01;35m[Kwarning: [m[Kdeleting ‘[01m[Kvoid*[m[K’ is undefined [[01;35m[K-Wdelete-incomplete[m[K]
[2.639s]    77 |       delete [][01;35m[Kbuffer[m[K;
[2.639s]       |                [01;35m[K^~~~~~[m[K
[2.639s] [01m[K/home/mu/IVG/aubo_ros2_ws/src/camport_ros2/src/percipio_camera/include/percipio_depth_algorithm.h:[m[K In destructor ‘[01m[Kpercipio_camera::image_data::~image_data()[m[K’:
[2.639s] [01m[K/home/mu/IVG/aubo_ros2_ws/src/camport_ros2/src/percipio_camera/include/percipio_depth_algorithm.h:108:16:[m[K [01;35m[Kwarning: [m[Kdeleting ‘[01m[Kvoid*[m[K’ is undefined [[01;35m[K-Wdelete-incomplete[m[K]
[2.639s]   108 |       delete [][01;35m[Kbuffer[m[K;
[2.639s]       |                [01;35m[K^~~~~~[m[K
[2.639s] [01m[K/home/mu/IVG/aubo_ros2_ws/src/camport_ros2/src/percipio_camera/include/percipio_depth_algorithm.h:[m[K At global scope:
[2.639s] [01m[K/home/mu/IVG/aubo_ros2_ws/src/camport_ros2/src/percipio_camera/include/percipio_depth_algorithm.h:131:5:[m[K [01;35m[Kwarning: [m[Ktype qualifiers ignored on function return type [[01;35m[K-Wignored-qualifiers[m[K]
[2.639s]   131 |     [01;35m[Kconst[m[K int param_image_num() { return m_image_num; }
[2.639s]       |     [01;35m[K^~~~~[m[K
[2.649s] In file included from [01m[K/home/mu/IVG/aubo_ros2_ws/src/camport_ros2/src/percipio_camera/camport4/include/TYImageProc.h:11[m[K,
[2.650s]                  from [01m[K/home/mu/IVG/aubo_ros2_ws/src/camport_ros2/src/percipio_camera/include/percipio_depth_algorithm.h:7[m[K,
[2.650s]                  from [01m[K/home/mu/IVG/aubo_ros2_ws/src/camport_ros2/src/percipio_camera/include/percipio_device.h:15[m[K,
[2.650s]                  from [01m[K/home/mu/IVG/aubo_ros2_ws/src/camport_ros2/src/percipio_camera/include/percipio_camera_node.h:25[m[K,
[2.650s]                  from [01m[K/home/mu/IVG/aubo_ros2_ws/src/camport_ros2/src/percipio_camera/src/percipio_camera_node.cpp:10[m[K:
[2.650s] [01m[K/home/mu/IVG/aubo_ros2_ws/src/camport_ros2/src/percipio_camera/camport4/include/TYCoordinateMapper.h:[m[K In function ‘[01m[Kvoid TYPixelsOverlapRemove(TY_PIXEL_DESC*, uint32_t, uint32_t, uint32_t)[m[K’:
[2.650s] [01m[K/home/mu/IVG/aubo_ros2_ws/src/camport_ros2/src/percipio_camera/camport4/include/TYCoordinateMapper.h:401:49:[m[K [01;35m[Kwarning: [m[Kcomparison of integer expressions of different signedness: ‘[01m[Kint16_t[m[K’ {aka ‘[01m[Kshort int[m[K’} and ‘[01m[Kuint32_t[m[K’ {aka ‘[01m[Kunsigned int[m[K’} [[01;35m[K-Wsign-compare[m[K]
[2.650s]   401 |     if(lut[i].x < 0 || lut[i].y < 0 || [01;35m[Klut[i].x >= imageW[m[K || lut[i].y >= imageH) continue;
[2.650s]       |                                        [01;35m[K~~~~~~~~~^~~~~~~~~[m[K
[2.650s] [01m[K/home/mu/IVG/aubo_ros2_ws/src/camport_ros2/src/percipio_camera/camport4/include/TYCoordinateMapper.h:401:71:[m[K [01;35m[Kwarning: [m[Kcomparison of integer expressions of different signedness: ‘[01m[Kint16_t[m[K’ {aka ‘[01m[Kshort int[m[K’} and ‘[01m[Kuint32_t[m[K’ {aka ‘[01m[Kunsigned int[m[K’} [[01;35m[K-Wsign-compare[m[K]
[2.650s]   401 |     if(lut[i].x < 0 || lut[i].y < 0 || lut[i].x >= imageW || [01;35m[Klut[i].y >= imageH[m[K) continue;
[2.650s]       |                                                              [01;35m[K~~~~~~~~~^~~~~~~~~[m[K
[2.650s] [01m[K/home/mu/IVG/aubo_ros2_ws/src/camport_ros2/src/percipio_camera/camport4/include/TYCoordinateMapper.h:408:49:[m[K [01;35m[Kwarning: [m[Kcomparison of integer expressions of different signedness: ‘[01m[Kint16_t[m[K’ {aka ‘[01m[Kshort int[m[K’} and ‘[01m[Kuint32_t[m[K’ {aka ‘[01m[Kunsigned int[m[K’} [[01;35m[K-Wsign-compare[m[K]
[2.650s]   408 |     if(lut[i].x < 0 || lut[i].y < 0 || [01;35m[Klut[i].x >= imageW[m[K || lut[i].y >= imageH) {
[2.650s]       |                                        [01;35m[K~~~~~~~~~^~~~~~~~~[m[K
[2.650s] [01m[K/home/mu/IVG/aubo_ros2_ws/src/camport_ros2/src/percipio_camera/camport4/include/TYCoordinateMapper.h:408:71:[m[K [01;35m[Kwarning: [m[Kcomparison of integer expressions of different signedness: ‘[01m[Kint16_t[m[K’ {aka ‘[01m[Kshort int[m[K’} and ‘[01m[Kuint32_t[m[K’ {aka ‘[01m[Kunsigned int[m[K’} [[01;35m[K-Wsign-compare[m[K]
[2.651s]   408 |     if(lut[i].x < 0 || lut[i].y < 0 || lut[i].x >= imageW || [01;35m[Klut[i].y >= imageH[m[K) {
[2.651s]       |                                                              [01;35m[K~~~~~~~~~^~~~~~~~~[m[K
[2.651s] In file included from [01m[K/home/mu/IVG/aubo_ros2_ws/src/camport_ros2/src/percipio_camera/include/percipio_device.h:15[m[K,
[2.651s]                  from [01m[K/home/mu/IVG/aubo_ros2_ws/src/camport_ros2/src/percipio_camera/include/percipio_camera_node.h:25[m[K,
[2.651s]                  from [01m[K/home/mu/IVG/aubo_ros2_ws/src/camport_ros2/src/percipio_camera/src/percipio_camera_node.cpp:10[m[K:
[2.651s] [01m[K/home/mu/IVG/aubo_ros2_ws/src/camport_ros2/src/percipio_camera/include/percipio_depth_algorithm.h:[m[K In member function ‘[01m[Kbool percipio_camera::image_data::resize(int)[m[K’:
[2.651s] [01m[K/home/mu/IVG/aubo_ros2_ws/src/camport_ros2/src/percipio_camera/include/percipio_depth_algorithm.h:77:16:[m[K [01;35m[Kwarning: [m[Kdeleting ‘[01m[Kvoid*[m[K’ is undefined [[01;35m[K-Wdelete-incomplete[m[K]
[2.651s]    77 |       delete [][01;35m[Kbuffer[m[K;
[2.652s]       |                [01;35m[K^~~~~~[m[K
[2.652s] [01m[K/home/mu/IVG/aubo_ros2_ws/src/camport_ros2/src/percipio_camera/include/percipio_depth_algorithm.h:[m[K In destructor ‘[01m[Kpercipio_camera::image_data::~image_data()[m[K’:
[2.652s] [01m[K/home/mu/IVG/aubo_ros2_ws/src/camport_ros2/src/percipio_camera/include/percipio_depth_algorithm.h:108:16:[m[K [01;35m[Kwarning: [m[Kdeleting ‘[01m[Kvoid*[m[K’ is undefined [[01;35m[K-Wdelete-incomplete[m[K]
[2.652s]   108 |       delete [][01;35m[Kbuffer[m[K;
[2.652s]       |                [01;35m[K^~~~~~[m[K
[2.652s] [01m[K/home/mu/IVG/aubo_ros2_ws/src/camport_ros2/src/percipio_camera/include/percipio_depth_algorithm.h:[m[K At global scope:
[2.652s] [01m[K/home/mu/IVG/aubo_ros2_ws/src/camport_ros2/src/percipio_camera/include/percipio_depth_algorithm.h:131:5:[m[K [01;35m[Kwarning: [m[Ktype qualifiers ignored on function return type [[01;35m[K-Wignored-qualifiers[m[K]
[2.652s]   131 |     [01;35m[Kconst[m[K int param_image_num() { return m_image_num; }
[2.652s]       |     [01;35m[K^~~~~[m[K
[2.746s] [ 65%] [32m[1mLinking CXX executable percipio_camera_node[0m
[2.771s] In file included from [01m[K/home/mu/IVG/aubo_ros2_ws/src/camport_ros2/src/percipio_camera/camport4/include/TYApi.h:30[m[K,
[2.771s]                  from [01m[K/home/mu/IVG/aubo_ros2_ws/src/camport_ros2/src/percipio_camera/include/percipio_video_mode.h:9[m[K,
[2.771s]                  from [01m[K/home/mu/IVG/aubo_ros2_ws/src/camport_ros2/src/percipio_camera/src/percipio_video_mode.cpp:1[m[K:
[2.771s] [01m[K/home/mu/IVG/aubo_ros2_ws/src/camport_ros2/src/percipio_camera/camport4/include/TYDefs.h:1010:9:[m[K [01;35m[Kwarning: [m[KISO C++ prohibits anonymous structs [[01;35m[K-Wpedantic[m[K]
[2.771s]  1010 |         [01;35m[K}[m[K;
[2.771s]       |         [01;35m[K^[m[K
[2.771s] [01m[K/home/mu/IVG/aubo_ros2_ws/src/camport_ros2/src/percipio_camera/camport4/include/TYDefs.h:1014:9:[m[K [01;35m[Kwarning: [m[KISO C++ prohibits anonymous structs [[01;35m[K-Wpedantic[m[K]
[2.771s]  1014 |         [01;35m[K}[m[K;
[2.771s]       |         [01;35m[K^[m[K
[2.805s] [ 65%] Built target percipio_camera_node
[2.827s] In file included from [01m[K/home/mu/IVG/aubo_ros2_ws/src/camport_ros2/src/percipio_camera/camport4/include/TYImageProc.h:11[m[K,
[2.828s]                  from [01m[K/home/mu/IVG/aubo_ros2_ws/src/camport_ros2/src/percipio_camera/include/percipio_depth_algorithm.h:7[m[K,
[2.828s]                  from [01m[K/home/mu/IVG/aubo_ros2_ws/src/camport_ros2/src/percipio_camera/include/percipio_device.h:15[m[K,
[2.828s]                  from [01m[K/home/mu/IVG/aubo_ros2_ws/src/camport_ros2/src/percipio_camera/src/percipio_video_mode.cpp:2[m[K:
[2.828s] [01m[K/home/mu/IVG/aubo_ros2_ws/src/camport_ros2/src/percipio_camera/camport4/include/TYCoordinateMapper.h:[m[K In function ‘[01m[Kvoid TYPixelsOverlapRemove(TY_PIXEL_DESC*, uint32_t, uint32_t, uint32_t)[m[K’:
[2.828s] [01m[K/home/mu/IVG/aubo_ros2_ws/src/camport_ros2/src/percipio_camera/camport4/include/TYCoordinateMapper.h:401:49:[m[K [01;35m[Kwarning: [m[Kcomparison of integer expressions of different signedness: ‘[01m[Kint16_t[m[K’ {aka ‘[01m[Kshort int[m[K’} and ‘[01m[Kuint32_t[m[K’ {aka ‘[01m[Kunsigned int[m[K’} [[01;35m[K-Wsign-compare[m[K]
[2.828s]   401 |     if(lut[i].x < 0 || lut[i].y < 0 || [01;35m[Klut[i].x >= imageW[m[K || lut[i].y >= imageH) continue;
[2.828s]       |                                        [01;35m[K~~~~~~~~~^~~~~~~~~[m[K
[2.828s] [01m[K/home/mu/IVG/aubo_ros2_ws/src/camport_ros2/src/percipio_camera/camport4/include/TYCoordinateMapper.h:401:71:[m[K [01;35m[Kwarning: [m[Kcomparison of integer expressions of different signedness: ‘[01m[Kint16_t[m[K’ {aka ‘[01m[Kshort int[m[K’} and ‘[01m[Kuint32_t[m[K’ {aka ‘[01m[Kunsigned int[m[K’} [[01;35m[K-Wsign-compare[m[K]
[2.828s]   401 |     if(lut[i].x < 0 || lut[i].y < 0 || lut[i].x >= imageW || [01;35m[Klut[i].y >= imageH[m[K) continue;
[2.828s]       |                                                              [01;35m[K~~~~~~~~~^~~~~~~~~[m[K
[2.828s] [01m[K/home/mu/IVG/aubo_ros2_ws/src/camport_ros2/src/percipio_camera/camport4/include/TYCoordinateMapper.h:408:49:[m[K [01;35m[Kwarning: [m[Kcomparison of integer expressions of different signedness: ‘[01m[Kint16_t[m[K’ {aka ‘[01m[Kshort int[m[K’} and ‘[01m[Kuint32_t[m[K’ {aka ‘[01m[Kunsigned int[m[K’} [[01;35m[K-Wsign-compare[m[K]
[2.828s]   408 |     if(lut[i].x < 0 || lut[i].y < 0 || [01;35m[Klut[i].x >= imageW[m[K || lut[i].y >= imageH) {
[2.828s]       |                                        [01;35m[K~~~~~~~~~^~~~~~~~~[m[K
[2.828s] [01m[K/home/mu/IVG/aubo_ros2_ws/src/camport_ros2/src/percipio_camera/camport4/include/TYCoordinateMapper.h:408:71:[m[K [01;35m[Kwarning: [m[Kcomparison of integer expressions of different signedness: ‘[01m[Kint16_t[m[K’ {aka ‘[01m[Kshort int[m[K’} and ‘[01m[Kuint32_t[m[K’ {aka ‘[01m[Kunsigned int[m[K’} [[01;35m[K-Wsign-compare[m[K]
[2.828s]   408 |     if(lut[i].x < 0 || lut[i].y < 0 || lut[i].x >= imageW || [01;35m[Klut[i].y >= imageH[m[K) {
[2.828s]       |                                                              [01;35m[K~~~~~~~~~^~~~~~~~~[m[K
[2.829s] In file included from [01m[K/home/mu/IVG/aubo_ros2_ws/src/camport_ros2/src/percipio_camera/include/percipio_device.h:15[m[K,
[2.829s]                  from [01m[K/home/mu/IVG/aubo_ros2_ws/src/camport_ros2/src/percipio_camera/src/percipio_video_mode.cpp:2[m[K:
[2.829s] [01m[K/home/mu/IVG/aubo_ros2_ws/src/camport_ros2/src/percipio_camera/include/percipio_depth_algorithm.h:[m[K In member function ‘[01m[Kbool percipio_camera::image_data::resize(int)[m[K’:
[2.829s] [01m[K/home/mu/IVG/aubo_ros2_ws/src/camport_ros2/src/percipio_camera/include/percipio_depth_algorithm.h:77:16:[m[K [01;35m[Kwarning: [m[Kdeleting ‘[01m[Kvoid*[m[K’ is undefined [[01;35m[K-Wdelete-incomplete[m[K]
[2.829s]    77 |       delete [][01;35m[Kbuffer[m[K;
[2.829s]       |                [01;35m[K^~~~~~[m[K
[2.830s] [01m[K/home/mu/IVG/aubo_ros2_ws/src/camport_ros2/src/percipio_camera/include/percipio_depth_algorithm.h:[m[K In destructor ‘[01m[Kpercipio_camera::image_data::~image_data()[m[K’:
[2.830s] [01m[K/home/mu/IVG/aubo_ros2_ws/src/camport_ros2/src/percipio_camera/include/percipio_depth_algorithm.h:108:16:[m[K [01;35m[Kwarning: [m[Kdeleting ‘[01m[Kvoid*[m[K’ is undefined [[01;35m[K-Wdelete-incomplete[m[K]
[2.830s]   108 |       delete [][01;35m[Kbuffer[m[K;
[2.830s]       |                [01;35m[K^~~~~~[m[K
[2.830s] [01m[K/home/mu/IVG/aubo_ros2_ws/src/camport_ros2/src/percipio_camera/include/percipio_depth_algorithm.h:[m[K At global scope:
[2.830s] [01m[K/home/mu/IVG/aubo_ros2_ws/src/camport_ros2/src/percipio_camera/include/percipio_depth_algorithm.h:131:5:[m[K [01;35m[Kwarning: [m[Ktype qualifiers ignored on function return type [[01;35m[K-Wignored-qualifiers[m[K]
[2.830s]   131 |     [01;35m[Kconst[m[K int param_image_num() { return m_image_num; }
[2.830s]       |     [01;35m[K^~~~~[m[K
[2.994s] In file included from [01m[K/home/mu/IVG/aubo_ros2_ws/src/camport_ros2/src/percipio_camera/include/common.hpp:9[m[K,
[2.994s]                  from [01m[K/home/mu/IVG/aubo_ros2_ws/src/camport_ros2/src/percipio_camera/src/percipio_device.cpp:2[m[K:
[2.994s] [01m[K/home/mu/IVG/aubo_ros2_ws/src/camport_ros2/src/percipio_camera/include/DepthRender.hpp:[m[K In member function ‘[01m[Kvoid DepthRender::HistAdjustRange(const cv::Mat&, ushort, int, ushort&, ushort&)[m[K’:
[2.994s] [01m[K/home/mu/IVG/aubo_ros2_ws/src/camport_ros2/src/percipio_camera/include/DepthRender.hpp:230:33:[m[K [01;35m[Kwarning: [m[Kcomparison is always false due to limited range of data type [[01;35m[K-Wtype-limits[m[K]
[2.994s]   230 |                     if ([01;35m[Kmin_val < 0[m[K) {
[2.994s]       |                         [01;35m[K~~~~~~~~^~~[m[K
[3.005s] In file included from [01m[K/home/mu/IVG/aubo_ros2_ws/src/camport_ros2/src/percipio_camera/src/percipio_device.cpp:2[m[K:
[3.005s] [01m[K/home/mu/IVG/aubo_ros2_ws/src/camport_ros2/src/percipio_camera/include/common.hpp:[m[K In function ‘[01m[Kint decodeCsiRaw10(unsigned char*, unsigned char*, int, int)[m[K’:
[3.005s] [01m[K/home/mu/IVG/aubo_ros2_ws/src/camport_ros2/src/percipio_camera/include/common.hpp:22:32:[m[K [01;35m[Kwarning: [m[Kcomparison of integer expressions of different signedness: ‘[01m[Ksize_t[m[K’ {aka ‘[01m[Klong unsigned int[m[K’} and ‘[01m[Kint[m[K’ [[01;35m[K-Wsign-compare[m[K]
[3.005s]    22 |     for(size_t i = 0, j = 0; [01;35m[Ki < raw10_line_size * height[m[K; i+=5, j+=4)
[3.005s]       |                              [01;35m[K~~^~~~~~~~~~~~~~~~~~~~~~~~~~[m[K
[3.005s] [01m[K/home/mu/IVG/aubo_ros2_ws/src/camport_ros2/src/percipio_camera/include/common.hpp:[m[K In function ‘[01m[Kint decodeCsiRaw12(unsigned char*, unsigned char*, int, int)[m[K’:
[3.005s] [01m[K/home/mu/IVG/aubo_ros2_ws/src/camport_ros2/src/percipio_camera/include/common.hpp:39:32:[m[K [01;35m[Kwarning: [m[Kcomparison of integer expressions of different signedness: ‘[01m[Ksize_t[m[K’ {aka ‘[01m[Klong unsigned int[m[K’} and ‘[01m[Kint[m[K’ [[01;35m[K-Wsign-compare[m[K]
[3.005s]    39 |     for(size_t i = 0, j = 0; [01;35m[Ki < raw12_line_size * height[m[K; i+=3, j+=2)
[3.005s]       |                              [01;35m[K~~^~~~~~~~~~~~~~~~~~~~~~~~~~[m[K
[3.005s] [01m[K/home/mu/IVG/aubo_ros2_ws/src/camport_ros2/src/percipio_camera/include/common.hpp:[m[K In function ‘[01m[Kint decodeCsiRaw14(unsigned char*, short unsigned int*, int, int)[m[K’:
[3.005s] [01m[K/home/mu/IVG/aubo_ros2_ws/src/camport_ros2/src/percipio_camera/include/common.hpp:54:32:[m[K [01;35m[Kwarning: [m[Kcomparison of integer expressions of different signedness: ‘[01m[Ksize_t[m[K’ {aka ‘[01m[Klong unsigned int[m[K’} and ‘[01m[Kint[m[K’ [[01;35m[K-Wsign-compare[m[K]
[3.005s]    54 |     for(size_t i = 0, j = 0; [01;35m[Ki < raw14_line_size * height[m[K; i+=7, j+=4)
[3.005s]       |                              [01;35m[K~~^~~~~~~~~~~~~~~~~~~~~~~~~~[m[K
[3.006s] [01m[K/home/mu/IVG/aubo_ros2_ws/src/camport_ros2/src/percipio_camera/include/common.hpp:[m[K In function ‘[01m[Kint decodePacketRaw10(unsigned char*, unsigned char*, int, int)[m[K’:
[3.006s] [01m[K/home/mu/IVG/aubo_ros2_ws/src/camport_ros2/src/percipio_camera/include/common.hpp:75:25:[m[K [01;35m[Kwarning: [m[Kcomparison of integer expressions of different signedness: ‘[01m[Ksize_t[m[K’ {aka ‘[01m[Klong unsigned int[m[K’} and ‘[01m[Kint[m[K’ [[01;35m[K-Wsign-compare[m[K]
[3.006s]    75 |     for(size_t i = 0; [01;35m[Ki < raw10_line_size * height[m[K; i+=5)
[3.006s]       |                       [01;35m[K~~^~~~~~~~~~~~~~~~~~~~~~~~~~[m[K
[3.006s] [01m[K/home/mu/IVG/aubo_ros2_ws/src/camport_ros2/src/percipio_camera/include/common.hpp:[m[K In function ‘[01m[Kint decodePacketRaw12(unsigned char*, unsigned char*, int, int)[m[K’:
[3.006s] [01m[K/home/mu/IVG/aubo_ros2_ws/src/camport_ros2/src/percipio_camera/include/common.hpp:89:52:[m[K [01;35m[Kwarning: [m[Kunused parameter ‘[01m[Ksrc[m[K’ [[01;35m[K-Wunused-parameter[m[K]
[3.006s]    89 | static inline int decodePacketRaw12([01;35m[Kunsigned char* src[m[K, unsigned char* dst, int width, int height)
[3.006s]       |                                     [01;35m[K~~~~~~~~~~~~~~~^~~[m[K
[3.006s] [01m[K/home/mu/IVG/aubo_ros2_ws/src/camport_ros2/src/percipio_camera/include/common.hpp:89:72:[m[K [01;35m[Kwarning: [m[Kunused parameter ‘[01m[Kdst[m[K’ [[01;35m[K-Wunused-parameter[m[K]
[3.006s]    89 | static inline int decodePacketRaw12(unsigned char* src, [01;35m[Kunsigned char* dst[m[K, int width, int height)
[3.006s]       |                                                         [01;35m[K~~~~~~~~~~~~~~~^~~[m[K
[3.006s] [01m[K/home/mu/IVG/aubo_ros2_ws/src/camport_ros2/src/percipio_camera/include/common.hpp:89:81:[m[K [01;35m[Kwarning: [m[Kunused parameter ‘[01m[Kwidth[m[K’ [[01;35m[K-Wunused-parameter[m[K]
[3.006s]    89 | static inline int decodePacketRaw12(unsigned char* src, unsigned char* dst, [01;35m[Kint width[m[K, int height)
[3.006s]       |                                                                             [01;35m[K~~~~^~~~~[m[K
[3.006s] [01m[K/home/mu/IVG/aubo_ros2_ws/src/camport_ros2/src/percipio_camera/include/common.hpp:89:92:[m[K [01;35m[Kwarning: [m[Kunused parameter ‘[01m[Kheight[m[K’ [[01;35m[K-Wunused-parameter[m[K]
[3.006s]    89 | static inline int decodePacketRaw12(unsigned char* src, unsigned char* dst, int width, [01;35m[Kint height[m[K)
[3.006s]       |                                                                                        [01;35m[K~~~~^~~~~~[m[K
[3.019s] In file included from [01m[K/home/mu/IVG/aubo_ros2_ws/src/camport_ros2/src/percipio_camera/include/common.hpp:9[m[K,
[3.019s]                  from [01m[K/home/mu/IVG/aubo_ros2_ws/src/camport_ros2/src/percipio_camera/src/percipio_camera_node_driver.cpp:11[m[K:
[3.019s] [01m[K/home/mu/IVG/aubo_ros2_ws/src/camport_ros2/src/percipio_camera/include/DepthRender.hpp:[m[K In member function ‘[01m[Kvoid DepthRender::HistAdjustRange(const cv::Mat&, ushort, int, ushort&, ushort&)[m[K’:
[3.019s] [01m[K/home/mu/IVG/aubo_ros2_ws/src/camport_ros2/src/percipio_camera/include/DepthRender.hpp:230:33:[m[K [01;35m[Kwarning: [m[Kcomparison is always false due to limited range of data type [[01;35m[K-Wtype-limits[m[K]
[3.019s]   230 |                     if ([01;35m[Kmin_val < 0[m[K) {
[3.019s]       |                         [01;35m[K~~~~~~~~^~~[m[K
[3.030s] In file included from [01m[K/home/mu/IVG/aubo_ros2_ws/src/camport_ros2/src/percipio_camera/src/percipio_camera_node_driver.cpp:11[m[K:
[3.030s] [01m[K/home/mu/IVG/aubo_ros2_ws/src/camport_ros2/src/percipio_camera/include/common.hpp:[m[K In function ‘[01m[Kint decodeCsiRaw10(unsigned char*, unsigned char*, int, int)[m[K’:
[3.030s] [01m[K/home/mu/IVG/aubo_ros2_ws/src/camport_ros2/src/percipio_camera/include/common.hpp:22:32:[m[K [01;35m[Kwarning: [m[Kcomparison of integer expressions of different signedness: ‘[01m[Ksize_t[m[K’ {aka ‘[01m[Klong unsigned int[m[K’} and ‘[01m[Kint[m[K’ [[01;35m[K-Wsign-compare[m[K]
[3.030s]    22 |     for(size_t i = 0, j = 0; [01;35m[Ki < raw10_line_size * height[m[K; i+=5, j+=4)
[3.030s]       |                              [01;35m[K~~^~~~~~~~~~~~~~~~~~~~~~~~~~[m[K
[3.030s] [01m[K/home/mu/IVG/aubo_ros2_ws/src/camport_ros2/src/percipio_camera/include/common.hpp:[m[K In function ‘[01m[Kint decodeCsiRaw12(unsigned char*, unsigned char*, int, int)[m[K’:
[3.030s] [01m[K/home/mu/IVG/aubo_ros2_ws/src/camport_ros2/src/percipio_camera/include/common.hpp:39:32:[m[K [01;35m[Kwarning: [m[Kcomparison of integer expressions of different signedness: ‘[01m[Ksize_t[m[K’ {aka ‘[01m[Klong unsigned int[m[K’} and ‘[01m[Kint[m[K’ [[01;35m[K-Wsign-compare[m[K]
[3.030s]    39 |     for(size_t i = 0, j = 0; [01;35m[Ki < raw12_line_size * height[m[K; i+=3, j+=2)
[3.030s]       |                              [01;35m[K~~^~~~~~~~~~~~~~~~~~~~~~~~~~[m[K
[3.030s] [01m[K/home/mu/IVG/aubo_ros2_ws/src/camport_ros2/src/percipio_camera/include/common.hpp:[m[K In function ‘[01m[Kint decodeCsiRaw14(unsigned char*, short unsigned int*, int, int)[m[K’:
[3.030s] [01m[K/home/mu/IVG/aubo_ros2_ws/src/camport_ros2/src/percipio_camera/include/common.hpp:54:32:[m[K [01;35m[Kwarning: [m[Kcomparison of integer expressions of different signedness: ‘[01m[Ksize_t[m[K’ {aka ‘[01m[Klong unsigned int[m[K’} and ‘[01m[Kint[m[K’ [[01;35m[K-Wsign-compare[m[K]
[3.030s]    54 |     for(size_t i = 0, j = 0; [01;35m[Ki < raw14_line_size * height[m[K; i+=7, j+=4)
[3.030s]       |                              [01;35m[K~~^~~~~~~~~~~~~~~~~~~~~~~~~~[m[K
[3.030s] [01m[K/home/mu/IVG/aubo_ros2_ws/src/camport_ros2/src/percipio_camera/include/common.hpp:[m[K In function ‘[01m[Kint decodePacketRaw10(unsigned char*, unsigned char*, int, int)[m[K’:
[3.030s] [01m[K/home/mu/IVG/aubo_ros2_ws/src/camport_ros2/src/percipio_camera/include/common.hpp:75:25:[m[K [01;35m[Kwarning: [m[Kcomparison of integer expressions of different signedness: ‘[01m[Ksize_t[m[K’ {aka ‘[01m[Klong unsigned int[m[K’} and ‘[01m[Kint[m[K’ [[01;35m[K-Wsign-compare[m[K]
[3.031s]    75 |     for(size_t i = 0; [01;35m[Ki < raw10_line_size * height[m[K; i+=5)
[3.031s]       |                       [01;35m[K~~^~~~~~~~~~~~~~~~~~~~~~~~~~[m[K
[3.031s] [01m[K/home/mu/IVG/aubo_ros2_ws/src/camport_ros2/src/percipio_camera/include/common.hpp:[m[K In function ‘[01m[Kint decodePacketRaw12(unsigned char*, unsigned char*, int, int)[m[K’:
[3.031s] [01m[K/home/mu/IVG/aubo_ros2_ws/src/camport_ros2/src/percipio_camera/include/common.hpp:89:52:[m[K [01;35m[Kwarning: [m[Kunused parameter ‘[01m[Ksrc[m[K’ [[01;35m[K-Wunused-parameter[m[K]
[3.031s]    89 | static inline int decodePacketRaw12([01;35m[Kunsigned char* src[m[K, unsigned char* dst, int width, int height)
[3.031s]       |                                     [01;35m[K~~~~~~~~~~~~~~~^~~[m[K
[3.031s] [01m[K/home/mu/IVG/aubo_ros2_ws/src/camport_ros2/src/percipio_camera/include/common.hpp:89:72:[m[K [01;35m[Kwarning: [m[Kunused parameter ‘[01m[Kdst[m[K’ [[01;35m[K-Wunused-parameter[m[K]
[3.031s]    89 | static inline int decodePacketRaw12(unsigned char* src, [01;35m[Kunsigned char* dst[m[K, int width, int height)
[3.031s]       |                                                         [01;35m[K~~~~~~~~~~~~~~~^~~[m[K
[3.031s] [01m[K/home/mu/IVG/aubo_ros2_ws/src/camport_ros2/src/percipio_camera/include/common.hpp:89:81:[m[K [01;35m[Kwarning: [m[Kunused parameter ‘[01m[Kwidth[m[K’ [[01;35m[K-Wunused-parameter[m[K]
[3.031s]    89 | static inline int decodePacketRaw12(unsigned char* src, unsigned char* dst, [01;35m[Kint width[m[K, int height)
[3.031s]       |                                                                             [01;35m[K~~~~^~~~~[m[K
[3.031s] [01m[K/home/mu/IVG/aubo_ros2_ws/src/camport_ros2/src/percipio_camera/include/common.hpp:89:92:[m[K [01;35m[Kwarning: [m[Kunused parameter ‘[01m[Kheight[m[K’ [[01;35m[K-Wunused-parameter[m[K]
[3.031s]    89 | static inline int decodePacketRaw12(unsigned char* src, unsigned char* dst, int width, [01;35m[Kint height[m[K)
[3.031s]       |                                                                                        [01;35m[K~~~~^~~~~~[m[K
[3.044s] In file included from [01m[K/home/mu/IVG/aubo_ros2_ws/src/camport_ros2/src/percipio_camera/src/percipio_device.cpp:6[m[K:
[3.044s] [01m[K/home/mu/IVG/aubo_ros2_ws/src/camport_ros2/src/percipio_camera/include/ParametersParse.hpp:[m[K In function ‘[01m[Kbool json_parse(TY_DEV_HANDLE, const char*)[m[K’:
[3.044s] [01m[K/home/mu/IVG/aubo_ros2_ws/src/camport_ros2/src/percipio_camera/include/ParametersParse.hpp:159:29:[m[K [01;35m[Kwarning: [m[Kunused variable ‘[01m[Kfeat_name_str[m[K’ [[01;35m[K-Wunused-variable[m[K]
[3.044s]   159 |                 const char* [01;35m[Kfeat_name_str[m[K = feat_name.string_value().c_str();
[3.044s]       |                             [01;35m[K^~~~~~~~~~~~~[m[K
[3.044s] [01m[K/home/mu/IVG/aubo_ros2_ws/src/camport_ros2/src/percipio_camera/include/ParametersParse.hpp:145:25:[m[K [01;35m[Kwarning: [m[Kunused variable ‘[01m[Kcomp_desc_str[m[K’ [[01;35m[K-Wunused-variable[m[K]
[3.044s]   145 |             const char* [01;35m[Kcomp_desc_str[m[K = comp_desc.string_value().c_str();
[3.044s]       |                         [01;35m[K^~~~~~~~~~~~~[m[K
[3.109s] /home/mu/IVG/aubo_ros2_ws/src/camport_ros2/src/percipio_camera/src/percipio_camera_node.cpp: In instantiation of ‘[01m[Kvoid percipio_camera::PercipioCameraNode::setAndGetNodeParameter(T&, const string&, const T&, const ParameterDescriptor&) [with T = std::__cxx11::basic_string<char>; std::string = std::__cxx11::basic_string<char>; rcl_interfaces::msg::ParameterDescriptor = rcl_interfaces::msg::ParameterDescriptor_<std::allocator<void> >][m[K’:
[3.110s] [01m[K/home/mu/IVG/aubo_ros2_ws/src/camport_ros2/src/percipio_camera/src/percipio_camera_node.cpp:92:78:[m[K   required from here
[3.110s] [01m[K/home/mu/IVG/aubo_ros2_ws/src/camport_ros2/src/percipio_camera/src/percipio_camera_node.cpp:80:53:[m[K [01;35m[Kwarning: [m[Kunused parameter ‘[01m[Kparameter_descriptor[m[K’ [[01;35m[K-Wunused-parameter[m[K]
[3.110s]    80 |     [01;35m[Kconst rcl_interfaces::msg::ParameterDescriptor &parameter_descriptor[m[K) {
[3.110s]       |     [01;35m[K~~~~~~~~~~~~~~~~~~~~~~~~~~~~~~~~~~~~~~~~~~~~~~~~^~~~~~~~~~~~~~~~~~~~[m[K
[3.111s] /home/mu/IVG/aubo_ros2_ws/src/camport_ros2/src/percipio_camera/src/percipio_camera_node.cpp: In instantiation of ‘[01m[Kvoid percipio_camera::PercipioCameraNode::setAndGetNodeParameter(T&, const string&, const T&, const ParameterDescriptor&) [with T = bool; std::string = std::__cxx11::basic_string<char>; rcl_interfaces::msg::ParameterDescriptor = rcl_interfaces::msg::ParameterDescriptor_<std::allocator<void> >][m[K’:
[3.111s] [01m[K/home/mu/IVG/aubo_ros2_ws/src/camport_ros2/src/percipio_camera/src/percipio_camera_node.cpp:99:76:[m[K   required from here
[3.111s] [01m[K/home/mu/IVG/aubo_ros2_ws/src/camport_ros2/src/percipio_camera/src/percipio_camera_node.cpp:80:53:[m[K [01;35m[Kwarning: [m[Kunused parameter ‘[01m[Kparameter_descriptor[m[K’ [[01;35m[K-Wunused-parameter[m[K]
[3.112s] /home/mu/IVG/aubo_ros2_ws/src/camport_ros2/src/percipio_camera/src/percipio_camera_node.cpp: In instantiation of ‘[01m[Kvoid percipio_camera::PercipioCameraNode::setAndGetNodeParameter(T&, const string&, const T&, const ParameterDescriptor&) [with T = int; std::string = std::__cxx11::basic_string<char>; rcl_interfaces::msg::ParameterDescriptor = rcl_interfaces::msg::ParameterDescriptor_<std::allocator<void> >][m[K’:
[3.112s] [01m[K/home/mu/IVG/aubo_ros2_ws/src/camport_ros2/src/percipio_camera/src/percipio_camera_node.cpp:137:60:[m[K   required from here
[3.112s] [01m[K/home/mu/IVG/aubo_ros2_ws/src/camport_ros2/src/percipio_camera/src/percipio_camera_node.cpp:80:53:[m[K [01;35m[Kwarning: [m[Kunused parameter ‘[01m[Kparameter_descriptor[m[K’ [[01;35m[K-Wunused-parameter[m[K]
[3.158s] [01m[K/home/mu/IVG/aubo_ros2_ws/src/camport_ros2/src/percipio_camera/src/percipio_device.cpp:[m[K In member function ‘[01m[KTY_STATUS percipio_camera::PercipioDevice::device_open(const char*, const char*)[m[K’:
[3.158s] [01m[K/home/mu/IVG/aubo_ros2_ws/src/camport_ros2/src/percipio_camera/src/percipio_device.cpp:228:26:[m[K [01;35m[Kwarning: [m[Kunused variable ‘[01m[Km_fmt[m[K’ [[01;35m[K-Wunused-variable[m[K]
[3.158s]   228 |                 uint32_t [01;35m[Km_fmt[m[K = image_mode_list[i].fmt;
[3.158s]       |                          [01;35m[K^~~~~[m[K
[3.159s] [01m[K/home/mu/IVG/aubo_ros2_ws/src/camport_ros2/src/percipio_camera/src/percipio_device.cpp:248:26:[m[K [01;35m[Kwarning: [m[Kunused variable ‘[01m[Km_fmt[m[K’ [[01;35m[K-Wunused-variable[m[K]
[3.159s]   248 |                 uint32_t [01;35m[Km_fmt[m[K = image_mode_list[i].fmt;
[3.159s]       |                          [01;35m[K^~~~~[m[K
[3.159s] [01m[K/home/mu/IVG/aubo_ros2_ws/src/camport_ros2/src/percipio_camera/src/percipio_device.cpp:268:26:[m[K [01;35m[Kwarning: [m[Kunused variable ‘[01m[Km_fmt[m[K’ [[01;35m[K-Wunused-variable[m[K]
[3.159s]   268 |                 uint32_t [01;35m[Km_fmt[m[K = image_mode_list[i].fmt;
[3.160s]       |                          [01;35m[K^~~~~[m[K
[3.160s] [01m[K/home/mu/IVG/aubo_ros2_ws/src/camport_ros2/src/percipio_camera/src/percipio_device.cpp:288:26:[m[K [01;35m[Kwarning: [m[Kunused variable ‘[01m[Km_fmt[m[K’ [[01;35m[K-Wunused-variable[m[K]
[3.160s]   288 |                 uint32_t [01;35m[Km_fmt[m[K = image_mode_list[i].fmt;
[3.160s]       |                          [01;35m[K^~~~~[m[K
[3.164s] [01m[K/home/mu/IVG/aubo_ros2_ws/src/camport_ros2/src/percipio_camera/src/percipio_device.cpp:[m[K In member function ‘[01m[KTY_STATUS percipio_camera::PercipioDevice::dump_image_mode_list(TY_COMPONENT_ID, std::vector<percipio_camera::percipio_video_mode>&)[m[K’:
[3.164s] [01m[K/home/mu/IVG/aubo_ros2_ws/src/camport_ros2/src/percipio_camera/src/percipio_device.cpp:372:77:[m[K [01;35m[Kwarning: [m[Knarrowing conversion of ‘[01m[KBinningList.std::vector<TYEnumEntry>::operator[](j).TYEnumEntry::value[m[K’ from ‘[01m[Kint32_t[m[K’ {aka ‘[01m[Kint[m[K’} to ‘[01m[Kuint32_t[m[K’ {aka ‘[01m[Kunsigned int[m[K’} [[01;35m[K-Wnarrowing[m[K]
[3.164s]   372 |                 modes.push_back({Fmt, img_width, img_height, BinningList[j].value, FmtDesc});
[3.176s] [01m[K/home/mu/IVG/aubo_ros2_ws/src/camport_ros2/src/percipio_camera/src/percipio_device.cpp:[m[K In member function ‘[01m[Kbool percipio_camera::PercipioDevice::stream_open(const percipio_stream_index_pair&, const string&, const string&)[m[K’:
[3.176s] [01m[K/home/mu/IVG/aubo_ros2_ws/src/camport_ros2/src/percipio_camera/src/percipio_device.cpp:1072:30:[m[K [01;35m[Kwarning: [m[Kcomparison of integer expressions of different signedness: ‘[01m[Kint[m[K’ and ‘[01m[Kuint32_t[m[K’ {aka ‘[01m[Kunsigned int[m[K’} [[01;35m[K-Wsign-compare[m[K]
[3.176s]  1072 |                 if([01;35m[Kimg_width != video_mode.width[m[K ||
[3.176s]       |                    [01;35m[K~~~~~~~~~~^~~~~~~~~~~~~~~~~~~[m[K
[3.176s] [01m[K/home/mu/IVG/aubo_ros2_ws/src/camport_ros2/src/percipio_camera/src/percipio_device.cpp:1073:31:[m[K [01;35m[Kwarning: [m[Kcomparison of integer expressions of different signedness: ‘[01m[Kint[m[K’ and ‘[01m[Kuint32_t[m[K’ {aka ‘[01m[Kunsigned int[m[K’} [[01;35m[K-Wsign-compare[m[K]
[3.176s]  1073 |                    [01;35m[Kimg_height != video_mode.height[m[K) {
[3.176s]       |                    [01;35m[K~~~~~~~~~~~^~~~~~~~~~~~~~~~~~~~[m[K
[3.183s] [01m[K/home/mu/IVG/aubo_ros2_ws/src/camport_ros2/src/percipio_camera/src/percipio_device.cpp:[m[K In member function ‘[01m[Kvoid percipio_camera::PercipioDevice::depthStreamReceive(const cv::Mat&, uint64_t&)[m[K’:
[3.183s] [01m[K/home/mu/IVG/aubo_ros2_ws/src/camport_ros2/src/percipio_camera/src/percipio_device.cpp:1311:9:[m[K [01;35m[Kwarning: [m[Ksuggest braces around empty body in an ‘[01m[Kelse[m[K’ statement [[01;35m[K-Wempty-body[m[K]
[3.183s]  1311 |         [01;35m[K;[m[K
[3.183s]       |         [01;35m[K^[m[K
[3.184s] [01m[K/home/mu/IVG/aubo_ros2_ws/src/camport_ros2/src/percipio_camera/src/percipio_device.cpp:[m[K In member function ‘[01m[Kvoid percipio_camera::PercipioDevice::p3dStreamReceive(const cv::Mat&, uint64_t&)[m[K’:
[3.184s] [01m[K/home/mu/IVG/aubo_ros2_ws/src/camport_ros2/src/percipio_camera/src/percipio_device.cpp:1381:9:[m[K [01;35m[Kwarning: [m[Ksuggest braces around empty body in an ‘[01m[Kelse[m[K’ statement [[01;35m[K-Wempty-body[m[K]
[3.184s]  1381 |         [01;35m[K;[m[K
[3.184s]       |         [01;35m[K^[m[K
[3.682s] [01m[K/home/mu/IVG/aubo_ros2_ws/src/camport_ros2/src/percipio_camera/include/common.hpp:[m[K At global scope:
[3.682s] [01m[K/home/mu/IVG/aubo_ros2_ws/src/camport_ros2/src/percipio_camera/include/common.hpp:646:29:[m[K [01;35m[Kwarning: [m[K‘[01m[Kstd::vector<unsigned char, std::allocator<unsigned char> > TYReadBinaryFile(const char*)[m[K’ defined but not used [[01;35m[K-Wunused-function[m[K]
[3.682s]   646 | static std::vector<uint8_t> [01;35m[KTYReadBinaryFile[m[K(const char* filename)
[3.682s]       |                             [01;35m[K^~~~~~~~~~~~~~~~[m[K
[3.682s] [01m[K/home/mu/IVG/aubo_ros2_ws/src/camport_ros2/src/percipio_camera/include/common.hpp:625:12:[m[K [01;35m[Kwarning: [m[K‘[01m[Kint get_fps()[m[K’ defined but not used [[01;35m[K-Wunused-function[m[K]
[3.682s]   625 | static int [01;35m[Kget_fps[m[K() {
[3.682s]       |            [01;35m[K^~~~~~~[m[K
[3.682s] [01m[K/home/mu/IVG/aubo_ros2_ws/src/camport_ros2/src/percipio_camera/include/common.hpp:533:13:[m[K [01;35m[Kwarning: [m[K‘[01m[Kvoid writePointCloud(const Point3f*, const Vec3b*, size_t, const char*, int)[m[K’ defined but not used [[01;35m[K-Wunused-function[m[K]
[3.682s]   533 | static void [01;35m[KwritePointCloud[m[K(const cv::Point3f* pnts, const cv::Vec3b *color, size_t n, const char* file, int format)
[3.682s]       |             [01;35m[K^~~~~~~~~~~~~~~[m[K
[3.927s] [01m[K/home/mu/IVG/aubo_ros2_ws/src/camport_ros2/src/percipio_camera/src/percipio_device.cpp:[m[K At global scope:
[3.927s] [01m[K/home/mu/IVG/aubo_ros2_ws/src/camport_ros2/src/percipio_camera/src/percipio_device.cpp:1384:13:[m[K [01;35m[Kwarning: [m[K‘[01m[Kvoid percipio_camera::PercipioXYZ48ToDepth(cv::Mat&, cv::Mat&)[m[K’ defined but not used [[01;35m[K-Wunused-function[m[K]
[3.927s]  1384 | static void [01;35m[KPercipioXYZ48ToDepth[m[K(cv::Mat& p3d, cv::Mat& depth)
[3.927s]       |             [01;35m[K^~~~~~~~~~~~~~~~~~~~[m[K
[3.927s] In file included from [01m[K/home/mu/IVG/aubo_ros2_ws/src/camport_ros2/src/percipio_camera/src/percipio_device.cpp:2[m[K:
[3.927s] [01m[K/home/mu/IVG/aubo_ros2_ws/src/camport_ros2/src/percipio_camera/include/common.hpp:646:29:[m[K [01;35m[Kwarning: [m[K‘[01m[Kstd::vector<unsigned char, std::allocator<unsigned char> > TYReadBinaryFile(const char*)[m[K’ defined but not used [[01;35m[K-Wunused-function[m[K]
[3.927s]   646 | static std::vector<uint8_t> [01;35m[KTYReadBinaryFile[m[K(const char* filename)
[3.927s]       |                             [01;35m[K^~~~~~~~~~~~~~~~[m[K
[3.927s] [01m[K/home/mu/IVG/aubo_ros2_ws/src/camport_ros2/src/percipio_camera/include/common.hpp:533:13:[m[K [01;35m[Kwarning: [m[K‘[01m[Kvoid writePointCloud(const Point3f*, const Vec3b*, size_t, const char*, int)[m[K’ defined but not used [[01;35m[K-Wunused-function[m[K]
[3.927s]   533 | static void [01;35m[KwritePointCloud[m[K(const cv::Point3f* pnts, const cv::Vec3b *color, size_t n, const char* file, int format)
[3.927s]       |             [01;35m[K^~~~~~~~~~~~~~~[m[K
[7.919s] [ 70%] [32m[1mLinking CXX shared library libpercipio_camera.so[0m
[8.219s] [ 70%] Built target percipio_camera
[8.224s] [35m[1mScanning dependencies of target list_devices[0m
[8.253s] [ 80%] [32mBuilding CXX object CMakeFiles/list_devices.dir/src/list_devices.cpp.o[0m
[8.253s] [ 80%] [32mBuilding CXX object CMakeFiles/list_devices.dir/src/DepthInpainter.cpp.o[0m
[8.253s] [ 85%] [32mBuilding CXX object CMakeFiles/list_devices.dir/src/ImageSpeckleFilter.cpp.o[0m
[8.253s] [ 90%] [32mBuilding CXX object CMakeFiles/list_devices.dir/src/MatViewer.cpp.o[0m
[8.253s] [ 95%] [32mBuilding CXX object CMakeFiles/list_devices.dir/src/TYThread.cpp.o[0m
[8.390s] In file included from [01m[K/home/mu/IVG/aubo_ros2_ws/src/camport_ros2/src/percipio_camera/camport4/include/TYApi.h:30[m[K,
[8.390s]                  from [01m[K/home/mu/IVG/aubo_ros2_ws/src/camport_ros2/src/percipio_camera/include/Utils.hpp:14[m[K,
[8.390s]                  from [01m[K/home/mu/IVG/aubo_ros2_ws/src/camport_ros2/src/percipio_camera/include/common.hpp:4[m[K,
[8.390s]                  from [01m[K/home/mu/IVG/aubo_ros2_ws/src/camport_ros2/src/percipio_camera/src/list_devices.cpp:1[m[K:
[8.390s] [01m[K/home/mu/IVG/aubo_ros2_ws/src/camport_ros2/src/percipio_camera/camport4/include/TYDefs.h:1010:9:[m[K [01;35m[Kwarning: [m[KISO C++ prohibits anonymous structs [[01;35m[K-Wpedantic[m[K]
[8.391s]  1010 |         [01;35m[K}[m[K;
[8.391s]       |         [01;35m[K^[m[K
[8.391s] [01m[K/home/mu/IVG/aubo_ros2_ws/src/camport_ros2/src/percipio_camera/camport4/include/TYDefs.h:1014:9:[m[K [01;35m[Kwarning: [m[KISO C++ prohibits anonymous structs [[01;35m[K-Wpedantic[m[K]
[8.391s]  1014 |         [01;35m[K}[m[K;
[8.391s]       |         [01;35m[K^[m[K
[8.826s] In file included from [01m[K/home/mu/IVG/aubo_ros2_ws/src/camport_ros2/src/percipio_camera/include/MatViewer.hpp:6[m[K,
[8.826s]                  from [01m[K/home/mu/IVG/aubo_ros2_ws/src/camport_ros2/src/percipio_camera/src/MatViewer.cpp:3[m[K:
[8.826s] [01m[K/home/mu/IVG/aubo_ros2_ws/src/camport_ros2/src/percipio_camera/include/DepthRender.hpp:[m[K In member function ‘[01m[Kvoid DepthRender::HistAdjustRange(const cv::Mat&, ushort, int, ushort&, ushort&)[m[K’:
[8.826s] [01m[K/home/mu/IVG/aubo_ros2_ws/src/camport_ros2/src/percipio_camera/include/DepthRender.hpp:230:33:[m[K [01;35m[Kwarning: [m[Kcomparison is always false due to limited range of data type [[01;35m[K-Wtype-limits[m[K]
[8.826s]   230 |                     if ([01;35m[Kmin_val < 0[m[K) {
[8.826s]       |                         [01;35m[K~~~~~~~~^~~[m[K
[8.833s] [01m[K/home/mu/IVG/aubo_ros2_ws/src/camport_ros2/src/percipio_camera/src/MatViewer.cpp:[m[K In member function ‘[01m[Kvirtual void DepthViewer::onMouseCallback(cv::Mat&, int, cv::Point, bool&)[m[K’:
[8.834s] [01m[K/home/mu/IVG/aubo_ros2_ws/src/camport_ros2/src/percipio_camera/src/MatViewer.cpp:70:44:[m[K [01;35m[Kwarning: [m[Kunused parameter ‘[01m[Kimg[m[K’ [[01;35m[K-Wunused-parameter[m[K]
[8.834s]    70 | void DepthViewer::onMouseCallback([01;35m[Kcv::Mat& img[m[K, int event, const cv::Point pnt
[8.834s]       |                                   [01;35m[K~~~~~~~~~^~~[m[K
[8.864s] In file included from [01m[K/home/mu/IVG/aubo_ros2_ws/src/camport_ros2/src/percipio_camera/include/common.hpp:9[m[K,
[8.864s]                  from [01m[K/home/mu/IVG/aubo_ros2_ws/src/camport_ros2/src/percipio_camera/src/list_devices.cpp:1[m[K:
[8.864s] [01m[K/home/mu/IVG/aubo_ros2_ws/src/camport_ros2/src/percipio_camera/include/DepthRender.hpp:[m[K In member function ‘[01m[Kvoid DepthRender::HistAdjustRange(const cv::Mat&, ushort, int, ushort&, ushort&)[m[K’:
[8.864s] [01m[K/home/mu/IVG/aubo_ros2_ws/src/camport_ros2/src/percipio_camera/include/DepthRender.hpp:230:33:[m[K [01;35m[Kwarning: [m[Kcomparison is always false due to limited range of data type [[01;35m[K-Wtype-limits[m[K]
[8.864s]   230 |                     if ([01;35m[Kmin_val < 0[m[K) {
[8.864s]       |                         [01;35m[K~~~~~~~~^~~[m[K
[8.874s] In file included from [01m[K/home/mu/IVG/aubo_ros2_ws/src/camport_ros2/src/percipio_camera/src/list_devices.cpp:1[m[K:
[8.874s] [01m[K/home/mu/IVG/aubo_ros2_ws/src/camport_ros2/src/percipio_camera/include/common.hpp:[m[K In function ‘[01m[Kint decodeCsiRaw10(unsigned char*, unsigned char*, int, int)[m[K’:
[8.874s] [01m[K/home/mu/IVG/aubo_ros2_ws/src/camport_ros2/src/percipio_camera/include/common.hpp:22:32:[m[K [01;35m[Kwarning: [m[Kcomparison of integer expressions of different signedness: ‘[01m[Ksize_t[m[K’ {aka ‘[01m[Klong unsigned int[m[K’} and ‘[01m[Kint[m[K’ [[01;35m[K-Wsign-compare[m[K]
[8.874s]    22 |     for(size_t i = 0, j = 0; [01;35m[Ki < raw10_line_size * height[m[K; i+=5, j+=4)
[8.874s]       |                              [01;35m[K~~^~~~~~~~~~~~~~~~~~~~~~~~~~[m[K
[8.874s] [01m[K/home/mu/IVG/aubo_ros2_ws/src/camport_ros2/src/percipio_camera/include/common.hpp:[m[K In function ‘[01m[Kint decodeCsiRaw12(unsigned char*, unsigned char*, int, int)[m[K’:
[8.874s] [01m[K/home/mu/IVG/aubo_ros2_ws/src/camport_ros2/src/percipio_camera/include/common.hpp:39:32:[m[K [01;35m[Kwarning: [m[Kcomparison of integer expressions of different signedness: ‘[01m[Ksize_t[m[K’ {aka ‘[01m[Klong unsigned int[m[K’} and ‘[01m[Kint[m[K’ [[01;35m[K-Wsign-compare[m[K]
[8.874s]    39 |     for(size_t i = 0, j = 0; [01;35m[Ki < raw12_line_size * height[m[K; i+=3, j+=2)
[8.874s]       |                              [01;35m[K~~^~~~~~~~~~~~~~~~~~~~~~~~~~[m[K
[8.874s] [01m[K/home/mu/IVG/aubo_ros2_ws/src/camport_ros2/src/percipio_camera/include/common.hpp:[m[K In function ‘[01m[Kint decodeCsiRaw14(unsigned char*, short unsigned int*, int, int)[m[K’:
[8.874s] [01m[K/home/mu/IVG/aubo_ros2_ws/src/camport_ros2/src/percipio_camera/include/common.hpp:54:32:[m[K [01;35m[Kwarning: [m[Kcomparison of integer expressions of different signedness: ‘[01m[Ksize_t[m[K’ {aka ‘[01m[Klong unsigned int[m[K’} and ‘[01m[Kint[m[K’ [[01;35m[K-Wsign-compare[m[K]
[8.874s]    54 |     for(size_t i = 0, j = 0; [01;35m[Ki < raw14_line_size * height[m[K; i+=7, j+=4)
[8.874s]       |                              [01;35m[K~~^~~~~~~~~~~~~~~~~~~~~~~~~~[m[K
[8.874s] [01m[K/home/mu/IVG/aubo_ros2_ws/src/camport_ros2/src/percipio_camera/include/common.hpp:[m[K In function ‘[01m[Kint decodePacketRaw10(unsigned char*, unsigned char*, int, int)[m[K’:
[8.875s] [01m[K/home/mu/IVG/aubo_ros2_ws/src/camport_ros2/src/percipio_camera/include/common.hpp:75:25:[m[K [01;35m[Kwarning: [m[Kcomparison of integer expressions of different signedness: ‘[01m[Ksize_t[m[K’ {aka ‘[01m[Klong unsigned int[m[K’} and ‘[01m[Kint[m[K’ [[01;35m[K-Wsign-compare[m[K]
[8.875s]    75 |     for(size_t i = 0; [01;35m[Ki < raw10_line_size * height[m[K; i+=5)
[8.875s]       |                       [01;35m[K~~^~~~~~~~~~~~~~~~~~~~~~~~~~[m[K
[8.875s] [01m[K/home/mu/IVG/aubo_ros2_ws/src/camport_ros2/src/percipio_camera/include/common.hpp:[m[K In function ‘[01m[Kint decodePacketRaw12(unsigned char*, unsigned char*, int, int)[m[K’:
[8.875s] [01m[K/home/mu/IVG/aubo_ros2_ws/src/camport_ros2/src/percipio_camera/include/common.hpp:89:52:[m[K [01;35m[Kwarning: [m[Kunused parameter ‘[01m[Ksrc[m[K’ [[01;35m[K-Wunused-parameter[m[K]
[8.875s]    89 | static inline int decodePacketRaw12([01;35m[Kunsigned char* src[m[K, unsigned char* dst, int width, int height)
[8.875s]       |                                     [01;35m[K~~~~~~~~~~~~~~~^~~[m[K
[8.875s] [01m[K/home/mu/IVG/aubo_ros2_ws/src/camport_ros2/src/percipio_camera/include/common.hpp:89:72:[m[K [01;35m[Kwarning: [m[Kunused parameter ‘[01m[Kdst[m[K’ [[01;35m[K-Wunused-parameter[m[K]
[8.875s]    89 | ine int decodePacketRaw12(unsigned char* src, [01;35m[Kunsigned char* dst[m[K, int width, int height)
[8.875s]       |                                               [01;35m[K~~~~~~~~~~~~~~~^~~[m[K
[8.875s] 
[8.875s] [01m[K/home/mu/IVG/aubo_ros2_ws/src/camport_ros2/src/percipio_camera/include/common.hpp:89:81:[m[K [01;35m[Kwarning: [m[Kunused parameter ‘[01m[Kwidth[m[K’ [[01;35m[K-Wunused-parameter[m[K]
[8.875s]    89 | ecodePacketRaw12(unsigned char* src, unsigned char* dst, [01;35m[Kint width[m[K, int height)
[8.875s]       |                                                          [01;35m[K~~~~^~~~~[m[K
[8.875s] 
[8.875s] [01m[K/home/mu/IVG/aubo_ros2_ws/src/camport_ros2/src/percipio_camera/include/common.hpp:89:92:[m[K [01;35m[Kwarning: [m[Kunused parameter ‘[01m[Kheight[m[K’ [[01;35m[K-Wunused-parameter[m[K]
[8.875s]    89 | Raw12(unsigned char* src, unsigned char* dst, int width, [01;35m[Kint height[m[K)
[8.875s]       |                                                          [01;35m[K~~~~^~~~~~[m[K
[8.875s] 
[9.694s] [01m[K/home/mu/IVG/aubo_ros2_ws/src/camport_ros2/src/percipio_camera/include/common.hpp:[m[K At global scope:
[9.694s] [01m[K/home/mu/IVG/aubo_ros2_ws/src/camport_ros2/src/percipio_camera/include/common.hpp:646:29:[m[K [01;35m[Kwarning: [m[K‘[01m[Kstd::vector<unsigned char> TYReadBinaryFile(const char*)[m[K’ defined but not used [[01;35m[K-Wunused-function[m[K]
[9.694s]   646 | static std::vector<uint8_t> [01;35m[KTYReadBinaryFile[m[K(const char* filename)
[9.694s]       |                             [01;35m[K^~~~~~~~~~~~~~~~[m[K
[9.695s] [01m[K/home/mu/IVG/aubo_ros2_ws/src/camport_ros2/src/percipio_camera/include/common.hpp:625:12:[m[K [01;35m[Kwarning: [m[K‘[01m[Kint get_fps()[m[K’ defined but not used [[01;35m[K-Wunused-function[m[K]
[9.695s]   625 | static int [01;35m[Kget_fps[m[K() {
[9.695s]       |            [01;35m[K^~~~~~~[m[K
[9.695s] [01m[K/home/mu/IVG/aubo_ros2_ws/src/camport_ros2/src/percipio_camera/include/common.hpp:533:13:[m[K [01;35m[Kwarning: [m[K‘[01m[Kvoid writePointCloud(const Point3f*, const Vec3b*, size_t, const char*, int)[m[K’ defined but not used [[01;35m[K-Wunused-function[m[K]
[9.695s]   533 | static void [01;35m[KwritePointCloud[m[K(const cv::Point3f* pnts, const cv::Vec3b *color, size_t n, const char* file, int format)
[9.695s]       |             [01;35m[K^~~~~~~~~~~~~~~[m[K
[10.010s] [100%] [32m[1mLinking CXX executable list_devices[0m
[10.286s] [100%] Built target list_devices
[10.293s] Invoked command in '/home/mu/IVG/aubo_ros2_ws/build/percipio_camera' returned '0': CMAKE_PREFIX_PATH=/opt/ros/foxy /usr/bin/cmake --build /home/mu/IVG/aubo_ros2_ws/build/percipio_camera -- -j32 -l32
[10.294s] Invoking command in '/home/mu/IVG/aubo_ros2_ws/build/percipio_camera': CMAKE_PREFIX_PATH=/opt/ros/foxy /usr/bin/cmake --install /home/mu/IVG/aubo_ros2_ws/build/percipio_camera
[10.297s] -- Install configuration: "Release"
[10.297s] -- Installing: /home/mu/IVG/aubo_ros2_ws/install/percipio_camera/lib/percipio_camera/percipio_camera_node
[10.297s] -- Set runtime path of "/home/mu/IVG/aubo_ros2_ws/install/percipio_camera/lib/percipio_camera/percipio_camera_node" to ""
[10.297s] -- Installing: /home/mu/IVG/aubo_ros2_ws/install/percipio_camera/share/percipio_camera/environment/library_path.sh
[10.297s] -- Installing: /home/mu/IVG/aubo_ros2_ws/install/percipio_camera/share/percipio_camera/environment/library_path.dsv
[10.297s] -- Installing: /home/mu/IVG/aubo_ros2_ws/install/percipio_camera/lib/libpercipio_camera.so
[10.298s] -- Set runtime path of "/home/mu/IVG/aubo_ros2_ws/install/percipio_camera/lib/libpercipio_camera.so" to ""
[10.298s] -- Installing: /home/mu/IVG/aubo_ros2_ws/install/percipio_camera/lib/libtycam.so
[10.298s] -- Installing: /home/mu/IVG/aubo_ros2_ws/install/percipio_camera/lib/libtycam.so.4.0.21
[10.300s] -- Installing: /home/mu/IVG/aubo_ros2_ws/install/percipio_camera/include
[10.300s] -- Installing: /home/mu/IVG/aubo_ros2_ws/install/percipio_camera/include/crc32.hpp
[10.300s] -- Installing: /home/mu/IVG/aubo_ros2_ws/install/percipio_camera/include/DepthStreamProc.h
[10.300s] -- Installing: /home/mu/IVG/aubo_ros2_ws/install/percipio_camera/include/DepthRender.hpp
[10.301s] -- Installing: /home/mu/IVG/aubo_ros2_ws/install/percipio_camera/include/percipio_camera_node_driver.h
[10.301s] -- Installing: /home/mu/IVG/aubo_ros2_ws/install/percipio_camera/include/ImageSpeckleFilter.hpp
[10.301s] -- Installing: /home/mu/IVG/aubo_ros2_ws/install/percipio_camera/include/common.hpp
[10.301s] -- Installing: /home/mu/IVG/aubo_ros2_ws/install/percipio_camera/include/MatViewer.hpp
[10.301s] -- Installing: /home/mu/IVG/aubo_ros2_ws/install/percipio_camera/include/percipio_device.h
[10.301s] -- Installing: /home/mu/IVG/aubo_ros2_ws/install/percipio_camera/include/DepthInpainter.hpp
[10.301s] -- Installing: /home/mu/IVG/aubo_ros2_ws/install/percipio_camera/include/CommandLineFeatureHelper.hpp
[10.301s] -- Installing: /home/mu/IVG/aubo_ros2_ws/install/percipio_camera/include/json11.hpp
[10.301s] -- Installing: /home/mu/IVG/aubo_ros2_ws/install/percipio_camera/include/Utils.hpp
[10.301s] -- Installing: /home/mu/IVG/aubo_ros2_ws/install/percipio_camera/include/percipio_depth_algorithm.h
[10.301s] -- Installing: /home/mu/IVG/aubo_ros2_ws/install/percipio_camera/include/percipio_camera_node.h
[10.301s] -- Installing: /home/mu/IVG/aubo_ros2_ws/install/percipio_camera/include/huffman.h
[10.301s] -- Installing: /home/mu/IVG/aubo_ros2_ws/install/percipio_camera/include/percipio_video_mode.h
[10.301s] -- Installing: /home/mu/IVG/aubo_ros2_ws/install/percipio_camera/include/TYThread.hpp
[10.301s] -- Installing: /home/mu/IVG/aubo_ros2_ws/install/percipio_camera/include/CommandLineParser.hpp
[10.301s] -- Installing: /home/mu/IVG/aubo_ros2_ws/install/percipio_camera/include/ParametersParse.hpp
[10.301s] -- Installing: /home/mu/IVG/aubo_ros2_ws/install/percipio_camera/share/percipio_camera//launch
[10.301s] -- Installing: /home/mu/IVG/aubo_ros2_ws/install/percipio_camera/share/percipio_camera//launch/percipio_camera.launch.py
[10.301s] -- Installing: /home/mu/IVG/aubo_ros2_ws/install/percipio_camera/share/percipio_camera//launch/registered_cloud.py
[10.301s] -- Installing: /home/mu/IVG/aubo_ros2_ws/install/percipio_camera/share/percipio_camera//launch/multi_cam.launch.py
[10.301s] -- Installing: /home/mu/IVG/aubo_ros2_ws/install/percipio_camera/share/percipio_camera//launch/color.py
[10.301s] -- Installing: /home/mu/IVG/aubo_ros2_ws/install/percipio_camera/share/percipio_camera//launch/offline_detect.py
[10.301s] -- Installing: /home/mu/IVG/aubo_ros2_ws/install/percipio_camera/share/percipio_camera//launch/cloud.py
[10.301s] -- Installing: /home/mu/IVG/aubo_ros2_ws/install/percipio_camera/share/percipio_camera//launch/depth.py
[10.301s] -- Installing: /home/mu/IVG/aubo_ros2_ws/install/percipio_camera/share/percipio_camera//launch/send_trigger.py
[10.301s] -- Installing: /home/mu/IVG/aubo_ros2_ws/install/percipio_camera/share/percipio_camera//launch/cam_base_cfg.launch.py
[10.301s] -- Up-to-date: /home/mu/IVG/aubo_ros2_ws/install/percipio_camera/lib/libpercipio_camera.so
[10.302s] -- Installing: /home/mu/IVG/aubo_ros2_ws/install/percipio_camera/lib/percipio_camera/list_devices
[10.302s] -- Set runtime path of "/home/mu/IVG/aubo_ros2_ws/install/percipio_camera/lib/percipio_camera/list_devices" to ""
[10.302s] -- Installing: /home/mu/IVG/aubo_ros2_ws/install/percipio_camera/share/ament_index/resource_index/package_run_dependencies/percipio_camera
[10.302s] -- Installing: /home/mu/IVG/aubo_ros2_ws/install/percipio_camera/share/ament_index/resource_index/parent_prefix_path/percipio_camera
[10.302s] -- Installing: /home/mu/IVG/aubo_ros2_ws/install/percipio_camera/share/percipio_camera/environment/ament_prefix_path.sh
[10.302s] -- Installing: /home/mu/IVG/aubo_ros2_ws/install/percipio_camera/share/percipio_camera/environment/ament_prefix_path.dsv
[10.302s] -- Installing: /home/mu/IVG/aubo_ros2_ws/install/percipio_camera/share/percipio_camera/environment/path.sh
[10.302s] -- Installing: /home/mu/IVG/aubo_ros2_ws/install/percipio_camera/share/percipio_camera/environment/path.dsv
[10.302s] -- Installing: /home/mu/IVG/aubo_ros2_ws/install/percipio_camera/share/percipio_camera/local_setup.bash
[10.302s] -- Installing: /home/mu/IVG/aubo_ros2_ws/install/percipio_camera/share/percipio_camera/local_setup.sh
[10.302s] -- Installing: /home/mu/IVG/aubo_ros2_ws/install/percipio_camera/share/percipio_camera/local_setup.zsh
[10.302s] -- Installing: /home/mu/IVG/aubo_ros2_ws/install/percipio_camera/share/percipio_camera/local_setup.dsv
[10.302s] -- Installing: /home/mu/IVG/aubo_ros2_ws/install/percipio_camera/share/percipio_camera/package.dsv
[10.302s] -- Installing: /home/mu/IVG/aubo_ros2_ws/install/percipio_camera/share/ament_index/resource_index/packages/percipio_camera
[10.302s] -- Installing: /home/mu/IVG/aubo_ros2_ws/install/percipio_camera/share/ament_index/resource_index/rclcpp_components/percipio_camera
[10.302s] -- Installing: /home/mu/IVG/aubo_ros2_ws/install/percipio_camera/share/percipio_camera/cmake/ament_cmake_export_libraries-extras.cmake
[10.302s] -- Installing: /home/mu/IVG/aubo_ros2_ws/install/percipio_camera/share/percipio_camera/cmake/percipio_cameraConfig.cmake
[10.302s] -- Installing: /home/mu/IVG/aubo_ros2_ws/install/percipio_camera/share/percipio_camera/cmake/percipio_cameraConfig-version.cmake
[10.302s] -- Installing: /home/mu/IVG/aubo_ros2_ws/install/percipio_camera/share/percipio_camera/package.xml
[10.303s] Invoked command in '/home/mu/IVG/aubo_ros2_ws/build/percipio_camera' returned '0': CMAKE_PREFIX_PATH=/opt/ros/foxy /usr/bin/cmake --install /home/mu/IVG/aubo_ros2_ws/build/percipio_camera
