[0.025s] Invoking command in '/home/mu/IVG/ws_moveit/build/moveit_servo': CMAKE_PREFIX_PATH=/home/mu/IVG/ws_moveit/install/moveit_ros_planning_interface:/home/mu/IVG/ws_moveit/install/moveit_ros_move_group:/home/mu/IVG/ws_moveit/install/moveit_ros_warehouse:/home/mu/IVG/ws_moveit/install/moveit_planners_ompl:/home/mu/IVG/ws_moveit/install/moveit_kinematics:/home/mu/IVG/ws_moveit/install/moveit_ros_planning:/home/mu/IVG/ws_moveit/install/moveit_simple_controller_manager:/home/mu/IVG/ws_moveit/install/moveit_ros_occupancy_map_monitor:/home/mu/IVG/ws_moveit/install/moveit_core:/home/mu/IVG/ws_moveit/install/moveit_common:/home/mu/IVG/ws_moveit/install/moveit2_tutorials:/home/mu/IVG/ws_moveit/install/moveit_visual_tools:/home/mu/IVG/ws_moveit/install/rviz_visual_tools:/home/mu/IVG/ws_moveit/install/run_ompl_constrained_planning:/home/mu/IVG/ws_moveit/install/run_moveit_cpp:/home/mu/IVG/ws_moveit/install/run_move_group:/home/mu/IVG/ws_moveit/install/moveit_runtime:/home/mu/IVG/ws_moveit/install/moveit:/home/mu/IVG/ws_moveit/install/moveit_plugins:/home/mu/IVG/ws_moveit/install/moveit_servo:/home/mu/IVG/ws_moveit/install/moveit_ros:/home/mu/IVG/ws_moveit/install/moveit_ros_visualization:/home/mu/IVG/ws_moveit/install/moveit_ros_benchmarks:/home/mu/IVG/ws_moveit/install/moveit_ros_robot_interaction:/home/mu/IVG/ws_moveit/install/moveit_ros_perception:/home/mu/IVG/ws_moveit/install/moveit_planners:/home/mu/IVG/ws_moveit/install/moveit_planners_chomp:/home/mu/IVG/ws_moveit/install/moveit_chomp_optimizer_adapter:/home/mu/IVG/ws_moveit/install/chomp_motion_planner:/opt/ros/foxy LD_LIBRARY_PATH=/home/mu/IVG/ws_moveit/install/moveit_ros_planning_interface/lib:/home/mu/IVG/ws_moveit/install/moveit_ros_move_group/lib:/home/mu/IVG/ws_moveit/install/moveit_ros_warehouse/lib:/home/mu/IVG/ws_moveit/install/moveit_planners_ompl/lib:/home/mu/IVG/ws_moveit/install/moveit_kinematics/lib:/home/mu/IVG/ws_moveit/install/moveit_ros_planning/lib:/home/mu/IVG/ws_moveit/install/moveit_simple_controller_manager/lib:/home/mu/IVG/ws_moveit/install/moveit_ros_occupancy_map_monitor/lib:/home/mu/IVG/ws_moveit/install/moveit_core/lib:/home/mu/IVG/ws_moveit/install/moveit_visual_tools/lib:/home/mu/IVG/ws_moveit/install/rviz_visual_tools/lib:/home/mu/IVG/ws_moveit/install/moveit_servo/lib:/home/mu/IVG/ws_moveit/install/moveit_ros_visualization/lib:/home/mu/IVG/ws_moveit/install/moveit_ros_benchmarks/lib:/home/mu/IVG/ws_moveit/install/moveit_ros_robot_interaction/lib:/home/mu/IVG/ws_moveit/install/moveit_ros_perception/lib:/home/mu/IVG/ws_moveit/install/moveit_planners_chomp/lib:/home/mu/IVG/ws_moveit/install/moveit_chomp_optimizer_adapter/lib:/home/mu/IVG/ws_moveit/install/chomp_motion_planner/lib:/opt/ros/foxy/opt/yaml_cpp_vendor/lib:/opt/ros/foxy/opt/rviz_ogre_vendor/lib:/opt/ros/foxy/lib/x86_64-linux-gnu:/opt/ros/foxy/lib /usr/bin/cmake --build /home/mu/IVG/ws_moveit/build/moveit_servo -- -j32 -l32
[0.056s] [  7%] Built target gtest_main
[0.060s] [ 15%] Built target fake_command_publisher
[0.060s] [ 23%] Built target gtest
[0.061s] [ 30%] Built target moveit_servo_lib_parameters
[0.062s] [ 38%] Built target servo_controller_input
[0.097s] [ 61%] Built target moveit_servo_lib
[0.107s] [ 69%] Built target test_low_pass_filter
[0.115s] [ 76%] Built target enforce_limits_tests
[0.117s] [ 84%] Built target pose_tracking
[0.117s] [ 92%] Built target servo_server
[0.143s] [100%] Built target servo_pose_tracking_demo
[0.149s] Invoked command in '/home/mu/IVG/ws_moveit/build/moveit_servo' returned '0': CMAKE_PREFIX_PATH=/home/mu/IVG/ws_moveit/install/moveit_ros_planning_interface:/home/mu/IVG/ws_moveit/install/moveit_ros_move_group:/home/mu/IVG/ws_moveit/install/moveit_ros_warehouse:/home/mu/IVG/ws_moveit/install/moveit_planners_ompl:/home/mu/IVG/ws_moveit/install/moveit_kinematics:/home/mu/IVG/ws_moveit/install/moveit_ros_planning:/home/mu/IVG/ws_moveit/install/moveit_simple_controller_manager:/home/mu/IVG/ws_moveit/install/moveit_ros_occupancy_map_monitor:/home/mu/IVG/ws_moveit/install/moveit_core:/home/mu/IVG/ws_moveit/install/moveit_common:/home/mu/IVG/ws_moveit/install/moveit2_tutorials:/home/mu/IVG/ws_moveit/install/moveit_visual_tools:/home/mu/IVG/ws_moveit/install/rviz_visual_tools:/home/mu/IVG/ws_moveit/install/run_ompl_constrained_planning:/home/mu/IVG/ws_moveit/install/run_moveit_cpp:/home/mu/IVG/ws_moveit/install/run_move_group:/home/mu/IVG/ws_moveit/install/moveit_runtime:/home/mu/IVG/ws_moveit/install/moveit:/home/mu/IVG/ws_moveit/install/moveit_plugins:/home/mu/IVG/ws_moveit/install/moveit_servo:/home/mu/IVG/ws_moveit/install/moveit_ros:/home/mu/IVG/ws_moveit/install/moveit_ros_visualization:/home/mu/IVG/ws_moveit/install/moveit_ros_benchmarks:/home/mu/IVG/ws_moveit/install/moveit_ros_robot_interaction:/home/mu/IVG/ws_moveit/install/moveit_ros_perception:/home/mu/IVG/ws_moveit/install/moveit_planners:/home/mu/IVG/ws_moveit/install/moveit_planners_chomp:/home/mu/IVG/ws_moveit/install/moveit_chomp_optimizer_adapter:/home/mu/IVG/ws_moveit/install/chomp_motion_planner:/opt/ros/foxy LD_LIBRARY_PATH=/home/mu/IVG/ws_moveit/install/moveit_ros_planning_interface/lib:/home/mu/IVG/ws_moveit/install/moveit_ros_move_group/lib:/home/mu/IVG/ws_moveit/install/moveit_ros_warehouse/lib:/home/mu/IVG/ws_moveit/install/moveit_planners_ompl/lib:/home/mu/IVG/ws_moveit/install/moveit_kinematics/lib:/home/mu/IVG/ws_moveit/install/moveit_ros_planning/lib:/home/mu/IVG/ws_moveit/install/moveit_simple_controller_manager/lib:/home/mu/IVG/ws_moveit/install/moveit_ros_occupancy_map_monitor/lib:/home/mu/IVG/ws_moveit/install/moveit_core/lib:/home/mu/IVG/ws_moveit/install/moveit_visual_tools/lib:/home/mu/IVG/ws_moveit/install/rviz_visual_tools/lib:/home/mu/IVG/ws_moveit/install/moveit_servo/lib:/home/mu/IVG/ws_moveit/install/moveit_ros_visualization/lib:/home/mu/IVG/ws_moveit/install/moveit_ros_benchmarks/lib:/home/mu/IVG/ws_moveit/install/moveit_ros_robot_interaction/lib:/home/mu/IVG/ws_moveit/install/moveit_ros_perception/lib:/home/mu/IVG/ws_moveit/install/moveit_planners_chomp/lib:/home/mu/IVG/ws_moveit/install/moveit_chomp_optimizer_adapter/lib:/home/mu/IVG/ws_moveit/install/chomp_motion_planner/lib:/opt/ros/foxy/opt/yaml_cpp_vendor/lib:/opt/ros/foxy/opt/rviz_ogre_vendor/lib:/opt/ros/foxy/lib/x86_64-linux-gnu:/opt/ros/foxy/lib /usr/bin/cmake --build /home/mu/IVG/ws_moveit/build/moveit_servo -- -j32 -l32
[0.150s] Invoking command in '/home/mu/IVG/ws_moveit/build/moveit_servo': CMAKE_PREFIX_PATH=/home/mu/IVG/ws_moveit/install/moveit_ros_planning_interface:/home/mu/IVG/ws_moveit/install/moveit_ros_move_group:/home/mu/IVG/ws_moveit/install/moveit_ros_warehouse:/home/mu/IVG/ws_moveit/install/moveit_planners_ompl:/home/mu/IVG/ws_moveit/install/moveit_kinematics:/home/mu/IVG/ws_moveit/install/moveit_ros_planning:/home/mu/IVG/ws_moveit/install/moveit_simple_controller_manager:/home/mu/IVG/ws_moveit/install/moveit_ros_occupancy_map_monitor:/home/mu/IVG/ws_moveit/install/moveit_core:/home/mu/IVG/ws_moveit/install/moveit_common:/home/mu/IVG/ws_moveit/install/moveit2_tutorials:/home/mu/IVG/ws_moveit/install/moveit_visual_tools:/home/mu/IVG/ws_moveit/install/rviz_visual_tools:/home/mu/IVG/ws_moveit/install/run_ompl_constrained_planning:/home/mu/IVG/ws_moveit/install/run_moveit_cpp:/home/mu/IVG/ws_moveit/install/run_move_group:/home/mu/IVG/ws_moveit/install/moveit_runtime:/home/mu/IVG/ws_moveit/install/moveit:/home/mu/IVG/ws_moveit/install/moveit_plugins:/home/mu/IVG/ws_moveit/install/moveit_servo:/home/mu/IVG/ws_moveit/install/moveit_ros:/home/mu/IVG/ws_moveit/install/moveit_ros_visualization:/home/mu/IVG/ws_moveit/install/moveit_ros_benchmarks:/home/mu/IVG/ws_moveit/install/moveit_ros_robot_interaction:/home/mu/IVG/ws_moveit/install/moveit_ros_perception:/home/mu/IVG/ws_moveit/install/moveit_planners:/home/mu/IVG/ws_moveit/install/moveit_planners_chomp:/home/mu/IVG/ws_moveit/install/moveit_chomp_optimizer_adapter:/home/mu/IVG/ws_moveit/install/chomp_motion_planner:/opt/ros/foxy LD_LIBRARY_PATH=/home/mu/IVG/ws_moveit/install/moveit_ros_planning_interface/lib:/home/mu/IVG/ws_moveit/install/moveit_ros_move_group/lib:/home/mu/IVG/ws_moveit/install/moveit_ros_warehouse/lib:/home/mu/IVG/ws_moveit/install/moveit_planners_ompl/lib:/home/mu/IVG/ws_moveit/install/moveit_kinematics/lib:/home/mu/IVG/ws_moveit/install/moveit_ros_planning/lib:/home/mu/IVG/ws_moveit/install/moveit_simple_controller_manager/lib:/home/mu/IVG/ws_moveit/install/moveit_ros_occupancy_map_monitor/lib:/home/mu/IVG/ws_moveit/install/moveit_core/lib:/home/mu/IVG/ws_moveit/install/moveit_visual_tools/lib:/home/mu/IVG/ws_moveit/install/rviz_visual_tools/lib:/home/mu/IVG/ws_moveit/install/moveit_servo/lib:/home/mu/IVG/ws_moveit/install/moveit_ros_visualization/lib:/home/mu/IVG/ws_moveit/install/moveit_ros_benchmarks/lib:/home/mu/IVG/ws_moveit/install/moveit_ros_robot_interaction/lib:/home/mu/IVG/ws_moveit/install/moveit_ros_perception/lib:/home/mu/IVG/ws_moveit/install/moveit_planners_chomp/lib:/home/mu/IVG/ws_moveit/install/moveit_chomp_optimizer_adapter/lib:/home/mu/IVG/ws_moveit/install/chomp_motion_planner/lib:/opt/ros/foxy/opt/yaml_cpp_vendor/lib:/opt/ros/foxy/opt/rviz_ogre_vendor/lib:/opt/ros/foxy/lib/x86_64-linux-gnu:/opt/ros/foxy/lib /usr/bin/cmake --install /home/mu/IVG/ws_moveit/build/moveit_servo
[0.155s] -- Install configuration: "Release"
[0.155s] -- Up-to-date: /home/mu/IVG/ws_moveit/install/moveit_servo/lib/libmoveit_servo_lib.so.2.2.3
[0.155s] -- Up-to-date: /home/mu/IVG/ws_moveit/install/moveit_servo/lib/libmoveit_servo_lib.so
[0.155s] -- Up-to-date: /home/mu/IVG/ws_moveit/install/moveit_servo/lib/libmoveit_servo_lib_parameters.so.2.2.3
[0.155s] -- Up-to-date: /home/mu/IVG/ws_moveit/install/moveit_servo/lib/libmoveit_servo_lib_parameters.so
[0.155s] -- Up-to-date: /home/mu/IVG/ws_moveit/install/moveit_servo/lib/libpose_tracking.so
[0.155s] -- Up-to-date: /home/mu/IVG/ws_moveit/install/moveit_servo/lib/libservo_server.so
[0.155s] -- Up-to-date: /home/mu/IVG/ws_moveit/install/moveit_servo/lib/libservo_controller_input.so
[0.156s] -- Up-to-date: /home/mu/IVG/ws_moveit/install/moveit_servo/lib/moveit_servo/servo_pose_tracking_demo
[0.156s] -- Up-to-date: /home/mu/IVG/ws_moveit/install/moveit_servo/lib/moveit_servo/fake_command_publisher
[0.156s] -- Up-to-date: /home/mu/IVG/ws_moveit/install/moveit_servo/include
[0.156s] -- Up-to-date: /home/mu/IVG/ws_moveit/install/moveit_servo/include/moveit_servo
[0.156s] -- Up-to-date: /home/mu/IVG/ws_moveit/install/moveit_servo/include/moveit_servo/servo_parameters.h
[0.156s] -- Up-to-date: /home/mu/IVG/ws_moveit/install/moveit_servo/include/moveit_servo/enforce_limits.hpp
[0.156s] -- Up-to-date: /home/mu/IVG/ws_moveit/install/moveit_servo/include/moveit_servo/low_pass_filter.h
[0.156s] -- Up-to-date: /home/mu/IVG/ws_moveit/install/moveit_servo/include/moveit_servo/status_codes.h
[0.156s] -- Up-to-date: /home/mu/IVG/ws_moveit/install/moveit_servo/include/moveit_servo/servo_server.h
[0.156s] -- Up-to-date: /home/mu/IVG/ws_moveit/install/moveit_servo/include/moveit_servo/make_shared_from_pool.h
[0.156s] -- Up-to-date: /home/mu/IVG/ws_moveit/install/moveit_servo/include/moveit_servo/pose_tracking.h
[0.156s] -- Up-to-date: /home/mu/IVG/ws_moveit/install/moveit_servo/include/moveit_servo/servo_calcs.h
[0.156s] -- Up-to-date: /home/mu/IVG/ws_moveit/install/moveit_servo/include/moveit_servo/servo.h
[0.156s] -- Up-to-date: /home/mu/IVG/ws_moveit/install/moveit_servo/include/moveit_servo/collision_check.h
[0.156s] -- Up-to-date: /home/mu/IVG/ws_moveit/install/moveit_servo/share/moveit_servo/launch
[0.156s] -- Up-to-date: /home/mu/IVG/ws_moveit/install/moveit_servo/share/moveit_servo/launch/pose_tracking_example.launch.py
[0.156s] -- Up-to-date: /home/mu/IVG/ws_moveit/install/moveit_servo/share/moveit_servo/config
[0.157s] -- Up-to-date: /home/mu/IVG/ws_moveit/install/moveit_servo/share/moveit_servo/config/pose_tracking_settings.yaml
[0.157s] -- Up-to-date: /home/mu/IVG/ws_moveit/install/moveit_servo/share/moveit_servo/config/panda_simulated_config.yaml
[0.157s] -- Up-to-date: /home/mu/IVG/ws_moveit/install/moveit_servo/share/moveit_servo/config/demo_rviz_pose_tracking.rviz
[0.157s] -- Up-to-date: /home/mu/IVG/ws_moveit/install/moveit_servo/share/moveit_servo/config/panda_simulated_config_pose_tracking.yaml
[0.157s] -- Up-to-date: /home/mu/IVG/ws_moveit/install/moveit_servo/share/moveit_servo/environment/library_path.sh
[0.158s] -- Up-to-date: /home/mu/IVG/ws_moveit/install/moveit_servo/share/moveit_servo/environment/library_path.dsv
[0.158s] -- Up-to-date: /home/mu/IVG/ws_moveit/install/moveit_servo/share/ament_index/resource_index/package_run_dependencies/moveit_servo
[0.158s] -- Up-to-date: /home/mu/IVG/ws_moveit/install/moveit_servo/share/ament_index/resource_index/parent_prefix_path/moveit_servo
[0.158s] -- Up-to-date: /home/mu/IVG/ws_moveit/install/moveit_servo/share/moveit_servo/environment/ament_prefix_path.sh
[0.158s] -- Up-to-date: /home/mu/IVG/ws_moveit/install/moveit_servo/share/moveit_servo/environment/ament_prefix_path.dsv
[0.158s] -- Up-to-date: /home/mu/IVG/ws_moveit/install/moveit_servo/share/moveit_servo/environment/path.sh
[0.158s] -- Up-to-date: /home/mu/IVG/ws_moveit/install/moveit_servo/share/moveit_servo/environment/path.dsv
[0.158s] -- Up-to-date: /home/mu/IVG/ws_moveit/install/moveit_servo/share/moveit_servo/local_setup.bash
[0.158s] -- Up-to-date: /home/mu/IVG/ws_moveit/install/moveit_servo/share/moveit_servo/local_setup.sh
[0.158s] -- Up-to-date: /home/mu/IVG/ws_moveit/install/moveit_servo/share/moveit_servo/local_setup.zsh
[0.158s] -- Up-to-date: /home/mu/IVG/ws_moveit/install/moveit_servo/share/moveit_servo/local_setup.dsv
[0.158s] -- Installing: /home/mu/IVG/ws_moveit/install/moveit_servo/share/moveit_servo/package.dsv
[0.158s] -- Up-to-date: /home/mu/IVG/ws_moveit/install/moveit_servo/share/ament_index/resource_index/packages/moveit_servo
[0.158s] -- Up-to-date: /home/mu/IVG/ws_moveit/install/moveit_servo/share/ament_index/resource_index/rclcpp_components/moveit_servo
[0.158s] -- Up-to-date: /home/mu/IVG/ws_moveit/install/moveit_servo/share/moveit_servo/cmake/export_moveit_servoExport.cmake
[0.158s] -- Up-to-date: /home/mu/IVG/ws_moveit/install/moveit_servo/share/moveit_servo/cmake/export_moveit_servoExport-release.cmake
[0.158s] -- Up-to-date: /home/mu/IVG/ws_moveit/install/moveit_servo/share/moveit_servo/cmake/ament_cmake_export_targets-extras.cmake
[0.158s] -- Up-to-date: /home/mu/IVG/ws_moveit/install/moveit_servo/share/moveit_servo/cmake/ament_cmake_export_dependencies-extras.cmake
[0.158s] -- Up-to-date: /home/mu/IVG/ws_moveit/install/moveit_servo/share/moveit_servo/cmake/moveit_servoConfig.cmake
[0.158s] -- Up-to-date: /home/mu/IVG/ws_moveit/install/moveit_servo/share/moveit_servo/cmake/moveit_servoConfig-version.cmake
[0.158s] -- Up-to-date: /home/mu/IVG/ws_moveit/install/moveit_servo/share/moveit_servo/package.xml
[0.159s] Invoked command in '/home/mu/IVG/ws_moveit/build/moveit_servo' returned '0': CMAKE_PREFIX_PATH=/home/mu/IVG/ws_moveit/install/moveit_ros_planning_interface:/home/mu/IVG/ws_moveit/install/moveit_ros_move_group:/home/mu/IVG/ws_moveit/install/moveit_ros_warehouse:/home/mu/IVG/ws_moveit/install/moveit_planners_ompl:/home/mu/IVG/ws_moveit/install/moveit_kinematics:/home/mu/IVG/ws_moveit/install/moveit_ros_planning:/home/mu/IVG/ws_moveit/install/moveit_simple_controller_manager:/home/mu/IVG/ws_moveit/install/moveit_ros_occupancy_map_monitor:/home/mu/IVG/ws_moveit/install/moveit_core:/home/mu/IVG/ws_moveit/install/moveit_common:/home/mu/IVG/ws_moveit/install/moveit2_tutorials:/home/mu/IVG/ws_moveit/install/moveit_visual_tools:/home/mu/IVG/ws_moveit/install/rviz_visual_tools:/home/mu/IVG/ws_moveit/install/run_ompl_constrained_planning:/home/mu/IVG/ws_moveit/install/run_moveit_cpp:/home/mu/IVG/ws_moveit/install/run_move_group:/home/mu/IVG/ws_moveit/install/moveit_runtime:/home/mu/IVG/ws_moveit/install/moveit:/home/mu/IVG/ws_moveit/install/moveit_plugins:/home/mu/IVG/ws_moveit/install/moveit_servo:/home/mu/IVG/ws_moveit/install/moveit_ros:/home/mu/IVG/ws_moveit/install/moveit_ros_visualization:/home/mu/IVG/ws_moveit/install/moveit_ros_benchmarks:/home/mu/IVG/ws_moveit/install/moveit_ros_robot_interaction:/home/mu/IVG/ws_moveit/install/moveit_ros_perception:/home/mu/IVG/ws_moveit/install/moveit_planners:/home/mu/IVG/ws_moveit/install/moveit_planners_chomp:/home/mu/IVG/ws_moveit/install/moveit_chomp_optimizer_adapter:/home/mu/IVG/ws_moveit/install/chomp_motion_planner:/opt/ros/foxy LD_LIBRARY_PATH=/home/mu/IVG/ws_moveit/install/moveit_ros_planning_interface/lib:/home/mu/IVG/ws_moveit/install/moveit_ros_move_group/lib:/home/mu/IVG/ws_moveit/install/moveit_ros_warehouse/lib:/home/mu/IVG/ws_moveit/install/moveit_planners_ompl/lib:/home/mu/IVG/ws_moveit/install/moveit_kinematics/lib:/home/mu/IVG/ws_moveit/install/moveit_ros_planning/lib:/home/mu/IVG/ws_moveit/install/moveit_simple_controller_manager/lib:/home/mu/IVG/ws_moveit/install/moveit_ros_occupancy_map_monitor/lib:/home/mu/IVG/ws_moveit/install/moveit_core/lib:/home/mu/IVG/ws_moveit/install/moveit_visual_tools/lib:/home/mu/IVG/ws_moveit/install/rviz_visual_tools/lib:/home/mu/IVG/ws_moveit/install/moveit_servo/lib:/home/mu/IVG/ws_moveit/install/moveit_ros_visualization/lib:/home/mu/IVG/ws_moveit/install/moveit_ros_benchmarks/lib:/home/mu/IVG/ws_moveit/install/moveit_ros_robot_interaction/lib:/home/mu/IVG/ws_moveit/install/moveit_ros_perception/lib:/home/mu/IVG/ws_moveit/install/moveit_planners_chomp/lib:/home/mu/IVG/ws_moveit/install/moveit_chomp_optimizer_adapter/lib:/home/mu/IVG/ws_moveit/install/chomp_motion_planner/lib:/opt/ros/foxy/opt/yaml_cpp_vendor/lib:/opt/ros/foxy/opt/rviz_ogre_vendor/lib:/opt/ros/foxy/lib/x86_64-linux-gnu:/opt/ros/foxy/lib /usr/bin/cmake --install /home/mu/IVG/ws_moveit/build/moveit_servo
