[0.014s] Invoking command in '/home/mu/IVG/ws_moveit/build/chomp_motion_planner': AMENT_PREFIX_PATH=/home/mu/IVG/ws_moveit/install/moveit_core:/home/mu/IVG/ws_moveit/install/moveit_common:${AMENT_PREFIX_PATH} CMAKE_PREFIX_PATH=/home/mu/IVG/ws_moveit/install/moveit_core:/home/mu/IVG/ws_moveit/install/moveit_common:/home/mu/IVG/ws_moveit/install/moveit2_tutorials:/home/mu/IVG/ws_moveit/install/moveit_visual_tools:/home/mu/IVG/ws_moveit/install/rviz_visual_tools:/opt/ros/foxy LD_LIBRARY_PATH=/home/mu/IVG/ws_moveit/install/moveit_core/lib:${LD_LIBRARY_PATH} PATH=/home/mu/IVG/ws_moveit/install/moveit_core/bin:${PATH} /usr/bin/cmake /home/mu/IVG/ws_moveit/src/moveit2/moveit_planners/chomp/chomp_motion_planner -DCMAKE_BUILD_TYPE=Release -DCMAKE_INSTALL_PREFIX=/home/mu/IVG/ws_moveit/install/chomp_motion_planner
[0.041s] -- The C compiler identification is GNU 9.4.0
[0.069s] -- The CXX compiler identification is GNU 9.4.0
[0.073s] -- Check for working C compiler: /usr/bin/cc
[0.106s] -- Check for working C compiler: /usr/bin/cc -- works
[0.106s] -- Detecting C compiler ABI info
[0.138s] -- Detecting C compiler ABI info - done
[0.143s] -- Detecting C compile features
[0.144s] -- Detecting C compile features - done
[0.144s] -- Check for working CXX compiler: /usr/bin/c++
[0.185s] -- Check for working CXX compiler: /usr/bin/c++ -- works
[0.185s] -- Detecting CXX compiler ABI info
[0.224s] -- Detecting CXX compiler ABI info - done
[0.230s] -- Detecting CXX compile features
[0.230s] -- Detecting CXX compile features - done
[0.231s] -- Found moveit_common: 2.2.3 (/home/mu/IVG/ws_moveit/install/moveit_common/share/moveit_common/cmake)
[0.232s] -- Found ament_cmake: 0.9.12 (/opt/ros/foxy/share/ament_cmake/cmake)
[0.245s] -- Found PythonInterp: /usr/bin/python3 (found suitable version "3.8.10", minimum required is "3") 
[0.245s] -- Using PYTHON_EXECUTABLE: /usr/bin/python3
[0.372s] -- Found moveit_core: 2.2.3 (/home/mu/IVG/ws_moveit/install/moveit_core/share/moveit_core/cmake)
[0.525s] -- Found Boost: /usr/lib/x86_64-linux-gnu/cmake/Boost-1.71.0/BoostConfig.cmake (found version "1.71.0") found components: chrono date_time filesystem iostreams program_options regex serialization system thread 
[0.537s] -- Found Boost: /usr/lib/x86_64-linux-gnu/cmake/Boost-1.71.0/BoostConfig.cmake (found version "1.71.0") found components: filesystem 
[0.566s] -- Using all available rosidl_typesupport_c: rosidl_typesupport_fastrtps_c;rosidl_typesupport_introspection_c
[0.570s] -- Found rosidl_adapter: 1.3.1 (/opt/ros/foxy/share/rosidl_adapter/cmake)
[0.610s] -- Found OpenSSL: /usr/lib/x86_64-linux-gnu/libcrypto.so (found version "1.1.1f")  
[0.626s] -- Found FastRTPS: /opt/ros/foxy/include  
[0.670s] -- Using all available rosidl_typesupport_cpp: rosidl_typesupport_fastrtps_cpp;rosidl_typesupport_introspection_cpp
[0.754s] -- Found rmw_implementation_cmake: 1.0.4 (/opt/ros/foxy/share/rmw_implementation_cmake/cmake)
[0.755s] -- Using RMW implementation 'rmw_fastrtps_cpp' as default
[0.756s] -- Found Threads: TRUE  
[0.872s] -- library: /usr/lib/x86_64-linux-gnu/libcurl.so
[0.975s] -- Found Eigen3: TRUE (found version "3.3.7") 
[2.019s] -- Found ament_lint_auto: 0.9.8 (/opt/ros/foxy/share/ament_lint_auto/cmake)
[2.024s] -- Added test 'xmllint' to check XML markup files
[2.027s] -- Configuring done
[2.048s] -- Generating done
[2.053s] -- Build files have been written to: /home/mu/IVG/ws_moveit/build/chomp_motion_planner
[2.059s] Invoked command in '/home/mu/IVG/ws_moveit/build/chomp_motion_planner' returned '0': AMENT_PREFIX_PATH=/home/mu/IVG/ws_moveit/install/moveit_core:/home/mu/IVG/ws_moveit/install/moveit_common:${AMENT_PREFIX_PATH} CMAKE_PREFIX_PATH=/home/mu/IVG/ws_moveit/install/moveit_core:/home/mu/IVG/ws_moveit/install/moveit_common:/home/mu/IVG/ws_moveit/install/moveit2_tutorials:/home/mu/IVG/ws_moveit/install/moveit_visual_tools:/home/mu/IVG/ws_moveit/install/rviz_visual_tools:/opt/ros/foxy LD_LIBRARY_PATH=/home/mu/IVG/ws_moveit/install/moveit_core/lib:${LD_LIBRARY_PATH} PATH=/home/mu/IVG/ws_moveit/install/moveit_core/bin:${PATH} /usr/bin/cmake /home/mu/IVG/ws_moveit/src/moveit2/moveit_planners/chomp/chomp_motion_planner -DCMAKE_BUILD_TYPE=Release -DCMAKE_INSTALL_PREFIX=/home/mu/IVG/ws_moveit/install/chomp_motion_planner
[2.060s] Invoking command in '/home/mu/IVG/ws_moveit/build/chomp_motion_planner': AMENT_PREFIX_PATH=/home/mu/IVG/ws_moveit/install/moveit_core:/home/mu/IVG/ws_moveit/install/moveit_common:${AMENT_PREFIX_PATH} CMAKE_PREFIX_PATH=/home/mu/IVG/ws_moveit/install/moveit_core:/home/mu/IVG/ws_moveit/install/moveit_common:/home/mu/IVG/ws_moveit/install/moveit2_tutorials:/home/mu/IVG/ws_moveit/install/moveit_visual_tools:/home/mu/IVG/ws_moveit/install/rviz_visual_tools:/opt/ros/foxy LD_LIBRARY_PATH=/home/mu/IVG/ws_moveit/install/moveit_core/lib:${LD_LIBRARY_PATH} PATH=/home/mu/IVG/ws_moveit/install/moveit_core/bin:${PATH} /usr/bin/cmake --build /home/mu/IVG/ws_moveit/build/chomp_motion_planner -- -j32 -l32
[2.084s] [35m[1mScanning dependencies of target chomp_motion_planner[0m
[2.144s] [ 33%] [32mBuilding CXX object CMakeFiles/chomp_motion_planner.dir/src/chomp_cost.cpp.o[0m
[2.144s] [ 33%] [32mBuilding CXX object CMakeFiles/chomp_motion_planner.dir/src/chomp_parameters.cpp.o[0m
[2.144s] [ 50%] [32mBuilding CXX object CMakeFiles/chomp_motion_planner.dir/src/chomp_trajectory.cpp.o[0m
[2.145s] [ 66%] [32mBuilding CXX object CMakeFiles/chomp_motion_planner.dir/src/chomp_optimizer.cpp.o[0m
[2.148s] [ 83%] [32mBuilding CXX object CMakeFiles/chomp_motion_planner.dir/src/chomp_planner.cpp.o[0m
[11.513s] [100%] [32m[1mLinking CXX shared library libchomp_motion_planner.so[0m
[11.626s] [100%] Built target chomp_motion_planner
[11.632s] Invoked command in '/home/mu/IVG/ws_moveit/build/chomp_motion_planner' returned '0': AMENT_PREFIX_PATH=/home/mu/IVG/ws_moveit/install/moveit_core:/home/mu/IVG/ws_moveit/install/moveit_common:${AMENT_PREFIX_PATH} CMAKE_PREFIX_PATH=/home/mu/IVG/ws_moveit/install/moveit_core:/home/mu/IVG/ws_moveit/install/moveit_common:/home/mu/IVG/ws_moveit/install/moveit2_tutorials:/home/mu/IVG/ws_moveit/install/moveit_visual_tools:/home/mu/IVG/ws_moveit/install/rviz_visual_tools:/opt/ros/foxy LD_LIBRARY_PATH=/home/mu/IVG/ws_moveit/install/moveit_core/lib:${LD_LIBRARY_PATH} PATH=/home/mu/IVG/ws_moveit/install/moveit_core/bin:${PATH} /usr/bin/cmake --build /home/mu/IVG/ws_moveit/build/chomp_motion_planner -- -j32 -l32
[11.634s] Invoking command in '/home/mu/IVG/ws_moveit/build/chomp_motion_planner': AMENT_PREFIX_PATH=/home/mu/IVG/ws_moveit/install/moveit_core:/home/mu/IVG/ws_moveit/install/moveit_common:${AMENT_PREFIX_PATH} CMAKE_PREFIX_PATH=/home/mu/IVG/ws_moveit/install/moveit_core:/home/mu/IVG/ws_moveit/install/moveit_common:/home/mu/IVG/ws_moveit/install/moveit2_tutorials:/home/mu/IVG/ws_moveit/install/moveit_visual_tools:/home/mu/IVG/ws_moveit/install/rviz_visual_tools:/opt/ros/foxy LD_LIBRARY_PATH=/home/mu/IVG/ws_moveit/install/moveit_core/lib:${LD_LIBRARY_PATH} PATH=/home/mu/IVG/ws_moveit/install/moveit_core/bin:${PATH} /usr/bin/cmake --install /home/mu/IVG/ws_moveit/build/chomp_motion_planner
[11.638s] -- Install configuration: "Release"
[11.638s] -- Installing: /home/mu/IVG/ws_moveit/install/chomp_motion_planner/lib/libchomp_motion_planner.so.2.2.3
[11.638s] -- Set runtime path of "/home/mu/IVG/ws_moveit/install/chomp_motion_planner/lib/libchomp_motion_planner.so.2.2.3" to ""
[11.638s] -- Installing: /home/mu/IVG/ws_moveit/install/chomp_motion_planner/lib/libchomp_motion_planner.so
[11.638s] -- Installing: /home/mu/IVG/ws_moveit/install/chomp_motion_planner/include
[11.638s] -- Installing: /home/mu/IVG/ws_moveit/install/chomp_motion_planner/include/chomp_motion_planner
[11.638s] -- Installing: /home/mu/IVG/ws_moveit/install/chomp_motion_planner/include/chomp_motion_planner/chomp_cost.h
[11.638s] -- Installing: /home/mu/IVG/ws_moveit/install/chomp_motion_planner/include/chomp_motion_planner/multivariate_gaussian.h
[11.638s] -- Installing: /home/mu/IVG/ws_moveit/install/chomp_motion_planner/include/chomp_motion_planner/chomp_optimizer.h
[11.638s] -- Installing: /home/mu/IVG/ws_moveit/install/chomp_motion_planner/include/chomp_motion_planner/chomp_parameters.h
[11.638s] -- Installing: /home/mu/IVG/ws_moveit/install/chomp_motion_planner/include/chomp_motion_planner/chomp_planner.h
[11.638s] -- Installing: /home/mu/IVG/ws_moveit/install/chomp_motion_planner/include/chomp_motion_planner/chomp_trajectory.h
[11.638s] -- Installing: /home/mu/IVG/ws_moveit/install/chomp_motion_planner/include/chomp_motion_planner/chomp_utils.h
[11.638s] -- Installing: /home/mu/IVG/ws_moveit/install/chomp_motion_planner/share/chomp_motion_planner/environment/library_path.sh
[11.638s] -- Installing: /home/mu/IVG/ws_moveit/install/chomp_motion_planner/share/chomp_motion_planner/environment/library_path.dsv
[11.639s] -- Installing: /home/mu/IVG/ws_moveit/install/chomp_motion_planner/share/ament_index/resource_index/package_run_dependencies/chomp_motion_planner
[11.639s] -- Installing: /home/mu/IVG/ws_moveit/install/chomp_motion_planner/share/ament_index/resource_index/parent_prefix_path/chomp_motion_planner
[11.639s] -- Installing: /home/mu/IVG/ws_moveit/install/chomp_motion_planner/share/chomp_motion_planner/environment/ament_prefix_path.sh
[11.639s] -- Installing: /home/mu/IVG/ws_moveit/install/chomp_motion_planner/share/chomp_motion_planner/environment/ament_prefix_path.dsv
[11.639s] -- Installing: /home/mu/IVG/ws_moveit/install/chomp_motion_planner/share/chomp_motion_planner/environment/path.sh
[11.639s] -- Installing: /home/mu/IVG/ws_moveit/install/chomp_motion_planner/share/chomp_motion_planner/environment/path.dsv
[11.639s] -- Installing: /home/mu/IVG/ws_moveit/install/chomp_motion_planner/share/chomp_motion_planner/local_setup.bash
[11.639s] -- Installing: /home/mu/IVG/ws_moveit/install/chomp_motion_planner/share/chomp_motion_planner/local_setup.sh
[11.639s] -- Installing: /home/mu/IVG/ws_moveit/install/chomp_motion_planner/share/chomp_motion_planner/local_setup.zsh
[11.639s] -- Installing: /home/mu/IVG/ws_moveit/install/chomp_motion_planner/share/chomp_motion_planner/local_setup.dsv
[11.639s] -- Installing: /home/mu/IVG/ws_moveit/install/chomp_motion_planner/share/chomp_motion_planner/package.dsv
[11.639s] -- Installing: /home/mu/IVG/ws_moveit/install/chomp_motion_planner/share/ament_index/resource_index/packages/chomp_motion_planner
[11.639s] -- Installing: /home/mu/IVG/ws_moveit/install/chomp_motion_planner/share/chomp_motion_planner/cmake/chomp_motion_plannerTargetsExport.cmake
[11.639s] -- Installing: /home/mu/IVG/ws_moveit/install/chomp_motion_planner/share/chomp_motion_planner/cmake/chomp_motion_plannerTargetsExport-release.cmake
[11.639s] -- Installing: /home/mu/IVG/ws_moveit/install/chomp_motion_planner/share/chomp_motion_planner/cmake/ament_cmake_export_targets-extras.cmake
[11.639s] -- Installing: /home/mu/IVG/ws_moveit/install/chomp_motion_planner/share/chomp_motion_planner/cmake/chomp_motion_plannerConfig.cmake
[11.639s] -- Installing: /home/mu/IVG/ws_moveit/install/chomp_motion_planner/share/chomp_motion_planner/cmake/chomp_motion_plannerConfig-version.cmake
[11.639s] -- Installing: /home/mu/IVG/ws_moveit/install/chomp_motion_planner/share/chomp_motion_planner/package.xml
[11.640s] Invoked command in '/home/mu/IVG/ws_moveit/build/chomp_motion_planner' returned '0': AMENT_PREFIX_PATH=/home/mu/IVG/ws_moveit/install/moveit_core:/home/mu/IVG/ws_moveit/install/moveit_common:${AMENT_PREFIX_PATH} CMAKE_PREFIX_PATH=/home/mu/IVG/ws_moveit/install/moveit_core:/home/mu/IVG/ws_moveit/install/moveit_common:/home/mu/IVG/ws_moveit/install/moveit2_tutorials:/home/mu/IVG/ws_moveit/install/moveit_visual_tools:/home/mu/IVG/ws_moveit/install/rviz_visual_tools:/opt/ros/foxy LD_LIBRARY_PATH=/home/mu/IVG/ws_moveit/install/moveit_core/lib:${LD_LIBRARY_PATH} PATH=/home/mu/IVG/ws_moveit/install/moveit_core/bin:${PATH} /usr/bin/cmake --install /home/mu/IVG/ws_moveit/build/chomp_motion_planner
