[0.005s] Invoking command in '/home/mu/IVG/ws_moveit/build/moveit_visual_tools': AMENT_PREFIX_PATH=/home/mu/IVG/ws_moveit/install/rviz_visual_tools:${AMENT_PREFIX_PATH} CMAKE_PREFIX_PATH=/home/mu/IVG/ws_moveit/install/rviz_visual_tools:/opt/ros/foxy LD_LIBRARY_PATH=/home/mu/IVG/ws_moveit/install/rviz_visual_tools/lib:${LD_LIBRARY_PATH} /usr/bin/cmake /home/mu/IVG/ws_moveit/src/moveit_visual_tools -DCMAKE_BUILD_TYPE=Release -DCMAKE_INSTALL_PREFIX=/home/mu/IVG/ws_moveit/install/moveit_visual_tools
[0.043s] -- The C compiler identification is GNU 9.4.0
[0.094s] -- The CXX compiler identification is GNU 9.4.0
[0.096s] -- Check for working C compiler: /usr/bin/cc
[0.162s] -- Check for working C compiler: /usr/bin/cc -- works
[0.162s] -- Detecting C compiler ABI info
[0.217s] -- Detecting C compiler ABI info - done
[0.227s] -- Detecting C compile features
[0.227s] -- Detecting C compile features - done
[0.229s] -- Check for working CXX compiler: /usr/bin/c++
[0.296s] -- Check for working CXX compiler: /usr/bin/c++ -- works
[0.297s] -- Detecting CXX compiler ABI info
[0.336s] -- Detecting CXX compiler ABI info - done
[0.341s] -- Detecting CXX compile features
[0.341s] -- Detecting CXX compile features - done
[0.342s] -- Found moveit_common: 2.2.3 (/opt/ros/foxy/share/moveit_common/cmake)
[0.343s] -- Found ament_cmake: 0.9.12 (/opt/ros/foxy/share/ament_cmake/cmake)
[0.355s] -- Found PythonInterp: /usr/bin/python3 (found suitable version "3.8.10", minimum required is "3") 
[0.355s] -- Using PYTHON_EXECUTABLE: /usr/bin/python3
[0.471s] -- Found Boost: /usr/lib/x86_64-linux-gnu/cmake/Boost-1.71.0/BoostConfig.cmake (found version "1.71.0") found components: system 
[0.473s] -- Found geometry_msgs: 2.0.5 (/opt/ros/foxy/share/geometry_msgs/cmake)
[0.487s] -- Using all available rosidl_typesupport_c: rosidl_typesupport_fastrtps_c;rosidl_typesupport_introspection_c
[0.490s] -- Found rosidl_adapter: 1.3.1 (/opt/ros/foxy/share/rosidl_adapter/cmake)
[0.525s] -- Found OpenSSL: /usr/lib/x86_64-linux-gnu/libcrypto.so (found version "1.1.1f")  
[0.539s] -- Found FastRTPS: /opt/ros/foxy/include  
[0.577s] -- Using all available rosidl_typesupport_cpp: rosidl_typesupport_fastrtps_cpp;rosidl_typesupport_introspection_cpp
[0.619s] -- Found graph_msgs: 0.2.0 (/opt/ros/foxy/share/graph_msgs/cmake)
[0.657s] -- Found moveit_core: 2.2.3 (/opt/ros/foxy/share/moveit_core/cmake)
[0.876s] -- Found Boost: /usr/lib/x86_64-linux-gnu/cmake/Boost-1.71.0/BoostConfig.cmake (found version "1.71.0") found components: chrono date_time filesystem iostreams program_options regex serialization system thread 
[0.891s] -- Found Boost: /usr/lib/x86_64-linux-gnu/cmake/Boost-1.71.0/BoostConfig.cmake (found version "1.71.0") found components: filesystem 
[0.925s] -- Found rmw_implementation_cmake: 1.0.4 (/opt/ros/foxy/share/rmw_implementation_cmake/cmake)
[0.925s] -- Using RMW implementation 'rmw_fastrtps_cpp' as default
[0.926s] -- Found Threads: TRUE  
[1.028s] -- library: /usr/lib/x86_64-linux-gnu/libcurl.so
[1.120s] -- Found Eigen3: TRUE (found version "3.3.7") 
[2.064s] -- Found moveit_ros_planning: 2.2.3 (/opt/ros/foxy/share/moveit_ros_planning/cmake)
[2.067s] -- Found Boost: /usr/lib/x86_64-linux-gnu/cmake/Boost-1.71.0/BoostConfig.cmake (found version "1.71.0") found components: system filesystem date_time program_options thread chrono 
[2.205s] -- Found Boost: /usr/lib/x86_64-linux-gnu/cmake/Boost-1.71.0/BoostConfig.cmake (found version "1.71.0") found components: thread 
[2.507s] -- Found rviz_visual_tools: 4.0.3 (/home/mu/IVG/ws_moveit/install/rviz_visual_tools/share/rviz_visual_tools/cmake)
[2.570s] -- Setting OGRE_DIR to: '/opt/ros/foxy/share/rviz_ogre_vendor/cmake/../../../opt/rviz_ogre_vendor/lib/OGRE/cmake'
[2.571s] -- Found OGRE
[2.572s] --   static     : OFF
[2.572s] --   components : HLMS;MeshLodGenerator;Overlay;Paging;Property;RTShaderSystem;Terrain;Volume
[2.572s] --   plugins    : Plugin_BSPSceneManager;Plugin_OctreeSceneManager;Plugin_PCZSceneManager;Plugin_ParticleFX;RenderSystem_GL;RenderSystem_GL3Plus;Codec_STBI
[2.572s] --   media      : /opt/ros/foxy/opt/rviz_ogre_vendor/share/OGRE/Media
[2.572s] -- OGRE_LIBRARIES: OgreHLMS;OgreMeshLodGenerator;OgreOverlay;OgrePaging;OgreProperty;OgreRTShaderSystem;OgreTerrain;OgreVolume;OgreMain
[2.572s] -- OGRE_LIBRARY_DIRS: /opt/ros/foxy/opt/rviz_ogre_vendor/lib
[2.572s] -- OGRE_PLUGINS: Plugin_BSPSceneManager;Plugin_OctreeSceneManager;Plugin_PCZSceneManager;Plugin_ParticleFX;RenderSystem_GL;RenderSystem_GL3Plus;Codec_STBI
[2.572s] -- OGRE_PLUGIN_DIR: /opt/ros/foxy/opt/rviz_ogre_vendor/lib/OGRE
[2.572s] -- rviz_ogre_vendor::OgreOverlay for IMPORTED_LOCATION_RELEASE: /opt/ros/foxy/opt/rviz_ogre_vendor/lib/libOgreOverlay.so
[2.572s] -- rviz_ogre_vendor::OgreOverlay for IMPORTED_LOCATION_DEBUG: /opt/ros/foxy/opt/rviz_ogre_vendor/lib/libOgreOverlay.so
[2.572s] -- rviz_ogre_vendor::OgreMain for IMPORTED_LOCATION_RELEASE: /opt/ros/foxy/opt/rviz_ogre_vendor/lib/libOgreMain.so
[2.572s] -- rviz_ogre_vendor::OgreMain for IMPORTED_LOCATION_DEBUG: /opt/ros/foxy/opt/rviz_ogre_vendor/lib/libOgreMain.so
[2.582s] -- Found ZLIB: /usr/lib/x86_64-linux-gnu/libz.so (found version "1.2.11") 
[2.585s] -- Found OpenGL: /usr/lib/x86_64-linux-gnu/libOpenGL.so   
[2.627s] -- Found X11: /usr/include   
[2.627s] -- Looking for XOpenDisplay in /usr/lib/x86_64-linux-gnu/libX11.so;/usr/lib/x86_64-linux-gnu/libXext.so
[2.673s] -- Looking for XOpenDisplay in /usr/lib/x86_64-linux-gnu/libX11.so;/usr/lib/x86_64-linux-gnu/libXext.so - found
[2.673s] -- Looking for gethostbyname
[2.706s] -- Looking for gethostbyname - found
[2.706s] -- Looking for connect
[2.740s] -- Looking for connect - found
[2.740s] -- Looking for remove
[2.774s] -- Looking for remove - found
[2.774s] -- Looking for shmat
[2.824s] -- Looking for shmat - found
[2.824s] -- Looking for IceConnectionNumber in ICE
[2.868s] -- Looking for IceConnectionNumber in ICE - found
[2.871s] -- rviz_ogre_vendor::RenderSystem_GL for IMPORTED_LOCATION_RELEASE: _render_system_gl_static_library_abs-NOTFOUND
[2.871s] -- rviz_ogre_vendor::RenderSystem_GL for IMPORTED_LOCATION_DEBUG: _render_system_gl_static_library_abs-NOTFOUND
[2.874s] -- library: libassimp.so.5
[2.902s] -- Setting yaml-cpp_DIR to: '/opt/ros/foxy/share/yaml_cpp_vendor/cmake/../../../opt/yaml_cpp_vendor/lib/cmake/yaml-cpp'
[3.444s] -- Found ament_lint_auto: 0.9.8 (/opt/ros/foxy/share/ament_lint_auto/cmake)
[3.451s] -- Added test 'copyright' to check source files copyright and LICENSE
[3.451s] -- Added test 'flake8' to check Python code syntax and style conventions
[3.452s] -- Added test 'lint_cmake' to check CMake code style
[3.452s] -- Added test 'pep257' to check Python code against some of the style conventions in PEP 257
[3.452s] -- Added test 'xmllint' to check XML markup files
[3.455s] -- Configuring done
[3.533s] -- Generating done
[3.569s] -- Build files have been written to: /home/mu/IVG/ws_moveit/build/moveit_visual_tools
[3.577s] Invoked command in '/home/mu/IVG/ws_moveit/build/moveit_visual_tools' returned '0': AMENT_PREFIX_PATH=/home/mu/IVG/ws_moveit/install/rviz_visual_tools:${AMENT_PREFIX_PATH} CMAKE_PREFIX_PATH=/home/mu/IVG/ws_moveit/install/rviz_visual_tools:/opt/ros/foxy LD_LIBRARY_PATH=/home/mu/IVG/ws_moveit/install/rviz_visual_tools/lib:${LD_LIBRARY_PATH} /usr/bin/cmake /home/mu/IVG/ws_moveit/src/moveit_visual_tools -DCMAKE_BUILD_TYPE=Release -DCMAKE_INSTALL_PREFIX=/home/mu/IVG/ws_moveit/install/moveit_visual_tools
[3.577s] Invoking command in '/home/mu/IVG/ws_moveit/build/moveit_visual_tools': AMENT_PREFIX_PATH=/home/mu/IVG/ws_moveit/install/rviz_visual_tools:${AMENT_PREFIX_PATH} CMAKE_PREFIX_PATH=/home/mu/IVG/ws_moveit/install/rviz_visual_tools:/opt/ros/foxy LD_LIBRARY_PATH=/home/mu/IVG/ws_moveit/install/rviz_visual_tools/lib:${LD_LIBRARY_PATH} /usr/bin/cmake --build /home/mu/IVG/ws_moveit/build/moveit_visual_tools -- -j32 -l32
[3.597s] [35m[1mScanning dependencies of target moveit_visual_tools[0m
[3.678s] [ 16%] [32mBuilding CXX object CMakeFiles/moveit_visual_tools.dir/src/moveit_visual_tools.cpp.o[0m
[3.679s] [ 33%] [32mBuilding CXX object CMakeFiles/moveit_visual_tools.dir/src/imarker_robot_state.cpp.o[0m
[3.679s] [ 50%] [32mBuilding CXX object CMakeFiles/moveit_visual_tools.dir/src/imarker_end_effector.cpp.o[0m
[11.800s] [ 66%] [32m[1mLinking CXX shared library libmoveit_visual_tools.so[0m
[12.036s] [ 66%] Built target moveit_visual_tools
[12.042s] [35m[1mScanning dependencies of target moveit_visual_tools_demo[0m
[12.083s] [ 83%] [32mBuilding CXX object CMakeFiles/moveit_visual_tools_demo.dir/src/moveit_visual_tools_demo.cpp.o[0m
[16.896s] [100%] [32m[1mLinking CXX executable moveit_visual_tools_demo[0m
[17.253s] [100%] Built target moveit_visual_tools_demo
[17.258s] Invoked command in '/home/mu/IVG/ws_moveit/build/moveit_visual_tools' returned '0': AMENT_PREFIX_PATH=/home/mu/IVG/ws_moveit/install/rviz_visual_tools:${AMENT_PREFIX_PATH} CMAKE_PREFIX_PATH=/home/mu/IVG/ws_moveit/install/rviz_visual_tools:/opt/ros/foxy LD_LIBRARY_PATH=/home/mu/IVG/ws_moveit/install/rviz_visual_tools/lib:${LD_LIBRARY_PATH} /usr/bin/cmake --build /home/mu/IVG/ws_moveit/build/moveit_visual_tools -- -j32 -l32
[17.259s] Invoking command in '/home/mu/IVG/ws_moveit/build/moveit_visual_tools': AMENT_PREFIX_PATH=/home/mu/IVG/ws_moveit/install/rviz_visual_tools:${AMENT_PREFIX_PATH} CMAKE_PREFIX_PATH=/home/mu/IVG/ws_moveit/install/rviz_visual_tools:/opt/ros/foxy LD_LIBRARY_PATH=/home/mu/IVG/ws_moveit/install/rviz_visual_tools/lib:${LD_LIBRARY_PATH} /usr/bin/cmake --install /home/mu/IVG/ws_moveit/build/moveit_visual_tools
[17.264s] -- Install configuration: "Release"
[17.264s] -- Installing: /home/mu/IVG/ws_moveit/install/moveit_visual_tools/share/moveit_visual_tools/environment/library_path.sh
[17.264s] -- Installing: /home/mu/IVG/ws_moveit/install/moveit_visual_tools/share/moveit_visual_tools/environment/library_path.dsv
[17.264s] -- Installing: /home/mu/IVG/ws_moveit/install/moveit_visual_tools/lib/libmoveit_visual_tools.so
[17.264s] -- Set runtime path of "/home/mu/IVG/ws_moveit/install/moveit_visual_tools/lib/libmoveit_visual_tools.so" to ""
[17.264s] -- Installing: /home/mu/IVG/ws_moveit/install/moveit_visual_tools/lib/moveit_visual_tools/moveit_visual_tools_demo
[17.265s] -- Set runtime path of "/home/mu/IVG/ws_moveit/install/moveit_visual_tools/lib/moveit_visual_tools/moveit_visual_tools_demo" to ""
[17.265s] -- Installing: /home/mu/IVG/ws_moveit/install/moveit_visual_tools/include
[17.265s] -- Installing: /home/mu/IVG/ws_moveit/install/moveit_visual_tools/include/moveit_visual_tools
[17.265s] -- Installing: /home/mu/IVG/ws_moveit/install/moveit_visual_tools/include/moveit_visual_tools/imarker_end_effector.h
[17.265s] -- Installing: /home/mu/IVG/ws_moveit/install/moveit_visual_tools/include/moveit_visual_tools/imarker_robot_state.h
[17.265s] -- Installing: /home/mu/IVG/ws_moveit/install/moveit_visual_tools/include/moveit_visual_tools/moveit_visual_tools.h
[17.265s] -- Installing: /home/mu/IVG/ws_moveit/install/moveit_visual_tools/share/moveit_visual_tools/launch
[17.265s] -- Installing: /home/mu/IVG/ws_moveit/install/moveit_visual_tools/share/moveit_visual_tools/launch/demo.rviz
[17.265s] -- Installing: /home/mu/IVG/ws_moveit/install/moveit_visual_tools/share/moveit_visual_tools/launch/demo_rviz.launch.py
[17.265s] -- Installing: /home/mu/IVG/ws_moveit/install/moveit_visual_tools/share/moveit_visual_tools/resources
[17.265s] -- Installing: /home/mu/IVG/ws_moveit/install/moveit_visual_tools/share/moveit_visual_tools/resources/screenshot.png
[17.265s] -- Installing: /home/mu/IVG/ws_moveit/install/moveit_visual_tools/share/moveit_visual_tools/resources/rrbot.srdf
[17.265s] -- Installing: /home/mu/IVG/ws_moveit/install/moveit_visual_tools/share/moveit_visual_tools/resources/rrbot.urdf
[17.265s] -- Installing: /home/mu/IVG/ws_moveit/install/moveit_visual_tools/share/moveit_visual_tools/resources/demo.png
[17.265s] -- Installing: /home/mu/IVG/ws_moveit/install/moveit_visual_tools/share/moveit_visual_tools/resources/demo_mesh.stl
[17.265s] -- Installing: /home/mu/IVG/ws_moveit/install/moveit_visual_tools/share/ament_index/resource_index/package_run_dependencies/moveit_visual_tools
[17.265s] -- Installing: /home/mu/IVG/ws_moveit/install/moveit_visual_tools/share/ament_index/resource_index/parent_prefix_path/moveit_visual_tools
[17.265s] -- Installing: /home/mu/IVG/ws_moveit/install/moveit_visual_tools/share/moveit_visual_tools/environment/ament_prefix_path.sh
[17.265s] -- Installing: /home/mu/IVG/ws_moveit/install/moveit_visual_tools/share/moveit_visual_tools/environment/ament_prefix_path.dsv
[17.265s] -- Installing: /home/mu/IVG/ws_moveit/install/moveit_visual_tools/share/moveit_visual_tools/environment/path.sh
[17.265s] -- Installing: /home/mu/IVG/ws_moveit/install/moveit_visual_tools/share/moveit_visual_tools/environment/path.dsv
[17.265s] -- Installing: /home/mu/IVG/ws_moveit/install/moveit_visual_tools/share/moveit_visual_tools/local_setup.bash
[17.265s] -- Installing: /home/mu/IVG/ws_moveit/install/moveit_visual_tools/share/moveit_visual_tools/local_setup.sh
[17.265s] -- Installing: /home/mu/IVG/ws_moveit/install/moveit_visual_tools/share/moveit_visual_tools/local_setup.zsh
[17.265s] -- Installing: /home/mu/IVG/ws_moveit/install/moveit_visual_tools/share/moveit_visual_tools/local_setup.dsv
[17.265s] -- Installing: /home/mu/IVG/ws_moveit/install/moveit_visual_tools/share/moveit_visual_tools/package.dsv
[17.265s] -- Installing: /home/mu/IVG/ws_moveit/install/moveit_visual_tools/share/ament_index/resource_index/packages/moveit_visual_tools
[17.265s] -- Installing: /home/mu/IVG/ws_moveit/install/moveit_visual_tools/share/moveit_visual_tools/cmake/export_moveit_visual_toolsExport.cmake
[17.265s] -- Installing: /home/mu/IVG/ws_moveit/install/moveit_visual_tools/share/moveit_visual_tools/cmake/export_moveit_visual_toolsExport-release.cmake
[17.265s] -- Installing: /home/mu/IVG/ws_moveit/install/moveit_visual_tools/share/moveit_visual_tools/cmake/ament_cmake_export_targets-extras.cmake
[17.266s] -- Installing: /home/mu/IVG/ws_moveit/install/moveit_visual_tools/share/moveit_visual_tools/cmake/ament_cmake_export_dependencies-extras.cmake
[17.266s] -- Installing: /home/mu/IVG/ws_moveit/install/moveit_visual_tools/share/moveit_visual_tools/cmake/moveit_visual_toolsConfig.cmake
[17.266s] -- Installing: /home/mu/IVG/ws_moveit/install/moveit_visual_tools/share/moveit_visual_tools/cmake/moveit_visual_toolsConfig-version.cmake
[17.266s] -- Installing: /home/mu/IVG/ws_moveit/install/moveit_visual_tools/share/moveit_visual_tools/package.xml
[17.267s] Invoked command in '/home/mu/IVG/ws_moveit/build/moveit_visual_tools' returned '0': AMENT_PREFIX_PATH=/home/mu/IVG/ws_moveit/install/rviz_visual_tools:${AMENT_PREFIX_PATH} CMAKE_PREFIX_PATH=/home/mu/IVG/ws_moveit/install/rviz_visual_tools:/opt/ros/foxy LD_LIBRARY_PATH=/home/mu/IVG/ws_moveit/install/rviz_visual_tools/lib:${LD_LIBRARY_PATH} /usr/bin/cmake --install /home/mu/IVG/ws_moveit/build/moveit_visual_tools
