[0.013s] Invoking command in '/home/mu/IVG/aubo_ros2_ws/build/percipio_camera': CMAKE_PREFIX_PATH=/opt/ros/foxy /usr/bin/cmake --build /home/mu/IVG/aubo_ros2_ws/build/percipio_camera -- -j32 -l32
[0.090s] [ 10%] Built target percipio_camera_node
[0.140s] [ 70%] Built target percipio_camera
[0.201s] [100%] Built target list_devices
[0.202s] Invoked command in '/home/mu/IVG/aubo_ros2_ws/build/percipio_camera' returned '0': CMAKE_PREFIX_PATH=/opt/ros/foxy /usr/bin/cmake --build /home/mu/IVG/aubo_ros2_ws/build/percipio_camera -- -j32 -l32
[0.202s] Invoking command in '/home/mu/IVG/aubo_ros2_ws/build/percipio_camera': CMAKE_PREFIX_PATH=/opt/ros/foxy /usr/bin/cmake --install /home/mu/IVG/aubo_ros2_ws/build/percipio_camera
[0.203s] -- Install configuration: "Release"
[0.203s] -- Up-to-date: /home/mu/IVG/aubo_ros2_ws/install/percipio_camera/lib/percipio_camera/percipio_camera_node
[0.203s] -- Up-to-date: /home/mu/IVG/aubo_ros2_ws/install/percipio_camera/share/percipio_camera/environment/library_path.sh
[0.203s] -- Up-to-date: /home/mu/IVG/aubo_ros2_ws/install/percipio_camera/share/percipio_camera/environment/library_path.dsv
[0.203s] -- Up-to-date: /home/mu/IVG/aubo_ros2_ws/install/percipio_camera/lib/libpercipio_camera.so
[0.203s] -- Up-to-date: /home/mu/IVG/aubo_ros2_ws/install/percipio_camera/lib/libtycam.so
[0.203s] -- Up-to-date: /home/mu/IVG/aubo_ros2_ws/install/percipio_camera/lib/libtycam.so.4.0.21
[0.203s] -- Up-to-date: /home/mu/IVG/aubo_ros2_ws/install/percipio_camera/include
[0.203s] -- Up-to-date: /home/mu/IVG/aubo_ros2_ws/install/percipio_camera/include/crc32.hpp
[0.203s] -- Up-to-date: /home/mu/IVG/aubo_ros2_ws/install/percipio_camera/include/DepthStreamProc.h
[0.203s] -- Up-to-date: /home/mu/IVG/aubo_ros2_ws/install/percipio_camera/include/DepthRender.hpp
[0.203s] -- Up-to-date: /home/mu/IVG/aubo_ros2_ws/install/percipio_camera/include/percipio_camera_node_driver.h
[0.203s] -- Up-to-date: /home/mu/IVG/aubo_ros2_ws/install/percipio_camera/include/ImageSpeckleFilter.hpp
[0.203s] -- Up-to-date: /home/mu/IVG/aubo_ros2_ws/install/percipio_camera/include/common.hpp
[0.203s] -- Up-to-date: /home/mu/IVG/aubo_ros2_ws/install/percipio_camera/include/MatViewer.hpp
[0.203s] -- Up-to-date: /home/mu/IVG/aubo_ros2_ws/install/percipio_camera/include/percipio_device.h
[0.203s] -- Up-to-date: /home/mu/IVG/aubo_ros2_ws/install/percipio_camera/include/DepthInpainter.hpp
[0.203s] -- Up-to-date: /home/mu/IVG/aubo_ros2_ws/install/percipio_camera/include/CommandLineFeatureHelper.hpp
[0.203s] -- Up-to-date: /home/mu/IVG/aubo_ros2_ws/install/percipio_camera/include/json11.hpp
[0.203s] -- Up-to-date: /home/mu/IVG/aubo_ros2_ws/install/percipio_camera/include/Utils.hpp
[0.203s] -- Up-to-date: /home/mu/IVG/aubo_ros2_ws/install/percipio_camera/include/percipio_depth_algorithm.h
[0.203s] -- Up-to-date: /home/mu/IVG/aubo_ros2_ws/install/percipio_camera/include/percipio_camera_node.h
[0.203s] -- Up-to-date: /home/mu/IVG/aubo_ros2_ws/install/percipio_camera/include/huffman.h
[0.203s] -- Up-to-date: /home/mu/IVG/aubo_ros2_ws/install/percipio_camera/include/percipio_video_mode.h
[0.203s] -- Up-to-date: /home/mu/IVG/aubo_ros2_ws/install/percipio_camera/include/TYThread.hpp
[0.204s] -- Up-to-date: /home/mu/IVG/aubo_ros2_ws/install/percipio_camera/include/CommandLineParser.hpp
[0.204s] -- Up-to-date: /home/mu/IVG/aubo_ros2_ws/install/percipio_camera/include/ParametersParse.hpp
[0.204s] -- Up-to-date: /home/mu/IVG/aubo_ros2_ws/install/percipio_camera/share/percipio_camera//launch
[0.204s] -- Up-to-date: /home/mu/IVG/aubo_ros2_ws/install/percipio_camera/share/percipio_camera//launch/percipio_camera.launch.py
[0.204s] -- Up-to-date: /home/mu/IVG/aubo_ros2_ws/install/percipio_camera/share/percipio_camera//launch/registered_cloud.py
[0.204s] -- Up-to-date: /home/mu/IVG/aubo_ros2_ws/install/percipio_camera/share/percipio_camera//launch/multi_cam.launch.py
[0.204s] -- Up-to-date: /home/mu/IVG/aubo_ros2_ws/install/percipio_camera/share/percipio_camera//launch/color.py
[0.204s] -- Up-to-date: /home/mu/IVG/aubo_ros2_ws/install/percipio_camera/share/percipio_camera//launch/offline_detect.py
[0.204s] -- Up-to-date: /home/mu/IVG/aubo_ros2_ws/install/percipio_camera/share/percipio_camera//launch/cloud.py
[0.204s] -- Up-to-date: /home/mu/IVG/aubo_ros2_ws/install/percipio_camera/share/percipio_camera//launch/depth.py
[0.204s] -- Up-to-date: /home/mu/IVG/aubo_ros2_ws/install/percipio_camera/share/percipio_camera//launch/send_trigger.py
[0.204s] -- Up-to-date: /home/mu/IVG/aubo_ros2_ws/install/percipio_camera/share/percipio_camera//launch/cam_base_cfg.launch.py
[0.204s] -- Up-to-date: /home/mu/IVG/aubo_ros2_ws/install/percipio_camera/lib/libpercipio_camera.so
[0.204s] -- Up-to-date: /home/mu/IVG/aubo_ros2_ws/install/percipio_camera/lib/percipio_camera/list_devices
[0.204s] -- Up-to-date: /home/mu/IVG/aubo_ros2_ws/install/percipio_camera/share/ament_index/resource_index/package_run_dependencies/percipio_camera
[0.204s] -- Up-to-date: /home/mu/IVG/aubo_ros2_ws/install/percipio_camera/share/ament_index/resource_index/parent_prefix_path/percipio_camera
[0.204s] -- Up-to-date: /home/mu/IVG/aubo_ros2_ws/install/percipio_camera/share/percipio_camera/environment/ament_prefix_path.sh
[0.204s] -- Up-to-date: /home/mu/IVG/aubo_ros2_ws/install/percipio_camera/share/percipio_camera/environment/ament_prefix_path.dsv
[0.205s] -- Up-to-date: /home/mu/IVG/aubo_ros2_ws/install/percipio_camera/share/percipio_camera/environment/path.sh
[0.205s] -- Up-to-date: /home/mu/IVG/aubo_ros2_ws/install/percipio_camera/share/percipio_camera/environment/path.dsv
[0.205s] -- Up-to-date: /home/mu/IVG/aubo_ros2_ws/install/percipio_camera/share/percipio_camera/local_setup.bash
[0.205s] -- Up-to-date: /home/mu/IVG/aubo_ros2_ws/install/percipio_camera/share/percipio_camera/local_setup.sh
[0.205s] -- Up-to-date: /home/mu/IVG/aubo_ros2_ws/install/percipio_camera/share/percipio_camera/local_setup.zsh
[0.205s] -- Up-to-date: /home/mu/IVG/aubo_ros2_ws/install/percipio_camera/share/percipio_camera/local_setup.dsv
[0.205s] -- Installing: /home/mu/IVG/aubo_ros2_ws/install/percipio_camera/share/percipio_camera/package.dsv
[0.205s] -- Up-to-date: /home/mu/IVG/aubo_ros2_ws/install/percipio_camera/share/ament_index/resource_index/packages/percipio_camera
[0.205s] -- Up-to-date: /home/mu/IVG/aubo_ros2_ws/install/percipio_camera/share/ament_index/resource_index/rclcpp_components/percipio_camera
[0.205s] -- Up-to-date: /home/mu/IVG/aubo_ros2_ws/install/percipio_camera/share/percipio_camera/cmake/ament_cmake_export_libraries-extras.cmake
[0.205s] -- Up-to-date: /home/mu/IVG/aubo_ros2_ws/install/percipio_camera/share/percipio_camera/cmake/percipio_cameraConfig.cmake
[0.205s] -- Up-to-date: /home/mu/IVG/aubo_ros2_ws/install/percipio_camera/share/percipio_camera/cmake/percipio_cameraConfig-version.cmake
[0.205s] -- Up-to-date: /home/mu/IVG/aubo_ros2_ws/install/percipio_camera/share/percipio_camera/package.xml
[0.215s] Invoked command in '/home/mu/IVG/aubo_ros2_ws/build/percipio_camera' returned '0': CMAKE_PREFIX_PATH=/opt/ros/foxy /usr/bin/cmake --install /home/mu/IVG/aubo_ros2_ws/build/percipio_camera
