[0.010s] Invoking command in '/home/mu/IVG/aubo_ros2_ws/build/aubo_msgs': CMAKE_PREFIX_PATH=${CMAKE_PREFIX_PATH}:/opt/ros/foxy /usr/bin/cmake /home/mu/IVG/aubo_ros2_ws/src/aubo_ros2_driver/aubo_msgs -DCMAKE_INSTALL_PREFIX=/home/mu/IVG/aubo_ros2_ws/install/aubo_msgs
[0.043s] -- The C compiler identification is GNU 9.4.0
[0.072s] -- The CXX compiler identification is GNU 9.4.0
[0.075s] -- Check for working C compiler: /usr/bin/cc
[0.111s] -- Check for working C compiler: /usr/bin/cc -- works
[0.111s] -- Detecting C compiler ABI info
[0.146s] -- Detecting C compiler ABI info - done
[0.153s] -- Detecting C compile features
[0.153s] -- Detecting C compile features - done
[0.155s] -- Check for working CXX compiler: /usr/bin/c++
[0.196s] -- Check for working CXX compiler: /usr/bin/c++ -- works
[0.197s] -- Detecting CXX compiler ABI info
[0.241s] -- Detecting CXX compiler ABI info - done
[0.247s] -- Detecting CXX compile features
[0.247s] -- Detecting CXX compile features - done
[0.248s] -- Found ament_cmake: 0.9.12 (/opt/ros/foxy/share/ament_cmake/cmake)
[0.261s] -- Found PythonInterp: /usr/bin/python3 (found suitable version "3.8.10", minimum required is "3") 
[0.261s] -- Using PYTHON_EXECUTABLE: /usr/bin/python3
[0.359s] -- Found builtin_interfaces: 1.0.0 (/opt/ros/foxy/share/builtin_interfaces/cmake)
[0.374s] -- Using all available rosidl_typesupport_c: rosidl_typesupport_fastrtps_c;rosidl_typesupport_introspection_c
[0.377s] -- Found rosidl_adapter: 1.3.1 (/opt/ros/foxy/share/rosidl_adapter/cmake)
[0.424s] -- Found OpenSSL: /usr/lib/x86_64-linux-gnu/libcrypto.so (found version "1.1.1f")  
[0.440s] -- Found FastRTPS: /opt/ros/foxy/include  
[0.491s] -- Using all available rosidl_typesupport_cpp: rosidl_typesupport_fastrtps_cpp;rosidl_typesupport_introspection_cpp
[0.506s] -- Found rosidl_default_generators: 1.0.1 (/opt/ros/foxy/share/rosidl_default_generators/cmake)
[0.512s] -- Found geometry_msgs: 2.0.5 (/opt/ros/foxy/share/geometry_msgs/cmake)
[0.546s] -- Found ament_lint_auto: 0.9.8 (/opt/ros/foxy/share/ament_lint_auto/cmake)
[0.603s] -- Found PythonInterp: /usr/bin/python3 (found version "3.8.10") 
[0.693s] -- Found ament_cmake_ros: 0.9.2 (/opt/ros/foxy/share/ament_cmake_ros/cmake)
[0.832s] -- Using all available rosidl_typesupport_c: rosidl_typesupport_fastrtps_c;rosidl_typesupport_introspection_c
[0.897s] -- Using all available rosidl_typesupport_cpp: rosidl_typesupport_fastrtps_cpp;rosidl_typesupport_introspection_cpp
[0.913s] -- Found PythonInterp: /usr/bin/python3 (found suitable version "3.8.10", minimum required is "3.5") 
[0.913s] -- Found python_cmake_module: 0.8.1 (/opt/ros/foxy/share/python_cmake_module/cmake)
[0.935s] -- Found PythonLibs: /usr/lib/x86_64-linux-gnu/libpython3.8.so (found suitable version "3.8.10", minimum required is "3.5") 
[0.935s] -- Using PYTHON_EXECUTABLE: /usr/bin/python3
[0.935s] -- Using PYTHON_INCLUDE_DIRS: /usr/include/python3.8
[0.935s] -- Using PYTHON_LIBRARIES: /usr/lib/x86_64-linux-gnu/libpython3.8.so
[0.942s] -- Found PythonExtra: .so  
[0.991s] -- Added test 'copyright' to check source files copyright and LICENSE
[0.992s] -- Added test 'lint_cmake' to check CMake code style
[0.992s] -- Added test 'xmllint' to check XML markup files
[0.996s] -- Configuring done
[1.035s] -- Generating done
[1.046s] -- Build files have been written to: /home/mu/IVG/aubo_ros2_ws/build/aubo_msgs
[1.054s] Invoked command in '/home/mu/IVG/aubo_ros2_ws/build/aubo_msgs' returned '0': CMAKE_PREFIX_PATH=${CMAKE_PREFIX_PATH}:/opt/ros/foxy /usr/bin/cmake /home/mu/IVG/aubo_ros2_ws/src/aubo_ros2_driver/aubo_msgs -DCMAKE_INSTALL_PREFIX=/home/mu/IVG/aubo_ros2_ws/install/aubo_msgs
[1.054s] Invoking command in '/home/mu/IVG/aubo_ros2_ws/build/aubo_msgs': CMAKE_PREFIX_PATH=${CMAKE_PREFIX_PATH}:/opt/ros/foxy /usr/bin/cmake --build /home/mu/IVG/aubo_ros2_ws/build/aubo_msgs -- -j32 -l32
[1.080s] [35m[1mScanning dependencies of target aubo_msgs__cpp[0m
[1.080s] [  1%] [34m[1mGenerating C code for ROS interfaces[0m
[1.087s] [  1%] [34m[1mGenerating C++ code for ROS interfaces[0m
[1.631s] [  1%] Built target aubo_msgs__cpp
[1.642s] [  2%] [34m[1mGenerating C++ type support dispatch for ROS interfaces[0m
[1.642s] [  3%] [34m[1mGenerating C++ introspection for ROS interfaces[0m
[1.642s] [  4%] [34m[1mGenerating C++ type support for eProsima Fast-RTPS[0m
[1.658s] [35m[1mScanning dependencies of target aubo_msgs__rosidl_generator_c[0m
[1.674s] [  5%] [32mBuilding C object CMakeFiles/aubo_msgs__rosidl_generator_c.dir/rosidl_generator_c/aubo_msgs/msg/detail/masterboard_data_msg__functions.c.o[0m
[1.675s] [  6%] [32mBuilding C object CMakeFiles/aubo_msgs__rosidl_generator_c.dir/rosidl_generator_c/aubo_msgs/msg/detail/robot_state_rt_msg__functions.c.o[0m
[1.675s] [  7%] [32mBuilding C object CMakeFiles/aubo_msgs__rosidl_generator_c.dir/rosidl_generator_c/aubo_msgs/msg/detail/analog__functions.c.o[0m
[1.676s] [  8%] [32mBuilding C object CMakeFiles/aubo_msgs__rosidl_generator_c.dir/rosidl_generator_c/aubo_msgs/msg/detail/io_states__functions.c.o[0m
[1.677s] [  9%] [32mBuilding C object CMakeFiles/aubo_msgs__rosidl_generator_c.dir/rosidl_generator_c/aubo_msgs/msg/detail/digital__functions.c.o[0m
[1.678s] [ 11%] [32mBuilding C object CMakeFiles/aubo_msgs__rosidl_generator_c.dir/rosidl_generator_c/aubo_msgs/msg/detail/robot_mode_data_msg__functions.c.o[0m
[1.678s] [ 11%] [32mBuilding C object CMakeFiles/aubo_msgs__rosidl_generator_c.dir/rosidl_generator_c/aubo_msgs/msg/detail/tool_data_msg__functions.c.o[0m
[1.681s] [ 14%] [32mBuilding C object CMakeFiles/aubo_msgs__rosidl_generator_c.dir/rosidl_generator_c/aubo_msgs/srv/detail/set_payload__functions.c.o[0m
[1.682s] [ 14%] [32mBuilding C object CMakeFiles/aubo_msgs__rosidl_generator_c.dir/rosidl_generator_c/aubo_msgs/srv/detail/set_speed_slider_fraction__functions.c.o[0m
[1.682s] [ 14%] [32mBuilding C object CMakeFiles/aubo_msgs__rosidl_generator_c.dir/rosidl_generator_c/aubo_msgs/srv/detail/set_io__functions.c.o[0m
[1.740s] [ 15%] [32m[1mLinking C shared library libaubo_msgs__rosidl_generator_c.so[0m
[1.767s] [ 15%] Built target aubo_msgs__rosidl_generator_c
[1.774s] [ 16%] [34m[1mGenerating C introspection for ROS interfaces[0m
[1.776s] [ 17%] [34m[1mGenerating C type support dispatch for ROS interfaces[0m
[2.090s] [35m[1mScanning dependencies of target aubo_msgs__rosidl_typesupport_cpp[0m
[2.101s] [ 18%] [32mBuilding CXX object CMakeFiles/aubo_msgs__rosidl_typesupport_cpp.dir/rosidl_typesupport_cpp/aubo_msgs/msg/digital__type_support.cpp.o[0m
[2.101s] [ 19%] [32mBuilding CXX object CMakeFiles/aubo_msgs__rosidl_typesupport_cpp.dir/rosidl_typesupport_cpp/aubo_msgs/msg/analog__type_support.cpp.o[0m
[2.102s] [ 21%] [32mBuilding CXX object CMakeFiles/aubo_msgs__rosidl_typesupport_cpp.dir/rosidl_typesupport_cpp/aubo_msgs/msg/robot_state_rt_msg__type_support.cpp.o[0m
[2.102s] [ 21%] [32mBuilding CXX object CMakeFiles/aubo_msgs__rosidl_typesupport_cpp.dir/rosidl_typesupport_cpp/aubo_msgs/msg/io_states__type_support.cpp.o[0m
[2.103s] [ 22%] [32mBuilding CXX object CMakeFiles/aubo_msgs__rosidl_typesupport_cpp.dir/rosidl_typesupport_cpp/aubo_msgs/msg/robot_mode_data_msg__type_support.cpp.o[0m
[2.103s] [ 24%] [32mBuilding CXX object CMakeFiles/aubo_msgs__rosidl_typesupport_cpp.dir/rosidl_typesupport_cpp/aubo_msgs/msg/tool_data_msg__type_support.cpp.o[0m
[2.103s] [ 25%] [32mBuilding CXX object CMakeFiles/aubo_msgs__rosidl_typesupport_cpp.dir/rosidl_typesupport_cpp/aubo_msgs/srv/set_payload__type_support.cpp.o[0m
[2.104s] [ 26%] [32mBuilding CXX object CMakeFiles/aubo_msgs__rosidl_typesupport_cpp.dir/rosidl_typesupport_cpp/aubo_msgs/srv/set_speed_slider_fraction__type_support.cpp.o[0m
[2.105s] [ 27%] [32mBuilding CXX object CMakeFiles/aubo_msgs__rosidl_typesupport_cpp.dir/rosidl_typesupport_cpp/aubo_msgs/srv/set_io__type_support.cpp.o[0m
[2.108s] [ 23%] [32mBuilding CXX object CMakeFiles/aubo_msgs__rosidl_typesupport_cpp.dir/rosidl_typesupport_cpp/aubo_msgs/msg/masterboard_data_msg__type_support.cpp.o[0m
[2.234s] [35m[1mScanning dependencies of target aubo_msgs__rosidl_typesupport_introspection_cpp[0m
[2.242s] [35m[1mScanning dependencies of target aubo_msgs__rosidl_typesupport_fastrtps_cpp[0m
[2.252s] [ 29%] [32mBuilding CXX object CMakeFiles/aubo_msgs__rosidl_typesupport_introspection_cpp.dir/rosidl_typesupport_introspection_cpp/aubo_msgs/msg/detail/digital__type_support.cpp.o[0m
[2.252s] [ 29%] [32mBuilding CXX object CMakeFiles/aubo_msgs__rosidl_typesupport_introspection_cpp.dir/rosidl_typesupport_introspection_cpp/aubo_msgs/msg/detail/analog__type_support.cpp.o[0m
[2.253s] [ 30%] [32mBuilding CXX object CMakeFiles/aubo_msgs__rosidl_typesupport_introspection_cpp.dir/rosidl_typesupport_introspection_cpp/aubo_msgs/msg/detail/io_states__type_support.cpp.o[0m
[2.253s] [ 31%] [32mBuilding CXX object CMakeFiles/aubo_msgs__rosidl_typesupport_introspection_cpp.dir/rosidl_typesupport_introspection_cpp/aubo_msgs/msg/detail/tool_data_msg__type_support.cpp.o[0m
[2.253s] [ 32%] [32mBuilding CXX object CMakeFiles/aubo_msgs__rosidl_typesupport_introspection_cpp.dir/rosidl_typesupport_introspection_cpp/aubo_msgs/msg/detail/masterboard_data_msg__type_support.cpp.o[0m
[2.253s] [ 33%] [32mBuilding CXX object CMakeFiles/aubo_msgs__rosidl_typesupport_introspection_cpp.dir/rosidl_typesupport_introspection_cpp/aubo_msgs/msg/detail/robot_mode_data_msg__type_support.cpp.o[0m
[2.253s] [ 34%] [32mBuilding CXX object CMakeFiles/aubo_msgs__rosidl_typesupport_introspection_cpp.dir/rosidl_typesupport_introspection_cpp/aubo_msgs/msg/detail/robot_state_rt_msg__type_support.cpp.o[0m
[2.253s] [ 35%] [32mBuilding CXX object CMakeFiles/aubo_msgs__rosidl_typesupport_introspection_cpp.dir/rosidl_typesupport_introspection_cpp/aubo_msgs/srv/detail/set_speed_slider_fraction__type_support.cpp.o[0m
[2.253s] [35m[1mScanning dependencies of target aubo_msgs__rosidl_typesupport_c[0m
[2.254s] [ 36%] [32mBuilding CXX object CMakeFiles/aubo_msgs__rosidl_typesupport_introspection_cpp.dir/rosidl_typesupport_introspection_cpp/aubo_msgs/srv/detail/set_payload__type_support.cpp.o[0m
[2.268s] [ 36%] [32mBuilding CXX object CMakeFiles/aubo_msgs__rosidl_typesupport_fastrtps_cpp.dir/rosidl_typesupport_fastrtps_cpp/aubo_msgs/msg/detail/dds_fastrtps/io_states__type_support.cpp.o[0m
[2.268s] [ 37%] [32mBuilding CXX object CMakeFiles/aubo_msgs__rosidl_typesupport_fastrtps_cpp.dir/rosidl_typesupport_fastrtps_cpp/aubo_msgs/msg/detail/dds_fastrtps/robot_state_rt_msg__type_support.cpp.o[0m
[2.268s] [ 38%] [32mBuilding CXX object CMakeFiles/aubo_msgs__rosidl_typesupport_fastrtps_cpp.dir/rosidl_typesupport_fastrtps_cpp/aubo_msgs/msg/detail/dds_fastrtps/digital__type_support.cpp.o[0m
[2.269s] [ 39%] [32mBuilding CXX object CMakeFiles/aubo_msgs__rosidl_typesupport_c.dir/rosidl_typesupport_c/aubo_msgs/msg/analog__type_support.cpp.o[0m
[2.273s] [ 40%] [32mBuilding CXX object CMakeFiles/aubo_msgs__rosidl_typesupport_introspection_cpp.dir/rosidl_typesupport_introspection_cpp/aubo_msgs/srv/detail/set_io__type_support.cpp.o[0m
[2.277s] [ 41%] [32mBuilding CXX object CMakeFiles/aubo_msgs__rosidl_typesupport_fastrtps_cpp.dir/rosidl_typesupport_fastrtps_cpp/aubo_msgs/msg/detail/dds_fastrtps/analog__type_support.cpp.o[0m
[2.278s] [ 42%] [32mBuilding CXX object CMakeFiles/aubo_msgs__rosidl_typesupport_fastrtps_cpp.dir/rosidl_typesupport_fastrtps_cpp/aubo_msgs/msg/detail/dds_fastrtps/masterboard_data_msg__type_support.cpp.o[0m
[2.279s] [ 43%] [32mBuilding CXX object CMakeFiles/aubo_msgs__rosidl_typesupport_c.dir/rosidl_typesupport_c/aubo_msgs/msg/io_states__type_support.cpp.o[0m
[2.281s] [ 44%] [32mBuilding CXX object CMakeFiles/aubo_msgs__rosidl_typesupport_c.dir/rosidl_typesupport_c/aubo_msgs/msg/digital__type_support.cpp.o[0m
[2.281s] [ 45%] [32mBuilding CXX object CMakeFiles/aubo_msgs__rosidl_typesupport_c.dir/rosidl_typesupport_c/aubo_msgs/msg/robot_state_rt_msg__type_support.cpp.o[0m
[2.281s] [ 46%] [32mBuilding CXX object CMakeFiles/aubo_msgs__rosidl_typesupport_fastrtps_cpp.dir/rosidl_typesupport_fastrtps_cpp/aubo_msgs/msg/detail/dds_fastrtps/tool_data_msg__type_support.cpp.o[0m
[2.305s] [ 47%] [32mBuilding CXX object CMakeFiles/aubo_msgs__rosidl_typesupport_fastrtps_cpp.dir/rosidl_typesupport_fastrtps_cpp/aubo_msgs/msg/detail/dds_fastrtps/robot_mode_data_msg__type_support.cpp.o[0m
[2.323s] [ 48%] [32mBuilding CXX object CMakeFiles/aubo_msgs__rosidl_typesupport_fastrtps_cpp.dir/rosidl_typesupport_fastrtps_cpp/aubo_msgs/srv/detail/dds_fastrtps/set_payload__type_support.cpp.o[0m
[2.350s] [ 49%] [32mBuilding CXX object CMakeFiles/aubo_msgs__rosidl_typesupport_c.dir/rosidl_typesupport_c/aubo_msgs/msg/masterboard_data_msg__type_support.cpp.o[0m
[2.350s] [ 50%] [32mBuilding CXX object CMakeFiles/aubo_msgs__rosidl_typesupport_c.dir/rosidl_typesupport_c/aubo_msgs/msg/robot_mode_data_msg__type_support.cpp.o[0m
[2.354s] [ 51%] [32mBuilding CXX object CMakeFiles/aubo_msgs__rosidl_typesupport_fastrtps_cpp.dir/rosidl_typesupport_fastrtps_cpp/aubo_msgs/srv/detail/dds_fastrtps/set_speed_slider_fraction__type_support.cpp.o[0m
[2.373s] [ 52%] [32mBuilding CXX object CMakeFiles/aubo_msgs__rosidl_typesupport_c.dir/rosidl_typesupport_c/aubo_msgs/msg/tool_data_msg__type_support.cpp.o[0m
[2.379s] [ 53%] [32mBuilding CXX object CMakeFiles/aubo_msgs__rosidl_typesupport_fastrtps_cpp.dir/rosidl_typesupport_fastrtps_cpp/aubo_msgs/srv/detail/dds_fastrtps/set_io__type_support.cpp.o[0m
[2.402s] [ 53%] [32mBuilding CXX object CMakeFiles/aubo_msgs__rosidl_typesupport_c.dir/rosidl_typesupport_c/aubo_msgs/srv/set_speed_slider_fraction__type_support.cpp.o[0m
[2.405s] [ 54%] [32mBuilding CXX object CMakeFiles/aubo_msgs__rosidl_typesupport_c.dir/rosidl_typesupport_c/aubo_msgs/srv/set_payload__type_support.cpp.o[0m
[2.412s] [ 55%] [32mBuilding CXX object CMakeFiles/aubo_msgs__rosidl_typesupport_c.dir/rosidl_typesupport_c/aubo_msgs/srv/set_io__type_support.cpp.o[0m
[2.473s] [35m[1mScanning dependencies of target aubo_msgs__rosidl_typesupport_introspection_c[0m
[2.478s] [ 56%] [32m[1mLinking CXX shared library libaubo_msgs__rosidl_typesupport_cpp.so[0m
[2.509s] [ 57%] [32m[1mLinking CXX shared library libaubo_msgs__rosidl_typesupport_c.so[0m
[2.515s] [ 58%] [32mBuilding C object CMakeFiles/aubo_msgs__rosidl_typesupport_introspection_c.dir/rosidl_typesupport_introspection_c/aubo_msgs/msg/detail/robot_state_rt_msg__type_support.c.o[0m
[2.521s] [ 59%] [32mBuilding C object CMakeFiles/aubo_msgs__rosidl_typesupport_introspection_c.dir/rosidl_typesupport_introspection_c/aubo_msgs/msg/detail/masterboard_data_msg__type_support.c.o[0m
[2.524s] [ 60%] [32mBuilding C object CMakeFiles/aubo_msgs__rosidl_typesupport_introspection_c.dir/rosidl_typesupport_introspection_c/aubo_msgs/msg/detail/robot_mode_data_msg__type_support.c.o[0m
[2.527s] [ 62%] [32mBuilding C object CMakeFiles/aubo_msgs__rosidl_typesupport_introspection_c.dir/rosidl_typesupport_introspection_c/aubo_msgs/msg/detail/io_states__type_support.c.o[0m
[2.527s] [ 62%] [32mBuilding C object CMakeFiles/aubo_msgs__rosidl_typesupport_introspection_c.dir/rosidl_typesupport_introspection_c/aubo_msgs/msg/detail/digital__type_support.c.o[0m
[2.530s] [ 63%] [32mBuilding C object CMakeFiles/aubo_msgs__rosidl_typesupport_introspection_c.dir/rosidl_typesupport_introspection_c/aubo_msgs/srv/detail/set_payload__type_support.c.o[0m
[2.535s] [ 63%] Built target aubo_msgs__rosidl_typesupport_cpp
[2.538s] [ 64%] [32mBuilding C object CMakeFiles/aubo_msgs__rosidl_typesupport_introspection_c.dir/rosidl_typesupport_introspection_c/aubo_msgs/msg/detail/analog__type_support.c.o[0m
[2.539s] [ 65%] [32mBuilding C object CMakeFiles/aubo_msgs__rosidl_typesupport_introspection_c.dir/rosidl_typesupport_introspection_c/aubo_msgs/msg/detail/tool_data_msg__type_support.c.o[0m
[2.566s] [ 66%] [32mBuilding C object CMakeFiles/aubo_msgs__rosidl_typesupport_introspection_c.dir/rosidl_typesupport_introspection_c/aubo_msgs/srv/detail/set_speed_slider_fraction__type_support.c.o[0m
[2.589s] [ 67%] [32mBuilding C object CMakeFiles/aubo_msgs__rosidl_typesupport_introspection_c.dir/rosidl_typesupport_introspection_c/aubo_msgs/srv/detail/set_io__type_support.c.o[0m
[2.596s] [ 67%] Built target aubo_msgs__rosidl_typesupport_c
[2.647s] [ 68%] [32m[1mLinking C shared library libaubo_msgs__rosidl_typesupport_introspection_c.so[0m
[2.731s] [ 68%] Built target aubo_msgs__rosidl_typesupport_introspection_c
[2.763s] [ 69%] [32m[1mLinking CXX shared library libaubo_msgs__rosidl_typesupport_introspection_cpp.so[0m
[2.915s] [ 70%] [32m[1mLinking CXX shared library libaubo_msgs__rosidl_typesupport_fastrtps_cpp.so[0m
[2.920s] [ 70%] Built target aubo_msgs__rosidl_typesupport_introspection_cpp
[3.069s] [ 70%] Built target aubo_msgs__rosidl_typesupport_fastrtps_cpp
[3.080s] [ 71%] [34m[1mGenerating C type support for eProsima Fast-RTPS[0m
[3.718s] [35m[1mScanning dependencies of target aubo_msgs__rosidl_typesupport_fastrtps_c[0m
[3.733s] [ 72%] [32mBuilding CXX object CMakeFiles/aubo_msgs__rosidl_typesupport_fastrtps_c.dir/rosidl_typesupport_fastrtps_c/aubo_msgs/msg/detail/analog__type_support_c.cpp.o[0m
[3.734s] [ 73%] [32mBuilding CXX object CMakeFiles/aubo_msgs__rosidl_typesupport_fastrtps_c.dir/rosidl_typesupport_fastrtps_c/aubo_msgs/msg/detail/digital__type_support_c.cpp.o[0m
[3.734s] [ 74%] [32mBuilding CXX object CMakeFiles/aubo_msgs__rosidl_typesupport_fastrtps_c.dir/rosidl_typesupport_fastrtps_c/aubo_msgs/msg/detail/io_states__type_support_c.cpp.o[0m
[3.735s] [ 75%] [32mBuilding CXX object CMakeFiles/aubo_msgs__rosidl_typesupport_fastrtps_c.dir/rosidl_typesupport_fastrtps_c/aubo_msgs/msg/detail/robot_state_rt_msg__type_support_c.cpp.o[0m
[3.736s] [ 76%] [32mBuilding CXX object CMakeFiles/aubo_msgs__rosidl_typesupport_fastrtps_c.dir/rosidl_typesupport_fastrtps_c/aubo_msgs/srv/detail/set_payload__type_support_c.cpp.o[0m
[3.736s] [ 78%] [32mBuilding CXX object CMakeFiles/aubo_msgs__rosidl_typesupport_fastrtps_c.dir/rosidl_typesupport_fastrtps_c/aubo_msgs/msg/detail/robot_mode_data_msg__type_support_c.cpp.o[0m
[3.736s] [ 79%] [32mBuilding CXX object CMakeFiles/aubo_msgs__rosidl_typesupport_fastrtps_c.dir/rosidl_typesupport_fastrtps_c/aubo_msgs/msg/detail/tool_data_msg__type_support_c.cpp.o[0m
[3.736s] [ 79%] [32mBuilding CXX object CMakeFiles/aubo_msgs__rosidl_typesupport_fastrtps_c.dir/rosidl_typesupport_fastrtps_c/aubo_msgs/msg/detail/masterboard_data_msg__type_support_c.cpp.o[0m
[3.737s] [ 80%] [32mBuilding CXX object CMakeFiles/aubo_msgs__rosidl_typesupport_fastrtps_c.dir/rosidl_typesupport_fastrtps_c/aubo_msgs/srv/detail/set_speed_slider_fraction__type_support_c.cpp.o[0m
[3.737s] [ 81%] [32mBuilding CXX object CMakeFiles/aubo_msgs__rosidl_typesupport_fastrtps_c.dir/rosidl_typesupport_fastrtps_c/aubo_msgs/srv/detail/set_io__type_support_c.cpp.o[0m
[4.018s] [ 82%] [32m[1mLinking CXX shared library libaubo_msgs__rosidl_typesupport_fastrtps_c.so[0m
[4.071s] [ 82%] Built target aubo_msgs__rosidl_typesupport_fastrtps_c
[4.077s] [35m[1mScanning dependencies of target aubo_msgs[0m
[4.083s] [ 82%] Built target aubo_msgs
[4.088s] [35m[1mScanning dependencies of target aubo_msgs__py[0m
[4.094s] [ 83%] [34m[1mGenerating Python code for ROS interfaces[0m
[5.148s] [ 83%] Built target aubo_msgs__py
[5.153s] [35m[1mScanning dependencies of target aubo_msgs__python[0m
[5.172s] [ 85%] [32mBuilding C object CMakeFiles/aubo_msgs__python.dir/rosidl_generator_py/aubo_msgs/msg/_analog_s.c.o[0m
[5.172s] [ 85%] [32mBuilding C object CMakeFiles/aubo_msgs__python.dir/rosidl_generator_py/aubo_msgs/msg/_digital_s.c.o[0m
[5.172s] [ 86%] [32mBuilding C object CMakeFiles/aubo_msgs__python.dir/rosidl_generator_py/aubo_msgs/msg/_io_states_s.c.o[0m
[5.172s] [ 87%] [32mBuilding C object CMakeFiles/aubo_msgs__python.dir/rosidl_generator_py/aubo_msgs/msg/_robot_state_rt_msg_s.c.o[0m
[5.173s] [ 88%] [32mBuilding C object CMakeFiles/aubo_msgs__python.dir/rosidl_generator_py/aubo_msgs/msg/_masterboard_data_msg_s.c.o[0m
[5.173s] [ 89%] [32mBuilding C object CMakeFiles/aubo_msgs__python.dir/rosidl_generator_py/aubo_msgs/msg/_robot_mode_data_msg_s.c.o[0m
[5.174s] [ 90%] [32mBuilding C object CMakeFiles/aubo_msgs__python.dir/rosidl_generator_py/aubo_msgs/msg/_tool_data_msg_s.c.o[0m
[5.176s] [ 91%] [32mBuilding C object CMakeFiles/aubo_msgs__python.dir/rosidl_generator_py/aubo_msgs/srv/_set_payload_s.c.o[0m
[5.176s] [ 92%] [32mBuilding C object CMakeFiles/aubo_msgs__python.dir/rosidl_generator_py/aubo_msgs/srv/_set_speed_slider_fraction_s.c.o[0m
[5.176s] [ 93%] [32mBuilding C object CMakeFiles/aubo_msgs__python.dir/rosidl_generator_py/aubo_msgs/srv/_set_io_s.c.o[0m
[5.270s] [ 94%] [32m[1mLinking C shared library rosidl_generator_py/aubo_msgs/libaubo_msgs__python.so[0m
[5.298s] [ 94%] Built target aubo_msgs__python
[5.304s] [35m[1mScanning dependencies of target aubo_msgs__rosidl_typesupport_c__pyext[0m
[5.304s] [35m[1mScanning dependencies of target aubo_msgs__rosidl_typesupport_fastrtps_c__pyext[0m
[5.304s] [35m[1mScanning dependencies of target aubo_msgs__rosidl_typesupport_introspection_c__pyext[0m
[5.314s] [ 95%] [32mBuilding C object CMakeFiles/aubo_msgs__rosidl_typesupport_c__pyext.dir/rosidl_generator_py/aubo_msgs/_aubo_msgs_s.ep.rosidl_typesupport_c.c.o[0m
[5.315s] [ 96%] [32mBuilding C object CMakeFiles/aubo_msgs__rosidl_typesupport_fastrtps_c__pyext.dir/rosidl_generator_py/aubo_msgs/_aubo_msgs_s.ep.rosidl_typesupport_fastrtps_c.c.o[0m
[5.316s] [ 97%] [32mBuilding C object CMakeFiles/aubo_msgs__rosidl_typesupport_introspection_c__pyext.dir/rosidl_generator_py/aubo_msgs/_aubo_msgs_s.ep.rosidl_typesupport_introspection_c.c.o[0m
[5.384s] [ 98%] [32m[1mLinking CXX shared library rosidl_generator_py/aubo_msgs/aubo_msgs_s__rosidl_typesupport_fastrtps_c.cpython-38-x86_64-linux-gnu.so[0m
[5.384s] [ 99%] [32m[1mLinking C shared library rosidl_generator_py/aubo_msgs/aubo_msgs_s__rosidl_typesupport_c.cpython-38-x86_64-linux-gnu.so[0m
[5.386s] [100%] [32m[1mLinking C shared library rosidl_generator_py/aubo_msgs/aubo_msgs_s__rosidl_typesupport_introspection_c.cpython-38-x86_64-linux-gnu.so[0m
[5.408s] [100%] Built target aubo_msgs__rosidl_typesupport_c__pyext
[5.409s] [100%] Built target aubo_msgs__rosidl_typesupport_introspection_c__pyext
[5.427s] [100%] Built target aubo_msgs__rosidl_typesupport_fastrtps_c__pyext
[5.434s] Invoked command in '/home/mu/IVG/aubo_ros2_ws/build/aubo_msgs' returned '0': CMAKE_PREFIX_PATH=${CMAKE_PREFIX_PATH}:/opt/ros/foxy /usr/bin/cmake --build /home/mu/IVG/aubo_ros2_ws/build/aubo_msgs -- -j32 -l32
[5.437s] Invoking command in '/home/mu/IVG/aubo_ros2_ws/build/aubo_msgs': CMAKE_PREFIX_PATH=${CMAKE_PREFIX_PATH}:/opt/ros/foxy /usr/bin/cmake --install /home/mu/IVG/aubo_ros2_ws/build/aubo_msgs
[5.442s] -- Install configuration: ""
[5.442s] -- Installing: /home/mu/IVG/aubo_ros2_ws/install/aubo_msgs/share/ament_index/resource_index/rosidl_interfaces/aubo_msgs
[5.442s] -- Installing: /home/mu/IVG/aubo_ros2_ws/install/aubo_msgs/include/aubo_msgs
[5.442s] -- Installing: /home/mu/IVG/aubo_ros2_ws/install/aubo_msgs/include/aubo_msgs/srv
[5.442s] -- Installing: /home/mu/IVG/aubo_ros2_ws/install/aubo_msgs/include/aubo_msgs/srv/set_speed_slider_fraction.h
[5.442s] -- Installing: /home/mu/IVG/aubo_ros2_ws/install/aubo_msgs/include/aubo_msgs/srv/detail
[5.442s] -- Installing: /home/mu/IVG/aubo_ros2_ws/install/aubo_msgs/include/aubo_msgs/srv/detail/set_io__type_support.h
[5.442s] -- Installing: /home/mu/IVG/aubo_ros2_ws/install/aubo_msgs/include/aubo_msgs/srv/detail/set_io__functions.h
[5.442s] -- Installing: /home/mu/IVG/aubo_ros2_ws/install/aubo_msgs/include/aubo_msgs/srv/detail/set_payload__functions.c
[5.442s] -- Installing: /home/mu/IVG/aubo_ros2_ws/install/aubo_msgs/include/aubo_msgs/srv/detail/set_io__struct.h
[5.442s] -- Installing: /home/mu/IVG/aubo_ros2_ws/install/aubo_msgs/include/aubo_msgs/srv/detail/set_payload__type_support.h
[5.442s] -- Installing: /home/mu/IVG/aubo_ros2_ws/install/aubo_msgs/include/aubo_msgs/srv/detail/set_speed_slider_fraction__struct.h
[5.442s] -- Installing: /home/mu/IVG/aubo_ros2_ws/install/aubo_msgs/include/aubo_msgs/srv/detail/set_speed_slider_fraction__type_support.h
[5.443s] -- Installing: /home/mu/IVG/aubo_ros2_ws/install/aubo_msgs/include/aubo_msgs/srv/detail/set_speed_slider_fraction__functions.c
[5.443s] -- Installing: /home/mu/IVG/aubo_ros2_ws/install/aubo_msgs/include/aubo_msgs/srv/detail/set_speed_slider_fraction__functions.h
[5.443s] -- Installing: /home/mu/IVG/aubo_ros2_ws/install/aubo_msgs/include/aubo_msgs/srv/detail/set_payload__functions.h
[5.443s] -- Installing: /home/mu/IVG/aubo_ros2_ws/install/aubo_msgs/include/aubo_msgs/srv/detail/set_io__functions.c
[5.443s] -- Installing: /home/mu/IVG/aubo_ros2_ws/install/aubo_msgs/include/aubo_msgs/srv/detail/set_payload__struct.h
[5.443s] -- Installing: /home/mu/IVG/aubo_ros2_ws/install/aubo_msgs/include/aubo_msgs/srv/set_payload.h
[5.443s] -- Installing: /home/mu/IVG/aubo_ros2_ws/install/aubo_msgs/include/aubo_msgs/srv/set_io.h
[5.443s] -- Installing: /home/mu/IVG/aubo_ros2_ws/install/aubo_msgs/include/aubo_msgs/msg
[5.443s] -- Installing: /home/mu/IVG/aubo_ros2_ws/install/aubo_msgs/include/aubo_msgs/msg/analog.h
[5.443s] -- Installing: /home/mu/IVG/aubo_ros2_ws/install/aubo_msgs/include/aubo_msgs/msg/robot_state_rt_msg.h
[5.443s] -- Installing: /home/mu/IVG/aubo_ros2_ws/install/aubo_msgs/include/aubo_msgs/msg/tool_data_msg.h
[5.443s] -- Installing: /home/mu/IVG/aubo_ros2_ws/install/aubo_msgs/include/aubo_msgs/msg/detail
[5.443s] -- Installing: /home/mu/IVG/aubo_ros2_ws/install/aubo_msgs/include/aubo_msgs/msg/detail/io_states__type_support.h
[5.444s] -- Installing: /home/mu/IVG/aubo_ros2_ws/install/aubo_msgs/include/aubo_msgs/msg/detail/robot_mode_data_msg__functions.c
[5.444s] -- Installing: /home/mu/IVG/aubo_ros2_ws/install/aubo_msgs/include/aubo_msgs/msg/detail/analog__type_support.h
[5.444s] -- Installing: /home/mu/IVG/aubo_ros2_ws/install/aubo_msgs/include/aubo_msgs/msg/detail/io_states__struct.h
[5.444s] -- Installing: /home/mu/IVG/aubo_ros2_ws/install/aubo_msgs/include/aubo_msgs/msg/detail/tool_data_msg__struct.h
[5.444s] -- Installing: /home/mu/IVG/aubo_ros2_ws/install/aubo_msgs/include/aubo_msgs/msg/detail/io_states__functions.c
[5.444s] -- Installing: /home/mu/IVG/aubo_ros2_ws/install/aubo_msgs/include/aubo_msgs/msg/detail/robot_state_rt_msg__functions.h
[5.444s] -- Installing: /home/mu/IVG/aubo_ros2_ws/install/aubo_msgs/include/aubo_msgs/msg/detail/digital__struct.h
[5.444s] -- Installing: /home/mu/IVG/aubo_ros2_ws/install/aubo_msgs/include/aubo_msgs/msg/detail/robot_mode_data_msg__struct.h
[5.444s] -- Installing: /home/mu/IVG/aubo_ros2_ws/install/aubo_msgs/include/aubo_msgs/msg/detail/masterboard_data_msg__type_support.h
[5.444s] -- Installing: /home/mu/IVG/aubo_ros2_ws/install/aubo_msgs/include/aubo_msgs/msg/detail/digital__functions.h
[5.444s] -- Installing: /home/mu/IVG/aubo_ros2_ws/install/aubo_msgs/include/aubo_msgs/msg/detail/masterboard_data_msg__struct.h
[5.444s] -- Installing: /home/mu/IVG/aubo_ros2_ws/install/aubo_msgs/include/aubo_msgs/msg/detail/robot_state_rt_msg__struct.h
[5.444s] -- Installing: /home/mu/IVG/aubo_ros2_ws/install/aubo_msgs/include/aubo_msgs/msg/detail/digital__functions.c
[5.444s] -- Installing: /home/mu/IVG/aubo_ros2_ws/install/aubo_msgs/include/aubo_msgs/msg/detail/tool_data_msg__functions.c
[5.444s] -- Installing: /home/mu/IVG/aubo_ros2_ws/install/aubo_msgs/include/aubo_msgs/msg/detail/tool_data_msg__type_support.h
[5.445s] -- Installing: /home/mu/IVG/aubo_ros2_ws/install/aubo_msgs/include/aubo_msgs/msg/detail/masterboard_data_msg__functions.c
[5.445s] -- Installing: /home/mu/IVG/aubo_ros2_ws/install/aubo_msgs/include/aubo_msgs/msg/detail/analog__functions.c
[5.445s] -- Installing: /home/mu/IVG/aubo_ros2_ws/install/aubo_msgs/include/aubo_msgs/msg/detail/analog__functions.h
[5.445s] -- Installing: /home/mu/IVG/aubo_ros2_ws/install/aubo_msgs/include/aubo_msgs/msg/detail/tool_data_msg__functions.h
[5.445s] -- Installing: /home/mu/IVG/aubo_ros2_ws/install/aubo_msgs/include/aubo_msgs/msg/detail/robot_state_rt_msg__functions.c
[5.445s] -- Installing: /home/mu/IVG/aubo_ros2_ws/install/aubo_msgs/include/aubo_msgs/msg/detail/robot_state_rt_msg__type_support.h
[5.445s] -- Installing: /home/mu/IVG/aubo_ros2_ws/install/aubo_msgs/include/aubo_msgs/msg/detail/analog__struct.h
[5.445s] -- Installing: /home/mu/IVG/aubo_ros2_ws/install/aubo_msgs/include/aubo_msgs/msg/detail/masterboard_data_msg__functions.h
[5.445s] -- Installing: /home/mu/IVG/aubo_ros2_ws/install/aubo_msgs/include/aubo_msgs/msg/detail/digital__type_support.h
[5.445s] -- Installing: /home/mu/IVG/aubo_ros2_ws/install/aubo_msgs/include/aubo_msgs/msg/detail/io_states__functions.h
[5.445s] -- Installing: /home/mu/IVG/aubo_ros2_ws/install/aubo_msgs/include/aubo_msgs/msg/detail/robot_mode_data_msg__type_support.h
[5.445s] -- Installing: /home/mu/IVG/aubo_ros2_ws/install/aubo_msgs/include/aubo_msgs/msg/detail/robot_mode_data_msg__functions.h
[5.445s] -- Installing: /home/mu/IVG/aubo_ros2_ws/install/aubo_msgs/include/aubo_msgs/msg/masterboard_data_msg.h
[5.445s] -- Installing: /home/mu/IVG/aubo_ros2_ws/install/aubo_msgs/include/aubo_msgs/msg/digital.h
[5.446s] -- Installing: /home/mu/IVG/aubo_ros2_ws/install/aubo_msgs/include/aubo_msgs/msg/robot_mode_data_msg.h
[5.446s] -- Installing: /home/mu/IVG/aubo_ros2_ws/install/aubo_msgs/include/aubo_msgs/msg/rosidl_generator_c__visibility_control.h
[5.446s] -- Installing: /home/mu/IVG/aubo_ros2_ws/install/aubo_msgs/include/aubo_msgs/msg/io_states.h
[5.446s] -- Installing: /home/mu/IVG/aubo_ros2_ws/install/aubo_msgs/share/aubo_msgs/environment/library_path.sh
[5.446s] -- Installing: /home/mu/IVG/aubo_ros2_ws/install/aubo_msgs/share/aubo_msgs/environment/library_path.dsv
[5.446s] -- Installing: /home/mu/IVG/aubo_ros2_ws/install/aubo_msgs/lib/libaubo_msgs__rosidl_generator_c.so
[5.446s] -- Set runtime path of "/home/mu/IVG/aubo_ros2_ws/install/aubo_msgs/lib/libaubo_msgs__rosidl_generator_c.so" to ""
[5.446s] -- Up-to-date: /home/mu/IVG/aubo_ros2_ws/install/aubo_msgs/include/aubo_msgs
[5.446s] -- Up-to-date: /home/mu/IVG/aubo_ros2_ws/install/aubo_msgs/include/aubo_msgs/srv
[5.446s] -- Up-to-date: /home/mu/IVG/aubo_ros2_ws/install/aubo_msgs/include/aubo_msgs/srv/detail
[5.446s] -- Installing: /home/mu/IVG/aubo_ros2_ws/install/aubo_msgs/include/aubo_msgs/srv/detail/set_io__rosidl_typesupport_fastrtps_c.h
[5.446s] -- Installing: /home/mu/IVG/aubo_ros2_ws/install/aubo_msgs/include/aubo_msgs/srv/detail/set_speed_slider_fraction__rosidl_typesupport_fastrtps_c.h
[5.446s] -- Installing: /home/mu/IVG/aubo_ros2_ws/install/aubo_msgs/include/aubo_msgs/srv/detail/set_payload__rosidl_typesupport_fastrtps_c.h
[5.446s] -- Up-to-date: /home/mu/IVG/aubo_ros2_ws/install/aubo_msgs/include/aubo_msgs/msg
[5.446s] -- Up-to-date: /home/mu/IVG/aubo_ros2_ws/install/aubo_msgs/include/aubo_msgs/msg/detail
[5.446s] -- Installing: /home/mu/IVG/aubo_ros2_ws/install/aubo_msgs/include/aubo_msgs/msg/detail/digital__rosidl_typesupport_fastrtps_c.h
[5.446s] -- Installing: /home/mu/IVG/aubo_ros2_ws/install/aubo_msgs/include/aubo_msgs/msg/detail/tool_data_msg__rosidl_typesupport_fastrtps_c.h
[5.446s] -- Installing: /home/mu/IVG/aubo_ros2_ws/install/aubo_msgs/include/aubo_msgs/msg/detail/robot_mode_data_msg__rosidl_typesupport_fastrtps_c.h
[5.446s] -- Installing: /home/mu/IVG/aubo_ros2_ws/install/aubo_msgs/include/aubo_msgs/msg/detail/masterboard_data_msg__rosidl_typesupport_fastrtps_c.h
[5.446s] -- Installing: /home/mu/IVG/aubo_ros2_ws/install/aubo_msgs/include/aubo_msgs/msg/detail/analog__rosidl_typesupport_fastrtps_c.h
[5.446s] -- Installing: /home/mu/IVG/aubo_ros2_ws/install/aubo_msgs/include/aubo_msgs/msg/detail/robot_state_rt_msg__rosidl_typesupport_fastrtps_c.h
[5.447s] -- Installing: /home/mu/IVG/aubo_ros2_ws/install/aubo_msgs/include/aubo_msgs/msg/detail/io_states__rosidl_typesupport_fastrtps_c.h
[5.447s] -- Installing: /home/mu/IVG/aubo_ros2_ws/install/aubo_msgs/include/aubo_msgs/msg/rosidl_typesupport_fastrtps_c__visibility_control.h
[5.447s] -- Installing: /home/mu/IVG/aubo_ros2_ws/install/aubo_msgs/lib/libaubo_msgs__rosidl_typesupport_fastrtps_c.so
[5.447s] -- Set runtime path of "/home/mu/IVG/aubo_ros2_ws/install/aubo_msgs/lib/libaubo_msgs__rosidl_typesupport_fastrtps_c.so" to ""
[5.447s] -- Up-to-date: /home/mu/IVG/aubo_ros2_ws/install/aubo_msgs/include/aubo_msgs
[5.447s] -- Up-to-date: /home/mu/IVG/aubo_ros2_ws/install/aubo_msgs/include/aubo_msgs/srv
[5.447s] -- Up-to-date: /home/mu/IVG/aubo_ros2_ws/install/aubo_msgs/include/aubo_msgs/srv/detail
[5.447s] -- Installing: /home/mu/IVG/aubo_ros2_ws/install/aubo_msgs/include/aubo_msgs/srv/detail/dds_fastrtps
[5.447s] -- Installing: /home/mu/IVG/aubo_ros2_ws/install/aubo_msgs/include/aubo_msgs/srv/detail/set_io__rosidl_typesupport_fastrtps_cpp.hpp
[5.447s] -- Installing: /home/mu/IVG/aubo_ros2_ws/install/aubo_msgs/include/aubo_msgs/srv/detail/set_speed_slider_fraction__rosidl_typesupport_fastrtps_cpp.hpp
[5.447s] -- Installing: /home/mu/IVG/aubo_ros2_ws/install/aubo_msgs/include/aubo_msgs/srv/detail/set_payload__rosidl_typesupport_fastrtps_cpp.hpp
[5.447s] -- Up-to-date: /home/mu/IVG/aubo_ros2_ws/install/aubo_msgs/include/aubo_msgs/msg
[5.447s] -- Up-to-date: /home/mu/IVG/aubo_ros2_ws/install/aubo_msgs/include/aubo_msgs/msg/detail
[5.447s] -- Installing: /home/mu/IVG/aubo_ros2_ws/install/aubo_msgs/include/aubo_msgs/msg/detail/robot_state_rt_msg__rosidl_typesupport_fastrtps_cpp.hpp
[5.447s] -- Installing: /home/mu/IVG/aubo_ros2_ws/install/aubo_msgs/include/aubo_msgs/msg/detail/dds_fastrtps
[5.447s] -- Installing: /home/mu/IVG/aubo_ros2_ws/install/aubo_msgs/include/aubo_msgs/msg/detail/masterboard_data_msg__rosidl_typesupport_fastrtps_cpp.hpp
[5.447s] -- Installing: /home/mu/IVG/aubo_ros2_ws/install/aubo_msgs/include/aubo_msgs/msg/detail/io_states__rosidl_typesupport_fastrtps_cpp.hpp
[5.447s] -- Installing: /home/mu/IVG/aubo_ros2_ws/install/aubo_msgs/include/aubo_msgs/msg/detail/robot_mode_data_msg__rosidl_typesupport_fastrtps_cpp.hpp
[5.447s] -- Installing: /home/mu/IVG/aubo_ros2_ws/install/aubo_msgs/include/aubo_msgs/msg/detail/analog__rosidl_typesupport_fastrtps_cpp.hpp
[5.447s] -- Installing: /home/mu/IVG/aubo_ros2_ws/install/aubo_msgs/include/aubo_msgs/msg/detail/digital__rosidl_typesupport_fastrtps_cpp.hpp
[5.447s] -- Installing: /home/mu/IVG/aubo_ros2_ws/install/aubo_msgs/include/aubo_msgs/msg/detail/tool_data_msg__rosidl_typesupport_fastrtps_cpp.hpp
[5.447s] -- Installing: /home/mu/IVG/aubo_ros2_ws/install/aubo_msgs/include/aubo_msgs/msg/rosidl_typesupport_fastrtps_cpp__visibility_control.h
[5.447s] -- Installing: /home/mu/IVG/aubo_ros2_ws/install/aubo_msgs/lib/libaubo_msgs__rosidl_typesupport_fastrtps_cpp.so
[5.447s] -- Set runtime path of "/home/mu/IVG/aubo_ros2_ws/install/aubo_msgs/lib/libaubo_msgs__rosidl_typesupport_fastrtps_cpp.so" to ""
[5.447s] -- Up-to-date: /home/mu/IVG/aubo_ros2_ws/install/aubo_msgs/include/aubo_msgs
[5.447s] -- Up-to-date: /home/mu/IVG/aubo_ros2_ws/install/aubo_msgs/include/aubo_msgs/srv
[5.447s] -- Up-to-date: /home/mu/IVG/aubo_ros2_ws/install/aubo_msgs/include/aubo_msgs/srv/detail
[5.447s] -- Installing: /home/mu/IVG/aubo_ros2_ws/install/aubo_msgs/include/aubo_msgs/srv/detail/set_io__rosidl_typesupport_introspection_c.h
[5.447s] -- Installing: /home/mu/IVG/aubo_ros2_ws/install/aubo_msgs/include/aubo_msgs/srv/detail/set_speed_slider_fraction__rosidl_typesupport_introspection_c.h
[5.447s] -- Installing: /home/mu/IVG/aubo_ros2_ws/install/aubo_msgs/include/aubo_msgs/srv/detail/set_payload__type_support.c
[5.448s] -- Installing: /home/mu/IVG/aubo_ros2_ws/install/aubo_msgs/include/aubo_msgs/srv/detail/set_payload__rosidl_typesupport_introspection_c.h
[5.448s] -- Installing: /home/mu/IVG/aubo_ros2_ws/install/aubo_msgs/include/aubo_msgs/srv/detail/set_io__type_support.c
[5.448s] -- Installing: /home/mu/IVG/aubo_ros2_ws/install/aubo_msgs/include/aubo_msgs/srv/detail/set_speed_slider_fraction__type_support.c
[5.448s] -- Up-to-date: /home/mu/IVG/aubo_ros2_ws/install/aubo_msgs/include/aubo_msgs/msg
[5.448s] -- Installing: /home/mu/IVG/aubo_ros2_ws/install/aubo_msgs/include/aubo_msgs/msg/rosidl_typesupport_introspection_c__visibility_control.h
[5.448s] -- Up-to-date: /home/mu/IVG/aubo_ros2_ws/install/aubo_msgs/include/aubo_msgs/msg/detail
[5.448s] -- Installing: /home/mu/IVG/aubo_ros2_ws/install/aubo_msgs/include/aubo_msgs/msg/detail/masterboard_data_msg__type_support.c
[5.448s] -- Installing: /home/mu/IVG/aubo_ros2_ws/install/aubo_msgs/include/aubo_msgs/msg/detail/tool_data_msg__rosidl_typesupport_introspection_c.h
[5.448s] -- Installing: /home/mu/IVG/aubo_ros2_ws/install/aubo_msgs/include/aubo_msgs/msg/detail/robot_mode_data_msg__type_support.c
[5.448s] -- Installing: /home/mu/IVG/aubo_ros2_ws/install/aubo_msgs/include/aubo_msgs/msg/detail/analog__rosidl_typesupport_introspection_c.h
[5.448s] -- Installing: /home/mu/IVG/aubo_ros2_ws/install/aubo_msgs/include/aubo_msgs/msg/detail/robot_state_rt_msg__rosidl_typesupport_introspection_c.h
[5.448s] -- Installing: /home/mu/IVG/aubo_ros2_ws/install/aubo_msgs/include/aubo_msgs/msg/detail/digital__rosidl_typesupport_introspection_c.h
[5.448s] -- Installing: /home/mu/IVG/aubo_ros2_ws/install/aubo_msgs/include/aubo_msgs/msg/detail/robot_mode_data_msg__rosidl_typesupport_introspection_c.h
[5.448s] -- Installing: /home/mu/IVG/aubo_ros2_ws/install/aubo_msgs/include/aubo_msgs/msg/detail/robot_state_rt_msg__type_support.c
[5.448s] -- Installing: /home/mu/IVG/aubo_ros2_ws/install/aubo_msgs/include/aubo_msgs/msg/detail/analog__type_support.c
[5.448s] -- Installing: /home/mu/IVG/aubo_ros2_ws/install/aubo_msgs/include/aubo_msgs/msg/detail/io_states__type_support.c
[5.448s] -- Installing: /home/mu/IVG/aubo_ros2_ws/install/aubo_msgs/include/aubo_msgs/msg/detail/io_states__rosidl_typesupport_introspection_c.h
[5.448s] -- Installing: /home/mu/IVG/aubo_ros2_ws/install/aubo_msgs/include/aubo_msgs/msg/detail/masterboard_data_msg__rosidl_typesupport_introspection_c.h
[5.448s] -- Installing: /home/mu/IVG/aubo_ros2_ws/install/aubo_msgs/include/aubo_msgs/msg/detail/digital__type_support.c
[5.448s] -- Installing: /home/mu/IVG/aubo_ros2_ws/install/aubo_msgs/include/aubo_msgs/msg/detail/tool_data_msg__type_support.c
[5.448s] -- Installing: /home/mu/IVG/aubo_ros2_ws/install/aubo_msgs/lib/libaubo_msgs__rosidl_typesupport_introspection_c.so
[5.448s] -- Set runtime path of "/home/mu/IVG/aubo_ros2_ws/install/aubo_msgs/lib/libaubo_msgs__rosidl_typesupport_introspection_c.so" to ""
[5.448s] -- Installing: /home/mu/IVG/aubo_ros2_ws/install/aubo_msgs/lib/libaubo_msgs__rosidl_typesupport_c.so
[5.448s] -- Set runtime path of "/home/mu/IVG/aubo_ros2_ws/install/aubo_msgs/lib/libaubo_msgs__rosidl_typesupport_c.so" to ""
[5.448s] -- Up-to-date: /home/mu/IVG/aubo_ros2_ws/install/aubo_msgs/include/aubo_msgs
[5.448s] -- Up-to-date: /home/mu/IVG/aubo_ros2_ws/install/aubo_msgs/include/aubo_msgs/srv
[5.448s] -- Installing: /home/mu/IVG/aubo_ros2_ws/install/aubo_msgs/include/aubo_msgs/srv/set_speed_slider_fraction.hpp
[5.448s] -- Up-to-date: /home/mu/IVG/aubo_ros2_ws/install/aubo_msgs/include/aubo_msgs/srv/detail
[5.448s] -- Installing: /home/mu/IVG/aubo_ros2_ws/install/aubo_msgs/include/aubo_msgs/srv/detail/set_speed_slider_fraction__struct.hpp
[5.448s] -- Installing: /home/mu/IVG/aubo_ros2_ws/install/aubo_msgs/include/aubo_msgs/srv/detail/set_payload__type_support.hpp
[5.449s] -- Installing: /home/mu/IVG/aubo_ros2_ws/install/aubo_msgs/include/aubo_msgs/srv/detail/set_speed_slider_fraction__traits.hpp
[5.449s] -- Installing: /home/mu/IVG/aubo_ros2_ws/install/aubo_msgs/include/aubo_msgs/srv/detail/set_io__type_support.hpp
[5.449s] -- Installing: /home/mu/IVG/aubo_ros2_ws/install/aubo_msgs/include/aubo_msgs/srv/detail/set_io__traits.hpp
[5.449s] -- Installing: /home/mu/IVG/aubo_ros2_ws/install/aubo_msgs/include/aubo_msgs/srv/detail/set_payload__traits.hpp
[5.449s] -- Installing: /home/mu/IVG/aubo_ros2_ws/install/aubo_msgs/include/aubo_msgs/srv/detail/set_speed_slider_fraction__type_support.hpp
[5.449s] -- Installing: /home/mu/IVG/aubo_ros2_ws/install/aubo_msgs/include/aubo_msgs/srv/detail/set_io__builder.hpp
[5.449s] -- Installing: /home/mu/IVG/aubo_ros2_ws/install/aubo_msgs/include/aubo_msgs/srv/detail/set_io__struct.hpp
[5.449s] -- Installing: /home/mu/IVG/aubo_ros2_ws/install/aubo_msgs/include/aubo_msgs/srv/detail/set_payload__builder.hpp
[5.449s] -- Installing: /home/mu/IVG/aubo_ros2_ws/install/aubo_msgs/include/aubo_msgs/srv/detail/set_speed_slider_fraction__builder.hpp
[5.449s] -- Installing: /home/mu/IVG/aubo_ros2_ws/install/aubo_msgs/include/aubo_msgs/srv/detail/set_payload__struct.hpp
[5.449s] -- Installing: /home/mu/IVG/aubo_ros2_ws/install/aubo_msgs/include/aubo_msgs/srv/set_io.hpp
[5.449s] -- Installing: /home/mu/IVG/aubo_ros2_ws/install/aubo_msgs/include/aubo_msgs/srv/set_payload.hpp
[5.449s] -- Up-to-date: /home/mu/IVG/aubo_ros2_ws/install/aubo_msgs/include/aubo_msgs/msg
[5.449s] -- Installing: /home/mu/IVG/aubo_ros2_ws/install/aubo_msgs/include/aubo_msgs/msg/io_states.hpp
[5.449s] -- Installing: /home/mu/IVG/aubo_ros2_ws/install/aubo_msgs/include/aubo_msgs/msg/analog.hpp
[5.449s] -- Up-to-date: /home/mu/IVG/aubo_ros2_ws/install/aubo_msgs/include/aubo_msgs/msg/detail
[5.449s] -- Installing: /home/mu/IVG/aubo_ros2_ws/install/aubo_msgs/include/aubo_msgs/msg/detail/tool_data_msg__type_support.hpp
[5.449s] -- Installing: /home/mu/IVG/aubo_ros2_ws/install/aubo_msgs/include/aubo_msgs/msg/detail/masterboard_data_msg__builder.hpp
[5.449s] -- Installing: /home/mu/IVG/aubo_ros2_ws/install/aubo_msgs/include/aubo_msgs/msg/detail/robot_state_rt_msg__traits.hpp
[5.449s] -- Installing: /home/mu/IVG/aubo_ros2_ws/install/aubo_msgs/include/aubo_msgs/msg/detail/robot_state_rt_msg__builder.hpp
[5.449s] -- Installing: /home/mu/IVG/aubo_ros2_ws/install/aubo_msgs/include/aubo_msgs/msg/detail/analog__traits.hpp
[5.449s] -- Installing: /home/mu/IVG/aubo_ros2_ws/install/aubo_msgs/include/aubo_msgs/msg/detail/tool_data_msg__struct.hpp
[5.449s] -- Installing: /home/mu/IVG/aubo_ros2_ws/install/aubo_msgs/include/aubo_msgs/msg/detail/robot_mode_data_msg__traits.hpp
[5.449s] -- Installing: /home/mu/IVG/aubo_ros2_ws/install/aubo_msgs/include/aubo_msgs/msg/detail/robot_state_rt_msg__type_support.hpp
[5.449s] -- Installing: /home/mu/IVG/aubo_ros2_ws/install/aubo_msgs/include/aubo_msgs/msg/detail/tool_data_msg__traits.hpp
[5.449s] -- Installing: /home/mu/IVG/aubo_ros2_ws/install/aubo_msgs/include/aubo_msgs/msg/detail/robot_mode_data_msg__type_support.hpp
[5.449s] -- Installing: /home/mu/IVG/aubo_ros2_ws/install/aubo_msgs/include/aubo_msgs/msg/detail/analog__builder.hpp
[5.449s] -- Installing: /home/mu/IVG/aubo_ros2_ws/install/aubo_msgs/include/aubo_msgs/msg/detail/digital__type_support.hpp
[5.449s] -- Installing: /home/mu/IVG/aubo_ros2_ws/install/aubo_msgs/include/aubo_msgs/msg/detail/robot_mode_data_msg__builder.hpp
[5.449s] -- Installing: /home/mu/IVG/aubo_ros2_ws/install/aubo_msgs/include/aubo_msgs/msg/detail/io_states__struct.hpp
[5.450s] -- Installing: /home/mu/IVG/aubo_ros2_ws/install/aubo_msgs/include/aubo_msgs/msg/detail/masterboard_data_msg__struct.hpp
[5.450s] -- Installing: /home/mu/IVG/aubo_ros2_ws/install/aubo_msgs/include/aubo_msgs/msg/detail/robot_state_rt_msg__struct.hpp
[5.450s] -- Installing: /home/mu/IVG/aubo_ros2_ws/install/aubo_msgs/include/aubo_msgs/msg/detail/masterboard_data_msg__type_support.hpp
[5.450s] -- Installing: /home/mu/IVG/aubo_ros2_ws/install/aubo_msgs/include/aubo_msgs/msg/detail/digital__traits.hpp
[5.450s] -- Installing: /home/mu/IVG/aubo_ros2_ws/install/aubo_msgs/include/aubo_msgs/msg/detail/digital__struct.hpp
[5.450s] -- Installing: /home/mu/IVG/aubo_ros2_ws/install/aubo_msgs/include/aubo_msgs/msg/detail/io_states__type_support.hpp
[5.450s] -- Installing: /home/mu/IVG/aubo_ros2_ws/install/aubo_msgs/include/aubo_msgs/msg/detail/analog__struct.hpp
[5.450s] -- Installing: /home/mu/IVG/aubo_ros2_ws/install/aubo_msgs/include/aubo_msgs/msg/detail/robot_mode_data_msg__struct.hpp
[5.450s] -- Installing: /home/mu/IVG/aubo_ros2_ws/install/aubo_msgs/include/aubo_msgs/msg/detail/masterboard_data_msg__traits.hpp
[5.450s] -- Installing: /home/mu/IVG/aubo_ros2_ws/install/aubo_msgs/include/aubo_msgs/msg/detail/digital__builder.hpp
[5.450s] -- Installing: /home/mu/IVG/aubo_ros2_ws/install/aubo_msgs/include/aubo_msgs/msg/detail/io_states__traits.hpp
[5.450s] -- Installing: /home/mu/IVG/aubo_ros2_ws/install/aubo_msgs/include/aubo_msgs/msg/detail/analog__type_support.hpp
[5.450s] -- Installing: /home/mu/IVG/aubo_ros2_ws/install/aubo_msgs/include/aubo_msgs/msg/detail/tool_data_msg__builder.hpp
[5.450s] -- Installing: /home/mu/IVG/aubo_ros2_ws/install/aubo_msgs/include/aubo_msgs/msg/detail/io_states__builder.hpp
[5.450s] -- Installing: /home/mu/IVG/aubo_ros2_ws/install/aubo_msgs/include/aubo_msgs/msg/tool_data_msg.hpp
[5.450s] -- Installing: /home/mu/IVG/aubo_ros2_ws/install/aubo_msgs/include/aubo_msgs/msg/masterboard_data_msg.hpp
[5.450s] -- Installing: /home/mu/IVG/aubo_ros2_ws/install/aubo_msgs/include/aubo_msgs/msg/rosidl_generator_cpp__visibility_control.hpp
[5.450s] -- Installing: /home/mu/IVG/aubo_ros2_ws/install/aubo_msgs/include/aubo_msgs/msg/robot_state_rt_msg.hpp
[5.450s] -- Installing: /home/mu/IVG/aubo_ros2_ws/install/aubo_msgs/include/aubo_msgs/msg/digital.hpp
[5.450s] -- Installing: /home/mu/IVG/aubo_ros2_ws/install/aubo_msgs/include/aubo_msgs/msg/robot_mode_data_msg.hpp
[5.450s] -- Up-to-date: /home/mu/IVG/aubo_ros2_ws/install/aubo_msgs/include/aubo_msgs
[5.450s] -- Up-to-date: /home/mu/IVG/aubo_ros2_ws/install/aubo_msgs/include/aubo_msgs/srv
[5.450s] -- Up-to-date: /home/mu/IVG/aubo_ros2_ws/install/aubo_msgs/include/aubo_msgs/srv/detail
[5.450s] -- Installing: /home/mu/IVG/aubo_ros2_ws/install/aubo_msgs/include/aubo_msgs/srv/detail/set_payload__rosidl_typesupport_introspection_cpp.hpp
[5.450s] -- Installing: /home/mu/IVG/aubo_ros2_ws/install/aubo_msgs/include/aubo_msgs/srv/detail/set_speed_slider_fraction__type_support.cpp
[5.450s] -- Installing: /home/mu/IVG/aubo_ros2_ws/install/aubo_msgs/include/aubo_msgs/srv/detail/set_payload__type_support.cpp
[5.450s] -- Installing: /home/mu/IVG/aubo_ros2_ws/install/aubo_msgs/include/aubo_msgs/srv/detail/set_speed_slider_fraction__rosidl_typesupport_introspection_cpp.hpp
[5.450s] -- Installing: /home/mu/IVG/aubo_ros2_ws/install/aubo_msgs/include/aubo_msgs/srv/detail/set_io__type_support.cpp
[5.450s] -- Installing: /home/mu/IVG/aubo_ros2_ws/install/aubo_msgs/include/aubo_msgs/srv/detail/set_io__rosidl_typesupport_introspection_cpp.hpp
[5.450s] -- Up-to-date: /home/mu/IVG/aubo_ros2_ws/install/aubo_msgs/include/aubo_msgs/msg
[5.450s] -- Up-to-date: /home/mu/IVG/aubo_ros2_ws/install/aubo_msgs/include/aubo_msgs/msg/detail
[5.450s] -- Installing: /home/mu/IVG/aubo_ros2_ws/install/aubo_msgs/include/aubo_msgs/msg/detail/masterboard_data_msg__type_support.cpp
[5.450s] -- Installing: /home/mu/IVG/aubo_ros2_ws/install/aubo_msgs/include/aubo_msgs/msg/detail/tool_data_msg__type_support.cpp
[5.450s] -- Installing: /home/mu/IVG/aubo_ros2_ws/install/aubo_msgs/include/aubo_msgs/msg/detail/robot_state_rt_msg__type_support.cpp
[5.451s] -- Installing: /home/mu/IVG/aubo_ros2_ws/install/aubo_msgs/include/aubo_msgs/msg/detail/digital__type_support.cpp
[5.451s] -- Installing: /home/mu/IVG/aubo_ros2_ws/install/aubo_msgs/include/aubo_msgs/msg/detail/tool_data_msg__rosidl_typesupport_introspection_cpp.hpp
[5.451s] -- Installing: /home/mu/IVG/aubo_ros2_ws/install/aubo_msgs/include/aubo_msgs/msg/detail/io_states__type_support.cpp
[5.451s] -- Installing: /home/mu/IVG/aubo_ros2_ws/install/aubo_msgs/include/aubo_msgs/msg/detail/robot_mode_data_msg__type_support.cpp
[5.451s] -- Installing: /home/mu/IVG/aubo_ros2_ws/install/aubo_msgs/include/aubo_msgs/msg/detail/analog__rosidl_typesupport_introspection_cpp.hpp
[5.451s] -- Installing: /home/mu/IVG/aubo_ros2_ws/install/aubo_msgs/include/aubo_msgs/msg/detail/masterboard_data_msg__rosidl_typesupport_introspection_cpp.hpp
[5.451s] -- Installing: /home/mu/IVG/aubo_ros2_ws/install/aubo_msgs/include/aubo_msgs/msg/detail/digital__rosidl_typesupport_introspection_cpp.hpp
[5.451s] -- Installing: /home/mu/IVG/aubo_ros2_ws/install/aubo_msgs/include/aubo_msgs/msg/detail/io_states__rosidl_typesupport_introspection_cpp.hpp
[5.451s] -- Installing: /home/mu/IVG/aubo_ros2_ws/install/aubo_msgs/include/aubo_msgs/msg/detail/robot_mode_data_msg__rosidl_typesupport_introspection_cpp.hpp
[5.451s] -- Installing: /home/mu/IVG/aubo_ros2_ws/install/aubo_msgs/include/aubo_msgs/msg/detail/robot_state_rt_msg__rosidl_typesupport_introspection_cpp.hpp
[5.451s] -- Installing: /home/mu/IVG/aubo_ros2_ws/install/aubo_msgs/include/aubo_msgs/msg/detail/analog__type_support.cpp
[5.451s] -- Installing: /home/mu/IVG/aubo_ros2_ws/install/aubo_msgs/lib/libaubo_msgs__rosidl_typesupport_introspection_cpp.so
[5.451s] -- Set runtime path of "/home/mu/IVG/aubo_ros2_ws/install/aubo_msgs/lib/libaubo_msgs__rosidl_typesupport_introspection_cpp.so" to ""
[5.451s] -- Installing: /home/mu/IVG/aubo_ros2_ws/install/aubo_msgs/lib/libaubo_msgs__rosidl_typesupport_cpp.so
[5.451s] -- Set runtime path of "/home/mu/IVG/aubo_ros2_ws/install/aubo_msgs/lib/libaubo_msgs__rosidl_typesupport_cpp.so" to ""
[5.451s] -- Installing: /home/mu/IVG/aubo_ros2_ws/install/aubo_msgs/share/aubo_msgs/environment/pythonpath.sh
[5.451s] -- Installing: /home/mu/IVG/aubo_ros2_ws/install/aubo_msgs/share/aubo_msgs/environment/pythonpath.dsv
[5.451s] -- Installing: /home/mu/IVG/aubo_ros2_ws/install/aubo_msgs/lib/python3.8/site-packages/aubo_msgs/__init__.py
[5.469s] Compiling '/home/mu/IVG/aubo_ros2_ws/install/aubo_msgs/lib/python3.8/site-packages/aubo_msgs/__init__.py'...
[5.471s] -- Installing: /home/mu/IVG/aubo_ros2_ws/install/aubo_msgs/lib/python3.8/site-packages/aubo_msgs/msg
[5.472s] -- Installing: /home/mu/IVG/aubo_ros2_ws/install/aubo_msgs/lib/python3.8/site-packages/aubo_msgs/msg/_robot_mode_data_msg_s.c
[5.472s] -- Installing: /home/mu/IVG/aubo_ros2_ws/install/aubo_msgs/lib/python3.8/site-packages/aubo_msgs/msg/_digital.py
[5.472s] -- Installing: /home/mu/IVG/aubo_ros2_ws/install/aubo_msgs/lib/python3.8/site-packages/aubo_msgs/msg/_tool_data_msg.py
[5.472s] -- Installing: /home/mu/IVG/aubo_ros2_ws/install/aubo_msgs/lib/python3.8/site-packages/aubo_msgs/msg/_analog.py
[5.472s] -- Installing: /home/mu/IVG/aubo_ros2_ws/install/aubo_msgs/lib/python3.8/site-packages/aubo_msgs/msg/_robot_state_rt_msg.py
[5.472s] -- Installing: /home/mu/IVG/aubo_ros2_ws/install/aubo_msgs/lib/python3.8/site-packages/aubo_msgs/msg/_io_states.py
[5.472s] -- Installing: /home/mu/IVG/aubo_ros2_ws/install/aubo_msgs/lib/python3.8/site-packages/aubo_msgs/msg/__init__.py
[5.472s] -- Installing: /home/mu/IVG/aubo_ros2_ws/install/aubo_msgs/lib/python3.8/site-packages/aubo_msgs/msg/_robot_state_rt_msg_s.c
[5.472s] -- Installing: /home/mu/IVG/aubo_ros2_ws/install/aubo_msgs/lib/python3.8/site-packages/aubo_msgs/msg/_tool_data_msg_s.c
[5.472s] -- Installing: /home/mu/IVG/aubo_ros2_ws/install/aubo_msgs/lib/python3.8/site-packages/aubo_msgs/msg/_analog_s.c
[5.472s] -- Installing: /home/mu/IVG/aubo_ros2_ws/install/aubo_msgs/lib/python3.8/site-packages/aubo_msgs/msg/_masterboard_data_msg_s.c
[5.472s] -- Installing: /home/mu/IVG/aubo_ros2_ws/install/aubo_msgs/lib/python3.8/site-packages/aubo_msgs/msg/_digital_s.c
[5.472s] -- Installing: /home/mu/IVG/aubo_ros2_ws/install/aubo_msgs/lib/python3.8/site-packages/aubo_msgs/msg/_io_states_s.c
[5.473s] -- Installing: /home/mu/IVG/aubo_ros2_ws/install/aubo_msgs/lib/python3.8/site-packages/aubo_msgs/msg/_robot_mode_data_msg.py
[5.473s] -- Installing: /home/mu/IVG/aubo_ros2_ws/install/aubo_msgs/lib/python3.8/site-packages/aubo_msgs/msg/_masterboard_data_msg.py
[5.473s] -- Installing: /home/mu/IVG/aubo_ros2_ws/install/aubo_msgs/lib/python3.8/site-packages/aubo_msgs/srv
[5.473s] -- Installing: /home/mu/IVG/aubo_ros2_ws/install/aubo_msgs/lib/python3.8/site-packages/aubo_msgs/srv/_set_speed_slider_fraction_s.c
[5.473s] -- Installing: /home/mu/IVG/aubo_ros2_ws/install/aubo_msgs/lib/python3.8/site-packages/aubo_msgs/srv/_set_payload_s.c
[5.473s] -- Installing: /home/mu/IVG/aubo_ros2_ws/install/aubo_msgs/lib/python3.8/site-packages/aubo_msgs/srv/_set_io.py
[5.473s] -- Installing: /home/mu/IVG/aubo_ros2_ws/install/aubo_msgs/lib/python3.8/site-packages/aubo_msgs/srv/_set_io_s.c
[5.473s] -- Installing: /home/mu/IVG/aubo_ros2_ws/install/aubo_msgs/lib/python3.8/site-packages/aubo_msgs/srv/_set_payload.py
[5.473s] -- Installing: /home/mu/IVG/aubo_ros2_ws/install/aubo_msgs/lib/python3.8/site-packages/aubo_msgs/srv/__init__.py
[5.474s] -- Installing: /home/mu/IVG/aubo_ros2_ws/install/aubo_msgs/lib/python3.8/site-packages/aubo_msgs/srv/_set_speed_slider_fraction.py
[5.474s] -- Installing: /home/mu/IVG/aubo_ros2_ws/install/aubo_msgs/lib/python3.8/site-packages/aubo_msgs/aubo_msgs_s__rosidl_typesupport_fastrtps_c.cpython-38-x86_64-linux-gnu.so
[5.474s] -- Set runtime path of "/home/mu/IVG/aubo_ros2_ws/install/aubo_msgs/lib/python3.8/site-packages/aubo_msgs/aubo_msgs_s__rosidl_typesupport_fastrtps_c.cpython-38-x86_64-linux-gnu.so" to ""
[5.474s] -- Installing: /home/mu/IVG/aubo_ros2_ws/install/aubo_msgs/lib/python3.8/site-packages/aubo_msgs/aubo_msgs_s__rosidl_typesupport_introspection_c.cpython-38-x86_64-linux-gnu.so
[5.474s] -- Set runtime path of "/home/mu/IVG/aubo_ros2_ws/install/aubo_msgs/lib/python3.8/site-packages/aubo_msgs/aubo_msgs_s__rosidl_typesupport_introspection_c.cpython-38-x86_64-linux-gnu.so" to ""
[5.474s] -- Installing: /home/mu/IVG/aubo_ros2_ws/install/aubo_msgs/lib/python3.8/site-packages/aubo_msgs/aubo_msgs_s__rosidl_typesupport_c.cpython-38-x86_64-linux-gnu.so
[5.474s] -- Set runtime path of "/home/mu/IVG/aubo_ros2_ws/install/aubo_msgs/lib/python3.8/site-packages/aubo_msgs/aubo_msgs_s__rosidl_typesupport_c.cpython-38-x86_64-linux-gnu.so" to ""
[5.474s] -- Installing: /home/mu/IVG/aubo_ros2_ws/install/aubo_msgs/lib/libaubo_msgs__python.so
[5.474s] -- Set runtime path of "/home/mu/IVG/aubo_ros2_ws/install/aubo_msgs/lib/libaubo_msgs__python.so" to ""
[5.474s] -- Installing: /home/mu/IVG/aubo_ros2_ws/install/aubo_msgs/share/aubo_msgs/msg/Analog.idl
[5.475s] -- Installing: /home/mu/IVG/aubo_ros2_ws/install/aubo_msgs/share/aubo_msgs/msg/Digital.idl
[5.475s] -- Installing: /home/mu/IVG/aubo_ros2_ws/install/aubo_msgs/share/aubo_msgs/msg/IOStates.idl
[5.475s] -- Installing: /home/mu/IVG/aubo_ros2_ws/install/aubo_msgs/share/aubo_msgs/msg/RobotStateRTMsg.idl
[5.475s] -- Installing: /home/mu/IVG/aubo_ros2_ws/install/aubo_msgs/share/aubo_msgs/msg/MasterboardDataMsg.idl
[5.475s] -- Installing: /home/mu/IVG/aubo_ros2_ws/install/aubo_msgs/share/aubo_msgs/msg/RobotModeDataMsg.idl
[5.475s] -- Installing: /home/mu/IVG/aubo_ros2_ws/install/aubo_msgs/share/aubo_msgs/msg/ToolDataMsg.idl
[5.475s] -- Installing: /home/mu/IVG/aubo_ros2_ws/install/aubo_msgs/share/aubo_msgs/srv/SetPayload.idl
[5.475s] -- Installing: /home/mu/IVG/aubo_ros2_ws/install/aubo_msgs/share/aubo_msgs/srv/SetSpeedSliderFraction.idl
[5.475s] -- Installing: /home/mu/IVG/aubo_ros2_ws/install/aubo_msgs/share/aubo_msgs/srv/SetIO.idl
[5.475s] -- Installing: /home/mu/IVG/aubo_ros2_ws/install/aubo_msgs/share/aubo_msgs/msg/Analog.msg
[5.475s] -- Installing: /home/mu/IVG/aubo_ros2_ws/install/aubo_msgs/share/aubo_msgs/msg/Digital.msg
[5.475s] -- Installing: /home/mu/IVG/aubo_ros2_ws/install/aubo_msgs/share/aubo_msgs/msg/IOStates.msg
[5.475s] -- Installing: /home/mu/IVG/aubo_ros2_ws/install/aubo_msgs/share/aubo_msgs/msg/RobotStateRTMsg.msg
[5.475s] -- Installing: /home/mu/IVG/aubo_ros2_ws/install/aubo_msgs/share/aubo_msgs/msg/MasterboardDataMsg.msg
[5.475s] -- Installing: /home/mu/IVG/aubo_ros2_ws/install/aubo_msgs/share/aubo_msgs/msg/RobotModeDataMsg.msg
[5.475s] -- Installing: /home/mu/IVG/aubo_ros2_ws/install/aubo_msgs/share/aubo_msgs/msg/ToolDataMsg.msg
[5.475s] -- Installing: /home/mu/IVG/aubo_ros2_ws/install/aubo_msgs/share/aubo_msgs/srv/SetPayload.srv
[5.476s] -- Installing: /home/mu/IVG/aubo_ros2_ws/install/aubo_msgs/share/aubo_msgs/srv/SetPayload_Request.msg
[5.476s] -- Installing: /home/mu/IVG/aubo_ros2_ws/install/aubo_msgs/share/aubo_msgs/srv/SetPayload_Response.msg
[5.476s] -- Installing: /home/mu/IVG/aubo_ros2_ws/install/aubo_msgs/share/aubo_msgs/srv/SetSpeedSliderFraction.srv
[5.476s] -- Installing: /home/mu/IVG/aubo_ros2_ws/install/aubo_msgs/share/aubo_msgs/srv/SetSpeedSliderFraction_Request.msg
[5.476s] -- Installing: /home/mu/IVG/aubo_ros2_ws/install/aubo_msgs/share/aubo_msgs/srv/SetSpeedSliderFraction_Response.msg
[5.476s] -- Installing: /home/mu/IVG/aubo_ros2_ws/install/aubo_msgs/share/aubo_msgs/srv/SetIO.srv
[5.476s] -- Installing: /home/mu/IVG/aubo_ros2_ws/install/aubo_msgs/share/aubo_msgs/srv/SetIO_Request.msg
[5.476s] -- Installing: /home/mu/IVG/aubo_ros2_ws/install/aubo_msgs/share/aubo_msgs/srv/SetIO_Response.msg
[5.476s] -- Installing: /home/mu/IVG/aubo_ros2_ws/install/aubo_msgs/share/ament_index/resource_index/package_run_dependencies/aubo_msgs
[5.476s] -- Installing: /home/mu/IVG/aubo_ros2_ws/install/aubo_msgs/share/ament_index/resource_index/parent_prefix_path/aubo_msgs
[5.476s] -- Installing: /home/mu/IVG/aubo_ros2_ws/install/aubo_msgs/share/aubo_msgs/environment/ament_prefix_path.sh
[5.476s] -- Installing: /home/mu/IVG/aubo_ros2_ws/install/aubo_msgs/share/aubo_msgs/environment/ament_prefix_path.dsv
[5.476s] -- Installing: /home/mu/IVG/aubo_ros2_ws/install/aubo_msgs/share/aubo_msgs/environment/path.sh
[5.476s] -- Installing: /home/mu/IVG/aubo_ros2_ws/install/aubo_msgs/share/aubo_msgs/environment/path.dsv
[5.476s] -- Installing: /home/mu/IVG/aubo_ros2_ws/install/aubo_msgs/share/aubo_msgs/local_setup.bash
[5.476s] -- Installing: /home/mu/IVG/aubo_ros2_ws/install/aubo_msgs/share/aubo_msgs/local_setup.sh
[5.476s] -- Installing: /home/mu/IVG/aubo_ros2_ws/install/aubo_msgs/share/aubo_msgs/local_setup.zsh
[5.476s] -- Installing: /home/mu/IVG/aubo_ros2_ws/install/aubo_msgs/share/aubo_msgs/local_setup.dsv
[5.476s] -- Installing: /home/mu/IVG/aubo_ros2_ws/install/aubo_msgs/share/aubo_msgs/package.dsv
[5.476s] -- Installing: /home/mu/IVG/aubo_ros2_ws/install/aubo_msgs/share/ament_index/resource_index/packages/aubo_msgs
[5.476s] -- Installing: /home/mu/IVG/aubo_ros2_ws/install/aubo_msgs/share/aubo_msgs/cmake/aubo_msgs__rosidl_generator_cExport.cmake
[5.477s] -- Installing: /home/mu/IVG/aubo_ros2_ws/install/aubo_msgs/share/aubo_msgs/cmake/aubo_msgs__rosidl_generator_cExport-noconfig.cmake
[5.477s] -- Installing: /home/mu/IVG/aubo_ros2_ws/install/aubo_msgs/share/aubo_msgs/cmake/aubo_msgs__rosidl_typesupport_introspection_cExport.cmake
[5.477s] -- Installing: /home/mu/IVG/aubo_ros2_ws/install/aubo_msgs/share/aubo_msgs/cmake/aubo_msgs__rosidl_typesupport_introspection_cExport-noconfig.cmake
[5.477s] -- Installing: /home/mu/IVG/aubo_ros2_ws/install/aubo_msgs/share/aubo_msgs/cmake/aubo_msgs__rosidl_typesupport_cExport.cmake
[5.477s] -- Installing: /home/mu/IVG/aubo_ros2_ws/install/aubo_msgs/share/aubo_msgs/cmake/aubo_msgs__rosidl_typesupport_cExport-noconfig.cmake
[5.477s] -- Installing: /home/mu/IVG/aubo_ros2_ws/install/aubo_msgs/share/aubo_msgs/cmake/aubo_msgs__rosidl_generator_cppExport.cmake
[5.477s] -- Installing: /home/mu/IVG/aubo_ros2_ws/install/aubo_msgs/share/aubo_msgs/cmake/aubo_msgs__rosidl_typesupport_introspection_cppExport.cmake
[5.477s] -- Installing: /home/mu/IVG/aubo_ros2_ws/install/aubo_msgs/share/aubo_msgs/cmake/aubo_msgs__rosidl_typesupport_introspection_cppExport-noconfig.cmake
[5.477s] -- Installing: /home/mu/IVG/aubo_ros2_ws/install/aubo_msgs/share/aubo_msgs/cmake/aubo_msgs__rosidl_typesupport_cppExport.cmake
[5.477s] -- Installing: /home/mu/IVG/aubo_ros2_ws/install/aubo_msgs/share/aubo_msgs/cmake/aubo_msgs__rosidl_typesupport_cppExport-noconfig.cmake
[5.477s] -- Installing: /home/mu/IVG/aubo_ros2_ws/install/aubo_msgs/share/aubo_msgs/cmake/rosidl_cmake-extras.cmake
[5.477s] -- Installing: /home/mu/IVG/aubo_ros2_ws/install/aubo_msgs/share/aubo_msgs/cmake/ament_cmake_export_dependencies-extras.cmake
[5.477s] -- Installing: /home/mu/IVG/aubo_ros2_ws/install/aubo_msgs/share/aubo_msgs/cmake/ament_cmake_export_libraries-extras.cmake
[5.477s] -- Installing: /home/mu/IVG/aubo_ros2_ws/install/aubo_msgs/share/aubo_msgs/cmake/ament_cmake_export_targets-extras.cmake
[5.477s] -- Installing: /home/mu/IVG/aubo_ros2_ws/install/aubo_msgs/share/aubo_msgs/cmake/ament_cmake_export_include_directories-extras.cmake
[5.478s] -- Installing: /home/mu/IVG/aubo_ros2_ws/install/aubo_msgs/share/aubo_msgs/cmake/rosidl_cmake_export_typesupport_libraries-extras.cmake
[5.478s] -- Installing: /home/mu/IVG/aubo_ros2_ws/install/aubo_msgs/share/aubo_msgs/cmake/rosidl_cmake_export_typesupport_targets-extras.cmake
[5.478s] -- Installing: /home/mu/IVG/aubo_ros2_ws/install/aubo_msgs/share/aubo_msgs/cmake/aubo_msgsConfig.cmake
[5.478s] -- Installing: /home/mu/IVG/aubo_ros2_ws/install/aubo_msgs/share/aubo_msgs/cmake/aubo_msgsConfig-version.cmake
[5.478s] -- Installing: /home/mu/IVG/aubo_ros2_ws/install/aubo_msgs/share/aubo_msgs/package.xml
[5.480s] Invoked command in '/home/mu/IVG/aubo_ros2_ws/build/aubo_msgs' returned '0': CMAKE_PREFIX_PATH=${CMAKE_PREFIX_PATH}:/opt/ros/foxy /usr/bin/cmake --install /home/mu/IVG/aubo_ros2_ws/build/aubo_msgs
