[0.011s] Invoking command in '/home/mu/IVG/aubo_ros2_ws/build/percipio_camera': CMAKE_PREFIX_PATH=/opt/ros/foxy /usr/bin/cmake /home/mu/IVG/aubo_ros2_ws/src/camport_ros2/src/percipio_camera -DCMAKE_BUILD_TYPE=Release -DCMAKE_INSTALL_PREFIX=/home/mu/IVG/aubo_ros2_ws/install/percipio_camera
[0.017s] -- Found ament_cmake: 0.9.12 (/opt/ros/foxy/share/ament_cmake/cmake)
[0.029s] -- Found PythonInterp: /usr/bin/python3 (found suitable version "3.8.10", minimum required is "3") 
[0.029s] -- Using PYTHON_EXECUTABLE: /usr/bin/python3
[0.117s] -- Found ament_index_cpp: 1.1.0 (/opt/ros/foxy/share/ament_index_cpp/cmake)
[0.120s] -- Found builtin_interfaces: 1.0.0 (/opt/ros/foxy/share/builtin_interfaces/cmake)
[0.133s] -- Using all available rosidl_typesupport_c: rosidl_typesupport_fastrtps_c;rosidl_typesupport_introspection_c
[0.136s] -- Found rosidl_adapter: 1.3.1 (/opt/ros/foxy/share/rosidl_adapter/cmake)
[0.172s] -- Found OpenSSL: /usr/lib/x86_64-linux-gnu/libcrypto.so (found version "1.1.1f")  
[0.186s] -- Found FastRTPS: /opt/ros/foxy/include  
[0.223s] -- Using all available rosidl_typesupport_cpp: rosidl_typesupport_fastrtps_cpp;rosidl_typesupport_introspection_cpp
[0.236s] -- Found cv_bridge: 3.0.7 (/opt/ros/foxy/share/cv_bridge/cmake)
[0.323s] -- Found camera_info_manager: 2.4.0 (/opt/ros/foxy/share/camera_info_manager/cmake)
[0.359s] -- Found rmw_implementation_cmake: 1.0.4 (/opt/ros/foxy/share/rmw_implementation_cmake/cmake)
[0.359s] -- Using RMW implementation 'rmw_fastrtps_cpp' as default
[0.359s] -- Looking for pthread.h
[0.400s] -- Looking for pthread.h - found
[0.400s] -- Performing Test CMAKE_HAVE_LIBC_PTHREAD
[0.452s] -- Performing Test CMAKE_HAVE_LIBC_PTHREAD - Failed
[0.452s] -- Looking for pthread_create in pthreads
[0.461s] -- Looking for pthread_create in pthreads - not found
[0.461s] -- Looking for pthread_create in pthread
[0.497s] -- Looking for pthread_create in pthread - found
[0.498s] -- Found Threads: TRUE  
[0.641s] -- Setting yaml-cpp_DIR to: '/opt/ros/foxy/share/yaml_cpp_vendor/cmake/../../../opt/yaml_cpp_vendor/lib/cmake/yaml-cpp'
[0.739s] -- Found image_transport: 2.4.0 (/opt/ros/foxy/share/image_transport/cmake)
[0.796s] -- Found image_publisher: 2.3.0 (/opt/ros/foxy/share/image_publisher/cmake)
[0.967s] -- Found std_srvs: 2.0.5 (/opt/ros/foxy/share/std_srvs/cmake)
[0.981s] -- Found tf2: 0.13.14 (/opt/ros/foxy/share/tf2/cmake)
[0.995s] -- Found tf2_eigen: 0.13.14 (/opt/ros/foxy/share/tf2_eigen/cmake)
[1.479s] -- Found tf2_sensor_msgs: 0.13.14 (/opt/ros/foxy/share/tf2_sensor_msgs/cmake)
[1.511s] CMake Error at CMakeLists.txt:41 (find_package):
[1.512s]   By not providing "Finddiagnostic_updater.cmake" in CMAKE_MODULE_PATH this
[1.512s]   project has asked CMake to find a package configuration file provided by
[1.513s]   "diagnostic_updater", but CMake did not find one.
[1.513s] 
[1.514s]   Could not find a package configuration file provided by
[1.515s]   "diagnostic_updater" with any of the following names:
[1.515s] 
[1.516s]     diagnostic_updaterConfig.cmake
[1.516s]     diagnostic_updater-config.cmake
[1.517s] 
[1.517s]   Add the installation prefix of "diagnostic_updater" to CMAKE_PREFIX_PATH or
[1.518s]   set "diagnostic_updater_DIR" to a directory containing one of the above
[1.518s]   files.  If "diagnostic_updater" provides a separate development package or
[1.519s]   SDK, be sure it has been installed.
[1.520s] 
[1.520s] 
[1.521s] -- Configuring incomplete, errors occurred!
[1.521s] See also "/home/mu/IVG/aubo_ros2_ws/build/percipio_camera/CMakeFiles/CMakeOutput.log".
[1.524s] See also "/home/mu/IVG/aubo_ros2_ws/build/percipio_camera/CMakeFiles/CMakeError.log".
[1.526s] Invoked command in '/home/mu/IVG/aubo_ros2_ws/build/percipio_camera' returned '1': CMAKE_PREFIX_PATH=/opt/ros/foxy /usr/bin/cmake /home/mu/IVG/aubo_ros2_ws/src/camport_ros2/src/percipio_camera -DCMAKE_BUILD_TYPE=Release -DCMAKE_INSTALL_PREFIX=/home/mu/IVG/aubo_ros2_ws/install/percipio_camera
