[0.008s] Invoking command in '/home/mu/IVG/ws_moveit/build/moveit_core': CMAKE_PREFIX_PATH=/home/mu/IVG/ws_moveit/install/moveit_common:/home/mu/IVG/ws_moveit/install/moveit2_tutorials:/home/mu/IVG/ws_moveit/install/moveit_visual_tools:/home/mu/IVG/ws_moveit/install/rviz_visual_tools:/home/mu/IVG/ws_moveit/install/run_ompl_constrained_planning:/home/mu/IVG/ws_moveit/install/run_moveit_cpp:/home/mu/IVG/ws_moveit/install/run_move_group:/home/mu/IVG/ws_moveit/install/moveit_runtime:/home/mu/IVG/ws_moveit/install/moveit:/home/mu/IVG/ws_moveit/install/moveit_plugins:/home/mu/IVG/ws_moveit/install/moveit_simple_controller_manager:/home/mu/IVG/ws_moveit/install/moveit_servo:/home/mu/IVG/ws_moveit/install/moveit_ros:/home/mu/IVG/ws_moveit/install/moveit_ros_visualization:/home/mu/IVG/ws_moveit/install/moveit_ros_planning_interface:/home/mu/IVG/ws_moveit/install/moveit_ros_benchmarks:/home/mu/IVG/ws_moveit/install/moveit_ros_warehouse:/home/mu/IVG/ws_moveit/install/moveit_ros_robot_interaction:/home/mu/IVG/ws_moveit/install/moveit_ros_perception:/home/mu/IVG/ws_moveit/install/moveit_ros_move_group:/home/mu/IVG/ws_moveit/install/moveit_planners:/home/mu/IVG/ws_moveit/install/moveit_planners_ompl:/home/mu/IVG/ws_moveit/install/moveit_ros_planning:/home/mu/IVG/ws_moveit/install/moveit_ros_occupancy_map_monitor:/home/mu/IVG/ws_moveit/install/moveit_planners_chomp:/home/mu/IVG/ws_moveit/install/moveit_kinematics:/home/mu/IVG/ws_moveit/install/moveit_chomp_optimizer_adapter:/home/mu/IVG/ws_moveit/install/chomp_motion_planner:/home/mu/IVG/ws_moveit/install/moveit_core:/opt/ros/foxy /usr/bin/cmake --build /home/mu/IVG/ws_moveit/build/moveit_core -- -j32 -l32
[0.042s] [  2%] Built target moveit_profiler
[0.042s] [  5%] Built target moveit_utils
[0.042s] [  6%] Built target moveit_exceptions
[0.042s] [  7%] Built target gtest
[0.043s] [  8%] Built target moveit_background_processing
[0.043s] [  9%] Built target moveit_version
[0.043s] [ 11%] Built target gtest_main
[0.046s] [ 13%] Built target moveit_kinematics_base
[0.046s] [ 14%] Built target moveit_transforms
[0.052s] [ 17%] Built target moveit_distance_field
[0.062s] [ 19%] Built target test_transforms
[0.069s] [ 20%] Built target test_voxel_grid
[0.072s] [ 21%] Built target test_distance_field
[0.073s] [ 28%] Built target moveit_robot_model
[0.093s] [ 30%] Built target moveit_test_utils
[0.100s] [ 33%] Built target moveit_robot_state
[0.116s] [ 35%] Built target test_robot_model
[0.123s] [ 36%] Built target test_cartesian_interpolator
[0.123s] [ 37%] Built target test_aabb
[0.123s] [ 39%] Built target test_robot_state
[0.123s] [ 39%] Built target test_robot_state_complex
[0.123s] [ 40%] Built target moveit_kinematics_metrics
[0.124s] [ 41%] Built target moveit_robot_trajectory
[0.128s] [ 42%] Built target moveit_dynamics_solver
[0.131s] [ 43%] Built target test_robot_state_benchmark
[0.142s] [ 49%] Built target moveit_collision_detection
[0.145s] [ 51%] Built target test_robot_trajectory
[0.147s] [ 53%] Built target moveit_planning_interface
[0.149s] [ 56%] Built target moveit_trajectory_processing
[0.159s] [ 58%] Built target test_world
[0.159s] [ 59%] Built target test_world_diff
[0.165s] [ 61%] Built target test_all_valid
[0.166s] [ 63%] Built target moveit_collision_detection_fcl
[0.171s] [ 65%] Built target test_time_parameterization
[0.171s] [ 64%] Built target test_time_optimal_trajectory_generation
[0.183s] [ 70%] Built target moveit_collision_detection_bullet
[0.188s] [ 71%] Built target test_fcl_collision_detection_panda
[0.188s] [ 72%] Built target test_fcl_collision_env
[0.188s] [ 74%] Built target test_fcl_collision_detection
[0.192s] [ 76%] Built target moveit_kinematic_constraints
[0.207s] [ 78%] Built target test_bullet_continuous_collision_checking
[0.207s] [ 79%] Built target test_bullet_collision_detection
[0.207s] [ 80%] Built target test_bullet_collision_detection_panda
[0.215s] [ 81%] Built target test_constraints
[0.215s] [ 82%] Built target test_orientation_constraints
[0.216s] [ 83%] Built target moveit_planning_scene
[0.239s] [ 88%] Built target test_multi_threaded
[0.239s] [ 88%] Built target collision_detector_fcl_plugin
[0.239s] [ 88%] Built target moveit_planning_request_adapter
[0.239s] [ 88%] Built target test_planning_scene
[0.241s] [ 89%] Built target collision_detector_bullet_plugin
[0.248s] [ 93%] Built target moveit_constraint_samplers
[0.248s] [ 96%] Built target moveit_collision_distance_field
[0.271s] [ 97%] Built target test_collision_distance_field
[0.274s] [100%] Built target test_constraint_samplers
[0.281s] Invoked command in '/home/mu/IVG/ws_moveit/build/moveit_core' returned '0': CMAKE_PREFIX_PATH=/home/mu/IVG/ws_moveit/install/moveit_common:/home/mu/IVG/ws_moveit/install/moveit2_tutorials:/home/mu/IVG/ws_moveit/install/moveit_visual_tools:/home/mu/IVG/ws_moveit/install/rviz_visual_tools:/home/mu/IVG/ws_moveit/install/run_ompl_constrained_planning:/home/mu/IVG/ws_moveit/install/run_moveit_cpp:/home/mu/IVG/ws_moveit/install/run_move_group:/home/mu/IVG/ws_moveit/install/moveit_runtime:/home/mu/IVG/ws_moveit/install/moveit:/home/mu/IVG/ws_moveit/install/moveit_plugins:/home/mu/IVG/ws_moveit/install/moveit_simple_controller_manager:/home/mu/IVG/ws_moveit/install/moveit_servo:/home/mu/IVG/ws_moveit/install/moveit_ros:/home/mu/IVG/ws_moveit/install/moveit_ros_visualization:/home/mu/IVG/ws_moveit/install/moveit_ros_planning_interface:/home/mu/IVG/ws_moveit/install/moveit_ros_benchmarks:/home/mu/IVG/ws_moveit/install/moveit_ros_warehouse:/home/mu/IVG/ws_moveit/install/moveit_ros_robot_interaction:/home/mu/IVG/ws_moveit/install/moveit_ros_perception:/home/mu/IVG/ws_moveit/install/moveit_ros_move_group:/home/mu/IVG/ws_moveit/install/moveit_planners:/home/mu/IVG/ws_moveit/install/moveit_planners_ompl:/home/mu/IVG/ws_moveit/install/moveit_ros_planning:/home/mu/IVG/ws_moveit/install/moveit_ros_occupancy_map_monitor:/home/mu/IVG/ws_moveit/install/moveit_planners_chomp:/home/mu/IVG/ws_moveit/install/moveit_kinematics:/home/mu/IVG/ws_moveit/install/moveit_chomp_optimizer_adapter:/home/mu/IVG/ws_moveit/install/chomp_motion_planner:/home/mu/IVG/ws_moveit/install/moveit_core:/opt/ros/foxy /usr/bin/cmake --build /home/mu/IVG/ws_moveit/build/moveit_core -- -j32 -l32
[0.283s] Invoking command in '/home/mu/IVG/ws_moveit/build/moveit_core': CMAKE_PREFIX_PATH=/home/mu/IVG/ws_moveit/install/moveit_common:/home/mu/IVG/ws_moveit/install/moveit2_tutorials:/home/mu/IVG/ws_moveit/install/moveit_visual_tools:/home/mu/IVG/ws_moveit/install/rviz_visual_tools:/home/mu/IVG/ws_moveit/install/run_ompl_constrained_planning:/home/mu/IVG/ws_moveit/install/run_moveit_cpp:/home/mu/IVG/ws_moveit/install/run_move_group:/home/mu/IVG/ws_moveit/install/moveit_runtime:/home/mu/IVG/ws_moveit/install/moveit:/home/mu/IVG/ws_moveit/install/moveit_plugins:/home/mu/IVG/ws_moveit/install/moveit_simple_controller_manager:/home/mu/IVG/ws_moveit/install/moveit_servo:/home/mu/IVG/ws_moveit/install/moveit_ros:/home/mu/IVG/ws_moveit/install/moveit_ros_visualization:/home/mu/IVG/ws_moveit/install/moveit_ros_planning_interface:/home/mu/IVG/ws_moveit/install/moveit_ros_benchmarks:/home/mu/IVG/ws_moveit/install/moveit_ros_warehouse:/home/mu/IVG/ws_moveit/install/moveit_ros_robot_interaction:/home/mu/IVG/ws_moveit/install/moveit_ros_perception:/home/mu/IVG/ws_moveit/install/moveit_ros_move_group:/home/mu/IVG/ws_moveit/install/moveit_planners:/home/mu/IVG/ws_moveit/install/moveit_planners_ompl:/home/mu/IVG/ws_moveit/install/moveit_ros_planning:/home/mu/IVG/ws_moveit/install/moveit_ros_occupancy_map_monitor:/home/mu/IVG/ws_moveit/install/moveit_planners_chomp:/home/mu/IVG/ws_moveit/install/moveit_kinematics:/home/mu/IVG/ws_moveit/install/moveit_chomp_optimizer_adapter:/home/mu/IVG/ws_moveit/install/chomp_motion_planner:/home/mu/IVG/ws_moveit/install/moveit_core:/opt/ros/foxy /usr/bin/cmake --install /home/mu/IVG/ws_moveit/build/moveit_core
[0.287s] -- Install configuration: "Release"
[0.287s] -- Up-to-date: /home/mu/IVG/ws_moveit/install/moveit_core/share/moveit_core/collision_detector_fcl_description.xml
[0.287s] -- Up-to-date: /home/mu/IVG/ws_moveit/install/moveit_core/share/moveit_core/collision_detector_bullet_description.xml
[0.287s] -- Up-to-date: /home/mu/IVG/ws_moveit/install/moveit_core/include/moveit/version.h
[0.287s] -- Up-to-date: /home/mu/IVG/ws_moveit/install/moveit_core/share/moveit_core/collision_detector_bullet_description.xml
[0.287s] -- Up-to-date: /home/mu/IVG/ws_moveit/install/moveit_core/lib/libmoveit_exceptions.so.2.2.3
[0.287s] -- Up-to-date: /home/mu/IVG/ws_moveit/install/moveit_core/lib/libmoveit_exceptions.so
[0.287s] -- Up-to-date: /home/mu/IVG/ws_moveit/install/moveit_core/lib/libmoveit_background_processing.so.2.2.3
[0.287s] -- Up-to-date: /home/mu/IVG/ws_moveit/install/moveit_core/lib/libmoveit_background_processing.so
[0.288s] -- Up-to-date: /home/mu/IVG/ws_moveit/install/moveit_core/lib/libmoveit_kinematics_base.so
[0.288s] -- Up-to-date: /home/mu/IVG/ws_moveit/install/moveit_core/lib/libmoveit_robot_model.so.2.2.3
[0.288s] -- Up-to-date: /home/mu/IVG/ws_moveit/install/moveit_core/lib/libmoveit_robot_model.so
[0.288s] -- Up-to-date: /home/mu/IVG/ws_moveit/install/moveit_core/lib/libmoveit_transforms.so.2.2.3
[0.288s] -- Up-to-date: /home/mu/IVG/ws_moveit/install/moveit_core/lib/libmoveit_transforms.so
[0.288s] -- Up-to-date: /home/mu/IVG/ws_moveit/install/moveit_core/lib/libmoveit_robot_state.so.2.2.3
[0.288s] -- Up-to-date: /home/mu/IVG/ws_moveit/install/moveit_core/lib/libmoveit_robot_state.so
[0.288s] -- Up-to-date: /home/mu/IVG/ws_moveit/install/moveit_core/lib/libmoveit_robot_trajectory.so.2.2.3
[0.288s] -- Up-to-date: /home/mu/IVG/ws_moveit/install/moveit_core/lib/libmoveit_robot_trajectory.so
[0.288s] -- Up-to-date: /home/mu/IVG/ws_moveit/install/moveit_core/lib/libmoveit_planning_interface.so.2.2.3
[0.288s] -- Up-to-date: /home/mu/IVG/ws_moveit/install/moveit_core/lib/libmoveit_planning_interface.so
[0.288s] -- Up-to-date: /home/mu/IVG/ws_moveit/install/moveit_core/lib/libmoveit_collision_detection.so.2.2.3
[0.288s] -- Up-to-date: /home/mu/IVG/ws_moveit/install/moveit_core/lib/libmoveit_collision_detection.so
[0.288s] -- Up-to-date: /home/mu/IVG/ws_moveit/install/moveit_core/lib/libmoveit_collision_detection_fcl.so.2.2.3
[0.288s] -- Up-to-date: /home/mu/IVG/ws_moveit/install/moveit_core/lib/libmoveit_collision_detection_fcl.so
[0.288s] -- Up-to-date: /home/mu/IVG/ws_moveit/install/moveit_core/lib/libmoveit_collision_detection_bullet.so.2.2.3
[0.288s] -- Up-to-date: /home/mu/IVG/ws_moveit/install/moveit_core/lib/libmoveit_collision_detection_bullet.so
[0.289s] -- Up-to-date: /home/mu/IVG/ws_moveit/install/moveit_core/lib/libmoveit_kinematic_constraints.so.2.2.3
[0.289s] -- Up-to-date: /home/mu/IVG/ws_moveit/install/moveit_core/lib/libmoveit_kinematic_constraints.so
[0.289s] -- Up-to-date: /home/mu/IVG/ws_moveit/install/moveit_core/lib/libmoveit_planning_scene.so.2.2.3
[0.289s] -- Up-to-date: /home/mu/IVG/ws_moveit/install/moveit_core/lib/libmoveit_planning_scene.so
[0.289s] -- Up-to-date: /home/mu/IVG/ws_moveit/install/moveit_core/lib/libmoveit_constraint_samplers.so.2.2.3
[0.289s] -- Up-to-date: /home/mu/IVG/ws_moveit/install/moveit_core/lib/libmoveit_constraint_samplers.so
[0.289s] -- Up-to-date: /home/mu/IVG/ws_moveit/install/moveit_core/lib/libmoveit_planning_request_adapter.so.2.2.3
[0.289s] -- Up-to-date: /home/mu/IVG/ws_moveit/install/moveit_core/lib/libmoveit_planning_request_adapter.so
[0.289s] -- Up-to-date: /home/mu/IVG/ws_moveit/install/moveit_core/lib/libmoveit_profiler.so.2.2.3
[0.289s] -- Up-to-date: /home/mu/IVG/ws_moveit/install/moveit_core/lib/libmoveit_profiler.so
[0.289s] -- Up-to-date: /home/mu/IVG/ws_moveit/install/moveit_core/lib/libmoveit_trajectory_processing.so.2.2.3
[0.289s] -- Up-to-date: /home/mu/IVG/ws_moveit/install/moveit_core/lib/libmoveit_trajectory_processing.so
[0.289s] -- Up-to-date: /home/mu/IVG/ws_moveit/install/moveit_core/lib/libmoveit_distance_field.so.2.2.3
[0.290s] -- Up-to-date: /home/mu/IVG/ws_moveit/install/moveit_core/lib/libmoveit_distance_field.so
[0.290s] -- Up-to-date: /home/mu/IVG/ws_moveit/install/moveit_core/lib/libmoveit_collision_distance_field.so.2.2.3
[0.290s] -- Up-to-date: /home/mu/IVG/ws_moveit/install/moveit_core/lib/libmoveit_collision_distance_field.so
[0.290s] -- Up-to-date: /home/mu/IVG/ws_moveit/install/moveit_core/lib/libmoveit_kinematics_metrics.so.2.2.3
[0.290s] -- Up-to-date: /home/mu/IVG/ws_moveit/install/moveit_core/lib/libmoveit_kinematics_metrics.so
[0.290s] -- Up-to-date: /home/mu/IVG/ws_moveit/install/moveit_core/lib/libmoveit_dynamics_solver.so.2.2.3
[0.290s] -- Up-to-date: /home/mu/IVG/ws_moveit/install/moveit_core/lib/libmoveit_dynamics_solver.so
[0.290s] -- Up-to-date: /home/mu/IVG/ws_moveit/install/moveit_core/lib/libmoveit_utils.so.2.2.3
[0.290s] -- Up-to-date: /home/mu/IVG/ws_moveit/install/moveit_core/lib/libmoveit_utils.so
[0.290s] -- Up-to-date: /home/mu/IVG/ws_moveit/install/moveit_core/lib/libmoveit_test_utils.so.2.2.3
[0.290s] -- Up-to-date: /home/mu/IVG/ws_moveit/install/moveit_core/lib/libmoveit_test_utils.so
[0.290s] -- Up-to-date: /home/mu/IVG/ws_moveit/install/moveit_core/share/moveit_core/environment/library_path.sh
[0.290s] -- Up-to-date: /home/mu/IVG/ws_moveit/install/moveit_core/share/moveit_core/environment/library_path.dsv
[0.291s] -- Up-to-date: /home/mu/IVG/ws_moveit/install/moveit_core/share/ament_index/resource_index/package_run_dependencies/moveit_core
[0.291s] -- Up-to-date: /home/mu/IVG/ws_moveit/install/moveit_core/share/ament_index/resource_index/parent_prefix_path/moveit_core
[0.291s] -- Up-to-date: /home/mu/IVG/ws_moveit/install/moveit_core/share/moveit_core/environment/ament_prefix_path.sh
[0.291s] -- Up-to-date: /home/mu/IVG/ws_moveit/install/moveit_core/share/moveit_core/environment/ament_prefix_path.dsv
[0.291s] -- Up-to-date: /home/mu/IVG/ws_moveit/install/moveit_core/share/moveit_core/environment/path.sh
[0.291s] -- Up-to-date: /home/mu/IVG/ws_moveit/install/moveit_core/share/moveit_core/environment/path.dsv
[0.291s] -- Up-to-date: /home/mu/IVG/ws_moveit/install/moveit_core/share/moveit_core/local_setup.bash
[0.291s] -- Up-to-date: /home/mu/IVG/ws_moveit/install/moveit_core/share/moveit_core/local_setup.sh
[0.291s] -- Up-to-date: /home/mu/IVG/ws_moveit/install/moveit_core/share/moveit_core/local_setup.zsh
[0.291s] -- Up-to-date: /home/mu/IVG/ws_moveit/install/moveit_core/share/moveit_core/local_setup.dsv
[0.291s] -- Installing: /home/mu/IVG/ws_moveit/install/moveit_core/share/moveit_core/package.dsv
[0.291s] -- Up-to-date: /home/mu/IVG/ws_moveit/install/moveit_core/share/ament_index/resource_index/packages/moveit_core
[0.292s] -- Up-to-date: /home/mu/IVG/ws_moveit/install/moveit_core/share/ament_index/resource_index/moveit_core__pluginlib__plugin/moveit_core
[0.292s] -- Up-to-date: /home/mu/IVG/ws_moveit/install/moveit_core/share/moveit_core/cmake/export_moveit_coreExport.cmake
[0.292s] -- Up-to-date: /home/mu/IVG/ws_moveit/install/moveit_core/share/moveit_core/cmake/export_moveit_coreExport-release.cmake
[0.292s] -- Up-to-date: /home/mu/IVG/ws_moveit/install/moveit_core/share/moveit_core/cmake/ConfigExtras.cmake
[0.292s] -- Up-to-date: /home/mu/IVG/ws_moveit/install/moveit_core/share/moveit_core/cmake/ament_cmake_export_targets-extras.cmake
[0.292s] -- Up-to-date: /home/mu/IVG/ws_moveit/install/moveit_core/share/moveit_core/cmake/ament_cmake_export_dependencies-extras.cmake
[0.292s] -- Up-to-date: /home/mu/IVG/ws_moveit/install/moveit_core/share/moveit_core/cmake/moveit_coreConfig.cmake
[0.292s] -- Up-to-date: /home/mu/IVG/ws_moveit/install/moveit_core/share/moveit_core/cmake/moveit_coreConfig-version.cmake
[0.293s] -- Up-to-date: /home/mu/IVG/ws_moveit/install/moveit_core/share/moveit_core/package.xml
[0.293s] -- Up-to-date: /home/mu/IVG/ws_moveit/install/moveit_core/bin/moveit_version
[0.293s] -- Up-to-date: /home/mu/IVG/ws_moveit/install/moveit_core/include
[0.293s] -- Up-to-date: /home/mu/IVG/ws_moveit/install/moveit_core/include/moveit
[0.293s] -- Up-to-date: /home/mu/IVG/ws_moveit/install/moveit_core/include/moveit/macros
[0.293s] -- Up-to-date: /home/mu/IVG/ws_moveit/install/moveit_core/include/moveit/macros/console_colors.h
[0.293s] -- Up-to-date: /home/mu/IVG/ws_moveit/install/moveit_core/include/moveit/macros/declare_ptr.h
[0.293s] -- Up-to-date: /home/mu/IVG/ws_moveit/install/moveit_core/include/moveit/macros/class_forward.h
[0.293s] -- Up-to-date: /home/mu/IVG/ws_moveit/install/moveit_core/include/moveit/macros/deprecation.h
[0.293s] -- Up-to-date: /home/mu/IVG/ws_moveit/install/moveit_core/include
[0.294s] -- Up-to-date: /home/mu/IVG/ws_moveit/install/moveit_core/include/moveit
[0.294s] -- Up-to-date: /home/mu/IVG/ws_moveit/install/moveit_core/include/moveit/backtrace
[0.294s] -- Up-to-date: /home/mu/IVG/ws_moveit/install/moveit_core/include/moveit/backtrace/backtrace.h
[0.294s] -- Up-to-date: /home/mu/IVG/ws_moveit/install/moveit_core/include
[0.294s] -- Up-to-date: /home/mu/IVG/ws_moveit/install/moveit_core/include/moveit
[0.294s] -- Up-to-date: /home/mu/IVG/ws_moveit/install/moveit_core/include/moveit/exceptions
[0.294s] -- Up-to-date: /home/mu/IVG/ws_moveit/install/moveit_core/include/moveit/exceptions/exceptions.h
[0.294s] -- Up-to-date: /home/mu/IVG/ws_moveit/install/moveit_core/include
[0.294s] -- Up-to-date: /home/mu/IVG/ws_moveit/install/moveit_core/include/moveit
[0.294s] -- Up-to-date: /home/mu/IVG/ws_moveit/install/moveit_core/include/moveit/profiler
[0.294s] -- Up-to-date: /home/mu/IVG/ws_moveit/install/moveit_core/include/moveit/profiler/profiler.h
[0.294s] -- Up-to-date: /home/mu/IVG/ws_moveit/install/moveit_core/include
[0.294s] -- Up-to-date: /home/mu/IVG/ws_moveit/install/moveit_core/include/moveit
[0.294s] -- Up-to-date: /home/mu/IVG/ws_moveit/install/moveit_core/include/moveit/utils
[0.294s] -- Up-to-date: /home/mu/IVG/ws_moveit/install/moveit_core/include/moveit/utils/rclcpp_utils.h
[0.294s] -- Up-to-date: /home/mu/IVG/ws_moveit/install/moveit_core/include/moveit/utils/lexical_casts.h
[0.294s] -- Up-to-date: /home/mu/IVG/ws_moveit/install/moveit_core/include/moveit/utils/robot_model_test_utils.h
[0.295s] -- Up-to-date: /home/mu/IVG/ws_moveit/install/moveit_core/include/moveit/utils/message_checks.h
[0.295s] -- Up-to-date: /home/mu/IVG/ws_moveit/install/moveit_core/include
[0.295s] -- Up-to-date: /home/mu/IVG/ws_moveit/install/moveit_core/include/moveit
[0.295s] -- Up-to-date: /home/mu/IVG/ws_moveit/install/moveit_core/include/moveit/background_processing
[0.295s] -- Up-to-date: /home/mu/IVG/ws_moveit/install/moveit_core/include/moveit/background_processing/background_processing.h
[0.295s] -- Up-to-date: /home/mu/IVG/ws_moveit/install/moveit_core/include
[0.295s] -- Up-to-date: /home/mu/IVG/ws_moveit/install/moveit_core/include/moveit
[0.295s] -- Up-to-date: /home/mu/IVG/ws_moveit/install/moveit_core/include/moveit/robot_model
[0.295s] -- Up-to-date: /home/mu/IVG/ws_moveit/install/moveit_core/include/moveit/robot_model/fixed_joint_model.h
[0.295s] -- Up-to-date: /home/mu/IVG/ws_moveit/install/moveit_core/include/moveit/robot_model/joint_model.h
[0.296s] -- Up-to-date: /home/mu/IVG/ws_moveit/install/moveit_core/include/moveit/robot_model/floating_joint_model.h
[0.296s] -- Up-to-date: /home/mu/IVG/ws_moveit/install/moveit_core/include/moveit/robot_model/planar_joint_model.h
[0.296s] -- Up-to-date: /home/mu/IVG/ws_moveit/install/moveit_core/include/moveit/robot_model/link_model.h
[0.296s] -- Up-to-date: /home/mu/IVG/ws_moveit/install/moveit_core/include/moveit/robot_model/aabb.h
[0.296s] -- Up-to-date: /home/mu/IVG/ws_moveit/install/moveit_core/include/moveit/robot_model/robot_model.h
[0.296s] -- Up-to-date: /home/mu/IVG/ws_moveit/install/moveit_core/include/moveit/robot_model/joint_model_group.h
[0.297s] -- Up-to-date: /home/mu/IVG/ws_moveit/install/moveit_core/include/moveit/robot_model/revolute_joint_model.h
[0.297s] -- Up-to-date: /home/mu/IVG/ws_moveit/install/moveit_core/include/moveit/robot_model/prismatic_joint_model.h
[0.297s] -- Up-to-date: /home/mu/IVG/ws_moveit/install/moveit_core/include
[0.297s] -- Up-to-date: /home/mu/IVG/ws_moveit/install/moveit_core/include/moveit
[0.297s] -- Up-to-date: /home/mu/IVG/ws_moveit/install/moveit_core/include/moveit/collision_detection
[0.297s] -- Up-to-date: /home/mu/IVG/ws_moveit/install/moveit_core/include/moveit/collision_detection/allvalid
[0.297s] -- Up-to-date: /home/mu/IVG/ws_moveit/install/moveit_core/include/moveit/collision_detection/allvalid/collision_env_allvalid.h
[0.297s] -- Up-to-date: /home/mu/IVG/ws_moveit/install/moveit_core/include/moveit/collision_detection/allvalid/collision_detector_allocator_allvalid.h
[0.297s] -- Up-to-date: /home/mu/IVG/ws_moveit/install/moveit_core/include/moveit/collision_detection/collision_env.h
[0.298s] -- Up-to-date: /home/mu/IVG/ws_moveit/install/moveit_core/include/moveit/collision_detection/collision_matrix.h
[0.298s] -- Up-to-date: /home/mu/IVG/ws_moveit/install/moveit_core/include/moveit/collision_detection/collision_detector_allocator.h
[0.298s] -- Up-to-date: /home/mu/IVG/ws_moveit/install/moveit_core/include/moveit/collision_detection/collision_octomap_filter.h
[0.298s] -- Up-to-date: /home/mu/IVG/ws_moveit/install/moveit_core/include/moveit/collision_detection/test_collision_common_pr2.h
[0.298s] -- Up-to-date: /home/mu/IVG/ws_moveit/install/moveit_core/include/moveit/collision_detection/world.h
[0.298s] -- Up-to-date: /home/mu/IVG/ws_moveit/install/moveit_core/include/moveit/collision_detection/collision_plugin.h
[0.298s] -- Up-to-date: /home/mu/IVG/ws_moveit/install/moveit_core/include/moveit/collision_detection/collision_tools.h
[0.299s] -- Up-to-date: /home/mu/IVG/ws_moveit/install/moveit_core/include/moveit/collision_detection/test_collision_common_panda.h
[0.299s] -- Up-to-date: /home/mu/IVG/ws_moveit/install/moveit_core/include/moveit/collision_detection/world_diff.h
[0.299s] -- Up-to-date: /home/mu/IVG/ws_moveit/install/moveit_core/include/moveit/collision_detection/collision_common.h
[0.299s] -- Up-to-date: /home/mu/IVG/ws_moveit/install/moveit_core/include/moveit_collision_detection_export.h
[0.299s] -- Up-to-date: /home/mu/IVG/ws_moveit/install/moveit_core/include
[0.299s] -- Up-to-date: /home/mu/IVG/ws_moveit/install/moveit_core/include/moveit
[0.300s] -- Up-to-date: /home/mu/IVG/ws_moveit/install/moveit_core/include/moveit/kinematics_base
[0.300s] -- Up-to-date: /home/mu/IVG/ws_moveit/install/moveit_core/include/moveit/kinematics_base/kinematics_base.h
[0.300s] -- Up-to-date: /home/mu/IVG/ws_moveit/install/moveit_core/include/moveit_kinematics_base_export.h
[0.300s] -- Up-to-date: /home/mu/IVG/ws_moveit/install/moveit_core/include
[0.300s] -- Up-to-date: /home/mu/IVG/ws_moveit/install/moveit_core/include/moveit
[0.301s] -- Up-to-date: /home/mu/IVG/ws_moveit/install/moveit_core/include/moveit/transforms
[0.301s] -- Up-to-date: /home/mu/IVG/ws_moveit/install/moveit_core/include/moveit/transforms/transforms.h
[0.301s] -- Up-to-date: /home/mu/IVG/ws_moveit/install/moveit_core/include
[0.301s] -- Up-to-date: /home/mu/IVG/ws_moveit/install/moveit_core/include/moveit
[0.301s] -- Up-to-date: /home/mu/IVG/ws_moveit/install/moveit_core/include/moveit/robot_state
[0.302s] -- Up-to-date: /home/mu/IVG/ws_moveit/install/moveit_core/include/moveit/robot_state/cartesian_interpolator.h
[0.302s] -- Up-to-date: /home/mu/IVG/ws_moveit/install/moveit_core/include/moveit/robot_state/attached_body.h
[0.302s] -- Up-to-date: /home/mu/IVG/ws_moveit/install/moveit_core/include/moveit/robot_state/conversions.h
[0.302s] -- Up-to-date: /home/mu/IVG/ws_moveit/install/moveit_core/include/moveit/robot_state/robot_state.h
[0.302s] -- Up-to-date: /home/mu/IVG/ws_moveit/install/moveit_core/include
[0.303s] -- Up-to-date: /home/mu/IVG/ws_moveit/install/moveit_core/include/moveit
[0.303s] -- Up-to-date: /home/mu/IVG/ws_moveit/install/moveit_core/include/moveit/collision_detection_fcl
[0.303s] -- Up-to-date: /home/mu/IVG/ws_moveit/install/moveit_core/include/moveit/collision_detection_fcl/collision_detector_fcl_plugin_loader.h
[0.303s] -- Up-to-date: /home/mu/IVG/ws_moveit/install/moveit_core/include/moveit/collision_detection_fcl/collision_env_fcl.h
[0.303s] -- Up-to-date: /home/mu/IVG/ws_moveit/install/moveit_core/include/moveit/collision_detection_fcl/fcl_compat.h
[0.303s] -- Up-to-date: /home/mu/IVG/ws_moveit/install/moveit_core/include/moveit/collision_detection_fcl/collision_detector_allocator_fcl.h
[0.303s] -- Up-to-date: /home/mu/IVG/ws_moveit/install/moveit_core/include/moveit/collision_detection_fcl/collision_common.h
[0.303s] -- Up-to-date: /home/mu/IVG/ws_moveit/install/moveit_core/include/moveit_collision_detection_fcl_export.h
[0.303s] -- Up-to-date: /home/mu/IVG/ws_moveit/install/moveit_core/include
[0.303s] -- Up-to-date: /home/mu/IVG/ws_moveit/install/moveit_core/include/moveit
[0.303s] -- Up-to-date: /home/mu/IVG/ws_moveit/install/moveit_core/include/moveit/robot_trajectory
[0.303s] -- Up-to-date: /home/mu/IVG/ws_moveit/install/moveit_core/include/moveit/robot_trajectory/robot_trajectory.h
[0.303s] -- Up-to-date: /home/mu/IVG/ws_moveit/install/moveit_core/include
[0.303s] -- Up-to-date: /home/mu/IVG/ws_moveit/install/moveit_core/include/moveit
[0.304s] -- Up-to-date: /home/mu/IVG/ws_moveit/install/moveit_core/include/moveit/kinematic_constraints
[0.304s] -- Up-to-date: /home/mu/IVG/ws_moveit/install/moveit_core/include/moveit/kinematic_constraints/kinematic_constraint.h
[0.304s] -- Up-to-date: /home/mu/IVG/ws_moveit/install/moveit_core/include/moveit/kinematic_constraints/utils.h
[0.304s] -- Up-to-date: /home/mu/IVG/ws_moveit/install/moveit_core/include
[0.304s] -- Up-to-date: /home/mu/IVG/ws_moveit/install/moveit_core/include/moveit
[0.304s] -- Up-to-date: /home/mu/IVG/ws_moveit/install/moveit_core/include/moveit/trajectory_processing
[0.304s] -- Up-to-date: /home/mu/IVG/ws_moveit/install/moveit_core/include/moveit/trajectory_processing/time_optimal_trajectory_generation.h
[0.304s] -- Up-to-date: /home/mu/IVG/ws_moveit/install/moveit_core/include/moveit/trajectory_processing/iterative_time_parameterization.h
[0.304s] -- Up-to-date: /home/mu/IVG/ws_moveit/install/moveit_core/include/moveit/trajectory_processing/iterative_spline_parameterization.h
[0.304s] -- Up-to-date: /home/mu/IVG/ws_moveit/install/moveit_core/include/moveit/trajectory_processing/trajectory_tools.h
[0.304s] -- Up-to-date: /home/mu/IVG/ws_moveit/install/moveit_core/include
[0.304s] -- Up-to-date: /home/mu/IVG/ws_moveit/install/moveit_core/include/moveit
[0.304s] -- Up-to-date: /home/mu/IVG/ws_moveit/install/moveit_core/include/moveit/planning_scene
[0.304s] -- Up-to-date: /home/mu/IVG/ws_moveit/install/moveit_core/include/moveit/planning_scene/planning_scene.h
[0.304s] -- Up-to-date: /home/mu/IVG/ws_moveit/install/moveit_core/include/moveit_planning_scene_export.h
[0.304s] -- Up-to-date: /home/mu/IVG/ws_moveit/install/moveit_core/include
[0.304s] -- Up-to-date: /home/mu/IVG/ws_moveit/install/moveit_core/include/moveit
[0.304s] -- Up-to-date: /home/mu/IVG/ws_moveit/install/moveit_core/include/moveit/controller_manager
[0.304s] -- Up-to-date: /home/mu/IVG/ws_moveit/install/moveit_core/include/moveit/controller_manager/controller_manager.h
[0.304s] -- Up-to-date: /home/mu/IVG/ws_moveit/install/moveit_core/include
[0.304s] -- Up-to-date: /home/mu/IVG/ws_moveit/install/moveit_core/include/moveit
[0.304s] -- Up-to-date: /home/mu/IVG/ws_moveit/install/moveit_core/include/moveit/sensor_manager
[0.304s] -- Up-to-date: /home/mu/IVG/ws_moveit/install/moveit_core/include/moveit/sensor_manager/sensor_manager.h
[0.304s] -- Up-to-date: /home/mu/IVG/ws_moveit/install/moveit_core/include
[0.304s] -- Up-to-date: /home/mu/IVG/ws_moveit/install/moveit_core/include/moveit
[0.304s] -- Up-to-date: /home/mu/IVG/ws_moveit/install/moveit_core/include/moveit/constraint_samplers
[0.304s] -- Up-to-date: /home/mu/IVG/ws_moveit/install/moveit_core/include/moveit/constraint_samplers/constraint_sampler_tools.h
[0.304s] -- Up-to-date: /home/mu/IVG/ws_moveit/install/moveit_core/include/moveit/constraint_samplers/default_constraint_samplers.h
[0.304s] -- Up-to-date: /home/mu/IVG/ws_moveit/install/moveit_core/include/moveit/constraint_samplers/union_constraint_sampler.h
[0.304s] -- Up-to-date: /home/mu/IVG/ws_moveit/install/moveit_core/include/moveit/constraint_samplers/constraint_sampler_allocator.h
[0.304s] -- Up-to-date: /home/mu/IVG/ws_moveit/install/moveit_core/include/moveit/constraint_samplers/constraint_sampler.h
[0.304s] -- Up-to-date: /home/mu/IVG/ws_moveit/install/moveit_core/include/moveit/constraint_samplers/constraint_sampler_manager.h
[0.304s] -- Up-to-date: /home/mu/IVG/ws_moveit/install/moveit_core/include
[0.304s] -- Up-to-date: /home/mu/IVG/ws_moveit/install/moveit_core/include/moveit
[0.304s] -- Up-to-date: /home/mu/IVG/ws_moveit/install/moveit_core/include/moveit/planning_interface
[0.304s] -- Up-to-date: /home/mu/IVG/ws_moveit/install/moveit_core/include/moveit/planning_interface/planning_request.h
[0.304s] -- Up-to-date: /home/mu/IVG/ws_moveit/install/moveit_core/include/moveit/planning_interface/planning_response.h
[0.304s] -- Up-to-date: /home/mu/IVG/ws_moveit/install/moveit_core/include/moveit/planning_interface/planning_interface.h
[0.304s] -- Up-to-date: /home/mu/IVG/ws_moveit/install/moveit_core/include
[0.304s] -- Up-to-date: /home/mu/IVG/ws_moveit/install/moveit_core/include/moveit
[0.304s] -- Up-to-date: /home/mu/IVG/ws_moveit/install/moveit_core/include/moveit/planning_request_adapter
[0.304s] -- Up-to-date: /home/mu/IVG/ws_moveit/install/moveit_core/include/moveit/planning_request_adapter/planning_request_adapter.h
[0.305s] -- Up-to-date: /home/mu/IVG/ws_moveit/install/moveit_core/include
[0.305s] -- Up-to-date: /home/mu/IVG/ws_moveit/install/moveit_core/include/moveit
[0.305s] -- Up-to-date: /home/mu/IVG/ws_moveit/install/moveit_core/include/moveit/distance_field
[0.305s] -- Up-to-date: /home/mu/IVG/ws_moveit/install/moveit_core/include/moveit/distance_field/voxel_grid.h
[0.305s] -- Up-to-date: /home/mu/IVG/ws_moveit/install/moveit_core/include/moveit/distance_field/find_internal_points.h
[0.305s] -- Up-to-date: /home/mu/IVG/ws_moveit/install/moveit_core/include/moveit/distance_field/distance_field.h
[0.305s] -- Up-to-date: /home/mu/IVG/ws_moveit/install/moveit_core/include/moveit/distance_field/propagation_distance_field.h
[0.305s] -- Up-to-date: /home/mu/IVG/ws_moveit/install/moveit_core/include
[0.305s] -- Up-to-date: /home/mu/IVG/ws_moveit/install/moveit_core/include/moveit
[0.305s] -- Up-to-date: /home/mu/IVG/ws_moveit/install/moveit_core/include/moveit/collision_distance_field
[0.305s] -- Up-to-date: /home/mu/IVG/ws_moveit/install/moveit_core/include/moveit/collision_distance_field/collision_detector_allocator_hybrid.h
[0.305s] -- Up-to-date: /home/mu/IVG/ws_moveit/install/moveit_core/include/moveit/collision_distance_field/collision_env_hybrid.h
[0.305s] -- Up-to-date: /home/mu/IVG/ws_moveit/install/moveit_core/include/moveit/collision_distance_field/collision_common_distance_field.h
[0.305s] -- Up-to-date: /home/mu/IVG/ws_moveit/install/moveit_core/include/moveit/collision_distance_field/collision_detector_allocator_distance_field.h
[0.305s] -- Up-to-date: /home/mu/IVG/ws_moveit/install/moveit_core/include/moveit/collision_distance_field/collision_distance_field_types.h
[0.305s] -- Up-to-date: /home/mu/IVG/ws_moveit/install/moveit_core/include/moveit/collision_distance_field/collision_env_distance_field.h
[0.305s] -- Up-to-date: /home/mu/IVG/ws_moveit/install/moveit_core/include/moveit_collision_distance_field_export.h
[0.305s] -- Up-to-date: /home/mu/IVG/ws_moveit/install/moveit_core/include
[0.305s] -- Up-to-date: /home/mu/IVG/ws_moveit/install/moveit_core/include/moveit
[0.305s] -- Up-to-date: /home/mu/IVG/ws_moveit/install/moveit_core/include/moveit/kinematics_metrics
[0.305s] -- Up-to-date: /home/mu/IVG/ws_moveit/install/moveit_core/include/moveit/kinematics_metrics/kinematics_metrics.h
[0.305s] -- Up-to-date: /home/mu/IVG/ws_moveit/install/moveit_core/include
[0.305s] -- Up-to-date: /home/mu/IVG/ws_moveit/install/moveit_core/include/moveit
[0.305s] -- Up-to-date: /home/mu/IVG/ws_moveit/install/moveit_core/include/moveit/dynamics_solver
[0.305s] -- Up-to-date: /home/mu/IVG/ws_moveit/install/moveit_core/include/moveit/dynamics_solver/dynamics_solver.h
[0.305s] -- Up-to-date: /home/mu/IVG/ws_moveit/install/moveit_core/include
[0.305s] -- Up-to-date: /home/mu/IVG/ws_moveit/install/moveit_core/include/moveit
[0.305s] -- Up-to-date: /home/mu/IVG/ws_moveit/install/moveit_core/include/moveit/collision_detection_bullet
[0.305s] -- Up-to-date: /home/mu/IVG/ws_moveit/install/moveit_core/include/moveit/collision_detection_bullet/collision_env_bullet.h
[0.305s] -- Up-to-date: /home/mu/IVG/ws_moveit/install/moveit_core/include/moveit/collision_detection_bullet/bullet_integration
[0.305s] -- Up-to-date: /home/mu/IVG/ws_moveit/install/moveit_core/include/moveit/collision_detection_bullet/bullet_integration/basic_types.h
[0.305s] -- Up-to-date: /home/mu/IVG/ws_moveit/install/moveit_core/include/moveit/collision_detection_bullet/bullet_integration/contact_checker_common.h
[0.305s] -- Up-to-date: /home/mu/IVG/ws_moveit/install/moveit_core/include/moveit/collision_detection_bullet/bullet_integration/bullet_utils.h
[0.305s] -- Up-to-date: /home/mu/IVG/ws_moveit/install/moveit_core/include/moveit/collision_detection_bullet/bullet_integration/bullet_cast_bvh_manager.h
[0.305s] -- Up-to-date: /home/mu/IVG/ws_moveit/install/moveit_core/include/moveit/collision_detection_bullet/bullet_integration/bullet_bvh_manager.h
[0.305s] -- Up-to-date: /home/mu/IVG/ws_moveit/install/moveit_core/include/moveit/collision_detection_bullet/bullet_integration/bullet_discrete_bvh_manager.h
[0.305s] -- Up-to-date: /home/mu/IVG/ws_moveit/install/moveit_core/include/moveit/collision_detection_bullet/bullet_integration/ros_bullet_utils.h
[0.305s] -- Up-to-date: /home/mu/IVG/ws_moveit/install/moveit_core/include/moveit/collision_detection_bullet/collision_detector_allocator_bullet.h
[0.305s] -- Up-to-date: /home/mu/IVG/ws_moveit/install/moveit_core/include/moveit/collision_detection_bullet/collision_detector_bullet_plugin_loader.h
[0.306s] -- Up-to-date: /home/mu/IVG/ws_moveit/install/moveit_core/include/moveit_collision_detection_bullet_export.h
[0.306s] -- Up-to-date: /home/mu/IVG/ws_moveit/install/moveit_core/lib/libmoveit_collision_detection_bullet.so.2.2.3
[0.306s] -- Up-to-date: /home/mu/IVG/ws_moveit/install/moveit_core/lib/libmoveit_collision_detection_bullet.so
[0.306s] -- Up-to-date: /home/mu/IVG/ws_moveit/install/moveit_core/lib/libcollision_detector_bullet_plugin.so.2.2.3
[0.306s] -- Up-to-date: /home/mu/IVG/ws_moveit/install/moveit_core/lib/libcollision_detector_bullet_plugin.so
[0.306s] -- Up-to-date: /home/mu/IVG/ws_moveit/install/moveit_core/share/moveit_core/environment/library_path.sh
[0.306s] -- Up-to-date: /home/mu/IVG/ws_moveit/install/moveit_core/share/moveit_core/environment/library_path.dsv
[0.306s] Invoked command in '/home/mu/IVG/ws_moveit/build/moveit_core' returned '0': CMAKE_PREFIX_PATH=/home/mu/IVG/ws_moveit/install/moveit_common:/home/mu/IVG/ws_moveit/install/moveit2_tutorials:/home/mu/IVG/ws_moveit/install/moveit_visual_tools:/home/mu/IVG/ws_moveit/install/rviz_visual_tools:/home/mu/IVG/ws_moveit/install/run_ompl_constrained_planning:/home/mu/IVG/ws_moveit/install/run_moveit_cpp:/home/mu/IVG/ws_moveit/install/run_move_group:/home/mu/IVG/ws_moveit/install/moveit_runtime:/home/mu/IVG/ws_moveit/install/moveit:/home/mu/IVG/ws_moveit/install/moveit_plugins:/home/mu/IVG/ws_moveit/install/moveit_simple_controller_manager:/home/mu/IVG/ws_moveit/install/moveit_servo:/home/mu/IVG/ws_moveit/install/moveit_ros:/home/mu/IVG/ws_moveit/install/moveit_ros_visualization:/home/mu/IVG/ws_moveit/install/moveit_ros_planning_interface:/home/mu/IVG/ws_moveit/install/moveit_ros_benchmarks:/home/mu/IVG/ws_moveit/install/moveit_ros_warehouse:/home/mu/IVG/ws_moveit/install/moveit_ros_robot_interaction:/home/mu/IVG/ws_moveit/install/moveit_ros_perception:/home/mu/IVG/ws_moveit/install/moveit_ros_move_group:/home/mu/IVG/ws_moveit/install/moveit_planners:/home/mu/IVG/ws_moveit/install/moveit_planners_ompl:/home/mu/IVG/ws_moveit/install/moveit_ros_planning:/home/mu/IVG/ws_moveit/install/moveit_ros_occupancy_map_monitor:/home/mu/IVG/ws_moveit/install/moveit_planners_chomp:/home/mu/IVG/ws_moveit/install/moveit_kinematics:/home/mu/IVG/ws_moveit/install/moveit_chomp_optimizer_adapter:/home/mu/IVG/ws_moveit/install/chomp_motion_planner:/home/mu/IVG/ws_moveit/install/moveit_core:/opt/ros/foxy /usr/bin/cmake --install /home/mu/IVG/ws_moveit/build/moveit_core
