[0.029s] Invoking command in '/home/mu/IVG/ws_moveit/build/moveit_resources_fanuc_moveit_config': AMENT_PREFIX_PATH=/home/mu/IVG/ws_moveit/install/moveit_resources_fanuc_description:${AMENT_PREFIX_PATH} CMAKE_PREFIX_PATH=/home/mu/IVG/ws_moveit/install/moveit_resources_fanuc_description:/home/mu/IVG/ws_moveit/install/moveit2_tutorials:/home/mu/IVG/ws_moveit/install/moveit_visual_tools:/home/mu/IVG/ws_moveit/install/rviz_visual_tools:/opt/ros/foxy /usr/bin/cmake /home/mu/IVG/ws_moveit/src/moveit_resources/fanuc_moveit_config -DCMAKE_BUILD_TYPE=Release -DCMAKE_INSTALL_PREFIX=/home/mu/IVG/ws_moveit/install/moveit_resources_fanuc_moveit_config
[0.055s] -- The C compiler identification is GNU 9.4.0
[0.080s] -- The CXX compiler identification is GNU 9.4.0
[0.082s] -- Check for working C compiler: /usr/bin/cc
[0.115s] -- Check for working C compiler: /usr/bin/cc -- works
[0.116s] -- Detecting C compiler ABI info
[0.149s] -- Detecting C compiler ABI info - done
[0.155s] -- Detecting C compile features
[0.155s] -- Detecting C compile features - done
[0.156s] -- Check for working CXX compiler: /usr/bin/c++
[0.193s] -- Check for working CXX compiler: /usr/bin/c++ -- works
[0.193s] -- Detecting CXX compiler ABI info
[0.232s] -- Detecting CXX compiler ABI info - done
[0.237s] -- Detecting CXX compile features
[0.237s] -- Detecting CXX compile features - done
[0.239s] -- Found ament_cmake: 0.9.12 (/opt/ros/foxy/share/ament_cmake/cmake)
[0.250s] -- Found PythonInterp: /usr/bin/python3 (found suitable version "3.8.10", minimum required is "3") 
[0.250s] -- Using PYTHON_EXECUTABLE: /usr/bin/python3
[0.361s] -- Configuring done
[0.362s] -- Generating done
[0.363s] -- Build files have been written to: /home/mu/IVG/ws_moveit/build/moveit_resources_fanuc_moveit_config
[0.366s] Invoked command in '/home/mu/IVG/ws_moveit/build/moveit_resources_fanuc_moveit_config' returned '0': AMENT_PREFIX_PATH=/home/mu/IVG/ws_moveit/install/moveit_resources_fanuc_description:${AMENT_PREFIX_PATH} CMAKE_PREFIX_PATH=/home/mu/IVG/ws_moveit/install/moveit_resources_fanuc_description:/home/mu/IVG/ws_moveit/install/moveit2_tutorials:/home/mu/IVG/ws_moveit/install/moveit_visual_tools:/home/mu/IVG/ws_moveit/install/rviz_visual_tools:/opt/ros/foxy /usr/bin/cmake /home/mu/IVG/ws_moveit/src/moveit_resources/fanuc_moveit_config -DCMAKE_BUILD_TYPE=Release -DCMAKE_INSTALL_PREFIX=/home/mu/IVG/ws_moveit/install/moveit_resources_fanuc_moveit_config
[0.366s] Invoking command in '/home/mu/IVG/ws_moveit/build/moveit_resources_fanuc_moveit_config': AMENT_PREFIX_PATH=/home/mu/IVG/ws_moveit/install/moveit_resources_fanuc_description:${AMENT_PREFIX_PATH} CMAKE_PREFIX_PATH=/home/mu/IVG/ws_moveit/install/moveit_resources_fanuc_description:/home/mu/IVG/ws_moveit/install/moveit2_tutorials:/home/mu/IVG/ws_moveit/install/moveit_visual_tools:/home/mu/IVG/ws_moveit/install/rviz_visual_tools:/opt/ros/foxy /usr/bin/cmake --build /home/mu/IVG/ws_moveit/build/moveit_resources_fanuc_moveit_config -- -j32 -l32
[0.384s] Invoked command in '/home/mu/IVG/ws_moveit/build/moveit_resources_fanuc_moveit_config' returned '0': AMENT_PREFIX_PATH=/home/mu/IVG/ws_moveit/install/moveit_resources_fanuc_description:${AMENT_PREFIX_PATH} CMAKE_PREFIX_PATH=/home/mu/IVG/ws_moveit/install/moveit_resources_fanuc_description:/home/mu/IVG/ws_moveit/install/moveit2_tutorials:/home/mu/IVG/ws_moveit/install/moveit_visual_tools:/home/mu/IVG/ws_moveit/install/rviz_visual_tools:/opt/ros/foxy /usr/bin/cmake --build /home/mu/IVG/ws_moveit/build/moveit_resources_fanuc_moveit_config -- -j32 -l32
[0.385s] Invoking command in '/home/mu/IVG/ws_moveit/build/moveit_resources_fanuc_moveit_config': AMENT_PREFIX_PATH=/home/mu/IVG/ws_moveit/install/moveit_resources_fanuc_description:${AMENT_PREFIX_PATH} CMAKE_PREFIX_PATH=/home/mu/IVG/ws_moveit/install/moveit_resources_fanuc_description:/home/mu/IVG/ws_moveit/install/moveit2_tutorials:/home/mu/IVG/ws_moveit/install/moveit_visual_tools:/home/mu/IVG/ws_moveit/install/rviz_visual_tools:/opt/ros/foxy /usr/bin/cmake --install /home/mu/IVG/ws_moveit/build/moveit_resources_fanuc_moveit_config
[0.388s] -- Install configuration: "Release"
[0.388s] -- Installing: /home/mu/IVG/ws_moveit/install/moveit_resources_fanuc_moveit_config/share/ament_index/resource_index/package_run_dependencies/moveit_resources_fanuc_moveit_config
[0.388s] -- Installing: /home/mu/IVG/ws_moveit/install/moveit_resources_fanuc_moveit_config/share/ament_index/resource_index/parent_prefix_path/moveit_resources_fanuc_moveit_config
[0.389s] -- Installing: /home/mu/IVG/ws_moveit/install/moveit_resources_fanuc_moveit_config/share/moveit_resources_fanuc_moveit_config/environment/ament_prefix_path.sh
[0.389s] -- Installing: /home/mu/IVG/ws_moveit/install/moveit_resources_fanuc_moveit_config/share/moveit_resources_fanuc_moveit_config/environment/ament_prefix_path.dsv
[0.389s] -- Installing: /home/mu/IVG/ws_moveit/install/moveit_resources_fanuc_moveit_config/share/moveit_resources_fanuc_moveit_config/environment/path.sh
[0.389s] -- Installing: /home/mu/IVG/ws_moveit/install/moveit_resources_fanuc_moveit_config/share/moveit_resources_fanuc_moveit_config/environment/path.dsv
[0.389s] -- Installing: /home/mu/IVG/ws_moveit/install/moveit_resources_fanuc_moveit_config/share/moveit_resources_fanuc_moveit_config/local_setup.bash
[0.389s] -- Installing: /home/mu/IVG/ws_moveit/install/moveit_resources_fanuc_moveit_config/share/moveit_resources_fanuc_moveit_config/local_setup.sh
[0.389s] -- Installing: /home/mu/IVG/ws_moveit/install/moveit_resources_fanuc_moveit_config/share/moveit_resources_fanuc_moveit_config/local_setup.zsh
[0.389s] -- Installing: /home/mu/IVG/ws_moveit/install/moveit_resources_fanuc_moveit_config/share/moveit_resources_fanuc_moveit_config/local_setup.dsv
[0.389s] -- Installing: /home/mu/IVG/ws_moveit/install/moveit_resources_fanuc_moveit_config/share/moveit_resources_fanuc_moveit_config/package.dsv
[0.389s] -- Installing: /home/mu/IVG/ws_moveit/install/moveit_resources_fanuc_moveit_config/share/ament_index/resource_index/packages/moveit_resources_fanuc_moveit_config
[0.389s] -- Installing: /home/mu/IVG/ws_moveit/install/moveit_resources_fanuc_moveit_config/share/moveit_resources_fanuc_moveit_config/cmake/moveit_resources_fanuc_moveit_configConfig.cmake
[0.389s] -- Installing: /home/mu/IVG/ws_moveit/install/moveit_resources_fanuc_moveit_config/share/moveit_resources_fanuc_moveit_config/cmake/moveit_resources_fanuc_moveit_configConfig-version.cmake
[0.389s] -- Installing: /home/mu/IVG/ws_moveit/install/moveit_resources_fanuc_moveit_config/share/moveit_resources_fanuc_moveit_config/package.xml
[0.389s] -- Installing: /home/mu/IVG/ws_moveit/install/moveit_resources_fanuc_moveit_config/share/moveit_resources_fanuc_moveit_config/launch
[0.389s] -- Installing: /home/mu/IVG/ws_moveit/install/moveit_resources_fanuc_moveit_config/share/moveit_resources_fanuc_moveit_config/launch/gazebo.launch
[0.389s] -- Installing: /home/mu/IVG/ws_moveit/install/moveit_resources_fanuc_moveit_config/share/moveit_resources_fanuc_moveit_config/launch/moveit_rviz.launch
[0.389s] -- Installing: /home/mu/IVG/ws_moveit/install/moveit_resources_fanuc_moveit_config/share/moveit_resources_fanuc_moveit_config/launch/moveit.rviz
[0.389s] -- Installing: /home/mu/IVG/ws_moveit/install/moveit_resources_fanuc_moveit_config/share/moveit_resources_fanuc_moveit_config/launch/move_group.launch
[0.389s] -- Installing: /home/mu/IVG/ws_moveit/install/moveit_resources_fanuc_moveit_config/share/moveit_resources_fanuc_moveit_config/launch/test_environment.launch
[0.389s] -- Installing: /home/mu/IVG/ws_moveit/install/moveit_resources_fanuc_moveit_config/share/moveit_resources_fanuc_moveit_config/launch/run_benchmark_ompl.launch
[0.389s] -- Installing: /home/mu/IVG/ws_moveit/install/moveit_resources_fanuc_moveit_config/share/moveit_resources_fanuc_moveit_config/launch/warehouse.launch
[0.389s] -- Installing: /home/mu/IVG/ws_moveit/install/moveit_resources_fanuc_moveit_config/share/moveit_resources_fanuc_moveit_config/launch/trajectory_execution.launch.xml
[0.389s] -- Installing: /home/mu/IVG/ws_moveit/install/moveit_resources_fanuc_moveit_config/share/moveit_resources_fanuc_moveit_config/launch/fake_moveit_controller_manager.launch.xml
[0.390s] -- Installing: /home/mu/IVG/ws_moveit/install/moveit_resources_fanuc_moveit_config/share/moveit_resources_fanuc_moveit_config/launch/default_warehouse_db.launch
[0.390s] -- Installing: /home/mu/IVG/ws_moveit/install/moveit_resources_fanuc_moveit_config/share/moveit_resources_fanuc_moveit_config/launch/sensor_manager.launch.xml
[0.390s] -- Installing: /home/mu/IVG/ws_moveit/install/moveit_resources_fanuc_moveit_config/share/moveit_resources_fanuc_moveit_config/launch/fanuc_moveit_controller_manager.launch.xml
[0.390s] -- Installing: /home/mu/IVG/ws_moveit/install/moveit_resources_fanuc_moveit_config/share/moveit_resources_fanuc_moveit_config/launch/chomp_planning_pipeline.launch.xml
[0.390s] -- Installing: /home/mu/IVG/ws_moveit/install/moveit_resources_fanuc_moveit_config/share/moveit_resources_fanuc_moveit_config/launch/fanuc_moveit_sensor_manager.launch.xml
[0.390s] -- Installing: /home/mu/IVG/ws_moveit/install/moveit_resources_fanuc_moveit_config/share/moveit_resources_fanuc_moveit_config/launch/demo.launch
[0.390s] -- Installing: /home/mu/IVG/ws_moveit/install/moveit_resources_fanuc_moveit_config/share/moveit_resources_fanuc_moveit_config/launch/ros_controllers.launch
[0.390s] -- Installing: /home/mu/IVG/ws_moveit/install/moveit_resources_fanuc_moveit_config/share/moveit_resources_fanuc_moveit_config/launch/planning_context.launch
[0.390s] -- Installing: /home/mu/IVG/ws_moveit/install/moveit_resources_fanuc_moveit_config/share/moveit_resources_fanuc_moveit_config/launch/demo_gazebo.launch
[0.390s] -- Installing: /home/mu/IVG/ws_moveit/install/moveit_resources_fanuc_moveit_config/share/moveit_resources_fanuc_moveit_config/launch/joystick_control.launch
[0.390s] -- Installing: /home/mu/IVG/ws_moveit/install/moveit_resources_fanuc_moveit_config/share/moveit_resources_fanuc_moveit_config/launch/planning_pipeline.launch.xml
[0.390s] -- Installing: /home/mu/IVG/ws_moveit/install/moveit_resources_fanuc_moveit_config/share/moveit_resources_fanuc_moveit_config/launch/demo_chomp.launch
[0.390s] -- Installing: /home/mu/IVG/ws_moveit/install/moveit_resources_fanuc_moveit_config/share/moveit_resources_fanuc_moveit_config/launch/ompl_planning_pipeline.launch.xml
[0.390s] -- Installing: /home/mu/IVG/ws_moveit/install/moveit_resources_fanuc_moveit_config/share/moveit_resources_fanuc_moveit_config/launch/warehouse_settings.launch.xml
[0.390s] -- Installing: /home/mu/IVG/ws_moveit/install/moveit_resources_fanuc_moveit_config/share/moveit_resources_fanuc_moveit_config/config
[0.390s] -- Installing: /home/mu/IVG/ws_moveit/install/moveit_resources_fanuc_moveit_config/share/moveit_resources_fanuc_moveit_config/config/ros_controllers.yaml
[0.390s] -- Installing: /home/mu/IVG/ws_moveit/install/moveit_resources_fanuc_moveit_config/share/moveit_resources_fanuc_moveit_config/config/fake_controllers.yaml
[0.390s] -- Installing: /home/mu/IVG/ws_moveit/install/moveit_resources_fanuc_moveit_config/share/moveit_resources_fanuc_moveit_config/config/sensors_3d.yaml
[0.390s] -- Installing: /home/mu/IVG/ws_moveit/install/moveit_resources_fanuc_moveit_config/share/moveit_resources_fanuc_moveit_config/config/ompl_planning.yaml
[0.390s] -- Installing: /home/mu/IVG/ws_moveit/install/moveit_resources_fanuc_moveit_config/share/moveit_resources_fanuc_moveit_config/config/kinematics.yaml
[0.390s] -- Installing: /home/mu/IVG/ws_moveit/install/moveit_resources_fanuc_moveit_config/share/moveit_resources_fanuc_moveit_config/config/fanuc.srdf
[0.390s] -- Installing: /home/mu/IVG/ws_moveit/install/moveit_resources_fanuc_moveit_config/share/moveit_resources_fanuc_moveit_config/config/chomp_planning.yaml
[0.390s] -- Installing: /home/mu/IVG/ws_moveit/install/moveit_resources_fanuc_moveit_config/share/moveit_resources_fanuc_moveit_config/config/joint_limits.yaml
[0.391s] Invoked command in '/home/mu/IVG/ws_moveit/build/moveit_resources_fanuc_moveit_config' returned '0': AMENT_PREFIX_PATH=/home/mu/IVG/ws_moveit/install/moveit_resources_fanuc_description:${AMENT_PREFIX_PATH} CMAKE_PREFIX_PATH=/home/mu/IVG/ws_moveit/install/moveit_resources_fanuc_description:/home/mu/IVG/ws_moveit/install/moveit2_tutorials:/home/mu/IVG/ws_moveit/install/moveit_visual_tools:/home/mu/IVG/ws_moveit/install/rviz_visual_tools:/opt/ros/foxy /usr/bin/cmake --install /home/mu/IVG/ws_moveit/build/moveit_resources_fanuc_moveit_config
