[0.005s] Invoking command in '/home/mu/IVG/ws_moveit/build/moveit_core': CMAKE_PREFIX_PATH=/home/mu/IVG/ws_moveit/install/moveit_common:/home/mu/IVG/ws_moveit/install/moveit2_tutorials:/home/mu/IVG/ws_moveit/install/moveit_visual_tools:/home/mu/IVG/ws_moveit/install/rviz_visual_tools:/home/mu/IVG/ws_moveit/install/run_ompl_constrained_planning:/home/mu/IVG/ws_moveit/install/run_moveit_cpp:/home/mu/IVG/ws_moveit/install/run_move_group:/home/mu/IVG/ws_moveit/install/moveit_runtime:/home/mu/IVG/ws_moveit/install/moveit:/home/mu/IVG/ws_moveit/install/moveit_plugins:/home/mu/IVG/ws_moveit/install/moveit_simple_controller_manager:/home/mu/IVG/ws_moveit/install/moveit_servo:/home/mu/IVG/ws_moveit/install/moveit_ros:/home/mu/IVG/ws_moveit/install/moveit_ros_visualization:/home/mu/IVG/ws_moveit/install/moveit_ros_planning_interface:/home/mu/IVG/ws_moveit/install/moveit_ros_benchmarks:/home/mu/IVG/ws_moveit/install/moveit_ros_warehouse:/home/mu/IVG/ws_moveit/install/moveit_ros_robot_interaction:/home/mu/IVG/ws_moveit/install/moveit_ros_perception:/home/mu/IVG/ws_moveit/install/moveit_ros_move_group:/home/mu/IVG/ws_moveit/install/moveit_planners:/home/mu/IVG/ws_moveit/install/moveit_planners_ompl:/home/mu/IVG/ws_moveit/install/moveit_ros_planning:/home/mu/IVG/ws_moveit/install/moveit_ros_occupancy_map_monitor:/home/mu/IVG/ws_moveit/install/moveit_planners_chomp:/home/mu/IVG/ws_moveit/install/moveit_kinematics:/home/mu/IVG/ws_moveit/install/moveit_chomp_optimizer_adapter:/home/mu/IVG/ws_moveit/install/chomp_motion_planner:/home/mu/IVG/ws_moveit/install/moveit_core:/opt/ros/foxy /usr/bin/cmake /home/mu/IVG/ws_moveit/src/moveit2/moveit_core -DCMAKE_INSTALL_PREFIX=/home/mu/IVG/ws_moveit/install/moveit_core
[0.036s] -- The CXX compiler identification is GNU 9.4.0
[0.040s] -- Check for working CXX compiler: /usr/bin/c++
[0.079s] -- Check for working CXX compiler: /usr/bin/c++ -- works
[0.080s] -- Detecting CXX compiler ABI info
[0.119s] -- Detecting CXX compiler ABI info - done
[0.124s] -- Detecting CXX compile features
[0.125s] -- Detecting CXX compile features - done
[0.125s] -- Found moveit_common: 2.2.3 (/home/mu/IVG/ws_moveit/install/moveit_common/share/moveit_common/cmake)
[0.126s] -- Found ament_cmake: 0.9.12 (/opt/ros/foxy/share/ament_cmake/cmake)
[0.137s] -- Found PythonInterp: /usr/bin/python3 (found suitable version "3.8.10", minimum required is "3") 
[0.137s] -- Using PYTHON_EXECUTABLE: /usr/bin/python3
[0.251s] moveit_core: You did not request a specific build type: Choosing 'Release' for maximum performance
[0.252s] -- Found rclcpp: 2.4.3 (/opt/ros/foxy/share/rclcpp/cmake)
[0.275s] -- Using all available rosidl_typesupport_c: rosidl_typesupport_fastrtps_c;rosidl_typesupport_introspection_c
[0.278s] -- Found rosidl_adapter: 1.3.1 (/opt/ros/foxy/share/rosidl_adapter/cmake)
[0.318s] -- Found OpenSSL: /usr/lib/x86_64-linux-gnu/libcrypto.so (found version "1.1.1f")  
[0.333s] -- Found FastRTPS: /opt/ros/foxy/include  
[0.371s] -- Using all available rosidl_typesupport_cpp: rosidl_typesupport_fastrtps_cpp;rosidl_typesupport_introspection_cpp
[0.398s] -- Found rmw_implementation_cmake: 1.0.4 (/opt/ros/foxy/share/rmw_implementation_cmake/cmake)
[0.399s] -- Using RMW implementation 'rmw_fastrtps_cpp' as default
[0.399s] -- Looking for C++ include pthread.h
[0.439s] -- Looking for C++ include pthread.h - found
[0.439s] -- Performing Test CMAKE_HAVE_LIBC_PTHREAD
[0.480s] -- Performing Test CMAKE_HAVE_LIBC_PTHREAD - Failed
[0.480s] -- Looking for pthread_create in pthreads
[0.513s] -- Looking for pthread_create in pthreads - not found
[0.513s] -- Looking for pthread_create in pthread
[0.552s] -- Looking for pthread_create in pthread - found
[0.553s] -- Found Threads: TRUE  
[0.623s] -- Found eigen3_cmake_module: 0.1.1 (/opt/ros/foxy/share/eigen3_cmake_module/cmake)
[0.624s] -- Found Eigen3: TRUE (found version "3.3.7") 
[0.626s] -- Found PkgConfig: /usr/bin/pkg-config (found version "0.29.1") 
[0.627s] -- Checking for module 'fcl>=0.5.0'
[0.635s] --   Found fcl, version 0.5.0
[0.665s] -- Found Bullet: /usr/lib/x86_64-linux-gnu/libBulletDynamics.so (Required is at least version "2.87") 
[0.665s] -- Found angles: 1.12.6 (/opt/ros/foxy/share/angles/cmake)
[0.670s] -- Found urdf: 2.4.0 (/opt/ros/foxy/share/urdf/cmake)
[0.679s] -- Found tf2_eigen: 0.13.14 (/opt/ros/foxy/share/tf2_eigen/cmake)
[0.866s] -- Found tf2_kdl: 0.13.14 (/opt/ros/foxy/share/tf2_kdl/cmake)
[0.876s] -- Found tf2_geometry_msgs: 0.13.14 (/opt/ros/foxy/share/tf2_geometry_msgs/cmake)
[0.891s] -- Found eigen_stl_containers: 1.0.0 (/opt/ros/foxy/share/eigen_stl_containers/cmake)
[0.892s] -- Found geometric_shapes: 2.1.2 (/opt/ros/foxy/share/geometric_shapes/cmake)
[0.896s] -- Found Boost: /usr/lib/x86_64-linux-gnu/cmake/Boost-1.71.0/BoostConfig.cmake (found version "1.71.0") found components: filesystem 
[0.945s] -- library: /usr/lib/x86_64-linux-gnu/libcurl.so
[1.024s] -- Found kdl_parser: 2.4.1 (/opt/ros/foxy/share/kdl_parser/cmake)
[1.026s] -- Found moveit_msgs: 2.1.0 (/opt/ros/foxy/share/moveit_msgs/cmake)
[1.604s] -- Found srdfdom: 2.0.2 (/opt/ros/foxy/share/srdfdom/cmake)
[1.607s] -- Found common_interfaces: 2.0.5 (/opt/ros/foxy/share/common_interfaces/cmake)
[1.607s] -- Found pluginlib: 2.5.4 (/opt/ros/foxy/share/pluginlib/cmake)
[1.630s] -- Found Boost: /usr/lib/x86_64-linux-gnu/cmake/Boost-1.71.0/BoostConfig.cmake (found version "1.71.0") found components: chrono date_time filesystem iostreams program_options regex serialization system thread 
[1.631s] --  *** Building MoveIt 2.2.3-Alpha ***
[1.660s] -- Found ament_cmake_gtest: 0.9.12 (/opt/ros/foxy/share/ament_cmake_gtest/cmake)
[1.661s] -- Found gtest sources under '/opt/ros/foxy/src/gtest_vendor': C++ tests using 'Google Test' will be built
[1.685s] -- The C compiler identification is GNU 9.4.0
[1.687s] -- Check for working C compiler: /usr/bin/cc
[1.722s] -- Check for working C compiler: /usr/bin/cc -- works
[1.723s] -- Detecting C compiler ABI info
[1.758s] -- Detecting C compiler ABI info - done
[1.767s] -- Detecting C compile features
[1.768s] -- Detecting C compile features - done
[1.770s] -- Check if compiler accepts -pthread
[1.821s] -- Check if compiler accepts -pthread - yes
[1.829s] -- Performing Test COMPILER_HAS_HIDDEN_VISIBILITY
[1.899s] -- Performing Test COMPILER_HAS_HIDDEN_VISIBILITY - Success
[1.900s] -- Performing Test COMPILER_HAS_HIDDEN_INLINE_VISIBILITY
[1.947s] -- Performing Test COMPILER_HAS_HIDDEN_INLINE_VISIBILITY - Success
[1.947s] -- Performing Test COMPILER_HAS_DEPRECATED_ATTR
[1.994s] -- Performing Test COMPILER_HAS_DEPRECATED_ATTR - Success
[2.003s] -- Found gtest sources under '/opt/ros/foxy/src/gtest_vendor': C++ tests using 'Google Test' will be built
[2.022s] -- Found ament_cmake_gtest: 0.9.12 (/opt/ros/foxy/share/ament_cmake_gtest/cmake)
[2.022s] -- Found gtest sources under '/opt/ros/foxy/src/gtest_vendor': C++ tests using 'Google Test' will be built
[2.027s] -- Found ament_cmake_gtest: 0.9.12 (/opt/ros/foxy/share/ament_cmake_gtest/cmake)
[2.028s] -- Found gtest sources under '/opt/ros/foxy/src/gtest_vendor': C++ tests using 'Google Test' will be built
[2.040s] -- Found gtest sources under '/opt/ros/foxy/src/gtest_vendor': C++ tests using 'Google Test' will be built
[2.047s] -- Found gtest sources under '/opt/ros/foxy/src/gtest_vendor': C++ tests using 'Google Test' will be built
[2.055s] -- Found ament_cmake_gtest: 0.9.12 (/opt/ros/foxy/share/ament_cmake_gtest/cmake)
[2.056s] -- Found gtest sources under '/opt/ros/foxy/src/gtest_vendor': C++ tests using 'Google Test' will be built
[2.062s] -- Found gtest sources under '/opt/ros/foxy/src/gtest_vendor': C++ tests using 'Google Test' will be built
[2.069s] -- Found ament_cmake_gtest: 0.9.12 (/opt/ros/foxy/share/ament_cmake_gtest/cmake)
[2.069s] -- Found gtest sources under '/opt/ros/foxy/src/gtest_vendor': C++ tests using 'Google Test' will be built
[2.080s] -- Found gtest sources under '/opt/ros/foxy/src/gtest_vendor': C++ tests using 'Google Test' will be built
[2.095s] -- Found ament_cmake_gtest: 0.9.12 (/opt/ros/foxy/share/ament_cmake_gtest/cmake)
[2.096s] -- Found gtest sources under '/opt/ros/foxy/src/gtest_vendor': C++ tests using 'Google Test' will be built
[2.107s] -- Found ament_cmake_gtest: 0.9.12 (/opt/ros/foxy/share/ament_cmake_gtest/cmake)
[2.108s] -- Found gtest sources under '/opt/ros/foxy/src/gtest_vendor': C++ tests using 'Google Test' will be built
[2.125s] -- Found gtest sources under '/opt/ros/foxy/src/gtest_vendor': C++ tests using 'Google Test' will be built
[2.130s] -- Found ament_lint_auto: 0.9.8 (/opt/ros/foxy/share/ament_lint_auto/cmake)
[2.144s] -- Added test 'pep257' to check Python code against some of the style conventions in PEP 257
[2.146s] -- Added test 'xmllint' to check XML markup files
[2.153s] -- Configuring done
[2.714s] -- Generating done
[2.890s] -- Build files have been written to: /home/mu/IVG/ws_moveit/build/moveit_core
[2.913s] Invoked command in '/home/mu/IVG/ws_moveit/build/moveit_core' returned '0': CMAKE_PREFIX_PATH=/home/mu/IVG/ws_moveit/install/moveit_common:/home/mu/IVG/ws_moveit/install/moveit2_tutorials:/home/mu/IVG/ws_moveit/install/moveit_visual_tools:/home/mu/IVG/ws_moveit/install/rviz_visual_tools:/home/mu/IVG/ws_moveit/install/run_ompl_constrained_planning:/home/mu/IVG/ws_moveit/install/run_moveit_cpp:/home/mu/IVG/ws_moveit/install/run_move_group:/home/mu/IVG/ws_moveit/install/moveit_runtime:/home/mu/IVG/ws_moveit/install/moveit:/home/mu/IVG/ws_moveit/install/moveit_plugins:/home/mu/IVG/ws_moveit/install/moveit_simple_controller_manager:/home/mu/IVG/ws_moveit/install/moveit_servo:/home/mu/IVG/ws_moveit/install/moveit_ros:/home/mu/IVG/ws_moveit/install/moveit_ros_visualization:/home/mu/IVG/ws_moveit/install/moveit_ros_planning_interface:/home/mu/IVG/ws_moveit/install/moveit_ros_benchmarks:/home/mu/IVG/ws_moveit/install/moveit_ros_warehouse:/home/mu/IVG/ws_moveit/install/moveit_ros_robot_interaction:/home/mu/IVG/ws_moveit/install/moveit_ros_perception:/home/mu/IVG/ws_moveit/install/moveit_ros_move_group:/home/mu/IVG/ws_moveit/install/moveit_planners:/home/mu/IVG/ws_moveit/install/moveit_planners_ompl:/home/mu/IVG/ws_moveit/install/moveit_ros_planning:/home/mu/IVG/ws_moveit/install/moveit_ros_occupancy_map_monitor:/home/mu/IVG/ws_moveit/install/moveit_planners_chomp:/home/mu/IVG/ws_moveit/install/moveit_kinematics:/home/mu/IVG/ws_moveit/install/moveit_chomp_optimizer_adapter:/home/mu/IVG/ws_moveit/install/chomp_motion_planner:/home/mu/IVG/ws_moveit/install/moveit_core:/opt/ros/foxy /usr/bin/cmake /home/mu/IVG/ws_moveit/src/moveit2/moveit_core -DCMAKE_INSTALL_PREFIX=/home/mu/IVG/ws_moveit/install/moveit_core
[2.913s] Invoking command in '/home/mu/IVG/ws_moveit/build/moveit_core': CMAKE_PREFIX_PATH=/home/mu/IVG/ws_moveit/install/moveit_common:/home/mu/IVG/ws_moveit/install/moveit2_tutorials:/home/mu/IVG/ws_moveit/install/moveit_visual_tools:/home/mu/IVG/ws_moveit/install/rviz_visual_tools:/home/mu/IVG/ws_moveit/install/run_ompl_constrained_planning:/home/mu/IVG/ws_moveit/install/run_moveit_cpp:/home/mu/IVG/ws_moveit/install/run_move_group:/home/mu/IVG/ws_moveit/install/moveit_runtime:/home/mu/IVG/ws_moveit/install/moveit:/home/mu/IVG/ws_moveit/install/moveit_plugins:/home/mu/IVG/ws_moveit/install/moveit_simple_controller_manager:/home/mu/IVG/ws_moveit/install/moveit_servo:/home/mu/IVG/ws_moveit/install/moveit_ros:/home/mu/IVG/ws_moveit/install/moveit_ros_visualization:/home/mu/IVG/ws_moveit/install/moveit_ros_planning_interface:/home/mu/IVG/ws_moveit/install/moveit_ros_benchmarks:/home/mu/IVG/ws_moveit/install/moveit_ros_warehouse:/home/mu/IVG/ws_moveit/install/moveit_ros_robot_interaction:/home/mu/IVG/ws_moveit/install/moveit_ros_perception:/home/mu/IVG/ws_moveit/install/moveit_ros_move_group:/home/mu/IVG/ws_moveit/install/moveit_planners:/home/mu/IVG/ws_moveit/install/moveit_planners_ompl:/home/mu/IVG/ws_moveit/install/moveit_ros_planning:/home/mu/IVG/ws_moveit/install/moveit_ros_occupancy_map_monitor:/home/mu/IVG/ws_moveit/install/moveit_planners_chomp:/home/mu/IVG/ws_moveit/install/moveit_kinematics:/home/mu/IVG/ws_moveit/install/moveit_chomp_optimizer_adapter:/home/mu/IVG/ws_moveit/install/chomp_motion_planner:/home/mu/IVG/ws_moveit/install/moveit_core:/opt/ros/foxy /usr/bin/cmake --build /home/mu/IVG/ws_moveit/build/moveit_core -- -j32 -l32
[2.938s] [35m[1mScanning dependencies of target moveit_version[0m
[2.939s] [35m[1mScanning dependencies of target moveit_transforms[0m
[2.940s] [35m[1mScanning dependencies of target moveit_exceptions[0m
[2.941s] [35m[1mScanning dependencies of target moveit_profiler[0m
[2.941s] [35m[1mScanning dependencies of target moveit_utils[0m
[2.942s] [35m[1mScanning dependencies of target moveit_kinematics_base[0m
[2.942s] [35m[1mScanning dependencies of target gtest_main[0m
[2.942s] [35m[1mScanning dependencies of target gtest[0m
[2.942s] [35m[1mScanning dependencies of target moveit_background_processing[0m
[2.942s] [35m[1mScanning dependencies of target moveit_distance_field[0m
[2.944s] [  0%] [32mBuilding CXX object version/CMakeFiles/moveit_version.dir/version.cpp.o[0m
[2.959s] [  1%] [32mBuilding CXX object gtest/CMakeFiles/gtest_main.dir/src/gtest_main.cc.o[0m
[2.962s] [  2%] [32mBuilding CXX object utils/CMakeFiles/moveit_utils.dir/src/lexical_casts.cpp.o[0m
[2.963s] [  3%] [32mBuilding CXX object gtest/CMakeFiles/gtest.dir/src/gtest-all.cc.o[0m
[2.964s] [  4%] [32mBuilding CXX object utils/CMakeFiles/moveit_utils.dir/src/message_checks.cpp.o[0m
[2.965s] [  4%] [32mBuilding CXX object utils/CMakeFiles/moveit_utils.dir/src/rclcpp_utils.cpp.o[0m
[2.969s] [  5%] [32m[1mLinking CXX executable moveit_version[0m
[2.998s] [  7%] [32mBuilding CXX object exceptions/CMakeFiles/moveit_exceptions.dir/src/exceptions.cpp.o[0m
[2.998s] [  7%] [32mBuilding CXX object transforms/CMakeFiles/moveit_transforms.dir/src/transforms.cpp.o[0m
[2.998s] [  8%] [32mBuilding CXX object profiler/CMakeFiles/moveit_profiler.dir/src/profiler.cpp.o[0m
[2.999s] [  8%] [32mBuilding CXX object background_processing/CMakeFiles/moveit_background_processing.dir/src/background_processing.cpp.o[0m
[3.014s] [  8%] Built target moveit_version
[3.030s] [  9%] [32mBuilding CXX object kinematics_base/CMakeFiles/moveit_kinematics_base.dir/src/kinematics_base.cpp.o[0m
[3.063s] [ 11%] [32mBuilding CXX object distance_field/CMakeFiles/moveit_distance_field.dir/src/propagation_distance_field.cpp.o[0m
[3.063s] [ 11%] [32mBuilding CXX object distance_field/CMakeFiles/moveit_distance_field.dir/src/distance_field.cpp.o[0m
[3.063s] [ 11%] [32mBuilding CXX object distance_field/CMakeFiles/moveit_distance_field.dir/src/find_internal_points.cpp.o[0m
[3.449s] [ 12%] [32m[1mLinking CXX static library libgtest_main.a[0m
[3.469s] [ 12%] Built target gtest_main
[3.543s] [ 13%] [32m[1mLinking CXX shared library libmoveit_utils.so[0m
[3.680s] [ 13%] Built target moveit_utils
[4.657s] [ 13%] [32m[1mLinking CXX shared library libmoveit_exceptions.so[0m
[4.733s] [ 13%] Built target moveit_exceptions
[5.953s] [ 14%] [32m[1mLinking CXX shared library libmoveit_kinematics_base.so[0m
[6.021s] [ 14%] Built target moveit_kinematics_base
[6.073s] [ 14%] [32m[1mLinking CXX shared library libmoveit_transforms.so[0m
[6.159s] [ 14%] Built target moveit_transforms
[6.306s] [ 15%] [32m[1mLinking CXX shared library libmoveit_background_processing.so[0m
[6.377s] [ 15%] Built target moveit_background_processing
[6.727s] [ 16%] [32m[1mLinking CXX shared library libmoveit_distance_field.so[0m
[6.816s] [ 16%] Built target moveit_distance_field
[7.005s] [ 17%] [32m[1mLinking CXX shared library libmoveit_profiler.so[0m
[7.073s] [ 17%] Built target moveit_profiler
[7.078s] [35m[1mScanning dependencies of target moveit_robot_model[0m
[7.150s] [ 17%] [32mBuilding CXX object robot_model/CMakeFiles/moveit_robot_model.dir/src/aabb.cpp.o[0m
[7.150s] [ 18%] [32mBuilding CXX object robot_model/CMakeFiles/moveit_robot_model.dir/src/fixed_joint_model.cpp.o[0m
[7.152s] [ 19%] [32mBuilding CXX object robot_model/CMakeFiles/moveit_robot_model.dir/src/floating_joint_model.cpp.o[0m
[7.152s] [ 19%] [32mBuilding CXX object robot_model/CMakeFiles/moveit_robot_model.dir/src/joint_model.cpp.o[0m
[7.154s] [ 20%] [32mBuilding CXX object robot_model/CMakeFiles/moveit_robot_model.dir/src/joint_model_group.cpp.o[0m
[7.155s] [ 21%] [32mBuilding CXX object robot_model/CMakeFiles/moveit_robot_model.dir/src/planar_joint_model.cpp.o[0m
[7.155s] [ 21%] [32mBuilding CXX object robot_model/CMakeFiles/moveit_robot_model.dir/src/link_model.cpp.o[0m
[7.156s] [ 22%] [32mBuilding CXX object robot_model/CMakeFiles/moveit_robot_model.dir/src/prismatic_joint_model.cpp.o[0m
[7.159s] [ 23%] [32mBuilding CXX object robot_model/CMakeFiles/moveit_robot_model.dir/src/revolute_joint_model.cpp.o[0m
[7.160s] [ 23%] [32mBuilding CXX object robot_model/CMakeFiles/moveit_robot_model.dir/src/robot_model.cpp.o[0m
[7.639s] [ 23%] [32m[1mLinking CXX static library libgtest.a[0m
[7.671s] [ 23%] Built target gtest
[7.683s] [35m[1mScanning dependencies of target test_voxel_grid[0m
[7.683s] [35m[1mScanning dependencies of target test_transforms[0m
[7.683s] [35m[1mScanning dependencies of target test_distance_field[0m
[7.728s] [ 24%] [32mBuilding CXX object transforms/CMakeFiles/test_transforms.dir/test/test_transforms.cpp.o[0m
[7.755s] [ 24%] [32mBuilding CXX object distance_field/CMakeFiles/test_voxel_grid.dir/test/test_voxel_grid.cpp.o[0m
[7.783s] [ 25%] [32mBuilding CXX object distance_field/CMakeFiles/test_distance_field.dir/test/test_distance_field.cpp.o[0m
[9.311s] [ 26%] [32m[1mLinking CXX executable test_voxel_grid[0m
[9.381s] [ 26%] Built target test_voxel_grid
[9.629s] [ 27%] [32m[1mLinking CXX executable test_transforms[0m
[9.698s] [ 27%] Built target test_transforms
[11.845s] [ 27%] [32m[1mLinking CXX executable test_distance_field[0m
[11.958s] [ 27%] Built target test_distance_field
[13.363s] [ 28%] [32m[1mLinking CXX shared library libmoveit_robot_model.so[0m
[13.457s] [ 28%] Built target moveit_robot_model
[13.463s] [35m[1mScanning dependencies of target moveit_test_utils[0m
[13.463s] [35m[1mScanning dependencies of target moveit_robot_state[0m
[13.513s] [ 29%] [32mBuilding CXX object utils/CMakeFiles/moveit_test_utils.dir/src/robot_model_test_utils.cpp.o[0m
[13.539s] [ 30%] [32mBuilding CXX object robot_state/CMakeFiles/moveit_robot_state.dir/src/attached_body.cpp.o[0m
[13.542s] [ 30%] [32mBuilding CXX object robot_state/CMakeFiles/moveit_robot_state.dir/src/conversions.cpp.o[0m
[13.545s] [ 31%] [32mBuilding CXX object robot_state/CMakeFiles/moveit_robot_state.dir/src/robot_state.cpp.o[0m
[13.545s] [ 31%] [32mBuilding CXX object robot_state/CMakeFiles/moveit_robot_state.dir/src/cartesian_interpolator.cpp.o[0m
[18.464s] [ 32%] [32m[1mLinking CXX shared library libmoveit_test_utils.so[0m
[18.539s] [ 32%] Built target moveit_test_utils
[18.544s] [35m[1mScanning dependencies of target test_robot_model[0m
[18.588s] [ 33%] [32mBuilding CXX object robot_model/CMakeFiles/test_robot_model.dir/test/test.cpp.o[0m
[22.446s] [ 34%] [32m[1mLinking CXX executable test_robot_model[0m
[22.559s] [ 34%] Built target test_robot_model
[24.175s] [ 35%] [32m[1mLinking CXX shared library libmoveit_robot_state.so[0m
[24.262s] [ 35%] Built target moveit_robot_state
[24.268s] [35m[1mScanning dependencies of target moveit_collision_detection[0m
[24.268s] [35m[1mScanning dependencies of target test_aabb[0m
[24.268s] [35m[1mScanning dependencies of target test_robot_state[0m
[24.269s] [35m[1mScanning dependencies of target test_robot_state_complex[0m
[24.269s] [35m[1mScanning dependencies of target test_robot_state_benchmark[0m
[24.269s] [35m[1mScanning dependencies of target moveit_robot_trajectory[0m
[24.269s] [35m[1mScanning dependencies of target moveit_kinematics_metrics[0m
[24.269s] [35m[1mScanning dependencies of target moveit_dynamics_solver[0m
[24.270s] [35m[1mScanning dependencies of target test_cartesian_interpolator[0m
[24.319s] [ 35%] [32mBuilding CXX object kinematics_metrics/CMakeFiles/moveit_kinematics_metrics.dir/src/kinematics_metrics.cpp.o[0m
[24.322s] [ 35%] [32mBuilding CXX object robot_state/CMakeFiles/test_robot_state_benchmark.dir/test/robot_state_benchmark.cpp.o[0m
[24.323s] [ 35%] [32mBuilding CXX object dynamics_solver/CMakeFiles/moveit_dynamics_solver.dir/src/dynamics_solver.cpp.o[0m
[24.324s] [ 36%] [32mBuilding CXX object robot_trajectory/CMakeFiles/moveit_robot_trajectory.dir/src/robot_trajectory.cpp.o[0m
[24.324s] [ 37%] [32mBuilding CXX object robot_state/CMakeFiles/test_robot_state_complex.dir/test/test_kinematic_complex.cpp.o[0m
[24.325s] [ 37%] [32mBuilding CXX object robot_state/CMakeFiles/test_robot_state.dir/test/robot_state_test.cpp.o[0m
[24.335s] [ 38%] [32mBuilding CXX object robot_state/CMakeFiles/test_aabb.dir/test/test_aabb.cpp.o[0m
[24.349s] [ 38%] [32mBuilding CXX object robot_state/CMakeFiles/test_cartesian_interpolator.dir/test/test_cartesian_interpolator.cpp.o[0m
[24.378s] [ 39%] [32mBuilding CXX object collision_detection/CMakeFiles/moveit_collision_detection.dir/src/allvalid/collision_env_allvalid.cpp.o[0m
[24.378s] [ 39%] [32mBuilding CXX object collision_detection/CMakeFiles/moveit_collision_detection.dir/src/collision_common.cpp.o[0m
[24.379s] [ 40%] [32mBuilding CXX object collision_detection/CMakeFiles/moveit_collision_detection.dir/src/collision_matrix.cpp.o[0m
[24.379s] [ 41%] [32mBuilding CXX object collision_detection/CMakeFiles/moveit_collision_detection.dir/src/collision_octomap_filter.cpp.o[0m
[24.380s] [ 41%] [32mBuilding CXX object collision_detection/CMakeFiles/moveit_collision_detection.dir/src/collision_tools.cpp.o[0m
[24.381s] [ 43%] [32mBuilding CXX object collision_detection/CMakeFiles/moveit_collision_detection.dir/src/world.cpp.o[0m
[24.381s] [ 43%] [32mBuilding CXX object collision_detection/CMakeFiles/moveit_collision_detection.dir/src/world_diff.cpp.o[0m
[24.381s] [ 43%] [32mBuilding CXX object collision_detection/CMakeFiles/moveit_collision_detection.dir/src/collision_env.cpp.o[0m
[27.914s] [ 44%] [32m[1mLinking CXX executable test_cartesian_interpolator[0m
[28.019s] [ 45%] [32m[1mLinking CXX shared library libmoveit_dynamics_solver.so[0m
[28.069s] [ 45%] Built target test_cartesian_interpolator
[28.129s] [ 45%] Built target moveit_dynamics_solver
[28.433s] [ 46%] [32m[1mLinking CXX executable test_robot_state_benchmark[0m
[28.593s] [ 46%] Built target test_robot_state_benchmark
[28.990s] [ 47%] [32m[1mLinking CXX executable test_robot_state[0m
[29.138s] [ 47%] Built target test_robot_state
[29.351s] [ 47%] [32m[1mLinking CXX shared library libmoveit_robot_trajectory.so[0m
[29.448s] [ 47%] Built target moveit_robot_trajectory
[29.454s] [35m[1mScanning dependencies of target test_robot_trajectory[0m
[29.454s] [35m[1mScanning dependencies of target moveit_trajectory_processing[0m
[29.454s] [35m[1mScanning dependencies of target moveit_planning_interface[0m
[29.515s] [ 48%] [32mBuilding CXX object robot_trajectory/CMakeFiles/test_robot_trajectory.dir/test/test_robot_trajectory.cpp.o[0m
[29.517s] [ 49%] [32mBuilding CXX object planning_interface/CMakeFiles/moveit_planning_interface.dir/src/planning_interface.cpp.o[0m
[29.520s] [ 49%] [32mBuilding CXX object planning_interface/CMakeFiles/moveit_planning_interface.dir/src/planning_response.cpp.o[0m
[29.522s] [ 49%] [32mBuilding CXX object trajectory_processing/CMakeFiles/moveit_trajectory_processing.dir/src/iterative_time_parameterization.cpp.o[0m
[29.525s] [ 50%] [32mBuilding CXX object trajectory_processing/CMakeFiles/moveit_trajectory_processing.dir/src/iterative_spline_parameterization.cpp.o[0m
[29.525s] [ 51%] [32mBuilding CXX object trajectory_processing/CMakeFiles/moveit_trajectory_processing.dir/src/trajectory_tools.cpp.o[0m
[29.525s] [ 51%] [32mBuilding CXX object trajectory_processing/CMakeFiles/moveit_trajectory_processing.dir/src/time_optimal_trajectory_generation.cpp.o[0m
[29.995s] [ 52%] [32m[1mLinking CXX shared library libmoveit_collision_detection.so[0m
[30.042s] [ 52%] [32m[1mLinking CXX executable test_robot_state_complex[0m
[30.097s] [ 52%] [32m[1mLinking CXX executable test_aabb[0m
[30.117s] [ 52%] Built target moveit_collision_detection
[30.124s] [35m[1mScanning dependencies of target test_all_valid[0m
[30.127s] [35m[1mScanning dependencies of target test_world[0m
[30.127s] [35m[1mScanning dependencies of target test_world_diff[0m
[30.127s] [35m[1mScanning dependencies of target moveit_collision_detection_fcl[0m
[30.127s] [35m[1mScanning dependencies of target moveit_collision_detection_bullet[0m
[30.172s] [ 54%] [32mBuilding CXX object collision_detection/CMakeFiles/test_world_diff.dir/test/test_world_diff.cpp.o[0m
[30.172s] [ 54%] [32mBuilding CXX object collision_detection/CMakeFiles/test_world.dir/test/test_world.cpp.o[0m
[30.194s] [ 55%] [32mBuilding CXX object collision_detection/CMakeFiles/test_all_valid.dir/test/test_all_valid.cpp.o[0m
[30.225s] [ 55%] Built target test_robot_state_complex
[30.234s] [ 56%] [32mBuilding CXX object collision_detection_fcl/CMakeFiles/moveit_collision_detection_fcl.dir/src/collision_common.cpp.o[0m
[30.237s] [ 56%] [32mBuilding CXX object collision_detection_fcl/CMakeFiles/moveit_collision_detection_fcl.dir/src/collision_env_fcl.cpp.o[0m
[30.326s] [ 56%] [32mBuilding CXX object collision_detection_bullet/CMakeFiles/moveit_collision_detection_bullet.dir/src/bullet_integration/bullet_utils.cpp.o[0m
[30.329s] [ 58%] [32mBuilding CXX object collision_detection_bullet/CMakeFiles/moveit_collision_detection_bullet.dir/src/bullet_integration/bullet_discrete_bvh_manager.cpp.o[0m
[30.329s] [ 58%] [32mBuilding CXX object collision_detection_bullet/CMakeFiles/moveit_collision_detection_bullet.dir/src/bullet_integration/bullet_cast_bvh_manager.cpp.o[0m
[30.331s] [ 58%] [32mBuilding CXX object collision_detection_bullet/CMakeFiles/moveit_collision_detection_bullet.dir/src/bullet_integration/ros_bullet_utils.cpp.o[0m
[30.332s] [ 58%] Built target test_aabb
[30.332s] [ 58%] [32mBuilding CXX object collision_detection_bullet/CMakeFiles/moveit_collision_detection_bullet.dir/src/collision_env_bullet.cpp.o[0m
[30.332s] [ 59%] [32mBuilding CXX object collision_detection_bullet/CMakeFiles/moveit_collision_detection_bullet.dir/src/bullet_integration/bullet_bvh_manager.cpp.o[0m
[30.333s] [ 60%] [32mBuilding CXX object collision_detection_bullet/CMakeFiles/moveit_collision_detection_bullet.dir/src/bullet_integration/contact_checker_common.cpp.o[0m
[33.416s] [ 61%] [32m[1mLinking CXX executable test_robot_trajectory[0m
[33.617s] [ 61%] Built target test_robot_trajectory
[33.858s] [ 62%] [32m[1mLinking CXX executable test_all_valid[0m
[34.010s] [ 62%] Built target test_all_valid
[34.466s] [ 63%] [32m[1mLinking CXX executable test_world_diff[0m
[34.651s] [ 63%] Built target test_world_diff
[34.733s] [ 64%] [32m[1mLinking CXX shared library libmoveit_trajectory_processing.so[0m
[34.859s] [ 64%] Built target moveit_trajectory_processing
[34.866s] [35m[1mScanning dependencies of target test_time_optimal_trajectory_generation[0m
[34.869s] [35m[1mScanning dependencies of target test_time_parameterization[0m
[34.931s] [ 64%] [32mBuilding CXX object trajectory_processing/CMakeFiles/test_time_optimal_trajectory_generation.dir/test/test_time_optimal_trajectory_generation.cpp.o[0m
[34.952s] [ 65%] [32m[1mLinking CXX shared library libmoveit_planning_interface.so[0m
[34.954s] [ 66%] [32mBuilding CXX object trajectory_processing/CMakeFiles/test_time_parameterization.dir/test/test_time_parameterization.cpp.o[0m
[35.030s] [ 66%] [32m[1mLinking CXX executable test_world[0m
[35.066s] [ 66%] Built target moveit_planning_interface
[35.254s] [ 66%] Built target test_world
[36.004s] [ 67%] [32m[1mLinking CXX shared library libmoveit_kinematics_metrics.so[0m
[36.103s] [ 67%] Built target moveit_kinematics_metrics
[36.984s] [ 68%] [32m[1mLinking CXX shared library libmoveit_collision_detection_bullet.so[0m
[36.989s] [ 69%] [32m[1mLinking CXX shared library libmoveit_collision_detection_fcl.so[0m
[37.109s] [ 69%] Built target moveit_collision_detection_bullet
[37.116s] [35m[1mScanning dependencies of target test_bullet_collision_detection[0m
[37.116s] [35m[1mScanning dependencies of target test_bullet_continuous_collision_checking[0m
[37.116s] [35m[1mScanning dependencies of target test_bullet_collision_detection_panda[0m
[37.182s] [ 70%] [32mBuilding CXX object collision_detection_bullet/CMakeFiles/test_bullet_continuous_collision_checking.dir/test/test_bullet_continuous_collision_checking.cpp.o[0m
[37.184s] [ 71%] [32mBuilding CXX object collision_detection_bullet/CMakeFiles/test_bullet_collision_detection_panda.dir/test/test_bullet_collision_detection_panda.cpp.o[0m
[37.184s] [ 71%] [32mBuilding CXX object collision_detection_bullet/CMakeFiles/test_bullet_collision_detection.dir/test/test_bullet_collision_detection_pr2.cpp.o[0m
[37.237s] [ 71%] Built target moveit_collision_detection_fcl
[37.244s] [35m[1mScanning dependencies of target test_fcl_collision_detection_panda[0m
[37.244s] [35m[1mScanning dependencies of target test_fcl_collision_env[0m
[37.248s] [35m[1mScanning dependencies of target test_fcl_collision_detection[0m
[37.248s] [35m[1mScanning dependencies of target moveit_kinematic_constraints[0m
[37.308s] [ 72%] [32mBuilding CXX object collision_detection_fcl/CMakeFiles/test_fcl_collision_env.dir/test/test_fcl_env.cpp.o[0m
[37.311s] [ 72%] [32mBuilding CXX object collision_detection_fcl/CMakeFiles/test_fcl_collision_detection_panda.dir/test/test_fcl_collision_detection_panda.cpp.o[0m
[37.354s] [ 73%] [32mBuilding CXX object collision_detection_fcl/CMakeFiles/test_fcl_collision_detection.dir/test/test_fcl_collision_detection_pr2.cpp.o[0m
[37.375s] [ 75%] [32mBuilding CXX object kinematic_constraints/CMakeFiles/moveit_kinematic_constraints.dir/src/kinematic_constraint.cpp.o[0m
[37.375s] [ 75%] [32mBuilding CXX object kinematic_constraints/CMakeFiles/moveit_kinematic_constraints.dir/src/utils.cpp.o[0m
[38.616s] [ 75%] [32m[1mLinking CXX executable test_time_parameterization[0m
[38.617s] [ 76%] [32m[1mLinking CXX executable test_time_optimal_trajectory_generation[0m
[38.804s] [ 76%] Built target test_time_optimal_trajectory_generation
[38.892s] [ 76%] Built target test_time_parameterization
[42.527s] [ 76%] [32m[1mLinking CXX executable test_fcl_collision_env[0m
[42.531s] [ 76%] [32m[1mLinking CXX executable test_bullet_collision_detection_panda[0m
[42.740s] [ 76%] Built target test_bullet_collision_detection_panda
[42.771s] [ 76%] Built target test_fcl_collision_env
[42.919s] [ 77%] [32m[1mLinking CXX executable test_bullet_continuous_collision_checking[0m
[43.086s] [ 78%] [32m[1mLinking CXX executable test_fcl_collision_detection_panda[0m
[43.133s] [ 78%] Built target test_bullet_continuous_collision_checking
[43.283s] [ 78%] Built target test_fcl_collision_detection_panda
[43.457s] [ 79%] [32m[1mLinking CXX executable test_bullet_collision_detection[0m
[43.634s] [ 79%] Built target test_bullet_collision_detection
[43.706s] [ 80%] [32m[1mLinking CXX executable test_fcl_collision_detection[0m
[43.879s] [ 80%] Built target test_fcl_collision_detection
[44.704s] [ 80%] [32m[1mLinking CXX shared library libmoveit_kinematic_constraints.so[0m
[44.813s] [ 80%] Built target moveit_kinematic_constraints
[44.819s] [35m[1mScanning dependencies of target moveit_planning_scene[0m
[44.819s] [35m[1mScanning dependencies of target test_orientation_constraints[0m
[44.819s] [35m[1mScanning dependencies of target test_constraints[0m
[44.876s] [ 80%] [32mBuilding CXX object kinematic_constraints/CMakeFiles/test_orientation_constraints.dir/test/test_orientation_constraints.cpp.o[0m
[44.876s] [ 80%] [32mBuilding CXX object kinematic_constraints/CMakeFiles/test_constraints.dir/test/test_constraints.cpp.o[0m
[44.878s] [ 81%] [32mBuilding CXX object planning_scene/CMakeFiles/moveit_planning_scene.dir/src/planning_scene.cpp.o[0m
[48.366s] [ 82%] [32m[1mLinking CXX executable test_orientation_constraints[0m
[48.517s] [ 82%] Built target test_orientation_constraints
[49.577s] [ 83%] [32m[1mLinking CXX executable test_constraints[0m
[49.759s] [ 83%] Built target test_constraints
[52.931s] [ 83%] [32m[1mLinking CXX shared library libmoveit_planning_scene.so[0m
[53.083s] [ 83%] Built target moveit_planning_scene
[53.090s] [35m[1mScanning dependencies of target test_planning_scene[0m
[53.091s] [35m[1mScanning dependencies of target test_multi_threaded[0m
[53.091s] [35m[1mScanning dependencies of target collision_detector_fcl_plugin[0m
[53.091s] [35m[1mScanning dependencies of target moveit_constraint_samplers[0m
[53.091s] [35m[1mScanning dependencies of target moveit_planning_request_adapter[0m
[53.091s] [35m[1mScanning dependencies of target moveit_collision_distance_field[0m
[53.091s] [35m[1mScanning dependencies of target collision_detector_bullet_plugin[0m
[53.170s] [ 83%] [32mBuilding CXX object collision_detection_fcl/CMakeFiles/collision_detector_fcl_plugin.dir/src/collision_detector_fcl_plugin_loader.cpp.o[0m
[53.171s] [ 83%] [32mBuilding CXX object planning_request_adapter/CMakeFiles/moveit_planning_request_adapter.dir/src/planning_request_adapter.cpp.o[0m
[53.174s] [ 84%] [32mBuilding CXX object planning_scene/CMakeFiles/test_multi_threaded.dir/test/test_multi_threaded.cpp.o[0m
[53.174s] [ 84%] [32mBuilding CXX object collision_detection_bullet/CMakeFiles/collision_detector_bullet_plugin.dir/src/collision_detector_bullet_plugin_loader.cpp.o[0m
[53.174s] [ 85%] [32mBuilding CXX object planning_scene/CMakeFiles/test_planning_scene.dir/test/test_planning_scene.cpp.o[0m
[53.207s] [ 86%] [32mBuilding CXX object constraint_samplers/CMakeFiles/moveit_constraint_samplers.dir/src/constraint_sampler.cpp.o[0m
[53.212s] [ 87%] [32mBuilding CXX object constraint_samplers/CMakeFiles/moveit_constraint_samplers.dir/src/constraint_sampler_manager.cpp.o[0m
[53.212s] [ 88%] [32mBuilding CXX object constraint_samplers/CMakeFiles/moveit_constraint_samplers.dir/src/default_constraint_samplers.cpp.o[0m
[53.212s] [ 88%] [32mBuilding CXX object constraint_samplers/CMakeFiles/moveit_constraint_samplers.dir/src/constraint_sampler_tools.cpp.o[0m
[53.213s] [ 88%] [32mBuilding CXX object constraint_samplers/CMakeFiles/moveit_constraint_samplers.dir/src/union_constraint_sampler.cpp.o[0m
[53.214s] [ 89%] [32mBuilding CXX object collision_distance_field/CMakeFiles/moveit_collision_distance_field.dir/src/collision_distance_field_types.cpp.o[0m
[53.217s] [ 90%] [32mBuilding CXX object collision_distance_field/CMakeFiles/moveit_collision_distance_field.dir/src/collision_env_distance_field.cpp.o[0m
[53.218s] [ 90%] [32mBuilding CXX object collision_distance_field/CMakeFiles/moveit_collision_distance_field.dir/src/collision_common_distance_field.cpp.o[0m
[53.221s] [ 91%] [32mBuilding CXX object collision_distance_field/CMakeFiles/moveit_collision_distance_field.dir/src/collision_env_hybrid.cpp.o[0m
[59.070s] [ 92%] [32m[1mLinking CXX executable test_multi_threaded[0m
[59.076s] [ 93%] [32m[1mLinking CXX shared library libmoveit_planning_request_adapter.so[0m
[59.147s] [ 94%] [32m[1mLinking CXX shared library libcollision_detector_bullet_plugin.so[0m
[59.245s] [ 94%] Built target moveit_planning_request_adapter
[59.316s] [ 94%] Built target collision_detector_bullet_plugin
[59.389s] [ 94%] Built target test_multi_threaded
[60.039s] [ 95%] [32m[1mLinking CXX shared library libcollision_detector_fcl_plugin.so[0m
[60.166s] [ 95%] Built target collision_detector_fcl_plugin
[60.779s] [ 95%] [32m[1mLinking CXX executable test_planning_scene[0m
[61.042s] [ 95%] Built target test_planning_scene
[62.939s] [ 96%] [32m[1mLinking CXX shared library libmoveit_constraint_samplers.so[0m
[63.072s] [ 96%] Built target moveit_constraint_samplers
[63.079s] [35m[1mScanning dependencies of target test_constraint_samplers[0m
[63.174s] [ 98%] [32mBuilding CXX object constraint_samplers/CMakeFiles/test_constraint_samplers.dir/test/pr2_arm_kinematics_plugin.cpp.o[0m
[63.174s] [ 98%] [32mBuilding CXX object constraint_samplers/CMakeFiles/test_constraint_samplers.dir/test/pr2_arm_ik.cpp.o[0m
[63.174s] [ 98%] [32mBuilding CXX object constraint_samplers/CMakeFiles/test_constraint_samplers.dir/test/test_constraint_samplers.cpp.o[0m
[66.982s] [ 98%] [32m[1mLinking CXX shared library libmoveit_collision_distance_field.so[0m
[67.226s] [ 98%] Built target moveit_collision_distance_field
[67.240s] [35m[1mScanning dependencies of target test_collision_distance_field[0m
[67.373s] [ 99%] [32mBuilding CXX object collision_distance_field/CMakeFiles/test_collision_distance_field.dir/test/test_collision_distance_field.cpp.o[0m
[71.464s] [100%] [32m[1mLinking CXX executable test_constraint_samplers[0m
[71.789s] [100%] Built target test_constraint_samplers
[77.318s] [100%] [32m[1mLinking CXX executable test_collision_distance_field[0m
[77.660s] [100%] Built target test_collision_distance_field
[77.672s] Invoked command in '/home/mu/IVG/ws_moveit/build/moveit_core' returned '0': CMAKE_PREFIX_PATH=/home/mu/IVG/ws_moveit/install/moveit_common:/home/mu/IVG/ws_moveit/install/moveit2_tutorials:/home/mu/IVG/ws_moveit/install/moveit_visual_tools:/home/mu/IVG/ws_moveit/install/rviz_visual_tools:/home/mu/IVG/ws_moveit/install/run_ompl_constrained_planning:/home/mu/IVG/ws_moveit/install/run_moveit_cpp:/home/mu/IVG/ws_moveit/install/run_move_group:/home/mu/IVG/ws_moveit/install/moveit_runtime:/home/mu/IVG/ws_moveit/install/moveit:/home/mu/IVG/ws_moveit/install/moveit_plugins:/home/mu/IVG/ws_moveit/install/moveit_simple_controller_manager:/home/mu/IVG/ws_moveit/install/moveit_servo:/home/mu/IVG/ws_moveit/install/moveit_ros:/home/mu/IVG/ws_moveit/install/moveit_ros_visualization:/home/mu/IVG/ws_moveit/install/moveit_ros_planning_interface:/home/mu/IVG/ws_moveit/install/moveit_ros_benchmarks:/home/mu/IVG/ws_moveit/install/moveit_ros_warehouse:/home/mu/IVG/ws_moveit/install/moveit_ros_robot_interaction:/home/mu/IVG/ws_moveit/install/moveit_ros_perception:/home/mu/IVG/ws_moveit/install/moveit_ros_move_group:/home/mu/IVG/ws_moveit/install/moveit_planners:/home/mu/IVG/ws_moveit/install/moveit_planners_ompl:/home/mu/IVG/ws_moveit/install/moveit_ros_planning:/home/mu/IVG/ws_moveit/install/moveit_ros_occupancy_map_monitor:/home/mu/IVG/ws_moveit/install/moveit_planners_chomp:/home/mu/IVG/ws_moveit/install/moveit_kinematics:/home/mu/IVG/ws_moveit/install/moveit_chomp_optimizer_adapter:/home/mu/IVG/ws_moveit/install/chomp_motion_planner:/home/mu/IVG/ws_moveit/install/moveit_core:/opt/ros/foxy /usr/bin/cmake --build /home/mu/IVG/ws_moveit/build/moveit_core -- -j32 -l32
[77.677s] Invoking command in '/home/mu/IVG/ws_moveit/build/moveit_core': CMAKE_PREFIX_PATH=/home/mu/IVG/ws_moveit/install/moveit_common:/home/mu/IVG/ws_moveit/install/moveit2_tutorials:/home/mu/IVG/ws_moveit/install/moveit_visual_tools:/home/mu/IVG/ws_moveit/install/rviz_visual_tools:/home/mu/IVG/ws_moveit/install/run_ompl_constrained_planning:/home/mu/IVG/ws_moveit/install/run_moveit_cpp:/home/mu/IVG/ws_moveit/install/run_move_group:/home/mu/IVG/ws_moveit/install/moveit_runtime:/home/mu/IVG/ws_moveit/install/moveit:/home/mu/IVG/ws_moveit/install/moveit_plugins:/home/mu/IVG/ws_moveit/install/moveit_simple_controller_manager:/home/mu/IVG/ws_moveit/install/moveit_servo:/home/mu/IVG/ws_moveit/install/moveit_ros:/home/mu/IVG/ws_moveit/install/moveit_ros_visualization:/home/mu/IVG/ws_moveit/install/moveit_ros_planning_interface:/home/mu/IVG/ws_moveit/install/moveit_ros_benchmarks:/home/mu/IVG/ws_moveit/install/moveit_ros_warehouse:/home/mu/IVG/ws_moveit/install/moveit_ros_robot_interaction:/home/mu/IVG/ws_moveit/install/moveit_ros_perception:/home/mu/IVG/ws_moveit/install/moveit_ros_move_group:/home/mu/IVG/ws_moveit/install/moveit_planners:/home/mu/IVG/ws_moveit/install/moveit_planners_ompl:/home/mu/IVG/ws_moveit/install/moveit_ros_planning:/home/mu/IVG/ws_moveit/install/moveit_ros_occupancy_map_monitor:/home/mu/IVG/ws_moveit/install/moveit_planners_chomp:/home/mu/IVG/ws_moveit/install/moveit_kinematics:/home/mu/IVG/ws_moveit/install/moveit_chomp_optimizer_adapter:/home/mu/IVG/ws_moveit/install/chomp_motion_planner:/home/mu/IVG/ws_moveit/install/moveit_core:/opt/ros/foxy /usr/bin/cmake --install /home/mu/IVG/ws_moveit/build/moveit_core
[77.684s] -- Install configuration: "Release"
[77.684s] -- Installing: /home/mu/IVG/ws_moveit/install/moveit_core/share/moveit_core/collision_detector_fcl_description.xml
[77.685s] -- Installing: /home/mu/IVG/ws_moveit/install/moveit_core/share/moveit_core/collision_detector_bullet_description.xml
[77.685s] -- Installing: /home/mu/IVG/ws_moveit/install/moveit_core/include/moveit/version.h
[77.685s] -- Up-to-date: /home/mu/IVG/ws_moveit/install/moveit_core/share/moveit_core/collision_detector_bullet_description.xml
[77.685s] -- Installing: /home/mu/IVG/ws_moveit/install/moveit_core/lib/libmoveit_exceptions.so.2.2.3
[77.685s] -- Set runtime path of "/home/mu/IVG/ws_moveit/install/moveit_core/lib/libmoveit_exceptions.so.2.2.3" to ""
[77.685s] -- Installing: /home/mu/IVG/ws_moveit/install/moveit_core/lib/libmoveit_exceptions.so
[77.685s] -- Installing: /home/mu/IVG/ws_moveit/install/moveit_core/lib/libmoveit_background_processing.so.2.2.3
[77.686s] -- Set runtime path of "/home/mu/IVG/ws_moveit/install/moveit_core/lib/libmoveit_background_processing.so.2.2.3" to ""
[77.686s] -- Installing: /home/mu/IVG/ws_moveit/install/moveit_core/lib/libmoveit_background_processing.so
[77.686s] -- Installing: /home/mu/IVG/ws_moveit/install/moveit_core/lib/libmoveit_kinematics_base.so
[77.686s] -- Set runtime path of "/home/mu/IVG/ws_moveit/install/moveit_core/lib/libmoveit_kinematics_base.so" to ""
[77.686s] -- Installing: /home/mu/IVG/ws_moveit/install/moveit_core/lib/libmoveit_robot_model.so.2.2.3
[77.686s] -- Set runtime path of "/home/mu/IVG/ws_moveit/install/moveit_core/lib/libmoveit_robot_model.so.2.2.3" to ""
[77.686s] -- Installing: /home/mu/IVG/ws_moveit/install/moveit_core/lib/libmoveit_robot_model.so
[77.687s] -- Installing: /home/mu/IVG/ws_moveit/install/moveit_core/lib/libmoveit_transforms.so.2.2.3
[77.687s] -- Set runtime path of "/home/mu/IVG/ws_moveit/install/moveit_core/lib/libmoveit_transforms.so.2.2.3" to ""
[77.687s] -- Installing: /home/mu/IVG/ws_moveit/install/moveit_core/lib/libmoveit_transforms.so
[77.687s] -- Installing: /home/mu/IVG/ws_moveit/install/moveit_core/lib/libmoveit_robot_state.so.2.2.3
[77.688s] -- Set runtime path of "/home/mu/IVG/ws_moveit/install/moveit_core/lib/libmoveit_robot_state.so.2.2.3" to ""
[77.688s] -- Installing: /home/mu/IVG/ws_moveit/install/moveit_core/lib/libmoveit_robot_state.so
[77.688s] -- Installing: /home/mu/IVG/ws_moveit/install/moveit_core/lib/libmoveit_robot_trajectory.so.2.2.3
[77.688s] -- Set runtime path of "/home/mu/IVG/ws_moveit/install/moveit_core/lib/libmoveit_robot_trajectory.so.2.2.3" to ""
[77.688s] -- Installing: /home/mu/IVG/ws_moveit/install/moveit_core/lib/libmoveit_robot_trajectory.so
[77.688s] -- Installing: /home/mu/IVG/ws_moveit/install/moveit_core/lib/libmoveit_planning_interface.so.2.2.3
[77.689s] -- Set runtime path of "/home/mu/IVG/ws_moveit/install/moveit_core/lib/libmoveit_planning_interface.so.2.2.3" to ""
[77.689s] -- Installing: /home/mu/IVG/ws_moveit/install/moveit_core/lib/libmoveit_planning_interface.so
[77.689s] -- Installing: /home/mu/IVG/ws_moveit/install/moveit_core/lib/libmoveit_collision_detection.so.2.2.3
[77.690s] -- Set runtime path of "/home/mu/IVG/ws_moveit/install/moveit_core/lib/libmoveit_collision_detection.so.2.2.3" to ""
[77.692s] -- Installing: /home/mu/IVG/ws_moveit/install/moveit_core/lib/libmoveit_collision_detection.so
[77.692s] -- Installing: /home/mu/IVG/ws_moveit/install/moveit_core/lib/libmoveit_collision_detection_fcl.so.2.2.3
[77.693s] -- Set runtime path of "/home/mu/IVG/ws_moveit/install/moveit_core/lib/libmoveit_collision_detection_fcl.so.2.2.3" to ""
[77.693s] -- Installing: /home/mu/IVG/ws_moveit/install/moveit_core/lib/libmoveit_collision_detection_fcl.so
[77.693s] -- Installing: /home/mu/IVG/ws_moveit/install/moveit_core/lib/libmoveit_collision_detection_bullet.so.2.2.3
[77.693s] -- Set runtime path of "/home/mu/IVG/ws_moveit/install/moveit_core/lib/libmoveit_collision_detection_bullet.so.2.2.3" to ""
[77.693s] -- Installing: /home/mu/IVG/ws_moveit/install/moveit_core/lib/libmoveit_collision_detection_bullet.so
[77.693s] -- Installing: /home/mu/IVG/ws_moveit/install/moveit_core/lib/libmoveit_kinematic_constraints.so.2.2.3
[77.694s] -- Set runtime path of "/home/mu/IVG/ws_moveit/install/moveit_core/lib/libmoveit_kinematic_constraints.so.2.2.3" to ""
[77.694s] -- Installing: /home/mu/IVG/ws_moveit/install/moveit_core/lib/libmoveit_kinematic_constraints.so
[77.694s] -- Installing: /home/mu/IVG/ws_moveit/install/moveit_core/lib/libmoveit_planning_scene.so.2.2.3
[77.694s] -- Set runtime path of "/home/mu/IVG/ws_moveit/install/moveit_core/lib/libmoveit_planning_scene.so.2.2.3" to ""
[77.694s] -- Installing: /home/mu/IVG/ws_moveit/install/moveit_core/lib/libmoveit_planning_scene.so
[77.694s] -- Installing: /home/mu/IVG/ws_moveit/install/moveit_core/lib/libmoveit_constraint_samplers.so.2.2.3
[77.695s] -- Set runtime path of "/home/mu/IVG/ws_moveit/install/moveit_core/lib/libmoveit_constraint_samplers.so.2.2.3" to ""
[77.695s] -- Installing: /home/mu/IVG/ws_moveit/install/moveit_core/lib/libmoveit_constraint_samplers.so
[77.695s] -- Installing: /home/mu/IVG/ws_moveit/install/moveit_core/lib/libmoveit_planning_request_adapter.so.2.2.3
[77.695s] -- Set runtime path of "/home/mu/IVG/ws_moveit/install/moveit_core/lib/libmoveit_planning_request_adapter.so.2.2.3" to ""
[77.695s] -- Installing: /home/mu/IVG/ws_moveit/install/moveit_core/lib/libmoveit_planning_request_adapter.so
[77.695s] -- Installing: /home/mu/IVG/ws_moveit/install/moveit_core/lib/libmoveit_profiler.so.2.2.3
[77.696s] -- Set runtime path of "/home/mu/IVG/ws_moveit/install/moveit_core/lib/libmoveit_profiler.so.2.2.3" to ""
[77.696s] -- Installing: /home/mu/IVG/ws_moveit/install/moveit_core/lib/libmoveit_profiler.so
[77.696s] -- Installing: /home/mu/IVG/ws_moveit/install/moveit_core/lib/libmoveit_trajectory_processing.so.2.2.3
[77.696s] -- Set runtime path of "/home/mu/IVG/ws_moveit/install/moveit_core/lib/libmoveit_trajectory_processing.so.2.2.3" to ""
[77.696s] -- Installing: /home/mu/IVG/ws_moveit/install/moveit_core/lib/libmoveit_trajectory_processing.so
[77.696s] -- Installing: /home/mu/IVG/ws_moveit/install/moveit_core/lib/libmoveit_distance_field.so.2.2.3
[77.697s] -- Set runtime path of "/home/mu/IVG/ws_moveit/install/moveit_core/lib/libmoveit_distance_field.so.2.2.3" to ""
[77.697s] -- Installing: /home/mu/IVG/ws_moveit/install/moveit_core/lib/libmoveit_distance_field.so
[77.697s] -- Installing: /home/mu/IVG/ws_moveit/install/moveit_core/lib/libmoveit_collision_distance_field.so.2.2.3
[77.698s] -- Set runtime path of "/home/mu/IVG/ws_moveit/install/moveit_core/lib/libmoveit_collision_distance_field.so.2.2.3" to ""
[77.698s] -- Installing: /home/mu/IVG/ws_moveit/install/moveit_core/lib/libmoveit_collision_distance_field.so
[77.698s] -- Installing: /home/mu/IVG/ws_moveit/install/moveit_core/lib/libmoveit_kinematics_metrics.so.2.2.3
[77.698s] -- Set runtime path of "/home/mu/IVG/ws_moveit/install/moveit_core/lib/libmoveit_kinematics_metrics.so.2.2.3" to ""
[77.698s] -- Installing: /home/mu/IVG/ws_moveit/install/moveit_core/lib/libmoveit_kinematics_metrics.so
[77.698s] -- Installing: /home/mu/IVG/ws_moveit/install/moveit_core/lib/libmoveit_dynamics_solver.so.2.2.3
[77.699s] -- Set runtime path of "/home/mu/IVG/ws_moveit/install/moveit_core/lib/libmoveit_dynamics_solver.so.2.2.3" to ""
[77.699s] -- Installing: /home/mu/IVG/ws_moveit/install/moveit_core/lib/libmoveit_dynamics_solver.so
[77.699s] -- Installing: /home/mu/IVG/ws_moveit/install/moveit_core/lib/libmoveit_utils.so.2.2.3
[77.699s] -- Set runtime path of "/home/mu/IVG/ws_moveit/install/moveit_core/lib/libmoveit_utils.so.2.2.3" to ""
[77.699s] -- Installing: /home/mu/IVG/ws_moveit/install/moveit_core/lib/libmoveit_utils.so
[77.699s] -- Installing: /home/mu/IVG/ws_moveit/install/moveit_core/lib/libmoveit_test_utils.so.2.2.3
[77.700s] -- Set runtime path of "/home/mu/IVG/ws_moveit/install/moveit_core/lib/libmoveit_test_utils.so.2.2.3" to ""
[77.700s] -- Installing: /home/mu/IVG/ws_moveit/install/moveit_core/lib/libmoveit_test_utils.so
[77.700s] -- Installing: /home/mu/IVG/ws_moveit/install/moveit_core/share/moveit_core/environment/library_path.sh
[77.700s] -- Installing: /home/mu/IVG/ws_moveit/install/moveit_core/share/moveit_core/environment/library_path.dsv
[77.700s] -- Installing: /home/mu/IVG/ws_moveit/install/moveit_core/share/ament_index/resource_index/package_run_dependencies/moveit_core
[77.700s] -- Installing: /home/mu/IVG/ws_moveit/install/moveit_core/share/ament_index/resource_index/parent_prefix_path/moveit_core
[77.700s] -- Installing: /home/mu/IVG/ws_moveit/install/moveit_core/share/moveit_core/environment/ament_prefix_path.sh
[77.700s] -- Installing: /home/mu/IVG/ws_moveit/install/moveit_core/share/moveit_core/environment/ament_prefix_path.dsv
[77.701s] -- Installing: /home/mu/IVG/ws_moveit/install/moveit_core/share/moveit_core/environment/path.sh
[77.701s] -- Installing: /home/mu/IVG/ws_moveit/install/moveit_core/share/moveit_core/environment/path.dsv
[77.701s] -- Installing: /home/mu/IVG/ws_moveit/install/moveit_core/share/moveit_core/local_setup.bash
[77.701s] -- Installing: /home/mu/IVG/ws_moveit/install/moveit_core/share/moveit_core/local_setup.sh
[77.701s] -- Installing: /home/mu/IVG/ws_moveit/install/moveit_core/share/moveit_core/local_setup.zsh
[77.701s] -- Installing: /home/mu/IVG/ws_moveit/install/moveit_core/share/moveit_core/local_setup.dsv
[77.701s] -- Installing: /home/mu/IVG/ws_moveit/install/moveit_core/share/moveit_core/package.dsv
[77.701s] -- Installing: /home/mu/IVG/ws_moveit/install/moveit_core/share/ament_index/resource_index/packages/moveit_core
[77.701s] -- Installing: /home/mu/IVG/ws_moveit/install/moveit_core/share/ament_index/resource_index/moveit_core__pluginlib__plugin/moveit_core
[77.702s] -- Installing: /home/mu/IVG/ws_moveit/install/moveit_core/share/moveit_core/cmake/export_moveit_coreExport.cmake
[77.702s] -- Installing: /home/mu/IVG/ws_moveit/install/moveit_core/share/moveit_core/cmake/export_moveit_coreExport-release.cmake
[77.702s] -- Installing: /home/mu/IVG/ws_moveit/install/moveit_core/share/moveit_core/cmake/ConfigExtras.cmake
[77.702s] -- Installing: /home/mu/IVG/ws_moveit/install/moveit_core/share/moveit_core/cmake/ament_cmake_export_targets-extras.cmake
[77.702s] -- Installing: /home/mu/IVG/ws_moveit/install/moveit_core/share/moveit_core/cmake/ament_cmake_export_dependencies-extras.cmake
[77.702s] -- Installing: /home/mu/IVG/ws_moveit/install/moveit_core/share/moveit_core/cmake/moveit_coreConfig.cmake
[77.702s] -- Installing: /home/mu/IVG/ws_moveit/install/moveit_core/share/moveit_core/cmake/moveit_coreConfig-version.cmake
[77.702s] -- Installing: /home/mu/IVG/ws_moveit/install/moveit_core/share/moveit_core/package.xml
[77.702s] -- Installing: /home/mu/IVG/ws_moveit/install/moveit_core/bin/moveit_version
[77.703s] -- Up-to-date: /home/mu/IVG/ws_moveit/install/moveit_core/include
[77.703s] -- Up-to-date: /home/mu/IVG/ws_moveit/install/moveit_core/include/moveit
[77.703s] -- Installing: /home/mu/IVG/ws_moveit/install/moveit_core/include/moveit/macros
[77.703s] -- Installing: /home/mu/IVG/ws_moveit/install/moveit_core/include/moveit/macros/console_colors.h
[77.703s] -- Installing: /home/mu/IVG/ws_moveit/install/moveit_core/include/moveit/macros/declare_ptr.h
[77.703s] -- Installing: /home/mu/IVG/ws_moveit/install/moveit_core/include/moveit/macros/class_forward.h
[77.703s] -- Installing: /home/mu/IVG/ws_moveit/install/moveit_core/include/moveit/macros/deprecation.h
[77.703s] -- Up-to-date: /home/mu/IVG/ws_moveit/install/moveit_core/include
[77.703s] -- Up-to-date: /home/mu/IVG/ws_moveit/install/moveit_core/include/moveit
[77.704s] -- Installing: /home/mu/IVG/ws_moveit/install/moveit_core/include/moveit/backtrace
[77.704s] -- Installing: /home/mu/IVG/ws_moveit/install/moveit_core/include/moveit/backtrace/backtrace.h
[77.704s] -- Up-to-date: /home/mu/IVG/ws_moveit/install/moveit_core/include
[77.704s] -- Up-to-date: /home/mu/IVG/ws_moveit/install/moveit_core/include/moveit
[77.704s] -- Installing: /home/mu/IVG/ws_moveit/install/moveit_core/include/moveit/exceptions
[77.704s] -- Installing: /home/mu/IVG/ws_moveit/install/moveit_core/include/moveit/exceptions/exceptions.h
[77.704s] -- Up-to-date: /home/mu/IVG/ws_moveit/install/moveit_core/include
[77.704s] -- Up-to-date: /home/mu/IVG/ws_moveit/install/moveit_core/include/moveit
[77.704s] -- Installing: /home/mu/IVG/ws_moveit/install/moveit_core/include/moveit/profiler
[77.705s] -- Installing: /home/mu/IVG/ws_moveit/install/moveit_core/include/moveit/profiler/profiler.h
[77.705s] -- Up-to-date: /home/mu/IVG/ws_moveit/install/moveit_core/include
[77.705s] -- Up-to-date: /home/mu/IVG/ws_moveit/install/moveit_core/include/moveit
[77.705s] -- Installing: /home/mu/IVG/ws_moveit/install/moveit_core/include/moveit/utils
[77.705s] -- Installing: /home/mu/IVG/ws_moveit/install/moveit_core/include/moveit/utils/rclcpp_utils.h
[77.705s] -- Installing: /home/mu/IVG/ws_moveit/install/moveit_core/include/moveit/utils/lexical_casts.h
[77.705s] -- Installing: /home/mu/IVG/ws_moveit/install/moveit_core/include/moveit/utils/robot_model_test_utils.h
[77.705s] -- Installing: /home/mu/IVG/ws_moveit/install/moveit_core/include/moveit/utils/message_checks.h
[77.706s] -- Up-to-date: /home/mu/IVG/ws_moveit/install/moveit_core/include
[77.706s] -- Up-to-date: /home/mu/IVG/ws_moveit/install/moveit_core/include/moveit
[77.706s] -- Installing: /home/mu/IVG/ws_moveit/install/moveit_core/include/moveit/background_processing
[77.706s] -- Installing: /home/mu/IVG/ws_moveit/install/moveit_core/include/moveit/background_processing/background_processing.h
[77.706s] -- Up-to-date: /home/mu/IVG/ws_moveit/install/moveit_core/include
[77.706s] -- Up-to-date: /home/mu/IVG/ws_moveit/install/moveit_core/include/moveit
[77.706s] -- Installing: /home/mu/IVG/ws_moveit/install/moveit_core/include/moveit/robot_model
[77.706s] -- Installing: /home/mu/IVG/ws_moveit/install/moveit_core/include/moveit/robot_model/fixed_joint_model.h
[77.707s] -- Installing: /home/mu/IVG/ws_moveit/install/moveit_core/include/moveit/robot_model/joint_model.h
[77.707s] -- Installing: /home/mu/IVG/ws_moveit/install/moveit_core/include/moveit/robot_model/floating_joint_model.h
[77.707s] -- Installing: /home/mu/IVG/ws_moveit/install/moveit_core/include/moveit/robot_model/planar_joint_model.h
[77.707s] -- Installing: /home/mu/IVG/ws_moveit/install/moveit_core/include/moveit/robot_model/link_model.h
[77.707s] -- Installing: /home/mu/IVG/ws_moveit/install/moveit_core/include/moveit/robot_model/aabb.h
[77.707s] -- Installing: /home/mu/IVG/ws_moveit/install/moveit_core/include/moveit/robot_model/robot_model.h
[77.707s] -- Installing: /home/mu/IVG/ws_moveit/install/moveit_core/include/moveit/robot_model/joint_model_group.h
[77.707s] -- Installing: /home/mu/IVG/ws_moveit/install/moveit_core/include/moveit/robot_model/revolute_joint_model.h
[77.707s] -- Installing: /home/mu/IVG/ws_moveit/install/moveit_core/include/moveit/robot_model/prismatic_joint_model.h
[77.708s] -- Up-to-date: /home/mu/IVG/ws_moveit/install/moveit_core/include
[77.709s] -- Up-to-date: /home/mu/IVG/ws_moveit/install/moveit_core/include/moveit
[77.709s] -- Installing: /home/mu/IVG/ws_moveit/install/moveit_core/include/moveit/collision_detection
[77.709s] -- Installing: /home/mu/IVG/ws_moveit/install/moveit_core/include/moveit/collision_detection/allvalid
[77.709s] -- Installing: /home/mu/IVG/ws_moveit/install/moveit_core/include/moveit/collision_detection/allvalid/collision_env_allvalid.h
[77.709s] -- Installing: /home/mu/IVG/ws_moveit/install/moveit_core/include/moveit/collision_detection/allvalid/collision_detector_allocator_allvalid.h
[77.709s] -- Installing: /home/mu/IVG/ws_moveit/install/moveit_core/include/moveit/collision_detection/collision_env.h
[77.709s] -- Installing: /home/mu/IVG/ws_moveit/install/moveit_core/include/moveit/collision_detection/collision_matrix.h
[77.709s] -- Installing: /home/mu/IVG/ws_moveit/install/moveit_core/include/moveit/collision_detection/collision_detector_allocator.h
[77.710s] -- Installing: /home/mu/IVG/ws_moveit/install/moveit_core/include/moveit/collision_detection/collision_octomap_filter.h
[77.710s] -- Installing: /home/mu/IVG/ws_moveit/install/moveit_core/include/moveit/collision_detection/test_collision_common_pr2.h
[77.710s] -- Installing: /home/mu/IVG/ws_moveit/install/moveit_core/include/moveit/collision_detection/world.h
[77.710s] -- Installing: /home/mu/IVG/ws_moveit/install/moveit_core/include/moveit/collision_detection/collision_plugin.h
[77.710s] -- Installing: /home/mu/IVG/ws_moveit/install/moveit_core/include/moveit/collision_detection/collision_tools.h
[77.710s] -- Installing: /home/mu/IVG/ws_moveit/install/moveit_core/include/moveit/collision_detection/test_collision_common_panda.h
[77.710s] -- Installing: /home/mu/IVG/ws_moveit/install/moveit_core/include/moveit/collision_detection/world_diff.h
[77.710s] -- Installing: /home/mu/IVG/ws_moveit/install/moveit_core/include/moveit/collision_detection/collision_common.h
[77.710s] -- Installing: /home/mu/IVG/ws_moveit/install/moveit_core/include/moveit_collision_detection_export.h
[77.711s] -- Up-to-date: /home/mu/IVG/ws_moveit/install/moveit_core/include
[77.711s] -- Up-to-date: /home/mu/IVG/ws_moveit/install/moveit_core/include/moveit
[77.711s] -- Installing: /home/mu/IVG/ws_moveit/install/moveit_core/include/moveit/kinematics_base
[77.711s] -- Installing: /home/mu/IVG/ws_moveit/install/moveit_core/include/moveit/kinematics_base/kinematics_base.h
[77.711s] -- Installing: /home/mu/IVG/ws_moveit/install/moveit_core/include/moveit_kinematics_base_export.h
[77.711s] -- Up-to-date: /home/mu/IVG/ws_moveit/install/moveit_core/include
[77.711s] -- Up-to-date: /home/mu/IVG/ws_moveit/install/moveit_core/include/moveit
[77.711s] -- Installing: /home/mu/IVG/ws_moveit/install/moveit_core/include/moveit/transforms
[77.712s] -- Installing: /home/mu/IVG/ws_moveit/install/moveit_core/include/moveit/transforms/transforms.h
[77.712s] -- Up-to-date: /home/mu/IVG/ws_moveit/install/moveit_core/include
[77.712s] -- Up-to-date: /home/mu/IVG/ws_moveit/install/moveit_core/include/moveit
[77.712s] -- Installing: /home/mu/IVG/ws_moveit/install/moveit_core/include/moveit/robot_state
[77.712s] -- Installing: /home/mu/IVG/ws_moveit/install/moveit_core/include/moveit/robot_state/cartesian_interpolator.h
[77.712s] -- Installing: /home/mu/IVG/ws_moveit/install/moveit_core/include/moveit/robot_state/attached_body.h
[77.712s] -- Installing: /home/mu/IVG/ws_moveit/install/moveit_core/include/moveit/robot_state/conversions.h
[77.712s] -- Installing: /home/mu/IVG/ws_moveit/install/moveit_core/include/moveit/robot_state/robot_state.h
[77.712s] -- Up-to-date: /home/mu/IVG/ws_moveit/install/moveit_core/include
[77.712s] -- Up-to-date: /home/mu/IVG/ws_moveit/install/moveit_core/include/moveit
[77.712s] -- Installing: /home/mu/IVG/ws_moveit/install/moveit_core/include/moveit/collision_detection_fcl
[77.713s] -- Installing: /home/mu/IVG/ws_moveit/install/moveit_core/include/moveit/collision_detection_fcl/collision_detector_fcl_plugin_loader.h
[77.713s] -- Installing: /home/mu/IVG/ws_moveit/install/moveit_core/include/moveit/collision_detection_fcl/collision_env_fcl.h
[77.713s] -- Installing: /home/mu/IVG/ws_moveit/install/moveit_core/include/moveit/collision_detection_fcl/fcl_compat.h
[77.713s] -- Installing: /home/mu/IVG/ws_moveit/install/moveit_core/include/moveit/collision_detection_fcl/collision_detector_allocator_fcl.h
[77.713s] -- Installing: /home/mu/IVG/ws_moveit/install/moveit_core/include/moveit/collision_detection_fcl/collision_common.h
[77.713s] -- Installing: /home/mu/IVG/ws_moveit/install/moveit_core/include/moveit_collision_detection_fcl_export.h
[77.713s] -- Up-to-date: /home/mu/IVG/ws_moveit/install/moveit_core/include
[77.713s] -- Up-to-date: /home/mu/IVG/ws_moveit/install/moveit_core/include/moveit
[77.713s] -- Installing: /home/mu/IVG/ws_moveit/install/moveit_core/include/moveit/robot_trajectory
[77.714s] -- Installing: /home/mu/IVG/ws_moveit/install/moveit_core/include/moveit/robot_trajectory/robot_trajectory.h
[77.714s] -- Up-to-date: /home/mu/IVG/ws_moveit/install/moveit_core/include
[77.714s] -- Up-to-date: /home/mu/IVG/ws_moveit/install/moveit_core/include/moveit
[77.714s] -- Installing: /home/mu/IVG/ws_moveit/install/moveit_core/include/moveit/kinematic_constraints
[77.715s] -- Installing: /home/mu/IVG/ws_moveit/install/moveit_core/include/moveit/kinematic_constraints/kinematic_constraint.h
[77.715s] -- Installing: /home/mu/IVG/ws_moveit/install/moveit_core/include/moveit/kinematic_constraints/utils.h
[77.715s] -- Up-to-date: /home/mu/IVG/ws_moveit/install/moveit_core/include
[77.716s] -- Up-to-date: /home/mu/IVG/ws_moveit/install/moveit_core/include/moveit
[77.716s] -- Installing: /home/mu/IVG/ws_moveit/install/moveit_core/include/moveit/trajectory_processing
[77.716s] -- Installing: /home/mu/IVG/ws_moveit/install/moveit_core/include/moveit/trajectory_processing/time_optimal_trajectory_generation.h
[77.717s] -- Installing: /home/mu/IVG/ws_moveit/install/moveit_core/include/moveit/trajectory_processing/iterative_time_parameterization.h
[77.717s] -- Installing: /home/mu/IVG/ws_moveit/install/moveit_core/include/moveit/trajectory_processing/iterative_spline_parameterization.h
[77.717s] -- Installing: /home/mu/IVG/ws_moveit/install/moveit_core/include/moveit/trajectory_processing/trajectory_tools.h
[77.717s] -- Up-to-date: /home/mu/IVG/ws_moveit/install/moveit_core/include
[77.717s] -- Up-to-date: /home/mu/IVG/ws_moveit/install/moveit_core/include/moveit
[77.717s] -- Installing: /home/mu/IVG/ws_moveit/install/moveit_core/include/moveit/planning_scene
[77.717s] -- Installing: /home/mu/IVG/ws_moveit/install/moveit_core/include/moveit/planning_scene/planning_scene.h
[77.717s] -- Installing: /home/mu/IVG/ws_moveit/install/moveit_core/include/moveit_planning_scene_export.h
[77.718s] -- Up-to-date: /home/mu/IVG/ws_moveit/install/moveit_core/include
[77.718s] -- Up-to-date: /home/mu/IVG/ws_moveit/install/moveit_core/include/moveit
[77.718s] -- Installing: /home/mu/IVG/ws_moveit/install/moveit_core/include/moveit/controller_manager
[77.718s] -- Installing: /home/mu/IVG/ws_moveit/install/moveit_core/include/moveit/controller_manager/controller_manager.h
[77.718s] -- Up-to-date: /home/mu/IVG/ws_moveit/install/moveit_core/include
[77.718s] -- Up-to-date: /home/mu/IVG/ws_moveit/install/moveit_core/include/moveit
[77.718s] -- Installing: /home/mu/IVG/ws_moveit/install/moveit_core/include/moveit/sensor_manager
[77.718s] -- Installing: /home/mu/IVG/ws_moveit/install/moveit_core/include/moveit/sensor_manager/sensor_manager.h
[77.718s] -- Up-to-date: /home/mu/IVG/ws_moveit/install/moveit_core/include
[77.718s] -- Up-to-date: /home/mu/IVG/ws_moveit/install/moveit_core/include/moveit
[77.718s] -- Installing: /home/mu/IVG/ws_moveit/install/moveit_core/include/moveit/constraint_samplers
[77.719s] -- Installing: /home/mu/IVG/ws_moveit/install/moveit_core/include/moveit/constraint_samplers/constraint_sampler_tools.h
[77.719s] -- Installing: /home/mu/IVG/ws_moveit/install/moveit_core/include/moveit/constraint_samplers/default_constraint_samplers.h
[77.719s] -- Installing: /home/mu/IVG/ws_moveit/install/moveit_core/include/moveit/constraint_samplers/union_constraint_sampler.h
[77.719s] -- Installing: /home/mu/IVG/ws_moveit/install/moveit_core/include/moveit/constraint_samplers/constraint_sampler_allocator.h
[77.719s] -- Installing: /home/mu/IVG/ws_moveit/install/moveit_core/include/moveit/constraint_samplers/constraint_sampler.h
[77.719s] -- Installing: /home/mu/IVG/ws_moveit/install/moveit_core/include/moveit/constraint_samplers/constraint_sampler_manager.h
[77.719s] -- Up-to-date: /home/mu/IVG/ws_moveit/install/moveit_core/include
[77.719s] -- Up-to-date: /home/mu/IVG/ws_moveit/install/moveit_core/include/moveit
[77.719s] -- Installing: /home/mu/IVG/ws_moveit/install/moveit_core/include/moveit/planning_interface
[77.719s] -- Installing: /home/mu/IVG/ws_moveit/install/moveit_core/include/moveit/planning_interface/planning_request.h
[77.720s] -- Installing: /home/mu/IVG/ws_moveit/install/moveit_core/include/moveit/planning_interface/planning_response.h
[77.720s] -- Installing: /home/mu/IVG/ws_moveit/install/moveit_core/include/moveit/planning_interface/planning_interface.h
[77.720s] -- Up-to-date: /home/mu/IVG/ws_moveit/install/moveit_core/include
[77.720s] -- Up-to-date: /home/mu/IVG/ws_moveit/install/moveit_core/include/moveit
[77.720s] -- Installing: /home/mu/IVG/ws_moveit/install/moveit_core/include/moveit/planning_request_adapter
[77.720s] -- Installing: /home/mu/IVG/ws_moveit/install/moveit_core/include/moveit/planning_request_adapter/planning_request_adapter.h
[77.720s] -- Up-to-date: /home/mu/IVG/ws_moveit/install/moveit_core/include
[77.720s] -- Up-to-date: /home/mu/IVG/ws_moveit/install/moveit_core/include/moveit
[77.721s] -- Installing: /home/mu/IVG/ws_moveit/install/moveit_core/include/moveit/distance_field
[77.721s] -- Installing: /home/mu/IVG/ws_moveit/install/moveit_core/include/moveit/distance_field/voxel_grid.h
[77.721s] -- Installing: /home/mu/IVG/ws_moveit/install/moveit_core/include/moveit/distance_field/find_internal_points.h
[77.721s] -- Installing: /home/mu/IVG/ws_moveit/install/moveit_core/include/moveit/distance_field/distance_field.h
[77.721s] -- Installing: /home/mu/IVG/ws_moveit/install/moveit_core/include/moveit/distance_field/propagation_distance_field.h
[77.721s] -- Up-to-date: /home/mu/IVG/ws_moveit/install/moveit_core/include
[77.721s] -- Up-to-date: /home/mu/IVG/ws_moveit/install/moveit_core/include/moveit
[77.721s] -- Installing: /home/mu/IVG/ws_moveit/install/moveit_core/include/moveit/collision_distance_field
[77.721s] -- Installing: /home/mu/IVG/ws_moveit/install/moveit_core/include/moveit/collision_distance_field/collision_detector_allocator_hybrid.h
[77.722s] -- Installing: /home/mu/IVG/ws_moveit/install/moveit_core/include/moveit/collision_distance_field/collision_env_hybrid.h
[77.722s] -- Installing: /home/mu/IVG/ws_moveit/install/moveit_core/include/moveit/collision_distance_field/collision_common_distance_field.h
[77.722s] -- Installing: /home/mu/IVG/ws_moveit/install/moveit_core/include/moveit/collision_distance_field/collision_detector_allocator_distance_field.h
[77.722s] -- Installing: /home/mu/IVG/ws_moveit/install/moveit_core/include/moveit/collision_distance_field/collision_distance_field_types.h
[77.722s] -- Installing: /home/mu/IVG/ws_moveit/install/moveit_core/include/moveit/collision_distance_field/collision_env_distance_field.h
[77.722s] -- Installing: /home/mu/IVG/ws_moveit/install/moveit_core/include/moveit_collision_distance_field_export.h
[77.722s] -- Up-to-date: /home/mu/IVG/ws_moveit/install/moveit_core/include
[77.722s] -- Up-to-date: /home/mu/IVG/ws_moveit/install/moveit_core/include/moveit
[77.722s] -- Installing: /home/mu/IVG/ws_moveit/install/moveit_core/include/moveit/kinematics_metrics
[77.722s] -- Installing: /home/mu/IVG/ws_moveit/install/moveit_core/include/moveit/kinematics_metrics/kinematics_metrics.h
[77.723s] -- Up-to-date: /home/mu/IVG/ws_moveit/install/moveit_core/include
[77.723s] -- Up-to-date: /home/mu/IVG/ws_moveit/install/moveit_core/include/moveit
[77.723s] -- Installing: /home/mu/IVG/ws_moveit/install/moveit_core/include/moveit/dynamics_solver
[77.723s] -- Installing: /home/mu/IVG/ws_moveit/install/moveit_core/include/moveit/dynamics_solver/dynamics_solver.h
[77.723s] -- Up-to-date: /home/mu/IVG/ws_moveit/install/moveit_core/include
[77.723s] -- Up-to-date: /home/mu/IVG/ws_moveit/install/moveit_core/include/moveit
[77.723s] -- Installing: /home/mu/IVG/ws_moveit/install/moveit_core/include/moveit/collision_detection_bullet
[77.723s] -- Installing: /home/mu/IVG/ws_moveit/install/moveit_core/include/moveit/collision_detection_bullet/collision_env_bullet.h
[77.723s] -- Installing: /home/mu/IVG/ws_moveit/install/moveit_core/include/moveit/collision_detection_bullet/bullet_integration
[77.724s] -- Installing: /home/mu/IVG/ws_moveit/install/moveit_core/include/moveit/collision_detection_bullet/bullet_integration/basic_types.h
[77.724s] -- Installing: /home/mu/IVG/ws_moveit/install/moveit_core/include/moveit/collision_detection_bullet/bullet_integration/contact_checker_common.h
[77.724s] -- Installing: /home/mu/IVG/ws_moveit/install/moveit_core/include/moveit/collision_detection_bullet/bullet_integration/bullet_utils.h
[77.724s] -- Installing: /home/mu/IVG/ws_moveit/install/moveit_core/include/moveit/collision_detection_bullet/bullet_integration/bullet_cast_bvh_manager.h
[77.724s] -- Installing: /home/mu/IVG/ws_moveit/install/moveit_core/include/moveit/collision_detection_bullet/bullet_integration/bullet_bvh_manager.h
[77.724s] -- Installing: /home/mu/IVG/ws_moveit/install/moveit_core/include/moveit/collision_detection_bullet/bullet_integration/bullet_discrete_bvh_manager.h
[77.724s] -- Installing: /home/mu/IVG/ws_moveit/install/moveit_core/include/moveit/collision_detection_bullet/bullet_integration/ros_bullet_utils.h
[77.724s] -- Installing: /home/mu/IVG/ws_moveit/install/moveit_core/include/moveit/collision_detection_bullet/collision_detector_allocator_bullet.h
[77.725s] -- Installing: /home/mu/IVG/ws_moveit/install/moveit_core/include/moveit/collision_detection_bullet/collision_detector_bullet_plugin_loader.h
[77.725s] -- Installing: /home/mu/IVG/ws_moveit/install/moveit_core/include/moveit_collision_detection_bullet_export.h
[77.725s] -- Up-to-date: /home/mu/IVG/ws_moveit/install/moveit_core/lib/libmoveit_collision_detection_bullet.so.2.2.3
[77.725s] -- Up-to-date: /home/mu/IVG/ws_moveit/install/moveit_core/lib/libmoveit_collision_detection_bullet.so
[77.725s] -- Installing: /home/mu/IVG/ws_moveit/install/moveit_core/lib/libcollision_detector_bullet_plugin.so.2.2.3
[77.725s] -- Set runtime path of "/home/mu/IVG/ws_moveit/install/moveit_core/lib/libcollision_detector_bullet_plugin.so.2.2.3" to ""
[77.725s] -- Installing: /home/mu/IVG/ws_moveit/install/moveit_core/lib/libcollision_detector_bullet_plugin.so
[77.726s] -- Up-to-date: /home/mu/IVG/ws_moveit/install/moveit_core/share/moveit_core/environment/library_path.sh
[77.726s] -- Up-to-date: /home/mu/IVG/ws_moveit/install/moveit_core/share/moveit_core/environment/library_path.dsv
[77.726s] Invoked command in '/home/mu/IVG/ws_moveit/build/moveit_core' returned '0': CMAKE_PREFIX_PATH=/home/mu/IVG/ws_moveit/install/moveit_common:/home/mu/IVG/ws_moveit/install/moveit2_tutorials:/home/mu/IVG/ws_moveit/install/moveit_visual_tools:/home/mu/IVG/ws_moveit/install/rviz_visual_tools:/home/mu/IVG/ws_moveit/install/run_ompl_constrained_planning:/home/mu/IVG/ws_moveit/install/run_moveit_cpp:/home/mu/IVG/ws_moveit/install/run_move_group:/home/mu/IVG/ws_moveit/install/moveit_runtime:/home/mu/IVG/ws_moveit/install/moveit:/home/mu/IVG/ws_moveit/install/moveit_plugins:/home/mu/IVG/ws_moveit/install/moveit_simple_controller_manager:/home/mu/IVG/ws_moveit/install/moveit_servo:/home/mu/IVG/ws_moveit/install/moveit_ros:/home/mu/IVG/ws_moveit/install/moveit_ros_visualization:/home/mu/IVG/ws_moveit/install/moveit_ros_planning_interface:/home/mu/IVG/ws_moveit/install/moveit_ros_benchmarks:/home/mu/IVG/ws_moveit/install/moveit_ros_warehouse:/home/mu/IVG/ws_moveit/install/moveit_ros_robot_interaction:/home/mu/IVG/ws_moveit/install/moveit_ros_perception:/home/mu/IVG/ws_moveit/install/moveit_ros_move_group:/home/mu/IVG/ws_moveit/install/moveit_planners:/home/mu/IVG/ws_moveit/install/moveit_planners_ompl:/home/mu/IVG/ws_moveit/install/moveit_ros_planning:/home/mu/IVG/ws_moveit/install/moveit_ros_occupancy_map_monitor:/home/mu/IVG/ws_moveit/install/moveit_planners_chomp:/home/mu/IVG/ws_moveit/install/moveit_kinematics:/home/mu/IVG/ws_moveit/install/moveit_chomp_optimizer_adapter:/home/mu/IVG/ws_moveit/install/chomp_motion_planner:/home/mu/IVG/ws_moveit/install/moveit_core:/opt/ros/foxy /usr/bin/cmake --install /home/mu/IVG/ws_moveit/build/moveit_core
