[0.018s] Invoking command in '/home/mu/IVG/ws_moveit/build/moveit_ros_planning_interface': CMAKE_PREFIX_PATH=/home/mu/IVG/ws_moveit/install/moveit_ros_move_group:/home/mu/IVG/ws_moveit/install/moveit_ros_warehouse:/home/mu/IVG/ws_moveit/install/moveit_planners_ompl:/home/mu/IVG/ws_moveit/install/moveit_kinematics:/home/mu/IVG/ws_moveit/install/moveit_ros_planning:/home/mu/IVG/ws_moveit/install/moveit_simple_controller_manager:/home/mu/IVG/ws_moveit/install/moveit_ros_occupancy_map_monitor:/home/mu/IVG/ws_moveit/install/moveit_core:/home/mu/IVG/ws_moveit/install/moveit_common:/home/mu/IVG/ws_moveit/install/moveit2_tutorials:/home/mu/IVG/ws_moveit/install/moveit_visual_tools:/home/mu/IVG/ws_moveit/install/rviz_visual_tools:/home/mu/IVG/ws_moveit/install/run_ompl_constrained_planning:/home/mu/IVG/ws_moveit/install/run_moveit_cpp:/home/mu/IVG/ws_moveit/install/run_move_group:/home/mu/IVG/ws_moveit/install/moveit_runtime:/home/mu/IVG/ws_moveit/install/moveit:/home/mu/IVG/ws_moveit/install/moveit_plugins:/home/mu/IVG/ws_moveit/install/moveit_servo:/home/mu/IVG/ws_moveit/install/moveit_ros:/home/mu/IVG/ws_moveit/install/moveit_ros_visualization:/home/mu/IVG/ws_moveit/install/moveit_ros_planning_interface:/home/mu/IVG/ws_moveit/install/moveit_ros_benchmarks:/home/mu/IVG/ws_moveit/install/moveit_ros_robot_interaction:/home/mu/IVG/ws_moveit/install/moveit_ros_perception:/home/mu/IVG/ws_moveit/install/moveit_planners:/home/mu/IVG/ws_moveit/install/moveit_planners_chomp:/home/mu/IVG/ws_moveit/install/moveit_chomp_optimizer_adapter:/home/mu/IVG/ws_moveit/install/chomp_motion_planner:/opt/ros/foxy LD_LIBRARY_PATH=/home/mu/IVG/ws_moveit/install/moveit_ros_move_group/lib:/home/mu/IVG/ws_moveit/install/moveit_ros_warehouse/lib:/home/mu/IVG/ws_moveit/install/moveit_planners_ompl/lib:/home/mu/IVG/ws_moveit/install/moveit_kinematics/lib:/home/mu/IVG/ws_moveit/install/moveit_ros_planning/lib:/home/mu/IVG/ws_moveit/install/moveit_simple_controller_manager/lib:/home/mu/IVG/ws_moveit/install/moveit_ros_occupancy_map_monitor/lib:/home/mu/IVG/ws_moveit/install/moveit_core/lib:/home/mu/IVG/ws_moveit/install/moveit_visual_tools/lib:/home/mu/IVG/ws_moveit/install/rviz_visual_tools/lib:/home/mu/IVG/ws_moveit/install/moveit_servo/lib:/home/mu/IVG/ws_moveit/install/moveit_ros_visualization/lib:/home/mu/IVG/ws_moveit/install/moveit_ros_planning_interface/lib:/home/mu/IVG/ws_moveit/install/moveit_ros_benchmarks/lib:/home/mu/IVG/ws_moveit/install/moveit_ros_robot_interaction/lib:/home/mu/IVG/ws_moveit/install/moveit_ros_perception/lib:/home/mu/IVG/ws_moveit/install/moveit_planners_chomp/lib:/home/mu/IVG/ws_moveit/install/moveit_chomp_optimizer_adapter/lib:/home/mu/IVG/ws_moveit/install/chomp_motion_planner/lib:/opt/ros/foxy/opt/yaml_cpp_vendor/lib:/opt/ros/foxy/opt/rviz_ogre_vendor/lib:/opt/ros/foxy/lib/x86_64-linux-gnu:/opt/ros/foxy/lib /usr/bin/cmake /home/mu/IVG/ws_moveit/src/moveit2/moveit_ros/planning_interface -DCMAKE_BUILD_TYPE=Release -DCMAKE_INSTALL_PREFIX=/home/mu/IVG/ws_moveit/install/moveit_ros_planning_interface
[0.049s] -- The C compiler identification is GNU 9.4.0
[0.079s] -- The CXX compiler identification is GNU 9.4.0
[0.082s] -- Check for working C compiler: /usr/bin/cc
[0.121s] -- Check for working C compiler: /usr/bin/cc -- works
[0.122s] -- Detecting C compiler ABI info
[0.160s] -- Detecting C compiler ABI info - done
[0.166s] -- Detecting C compile features
[0.166s] -- Detecting C compile features - done
[0.167s] -- Check for working CXX compiler: /usr/bin/c++
[0.210s] -- Check for working CXX compiler: /usr/bin/c++ -- works
[0.211s] -- Detecting CXX compiler ABI info
[0.254s] -- Detecting CXX compiler ABI info - done
[0.260s] -- Detecting CXX compile features
[0.260s] -- Detecting CXX compile features - done
[0.261s] -- Found moveit_common: 2.2.3 (/home/mu/IVG/ws_moveit/install/moveit_common/share/moveit_common/cmake)
[0.263s] -- Found ament_cmake: 0.9.12 (/opt/ros/foxy/share/ament_cmake/cmake)
[0.276s] -- Found PythonInterp: /usr/bin/python3 (found suitable version "3.8.10", minimum required is "3") 
[0.276s] -- Using PYTHON_EXECUTABLE: /usr/bin/python3
[0.406s] -- Found moveit_msgs: 2.1.0 (/opt/ros/foxy/share/moveit_msgs/cmake)
[0.428s] -- Using all available rosidl_typesupport_c: rosidl_typesupport_fastrtps_c;rosidl_typesupport_introspection_c
[0.433s] -- Found rosidl_adapter: 1.3.1 (/opt/ros/foxy/share/rosidl_adapter/cmake)
[0.480s] -- Found OpenSSL: /usr/lib/x86_64-linux-gnu/libcrypto.so (found version "1.1.1f")  
[0.497s] -- Found FastRTPS: /opt/ros/foxy/include  
[0.541s] -- Using all available rosidl_typesupport_cpp: rosidl_typesupport_fastrtps_cpp;rosidl_typesupport_introspection_cpp
[1.327s] -- Found moveit_core: 2.2.3 (/home/mu/IVG/ws_moveit/install/moveit_core/share/moveit_core/cmake)
[1.527s] -- Found Boost: /usr/lib/x86_64-linux-gnu/cmake/Boost-1.71.0/BoostConfig.cmake (found version "1.71.0") found components: chrono date_time filesystem iostreams program_options regex serialization system thread 
[1.546s] -- Found Boost: /usr/lib/x86_64-linux-gnu/cmake/Boost-1.71.0/BoostConfig.cmake (found version "1.71.0") found components: filesystem 
[1.599s] -- Found rmw_implementation_cmake: 1.0.4 (/opt/ros/foxy/share/rmw_implementation_cmake/cmake)
[1.601s] -- Using RMW implementation 'rmw_fastrtps_cpp' as default
[1.602s] -- Found Threads: TRUE  
[1.738s] -- library: /usr/lib/x86_64-linux-gnu/libcurl.so
[1.800s] -- Found Eigen3: TRUE (found version "3.3.7") 
[2.107s] -- Found moveit_ros_planning: 2.2.3 (/home/mu/IVG/ws_moveit/install/moveit_ros_planning/share/moveit_ros_planning/cmake)
[2.110s] -- Found Boost: /usr/lib/x86_64-linux-gnu/cmake/Boost-1.71.0/BoostConfig.cmake (found version "1.71.0") found components: system filesystem date_time program_options thread chrono 
[2.283s] -- Found Boost: /usr/lib/x86_64-linux-gnu/cmake/Boost-1.71.0/BoostConfig.cmake (found version "1.71.0") found components: thread 
[2.640s] -- Found moveit_ros_warehouse: 2.2.3 (/home/mu/IVG/ws_moveit/install/moveit_ros_warehouse/share/moveit_ros_warehouse/cmake)
[2.643s] -- Found Boost: /usr/lib/x86_64-linux-gnu/cmake/Boost-1.71.0/BoostConfig.cmake (found version "1.71.0") found components: thread system filesystem regex date_time program_options 
[2.849s] -- Found moveit_ros_move_group: 2.2.3 (/home/mu/IVG/ws_moveit/install/moveit_ros_move_group/share/moveit_ros_move_group/cmake)
[2.852s] -- Found Boost: /usr/lib/x86_64-linux-gnu/cmake/Boost-1.71.0/BoostConfig.cmake (found version "1.71.0") found components: system filesystem date_time program_options thread 
[3.059s] -- Found rclpy: 1.0.13 (/opt/ros/foxy/share/rclpy/cmake)
[3.063s] -- Found Boost: /usr/lib/x86_64-linux-gnu/cmake/Boost-1.71.0/BoostConfig.cmake (found version "1.71.0") found components: date_time filesystem program_options system thread 
[3.074s] -- Performing Test COMPILER_HAS_HIDDEN_VISIBILITY
[3.119s] -- Performing Test COMPILER_HAS_HIDDEN_VISIBILITY - Success
[3.120s] -- Performing Test COMPILER_HAS_HIDDEN_INLINE_VISIBILITY
[3.164s] -- Performing Test COMPILER_HAS_HIDDEN_INLINE_VISIBILITY - Success
[3.164s] -- Performing Test COMPILER_HAS_DEPRECATED_ATTR
[3.209s] -- Performing Test COMPILER_HAS_DEPRECATED_ATTR - Success
[3.216s] -- Found ament_cmake_gtest: 0.9.12 (/opt/ros/foxy/share/ament_cmake_gtest/cmake)
[3.218s] -- Found ros_testing: 0.2.1 (/opt/ros/foxy/share/ros_testing/cmake)
[3.219s] -- Found launch_testing_ament_cmake: 0.10.10 (/opt/ros/foxy/share/launch_testing_ament_cmake/cmake)
[3.220s] -- Found python_cmake_module: 0.8.1 (/opt/ros/foxy/share/python_cmake_module/cmake)
[3.232s] -- Found PythonInterp: /usr/bin/python3 (found suitable version "3.8.10", minimum required is "3.5") 
[3.235s] -- Found PythonLibs: /usr/lib/x86_64-linux-gnu/libpython3.8.so (found suitable version "3.8.10", minimum required is "3.5") 
[3.235s] -- Using PYTHON_EXECUTABLE: /usr/bin/python3
[3.235s] -- Using PYTHON_INCLUDE_DIRS: /usr/include/python3.8
[3.235s] -- Using PYTHON_LIBRARIES: /usr/lib/x86_64-linux-gnu/libpython3.8.so
[3.246s] -- Found PythonExtra: .so  
[3.248s] -- Found ament_lint_auto: 0.9.8 (/opt/ros/foxy/share/ament_lint_auto/cmake)
[3.254s] -- Found Boost: /usr/lib/x86_64-linux-gnu/cmake/Boost-1.71.0/BoostConfig.cmake (found version "1.71.0") found components: thread 
[3.672s] -- Configuring done
[3.726s] -- Generating done
[3.740s] -- Build files have been written to: /home/mu/IVG/ws_moveit/build/moveit_ros_planning_interface
[3.748s] Invoked command in '/home/mu/IVG/ws_moveit/build/moveit_ros_planning_interface' returned '0': CMAKE_PREFIX_PATH=/home/mu/IVG/ws_moveit/install/moveit_ros_move_group:/home/mu/IVG/ws_moveit/install/moveit_ros_warehouse:/home/mu/IVG/ws_moveit/install/moveit_planners_ompl:/home/mu/IVG/ws_moveit/install/moveit_kinematics:/home/mu/IVG/ws_moveit/install/moveit_ros_planning:/home/mu/IVG/ws_moveit/install/moveit_simple_controller_manager:/home/mu/IVG/ws_moveit/install/moveit_ros_occupancy_map_monitor:/home/mu/IVG/ws_moveit/install/moveit_core:/home/mu/IVG/ws_moveit/install/moveit_common:/home/mu/IVG/ws_moveit/install/moveit2_tutorials:/home/mu/IVG/ws_moveit/install/moveit_visual_tools:/home/mu/IVG/ws_moveit/install/rviz_visual_tools:/home/mu/IVG/ws_moveit/install/run_ompl_constrained_planning:/home/mu/IVG/ws_moveit/install/run_moveit_cpp:/home/mu/IVG/ws_moveit/install/run_move_group:/home/mu/IVG/ws_moveit/install/moveit_runtime:/home/mu/IVG/ws_moveit/install/moveit:/home/mu/IVG/ws_moveit/install/moveit_plugins:/home/mu/IVG/ws_moveit/install/moveit_servo:/home/mu/IVG/ws_moveit/install/moveit_ros:/home/mu/IVG/ws_moveit/install/moveit_ros_visualization:/home/mu/IVG/ws_moveit/install/moveit_ros_planning_interface:/home/mu/IVG/ws_moveit/install/moveit_ros_benchmarks:/home/mu/IVG/ws_moveit/install/moveit_ros_robot_interaction:/home/mu/IVG/ws_moveit/install/moveit_ros_perception:/home/mu/IVG/ws_moveit/install/moveit_planners:/home/mu/IVG/ws_moveit/install/moveit_planners_chomp:/home/mu/IVG/ws_moveit/install/moveit_chomp_optimizer_adapter:/home/mu/IVG/ws_moveit/install/chomp_motion_planner:/opt/ros/foxy LD_LIBRARY_PATH=/home/mu/IVG/ws_moveit/install/moveit_ros_move_group/lib:/home/mu/IVG/ws_moveit/install/moveit_ros_warehouse/lib:/home/mu/IVG/ws_moveit/install/moveit_planners_ompl/lib:/home/mu/IVG/ws_moveit/install/moveit_kinematics/lib:/home/mu/IVG/ws_moveit/install/moveit_ros_planning/lib:/home/mu/IVG/ws_moveit/install/moveit_simple_controller_manager/lib:/home/mu/IVG/ws_moveit/install/moveit_ros_occupancy_map_monitor/lib:/home/mu/IVG/ws_moveit/install/moveit_core/lib:/home/mu/IVG/ws_moveit/install/moveit_visual_tools/lib:/home/mu/IVG/ws_moveit/install/rviz_visual_tools/lib:/home/mu/IVG/ws_moveit/install/moveit_servo/lib:/home/mu/IVG/ws_moveit/install/moveit_ros_visualization/lib:/home/mu/IVG/ws_moveit/install/moveit_ros_planning_interface/lib:/home/mu/IVG/ws_moveit/install/moveit_ros_benchmarks/lib:/home/mu/IVG/ws_moveit/install/moveit_ros_robot_interaction/lib:/home/mu/IVG/ws_moveit/install/moveit_ros_perception/lib:/home/mu/IVG/ws_moveit/install/moveit_planners_chomp/lib:/home/mu/IVG/ws_moveit/install/moveit_chomp_optimizer_adapter/lib:/home/mu/IVG/ws_moveit/install/chomp_motion_planner/lib:/opt/ros/foxy/opt/yaml_cpp_vendor/lib:/opt/ros/foxy/opt/rviz_ogre_vendor/lib:/opt/ros/foxy/lib/x86_64-linux-gnu:/opt/ros/foxy/lib /usr/bin/cmake /home/mu/IVG/ws_moveit/src/moveit2/moveit_ros/planning_interface -DCMAKE_BUILD_TYPE=Release -DCMAKE_INSTALL_PREFIX=/home/mu/IVG/ws_moveit/install/moveit_ros_planning_interface
[3.750s] Invoking command in '/home/mu/IVG/ws_moveit/build/moveit_ros_planning_interface': CMAKE_PREFIX_PATH=/home/mu/IVG/ws_moveit/install/moveit_ros_move_group:/home/mu/IVG/ws_moveit/install/moveit_ros_warehouse:/home/mu/IVG/ws_moveit/install/moveit_planners_ompl:/home/mu/IVG/ws_moveit/install/moveit_kinematics:/home/mu/IVG/ws_moveit/install/moveit_ros_planning:/home/mu/IVG/ws_moveit/install/moveit_simple_controller_manager:/home/mu/IVG/ws_moveit/install/moveit_ros_occupancy_map_monitor:/home/mu/IVG/ws_moveit/install/moveit_core:/home/mu/IVG/ws_moveit/install/moveit_common:/home/mu/IVG/ws_moveit/install/moveit2_tutorials:/home/mu/IVG/ws_moveit/install/moveit_visual_tools:/home/mu/IVG/ws_moveit/install/rviz_visual_tools:/home/mu/IVG/ws_moveit/install/run_ompl_constrained_planning:/home/mu/IVG/ws_moveit/install/run_moveit_cpp:/home/mu/IVG/ws_moveit/install/run_move_group:/home/mu/IVG/ws_moveit/install/moveit_runtime:/home/mu/IVG/ws_moveit/install/moveit:/home/mu/IVG/ws_moveit/install/moveit_plugins:/home/mu/IVG/ws_moveit/install/moveit_servo:/home/mu/IVG/ws_moveit/install/moveit_ros:/home/mu/IVG/ws_moveit/install/moveit_ros_visualization:/home/mu/IVG/ws_moveit/install/moveit_ros_planning_interface:/home/mu/IVG/ws_moveit/install/moveit_ros_benchmarks:/home/mu/IVG/ws_moveit/install/moveit_ros_robot_interaction:/home/mu/IVG/ws_moveit/install/moveit_ros_perception:/home/mu/IVG/ws_moveit/install/moveit_planners:/home/mu/IVG/ws_moveit/install/moveit_planners_chomp:/home/mu/IVG/ws_moveit/install/moveit_chomp_optimizer_adapter:/home/mu/IVG/ws_moveit/install/chomp_motion_planner:/opt/ros/foxy LD_LIBRARY_PATH=/home/mu/IVG/ws_moveit/install/moveit_ros_move_group/lib:/home/mu/IVG/ws_moveit/install/moveit_ros_warehouse/lib:/home/mu/IVG/ws_moveit/install/moveit_planners_ompl/lib:/home/mu/IVG/ws_moveit/install/moveit_kinematics/lib:/home/mu/IVG/ws_moveit/install/moveit_ros_planning/lib:/home/mu/IVG/ws_moveit/install/moveit_simple_controller_manager/lib:/home/mu/IVG/ws_moveit/install/moveit_ros_occupancy_map_monitor/lib:/home/mu/IVG/ws_moveit/install/moveit_core/lib:/home/mu/IVG/ws_moveit/install/moveit_visual_tools/lib:/home/mu/IVG/ws_moveit/install/rviz_visual_tools/lib:/home/mu/IVG/ws_moveit/install/moveit_servo/lib:/home/mu/IVG/ws_moveit/install/moveit_ros_visualization/lib:/home/mu/IVG/ws_moveit/install/moveit_ros_planning_interface/lib:/home/mu/IVG/ws_moveit/install/moveit_ros_benchmarks/lib:/home/mu/IVG/ws_moveit/install/moveit_ros_robot_interaction/lib:/home/mu/IVG/ws_moveit/install/moveit_ros_perception/lib:/home/mu/IVG/ws_moveit/install/moveit_planners_chomp/lib:/home/mu/IVG/ws_moveit/install/moveit_chomp_optimizer_adapter/lib:/home/mu/IVG/ws_moveit/install/chomp_motion_planner/lib:/opt/ros/foxy/opt/yaml_cpp_vendor/lib:/opt/ros/foxy/opt/rviz_ogre_vendor/lib:/opt/ros/foxy/lib/x86_64-linux-gnu:/opt/ros/foxy/lib /usr/bin/cmake --build /home/mu/IVG/ws_moveit/build/moveit_ros_planning_interface -- -j32 -l32
[3.775s] [35m[1mScanning dependencies of target moveit_common_planning_interface_objects[0m
[3.775s] [35m[1mScanning dependencies of target moveit_planning_scene_interface[0m
[3.814s] [ 33%] [32mBuilding CXX object common_planning_interface_objects/CMakeFiles/moveit_common_planning_interface_objects.dir/src/common_objects.cpp.o[0m
[3.814s] [ 33%] [32mBuilding CXX object planning_scene_interface/CMakeFiles/moveit_planning_scene_interface.dir/src/planning_scene_interface.cpp.o[0m
[7.094s] [ 50%] [32m[1mLinking CXX shared library libmoveit_common_planning_interface_objects.so[0m
[7.219s] [ 50%] Built target moveit_common_planning_interface_objects
[8.862s] [ 66%] [32m[1mLinking CXX shared library libmoveit_planning_scene_interface.so[0m
[8.975s] [ 66%] Built target moveit_planning_scene_interface
[8.981s] [35m[1mScanning dependencies of target moveit_move_group_interface[0m
[9.036s] [ 83%] [32mBuilding CXX object move_group_interface/CMakeFiles/moveit_move_group_interface.dir/src/move_group_interface.cpp.o[0m
[21.054s] [100%] [32m[1mLinking CXX shared library libmoveit_move_group_interface.so[0m
[21.241s] [100%] Built target moveit_move_group_interface
[21.247s] Invoked command in '/home/mu/IVG/ws_moveit/build/moveit_ros_planning_interface' returned '0': CMAKE_PREFIX_PATH=/home/mu/IVG/ws_moveit/install/moveit_ros_move_group:/home/mu/IVG/ws_moveit/install/moveit_ros_warehouse:/home/mu/IVG/ws_moveit/install/moveit_planners_ompl:/home/mu/IVG/ws_moveit/install/moveit_kinematics:/home/mu/IVG/ws_moveit/install/moveit_ros_planning:/home/mu/IVG/ws_moveit/install/moveit_simple_controller_manager:/home/mu/IVG/ws_moveit/install/moveit_ros_occupancy_map_monitor:/home/mu/IVG/ws_moveit/install/moveit_core:/home/mu/IVG/ws_moveit/install/moveit_common:/home/mu/IVG/ws_moveit/install/moveit2_tutorials:/home/mu/IVG/ws_moveit/install/moveit_visual_tools:/home/mu/IVG/ws_moveit/install/rviz_visual_tools:/home/mu/IVG/ws_moveit/install/run_ompl_constrained_planning:/home/mu/IVG/ws_moveit/install/run_moveit_cpp:/home/mu/IVG/ws_moveit/install/run_move_group:/home/mu/IVG/ws_moveit/install/moveit_runtime:/home/mu/IVG/ws_moveit/install/moveit:/home/mu/IVG/ws_moveit/install/moveit_plugins:/home/mu/IVG/ws_moveit/install/moveit_servo:/home/mu/IVG/ws_moveit/install/moveit_ros:/home/mu/IVG/ws_moveit/install/moveit_ros_visualization:/home/mu/IVG/ws_moveit/install/moveit_ros_planning_interface:/home/mu/IVG/ws_moveit/install/moveit_ros_benchmarks:/home/mu/IVG/ws_moveit/install/moveit_ros_robot_interaction:/home/mu/IVG/ws_moveit/install/moveit_ros_perception:/home/mu/IVG/ws_moveit/install/moveit_planners:/home/mu/IVG/ws_moveit/install/moveit_planners_chomp:/home/mu/IVG/ws_moveit/install/moveit_chomp_optimizer_adapter:/home/mu/IVG/ws_moveit/install/chomp_motion_planner:/opt/ros/foxy LD_LIBRARY_PATH=/home/mu/IVG/ws_moveit/install/moveit_ros_move_group/lib:/home/mu/IVG/ws_moveit/install/moveit_ros_warehouse/lib:/home/mu/IVG/ws_moveit/install/moveit_planners_ompl/lib:/home/mu/IVG/ws_moveit/install/moveit_kinematics/lib:/home/mu/IVG/ws_moveit/install/moveit_ros_planning/lib:/home/mu/IVG/ws_moveit/install/moveit_simple_controller_manager/lib:/home/mu/IVG/ws_moveit/install/moveit_ros_occupancy_map_monitor/lib:/home/mu/IVG/ws_moveit/install/moveit_core/lib:/home/mu/IVG/ws_moveit/install/moveit_visual_tools/lib:/home/mu/IVG/ws_moveit/install/rviz_visual_tools/lib:/home/mu/IVG/ws_moveit/install/moveit_servo/lib:/home/mu/IVG/ws_moveit/install/moveit_ros_visualization/lib:/home/mu/IVG/ws_moveit/install/moveit_ros_planning_interface/lib:/home/mu/IVG/ws_moveit/install/moveit_ros_benchmarks/lib:/home/mu/IVG/ws_moveit/install/moveit_ros_robot_interaction/lib:/home/mu/IVG/ws_moveit/install/moveit_ros_perception/lib:/home/mu/IVG/ws_moveit/install/moveit_planners_chomp/lib:/home/mu/IVG/ws_moveit/install/moveit_chomp_optimizer_adapter/lib:/home/mu/IVG/ws_moveit/install/chomp_motion_planner/lib:/opt/ros/foxy/opt/yaml_cpp_vendor/lib:/opt/ros/foxy/opt/rviz_ogre_vendor/lib:/opt/ros/foxy/lib/x86_64-linux-gnu:/opt/ros/foxy/lib /usr/bin/cmake --build /home/mu/IVG/ws_moveit/build/moveit_ros_planning_interface -- -j32 -l32
[21.248s] Invoking command in '/home/mu/IVG/ws_moveit/build/moveit_ros_planning_interface': CMAKE_PREFIX_PATH=/home/mu/IVG/ws_moveit/install/moveit_ros_move_group:/home/mu/IVG/ws_moveit/install/moveit_ros_warehouse:/home/mu/IVG/ws_moveit/install/moveit_planners_ompl:/home/mu/IVG/ws_moveit/install/moveit_kinematics:/home/mu/IVG/ws_moveit/install/moveit_ros_planning:/home/mu/IVG/ws_moveit/install/moveit_simple_controller_manager:/home/mu/IVG/ws_moveit/install/moveit_ros_occupancy_map_monitor:/home/mu/IVG/ws_moveit/install/moveit_core:/home/mu/IVG/ws_moveit/install/moveit_common:/home/mu/IVG/ws_moveit/install/moveit2_tutorials:/home/mu/IVG/ws_moveit/install/moveit_visual_tools:/home/mu/IVG/ws_moveit/install/rviz_visual_tools:/home/mu/IVG/ws_moveit/install/run_ompl_constrained_planning:/home/mu/IVG/ws_moveit/install/run_moveit_cpp:/home/mu/IVG/ws_moveit/install/run_move_group:/home/mu/IVG/ws_moveit/install/moveit_runtime:/home/mu/IVG/ws_moveit/install/moveit:/home/mu/IVG/ws_moveit/install/moveit_plugins:/home/mu/IVG/ws_moveit/install/moveit_servo:/home/mu/IVG/ws_moveit/install/moveit_ros:/home/mu/IVG/ws_moveit/install/moveit_ros_visualization:/home/mu/IVG/ws_moveit/install/moveit_ros_planning_interface:/home/mu/IVG/ws_moveit/install/moveit_ros_benchmarks:/home/mu/IVG/ws_moveit/install/moveit_ros_robot_interaction:/home/mu/IVG/ws_moveit/install/moveit_ros_perception:/home/mu/IVG/ws_moveit/install/moveit_planners:/home/mu/IVG/ws_moveit/install/moveit_planners_chomp:/home/mu/IVG/ws_moveit/install/moveit_chomp_optimizer_adapter:/home/mu/IVG/ws_moveit/install/chomp_motion_planner:/opt/ros/foxy LD_LIBRARY_PATH=/home/mu/IVG/ws_moveit/install/moveit_ros_move_group/lib:/home/mu/IVG/ws_moveit/install/moveit_ros_warehouse/lib:/home/mu/IVG/ws_moveit/install/moveit_planners_ompl/lib:/home/mu/IVG/ws_moveit/install/moveit_kinematics/lib:/home/mu/IVG/ws_moveit/install/moveit_ros_planning/lib:/home/mu/IVG/ws_moveit/install/moveit_simple_controller_manager/lib:/home/mu/IVG/ws_moveit/install/moveit_ros_occupancy_map_monitor/lib:/home/mu/IVG/ws_moveit/install/moveit_core/lib:/home/mu/IVG/ws_moveit/install/moveit_visual_tools/lib:/home/mu/IVG/ws_moveit/install/rviz_visual_tools/lib:/home/mu/IVG/ws_moveit/install/moveit_servo/lib:/home/mu/IVG/ws_moveit/install/moveit_ros_visualization/lib:/home/mu/IVG/ws_moveit/install/moveit_ros_planning_interface/lib:/home/mu/IVG/ws_moveit/install/moveit_ros_benchmarks/lib:/home/mu/IVG/ws_moveit/install/moveit_ros_robot_interaction/lib:/home/mu/IVG/ws_moveit/install/moveit_ros_perception/lib:/home/mu/IVG/ws_moveit/install/moveit_planners_chomp/lib:/home/mu/IVG/ws_moveit/install/moveit_chomp_optimizer_adapter/lib:/home/mu/IVG/ws_moveit/install/chomp_motion_planner/lib:/opt/ros/foxy/opt/yaml_cpp_vendor/lib:/opt/ros/foxy/opt/rviz_ogre_vendor/lib:/opt/ros/foxy/lib/x86_64-linux-gnu:/opt/ros/foxy/lib /usr/bin/cmake --install /home/mu/IVG/ws_moveit/build/moveit_ros_planning_interface
[21.255s] -- Install configuration: "Release"
[21.255s] -- Installing: /home/mu/IVG/ws_moveit/install/moveit_ros_planning_interface/lib/libmoveit_common_planning_interface_objects.so.2.2.3
[21.255s] -- Set runtime path of "/home/mu/IVG/ws_moveit/install/moveit_ros_planning_interface/lib/libmoveit_common_planning_interface_objects.so.2.2.3" to ""
[21.255s] -- Installing: /home/mu/IVG/ws_moveit/install/moveit_ros_planning_interface/lib/libmoveit_common_planning_interface_objects.so
[21.255s] -- Installing: /home/mu/IVG/ws_moveit/install/moveit_ros_planning_interface/lib/libmoveit_planning_scene_interface.so.2.2.3
[21.255s] -- Set runtime path of "/home/mu/IVG/ws_moveit/install/moveit_ros_planning_interface/lib/libmoveit_planning_scene_interface.so.2.2.3" to ""
[21.255s] -- Installing: /home/mu/IVG/ws_moveit/install/moveit_ros_planning_interface/lib/libmoveit_planning_scene_interface.so
[21.255s] -- Installing: /home/mu/IVG/ws_moveit/install/moveit_ros_planning_interface/lib/libmoveit_move_group_interface.so.2.2.3
[21.257s] -- Set runtime path of "/home/mu/IVG/ws_moveit/install/moveit_ros_planning_interface/lib/libmoveit_move_group_interface.so.2.2.3" to ""
[21.257s] -- Installing: /home/mu/IVG/ws_moveit/install/moveit_ros_planning_interface/lib/libmoveit_move_group_interface.so
[21.257s] -- Installing: /home/mu/IVG/ws_moveit/install/moveit_ros_planning_interface/share/moveit_ros_planning_interface/environment/library_path.sh
[21.257s] -- Installing: /home/mu/IVG/ws_moveit/install/moveit_ros_planning_interface/share/moveit_ros_planning_interface/environment/library_path.dsv
[21.257s] -- Installing: /home/mu/IVG/ws_moveit/install/moveit_ros_planning_interface/share/ament_index/resource_index/package_run_dependencies/moveit_ros_planning_interface
[21.257s] -- Installing: /home/mu/IVG/ws_moveit/install/moveit_ros_planning_interface/share/ament_index/resource_index/parent_prefix_path/moveit_ros_planning_interface
[21.257s] -- Installing: /home/mu/IVG/ws_moveit/install/moveit_ros_planning_interface/share/moveit_ros_planning_interface/environment/ament_prefix_path.sh
[21.257s] -- Installing: /home/mu/IVG/ws_moveit/install/moveit_ros_planning_interface/share/moveit_ros_planning_interface/environment/ament_prefix_path.dsv
[21.257s] -- Installing: /home/mu/IVG/ws_moveit/install/moveit_ros_planning_interface/share/moveit_ros_planning_interface/environment/path.sh
[21.257s] -- Installing: /home/mu/IVG/ws_moveit/install/moveit_ros_planning_interface/share/moveit_ros_planning_interface/environment/path.dsv
[21.257s] -- Installing: /home/mu/IVG/ws_moveit/install/moveit_ros_planning_interface/share/moveit_ros_planning_interface/local_setup.bash
[21.257s] -- Installing: /home/mu/IVG/ws_moveit/install/moveit_ros_planning_interface/share/moveit_ros_planning_interface/local_setup.sh
[21.257s] -- Installing: /home/mu/IVG/ws_moveit/install/moveit_ros_planning_interface/share/moveit_ros_planning_interface/local_setup.zsh
[21.257s] -- Installing: /home/mu/IVG/ws_moveit/install/moveit_ros_planning_interface/share/moveit_ros_planning_interface/local_setup.dsv
[21.257s] -- Installing: /home/mu/IVG/ws_moveit/install/moveit_ros_planning_interface/share/moveit_ros_planning_interface/package.dsv
[21.258s] -- Installing: /home/mu/IVG/ws_moveit/install/moveit_ros_planning_interface/share/ament_index/resource_index/packages/moveit_ros_planning_interface
[21.258s] -- Installing: /home/mu/IVG/ws_moveit/install/moveit_ros_planning_interface/share/moveit_ros_planning_interface/cmake/export_moveit_ros_planning_interfaceExport.cmake
[21.258s] -- Installing: /home/mu/IVG/ws_moveit/install/moveit_ros_planning_interface/share/moveit_ros_planning_interface/cmake/export_moveit_ros_planning_interfaceExport-release.cmake
[21.258s] -- Installing: /home/mu/IVG/ws_moveit/install/moveit_ros_planning_interface/share/moveit_ros_planning_interface/cmake/ConfigExtras.cmake
[21.258s] -- Installing: /home/mu/IVG/ws_moveit/install/moveit_ros_planning_interface/share/moveit_ros_planning_interface/cmake/ament_cmake_export_targets-extras.cmake
[21.258s] -- Installing: /home/mu/IVG/ws_moveit/install/moveit_ros_planning_interface/share/moveit_ros_planning_interface/cmake/ament_cmake_export_dependencies-extras.cmake
[21.258s] -- Installing: /home/mu/IVG/ws_moveit/install/moveit_ros_planning_interface/share/moveit_ros_planning_interface/cmake/moveit_ros_planning_interfaceConfig.cmake
[21.258s] -- Installing: /home/mu/IVG/ws_moveit/install/moveit_ros_planning_interface/share/moveit_ros_planning_interface/cmake/moveit_ros_planning_interfaceConfig-version.cmake
[21.258s] -- Installing: /home/mu/IVG/ws_moveit/install/moveit_ros_planning_interface/share/moveit_ros_planning_interface/package.xml
[21.258s] -- Installing: /home/mu/IVG/ws_moveit/install/moveit_ros_planning_interface/include
[21.258s] -- Installing: /home/mu/IVG/ws_moveit/install/moveit_ros_planning_interface/include/moveit
[21.258s] -- Installing: /home/mu/IVG/ws_moveit/install/moveit_ros_planning_interface/include/moveit/common_planning_interface_objects
[21.258s] -- Installing: /home/mu/IVG/ws_moveit/install/moveit_ros_planning_interface/include/moveit/common_planning_interface_objects/common_objects.h
[21.259s] -- Up-to-date: /home/mu/IVG/ws_moveit/install/moveit_ros_planning_interface/include
[21.259s] -- Up-to-date: /home/mu/IVG/ws_moveit/install/moveit_ros_planning_interface/include/moveit
[21.259s] -- Installing: /home/mu/IVG/ws_moveit/install/moveit_ros_planning_interface/include/moveit/planning_scene_interface
[21.259s] -- Installing: /home/mu/IVG/ws_moveit/install/moveit_ros_planning_interface/include/moveit/planning_scene_interface/planning_scene_interface.h
[21.259s] -- Up-to-date: /home/mu/IVG/ws_moveit/install/moveit_ros_planning_interface/include
[21.259s] -- Up-to-date: /home/mu/IVG/ws_moveit/install/moveit_ros_planning_interface/include/moveit
[21.259s] -- Installing: /home/mu/IVG/ws_moveit/install/moveit_ros_planning_interface/include/moveit/move_group_interface
[21.259s] -- Installing: /home/mu/IVG/ws_moveit/install/moveit_ros_planning_interface/include/moveit/move_group_interface/move_group_interface.h
[21.259s] -- Installing: /home/mu/IVG/ws_moveit/install/moveit_ros_planning_interface/include/moveit_move_group_interface_export.h
[21.260s] Invoked command in '/home/mu/IVG/ws_moveit/build/moveit_ros_planning_interface' returned '0': CMAKE_PREFIX_PATH=/home/mu/IVG/ws_moveit/install/moveit_ros_move_group:/home/mu/IVG/ws_moveit/install/moveit_ros_warehouse:/home/mu/IVG/ws_moveit/install/moveit_planners_ompl:/home/mu/IVG/ws_moveit/install/moveit_kinematics:/home/mu/IVG/ws_moveit/install/moveit_ros_planning:/home/mu/IVG/ws_moveit/install/moveit_simple_controller_manager:/home/mu/IVG/ws_moveit/install/moveit_ros_occupancy_map_monitor:/home/mu/IVG/ws_moveit/install/moveit_core:/home/mu/IVG/ws_moveit/install/moveit_common:/home/mu/IVG/ws_moveit/install/moveit2_tutorials:/home/mu/IVG/ws_moveit/install/moveit_visual_tools:/home/mu/IVG/ws_moveit/install/rviz_visual_tools:/home/mu/IVG/ws_moveit/install/run_ompl_constrained_planning:/home/mu/IVG/ws_moveit/install/run_moveit_cpp:/home/mu/IVG/ws_moveit/install/run_move_group:/home/mu/IVG/ws_moveit/install/moveit_runtime:/home/mu/IVG/ws_moveit/install/moveit:/home/mu/IVG/ws_moveit/install/moveit_plugins:/home/mu/IVG/ws_moveit/install/moveit_servo:/home/mu/IVG/ws_moveit/install/moveit_ros:/home/mu/IVG/ws_moveit/install/moveit_ros_visualization:/home/mu/IVG/ws_moveit/install/moveit_ros_planning_interface:/home/mu/IVG/ws_moveit/install/moveit_ros_benchmarks:/home/mu/IVG/ws_moveit/install/moveit_ros_robot_interaction:/home/mu/IVG/ws_moveit/install/moveit_ros_perception:/home/mu/IVG/ws_moveit/install/moveit_planners:/home/mu/IVG/ws_moveit/install/moveit_planners_chomp:/home/mu/IVG/ws_moveit/install/moveit_chomp_optimizer_adapter:/home/mu/IVG/ws_moveit/install/chomp_motion_planner:/opt/ros/foxy LD_LIBRARY_PATH=/home/mu/IVG/ws_moveit/install/moveit_ros_move_group/lib:/home/mu/IVG/ws_moveit/install/moveit_ros_warehouse/lib:/home/mu/IVG/ws_moveit/install/moveit_planners_ompl/lib:/home/mu/IVG/ws_moveit/install/moveit_kinematics/lib:/home/mu/IVG/ws_moveit/install/moveit_ros_planning/lib:/home/mu/IVG/ws_moveit/install/moveit_simple_controller_manager/lib:/home/mu/IVG/ws_moveit/install/moveit_ros_occupancy_map_monitor/lib:/home/mu/IVG/ws_moveit/install/moveit_core/lib:/home/mu/IVG/ws_moveit/install/moveit_visual_tools/lib:/home/mu/IVG/ws_moveit/install/rviz_visual_tools/lib:/home/mu/IVG/ws_moveit/install/moveit_servo/lib:/home/mu/IVG/ws_moveit/install/moveit_ros_visualization/lib:/home/mu/IVG/ws_moveit/install/moveit_ros_planning_interface/lib:/home/mu/IVG/ws_moveit/install/moveit_ros_benchmarks/lib:/home/mu/IVG/ws_moveit/install/moveit_ros_robot_interaction/lib:/home/mu/IVG/ws_moveit/install/moveit_ros_perception/lib:/home/mu/IVG/ws_moveit/install/moveit_planners_chomp/lib:/home/mu/IVG/ws_moveit/install/moveit_chomp_optimizer_adapter/lib:/home/mu/IVG/ws_moveit/install/chomp_motion_planner/lib:/opt/ros/foxy/opt/yaml_cpp_vendor/lib:/opt/ros/foxy/opt/rviz_ogre_vendor/lib:/opt/ros/foxy/lib/x86_64-linux-gnu:/opt/ros/foxy/lib /usr/bin/cmake --install /home/mu/IVG/ws_moveit/build/moveit_ros_planning_interface
