Performing C SOURCE FILE Test CMAKE_HAVE_LIBC_PTHREAD failed with the following output:
Change Dir: /home/mu/IVG/aubo_ros2_ws/build/percipio_camera/CMakeFiles/CMakeTmp

Run Build Command(s):/usr/bin/make cmTC_14fd8/fast && /usr/bin/make -f CMakeFiles/cmTC_14fd8.dir/build.make CMakeFiles/cmTC_14fd8.dir/build
make[1]: 进入目录“/home/mu/IVG/aubo_ros2_ws/build/percipio_camera/CMakeFiles/CMakeTmp”
Building C object CMakeFiles/cmTC_14fd8.dir/src.c.o
/usr/bin/cc   -fPIC -O3 -DCMAKE_HAVE_LIBC_PTHREAD   -o CMakeFiles/cmTC_14fd8.dir/src.c.o   -c /home/mu/IVG/aubo_ros2_ws/build/percipio_camera/CMakeFiles/CMakeTmp/src.c
Linking C executable cmTC_14fd8
/usr/bin/cmake -E cmake_link_script CMakeFiles/cmTC_14fd8.dir/link.txt --verbose=1
/usr/bin/cc  -fPIC -O3 -DCMAKE_HAVE_LIBC_PTHREAD    CMakeFiles/cmTC_14fd8.dir/src.c.o  -o cmTC_14fd8 
/usr/bin/ld: CMakeFiles/cmTC_14fd8.dir/src.c.o: in function `main':
src.c:(.text.startup+0x27): undefined reference to `pthread_create'
/usr/bin/ld: src.c:(.text.startup+0x30): undefined reference to `pthread_detach'
/usr/bin/ld: src.c:(.text.startup+0x3b): undefined reference to `pthread_join'
collect2: error: ld returned 1 exit status
make[1]: *** [CMakeFiles/cmTC_14fd8.dir/build.make:87：cmTC_14fd8] 错误 1
make[1]: 离开目录“/home/mu/IVG/aubo_ros2_ws/build/percipio_camera/CMakeFiles/CMakeTmp”
make: *** [Makefile:121：cmTC_14fd8/fast] 错误 2


Source file was:
#include <pthread.h>

void* test_func(void* data)
{
  return data;
}

int main(void)
{
  pthread_t thread;
  pthread_create(&thread, NULL, test_func, NULL);
  pthread_detach(thread);
  pthread_join(thread, NULL);
  pthread_atfork(NULL, NULL, NULL);
  pthread_exit(NULL);

  return 0;
}

Determining if the function pthread_create exists in the pthreads failed with the following output:
Change Dir: /home/mu/IVG/aubo_ros2_ws/build/percipio_camera/CMakeFiles/CMakeTmp

Run Build Command(s):/usr/bin/make cmTC_35bdb/fast && /usr/bin/make -f CMakeFiles/cmTC_35bdb.dir/build.make CMakeFiles/cmTC_35bdb.dir/build
make[1]: 进入目录“/home/mu/IVG/aubo_ros2_ws/build/percipio_camera/CMakeFiles/CMakeTmp”
Building C object CMakeFiles/cmTC_35bdb.dir/CheckFunctionExists.c.o
/usr/bin/cc   -fPIC -O3 -DCHECK_FUNCTION_EXISTS=pthread_create   -o CMakeFiles/cmTC_35bdb.dir/CheckFunctionExists.c.o   -c /usr/share/cmake-3.16/Modules/CheckFunctionExists.c
Linking C executable cmTC_35bdb
/usr/bin/cmake -E cmake_link_script CMakeFiles/cmTC_35bdb.dir/link.txt --verbose=1
/usr/bin/cc  -fPIC -O3 -DCHECK_FUNCTION_EXISTS=pthread_create    CMakeFiles/cmTC_35bdb.dir/CheckFunctionExists.c.o  -o cmTC_35bdb  -lpthreads 
/usr/bin/ld: 找不到 -lpthreads
collect2: error: ld returned 1 exit status
make[1]: *** [CMakeFiles/cmTC_35bdb.dir/build.make:87：cmTC_35bdb] 错误 1
make[1]: 离开目录“/home/mu/IVG/aubo_ros2_ws/build/percipio_camera/CMakeFiles/CMakeTmp”
make: *** [Makefile:121：cmTC_35bdb/fast] 错误 2



