[0.011s] Invoking command in '/home/mu/IVG/ws_moveit/build/moveit_plugins': AMENT_PREFIX_PATH=/home/mu/IVG/ws_moveit/install/moveit_simple_controller_manager:/home/mu/IVG/ws_moveit/install/moveit_core:/home/mu/IVG/ws_moveit/install/moveit_common:${AMENT_PREFIX_PATH} CMAKE_PREFIX_PATH=/home/mu/IVG/ws_moveit/install/moveit_simple_controller_manager:/home/mu/IVG/ws_moveit/install/moveit_core:/home/mu/IVG/ws_moveit/install/moveit_common:/home/mu/IVG/ws_moveit/install/moveit2_tutorials:/home/mu/IVG/ws_moveit/install/moveit_visual_tools:/home/mu/IVG/ws_moveit/install/rviz_visual_tools:/opt/ros/foxy LD_LIBRARY_PATH=/home/mu/IVG/ws_moveit/install/moveit_simple_controller_manager/lib:/home/mu/IVG/ws_moveit/install/moveit_core/lib:${LD_LIBRARY_PATH} PATH=/home/mu/IVG/ws_moveit/install/moveit_core/bin:${PATH} /usr/bin/cmake --build /home/mu/IVG/ws_moveit/build/moveit_plugins -- -j32 -l32
[0.046s] Invoked command in '/home/mu/IVG/ws_moveit/build/moveit_plugins' returned '0': AMENT_PREFIX_PATH=/home/mu/IVG/ws_moveit/install/moveit_simple_controller_manager:/home/mu/IVG/ws_moveit/install/moveit_core:/home/mu/IVG/ws_moveit/install/moveit_common:${AMENT_PREFIX_PATH} CMAKE_PREFIX_PATH=/home/mu/IVG/ws_moveit/install/moveit_simple_controller_manager:/home/mu/IVG/ws_moveit/install/moveit_core:/home/mu/IVG/ws_moveit/install/moveit_common:/home/mu/IVG/ws_moveit/install/moveit2_tutorials:/home/mu/IVG/ws_moveit/install/moveit_visual_tools:/home/mu/IVG/ws_moveit/install/rviz_visual_tools:/opt/ros/foxy LD_LIBRARY_PATH=/home/mu/IVG/ws_moveit/install/moveit_simple_controller_manager/lib:/home/mu/IVG/ws_moveit/install/moveit_core/lib:${LD_LIBRARY_PATH} PATH=/home/mu/IVG/ws_moveit/install/moveit_core/bin:${PATH} /usr/bin/cmake --build /home/mu/IVG/ws_moveit/build/moveit_plugins -- -j32 -l32
[0.048s] Invoking command in '/home/mu/IVG/ws_moveit/build/moveit_plugins': AMENT_PREFIX_PATH=/home/mu/IVG/ws_moveit/install/moveit_simple_controller_manager:/home/mu/IVG/ws_moveit/install/moveit_core:/home/mu/IVG/ws_moveit/install/moveit_common:${AMENT_PREFIX_PATH} CMAKE_PREFIX_PATH=/home/mu/IVG/ws_moveit/install/moveit_simple_controller_manager:/home/mu/IVG/ws_moveit/install/moveit_core:/home/mu/IVG/ws_moveit/install/moveit_common:/home/mu/IVG/ws_moveit/install/moveit2_tutorials:/home/mu/IVG/ws_moveit/install/moveit_visual_tools:/home/mu/IVG/ws_moveit/install/rviz_visual_tools:/opt/ros/foxy LD_LIBRARY_PATH=/home/mu/IVG/ws_moveit/install/moveit_simple_controller_manager/lib:/home/mu/IVG/ws_moveit/install/moveit_core/lib:${LD_LIBRARY_PATH} PATH=/home/mu/IVG/ws_moveit/install/moveit_core/bin:${PATH} /usr/bin/cmake --install /home/mu/IVG/ws_moveit/build/moveit_plugins
[0.052s] -- Install configuration: "Release"
[0.052s] -- Up-to-date: /home/mu/IVG/ws_moveit/install/moveit_plugins/share/ament_index/resource_index/package_run_dependencies/moveit_plugins
[0.052s] -- Up-to-date: /home/mu/IVG/ws_moveit/install/moveit_plugins/share/ament_index/resource_index/parent_prefix_path/moveit_plugins
[0.052s] -- Up-to-date: /home/mu/IVG/ws_moveit/install/moveit_plugins/share/moveit_plugins/environment/ament_prefix_path.sh
[0.052s] -- Up-to-date: /home/mu/IVG/ws_moveit/install/moveit_plugins/share/moveit_plugins/environment/ament_prefix_path.dsv
[0.053s] -- Up-to-date: /home/mu/IVG/ws_moveit/install/moveit_plugins/share/moveit_plugins/environment/path.sh
[0.054s] -- Up-to-date: /home/mu/IVG/ws_moveit/install/moveit_plugins/share/moveit_plugins/environment/path.dsv
[0.054s] -- Up-to-date: /home/mu/IVG/ws_moveit/install/moveit_plugins/share/moveit_plugins/local_setup.bash
[0.054s] -- Up-to-date: /home/mu/IVG/ws_moveit/install/moveit_plugins/share/moveit_plugins/local_setup.sh
[0.054s] -- Up-to-date: /home/mu/IVG/ws_moveit/install/moveit_plugins/share/moveit_plugins/local_setup.zsh
[0.054s] -- Up-to-date: /home/mu/IVG/ws_moveit/install/moveit_plugins/share/moveit_plugins/local_setup.dsv
[0.054s] -- Installing: /home/mu/IVG/ws_moveit/install/moveit_plugins/share/moveit_plugins/package.dsv
[0.054s] -- Up-to-date: /home/mu/IVG/ws_moveit/install/moveit_plugins/share/ament_index/resource_index/packages/moveit_plugins
[0.055s] -- Up-to-date: /home/mu/IVG/ws_moveit/install/moveit_plugins/share/moveit_plugins/cmake/moveit_pluginsConfig.cmake
[0.055s] -- Up-to-date: /home/mu/IVG/ws_moveit/install/moveit_plugins/share/moveit_plugins/cmake/moveit_pluginsConfig-version.cmake
[0.056s] -- Up-to-date: /home/mu/IVG/ws_moveit/install/moveit_plugins/share/moveit_plugins/package.xml
[0.060s] Invoked command in '/home/mu/IVG/ws_moveit/build/moveit_plugins' returned '0': AMENT_PREFIX_PATH=/home/mu/IVG/ws_moveit/install/moveit_simple_controller_manager:/home/mu/IVG/ws_moveit/install/moveit_core:/home/mu/IVG/ws_moveit/install/moveit_common:${AMENT_PREFIX_PATH} CMAKE_PREFIX_PATH=/home/mu/IVG/ws_moveit/install/moveit_simple_controller_manager:/home/mu/IVG/ws_moveit/install/moveit_core:/home/mu/IVG/ws_moveit/install/moveit_common:/home/mu/IVG/ws_moveit/install/moveit2_tutorials:/home/mu/IVG/ws_moveit/install/moveit_visual_tools:/home/mu/IVG/ws_moveit/install/rviz_visual_tools:/opt/ros/foxy LD_LIBRARY_PATH=/home/mu/IVG/ws_moveit/install/moveit_simple_controller_manager/lib:/home/mu/IVG/ws_moveit/install/moveit_core/lib:${LD_LIBRARY_PATH} PATH=/home/mu/IVG/ws_moveit/install/moveit_core/bin:${PATH} /usr/bin/cmake --install /home/mu/IVG/ws_moveit/build/moveit_plugins
