[0.023s] Invoking command in '/home/mu/IVG/ws_moveit/build/moveit_planners_ompl': CMAKE_PREFIX_PATH=/home/mu/IVG/ws_moveit/install/moveit_ros_planning:/home/mu/IVG/ws_moveit/install/moveit_ros_occupancy_map_monitor:/home/mu/IVG/ws_moveit/install/moveit_core:/home/mu/IVG/ws_moveit/install/moveit_common:/home/mu/IVG/ws_moveit/install/moveit2_tutorials:/home/mu/IVG/ws_moveit/install/moveit_visual_tools:/home/mu/IVG/ws_moveit/install/rviz_visual_tools:/home/mu/IVG/ws_moveit/install/run_ompl_constrained_planning:/home/mu/IVG/ws_moveit/install/run_moveit_cpp:/home/mu/IVG/ws_moveit/install/run_move_group:/home/mu/IVG/ws_moveit/install/moveit_runtime:/home/mu/IVG/ws_moveit/install/moveit:/home/mu/IVG/ws_moveit/install/moveit_plugins:/home/mu/IVG/ws_moveit/install/moveit_simple_controller_manager:/home/mu/IVG/ws_moveit/install/moveit_servo:/home/mu/IVG/ws_moveit/install/moveit_ros:/home/mu/IVG/ws_moveit/install/moveit_ros_visualization:/home/mu/IVG/ws_moveit/install/moveit_ros_planning_interface:/home/mu/IVG/ws_moveit/install/moveit_ros_benchmarks:/home/mu/IVG/ws_moveit/install/moveit_ros_warehouse:/home/mu/IVG/ws_moveit/install/moveit_ros_robot_interaction:/home/mu/IVG/ws_moveit/install/moveit_ros_perception:/home/mu/IVG/ws_moveit/install/moveit_ros_move_group:/home/mu/IVG/ws_moveit/install/moveit_planners:/home/mu/IVG/ws_moveit/install/moveit_planners_ompl:/home/mu/IVG/ws_moveit/install/moveit_planners_chomp:/home/mu/IVG/ws_moveit/install/moveit_kinematics:/home/mu/IVG/ws_moveit/install/moveit_chomp_optimizer_adapter:/home/mu/IVG/ws_moveit/install/chomp_motion_planner:/opt/ros/foxy LD_LIBRARY_PATH=/home/mu/IVG/ws_moveit/install/moveit_ros_planning/lib:/home/mu/IVG/ws_moveit/install/moveit_ros_occupancy_map_monitor/lib:/home/mu/IVG/ws_moveit/install/moveit_core/lib:/home/mu/IVG/ws_moveit/install/moveit_visual_tools/lib:/home/mu/IVG/ws_moveit/install/rviz_visual_tools/lib:/home/mu/IVG/ws_moveit/install/moveit_simple_controller_manager/lib:/home/mu/IVG/ws_moveit/install/moveit_servo/lib:/home/mu/IVG/ws_moveit/install/moveit_ros_visualization/lib:/home/mu/IVG/ws_moveit/install/moveit_ros_planning_interface/lib:/home/mu/IVG/ws_moveit/install/moveit_ros_benchmarks/lib:/home/mu/IVG/ws_moveit/install/moveit_ros_warehouse/lib:/home/mu/IVG/ws_moveit/install/moveit_ros_robot_interaction/lib:/home/mu/IVG/ws_moveit/install/moveit_ros_perception/lib:/home/mu/IVG/ws_moveit/install/moveit_ros_move_group/lib:/home/mu/IVG/ws_moveit/install/moveit_planners_ompl/lib:/home/mu/IVG/ws_moveit/install/moveit_planners_chomp/lib:/home/mu/IVG/ws_moveit/install/moveit_kinematics/lib:/home/mu/IVG/ws_moveit/install/moveit_chomp_optimizer_adapter/lib:/home/mu/IVG/ws_moveit/install/chomp_motion_planner/lib:/opt/ros/foxy/opt/yaml_cpp_vendor/lib:/opt/ros/foxy/opt/rviz_ogre_vendor/lib:/opt/ros/foxy/lib/x86_64-linux-gnu:/opt/ros/foxy/lib PATH=/home/mu/IVG/ws_moveit/install/moveit_core/bin:/home/mu/IVG/ws_moveit/install/moveit_kinematics/bin:/opt/ros/foxy/bin:/usr/local/sbin:/usr/local/bin:/usr/sbin:/usr/bin:/sbin:/bin:/usr/games:/usr/local/games:/snap/bin /usr/bin/cmake --build /home/mu/IVG/ws_moveit/build/moveit_planners_ompl -- -j32 -l32
[0.057s] [  4%] Built target gtest
[0.060s] [  9%] Built target gtest_main
[0.153s] [ 60%] Built target moveit_ompl_interface
[0.172s] [ 65%] Built target test_threadsafe_state_storage
[0.172s] [ 70%] Built target test_constrained_planning_state_space
[0.172s] [ 75%] Built target test_state_space
[0.172s] [ 80%] Built target moveit_ompl_planner_plugin
[0.172s] [ 85%] Built target test_state_validity_checker
[0.172s] [ 90%] Built target test_planning_context_manager
[0.173s] [ 95%] Built target moveit_generate_state_database
[0.174s] [100%] Built target test_constrained_state_validity_checker
[0.203s] Invoked command in '/home/mu/IVG/ws_moveit/build/moveit_planners_ompl' returned '0': CMAKE_PREFIX_PATH=/home/mu/IVG/ws_moveit/install/moveit_ros_planning:/home/mu/IVG/ws_moveit/install/moveit_ros_occupancy_map_monitor:/home/mu/IVG/ws_moveit/install/moveit_core:/home/mu/IVG/ws_moveit/install/moveit_common:/home/mu/IVG/ws_moveit/install/moveit2_tutorials:/home/mu/IVG/ws_moveit/install/moveit_visual_tools:/home/mu/IVG/ws_moveit/install/rviz_visual_tools:/home/mu/IVG/ws_moveit/install/run_ompl_constrained_planning:/home/mu/IVG/ws_moveit/install/run_moveit_cpp:/home/mu/IVG/ws_moveit/install/run_move_group:/home/mu/IVG/ws_moveit/install/moveit_runtime:/home/mu/IVG/ws_moveit/install/moveit:/home/mu/IVG/ws_moveit/install/moveit_plugins:/home/mu/IVG/ws_moveit/install/moveit_simple_controller_manager:/home/mu/IVG/ws_moveit/install/moveit_servo:/home/mu/IVG/ws_moveit/install/moveit_ros:/home/mu/IVG/ws_moveit/install/moveit_ros_visualization:/home/mu/IVG/ws_moveit/install/moveit_ros_planning_interface:/home/mu/IVG/ws_moveit/install/moveit_ros_benchmarks:/home/mu/IVG/ws_moveit/install/moveit_ros_warehouse:/home/mu/IVG/ws_moveit/install/moveit_ros_robot_interaction:/home/mu/IVG/ws_moveit/install/moveit_ros_perception:/home/mu/IVG/ws_moveit/install/moveit_ros_move_group:/home/mu/IVG/ws_moveit/install/moveit_planners:/home/mu/IVG/ws_moveit/install/moveit_planners_ompl:/home/mu/IVG/ws_moveit/install/moveit_planners_chomp:/home/mu/IVG/ws_moveit/install/moveit_kinematics:/home/mu/IVG/ws_moveit/install/moveit_chomp_optimizer_adapter:/home/mu/IVG/ws_moveit/install/chomp_motion_planner:/opt/ros/foxy LD_LIBRARY_PATH=/home/mu/IVG/ws_moveit/install/moveit_ros_planning/lib:/home/mu/IVG/ws_moveit/install/moveit_ros_occupancy_map_monitor/lib:/home/mu/IVG/ws_moveit/install/moveit_core/lib:/home/mu/IVG/ws_moveit/install/moveit_visual_tools/lib:/home/mu/IVG/ws_moveit/install/rviz_visual_tools/lib:/home/mu/IVG/ws_moveit/install/moveit_simple_controller_manager/lib:/home/mu/IVG/ws_moveit/install/moveit_servo/lib:/home/mu/IVG/ws_moveit/install/moveit_ros_visualization/lib:/home/mu/IVG/ws_moveit/install/moveit_ros_planning_interface/lib:/home/mu/IVG/ws_moveit/install/moveit_ros_benchmarks/lib:/home/mu/IVG/ws_moveit/install/moveit_ros_warehouse/lib:/home/mu/IVG/ws_moveit/install/moveit_ros_robot_interaction/lib:/home/mu/IVG/ws_moveit/install/moveit_ros_perception/lib:/home/mu/IVG/ws_moveit/install/moveit_ros_move_group/lib:/home/mu/IVG/ws_moveit/install/moveit_planners_ompl/lib:/home/mu/IVG/ws_moveit/install/moveit_planners_chomp/lib:/home/mu/IVG/ws_moveit/install/moveit_kinematics/lib:/home/mu/IVG/ws_moveit/install/moveit_chomp_optimizer_adapter/lib:/home/mu/IVG/ws_moveit/install/chomp_motion_planner/lib:/opt/ros/foxy/opt/yaml_cpp_vendor/lib:/opt/ros/foxy/opt/rviz_ogre_vendor/lib:/opt/ros/foxy/lib/x86_64-linux-gnu:/opt/ros/foxy/lib PATH=/home/mu/IVG/ws_moveit/install/moveit_core/bin:/home/mu/IVG/ws_moveit/install/moveit_kinematics/bin:/opt/ros/foxy/bin:/usr/local/sbin:/usr/local/bin:/usr/sbin:/usr/bin:/sbin:/bin:/usr/games:/usr/local/games:/snap/bin /usr/bin/cmake --build /home/mu/IVG/ws_moveit/build/moveit_planners_ompl -- -j32 -l32
[0.204s] Invoking command in '/home/mu/IVG/ws_moveit/build/moveit_planners_ompl': CMAKE_PREFIX_PATH=/home/mu/IVG/ws_moveit/install/moveit_ros_planning:/home/mu/IVG/ws_moveit/install/moveit_ros_occupancy_map_monitor:/home/mu/IVG/ws_moveit/install/moveit_core:/home/mu/IVG/ws_moveit/install/moveit_common:/home/mu/IVG/ws_moveit/install/moveit2_tutorials:/home/mu/IVG/ws_moveit/install/moveit_visual_tools:/home/mu/IVG/ws_moveit/install/rviz_visual_tools:/home/mu/IVG/ws_moveit/install/run_ompl_constrained_planning:/home/mu/IVG/ws_moveit/install/run_moveit_cpp:/home/mu/IVG/ws_moveit/install/run_move_group:/home/mu/IVG/ws_moveit/install/moveit_runtime:/home/mu/IVG/ws_moveit/install/moveit:/home/mu/IVG/ws_moveit/install/moveit_plugins:/home/mu/IVG/ws_moveit/install/moveit_simple_controller_manager:/home/mu/IVG/ws_moveit/install/moveit_servo:/home/mu/IVG/ws_moveit/install/moveit_ros:/home/mu/IVG/ws_moveit/install/moveit_ros_visualization:/home/mu/IVG/ws_moveit/install/moveit_ros_planning_interface:/home/mu/IVG/ws_moveit/install/moveit_ros_benchmarks:/home/mu/IVG/ws_moveit/install/moveit_ros_warehouse:/home/mu/IVG/ws_moveit/install/moveit_ros_robot_interaction:/home/mu/IVG/ws_moveit/install/moveit_ros_perception:/home/mu/IVG/ws_moveit/install/moveit_ros_move_group:/home/mu/IVG/ws_moveit/install/moveit_planners:/home/mu/IVG/ws_moveit/install/moveit_planners_ompl:/home/mu/IVG/ws_moveit/install/moveit_planners_chomp:/home/mu/IVG/ws_moveit/install/moveit_kinematics:/home/mu/IVG/ws_moveit/install/moveit_chomp_optimizer_adapter:/home/mu/IVG/ws_moveit/install/chomp_motion_planner:/opt/ros/foxy LD_LIBRARY_PATH=/home/mu/IVG/ws_moveit/install/moveit_ros_planning/lib:/home/mu/IVG/ws_moveit/install/moveit_ros_occupancy_map_monitor/lib:/home/mu/IVG/ws_moveit/install/moveit_core/lib:/home/mu/IVG/ws_moveit/install/moveit_visual_tools/lib:/home/mu/IVG/ws_moveit/install/rviz_visual_tools/lib:/home/mu/IVG/ws_moveit/install/moveit_simple_controller_manager/lib:/home/mu/IVG/ws_moveit/install/moveit_servo/lib:/home/mu/IVG/ws_moveit/install/moveit_ros_visualization/lib:/home/mu/IVG/ws_moveit/install/moveit_ros_planning_interface/lib:/home/mu/IVG/ws_moveit/install/moveit_ros_benchmarks/lib:/home/mu/IVG/ws_moveit/install/moveit_ros_warehouse/lib:/home/mu/IVG/ws_moveit/install/moveit_ros_robot_interaction/lib:/home/mu/IVG/ws_moveit/install/moveit_ros_perception/lib:/home/mu/IVG/ws_moveit/install/moveit_ros_move_group/lib:/home/mu/IVG/ws_moveit/install/moveit_planners_ompl/lib:/home/mu/IVG/ws_moveit/install/moveit_planners_chomp/lib:/home/mu/IVG/ws_moveit/install/moveit_kinematics/lib:/home/mu/IVG/ws_moveit/install/moveit_chomp_optimizer_adapter/lib:/home/mu/IVG/ws_moveit/install/chomp_motion_planner/lib:/opt/ros/foxy/opt/yaml_cpp_vendor/lib:/opt/ros/foxy/opt/rviz_ogre_vendor/lib:/opt/ros/foxy/lib/x86_64-linux-gnu:/opt/ros/foxy/lib PATH=/home/mu/IVG/ws_moveit/install/moveit_core/bin:/home/mu/IVG/ws_moveit/install/moveit_kinematics/bin:/opt/ros/foxy/bin:/usr/local/sbin:/usr/local/bin:/usr/sbin:/usr/bin:/sbin:/bin:/usr/games:/usr/local/games:/snap/bin /usr/bin/cmake --install /home/mu/IVG/ws_moveit/build/moveit_planners_ompl
[0.208s] -- Install configuration: "Release"
[0.208s] -- Up-to-date: /home/mu/IVG/ws_moveit/install/moveit_planners_ompl/lib/libmoveit_ompl_interface.so.2.2.3
[0.209s] -- Up-to-date: /home/mu/IVG/ws_moveit/install/moveit_planners_ompl/lib/libmoveit_ompl_interface.so
[0.209s] -- Up-to-date: /home/mu/IVG/ws_moveit/install/moveit_planners_ompl/lib/libmoveit_ompl_planner_plugin.so.2.2.3
[0.209s] -- Up-to-date: /home/mu/IVG/ws_moveit/install/moveit_planners_ompl/lib/libmoveit_ompl_planner_plugin.so
[0.209s] -- Up-to-date: /home/mu/IVG/ws_moveit/install/moveit_planners_ompl/share/moveit_planners_ompl/environment/library_path.sh
[0.209s] -- Up-to-date: /home/mu/IVG/ws_moveit/install/moveit_planners_ompl/share/moveit_planners_ompl/environment/library_path.dsv
[0.209s] -- Up-to-date: /home/mu/IVG/ws_moveit/install/moveit_planners_ompl/share/moveit_planners_ompl/ompl_interface_plugin_description.xml
[0.209s] -- Up-to-date: /home/mu/IVG/ws_moveit/install/moveit_planners_ompl/share/ament_index/resource_index/package_run_dependencies/moveit_planners_ompl
[0.209s] -- Up-to-date: /home/mu/IVG/ws_moveit/install/moveit_planners_ompl/share/ament_index/resource_index/parent_prefix_path/moveit_planners_ompl
[0.209s] -- Up-to-date: /home/mu/IVG/ws_moveit/install/moveit_planners_ompl/share/moveit_planners_ompl/environment/ament_prefix_path.sh
[0.209s] -- Up-to-date: /home/mu/IVG/ws_moveit/install/moveit_planners_ompl/share/moveit_planners_ompl/environment/ament_prefix_path.dsv
[0.209s] -- Up-to-date: /home/mu/IVG/ws_moveit/install/moveit_planners_ompl/share/moveit_planners_ompl/environment/path.sh
[0.209s] -- Up-to-date: /home/mu/IVG/ws_moveit/install/moveit_planners_ompl/share/moveit_planners_ompl/environment/path.dsv
[0.209s] -- Up-to-date: /home/mu/IVG/ws_moveit/install/moveit_planners_ompl/share/moveit_planners_ompl/local_setup.bash
[0.209s] -- Up-to-date: /home/mu/IVG/ws_moveit/install/moveit_planners_ompl/share/moveit_planners_ompl/local_setup.sh
[0.209s] -- Up-to-date: /home/mu/IVG/ws_moveit/install/moveit_planners_ompl/share/moveit_planners_ompl/local_setup.zsh
[0.209s] -- Up-to-date: /home/mu/IVG/ws_moveit/install/moveit_planners_ompl/share/moveit_planners_ompl/local_setup.dsv
[0.209s] -- Installing: /home/mu/IVG/ws_moveit/install/moveit_planners_ompl/share/moveit_planners_ompl/package.dsv
[0.209s] -- Up-to-date: /home/mu/IVG/ws_moveit/install/moveit_planners_ompl/share/ament_index/resource_index/packages/moveit_planners_ompl
[0.209s] -- Up-to-date: /home/mu/IVG/ws_moveit/install/moveit_planners_ompl/share/ament_index/resource_index/moveit_core__pluginlib__plugin/moveit_planners_ompl
[0.209s] -- Up-to-date: /home/mu/IVG/ws_moveit/install/moveit_planners_ompl/share/moveit_planners_ompl/cmake/export_moveit_planners_omplExport.cmake
[0.209s] -- Up-to-date: /home/mu/IVG/ws_moveit/install/moveit_planners_ompl/share/moveit_planners_ompl/cmake/export_moveit_planners_omplExport-release.cmake
[0.209s] -- Up-to-date: /home/mu/IVG/ws_moveit/install/moveit_planners_ompl/share/moveit_planners_ompl/cmake/ament_cmake_export_targets-extras.cmake
[0.209s] -- Up-to-date: /home/mu/IVG/ws_moveit/install/moveit_planners_ompl/share/moveit_planners_ompl/cmake/ament_cmake_export_dependencies-extras.cmake
[0.209s] -- Up-to-date: /home/mu/IVG/ws_moveit/install/moveit_planners_ompl/share/moveit_planners_ompl/cmake/moveit_planners_omplConfig.cmake
[0.209s] -- Up-to-date: /home/mu/IVG/ws_moveit/install/moveit_planners_ompl/share/moveit_planners_ompl/cmake/moveit_planners_omplConfig-version.cmake
[0.209s] -- Up-to-date: /home/mu/IVG/ws_moveit/install/moveit_planners_ompl/share/moveit_planners_ompl/package.xml
[0.209s] -- Up-to-date: /home/mu/IVG/ws_moveit/install/moveit_planners_ompl/lib/moveit_planners_ompl/generate_state_database
[0.209s] -- Up-to-date: /home/mu/IVG/ws_moveit/install/moveit_planners_ompl/include
[0.210s] -- Up-to-date: /home/mu/IVG/ws_moveit/install/moveit_planners_ompl/include/moveit
[0.210s] -- Up-to-date: /home/mu/IVG/ws_moveit/install/moveit_planners_ompl/include/moveit/ompl_interface
[0.210s] -- Up-to-date: /home/mu/IVG/ws_moveit/install/moveit_planners_ompl/include/moveit/ompl_interface/detail
[0.210s] -- Up-to-date: /home/mu/IVG/ws_moveit/install/moveit_planners_ompl/include/moveit/ompl_interface/detail/state_validity_checker.h
[0.210s] -- Up-to-date: /home/mu/IVG/ws_moveit/install/moveit_planners_ompl/include/moveit/ompl_interface/detail/constrained_valid_state_sampler.h
[0.210s] -- Up-to-date: /home/mu/IVG/ws_moveit/install/moveit_planners_ompl/include/moveit/ompl_interface/detail/constrained_sampler.h
[0.210s] -- Up-to-date: /home/mu/IVG/ws_moveit/install/moveit_planners_ompl/include/moveit/ompl_interface/detail/constraint_approximations.h
[0.210s] -- Up-to-date: /home/mu/IVG/ws_moveit/install/moveit_planners_ompl/include/moveit/ompl_interface/detail/constrained_goal_sampler.h
[0.210s] -- Up-to-date: /home/mu/IVG/ws_moveit/install/moveit_planners_ompl/include/moveit/ompl_interface/detail/ompl_constraints.h
[0.210s] -- Up-to-date: /home/mu/IVG/ws_moveit/install/moveit_planners_ompl/include/moveit/ompl_interface/detail/goal_union.h
[0.210s] -- Up-to-date: /home/mu/IVG/ws_moveit/install/moveit_planners_ompl/include/moveit/ompl_interface/detail/constraints_library.h
[0.210s] -- Up-to-date: /home/mu/IVG/ws_moveit/install/moveit_planners_ompl/include/moveit/ompl_interface/detail/threadsafe_state_storage.h
[0.210s] -- Up-to-date: /home/mu/IVG/ws_moveit/install/moveit_planners_ompl/include/moveit/ompl_interface/detail/projection_evaluators.h
[0.210s] -- Up-to-date: /home/mu/IVG/ws_moveit/install/moveit_planners_ompl/include/moveit/ompl_interface/planning_context_manager.h
[0.210s] -- Up-to-date: /home/mu/IVG/ws_moveit/install/moveit_planners_ompl/include/moveit/ompl_interface/ompl_interface.h
[0.210s] -- Up-to-date: /home/mu/IVG/ws_moveit/install/moveit_planners_ompl/include/moveit/ompl_interface/model_based_planning_context.h
[0.210s] -- Up-to-date: /home/mu/IVG/ws_moveit/install/moveit_planners_ompl/include/moveit/ompl_interface/parameterization
[0.210s] -- Up-to-date: /home/mu/IVG/ws_moveit/install/moveit_planners_ompl/include/moveit/ompl_interface/parameterization/joint_space
[0.210s] -- Up-to-date: /home/mu/IVG/ws_moveit/install/moveit_planners_ompl/include/moveit/ompl_interface/parameterization/joint_space/joint_model_state_space.h
[0.210s] -- Up-to-date: /home/mu/IVG/ws_moveit/install/moveit_planners_ompl/include/moveit/ompl_interface/parameterization/joint_space/joint_model_state_space_factory.h
[0.210s] -- Up-to-date: /home/mu/IVG/ws_moveit/install/moveit_planners_ompl/include/moveit/ompl_interface/parameterization/joint_space/constrained_planning_state_space_factory.h
[0.210s] -- Up-to-date: /home/mu/IVG/ws_moveit/install/moveit_planners_ompl/include/moveit/ompl_interface/parameterization/joint_space/constrained_planning_state_space.h
[0.210s] -- Up-to-date: /home/mu/IVG/ws_moveit/install/moveit_planners_ompl/include/moveit/ompl_interface/parameterization/model_based_state_space.h
[0.210s] -- Up-to-date: /home/mu/IVG/ws_moveit/install/moveit_planners_ompl/include/moveit/ompl_interface/parameterization/model_based_state_space_factory.h
[0.210s] -- Up-to-date: /home/mu/IVG/ws_moveit/install/moveit_planners_ompl/include/moveit/ompl_interface/parameterization/work_space
[0.210s] -- Up-to-date: /home/mu/IVG/ws_moveit/install/moveit_planners_ompl/include/moveit/ompl_interface/parameterization/work_space/pose_model_state_space.h
[0.210s] -- Up-to-date: /home/mu/IVG/ws_moveit/install/moveit_planners_ompl/include/moveit/ompl_interface/parameterization/work_space/pose_model_state_space_factory.h
[0.211s] Invoked command in '/home/mu/IVG/ws_moveit/build/moveit_planners_ompl' returned '0': CMAKE_PREFIX_PATH=/home/mu/IVG/ws_moveit/install/moveit_ros_planning:/home/mu/IVG/ws_moveit/install/moveit_ros_occupancy_map_monitor:/home/mu/IVG/ws_moveit/install/moveit_core:/home/mu/IVG/ws_moveit/install/moveit_common:/home/mu/IVG/ws_moveit/install/moveit2_tutorials:/home/mu/IVG/ws_moveit/install/moveit_visual_tools:/home/mu/IVG/ws_moveit/install/rviz_visual_tools:/home/mu/IVG/ws_moveit/install/run_ompl_constrained_planning:/home/mu/IVG/ws_moveit/install/run_moveit_cpp:/home/mu/IVG/ws_moveit/install/run_move_group:/home/mu/IVG/ws_moveit/install/moveit_runtime:/home/mu/IVG/ws_moveit/install/moveit:/home/mu/IVG/ws_moveit/install/moveit_plugins:/home/mu/IVG/ws_moveit/install/moveit_simple_controller_manager:/home/mu/IVG/ws_moveit/install/moveit_servo:/home/mu/IVG/ws_moveit/install/moveit_ros:/home/mu/IVG/ws_moveit/install/moveit_ros_visualization:/home/mu/IVG/ws_moveit/install/moveit_ros_planning_interface:/home/mu/IVG/ws_moveit/install/moveit_ros_benchmarks:/home/mu/IVG/ws_moveit/install/moveit_ros_warehouse:/home/mu/IVG/ws_moveit/install/moveit_ros_robot_interaction:/home/mu/IVG/ws_moveit/install/moveit_ros_perception:/home/mu/IVG/ws_moveit/install/moveit_ros_move_group:/home/mu/IVG/ws_moveit/install/moveit_planners:/home/mu/IVG/ws_moveit/install/moveit_planners_ompl:/home/mu/IVG/ws_moveit/install/moveit_planners_chomp:/home/mu/IVG/ws_moveit/install/moveit_kinematics:/home/mu/IVG/ws_moveit/install/moveit_chomp_optimizer_adapter:/home/mu/IVG/ws_moveit/install/chomp_motion_planner:/opt/ros/foxy LD_LIBRARY_PATH=/home/mu/IVG/ws_moveit/install/moveit_ros_planning/lib:/home/mu/IVG/ws_moveit/install/moveit_ros_occupancy_map_monitor/lib:/home/mu/IVG/ws_moveit/install/moveit_core/lib:/home/mu/IVG/ws_moveit/install/moveit_visual_tools/lib:/home/mu/IVG/ws_moveit/install/rviz_visual_tools/lib:/home/mu/IVG/ws_moveit/install/moveit_simple_controller_manager/lib:/home/mu/IVG/ws_moveit/install/moveit_servo/lib:/home/mu/IVG/ws_moveit/install/moveit_ros_visualization/lib:/home/mu/IVG/ws_moveit/install/moveit_ros_planning_interface/lib:/home/mu/IVG/ws_moveit/install/moveit_ros_benchmarks/lib:/home/mu/IVG/ws_moveit/install/moveit_ros_warehouse/lib:/home/mu/IVG/ws_moveit/install/moveit_ros_robot_interaction/lib:/home/mu/IVG/ws_moveit/install/moveit_ros_perception/lib:/home/mu/IVG/ws_moveit/install/moveit_ros_move_group/lib:/home/mu/IVG/ws_moveit/install/moveit_planners_ompl/lib:/home/mu/IVG/ws_moveit/install/moveit_planners_chomp/lib:/home/mu/IVG/ws_moveit/install/moveit_kinematics/lib:/home/mu/IVG/ws_moveit/install/moveit_chomp_optimizer_adapter/lib:/home/mu/IVG/ws_moveit/install/chomp_motion_planner/lib:/opt/ros/foxy/opt/yaml_cpp_vendor/lib:/opt/ros/foxy/opt/rviz_ogre_vendor/lib:/opt/ros/foxy/lib/x86_64-linux-gnu:/opt/ros/foxy/lib PATH=/home/mu/IVG/ws_moveit/install/moveit_core/bin:/home/mu/IVG/ws_moveit/install/moveit_kinematics/bin:/opt/ros/foxy/bin:/usr/local/sbin:/usr/local/bin:/usr/sbin:/usr/bin:/sbin:/bin:/usr/games:/usr/local/games:/snap/bin /usr/bin/cmake --install /home/mu/IVG/ws_moveit/build/moveit_planners_ompl
