[0.006s] Invoking command in '/home/mu/IVG/ws_moveit/build/moveit_core': CMAKE_PREFIX_PATH=/home/mu/IVG/ws_moveit/install/moveit_common:/home/mu/IVG/ws_moveit/install/moveit2_tutorials:/home/mu/IVG/ws_moveit/install/moveit_visual_tools:/home/mu/IVG/ws_moveit/install/rviz_visual_tools:/home/mu/IVG/ws_moveit/install/run_ompl_constrained_planning:/home/mu/IVG/ws_moveit/install/run_moveit_cpp:/home/mu/IVG/ws_moveit/install/run_move_group:/home/mu/IVG/ws_moveit/install/moveit_runtime:/home/mu/IVG/ws_moveit/install/moveit:/home/mu/IVG/ws_moveit/install/moveit_plugins:/home/mu/IVG/ws_moveit/install/moveit_simple_controller_manager:/home/mu/IVG/ws_moveit/install/moveit_servo:/home/mu/IVG/ws_moveit/install/moveit_ros:/home/mu/IVG/ws_moveit/install/moveit_ros_visualization:/home/mu/IVG/ws_moveit/install/moveit_ros_planning_interface:/home/mu/IVG/ws_moveit/install/moveit_ros_benchmarks:/home/mu/IVG/ws_moveit/install/moveit_ros_warehouse:/home/mu/IVG/ws_moveit/install/moveit_ros_robot_interaction:/home/mu/IVG/ws_moveit/install/moveit_ros_perception:/home/mu/IVG/ws_moveit/install/moveit_ros_move_group:/home/mu/IVG/ws_moveit/install/moveit_planners:/home/mu/IVG/ws_moveit/install/moveit_planners_ompl:/home/mu/IVG/ws_moveit/install/moveit_ros_planning:/home/mu/IVG/ws_moveit/install/moveit_ros_occupancy_map_monitor:/home/mu/IVG/ws_moveit/install/moveit_planners_chomp:/home/mu/IVG/ws_moveit/install/moveit_kinematics:/home/mu/IVG/ws_moveit/install/moveit_chomp_optimizer_adapter:/home/mu/IVG/ws_moveit/install/chomp_motion_planner:/home/mu/IVG/ws_moveit/install/moveit_core:/opt/ros/foxy /usr/bin/cmake /home/mu/IVG/ws_moveit/src/moveit2/moveit_core -DCMAKE_BUILD_TYPE=Release -DCMAKE_INSTALL_PREFIX=/home/mu/IVG/ws_moveit/install/moveit_core
[0.016s] -- Found moveit_common: 2.2.3 (/home/mu/IVG/ws_moveit/install/moveit_common/share/moveit_common/cmake)
[0.016s] -- Found ament_cmake: 0.9.12 (/opt/ros/foxy/share/ament_cmake/cmake)
[0.029s] -- Using PYTHON_EXECUTABLE: /usr/bin/python3
[0.148s] -- Found rclcpp: 2.4.3 (/opt/ros/foxy/share/rclcpp/cmake)
[0.168s] -- Using all available rosidl_typesupport_c: rosidl_typesupport_fastrtps_c;rosidl_typesupport_introspection_c
[0.169s] -- Found rosidl_adapter: 1.3.1 (/opt/ros/foxy/share/rosidl_adapter/cmake)
[0.237s] -- Using all available rosidl_typesupport_cpp: rosidl_typesupport_fastrtps_cpp;rosidl_typesupport_introspection_cpp
[0.266s] -- Found rmw_implementation_cmake: 1.0.4 (/opt/ros/foxy/share/rmw_implementation_cmake/cmake)
[0.267s] -- Using RMW implementation 'rmw_fastrtps_cpp' as default
[0.345s] -- Found eigen3_cmake_module: 0.1.1 (/opt/ros/foxy/share/eigen3_cmake_module/cmake)
[0.356s] -- Found angles: 1.12.6 (/opt/ros/foxy/share/angles/cmake)
[0.359s] -- Found urdf: 2.4.0 (/opt/ros/foxy/share/urdf/cmake)
[0.368s] -- Found tf2_eigen: 0.13.14 (/opt/ros/foxy/share/tf2_eigen/cmake)
[0.573s] -- Found tf2_kdl: 0.13.14 (/opt/ros/foxy/share/tf2_kdl/cmake)
[0.583s] -- Found tf2_geometry_msgs: 0.13.14 (/opt/ros/foxy/share/tf2_geometry_msgs/cmake)
[0.599s] -- Found eigen_stl_containers: 1.0.0 (/opt/ros/foxy/share/eigen_stl_containers/cmake)
[0.599s] -- Found geometric_shapes: 2.1.2 (/opt/ros/foxy/share/geometric_shapes/cmake)
[0.602s] -- Found Boost: /usr/lib/x86_64-linux-gnu/cmake/Boost-1.71.0/BoostConfig.cmake (found version "1.71.0") found components: filesystem 
[0.625s] -- library: /usr/lib/x86_64-linux-gnu/libcurl.so
[0.716s] -- Found kdl_parser: 2.4.1 (/opt/ros/foxy/share/kdl_parser/cmake)
[0.717s] -- Found moveit_msgs: 2.1.0 (/opt/ros/foxy/share/moveit_msgs/cmake)
[1.541s] -- Found srdfdom: 2.0.2 (/opt/ros/foxy/share/srdfdom/cmake)
[1.544s] -- Found common_interfaces: 2.0.5 (/opt/ros/foxy/share/common_interfaces/cmake)
[1.544s] -- Found pluginlib: 2.5.4 (/opt/ros/foxy/share/pluginlib/cmake)
[1.570s] -- Found Boost: /usr/lib/x86_64-linux-gnu/cmake/Boost-1.71.0/BoostConfig.cmake (found version "1.71.0") found components: chrono date_time filesystem iostreams program_options regex serialization system thread 
[1.572s] --  *** Building MoveIt 2.2.3-Alpha ***
[1.602s] -- Found ament_cmake_gtest: 0.9.12 (/opt/ros/foxy/share/ament_cmake_gtest/cmake)
[1.603s] -- Found gtest sources under '/opt/ros/foxy/src/gtest_vendor': C++ tests using 'Google Test' will be built
[1.623s] -- Found gtest sources under '/opt/ros/foxy/src/gtest_vendor': C++ tests using 'Google Test' will be built
[1.648s] -- Found ament_cmake_gtest: 0.9.12 (/opt/ros/foxy/share/ament_cmake_gtest/cmake)
[1.649s] -- Found gtest sources under '/opt/ros/foxy/src/gtest_vendor': C++ tests using 'Google Test' will be built
[1.656s] -- Found ament_cmake_gtest: 0.9.12 (/opt/ros/foxy/share/ament_cmake_gtest/cmake)
[1.657s] -- Found gtest sources under '/opt/ros/foxy/src/gtest_vendor': C++ tests using 'Google Test' will be built
[1.674s] -- Found gtest sources under '/opt/ros/foxy/src/gtest_vendor': C++ tests using 'Google Test' will be built
[1.683s] -- Found gtest sources under '/opt/ros/foxy/src/gtest_vendor': C++ tests using 'Google Test' will be built
[1.695s] -- Found ament_cmake_gtest: 0.9.12 (/opt/ros/foxy/share/ament_cmake_gtest/cmake)
[1.695s] -- Found gtest sources under '/opt/ros/foxy/src/gtest_vendor': C++ tests using 'Google Test' will be built
[1.704s] -- Found gtest sources under '/opt/ros/foxy/src/gtest_vendor': C++ tests using 'Google Test' will be built
[1.713s] -- Found ament_cmake_gtest: 0.9.12 (/opt/ros/foxy/share/ament_cmake_gtest/cmake)
[1.714s] -- Found gtest sources under '/opt/ros/foxy/src/gtest_vendor': C++ tests using 'Google Test' will be built
[1.729s] -- Found gtest sources under '/opt/ros/foxy/src/gtest_vendor': C++ tests using 'Google Test' will be built
[1.751s] -- Found ament_cmake_gtest: 0.9.12 (/opt/ros/foxy/share/ament_cmake_gtest/cmake)
[1.752s] -- Found gtest sources under '/opt/ros/foxy/src/gtest_vendor': C++ tests using 'Google Test' will be built
[1.767s] -- Found ament_cmake_gtest: 0.9.12 (/opt/ros/foxy/share/ament_cmake_gtest/cmake)
[1.768s] -- Found gtest sources under '/opt/ros/foxy/src/gtest_vendor': C++ tests using 'Google Test' will be built
[1.793s] -- Found gtest sources under '/opt/ros/foxy/src/gtest_vendor': C++ tests using 'Google Test' will be built
[1.800s] -- Found ament_lint_auto: 0.9.8 (/opt/ros/foxy/share/ament_lint_auto/cmake)
[1.817s] -- Added test 'pep257' to check Python code against some of the style conventions in PEP 257
[1.818s] -- Added test 'xmllint' to check XML markup files
[1.828s] -- Configuring done
[2.605s] -- Generating done
[2.860s] -- Build files have been written to: /home/mu/IVG/ws_moveit/build/moveit_core
[2.884s] Invoked command in '/home/mu/IVG/ws_moveit/build/moveit_core' returned '0': CMAKE_PREFIX_PATH=/home/mu/IVG/ws_moveit/install/moveit_common:/home/mu/IVG/ws_moveit/install/moveit2_tutorials:/home/mu/IVG/ws_moveit/install/moveit_visual_tools:/home/mu/IVG/ws_moveit/install/rviz_visual_tools:/home/mu/IVG/ws_moveit/install/run_ompl_constrained_planning:/home/mu/IVG/ws_moveit/install/run_moveit_cpp:/home/mu/IVG/ws_moveit/install/run_move_group:/home/mu/IVG/ws_moveit/install/moveit_runtime:/home/mu/IVG/ws_moveit/install/moveit:/home/mu/IVG/ws_moveit/install/moveit_plugins:/home/mu/IVG/ws_moveit/install/moveit_simple_controller_manager:/home/mu/IVG/ws_moveit/install/moveit_servo:/home/mu/IVG/ws_moveit/install/moveit_ros:/home/mu/IVG/ws_moveit/install/moveit_ros_visualization:/home/mu/IVG/ws_moveit/install/moveit_ros_planning_interface:/home/mu/IVG/ws_moveit/install/moveit_ros_benchmarks:/home/mu/IVG/ws_moveit/install/moveit_ros_warehouse:/home/mu/IVG/ws_moveit/install/moveit_ros_robot_interaction:/home/mu/IVG/ws_moveit/install/moveit_ros_perception:/home/mu/IVG/ws_moveit/install/moveit_ros_move_group:/home/mu/IVG/ws_moveit/install/moveit_planners:/home/mu/IVG/ws_moveit/install/moveit_planners_ompl:/home/mu/IVG/ws_moveit/install/moveit_ros_planning:/home/mu/IVG/ws_moveit/install/moveit_ros_occupancy_map_monitor:/home/mu/IVG/ws_moveit/install/moveit_planners_chomp:/home/mu/IVG/ws_moveit/install/moveit_kinematics:/home/mu/IVG/ws_moveit/install/moveit_chomp_optimizer_adapter:/home/mu/IVG/ws_moveit/install/chomp_motion_planner:/home/mu/IVG/ws_moveit/install/moveit_core:/opt/ros/foxy /usr/bin/cmake /home/mu/IVG/ws_moveit/src/moveit2/moveit_core -DCMAKE_BUILD_TYPE=Release -DCMAKE_INSTALL_PREFIX=/home/mu/IVG/ws_moveit/install/moveit_core
[2.886s] Invoking command in '/home/mu/IVG/ws_moveit/build/moveit_core': CMAKE_PREFIX_PATH=/home/mu/IVG/ws_moveit/install/moveit_common:/home/mu/IVG/ws_moveit/install/moveit2_tutorials:/home/mu/IVG/ws_moveit/install/moveit_visual_tools:/home/mu/IVG/ws_moveit/install/rviz_visual_tools:/home/mu/IVG/ws_moveit/install/run_ompl_constrained_planning:/home/mu/IVG/ws_moveit/install/run_moveit_cpp:/home/mu/IVG/ws_moveit/install/run_move_group:/home/mu/IVG/ws_moveit/install/moveit_runtime:/home/mu/IVG/ws_moveit/install/moveit:/home/mu/IVG/ws_moveit/install/moveit_plugins:/home/mu/IVG/ws_moveit/install/moveit_simple_controller_manager:/home/mu/IVG/ws_moveit/install/moveit_servo:/home/mu/IVG/ws_moveit/install/moveit_ros:/home/mu/IVG/ws_moveit/install/moveit_ros_visualization:/home/mu/IVG/ws_moveit/install/moveit_ros_planning_interface:/home/mu/IVG/ws_moveit/install/moveit_ros_benchmarks:/home/mu/IVG/ws_moveit/install/moveit_ros_warehouse:/home/mu/IVG/ws_moveit/install/moveit_ros_robot_interaction:/home/mu/IVG/ws_moveit/install/moveit_ros_perception:/home/mu/IVG/ws_moveit/install/moveit_ros_move_group:/home/mu/IVG/ws_moveit/install/moveit_planners:/home/mu/IVG/ws_moveit/install/moveit_planners_ompl:/home/mu/IVG/ws_moveit/install/moveit_ros_planning:/home/mu/IVG/ws_moveit/install/moveit_ros_occupancy_map_monitor:/home/mu/IVG/ws_moveit/install/moveit_planners_chomp:/home/mu/IVG/ws_moveit/install/moveit_kinematics:/home/mu/IVG/ws_moveit/install/moveit_chomp_optimizer_adapter:/home/mu/IVG/ws_moveit/install/chomp_motion_planner:/home/mu/IVG/ws_moveit/install/moveit_core:/opt/ros/foxy /usr/bin/cmake --build /home/mu/IVG/ws_moveit/build/moveit_core -- -j32 -l32
[2.928s] [  1%] Built target moveit_version
[2.934s] [  2%] Built target gtest
[2.935s] [  3%] [32mBuilding CXX object exceptions/CMakeFiles/moveit_exceptions.dir/src/exceptions.cpp.o[0m
[2.937s] [  4%] [32mBuilding CXX object utils/CMakeFiles/moveit_utils.dir/src/message_checks.cpp.o[0m
[2.937s] [  6%] [32mBuilding CXX object utils/CMakeFiles/moveit_utils.dir/src/lexical_casts.cpp.o[0m
[2.937s] [  7%] Built target gtest_main
[2.940s] [  7%] [32mBuilding CXX object utils/CMakeFiles/moveit_utils.dir/src/rclcpp_utils.cpp.o[0m
[2.941s] [  8%] [32mBuilding CXX object profiler/CMakeFiles/moveit_profiler.dir/src/profiler.cpp.o[0m
[2.941s] [  8%] [32mBuilding CXX object background_processing/CMakeFiles/moveit_background_processing.dir/src/background_processing.cpp.o[0m
[2.946s] [  9%] [32mBuilding CXX object transforms/CMakeFiles/moveit_transforms.dir/src/transforms.cpp.o[0m
[2.948s] [ 10%] [32mBuilding CXX object kinematics_base/CMakeFiles/moveit_kinematics_base.dir/src/kinematics_base.cpp.o[0m
[2.959s] [ 12%] [32mBuilding CXX object distance_field/CMakeFiles/moveit_distance_field.dir/src/find_internal_points.cpp.o[0m
[2.959s] [ 12%] [32mBuilding CXX object distance_field/CMakeFiles/moveit_distance_field.dir/src/distance_field.cpp.o[0m
[2.959s] [ 12%] [32mBuilding CXX object distance_field/CMakeFiles/moveit_distance_field.dir/src/propagation_distance_field.cpp.o[0m
[3.517s] [ 13%] [32m[1mLinking CXX shared library libmoveit_utils.so[0m
[3.675s] [ 13%] Built target moveit_utils
[5.024s] [ 13%] [32m[1mLinking CXX shared library libmoveit_exceptions.so[0m
[5.148s] [ 13%] Built target moveit_exceptions
[6.981s] [ 14%] [32m[1mLinking CXX shared library libmoveit_kinematics_base.so[0m
[7.091s] [ 14%] Built target moveit_kinematics_base
[7.345s] [ 15%] [32m[1mLinking CXX shared library libmoveit_background_processing.so[0m
[7.364s] [ 15%] [32m[1mLinking CXX shared library libmoveit_transforms.so[0m
[7.447s] [ 15%] Built target moveit_background_processing
[7.484s] [ 15%] Built target moveit_transforms
[7.504s] [ 16%] [32mBuilding CXX object transforms/CMakeFiles/test_transforms.dir/test/test_transforms.cpp.o[0m
[8.422s] [ 17%] [32m[1mLinking CXX shared library libmoveit_distance_field.so[0m
[8.534s] [ 17%] Built target moveit_distance_field
[8.553s] [ 17%] [32mBuilding CXX object distance_field/CMakeFiles/test_voxel_grid.dir/test/test_voxel_grid.cpp.o[0m
[8.555s] [ 18%] [32mBuilding CXX object distance_field/CMakeFiles/test_distance_field.dir/test/test_distance_field.cpp.o[0m
[9.042s] [ 19%] [32m[1mLinking CXX executable test_transforms[0m
[9.129s] [ 19%] Built target test_transforms
[9.138s] [ 20%] [32m[1mLinking CXX shared library libmoveit_profiler.so[0m
[9.230s] [ 20%] Built target moveit_profiler
[9.258s] [ 20%] [32mBuilding CXX object robot_model/CMakeFiles/moveit_robot_model.dir/src/aabb.cpp.o[0m
[9.258s] [ 21%] [32mBuilding CXX object robot_model/CMakeFiles/moveit_robot_model.dir/src/fixed_joint_model.cpp.o[0m
[9.260s] [ 22%] [32mBuilding CXX object robot_model/CMakeFiles/moveit_robot_model.dir/src/floating_joint_model.cpp.o[0m
[9.263s] [ 23%] [32mBuilding CXX object robot_model/CMakeFiles/moveit_robot_model.dir/src/link_model.cpp.o[0m
[9.263s] [ 23%] [32mBuilding CXX object robot_model/CMakeFiles/moveit_robot_model.dir/src/planar_joint_model.cpp.o[0m
[9.263s] [ 23%] [32mBuilding CXX object robot_model/CMakeFiles/moveit_robot_model.dir/src/joint_model.cpp.o[0m
[9.265s] [ 24%] [32mBuilding CXX object robot_model/CMakeFiles/moveit_robot_model.dir/src/joint_model_group.cpp.o[0m
[9.266s] [ 25%] [32mBuilding CXX object robot_model/CMakeFiles/moveit_robot_model.dir/src/prismatic_joint_model.cpp.o[0m
[9.266s] [ 26%] [32mBuilding CXX object robot_model/CMakeFiles/moveit_robot_model.dir/src/revolute_joint_model.cpp.o[0m
[9.267s] [ 26%] [32mBuilding CXX object robot_model/CMakeFiles/moveit_robot_model.dir/src/robot_model.cpp.o[0m
[10.323s] [ 27%] [32m[1mLinking CXX executable test_voxel_grid[0m
[10.425s] [ 27%] Built target test_voxel_grid
[14.268s] [ 27%] [32m[1mLinking CXX executable test_distance_field[0m
[14.419s] [ 27%] Built target test_distance_field
[17.442s] [ 28%] [32m[1mLinking CXX shared library libmoveit_robot_model.so[0m
[17.552s] [ 28%] Built target moveit_robot_model
[17.573s] [ 29%] [32mBuilding CXX object utils/CMakeFiles/moveit_test_utils.dir/src/robot_model_test_utils.cpp.o[0m
[17.579s] [ 30%] [32mBuilding CXX object robot_state/CMakeFiles/moveit_robot_state.dir/src/attached_body.cpp.o[0m
[17.583s] [ 30%] [32mBuilding CXX object robot_state/CMakeFiles/moveit_robot_state.dir/src/conversions.cpp.o[0m
[17.583s] [ 31%] [32mBuilding CXX object robot_state/CMakeFiles/moveit_robot_state.dir/src/robot_state.cpp.o[0m
[17.584s] [ 31%] [32mBuilding CXX object robot_state/CMakeFiles/moveit_robot_state.dir/src/cartesian_interpolator.cpp.o[0m
[24.876s] [ 32%] [32m[1mLinking CXX shared library libmoveit_test_utils.so[0m
[25.174s] [ 32%] Built target moveit_test_utils
[25.234s] [ 33%] [32mBuilding CXX object robot_model/CMakeFiles/test_robot_model.dir/test/test.cpp.o[0m
[32.607s] [ 34%] [32m[1mLinking CXX executable test_robot_model[0m
[32.809s] [ 34%] Built target test_robot_model
[35.864s] [ 35%] [32m[1mLinking CXX shared library libmoveit_robot_state.so[0m
[36.186s] [ 35%] Built target moveit_robot_state
[36.239s] [ 36%] [32mBuilding CXX object robot_state/CMakeFiles/test_robot_state_complex.dir/test/test_kinematic_complex.cpp.o[0m
[36.252s] [ 36%] [32mBuilding CXX object robot_state/CMakeFiles/test_cartesian_interpolator.dir/test/test_cartesian_interpolator.cpp.o[0m
[36.253s] [ 36%] [32mBuilding CXX object kinematics_metrics/CMakeFiles/moveit_kinematics_metrics.dir/src/kinematics_metrics.cpp.o[0m
[36.253s] [ 36%] [32mBuilding CXX object robot_state/CMakeFiles/test_robot_state_benchmark.dir/test/robot_state_benchmark.cpp.o[0m
[36.254s] [ 36%] [32mBuilding CXX object robot_state/CMakeFiles/test_robot_state.dir/test/robot_state_test.cpp.o[0m
[36.255s] [ 36%] [32mBuilding CXX object dynamics_solver/CMakeFiles/moveit_dynamics_solver.dir/src/dynamics_solver.cpp.o[0m
[36.255s] [ 37%] [32mBuilding CXX object robot_trajectory/CMakeFiles/moveit_robot_trajectory.dir/src/robot_trajectory.cpp.o[0m
[36.257s] [ 38%] [32mBuilding CXX object robot_state/CMakeFiles/test_aabb.dir/test/test_aabb.cpp.o[0m
[36.294s] [ 38%] [32mBuilding CXX object collision_detection/CMakeFiles/moveit_collision_detection.dir/src/collision_common.cpp.o[0m
[36.295s] [ 39%] [32mBuilding CXX object collision_detection/CMakeFiles/moveit_collision_detection.dir/src/allvalid/collision_env_allvalid.cpp.o[0m
[36.298s] [ 40%] [32mBuilding CXX object collision_detection/CMakeFiles/moveit_collision_detection.dir/src/collision_matrix.cpp.o[0m
[36.312s] [ 40%] [32mBuilding CXX object collision_detection/CMakeFiles/moveit_collision_detection.dir/src/collision_tools.cpp.o[0m
[36.314s] [ 41%] [32mBuilding CXX object collision_detection/CMakeFiles/moveit_collision_detection.dir/src/collision_octomap_filter.cpp.o[0m
[36.328s] [ 42%] [32mBuilding CXX object collision_detection/CMakeFiles/moveit_collision_detection.dir/src/world.cpp.o[0m
[36.345s] [ 43%] [32mBuilding CXX object collision_detection/CMakeFiles/moveit_collision_detection.dir/src/world_diff.cpp.o[0m
[36.345s] [ 43%] [32mBuilding CXX object collision_detection/CMakeFiles/moveit_collision_detection.dir/src/collision_env.cpp.o[0m
[42.615s] [ 44%] [32m[1mLinking CXX executable test_robot_state_benchmark[0m
[42.830s] [ 44%] Built target test_robot_state_benchmark
[43.310s] [ 45%] [32m[1mLinking CXX shared library libmoveit_collision_detection.so[0m
[43.322s] [ 46%] [32m[1mLinking CXX executable test_robot_state[0m
[43.568s] [ 46%] Built target moveit_collision_detection
[43.619s] [ 47%] [32mBuilding CXX object collision_detection/CMakeFiles/test_world.dir/test/test_world.cpp.o[0m
[43.623s] [ 48%] [32mBuilding CXX object collision_detection/CMakeFiles/test_world_diff.dir/test/test_world_diff.cpp.o[0m
[43.635s] [ 49%] [32mBuilding CXX object collision_detection/CMakeFiles/test_all_valid.dir/test/test_all_valid.cpp.o[0m
[43.657s] [ 49%] Built target test_robot_state
[43.667s] [ 50%] [32mBuilding CXX object collision_detection_fcl/CMakeFiles/moveit_collision_detection_fcl.dir/src/collision_common.cpp.o[0m
[43.669s] [ 50%] [32mBuilding CXX object collision_detection_fcl/CMakeFiles/moveit_collision_detection_fcl.dir/src/collision_env_fcl.cpp.o[0m
[43.699s] [ 51%] [32mBuilding CXX object collision_detection_bullet/CMakeFiles/moveit_collision_detection_bullet.dir/src/bullet_integration/bullet_discrete_bvh_manager.cpp.o[0m
[43.700s] [ 51%] [32mBuilding CXX object collision_detection_bullet/CMakeFiles/moveit_collision_detection_bullet.dir/src/bullet_integration/bullet_utils.cpp.o[0m
[43.712s] [ 52%] [32mBuilding CXX object collision_detection_bullet/CMakeFiles/moveit_collision_detection_bullet.dir/src/bullet_integration/bullet_cast_bvh_manager.cpp.o[0m
[43.723s] [ 52%] [32mBuilding CXX object collision_detection_bullet/CMakeFiles/moveit_collision_detection_bullet.dir/src/collision_env_bullet.cpp.o[0m
[43.743s] [ 52%] [32mBuilding CXX object collision_detection_bullet/CMakeFiles/moveit_collision_detection_bullet.dir/src/bullet_integration/ros_bullet_utils.cpp.o[0m
[43.756s] [ 54%] [32mBuilding CXX object collision_detection_bullet/CMakeFiles/moveit_collision_detection_bullet.dir/src/bullet_integration/bullet_bvh_manager.cpp.o[0m
[43.760s] [ 54%] [32mBuilding CXX object collision_detection_bullet/CMakeFiles/moveit_collision_detection_bullet.dir/src/bullet_integration/contact_checker_common.cpp.o[0m
[44.804s] [ 55%] [32m[1mLinking CXX shared library libmoveit_dynamics_solver.so[0m
[44.833s] [ 56%] [32m[1mLinking CXX executable test_cartesian_interpolator[0m
[45.095s] [ 56%] Built target moveit_dynamics_solver
[45.376s] [ 56%] Built target test_cartesian_interpolator
[46.637s] [ 56%] [32m[1mLinking CXX executable test_robot_state_complex[0m
[46.806s] [ 56%] [32m[1mLinking CXX executable test_aabb[0m
[47.117s] [ 56%] Built target test_robot_state_complex
[47.242s] [ 56%] Built target test_aabb
[48.933s] [ 56%] [32m[1mLinking CXX shared library libmoveit_robot_trajectory.so[0m
[49.096s] [ 56%] Built target moveit_robot_trajectory
[49.141s] [ 56%] [32mBuilding CXX object trajectory_processing/CMakeFiles/moveit_trajectory_processing.dir/src/iterative_time_parameterization.cpp.o[0m
[49.141s] [ 57%] [32mBuilding CXX object trajectory_processing/CMakeFiles/moveit_trajectory_processing.dir/src/trajectory_tools.cpp.o[0m
[49.141s] [ 58%] [32mBuilding CXX object trajectory_processing/CMakeFiles/moveit_trajectory_processing.dir/src/iterative_spline_parameterization.cpp.o[0m
[49.142s] [ 58%] [32mBuilding CXX object trajectory_processing/CMakeFiles/moveit_trajectory_processing.dir/src/time_optimal_trajectory_generation.cpp.o[0m
[49.143s] [ 59%] [32mBuilding CXX object robot_trajectory/CMakeFiles/test_robot_trajectory.dir/test/test_robot_trajectory.cpp.o[0m
[49.154s] [ 60%] [32mBuilding CXX object planning_interface/CMakeFiles/moveit_planning_interface.dir/src/planning_response.cpp.o[0m
[49.154s] [ 60%] [32mBuilding CXX object planning_interface/CMakeFiles/moveit_planning_interface.dir/src/planning_interface.cpp.o[0m
[49.706s] [ 61%] [32m[1mLinking CXX executable test_world_diff[0m
[49.929s] [ 61%] Built target test_world_diff
[51.455s] [ 61%] [32m[1mLinking CXX executable test_world[0m
[51.889s] [ 61%] Built target test_world
[52.660s] [ 62%] [32m[1mLinking CXX executable test_all_valid[0m
[53.052s] [ 62%] Built target test_all_valid
[54.096s] [ 63%] [32m[1mLinking CXX shared library libmoveit_collision_detection_bullet.so[0m
[54.447s] [ 63%] Built target moveit_collision_detection_bullet
[54.493s] [ 64%] [32mBuilding CXX object collision_detection_bullet/CMakeFiles/test_bullet_continuous_collision_checking.dir/test/test_bullet_continuous_collision_checking.cpp.o[0m
[54.508s] [ 65%] [32mBuilding CXX object collision_detection_bullet/CMakeFiles/test_bullet_collision_detection_panda.dir/test/test_bullet_collision_detection_panda.cpp.o[0m
[54.509s] [ 65%] [32mBuilding CXX object collision_detection_bullet/CMakeFiles/test_bullet_collision_detection.dir/test/test_bullet_collision_detection_pr2.cpp.o[0m
[55.870s] [ 66%] [32m[1mLinking CXX executable test_robot_trajectory[0m
[56.134s] [ 66%] Built target test_robot_trajectory
[57.082s] [ 67%] [32m[1mLinking CXX shared library libmoveit_kinematics_metrics.so[0m
[57.227s] [ 67%] Built target moveit_kinematics_metrics
[57.533s] [ 68%] [32m[1mLinking CXX shared library libmoveit_collision_detection_fcl.so[0m
[57.761s] [ 69%] [32m[1mLinking CXX shared library libmoveit_trajectory_processing.so[0m
[57.920s] [ 69%] Built target moveit_collision_detection_fcl
[57.955s] [ 70%] [32mBuilding CXX object collision_detection_fcl/CMakeFiles/test_fcl_collision_env.dir/test/test_fcl_env.cpp.o[0m
[57.955s] [ 70%] [32mBuilding CXX object collision_detection_fcl/CMakeFiles/test_fcl_collision_detection_panda.dir/test/test_fcl_collision_detection_panda.cpp.o[0m
[57.970s] [ 71%] [32mBuilding CXX object collision_detection_fcl/CMakeFiles/test_fcl_collision_detection.dir/test/test_fcl_collision_detection_pr2.cpp.o[0m
[57.972s] [ 72%] [32mBuilding CXX object kinematic_constraints/CMakeFiles/moveit_kinematic_constraints.dir/src/kinematic_constraint.cpp.o[0m
[57.975s] [ 72%] Built target moveit_trajectory_processing
[57.976s] [ 73%] [32mBuilding CXX object kinematic_constraints/CMakeFiles/moveit_kinematic_constraints.dir/src/utils.cpp.o[0m
[58.024s] [ 74%] [32mBuilding CXX object trajectory_processing/CMakeFiles/test_time_parameterization.dir/test/test_time_parameterization.cpp.o[0m
[58.024s] [ 74%] [32mBuilding CXX object trajectory_processing/CMakeFiles/test_time_optimal_trajectory_generation.dir/test/test_time_optimal_trajectory_generation.cpp.o[0m
[58.132s] [ 75%] [32m[1mLinking CXX shared library libmoveit_planning_interface.so[0m
[58.325s] [ 75%] Built target moveit_planning_interface
[61.653s] [ 76%] [32m[1mLinking CXX executable test_bullet_continuous_collision_checking[0m
[61.970s] [ 76%] Built target test_bullet_continuous_collision_checking
[62.075s] [ 76%] [32m[1mLinking CXX executable test_bullet_collision_detection_panda[0m
[62.329s] [ 76%] Built target test_bullet_collision_detection_panda
[63.787s] [ 77%] [32m[1mLinking CXX executable test_bullet_collision_detection[0m
[64.071s] [ 77%] Built target test_bullet_collision_detection
[65.082s] [ 77%] [32m[1mLinking CXX executable test_time_parameterization[0m
[65.319s] [ 77%] Built target test_time_parameterization
[66.072s] [ 77%] [32m[1mLinking CXX executable test_fcl_collision_env[0m
[66.444s] [ 78%] [32m[1mLinking CXX executable test_fcl_collision_detection_panda[0m
[66.538s] [ 78%] Built target test_fcl_collision_env
[66.538s] [ 79%] [32m[1mLinking CXX executable test_time_optimal_trajectory_generation[0m
[66.658s] [ 80%] [32m[1mLinking CXX executable test_fcl_collision_detection[0m
[66.767s] [ 80%] Built target test_time_optimal_trajectory_generation
[66.949s] [ 80%] Built target test_fcl_collision_detection_panda
[66.994s] [ 80%] Built target test_fcl_collision_detection
[68.987s] [ 80%] [32m[1mLinking CXX shared library libmoveit_kinematic_constraints.so[0m
[69.261s] [ 80%] Built target moveit_kinematic_constraints
[69.312s] [ 81%] [32mBuilding CXX object planning_scene/CMakeFiles/moveit_planning_scene.dir/src/planning_scene.cpp.o[0m
[69.323s] [ 81%] [32mBuilding CXX object kinematic_constraints/CMakeFiles/test_constraints.dir/test/test_constraints.cpp.o[0m
[69.326s] [ 81%] [32mBuilding CXX object kinematic_constraints/CMakeFiles/test_orientation_constraints.dir/test/test_orientation_constraints.cpp.o[0m
[79.442s] [ 82%] [32m[1mLinking CXX executable test_orientation_constraints[0m
[79.992s] [ 82%] Built target test_orientation_constraints
[86.229s] [ 83%] [32m[1mLinking CXX executable test_constraints[0m
[86.799s] [ 83%] Built target test_constraints
[92.770s] [ 83%] [32m[1mLinking CXX shared library libmoveit_planning_scene.so[0m
[93.159s] [ 83%] Built target moveit_planning_scene
[93.265s] [ 84%] [32mBuilding CXX object planning_scene/CMakeFiles/test_multi_threaded.dir/test/test_multi_threaded.cpp.o[0m
[93.272s] [ 84%] [32mBuilding CXX object collision_detection_fcl/CMakeFiles/collision_detector_fcl_plugin.dir/src/collision_detector_fcl_plugin_loader.cpp.o[0m
[93.292s] [ 85%] [32mBuilding CXX object planning_scene/CMakeFiles/test_planning_scene.dir/test/test_planning_scene.cpp.o[0m
[93.312s] [ 85%] [32mBuilding CXX object planning_request_adapter/CMakeFiles/moveit_planning_request_adapter.dir/src/planning_request_adapter.cpp.o[0m
[93.336s] [ 86%] [32mBuilding CXX object constraint_samplers/CMakeFiles/moveit_constraint_samplers.dir/src/constraint_sampler.cpp.o[0m
[93.352s] [ 87%] [32mBuilding CXX object constraint_samplers/CMakeFiles/moveit_constraint_samplers.dir/src/constraint_sampler_manager.cpp.o[0m
[93.352s] [ 87%] [32mBuilding CXX object constraint_samplers/CMakeFiles/moveit_constraint_samplers.dir/src/constraint_sampler_tools.cpp.o[0m
[93.368s] [ 89%] [32mBuilding CXX object constraint_samplers/CMakeFiles/moveit_constraint_samplers.dir/src/default_constraint_samplers.cpp.o[0m
[93.368s] [ 89%] [32mBuilding CXX object collision_distance_field/CMakeFiles/moveit_collision_distance_field.dir/src/collision_distance_field_types.cpp.o[0m
[93.376s] [ 89%] [32mBuilding CXX object collision_detection_bullet/CMakeFiles/collision_detector_bullet_plugin.dir/src/collision_detector_bullet_plugin_loader.cpp.o[0m
[93.388s] [ 89%] [32mBuilding CXX object collision_distance_field/CMakeFiles/moveit_collision_distance_field.dir/src/collision_common_distance_field.cpp.o[0m
[93.391s] [ 90%] [32mBuilding CXX object collision_distance_field/CMakeFiles/moveit_collision_distance_field.dir/src/collision_env_distance_field.cpp.o[0m
[93.416s] [ 91%] [32mBuilding CXX object collision_distance_field/CMakeFiles/moveit_collision_distance_field.dir/src/collision_env_hybrid.cpp.o[0m
[93.434s] [ 91%] [32mBuilding CXX object constraint_samplers/CMakeFiles/moveit_constraint_samplers.dir/src/union_constraint_sampler.cpp.o[0m
[102.633s] [ 92%] [32m[1mLinking CXX shared library libcollision_detector_fcl_plugin.so[0m
[102.786s] [ 92%] Built target collision_detector_fcl_plugin
[103.816s] [ 93%] [32m[1mLinking CXX shared library libcollision_detector_bullet_plugin.so[0m
[104.034s] [ 93%] Built target collision_detector_bullet_plugin
[104.044s] [ 94%] [32m[1mLinking CXX shared library libmoveit_planning_request_adapter.so[0m
[104.234s] [ 94%] Built target moveit_planning_request_adapter
[104.562s] [ 95%] [32m[1mLinking CXX executable test_multi_threaded[0m
[104.839s] [ 95%] Built target test_multi_threaded
[105.469s] [ 95%] [32m[1mLinking CXX executable test_planning_scene[0m
[105.758s] [ 95%] Built target test_planning_scene
[106.233s] [ 96%] [32m[1mLinking CXX shared library libmoveit_constraint_samplers.so[0m
[106.403s] [ 96%] Built target moveit_constraint_samplers
[106.446s] [ 97%] [32mBuilding CXX object constraint_samplers/CMakeFiles/test_constraint_samplers.dir/test/test_constraint_samplers.cpp.o[0m
[106.451s] [ 98%] [32mBuilding CXX object constraint_samplers/CMakeFiles/test_constraint_samplers.dir/test/pr2_arm_kinematics_plugin.cpp.o[0m
[106.451s] [ 98%] [32mBuilding CXX object constraint_samplers/CMakeFiles/test_constraint_samplers.dir/test/pr2_arm_ik.cpp.o[0m
[110.745s] [ 98%] [32m[1mLinking CXX shared library libmoveit_collision_distance_field.so[0m
[111.224s] [ 98%] Built target moveit_collision_distance_field
[111.293s] [ 99%] [32mBuilding CXX object collision_distance_field/CMakeFiles/test_collision_distance_field.dir/test/test_collision_distance_field.cpp.o[0m
[117.842s] [100%] [32m[1mLinking CXX executable test_constraint_samplers[0m
[118.122s] [100%] Built target test_constraint_samplers
[120.309s] [100%] [32m[1mLinking CXX executable test_collision_distance_field[0m
[120.561s] [100%] Built target test_collision_distance_field
[120.571s] Invoked command in '/home/mu/IVG/ws_moveit/build/moveit_core' returned '0': CMAKE_PREFIX_PATH=/home/mu/IVG/ws_moveit/install/moveit_common:/home/mu/IVG/ws_moveit/install/moveit2_tutorials:/home/mu/IVG/ws_moveit/install/moveit_visual_tools:/home/mu/IVG/ws_moveit/install/rviz_visual_tools:/home/mu/IVG/ws_moveit/install/run_ompl_constrained_planning:/home/mu/IVG/ws_moveit/install/run_moveit_cpp:/home/mu/IVG/ws_moveit/install/run_move_group:/home/mu/IVG/ws_moveit/install/moveit_runtime:/home/mu/IVG/ws_moveit/install/moveit:/home/mu/IVG/ws_moveit/install/moveit_plugins:/home/mu/IVG/ws_moveit/install/moveit_simple_controller_manager:/home/mu/IVG/ws_moveit/install/moveit_servo:/home/mu/IVG/ws_moveit/install/moveit_ros:/home/mu/IVG/ws_moveit/install/moveit_ros_visualization:/home/mu/IVG/ws_moveit/install/moveit_ros_planning_interface:/home/mu/IVG/ws_moveit/install/moveit_ros_benchmarks:/home/mu/IVG/ws_moveit/install/moveit_ros_warehouse:/home/mu/IVG/ws_moveit/install/moveit_ros_robot_interaction:/home/mu/IVG/ws_moveit/install/moveit_ros_perception:/home/mu/IVG/ws_moveit/install/moveit_ros_move_group:/home/mu/IVG/ws_moveit/install/moveit_planners:/home/mu/IVG/ws_moveit/install/moveit_planners_ompl:/home/mu/IVG/ws_moveit/install/moveit_ros_planning:/home/mu/IVG/ws_moveit/install/moveit_ros_occupancy_map_monitor:/home/mu/IVG/ws_moveit/install/moveit_planners_chomp:/home/mu/IVG/ws_moveit/install/moveit_kinematics:/home/mu/IVG/ws_moveit/install/moveit_chomp_optimizer_adapter:/home/mu/IVG/ws_moveit/install/chomp_motion_planner:/home/mu/IVG/ws_moveit/install/moveit_core:/opt/ros/foxy /usr/bin/cmake --build /home/mu/IVG/ws_moveit/build/moveit_core -- -j32 -l32
[120.575s] Invoking command in '/home/mu/IVG/ws_moveit/build/moveit_core': CMAKE_PREFIX_PATH=/home/mu/IVG/ws_moveit/install/moveit_common:/home/mu/IVG/ws_moveit/install/moveit2_tutorials:/home/mu/IVG/ws_moveit/install/moveit_visual_tools:/home/mu/IVG/ws_moveit/install/rviz_visual_tools:/home/mu/IVG/ws_moveit/install/run_ompl_constrained_planning:/home/mu/IVG/ws_moveit/install/run_moveit_cpp:/home/mu/IVG/ws_moveit/install/run_move_group:/home/mu/IVG/ws_moveit/install/moveit_runtime:/home/mu/IVG/ws_moveit/install/moveit:/home/mu/IVG/ws_moveit/install/moveit_plugins:/home/mu/IVG/ws_moveit/install/moveit_simple_controller_manager:/home/mu/IVG/ws_moveit/install/moveit_servo:/home/mu/IVG/ws_moveit/install/moveit_ros:/home/mu/IVG/ws_moveit/install/moveit_ros_visualization:/home/mu/IVG/ws_moveit/install/moveit_ros_planning_interface:/home/mu/IVG/ws_moveit/install/moveit_ros_benchmarks:/home/mu/IVG/ws_moveit/install/moveit_ros_warehouse:/home/mu/IVG/ws_moveit/install/moveit_ros_robot_interaction:/home/mu/IVG/ws_moveit/install/moveit_ros_perception:/home/mu/IVG/ws_moveit/install/moveit_ros_move_group:/home/mu/IVG/ws_moveit/install/moveit_planners:/home/mu/IVG/ws_moveit/install/moveit_planners_ompl:/home/mu/IVG/ws_moveit/install/moveit_ros_planning:/home/mu/IVG/ws_moveit/install/moveit_ros_occupancy_map_monitor:/home/mu/IVG/ws_moveit/install/moveit_planners_chomp:/home/mu/IVG/ws_moveit/install/moveit_kinematics:/home/mu/IVG/ws_moveit/install/moveit_chomp_optimizer_adapter:/home/mu/IVG/ws_moveit/install/chomp_motion_planner:/home/mu/IVG/ws_moveit/install/moveit_core:/opt/ros/foxy /usr/bin/cmake --install /home/mu/IVG/ws_moveit/build/moveit_core
[120.582s] -- Install configuration: "Release"
[120.582s] -- Up-to-date: /home/mu/IVG/ws_moveit/install/moveit_core/share/moveit_core/collision_detector_fcl_description.xml
[120.582s] -- Up-to-date: /home/mu/IVG/ws_moveit/install/moveit_core/share/moveit_core/collision_detector_bullet_description.xml
[120.582s] -- Up-to-date: /home/mu/IVG/ws_moveit/install/moveit_core/include/moveit/version.h
[120.582s] -- Up-to-date: /home/mu/IVG/ws_moveit/install/moveit_core/share/moveit_core/collision_detector_bullet_description.xml
[120.582s] -- Installing: /home/mu/IVG/ws_moveit/install/moveit_core/lib/libmoveit_exceptions.so.2.2.3
[120.582s] -- Set runtime path of "/home/mu/IVG/ws_moveit/install/moveit_core/lib/libmoveit_exceptions.so.2.2.3" to ""
[120.582s] -- Up-to-date: /home/mu/IVG/ws_moveit/install/moveit_core/lib/libmoveit_exceptions.so
[120.582s] -- Installing: /home/mu/IVG/ws_moveit/install/moveit_core/lib/libmoveit_background_processing.so.2.2.3
[120.583s] -- Set runtime path of "/home/mu/IVG/ws_moveit/install/moveit_core/lib/libmoveit_background_processing.so.2.2.3" to ""
[120.583s] -- Up-to-date: /home/mu/IVG/ws_moveit/install/moveit_core/lib/libmoveit_background_processing.so
[120.583s] -- Installing: /home/mu/IVG/ws_moveit/install/moveit_core/lib/libmoveit_kinematics_base.so
[120.583s] -- Set runtime path of "/home/mu/IVG/ws_moveit/install/moveit_core/lib/libmoveit_kinematics_base.so" to ""
[120.583s] -- Installing: /home/mu/IVG/ws_moveit/install/moveit_core/lib/libmoveit_robot_model.so.2.2.3
[120.584s] -- Set runtime path of "/home/mu/IVG/ws_moveit/install/moveit_core/lib/libmoveit_robot_model.so.2.2.3" to ""
[120.584s] -- Up-to-date: /home/mu/IVG/ws_moveit/install/moveit_core/lib/libmoveit_robot_model.so
[120.584s] -- Installing: /home/mu/IVG/ws_moveit/install/moveit_core/lib/libmoveit_transforms.so.2.2.3
[120.584s] -- Set runtime path of "/home/mu/IVG/ws_moveit/install/moveit_core/lib/libmoveit_transforms.so.2.2.3" to ""
[120.584s] -- Up-to-date: /home/mu/IVG/ws_moveit/install/moveit_core/lib/libmoveit_transforms.so
[120.584s] -- Installing: /home/mu/IVG/ws_moveit/install/moveit_core/lib/libmoveit_robot_state.so.2.2.3
[120.585s] -- Set runtime path of "/home/mu/IVG/ws_moveit/install/moveit_core/lib/libmoveit_robot_state.so.2.2.3" to ""
[120.585s] -- Up-to-date: /home/mu/IVG/ws_moveit/install/moveit_core/lib/libmoveit_robot_state.so
[120.585s] -- Installing: /home/mu/IVG/ws_moveit/install/moveit_core/lib/libmoveit_robot_trajectory.so.2.2.3
[120.585s] -- Set runtime path of "/home/mu/IVG/ws_moveit/install/moveit_core/lib/libmoveit_robot_trajectory.so.2.2.3" to ""
[120.585s] -- Up-to-date: /home/mu/IVG/ws_moveit/install/moveit_core/lib/libmoveit_robot_trajectory.so
[120.586s] -- Installing: /home/mu/IVG/ws_moveit/install/moveit_core/lib/libmoveit_planning_interface.so.2.2.3
[120.586s] -- Set runtime path of "/home/mu/IVG/ws_moveit/install/moveit_core/lib/libmoveit_planning_interface.so.2.2.3" to ""
[120.586s] -- Up-to-date: /home/mu/IVG/ws_moveit/install/moveit_core/lib/libmoveit_planning_interface.so
[120.586s] -- Installing: /home/mu/IVG/ws_moveit/install/moveit_core/lib/libmoveit_collision_detection.so.2.2.3
[120.586s] -- Set runtime path of "/home/mu/IVG/ws_moveit/install/moveit_core/lib/libmoveit_collision_detection.so.2.2.3" to ""
[120.587s] -- Up-to-date: /home/mu/IVG/ws_moveit/install/moveit_core/lib/libmoveit_collision_detection.so
[120.587s] -- Installing: /home/mu/IVG/ws_moveit/install/moveit_core/lib/libmoveit_collision_detection_fcl.so.2.2.3
[120.587s] -- Set runtime path of "/home/mu/IVG/ws_moveit/install/moveit_core/lib/libmoveit_collision_detection_fcl.so.2.2.3" to ""
[120.587s] -- Up-to-date: /home/mu/IVG/ws_moveit/install/moveit_core/lib/libmoveit_collision_detection_fcl.so
[120.587s] -- Installing: /home/mu/IVG/ws_moveit/install/moveit_core/lib/libmoveit_collision_detection_bullet.so.2.2.3
[120.588s] -- Set runtime path of "/home/mu/IVG/ws_moveit/install/moveit_core/lib/libmoveit_collision_detection_bullet.so.2.2.3" to ""
[120.588s] -- Up-to-date: /home/mu/IVG/ws_moveit/install/moveit_core/lib/libmoveit_collision_detection_bullet.so
[120.588s] -- Installing: /home/mu/IVG/ws_moveit/install/moveit_core/lib/libmoveit_kinematic_constraints.so.2.2.3
[120.588s] -- Set runtime path of "/home/mu/IVG/ws_moveit/install/moveit_core/lib/libmoveit_kinematic_constraints.so.2.2.3" to ""
[120.588s] -- Up-to-date: /home/mu/IVG/ws_moveit/install/moveit_core/lib/libmoveit_kinematic_constraints.so
[120.588s] -- Installing: /home/mu/IVG/ws_moveit/install/moveit_core/lib/libmoveit_planning_scene.so.2.2.3
[120.589s] -- Set runtime path of "/home/mu/IVG/ws_moveit/install/moveit_core/lib/libmoveit_planning_scene.so.2.2.3" to ""
[120.589s] -- Up-to-date: /home/mu/IVG/ws_moveit/install/moveit_core/lib/libmoveit_planning_scene.so
[120.589s] -- Installing: /home/mu/IVG/ws_moveit/install/moveit_core/lib/libmoveit_constraint_samplers.so.2.2.3
[120.590s] -- Set runtime path of "/home/mu/IVG/ws_moveit/install/moveit_core/lib/libmoveit_constraint_samplers.so.2.2.3" to ""
[120.590s] -- Up-to-date: /home/mu/IVG/ws_moveit/install/moveit_core/lib/libmoveit_constraint_samplers.so
[120.590s] -- Installing: /home/mu/IVG/ws_moveit/install/moveit_core/lib/libmoveit_planning_request_adapter.so.2.2.3
[120.590s] -- Set runtime path of "/home/mu/IVG/ws_moveit/install/moveit_core/lib/libmoveit_planning_request_adapter.so.2.2.3" to ""
[120.590s] -- Up-to-date: /home/mu/IVG/ws_moveit/install/moveit_core/lib/libmoveit_planning_request_adapter.so
[120.590s] -- Installing: /home/mu/IVG/ws_moveit/install/moveit_core/lib/libmoveit_profiler.so.2.2.3
[120.591s] -- Set runtime path of "/home/mu/IVG/ws_moveit/install/moveit_core/lib/libmoveit_profiler.so.2.2.3" to ""
[120.591s] -- Up-to-date: /home/mu/IVG/ws_moveit/install/moveit_core/lib/libmoveit_profiler.so
[120.591s] -- Installing: /home/mu/IVG/ws_moveit/install/moveit_core/lib/libmoveit_trajectory_processing.so.2.2.3
[120.591s] -- Set runtime path of "/home/mu/IVG/ws_moveit/install/moveit_core/lib/libmoveit_trajectory_processing.so.2.2.3" to ""
[120.591s] -- Up-to-date: /home/mu/IVG/ws_moveit/install/moveit_core/lib/libmoveit_trajectory_processing.so
[120.592s] -- Installing: /home/mu/IVG/ws_moveit/install/moveit_core/lib/libmoveit_distance_field.so.2.2.3
[120.592s] -- Set runtime path of "/home/mu/IVG/ws_moveit/install/moveit_core/lib/libmoveit_distance_field.so.2.2.3" to ""
[120.592s] -- Up-to-date: /home/mu/IVG/ws_moveit/install/moveit_core/lib/libmoveit_distance_field.so
[120.592s] -- Installing: /home/mu/IVG/ws_moveit/install/moveit_core/lib/libmoveit_collision_distance_field.so.2.2.3
[120.593s] -- Set runtime path of "/home/mu/IVG/ws_moveit/install/moveit_core/lib/libmoveit_collision_distance_field.so.2.2.3" to ""
[120.593s] -- Up-to-date: /home/mu/IVG/ws_moveit/install/moveit_core/lib/libmoveit_collision_distance_field.so
[120.593s] -- Installing: /home/mu/IVG/ws_moveit/install/moveit_core/lib/libmoveit_kinematics_metrics.so.2.2.3
[120.593s] -- Set runtime path of "/home/mu/IVG/ws_moveit/install/moveit_core/lib/libmoveit_kinematics_metrics.so.2.2.3" to ""
[120.593s] -- Up-to-date: /home/mu/IVG/ws_moveit/install/moveit_core/lib/libmoveit_kinematics_metrics.so
[120.593s] -- Installing: /home/mu/IVG/ws_moveit/install/moveit_core/lib/libmoveit_dynamics_solver.so.2.2.3
[120.594s] -- Set runtime path of "/home/mu/IVG/ws_moveit/install/moveit_core/lib/libmoveit_dynamics_solver.so.2.2.3" to ""
[120.594s] -- Up-to-date: /home/mu/IVG/ws_moveit/install/moveit_core/lib/libmoveit_dynamics_solver.so
[120.594s] -- Installing: /home/mu/IVG/ws_moveit/install/moveit_core/lib/libmoveit_utils.so.2.2.3
[120.594s] -- Set runtime path of "/home/mu/IVG/ws_moveit/install/moveit_core/lib/libmoveit_utils.so.2.2.3" to ""
[120.594s] -- Up-to-date: /home/mu/IVG/ws_moveit/install/moveit_core/lib/libmoveit_utils.so
[120.594s] -- Installing: /home/mu/IVG/ws_moveit/install/moveit_core/lib/libmoveit_test_utils.so.2.2.3
[120.594s] -- Set runtime path of "/home/mu/IVG/ws_moveit/install/moveit_core/lib/libmoveit_test_utils.so.2.2.3" to ""
[120.595s] -- Up-to-date: /home/mu/IVG/ws_moveit/install/moveit_core/lib/libmoveit_test_utils.so
[120.595s] -- Up-to-date: /home/mu/IVG/ws_moveit/install/moveit_core/share/moveit_core/environment/library_path.sh
[120.595s] -- Installing: /home/mu/IVG/ws_moveit/install/moveit_core/share/moveit_core/environment/library_path.dsv
[120.595s] -- Up-to-date: /home/mu/IVG/ws_moveit/install/moveit_core/share/ament_index/resource_index/package_run_dependencies/moveit_core
[120.595s] -- Up-to-date: /home/mu/IVG/ws_moveit/install/moveit_core/share/ament_index/resource_index/parent_prefix_path/moveit_core
[120.595s] -- Up-to-date: /home/mu/IVG/ws_moveit/install/moveit_core/share/moveit_core/environment/ament_prefix_path.sh
[120.595s] -- Installing: /home/mu/IVG/ws_moveit/install/moveit_core/share/moveit_core/environment/ament_prefix_path.dsv
[120.595s] -- Up-to-date: /home/mu/IVG/ws_moveit/install/moveit_core/share/moveit_core/environment/path.sh
[120.595s] -- Installing: /home/mu/IVG/ws_moveit/install/moveit_core/share/moveit_core/environment/path.dsv
[120.596s] -- Up-to-date: /home/mu/IVG/ws_moveit/install/moveit_core/share/moveit_core/local_setup.bash
[120.596s] -- Up-to-date: /home/mu/IVG/ws_moveit/install/moveit_core/share/moveit_core/local_setup.sh
[120.596s] -- Up-to-date: /home/mu/IVG/ws_moveit/install/moveit_core/share/moveit_core/local_setup.zsh
[120.596s] -- Installing: /home/mu/IVG/ws_moveit/install/moveit_core/share/moveit_core/local_setup.dsv
[120.596s] -- Installing: /home/mu/IVG/ws_moveit/install/moveit_core/share/moveit_core/package.dsv
[120.596s] -- Up-to-date: /home/mu/IVG/ws_moveit/install/moveit_core/share/ament_index/resource_index/packages/moveit_core
[120.596s] -- Up-to-date: /home/mu/IVG/ws_moveit/install/moveit_core/share/ament_index/resource_index/moveit_core__pluginlib__plugin/moveit_core
[120.596s] -- Up-to-date: /home/mu/IVG/ws_moveit/install/moveit_core/share/moveit_core/cmake/export_moveit_coreExport.cmake
[120.597s] -- Installing: /home/mu/IVG/ws_moveit/install/moveit_core/share/moveit_core/cmake/export_moveit_coreExport-release.cmake
[120.597s] -- Up-to-date: /home/mu/IVG/ws_moveit/install/moveit_core/share/moveit_core/cmake/ConfigExtras.cmake
[120.597s] -- Up-to-date: /home/mu/IVG/ws_moveit/install/moveit_core/share/moveit_core/cmake/ament_cmake_export_targets-extras.cmake
[120.597s] -- Up-to-date: /home/mu/IVG/ws_moveit/install/moveit_core/share/moveit_core/cmake/ament_cmake_export_dependencies-extras.cmake
[120.598s] -- Up-to-date: /home/mu/IVG/ws_moveit/install/moveit_core/share/moveit_core/cmake/moveit_coreConfig.cmake
[120.598s] -- Up-to-date: /home/mu/IVG/ws_moveit/install/moveit_core/share/moveit_core/cmake/moveit_coreConfig-version.cmake
[120.598s] -- Up-to-date: /home/mu/IVG/ws_moveit/install/moveit_core/share/moveit_core/package.xml
[120.598s] -- Up-to-date: /home/mu/IVG/ws_moveit/install/moveit_core/bin/moveit_version
[120.598s] -- Up-to-date: /home/mu/IVG/ws_moveit/install/moveit_core/include
[120.598s] -- Up-to-date: /home/mu/IVG/ws_moveit/install/moveit_core/include/moveit
[120.598s] -- Up-to-date: /home/mu/IVG/ws_moveit/install/moveit_core/include/moveit/macros
[120.598s] -- Up-to-date: /home/mu/IVG/ws_moveit/install/moveit_core/include/moveit/macros/console_colors.h
[120.599s] -- Up-to-date: /home/mu/IVG/ws_moveit/install/moveit_core/include/moveit/macros/declare_ptr.h
[120.599s] -- Up-to-date: /home/mu/IVG/ws_moveit/install/moveit_core/include/moveit/macros/class_forward.h
[120.599s] -- Up-to-date: /home/mu/IVG/ws_moveit/install/moveit_core/include/moveit/macros/deprecation.h
[120.599s] -- Up-to-date: /home/mu/IVG/ws_moveit/install/moveit_core/include
[120.599s] -- Up-to-date: /home/mu/IVG/ws_moveit/install/moveit_core/include/moveit
[120.599s] -- Up-to-date: /home/mu/IVG/ws_moveit/install/moveit_core/include/moveit/backtrace
[120.600s] -- Up-to-date: /home/mu/IVG/ws_moveit/install/moveit_core/include/moveit/backtrace/backtrace.h
[120.600s] -- Up-to-date: /home/mu/IVG/ws_moveit/install/moveit_core/include
[120.600s] -- Up-to-date: /home/mu/IVG/ws_moveit/install/moveit_core/include/moveit
[120.600s] -- Up-to-date: /home/mu/IVG/ws_moveit/install/moveit_core/include/moveit/exceptions
[120.600s] -- Up-to-date: /home/mu/IVG/ws_moveit/install/moveit_core/include/moveit/exceptions/exceptions.h
[120.600s] -- Up-to-date: /home/mu/IVG/ws_moveit/install/moveit_core/include
[120.600s] -- Up-to-date: /home/mu/IVG/ws_moveit/install/moveit_core/include/moveit
[120.600s] -- Up-to-date: /home/mu/IVG/ws_moveit/install/moveit_core/include/moveit/profiler
[120.600s] -- Up-to-date: /home/mu/IVG/ws_moveit/install/moveit_core/include/moveit/profiler/profiler.h
[120.600s] -- Up-to-date: /home/mu/IVG/ws_moveit/install/moveit_core/include
[120.601s] -- Up-to-date: /home/mu/IVG/ws_moveit/install/moveit_core/include/moveit
[120.601s] -- Up-to-date: /home/mu/IVG/ws_moveit/install/moveit_core/include/moveit/utils
[120.601s] -- Up-to-date: /home/mu/IVG/ws_moveit/install/moveit_core/include/moveit/utils/rclcpp_utils.h
[120.601s] -- Up-to-date: /home/mu/IVG/ws_moveit/install/moveit_core/include/moveit/utils/lexical_casts.h
[120.601s] -- Up-to-date: /home/mu/IVG/ws_moveit/install/moveit_core/include/moveit/utils/robot_model_test_utils.h
[120.601s] -- Up-to-date: /home/mu/IVG/ws_moveit/install/moveit_core/include/moveit/utils/message_checks.h
[120.601s] -- Up-to-date: /home/mu/IVG/ws_moveit/install/moveit_core/include
[120.601s] -- Up-to-date: /home/mu/IVG/ws_moveit/install/moveit_core/include/moveit
[120.601s] -- Up-to-date: /home/mu/IVG/ws_moveit/install/moveit_core/include/moveit/background_processing
[120.601s] -- Up-to-date: /home/mu/IVG/ws_moveit/install/moveit_core/include/moveit/background_processing/background_processing.h
[120.601s] -- Up-to-date: /home/mu/IVG/ws_moveit/install/moveit_core/include
[120.601s] -- Up-to-date: /home/mu/IVG/ws_moveit/install/moveit_core/include/moveit
[120.601s] -- Up-to-date: /home/mu/IVG/ws_moveit/install/moveit_core/include/moveit/robot_model
[120.602s] -- Up-to-date: /home/mu/IVG/ws_moveit/install/moveit_core/include/moveit/robot_model/fixed_joint_model.h
[120.602s] -- Up-to-date: /home/mu/IVG/ws_moveit/install/moveit_core/include/moveit/robot_model/joint_model.h
[120.602s] -- Up-to-date: /home/mu/IVG/ws_moveit/install/moveit_core/include/moveit/robot_model/floating_joint_model.h
[120.602s] -- Up-to-date: /home/mu/IVG/ws_moveit/install/moveit_core/include/moveit/robot_model/planar_joint_model.h
[120.602s] -- Up-to-date: /home/mu/IVG/ws_moveit/install/moveit_core/include/moveit/robot_model/link_model.h
[120.602s] -- Up-to-date: /home/mu/IVG/ws_moveit/install/moveit_core/include/moveit/robot_model/aabb.h
[120.602s] -- Up-to-date: /home/mu/IVG/ws_moveit/install/moveit_core/include/moveit/robot_model/robot_model.h
[120.602s] -- Up-to-date: /home/mu/IVG/ws_moveit/install/moveit_core/include/moveit/robot_model/joint_model_group.h
[120.603s] -- Up-to-date: /home/mu/IVG/ws_moveit/install/moveit_core/include/moveit/robot_model/revolute_joint_model.h
[120.603s] -- Up-to-date: /home/mu/IVG/ws_moveit/install/moveit_core/include/moveit/robot_model/prismatic_joint_model.h
[120.603s] -- Up-to-date: /home/mu/IVG/ws_moveit/install/moveit_core/include
[120.603s] -- Up-to-date: /home/mu/IVG/ws_moveit/install/moveit_core/include/moveit
[120.603s] -- Up-to-date: /home/mu/IVG/ws_moveit/install/moveit_core/include/moveit/collision_detection
[120.603s] -- Up-to-date: /home/mu/IVG/ws_moveit/install/moveit_core/include/moveit/collision_detection/allvalid
[120.603s] -- Up-to-date: /home/mu/IVG/ws_moveit/install/moveit_core/include/moveit/collision_detection/allvalid/collision_env_allvalid.h
[120.603s] -- Up-to-date: /home/mu/IVG/ws_moveit/install/moveit_core/include/moveit/collision_detection/allvalid/collision_detector_allocator_allvalid.h
[120.603s] -- Up-to-date: /home/mu/IVG/ws_moveit/install/moveit_core/include/moveit/collision_detection/collision_env.h
[120.603s] -- Up-to-date: /home/mu/IVG/ws_moveit/install/moveit_core/include/moveit/collision_detection/collision_matrix.h
[120.603s] -- Up-to-date: /home/mu/IVG/ws_moveit/install/moveit_core/include/moveit/collision_detection/collision_detector_allocator.h
[120.603s] -- Up-to-date: /home/mu/IVG/ws_moveit/install/moveit_core/include/moveit/collision_detection/collision_octomap_filter.h
[120.603s] -- Up-to-date: /home/mu/IVG/ws_moveit/install/moveit_core/include/moveit/collision_detection/test_collision_common_pr2.h
[120.603s] -- Up-to-date: /home/mu/IVG/ws_moveit/install/moveit_core/include/moveit/collision_detection/world.h
[120.603s] -- Up-to-date: /home/mu/IVG/ws_moveit/install/moveit_core/include/moveit/collision_detection/collision_plugin.h
[120.603s] -- Up-to-date: /home/mu/IVG/ws_moveit/install/moveit_core/include/moveit/collision_detection/collision_tools.h
[120.603s] -- Up-to-date: /home/mu/IVG/ws_moveit/install/moveit_core/include/moveit/collision_detection/test_collision_common_panda.h
[120.604s] -- Up-to-date: /home/mu/IVG/ws_moveit/install/moveit_core/include/moveit/collision_detection/world_diff.h
[120.604s] -- Up-to-date: /home/mu/IVG/ws_moveit/install/moveit_core/include/moveit/collision_detection/collision_common.h
[120.604s] -- Up-to-date: /home/mu/IVG/ws_moveit/install/moveit_core/include/moveit_collision_detection_export.h
[120.604s] -- Up-to-date: /home/mu/IVG/ws_moveit/install/moveit_core/include
[120.604s] -- Up-to-date: /home/mu/IVG/ws_moveit/install/moveit_core/include/moveit
[120.604s] -- Up-to-date: /home/mu/IVG/ws_moveit/install/moveit_core/include/moveit/kinematics_base
[120.604s] -- Up-to-date: /home/mu/IVG/ws_moveit/install/moveit_core/include/moveit/kinematics_base/kinematics_base.h
[120.604s] -- Up-to-date: /home/mu/IVG/ws_moveit/install/moveit_core/include/moveit_kinematics_base_export.h
[120.605s] -- Up-to-date: /home/mu/IVG/ws_moveit/install/moveit_core/include
[120.605s] -- Up-to-date: /home/mu/IVG/ws_moveit/install/moveit_core/include/moveit
[120.605s] -- Up-to-date: /home/mu/IVG/ws_moveit/install/moveit_core/include/moveit/transforms
[120.605s] -- Up-to-date: /home/mu/IVG/ws_moveit/install/moveit_core/include/moveit/transforms/transforms.h
[120.605s] -- Up-to-date: /home/mu/IVG/ws_moveit/install/moveit_core/include
[120.605s] -- Up-to-date: /home/mu/IVG/ws_moveit/install/moveit_core/include/moveit
[120.605s] -- Up-to-date: /home/mu/IVG/ws_moveit/install/moveit_core/include/moveit/robot_state
[120.605s] -- Up-to-date: /home/mu/IVG/ws_moveit/install/moveit_core/include/moveit/robot_state/cartesian_interpolator.h
[120.606s] -- Up-to-date: /home/mu/IVG/ws_moveit/install/moveit_core/include/moveit/robot_state/attached_body.h
[120.606s] -- Up-to-date: /home/mu/IVG/ws_moveit/install/moveit_core/include/moveit/robot_state/conversions.h
[120.606s] -- Up-to-date: /home/mu/IVG/ws_moveit/install/moveit_core/include/moveit/robot_state/robot_state.h
[120.606s] -- Up-to-date: /home/mu/IVG/ws_moveit/install/moveit_core/include
[120.606s] -- Up-to-date: /home/mu/IVG/ws_moveit/install/moveit_core/include/moveit
[120.606s] -- Up-to-date: /home/mu/IVG/ws_moveit/install/moveit_core/include/moveit/collision_detection_fcl
[120.606s] -- Up-to-date: /home/mu/IVG/ws_moveit/install/moveit_core/include/moveit/collision_detection_fcl/collision_detector_fcl_plugin_loader.h
[120.606s] -- Up-to-date: /home/mu/IVG/ws_moveit/install/moveit_core/include/moveit/collision_detection_fcl/collision_env_fcl.h
[120.606s] -- Up-to-date: /home/mu/IVG/ws_moveit/install/moveit_core/include/moveit/collision_detection_fcl/fcl_compat.h
[120.607s] -- Up-to-date: /home/mu/IVG/ws_moveit/install/moveit_core/include/moveit/collision_detection_fcl/collision_detector_allocator_fcl.h
[120.607s] -- Up-to-date: /home/mu/IVG/ws_moveit/install/moveit_core/include/moveit/collision_detection_fcl/collision_common.h
[120.607s] -- Up-to-date: /home/mu/IVG/ws_moveit/install/moveit_core/include/moveit_collision_detection_fcl_export.h
[120.607s] -- Up-to-date: /home/mu/IVG/ws_moveit/install/moveit_core/include
[120.607s] -- Up-to-date: /home/mu/IVG/ws_moveit/install/moveit_core/include/moveit
[120.608s] -- Up-to-date: /home/mu/IVG/ws_moveit/install/moveit_core/include/moveit/robot_trajectory
[120.608s] -- Up-to-date: /home/mu/IVG/ws_moveit/install/moveit_core/include/moveit/robot_trajectory/robot_trajectory.h
[120.608s] -- Up-to-date: /home/mu/IVG/ws_moveit/install/moveit_core/include
[120.608s] -- Up-to-date: /home/mu/IVG/ws_moveit/install/moveit_core/include/moveit
[120.608s] -- Up-to-date: /home/mu/IVG/ws_moveit/install/moveit_core/include/moveit/kinematic_constraints
[120.608s] -- Up-to-date: /home/mu/IVG/ws_moveit/install/moveit_core/include/moveit/kinematic_constraints/kinematic_constraint.h
[120.608s] -- Up-to-date: /home/mu/IVG/ws_moveit/install/moveit_core/include/moveit/kinematic_constraints/utils.h
[120.608s] -- Up-to-date: /home/mu/IVG/ws_moveit/install/moveit_core/include
[120.608s] -- Up-to-date: /home/mu/IVG/ws_moveit/install/moveit_core/include/moveit
[120.608s] -- Up-to-date: /home/mu/IVG/ws_moveit/install/moveit_core/include/moveit/trajectory_processing
[120.608s] -- Up-to-date: /home/mu/IVG/ws_moveit/install/moveit_core/include/moveit/trajectory_processing/time_optimal_trajectory_generation.h
[120.608s] -- Up-to-date: /home/mu/IVG/ws_moveit/install/moveit_core/include/moveit/trajectory_processing/iterative_time_parameterization.h
[120.609s] -- Up-to-date: /home/mu/IVG/ws_moveit/install/moveit_core/include/moveit/trajectory_processing/iterative_spline_parameterization.h
[120.609s] -- Up-to-date: /home/mu/IVG/ws_moveit/install/moveit_core/include/moveit/trajectory_processing/trajectory_tools.h
[120.609s] -- Up-to-date: /home/mu/IVG/ws_moveit/install/moveit_core/include
[120.609s] -- Up-to-date: /home/mu/IVG/ws_moveit/install/moveit_core/include/moveit
[120.609s] -- Up-to-date: /home/mu/IVG/ws_moveit/install/moveit_core/include/moveit/planning_scene
[120.609s] -- Up-to-date: /home/mu/IVG/ws_moveit/install/moveit_core/include/moveit/planning_scene/planning_scene.h
[120.609s] -- Up-to-date: /home/mu/IVG/ws_moveit/install/moveit_core/include/moveit_planning_scene_export.h
[120.609s] -- Up-to-date: /home/mu/IVG/ws_moveit/install/moveit_core/include
[120.609s] -- Up-to-date: /home/mu/IVG/ws_moveit/install/moveit_core/include/moveit
[120.609s] -- Up-to-date: /home/mu/IVG/ws_moveit/install/moveit_core/include/moveit/controller_manager
[120.609s] -- Up-to-date: /home/mu/IVG/ws_moveit/install/moveit_core/include/moveit/controller_manager/controller_manager.h
[120.609s] -- Up-to-date: /home/mu/IVG/ws_moveit/install/moveit_core/include
[120.609s] -- Up-to-date: /home/mu/IVG/ws_moveit/install/moveit_core/include/moveit
[120.609s] -- Up-to-date: /home/mu/IVG/ws_moveit/install/moveit_core/include/moveit/sensor_manager
[120.609s] -- Up-to-date: /home/mu/IVG/ws_moveit/install/moveit_core/include/moveit/sensor_manager/sensor_manager.h
[120.609s] -- Up-to-date: /home/mu/IVG/ws_moveit/install/moveit_core/include
[120.609s] -- Up-to-date: /home/mu/IVG/ws_moveit/install/moveit_core/include/moveit
[120.609s] -- Up-to-date: /home/mu/IVG/ws_moveit/install/moveit_core/include/moveit/constraint_samplers
[120.609s] -- Up-to-date: /home/mu/IVG/ws_moveit/install/moveit_core/include/moveit/constraint_samplers/constraint_sampler_tools.h
[120.609s] -- Up-to-date: /home/mu/IVG/ws_moveit/install/moveit_core/include/moveit/constraint_samplers/default_constraint_samplers.h
[120.609s] -- Up-to-date: /home/mu/IVG/ws_moveit/install/moveit_core/include/moveit/constraint_samplers/union_constraint_sampler.h
[120.609s] -- Up-to-date: /home/mu/IVG/ws_moveit/install/moveit_core/include/moveit/constraint_samplers/constraint_sampler_allocator.h
[120.609s] -- Up-to-date: /home/mu/IVG/ws_moveit/install/moveit_core/include/moveit/constraint_samplers/constraint_sampler.h
[120.610s] -- Up-to-date: /home/mu/IVG/ws_moveit/install/moveit_core/include/moveit/constraint_samplers/constraint_sampler_manager.h
[120.610s] -- Up-to-date: /home/mu/IVG/ws_moveit/install/moveit_core/include
[120.610s] -- Up-to-date: /home/mu/IVG/ws_moveit/install/moveit_core/include/moveit
[120.610s] -- Up-to-date: /home/mu/IVG/ws_moveit/install/moveit_core/include/moveit/planning_interface
[120.610s] -- Up-to-date: /home/mu/IVG/ws_moveit/install/moveit_core/include/moveit/planning_interface/planning_request.h
[120.610s] -- Up-to-date: /home/mu/IVG/ws_moveit/install/moveit_core/include/moveit/planning_interface/planning_response.h
[120.610s] -- Up-to-date: /home/mu/IVG/ws_moveit/install/moveit_core/include/moveit/planning_interface/planning_interface.h
[120.610s] -- Up-to-date: /home/mu/IVG/ws_moveit/install/moveit_core/include
[120.610s] -- Up-to-date: /home/mu/IVG/ws_moveit/install/moveit_core/include/moveit
[120.610s] -- Up-to-date: /home/mu/IVG/ws_moveit/install/moveit_core/include/moveit/planning_request_adapter
[120.610s] -- Up-to-date: /home/mu/IVG/ws_moveit/install/moveit_core/include/moveit/planning_request_adapter/planning_request_adapter.h
[120.610s] -- Up-to-date: /home/mu/IVG/ws_moveit/install/moveit_core/include
[120.610s] -- Up-to-date: /home/mu/IVG/ws_moveit/install/moveit_core/include/moveit
[120.610s] -- Up-to-date: /home/mu/IVG/ws_moveit/install/moveit_core/include/moveit/distance_field
[120.610s] -- Up-to-date: /home/mu/IVG/ws_moveit/install/moveit_core/include/moveit/distance_field/voxel_grid.h
[120.610s] -- Up-to-date: /home/mu/IVG/ws_moveit/install/moveit_core/include/moveit/distance_field/find_internal_points.h
[120.610s] -- Up-to-date: /home/mu/IVG/ws_moveit/install/moveit_core/include/moveit/distance_field/distance_field.h
[120.610s] -- Up-to-date: /home/mu/IVG/ws_moveit/install/moveit_core/include/moveit/distance_field/propagation_distance_field.h
[120.610s] -- Up-to-date: /home/mu/IVG/ws_moveit/install/moveit_core/include
[120.610s] -- Up-to-date: /home/mu/IVG/ws_moveit/install/moveit_core/include/moveit
[120.610s] -- Up-to-date: /home/mu/IVG/ws_moveit/install/moveit_core/include/moveit/collision_distance_field
[120.610s] -- Up-to-date: /home/mu/IVG/ws_moveit/install/moveit_core/include/moveit/collision_distance_field/collision_detector_allocator_hybrid.h
[120.610s] -- Up-to-date: /home/mu/IVG/ws_moveit/install/moveit_core/include/moveit/collision_distance_field/collision_env_hybrid.h
[120.610s] -- Up-to-date: /home/mu/IVG/ws_moveit/install/moveit_core/include/moveit/collision_distance_field/collision_common_distance_field.h
[120.610s] -- Up-to-date: /home/mu/IVG/ws_moveit/install/moveit_core/include/moveit/collision_distance_field/collision_detector_allocator_distance_field.h
[120.610s] -- Up-to-date: /home/mu/IVG/ws_moveit/install/moveit_core/include/moveit/collision_distance_field/collision_distance_field_types.h
[120.611s] -- Up-to-date: /home/mu/IVG/ws_moveit/install/moveit_core/include/moveit/collision_distance_field/collision_env_distance_field.h
[120.611s] -- Up-to-date: /home/mu/IVG/ws_moveit/install/moveit_core/include/moveit_collision_distance_field_export.h
[120.611s] -- Up-to-date: /home/mu/IVG/ws_moveit/install/moveit_core/include
[120.611s] -- Up-to-date: /home/mu/IVG/ws_moveit/install/moveit_core/include/moveit
[120.611s] -- Up-to-date: /home/mu/IVG/ws_moveit/install/moveit_core/include/moveit/kinematics_metrics
[120.611s] -- Up-to-date: /home/mu/IVG/ws_moveit/install/moveit_core/include/moveit/kinematics_metrics/kinematics_metrics.h
[120.611s] -- Up-to-date: /home/mu/IVG/ws_moveit/install/moveit_core/include
[120.611s] -- Up-to-date: /home/mu/IVG/ws_moveit/install/moveit_core/include/moveit
[120.611s] -- Up-to-date: /home/mu/IVG/ws_moveit/install/moveit_core/include/moveit/dynamics_solver
[120.611s] -- Up-to-date: /home/mu/IVG/ws_moveit/install/moveit_core/include/moveit/dynamics_solver/dynamics_solver.h
[120.611s] -- Up-to-date: /home/mu/IVG/ws_moveit/install/moveit_core/include
[120.611s] -- Up-to-date: /home/mu/IVG/ws_moveit/install/moveit_core/include/moveit
[120.611s] -- Up-to-date: /home/mu/IVG/ws_moveit/install/moveit_core/include/moveit/collision_detection_bullet
[120.611s] -- Up-to-date: /home/mu/IVG/ws_moveit/install/moveit_core/include/moveit/collision_detection_bullet/collision_env_bullet.h
[120.611s] -- Up-to-date: /home/mu/IVG/ws_moveit/install/moveit_core/include/moveit/collision_detection_bullet/bullet_integration
[120.611s] -- Up-to-date: /home/mu/IVG/ws_moveit/install/moveit_core/include/moveit/collision_detection_bullet/bullet_integration/basic_types.h
[120.611s] -- Up-to-date: /home/mu/IVG/ws_moveit/install/moveit_core/include/moveit/collision_detection_bullet/bullet_integration/contact_checker_common.h
[120.611s] -- Up-to-date: /home/mu/IVG/ws_moveit/install/moveit_core/include/moveit/collision_detection_bullet/bullet_integration/bullet_utils.h
[120.612s] -- Up-to-date: /home/mu/IVG/ws_moveit/install/moveit_core/include/moveit/collision_detection_bullet/bullet_integration/bullet_cast_bvh_manager.h
[120.612s] -- Up-to-date: /home/mu/IVG/ws_moveit/install/moveit_core/include/moveit/collision_detection_bullet/bullet_integration/bullet_bvh_manager.h
[120.612s] -- Up-to-date: /home/mu/IVG/ws_moveit/install/moveit_core/include/moveit/collision_detection_bullet/bullet_integration/bullet_discrete_bvh_manager.h
[120.612s] -- Up-to-date: /home/mu/IVG/ws_moveit/install/moveit_core/include/moveit/collision_detection_bullet/bullet_integration/ros_bullet_utils.h
[120.612s] -- Up-to-date: /home/mu/IVG/ws_moveit/install/moveit_core/include/moveit/collision_detection_bullet/collision_detector_allocator_bullet.h
[120.612s] -- Up-to-date: /home/mu/IVG/ws_moveit/install/moveit_core/include/moveit/collision_detection_bullet/collision_detector_bullet_plugin_loader.h
[120.612s] -- Up-to-date: /home/mu/IVG/ws_moveit/install/moveit_core/include/moveit_collision_detection_bullet_export.h
[120.612s] -- Up-to-date: /home/mu/IVG/ws_moveit/install/moveit_core/lib/libmoveit_collision_detection_bullet.so.2.2.3
[120.612s] -- Up-to-date: /home/mu/IVG/ws_moveit/install/moveit_core/lib/libmoveit_collision_detection_bullet.so
[120.612s] -- Installing: /home/mu/IVG/ws_moveit/install/moveit_core/lib/libcollision_detector_bullet_plugin.so.2.2.3
[120.612s] -- Set runtime path of "/home/mu/IVG/ws_moveit/install/moveit_core/lib/libcollision_detector_bullet_plugin.so.2.2.3" to ""
[120.612s] -- Up-to-date: /home/mu/IVG/ws_moveit/install/moveit_core/lib/libcollision_detector_bullet_plugin.so
[120.612s] -- Up-to-date: /home/mu/IVG/ws_moveit/install/moveit_core/share/moveit_core/environment/library_path.sh
[120.612s] -- Up-to-date: /home/mu/IVG/ws_moveit/install/moveit_core/share/moveit_core/environment/library_path.dsv
[120.612s] Invoked command in '/home/mu/IVG/ws_moveit/build/moveit_core' returned '0': CMAKE_PREFIX_PATH=/home/mu/IVG/ws_moveit/install/moveit_common:/home/mu/IVG/ws_moveit/install/moveit2_tutorials:/home/mu/IVG/ws_moveit/install/moveit_visual_tools:/home/mu/IVG/ws_moveit/install/rviz_visual_tools:/home/mu/IVG/ws_moveit/install/run_ompl_constrained_planning:/home/mu/IVG/ws_moveit/install/run_moveit_cpp:/home/mu/IVG/ws_moveit/install/run_move_group:/home/mu/IVG/ws_moveit/install/moveit_runtime:/home/mu/IVG/ws_moveit/install/moveit:/home/mu/IVG/ws_moveit/install/moveit_plugins:/home/mu/IVG/ws_moveit/install/moveit_simple_controller_manager:/home/mu/IVG/ws_moveit/install/moveit_servo:/home/mu/IVG/ws_moveit/install/moveit_ros:/home/mu/IVG/ws_moveit/install/moveit_ros_visualization:/home/mu/IVG/ws_moveit/install/moveit_ros_planning_interface:/home/mu/IVG/ws_moveit/install/moveit_ros_benchmarks:/home/mu/IVG/ws_moveit/install/moveit_ros_warehouse:/home/mu/IVG/ws_moveit/install/moveit_ros_robot_interaction:/home/mu/IVG/ws_moveit/install/moveit_ros_perception:/home/mu/IVG/ws_moveit/install/moveit_ros_move_group:/home/mu/IVG/ws_moveit/install/moveit_planners:/home/mu/IVG/ws_moveit/install/moveit_planners_ompl:/home/mu/IVG/ws_moveit/install/moveit_ros_planning:/home/mu/IVG/ws_moveit/install/moveit_ros_occupancy_map_monitor:/home/mu/IVG/ws_moveit/install/moveit_planners_chomp:/home/mu/IVG/ws_moveit/install/moveit_kinematics:/home/mu/IVG/ws_moveit/install/moveit_chomp_optimizer_adapter:/home/mu/IVG/ws_moveit/install/chomp_motion_planner:/home/mu/IVG/ws_moveit/install/moveit_core:/opt/ros/foxy /usr/bin/cmake --install /home/mu/IVG/ws_moveit/build/moveit_core
